epoch,loss,val_loss
0,0.6770457824707031,0.43125434350967407
1,0.3591508179664612,0.3115375514030457
2,0.24110609998703003,0.2104924840927124
3,0.20859682292938234,0.2675642137527466
4,0.1954936939239502,0.16815494108200074
5,0.1847875494003296,0.15769842767715453
6,0.17945512561798097,0.19146936416625976
7,0.17144809503555297,0.21046501016616823
8,0.17085655899047852,0.1457356390953064
9,0.16561003732681273,0.21117086219787598
10,0.16275541858673095,0.1458982524871826
11,0.16227537937164307,0.14077173852920533
12,0.15937070512771606,0.1611098036766052
13,0.15900528459548952,0.1664782361984253
14,0.15894289875030518,0.13998029661178588
15,0.15367370414733886,0.15073281192779542
16,0.15566048669815064,0.1370148320198059
17,0.15398281230926514,0.1374030246734619
18,0.15227185668945312,0.1377458529472351
19,0.15095007066726684,0.13432165098190307
20,0.1516620951652527,0.15099426174163819
21,0.15056049146652223,0.1334540228843689
22,0.14593432178497315,0.13775430345535278
23,0.14909302711486816,0.1415401210784912
24,0.1439957636833191,0.13095042514801025
25,0.14534108419418335,0.1301464729309082
26,0.14671108808517455,0.21321908044815063
27,0.1454391044616699,0.13610238790512086
28,0.14554287328720092,0.16837105989456178
29,0.1450954614639282,0.1734219512939453
30,0.1427303747177124,0.13512802267074586
31,0.14300212955474853,0.12823201084136962
32,0.14278338031768797,0.13929953050613403
33,0.14202469024658204,0.19790710639953613
34,0.1419598719596863,0.14122594070434571
35,0.14083866214752197,0.2047152109146118
36,0.1425269820213318,0.12740427589416503
37,0.14180520877838135,0.13715235233306886
38,0.1404421694755554,0.1513435983657837
39,0.1398715708732605,0.18791676902770996
40,0.14057743377685547,0.18932890033721925
41,0.1383043791770935,0.17078956127166747
42,0.137010231590271,0.1277768621444702
43,0.1400885051727295,0.12930242347717286
44,0.13730880212783814,0.14096372747421265
45,0.13592599563598634,0.12618769693374635
46,0.13725808601379394,0.20445174598693847
47,0.1391970464706421,0.14375944662094117
48,0.136612357711792,0.1444880781173706
49,0.1377689817428589,0.12605014324188232
50,0.1379124810218811,0.12604450035095216
51,0.134227983379364,0.12444089508056641
52,0.13663860340118408,0.13545525217056276
53,0.13577956562042237,0.16318020629882812
54,0.1345751314163208,0.12552278900146485
55,0.13688569507598877,0.12499756479263306
56,0.13383753538131715,0.1377586636543274
57,0.13688558521270752,0.1272716760635376
58,0.13423839750289918,0.14794638729095458
59,0.13489086589813232,0.12494054794311524
60,0.13616601724624633,0.13457896041870118
61,0.13303074083328248,0.13423490428924562
62,0.1339001127243042,0.12405712032318116
63,0.13326435165405273,0.1252240562438965
64,0.1343114775657654,0.12417166090011597
65,0.1338533169746399,0.13973146629333497
66,0.13410377111434937,0.16272258806228637
67,0.13404899587631225,0.12353776502609252
68,0.13282024936676026,0.13793344211578368
69,0.1335594606399536,0.1285068006515503
70,0.13316462001800536,0.13470268392562867
71,0.13355242719650268,0.12554195070266724
72,0.13276344575881957,0.17384373044967652
73,0.1339046145439148,0.1242813515663147
74,0.13157098236083983,0.12270177698135376
75,0.13435514755249023,0.12539423274993897
76,0.131656706905365,0.15741318941116333
77,0.13204919290542602,0.13475944662094116
78,0.1319180636405945,0.12232187604904175
79,0.13162618942260743,0.12847349548339843
80,0.13337763814926148,0.12226317024230957
81,0.13220640382766724,0.12384399890899658
82,0.13093561038970947,0.15643831253051757
83,0.13074560003280639,0.1228148045539856
84,0.13102168617248536,0.12225269317626954
85,0.1314135251045227,0.12699822568893432
86,0.1313519136428833,0.12524362087249755
87,0.13093090686798095,0.15051773262023926
88,0.1302040120124817,0.13382531690597535
89,0.12901352214813233,0.1244124984741211
90,0.13070548877716065,0.12242869472503662
91,0.13109755449295044,0.13254773235321046
92,0.13328558406829835,0.14086314821243287
93,0.13085513906478882,0.13533960723876953
94,0.1290009880065918,0.12142739057540894
95,0.1301005365371704,0.12991472578048707
96,0.13027706251144408,0.12202539825439453
97,0.13127185173034667,0.1262159013748169
98,0.12989219436645508,0.1543830018043518
99,0.13156103715896605,0.12582649564743043
100,0.1297784227371216,0.15168482160568236
101,0.1302534358024597,0.1246584324836731
102,0.13003411741256715,0.12262109279632569
103,0.1287534966468811,0.12303863430023193
104,0.13152495441436768,0.16690299797058106
105,0.1299605107307434,0.1708103280067444
106,0.13054146661758423,0.12175913858413696
107,0.12861247730255126,0.12036999130249024
108,0.12986578407287597,0.12588070106506347
109,0.12897324857711792,0.12510383510589598
110,0.12863901205062866,0.14338716316223143
111,0.12991568746566773,0.12210699892044068
112,0.13007387247085572,0.12200757074356079
113,0.12838043241500854,0.1382693781852722
114,0.1294606393814087,0.12502401447296144
115,0.12843594226837157,0.12791023683547972
116,0.1288160285949707,0.12290867137908935
117,0.12860371952056884,0.12179193162918091
118,0.12894302101135255,0.12251740980148315
119,0.12876038732528686,0.12123070383071899
120,0.12902995929718017,0.12224391698837281
121,0.12773469915390015,0.12099829959869385
122,0.12895899391174317,0.13814016485214234
123,0.12949147062301636,0.1375035238265991
124,0.1290058051109314,0.1216706223487854
125,0.12873117294311523,0.11994308948516846
126,0.12804151973724365,0.1361350564956665
127,0.12839217596054078,0.12043470191955566
128,0.1289893243789673,0.1496359691619873
129,0.12843712434768675,0.1521779327392578
130,0.12796142692565918,0.12019774627685546
131,0.12668677129745484,0.1237852783203125
132,0.128469979763031,0.12218243885040284
133,0.12781313076019288,0.1273393774032593
134,0.12574506015777587,0.1251176199913025
135,0.12730633153915405,0.12667367839813232
136,0.12944436721801758,0.12161924266815186
137,0.12622185707092284,0.12462728452682495
138,0.12769426412582396,0.13018530368804931
139,0.12843048849105834,0.12047122430801392
140,0.12821666402816773,0.12724542331695557
141,0.12758647804260254,0.12014327526092529
142,0.12767932138442994,0.1254221558570862
143,0.12773924360275268,0.12171140098571777
144,0.12626200313568114,0.12921259212493896
145,0.1277399076461792,0.1240254807472229
