epoch,loss,val_loss
0,0.556896335887909,0.37896262788772583
1,0.2946185044288635,0.2674863133430481
2,0.21911941690444947,0.20543073844909668
3,0.1938008681297302,0.1970663447380066
4,0.1790615026473999,0.17138701915740967
5,0.16334463844299316,0.13003415966033935
6,0.15792321224212647,0.13132562494277955
7,0.15391661462783812,0.13884393692016603
8,0.14134882612228394,0.20461439085006713
9,0.1395639274597168,0.11782554101943969
10,0.13519153175354004,0.12433203172683716
11,0.12641589756011962,0.12280996990203857
12,0.12383058834075927,0.1359769310951233
13,0.12362011451721192,0.11857246208190918
14,0.11862947177886964,0.12245284032821656
15,0.1166167932510376,0.1254034948348999
16,0.11351296262741088,0.10830783224105835
17,0.11555620517730712,0.09658370018005372
18,0.11113063631057739,0.09638611602783204
19,0.11201104688644409,0.1389847297668457
20,0.10852088403701782,0.10008434629440308
21,0.1073554627418518,0.09361580848693847
22,0.1068323519706726,0.11495466947555542
23,0.10417265787124634,0.09617286920547485
24,0.10345462045669555,0.1799380431175232
25,0.10512541255950927,0.09130430030822755
26,0.09945909423828125,0.1483113613128662
27,0.1046146432876587,0.09386765098571777
28,0.09891026115417481,0.11364546203613281
29,0.10045825099945069,0.09035969018936157
30,0.09547925748825073,0.09806196165084839
31,0.09802364568710327,0.08649523639678955
32,0.09754203338623046,0.08294471359252929
33,0.09484716072082519,0.08779288673400878
34,0.09654092540740966,0.08929862689971924
35,0.09267418556213379,0.08776343107223511
36,0.0943699520111084,0.12544266128540038
37,0.09541866798400879,0.08269695711135865
38,0.08995711002349853,0.08100879716873169
39,0.09236786441802979,0.08154090118408203
40,0.09189918489456177,0.08439440774917603
41,0.089402157497406,0.08644385528564454
42,0.09015247850418091,0.08507324123382569
43,0.089797456741333,0.10120348691940308
44,0.0913397871017456,0.11142782545089722
45,0.09037117185592651,0.0792717752456665
46,0.0877171856880188,0.11140004634857177
47,0.09116367464065551,0.09268424749374389
48,0.08533498659133912,0.07893679475784302
49,0.08802369327545166,0.07794233417510986
50,0.08548730611801147,0.07793392944335938
51,0.08623510065078735,0.08166897916793824
52,0.08696936435699464,0.1337761526107788
53,0.08667076349258424,0.08185975027084351
54,0.086434091091156,0.0839517526626587
55,0.08711009168624878,0.08678120803833007
56,0.08332367782592773,0.3176902251243591
57,0.08858413171768188,0.07842923879623413
58,0.0846607484817505,0.0816281361579895
59,0.08254689531326294,0.07696550989151
60,0.08374735336303711,0.07665053987503052
61,0.08110680952072144,0.07892527198791503
62,0.08061829786300659,0.19936331272125243
63,0.08544259910583496,0.07907298517227172
64,0.0808078254699707,0.12119110870361328
65,0.08241221570968628,0.11207036972045899
66,0.08086819410324096,0.12918461894989014
67,0.08219701013565063,0.08332723951339721
68,0.07731414403915406,0.08045478105545044
69,0.0823537591934204,0.08039661741256714
70,0.08106092405319214,0.08891750955581665
71,0.08016706600189209,0.184625563621521
72,0.08052312326431274,0.09541924095153809
73,0.08134006271362304,0.07774521160125733
74,0.07985257062911988,0.08017790603637695
75,0.07759720125198365,0.07981829977035522
76,0.07894239683151245,0.07475696849822998
77,0.07879627628326416,0.07434576416015624
78,0.07942488985061645,0.07479984760284424
79,0.07874525423049927,0.09465238904953002
80,0.07755635232925415,0.07400434827804565
81,0.07680865516662598,0.07310081195831299
82,0.07787284536361694,0.08006715822219848
83,0.07722467784881591,0.0736722354888916
84,0.07626503963470459,0.07281573247909547
85,0.0768154842376709,0.07443161535263061
86,0.07607252702713013,0.0898953742980957
87,0.07789738121032715,0.11249835968017578
88,0.07588004426956177,0.08498037195205689
89,0.0745407262802124,0.07703841543197631
90,0.07671170911788941,0.07234447383880616
91,0.07545933103561402,0.07481881141662598
92,0.07578242177963257,0.0814714994430542
93,0.07496548290252686,0.07618102312088013
94,0.07575038194656372,0.07787639141082764
95,0.07355813369750977,0.07538691377639771
96,0.07602018966674805,0.12391678810119629
97,0.0760207064628601,0.07222161626815796
98,0.07376546497344971,0.07213421058654786
99,0.07399548711776734,0.07606472444534301
100,0.07459467630386353,0.07906050634384156
101,0.07385184955596924,0.10330608463287354
102,0.07403717994689941,0.08365355539321899
103,0.07436553325653077,0.10665242147445679
104,0.07429024076461792,0.07412919521331787
105,0.07314894523620606,0.07748035955429076
106,0.07260569467544556,0.07603495979309081
107,0.073274751663208,0.08140411186218262
108,0.06989803085327148,0.0985970458984375
109,0.07493673105239868,0.08209938526153565
110,0.07257768020629883,0.07518324661254883
111,0.07561813793182373,0.07134604167938233
112,0.07080334959030152,0.08137327289581299
113,0.07150928382873535,0.07126893281936646
114,0.07175480394363404,0.07680723571777344
115,0.07010890302658081,0.12301351118087768
116,0.07297054347991944,0.07246860122680664
117,0.0733748025894165,0.07840520524978638
118,0.07021491289138794,0.07126848220825195
119,0.07227696743011475,0.12951205587387085
120,0.07446807117462158,0.07439337158203126
121,0.06961305408477783,0.07596434831619263
122,0.06942863912582398,0.07418933010101318
123,0.06931429843902588,0.08680042123794555
124,0.07071732892990112,0.08653528022766113
125,0.06989536123275757,0.07253249740600586
126,0.07093904647827148,0.0753801760673523
127,0.07405168180465699,0.07251184511184693
128,0.07090293636322022,0.07304274559020996
129,0.0696350525856018,0.07554282999038696
130,0.06860728282928467,0.07202835130691529
131,0.06873858718872071,0.07199869680404664
132,0.07069399833679199,0.0821851372718811
133,0.07161997146606446,0.07821874237060547
134,0.07127544031143189,0.07073805427551269
135,0.06869195671081543,0.08410023021697997
136,0.06967373132705688,0.10818139696121216
137,0.07057185173034668,0.13763897705078126
138,0.06935444707870483,0.07104943799972534
139,0.0693899250984192,0.07280185794830323
140,0.06934173345565796,0.07859759807586669
141,0.06725644283294678,0.11656660079956055
142,0.06979928493499755,0.07515354061126708
143,0.06862765283584595,0.08315492963790894
144,0.0676844045639038,0.14257419490814208
145,0.0692235686302185,0.08362043237686158
146,0.0692358962059021,0.09721048021316528
147,0.0662966794013977,0.07238729619979858
148,0.06726755056381226,0.07176226329803467
149,0.06638354454040528,0.09612881040573121
150,0.06926736755371093,0.08270144748687744
151,0.06577996549606323,0.07286215114593506
152,0.0692514594078064,0.07323674869537354
153,0.06581281051635743,0.0758424015045166
154,0.06769522113800049,0.07184882211685181
