epoch,loss,val_loss
0,0.7114677508354187,0.769096661567688
1,0.4591416187286377,0.4070683250427246
2,0.33649677333831784,0.31793742418289184
3,0.31116304187774657,0.3657684726715088
4,0.2919303957939148,0.29829868793487546
5,0.2915403082847595,0.26882138252258303
6,0.2790970859527588,0.26705986738204956
7,0.27204344425201415,0.26696024990081785
8,0.2727908864021301,0.2616065435409546
9,0.26609012594223025,0.2983379182815552
10,0.26701526098251344,0.270523072719574
11,0.26090093059539793,0.2567490372657776
12,0.25882399339675904,0.2791311707496643
13,0.25786155271530153,0.5457413415908814
14,0.2610951138496399,0.3941640763282776
15,0.25626208934783934,0.2639457039833069
16,0.2522460709571838,0.2517912530899048
17,0.2541046223640442,0.3166912770271301
18,0.2530636665344238,0.24760163831710816
19,0.2517689457893372,0.25338737916946413
20,0.24961335306167604,0.2577631812095642
21,0.24870080633163452,0.2479520983695984
22,0.24831529960632323,0.2493800582885742
23,0.24726730813980102,0.25663425731658934
24,0.2438116993904114,0.26807064533233643
25,0.24584563426971437,0.31452390575408934
26,0.2480660044670105,0.2450493311882019
27,0.24878064994812013,0.2924623312950134
28,0.24320748834609984,0.24137506103515624
29,0.24615640840530395,0.32865332651138307
30,0.24644199323654176,0.24202835178375245
31,0.24183536682128906,0.2792637710571289
32,0.2420452262878418,0.27440408563613894
33,0.24418036069869994,0.27054344272613523
34,0.24340619859695434,0.24463595962524415
35,0.24160184631347656,0.24722681140899658
36,0.24004541521072387,0.24502437734603882
37,0.24057614183425904,0.27317664051055907
38,0.24151600179672242,0.2500621371269226
39,0.23983426561355592,0.2405390043258667
40,0.23789544858932496,0.24036660480499267
41,0.23841914024353028,0.28003745222091675
42,0.24100900011062623,0.27939468002319334
43,0.23749851322174073,0.2445866060256958
44,0.2379696078300476,0.24243931007385253
45,0.23678854970932006,0.239523832321167
46,0.237973042678833,0.24707465982437135
47,0.23750007076263427,0.2640354108810425
48,0.23826230554580688,0.23831460666656495
49,0.23533154230117798,0.2403435802459717
50,0.2381810257911682,0.2481914277076721
51,0.23883029975891112,0.23439819526672362
52,0.23516318702697753,0.24518092918395995
53,0.23513068714141847,0.24023084878921508
54,0.2343517644882202,0.3253513340950012
55,0.23651260833740234,0.2418260736465454
56,0.2339020980834961,0.2394931559562683
57,0.235460964012146,0.2394552025794983
58,0.23286751117706297,0.3081536293029785
59,0.23600245628356933,0.2580555763244629
60,0.23622992668151854,0.2810019288063049
61,0.23405977182388304,0.2537629795074463
62,0.23461742963790894,0.23772638368606566
63,0.23188103723526002,0.24044475173950194
64,0.23128696928024292,0.24600088834762573
65,0.23276797790527343,0.24993297433853148
66,0.23259561100006104,0.23163969039916993
67,0.23081422128677367,0.2336349630355835
68,0.23242108297348021,0.23150714540481568
69,0.2317452117919922,0.2638169937133789
70,0.23273886575698852,0.24979119586944581
71,0.23082923364639282,0.236458815574646
72,0.22996607847213746,0.23621255493164062
73,0.22955693016052245,0.23295783758163452
74,0.2297851749420166,0.2755208258628845
75,0.23200237302780152,0.24036802339553834
76,0.22897231092453002,0.24453960275650025
77,0.22730588035583496,0.2614278240203857
78,0.229156715297699,0.23896210718154906
79,0.228368363571167,0.23617588424682617
80,0.22926879987716675,0.250423996925354
81,0.22696236906051637,0.2341918501853943
82,0.22926336345672607,0.2580300993919373
83,0.22609259033203125,0.27221625566482544
84,0.22536110124588013,0.23490701484680176
85,0.2271206000328064,0.23230995225906373
86,0.2278213668823242,0.23254565572738647
87,0.2262862491607666,0.22918938827514648
88,0.22463035612106325,0.2381696834564209
89,0.22646701021194457,0.23418834209442138
90,0.22500739517211915,0.24686837673187256
91,0.22616899547576905,0.23403128528594971
92,0.22446983766555786,0.23431016302108765
93,0.2266896068572998,0.2520400195121765
94,0.2250718050956726,0.2304288306236267
95,0.22437533206939697,0.22875998544692994
96,0.22369919815063477,0.2531097249984741
97,0.22507413969039916,0.25824340724945066
98,0.22446511087417603,0.4502781162261963
99,0.23033643550872804,0.2343518967628479
100,0.22476710472106934,0.22741680002212525
101,0.22290244846343993,0.2442287163734436
102,0.22399807529449464,0.23914889192581176
103,0.22220076141357423,0.2325329999923706
104,0.22225383186340333,0.24658919525146483
105,0.22388183059692382,0.27308380460739134
106,0.22196390285491943,0.2283910183906555
107,0.22242501277923585,0.23172882890701293
108,0.22246055488586425,0.23799258899688722
109,0.22027676753997802,0.22701159429550172
110,0.22180663528442382,0.22925796031951903
111,0.22202044916152955,0.23147275733947753
112,0.2236586721420288,0.22774716472625733
113,0.22026598768234254,0.23947566175460816
114,0.22015552415847778,0.22753194808959962
115,0.2212344780921936,0.24242794704437257
116,0.22146328983306884,0.33958938932418825
117,0.2231806894302368,0.2264609251022339
118,0.21982585010528566,0.2319718084335327
119,0.22083177480697633,0.22678729152679444
120,0.21956377220153808,0.2319097943305969
121,0.21819826316833496,0.22738227367401123
122,0.2192637433052063,0.22935520887374877
123,0.21832001571655274,0.23325632190704346
124,0.21904331254959106,0.22660383415222168
125,0.21805418758392334,0.23796558284759523
126,0.21851542253494263,0.2635241713523865
127,0.2185091947555542,0.23155405378341676
128,0.2161932237625122,0.22652235889434816
129,0.21733391675949096,0.2381162700653076
130,0.21888404874801637,0.3450626029968262
131,0.22112856206893922,0.2500114140510559
132,0.21638332967758178,0.22777793836593627
133,0.21589338846206665,0.2293340973854065
134,0.21554724702835082,0.23656270027160645
135,0.2163747612953186,0.22891372394561768
136,0.21595929279327392,0.22806570625305175
137,0.21749951028823852,0.23290975666046143
