epoch,loss,val_loss
0,0.7921900197982789,0.6585531663894654
1,0.6417066610336304,0.6477379121780396
2,0.614818553161621,0.6471605930328369
3,0.6113113693237304,0.623671594619751
4,0.5994177997589112,0.609283338546753
5,0.5942059309959412,0.6053353328704834
6,0.5948092292785645,0.6036730489730835
7,0.5925057734489441,0.6240482926368713
8,0.5846392093658447,0.6196393666267395
9,0.5864485988616943,0.6070308952331543
10,0.5835007106781006,0.6066529259681702
11,0.586847125339508,0.6574646844863892
12,0.5842956188201904,0.6011794147491455
13,0.5813126913070679,0.6004415664672852
14,0.581075719833374,0.6027070932388305
15,0.5809094789505005,0.6008310861587525
16,0.5793462308883667,0.6039072589874268
17,0.5778569891929627,0.6096267576217651
18,0.5767332201004028,0.6018352785110473
19,0.5781923540115357,0.5940932922363281
20,0.578588657283783,0.5946019296646118
21,0.5768012219429016,0.5982418351173401
22,0.5760624387741089,0.5965885019302368
23,0.5758673265457154,0.6007404484748841
24,0.5739082352638245,0.6554448733329773
25,0.5768053079605102,0.6245467677116394
26,0.5733509889602662,0.6001782884597778
27,0.5741637895584106,0.5949105644226074
28,0.572392578792572,0.5998092460632324
29,0.5751296936035156,0.5913388824462891
30,0.5729973571777344,0.6099857397079468
31,0.5732033273696899,0.5907613382339477
32,0.5719853574752808,0.6168151350021363
33,0.5731649257659912,0.59941215467453
34,0.5698743640899658,0.5929502749443054
35,0.5722390020370484,0.5927636194229126
36,0.5718392805099487,0.5963336110115052
37,0.5709697714805603,0.6119332451820374
38,0.5711873100280762,0.5966948204040528
39,0.5722723206520081,0.5929274120330811
40,0.5711657627105713,0.5942226457595825
41,0.5707872180938721,0.5932743997573853
42,0.5706705141067505,0.5942689361572265
43,0.5707081946372986,0.6115619754791259
44,0.5709012014389038,0.5930088305473328
45,0.5692039455413819,0.5950636606216431
46,0.5687205626487732,0.5908204216957093
47,0.5684803510665893,0.5887975420951843
48,0.5693382109642029,0.5891997079849243
49,0.5692333042144775,0.6233067474365235
50,0.568967681980133,0.5927234897613526
51,0.566763415145874,0.605379768371582
52,0.567942151260376,0.588539526939392
53,0.5690315622329712,0.5925570726394653
54,0.5671122205734253,0.592935604095459
55,0.5683522396087647,0.594705883026123
56,0.5672709369659423,0.5907318186759949
57,0.5669553060531616,0.5914482192993165
58,0.5668450268745422,0.5949399566650391
59,0.5666844699859619,0.5912698516845704
60,0.5666393213272095,0.5904493246078492
61,0.5660550755500794,0.5918955535888671
62,0.5663180610656738,0.5893345799446106
63,0.5658435980796814,0.7619394655227661
64,0.5690990455627442,0.5969352436065674
65,0.5667379316329956,0.5924818334579468
66,0.5647642717361451,0.601973358631134
67,0.565454738330841,0.5948475584983826
68,0.5658340436935425,0.5891221837997437
69,0.564768053150177,0.6036662917137146
70,0.5650364700317383,0.5944609885215759
71,0.5646824695587158,0.6016708097457886
72,0.5659702165603637,0.5917144141197205
