epoch,loss,val_loss
0,0.5756597143173218,0.3954620714187622
1,0.30010976467132566,0.20181391286849976
2,0.21197206630706786,0.1838364953994751
3,0.1767870330810547,0.1417452974319458
4,0.1637922022819519,0.12873492813110352
5,0.14857509574890138,0.1545901837348938
6,0.1443430004119873,0.15431154251098633
7,0.13398366737365722,0.11308850145339966
8,0.12893930368423462,0.10907385683059692
9,0.12689671802520752,0.10811923837661744
10,0.12147037534713745,0.10439335298538208
11,0.11241109142303467,0.13104932975769043
12,0.11388153343200684,0.10766883516311646
13,0.11223438367843627,0.11612045621871948
14,0.11037885427474975,0.1121966404914856
15,0.10674425172805786,0.10034845447540283
16,0.1049416015625,0.09502514839172363
17,0.10466174459457397,0.09640108060836793
18,0.10062688474655151,0.12101451349258423
19,0.10282598009109498,0.0897348370552063
20,0.09916068239212036,0.08951251649856568
21,0.09552087306976319,0.10374576044082641
22,0.09721850824356079,0.08821569538116456
23,0.09590136041641235,0.0850053482055664
24,0.09439480895996094,0.08801789140701294
25,0.09327820634841918,0.15683700370788575
26,0.09490986785888672,0.11547590827941895
27,0.09065267944335938,0.08266531610488892
28,0.09120199584960938,0.08498910570144654
29,0.08891859903335571,0.0913411569595337
30,0.09189191598892212,0.09034911489486694
31,0.08638156347274781,0.12124701404571533
32,0.08907841558456421,0.12924876737594604
33,0.08861788902282715,0.08097679758071899
34,0.08648573217391968,0.0827967643737793
35,0.08447932815551758,0.09554378604888916
36,0.08799423885345459,0.0813383355140686
37,0.08578610324859619,0.09393954038619995
38,0.0868298005104065,0.08052691650390625
39,0.08313550710678101,0.07800794553756714
40,0.08291179285049438,0.08039056873321533
41,0.08390983724594116,0.19294620418548583
42,0.08538671951293945,0.1463530020713806
43,0.08622395143508911,0.08292046785354615
44,0.08032031707763672,0.07823671436309815
45,0.0804552004814148,0.08247068929672241
46,0.08125280466079712,0.0835511884689331
47,0.08210389251708984,0.11376055812835693
48,0.08108439273834228,0.09073556137084961
49,0.08057388887405395,0.08164885663986206
50,0.07967620296478271,0.08430817651748657
51,0.077627419090271,0.08296482515335082
52,0.08131673011779784,0.07697737550735474
53,0.08076719217300415,0.12753437995910644
54,0.07802082414627075,0.07571774291992188
55,0.07834415340423584,0.07379556369781494
56,0.0770848521232605,0.07927013635635376
57,0.07690688514709473,0.08647796392440796
58,0.07736919012069703,0.07478550004959106
59,0.07797346296310424,0.0748922929763794
60,0.07728003215789794,0.11052651166915893
61,0.07788831520080566,0.0788218355178833
62,0.07560322713851929,0.07614139127731323
63,0.07698152551651001,0.07486818933486938
64,0.07443918809890747,0.08840849018096923
65,0.07738072328567505,0.07443904733657837
66,0.07604054727554321,0.07494189500808716
67,0.07610541858673096,0.08952450895309448
68,0.07585613479614257,0.0730067081451416
69,0.07554049777984619,0.08950659561157226
70,0.07649210634231568,0.086100670337677
71,0.07582439470291137,0.07954642009735108
72,0.07488233089447022,0.0744391016960144
73,0.0762474624633789,0.088355459690094
74,0.07385739431381226,0.08535197496414185
75,0.07547714042663574,0.07896045541763305
76,0.07415470294952392,0.08720870733261109
77,0.07344298391342163,0.07552060842514038
78,0.07437695055007934,0.07921503162384033
79,0.07327920131683349,0.07350389051437378
80,0.07447792024612426,0.07744808483123779
81,0.07386098194122315,0.08837203073501587
82,0.07428738613128662,0.0772089319229126
83,0.07206562128067016,0.07267175626754761
84,0.07052563772201538,0.07324045276641845
85,0.07263289060592651,0.07421263408660889
86,0.07326341104507446,0.0726971263885498
87,0.07258349533081054,0.10083131217956542
88,0.07193563537597657,0.07052396535873413
89,0.0736729112625122,0.07606519269943238
90,0.0715185022354126,0.07358266687393189
91,0.07054524955749512,0.07239727830886841
92,0.07118896703720093,0.08599876642227172
93,0.07287721576690674,0.0773509750366211
94,0.07215996961593628,0.08094258308410644
95,0.07185807294845581,0.07240476846694946
96,0.07362891244888306,0.07276004552841187
97,0.07045657844543457,0.07352132225036621
98,0.07067009172439576,0.07899464082717896
99,0.07061521940231323,0.0876158218383789
100,0.07102411003112793,0.09186719846725463
101,0.07137677536010742,0.07780848979949952
102,0.0717873291015625,0.07568896102905273
103,0.07030201635360718,0.08629389715194702
104,0.07051386108398437,0.09018795442581176
105,0.07030268049240113,0.09136013221740723
106,0.07034851036071778,0.07444777917861939
107,0.07111859874725342,0.07719621610641479
108,0.07097091560363769,0.1101628360748291
