epoch,loss,val_loss
0,0.8274058855056763,0.8111385111808777
1,0.7432422572135925,0.731558557510376
2,0.7193959716796875,0.8149433045387268
3,0.7148953729629517,0.7171908750534057
4,0.708003604888916,0.7431923294067383
5,0.7075247194290161,0.7178979892730712
6,0.7029843257904053,0.7084580249786377
7,0.7021004306793213,0.7100071277618408
8,0.7028589553833008,0.725141936302185
9,0.6991658412933349,0.7105242657661438
10,0.697007854938507,0.7085557317733765
11,0.6984532413482666,0.7583030066490173
12,0.6964596307754517,0.7306482057571411
13,0.6978455472946167,0.702826931476593
14,0.6966177742004395,0.7012792816162109
15,0.6947685569763183,0.7094852867126464
16,0.6961053191184997,0.7031543917655945
17,0.6927191090583801,0.7153911361694336
18,0.6949807395935058,0.7464203677177429
19,0.6941826122283935,0.7913385353088379
20,0.6944665868759156,0.7018270330429077
21,0.6927581841468811,0.7004109463691711
22,0.6936579698562622,0.7001672282218933
23,0.6936881652832031,0.7378835020065307
24,0.6948590467453003,0.6991015138626099
25,0.6918532431602478,0.6999162125587464
26,0.6918862788200378,0.71048903465271
27,0.6914803458213806,0.7335420045852661
28,0.6928131580352783,0.6997037901878357
29,0.6911791036605835,0.7020679149627685
30,0.6909732736587525,0.8182442970275879
31,0.6910755945205689,0.7039828338623046
32,0.6897470183372497,0.7090547037124634
33,0.6910082155227661,0.715720624923706
34,0.6891885523796082,0.7011273283958435
35,0.6880960240364075,0.7069192514419556
36,0.6891705729484559,0.7077923011779785
37,0.6883584856033326,0.6971430921554566
38,0.6899863435745239,0.6965134582519531
39,0.6876779634475708,0.6992050251960754
40,0.6892248523712158,0.7288337817192078
41,0.6888278461456299,0.696947813987732
42,0.6888574766159058,0.7029436616897583
43,0.6880750584602356,0.7089508552551269
44,0.6891168292999268,0.7007048029899597
45,0.6870434051513672,0.7084046115875244
46,0.6872395622253418,0.6994176063537597
47,0.6873977661132813,0.704294641494751
48,0.6898794463157654,0.6995042734146119
49,0.687504034614563,0.7029708185195923
50,0.6872303253173828,0.703575345993042
51,0.6874510520935059,0.7012591962814331
52,0.6869408826828003,0.737855881690979
53,0.6872881120681763,0.7230621361732483
54,0.6864993637084961,0.6984685196876526
55,0.686932426071167,0.6966493434906006
56,0.6890649370193481,0.7310251073837281
57,0.6854782949447632,0.7287328672409058
58,0.6863439124107361,0.709896785736084
