epoch,loss,val_loss
0,0.7092847246170044,0.6798941946029663
1,0.3975139226913452,0.35616249370574954
2,0.22200774745941163,0.1537539896965027
3,0.18603638591766358,0.3019829978942871
4,0.166395281791687,0.1805122880935669
5,0.15373052921295166,0.12268317604064942
6,0.144768208694458,0.20311954498291016
7,0.13712355527877806,0.11878521776199341
8,0.13610566682815553,0.1094715871810913
9,0.12524650230407716,0.12176846599578857
10,0.1278194863319397,0.11899571323394775
11,0.11986909275054931,0.10906324863433838
12,0.11647594509124756,0.21767381572723388
13,0.11759494380950927,0.11709686851501465
14,0.11067684459686279,0.10453030109405517
15,0.11150297660827636,0.11019161081314087
16,0.10591504001617431,0.09792975664138794
17,0.10969904308319092,0.10507257223129272
18,0.10835044221878051,0.15747750425338744
19,0.10563552455902099,0.09118799066543579
20,0.10479090557098389,0.08902308893203735
21,0.10377083053588868,0.08963911533355713
22,0.10278773937225341,0.09522120332717895
23,0.10354023399353027,0.10779082059860229
24,0.09893862648010254,0.08767166471481323
25,0.09862727556228637,0.08488663244247437
26,0.09952986612319946,0.08945893096923828
27,0.09660246229171753,0.10544566822052003
28,0.09755412006378174,0.08371862983703614
29,0.09430318994522095,0.12517602968215943
30,0.09837221202850342,0.09161338329315186
31,0.09522048454284668,0.09955131387710571
32,0.09436097040176392,0.08305901527404785
33,0.09037937088012696,0.14769429874420165
34,0.09255232963562011,0.20340071725845338
35,0.09508497514724731,0.09070631837844849
36,0.09128178176879882,0.08368792724609375
37,0.08931185407638549,0.12141177606582641
38,0.091016956615448,0.08006656646728516
39,0.08959285793304443,0.08173553085327148
40,0.0898772120475769,0.08478338766098023
41,0.08668749141693115,0.09159038782119751
42,0.08874174270629882,0.0989454746246338
43,0.0895883632659912,0.07933171987533569
44,0.08539704484939575,0.1695685291290283
45,0.08828535928726196,0.09017398262023926
46,0.08897758674621582,0.10518205404281616
47,0.08729239101409912,0.08066177940368652
48,0.08522919950485229,0.07964361572265626
49,0.08425475006103515,0.09739393186569213
50,0.08658060045242309,0.11972772216796874
51,0.08661522254943847,0.09041609334945679
52,0.08468322610855103,0.1129811201095581
53,0.08693491888046265,0.08938318634033203
54,0.08587245903015137,0.07708301639556885
55,0.08325612497329712,0.07882286739349366
56,0.08171748628616333,0.07814509010314942
57,0.08322356548309326,0.07696085453033447
58,0.08415783853530884,0.08650529766082764
59,0.08174466762542724,0.0869476957321167
60,0.08158618659973145,0.07556366777420044
61,0.0845630006790161,0.07788354635238648
62,0.08214633502960204,0.0756854100227356
63,0.08208534832000733,0.08365864658355712
64,0.08123491649627686,0.10278572988510132
65,0.0810615385055542,0.0749587755203247
66,0.08113998003005982,0.08615037679672241
67,0.07903708467483521,0.09236873388290405
68,0.08249089765548706,0.0798522834777832
69,0.08029059467315673,0.09000265169143677
70,0.08187394800186157,0.13351486444473268
71,0.08137558212280273,0.09785556745529175
72,0.08106660575866699,0.07972215032577515
73,0.07880938920974731,0.08246357917785645
74,0.0794571159362793,0.07538320255279542
75,0.07864509334564208,0.073760413646698
76,0.07871689186096191,0.0927394289970398
77,0.08044108686447143,0.0784625506401062
78,0.07744649934768677,0.0939149432182312
79,0.0790841709136963,0.1492094955444336
80,0.0789212290763855,0.09333926820755005
81,0.07755321788787842,0.07468501615524292
82,0.07915772800445557,0.07392477703094483
83,0.07928357210159302,0.1000349097251892
84,0.07816952705383301,0.07439047288894653
85,0.07641675415039062,0.07804094791412354
86,0.077366432762146,0.08427032852172851
87,0.07593857059478759,0.07284506607055664
88,0.07830674171447755,0.09417510175704956
89,0.07734629487991333,0.0733078784942627
90,0.07513068895339965,0.07417934274673461
91,0.07654122686386108,0.07268555784225464
92,0.0768820101737976,0.0809523367881775
93,0.07810285444259643,0.08041864538192749
94,0.0751841757774353,0.07291397190093994
95,0.0748698260307312,0.0783930311203003
96,0.07696770133972168,0.07527781105041503
97,0.07414328966140747,0.0717986421585083
98,0.07698197507858276,0.08182155847549438
99,0.0768802342414856,0.07408468818664551
100,0.07337438077926636,0.07338919734954834
101,0.0758601574897766,0.08803759384155273
102,0.07443245115280152,0.07581168222427369
103,0.0748226544380188,0.0741527509689331
104,0.07398791055679321,0.10883521318435668
105,0.07515221176147462,0.07698468542098999
106,0.07471123151779174,0.07461463260650635
107,0.07512104940414428,0.0743518943786621
108,0.07371147518157958,0.09337658596038818
109,0.07623565902709961,0.07518354272842408
110,0.07517907915115356,0.10441328811645507
111,0.07406050930023193,0.08159442377090455
112,0.07463150224685669,0.09096811580657958
113,0.07620834760665894,0.08341001319885254
114,0.07282922554016114,0.07243580770492554
115,0.07354235973358154,0.07222703027725219
116,0.07374680805206299,0.07336587810516357
117,0.07480857906341552,0.07236439561843871
