epoch,loss,val_loss
0,0.6072647517204285,0.4789095392227173
1,0.3662613088607788,0.3268772087097168
2,0.3016062565803528,0.2472146978378296
3,0.2723976147651672,0.4122502837181091
4,0.2618142586708069,0.22935183382034302
5,0.2462353684425354,0.24535542869567872
6,0.24458467617034912,0.2162576460838318
7,0.23766662740707398,0.21889851522445677
8,0.23325736303329467,0.2804852147102356
9,0.22884743356704712,0.2322454891204834
10,0.22766747407913207,0.21624210357666016
11,0.22337936992645263,0.20623213338851928
12,0.2205669589996338,0.25456741428375246
13,0.2196273554801941,0.20264638757705689
14,0.21748153848648072,0.24341709756851196
15,0.21749581823348998,0.26019269514083865
16,0.2146201439857483,0.20028447914123534
17,0.21414732713699342,0.23048002004623414
18,0.2125484143257141,0.23691817235946655
19,0.21189619092941284,0.32280310440063475
20,0.2161034454345703,0.20201255321502687
21,0.20784980125427246,0.20248481559753417
22,0.206001473903656,0.2094959216117859
23,0.20796575736999512,0.19670402145385743
24,0.20510442600250245,0.25154950284957883
25,0.20675363006591796,0.2033807315826416
26,0.20547646579742432,0.20496403884887696
27,0.2048804741859436,0.20420317649841307
28,0.20443882884979248,0.19125093269348145
29,0.20394859809875487,0.26713227891922
30,0.2052939066886902,0.20269346714019776
31,0.1996748264312744,0.20107919120788575
32,0.20111239099502565,0.2204380383491516
33,0.2004531834602356,0.2003308982849121
34,0.2002678035736084,0.24095770502090455
35,0.19806130199432373,0.1891535906791687
36,0.19881650619506835,0.18799734354019165
37,0.19724320039749146,0.23334082984924318
38,0.19782366819381714,0.18615938949584962
39,0.1994675844192505,0.18599298429489136
40,0.19836401414871216,0.18698933124542236
41,0.19650053882598878,0.30780676221847536
42,0.20098329305648804,0.2056341347694397
43,0.1948843053817749,0.1874008889198303
44,0.1945134765625,0.18953096151351928
45,0.19484844379425048,0.18999527406692504
46,0.19385574073791503,0.23996156454086304
47,0.19675749015808106,0.1881684832572937
48,0.19208691511154175,0.20039352083206177
49,0.19207964973449707,0.2001948971748352
50,0.19499313201904298,0.20117650985717772
51,0.19217547998428344,0.23753241777420045
52,0.19392356014251708,0.25968968868255615
53,0.19249050455093383,0.242408727645874
54,0.19224143142700195,0.18436767768859863
55,0.19144290828704835,0.18829907512664795
56,0.18944585943222045,0.20875258111953734
57,0.18895939407348633,0.2012652006149292
58,0.1910681180000305,0.18757156896591187
59,0.19068875007629393,0.1907671766281128
60,0.18867476768493652,0.1804867057800293
61,0.18857402858734132,0.20137532186508178
62,0.18921445474624635,0.2279640531539917
63,0.18908005638122558,0.20893310451507568
64,0.18777677221298217,0.1864327402114868
65,0.18936208419799805,0.19334557056427001
66,0.18678254890441895,0.18298770904541015
67,0.18700587615966796,0.20362870264053345
68,0.18648041429519654,0.18344867944717408
69,0.18748089485168457,0.17897735452651978
70,0.185558504486084,0.17999333953857422
71,0.18531371335983277,0.21427053213119507
72,0.18520728569030762,0.18797925758361816
73,0.1844486144065857,0.18007941818237305
74,0.1849302634239197,0.1783782114982605
75,0.18313010568618773,0.3457539796829224
76,0.19119037847518922,0.18604884719848633
77,0.1837678744316101,0.17618425273895263
78,0.1835380290031433,0.19442858409881592
79,0.1839719729423523,0.18251178121566772
80,0.182810147190094,0.1759153757095337
81,0.18304198207855224,0.18779004573822022
82,0.182448974609375,0.1769935827255249
83,0.18146616506576538,0.20549105167388915
84,0.18148504161834716,0.1877323741912842
85,0.18170526075363158,0.17525129413604737
86,0.18128527688980103,0.176996789932251
87,0.1810712755203247,0.17844768857955934
88,0.1810484685897827,0.18509834814071655
89,0.17989036302566527,0.17655256843566894
90,0.18034765386581422,0.1885200219154358
91,0.17908054103851317,0.1794331455230713
92,0.17956221132278444,0.19041066694259642
93,0.17850582637786866,0.18170131826400757
94,0.1797268542289734,0.17613481283187865
95,0.17996609172821046,0.208992910861969
96,0.17904962606430053,0.21125521326065064
97,0.1786731336593628,0.17663898086547852
98,0.17673424348831177,0.17939981698989868
99,0.17774359617233276,0.17431651401519777
100,0.1758757550239563,0.18185291576385498
101,0.1773017436027527,0.17699297380447387
102,0.1786456521987915,0.18137226676940918
103,0.17669483137130737,0.20277617931365965
104,0.17762323303222657,0.1791443862915039
105,0.17596855878829956,0.19043021726608275
106,0.17486595640182495,0.1771575584411621
107,0.1759022889137268,0.1889313817024231
108,0.17568195419311525,0.173624475479126
109,0.17415125036239623,0.19105230855941774
110,0.1749910786628723,0.19515211868286134
111,0.17437590684890747,0.17308524084091187
112,0.1747299873352051,0.1757514181137085
113,0.17475579633712768,0.17135880994796754
114,0.17203523817062377,0.20478310394287108
115,0.17606635942459106,0.1703080801963806
116,0.17175108785629273,0.22559279584884642
117,0.17471059360504151,0.17176471090316772
118,0.17209808387756348,0.17875182008743287
119,0.17119511375427246,0.174210262298584
120,0.17285103626251222,0.23413006258010866
121,0.17295239629745485,0.17226110553741456
122,0.17013176879882813,0.17285697269439698
123,0.17307028341293335,0.17588050031661986
124,0.17247318210601806,0.19336929035186767
125,0.1708204475402832,0.27431914377212524
126,0.17355726976394653,0.1796851568222046
127,0.17179857397079468,0.1868065609931946
128,0.1710245816230774,0.1853915572166443
129,0.17066135540008545,0.17210954809188841
130,0.16892862195968628,0.1855021004676819
131,0.16843003911972046,0.18989087438583374
132,0.169671058177948,0.18253790187835695
133,0.16847678241729735,0.17866983842849732
134,0.17023901233673094,0.21556223630905152
135,0.16999715671539306,0.1784358525276184
