epoch,loss,val_loss
0,0.5595977887153626,0.4538320717811585
1,0.2977150288581848,0.19536719608306885
2,0.21718762826919555,0.1585940890312195
3,0.1941109154701233,0.17436585760116577
4,0.17576289024353028,0.13908315420150758
5,0.1650298641204834,0.13003728151321411
6,0.1580837854385376,0.13086312866210936
7,0.15131662912368773,0.1258256206512451
8,0.1430262231826782,0.2961455965042114
9,0.1444318513870239,0.3674818177223206
10,0.1378632844924927,0.11436234474182129
11,0.134253418636322,0.1352484712600708
12,0.12797325839996337,0.12055648946762085
13,0.1293509171485901,0.23344363355636596
14,0.12598542413711547,0.12200941705703736
15,0.12392717876434327,0.11679525279998779
16,0.12216292095184327,0.11879186964035034
17,0.11619858627319336,0.10727960157394409
18,0.11849447040557862,0.10726531887054444
19,0.11631008777618408,0.1059762749671936
20,0.11205138235092163,0.10813326120376587
21,0.11259634828567505,0.09619461154937745
22,0.11074006853103638,0.09658400869369507
23,0.113180823802948,0.09803597831726074
24,0.10872628011703492,0.16273868465423583
25,0.11161748485565186,0.11836552906036377
26,0.10656236944198609,0.10209766292572021
27,0.105846799659729,0.1776840286254883
28,0.11094934463500977,0.11110935306549072
29,0.1051630880355835,0.0944484248161316
30,0.10314621076583862,0.09808095598220826
31,0.10168660898208619,0.10553867340087891
32,0.10428751373291016,0.11562388849258423
33,0.10220567102432251,0.10162323141098023
34,0.10212425270080566,0.08915450859069825
35,0.10164015007019044,0.113867205619812
36,0.09950617322921752,0.2543970217704773
37,0.10687200965881348,0.09906148338317872
38,0.10060317306518554,0.08895728540420532
39,0.09535548458099365,0.08832579135894775
40,0.100080237865448,0.10530931234359742
41,0.09908964548110961,0.0919869704246521
42,0.09753077344894409,0.09671806287765503
43,0.09818914804458619,0.1479292492866516
44,0.09880443592071533,0.08669102239608764
45,0.09699232444763184,0.09070337104797363
46,0.09669616413116455,0.09453971242904663
47,0.09482014389038086,0.09822625398635865
48,0.09603390607833863,0.10333929395675659
49,0.09612422037124634,0.08439456558227539
50,0.09429244728088379,0.08434113645553588
51,0.09605023155212403,0.09832197904586792
52,0.09468263902664184,0.11316487693786621
53,0.09317788782119751,0.08532285261154175
54,0.09380964479446412,0.08461748266220093
55,0.09179869298934937,0.08614745235443115
56,0.09381720037460327,0.13022013568878174
57,0.09370397682189942,0.08557745409011841
58,0.0923978033065796,0.08994647932052613
59,0.08998013792037964,0.0996016058921814
60,0.09221191968917847,0.09601379013061523
61,0.08903435544967651,0.08317714738845826
62,0.08931448497772217,0.09956482172012329
63,0.09033258724212646,0.12140571928024292
64,0.08985502529144287,0.08646869039535522
65,0.08978921117782593,0.10202375411987305
66,0.08835577821731568,0.08277017736434937
67,0.0886581093788147,0.08569606637954712
68,0.08822605876922607,0.08509835577011109
69,0.08799635496139527,0.2051584348678589
70,0.09293663415908814,0.08663805389404297
71,0.08706338500976563,0.09446600914001464
72,0.08625292301177978,0.1368684401512146
73,0.09038710622787476,0.10591290092468261
74,0.08631460046768188,0.08131127119064331
75,0.08641565656661987,0.08521525192260743
76,0.08656542634963989,0.08865949392318725
77,0.08562080812454223,0.14123640155792236
78,0.08943015880584716,0.08122042036056519
79,0.08435476922988891,0.08384668588638305
80,0.08543462171554565,0.08317157411575317
81,0.0860847110748291,0.08327991724014282
82,0.08522684125900269,0.09775378513336182
83,0.08540173873901367,0.09727076816558838
84,0.0839117304801941,0.08884625339508057
85,0.08528672733306884,0.08243493127822876
86,0.08535157537460328,0.11464543390274048
87,0.08386515226364136,0.09046044492721558
88,0.08309485273361206,0.09341913747787475
89,0.08498614435195923,0.08344933128356934
90,0.08379910678863525,0.07876327133178711
91,0.08253826131820678,0.07945020055770874
92,0.08138382167816162,0.0779172215461731
93,0.08412759494781494,0.08069369506835937
94,0.08282302598953246,0.0795926160812378
95,0.08337060813903809,0.08388852119445801
96,0.08270391321182251,0.0782074761390686
97,0.0821525839805603,0.08563035249710083
98,0.08149403553009033,0.07981570625305176
99,0.08084145612716674,0.08167531681060791
100,0.08311617488861084,0.07864098978042602
101,0.08151327552795411,0.12849666976928711
102,0.08269141607284546,0.07696786260604858
103,0.08170417308807373,0.12439522361755372
104,0.08205374908447266,0.0841121826171875
105,0.08073567686080933,0.07783967638015747
106,0.08015366010665893,0.1498763918876648
107,0.08189572696685792,0.0793607759475708
108,0.07952706327438354,0.09095316648483276
109,0.0795452449798584,0.07710645627975464
110,0.07980538253784179,0.08043991613388062
111,0.08039588222503662,0.08385373592376709
112,0.07845897331237793,0.08098313331604004
113,0.0800972396850586,0.08741749238967896
114,0.07933737163543701,0.07787811231613159
115,0.07903902540206909,0.08221317291259765
116,0.08058151292800904,0.08105188798904418
117,0.07798782444000243,0.07870777463912963
118,0.07801211767196656,0.087608003616333
119,0.07793894252777099,0.08145961952209473
120,0.07890291891098022,0.09368171262741089
121,0.07824953632354736,0.08448974323272705
122,0.07871827716827393,0.07826982069015503
