epoch,loss,val_loss
0,0.6961293439865113,0.5047879700660706
1,0.5291753470420837,0.5323355321884156
2,0.4811790165901184,0.5104263401031495
3,0.4720974106788635,0.4421084899902344
4,0.45937037296295163,0.4426456460952759
5,0.4563589357376099,0.4415083646774292
6,0.4530438871383667,0.4600540337562561
7,0.44895089282989503,0.4478781819343567
8,0.44683153324127195,0.43134751081466677
9,0.4451858985900879,0.4364922471046448
10,0.44568229513168334,0.44449092960357667
11,0.4436122645378113,0.42799088954925535
12,0.4394927182197571,0.45526196813583375
13,0.4407894618988037,0.42549350738525393
14,0.4428981813430786,0.43223163652420044
15,0.4368386625289917,0.427081346988678
16,0.43709306144714355,0.4335236754417419
17,0.4383638563156128,0.4307344708442688
18,0.43514175329208377,0.4253384528160095
19,0.4355486730575562,0.4488611116409302
20,0.43814725522994996,0.4231222915649414
21,0.43523547163009646,0.44684298372268677
22,0.4310551359176636,0.450802547454834
23,0.4348632670402527,0.42425806379318237
24,0.43187488412857056,0.4676467237472534
25,0.4330052779197693,0.4298355989456177
26,0.4337055951118469,0.49786310338974
27,0.43280960998535156,0.4233413143157959
28,0.4320671876907349,0.43037967824935913
29,0.43211314516067506,0.42005138254165647
30,0.42745728797912597,0.4636405048370361
31,0.4330188987731934,0.4323965187072754
32,0.4311432413101196,0.41781672859191893
33,0.4304719133377075,0.41871942186355593
34,0.4286176748275757,0.44521529245376584
35,0.427673828125,0.42376980304718015
36,0.428486335849762,0.7202469968795776
37,0.43254016218185426,0.43660277128219604
38,0.4304469659805298,0.44680330085754394
39,0.42600057697296145,0.44871992492675783
40,0.4251712339401245,0.43476138067245484
41,0.4277346989631653,0.4283466858863831
42,0.4263489495277405,0.4190453724861145
43,0.42476477794647216,0.5037925057411193
44,0.4301296744346619,0.41503708839416503
45,0.42661762256622315,0.41900312423706054
46,0.4252589385986328,0.4144842467308044
47,0.4243162871360779,0.43638578844070436
48,0.4230213998794556,0.41681111192703246
49,0.4236392402648926,0.4151590700149536
50,0.423770407295227,0.416469952583313
51,0.4256635377883911,0.4189519991874695
52,0.4211239949226379,0.4260268778800964
53,0.425473726272583,0.41685818576812744
54,0.4228710487365723,0.4369063596725464
55,0.4220801615715027,0.41522899103164673
56,0.42208365983963014,0.41992906904220584
57,0.42565648279190066,0.42733981990814207
58,0.42145206270217894,0.4129221773147583
59,0.42031069707870483,0.436501220703125
60,0.421632164478302,0.4178861446380615
61,0.421573948097229,0.4283575019836426
62,0.42306605052948,0.45526551961898803
63,0.42182434997558593,0.41176299142837525
64,0.4213146688461304,0.412301905632019
65,0.4209027711868286,0.4284337387084961
66,0.42039521961212156,0.4235095047950745
67,0.4189369987487793,0.42280035209655764
68,0.4207812005996704,0.4205220890045166
69,0.41886126699447634,0.5376226558685303
70,0.4207623958587646,0.4238910632133484
71,0.4203380703926086,0.4171314387321472
72,0.41892579317092893,0.5290021815299988
73,0.4204531811714172,0.4181881947517395
74,0.4177694091796875,0.4214932956695557
75,0.41759143934249876,0.4188352279663086
76,0.41914204607009886,0.4138926591873169
77,0.41901289949417114,0.42487917613983156
78,0.4186633113861084,0.4101781511306763
79,0.41779451293945313,0.4613938012123108
80,0.4189427733421326,0.41275642490386966
81,0.41672422370910644,0.40960833072662356
82,0.414905900478363,0.4152501006126404
83,0.4171123791694641,0.4227715859413147
84,0.41528721342086794,0.4102346014976501
85,0.41846648197174074,0.43851839399337766
86,0.4152131848335266,0.4150903205871582
87,0.41516012144088743,0.41841874647140503
88,0.4149153519630432,0.412179940700531
89,0.41529265880584715,0.4359691433906555
90,0.41593744497299195,0.41295651388168336
91,0.4146398162841797,0.4143270244598389
92,0.41443731098175046,0.4212988939285278
93,0.4148470239639282,0.4113304166793823
94,0.4149860038757324,0.4128521375656128
95,0.4122746021270752,0.4111599450111389
96,0.4123714250564575,0.4218144512176514
97,0.41352557735443113,0.442534930229187
98,0.4148808065414429,0.41528255844116213
99,0.41178034658432006,0.4414504957199097
100,0.4124812280654907,0.46882537603378294
101,0.41213680534362795,0.4286905918121338
