epoch,loss,val_loss
0,0.6222949736595154,0.3743360562324524
1,0.3165539258956909,0.22027642345428466
2,0.20618058280944823,0.45468529796600343
3,0.17262542753219604,0.12964770126342773
4,0.15298057098388673,0.12452486658096314
5,0.14255626516342162,0.11389459848403931
6,0.13293103647232055,0.1335388922691345
7,0.1303182695388794,0.14383460235595702
8,0.12144632530212403,0.12632087802886963
9,0.11908615989685059,0.11178819370269776
10,0.11484813890457153,0.14452732849121094
11,0.11118275003433227,0.09345828628540039
12,0.1092327000617981,0.15515290451049804
13,0.10160463590621949,0.08628949165344238
14,0.10181586380004883,0.08772566986083985
15,0.10242316179275512,0.11926827335357666
16,0.09975742321014404,0.0893955454826355
17,0.09394537715911866,0.08444015979766846
18,0.09302205238342286,0.17244378185272216
19,0.09926683320999145,0.08212343168258666
20,0.09031281766891479,0.08113622283935547
21,0.08984155836105347,0.0822442398071289
22,0.0899650068283081,0.08707075643539429
23,0.0906045181274414,0.09414300680160523
24,0.08896872720718384,0.15170154666900634
25,0.09138849296569825,0.0794647717475891
26,0.08676540231704712,0.10052644538879395
27,0.08431272163391114,0.10727863836288452
28,0.08678177919387818,0.08017180395126343
29,0.0841343879699707,0.1498808012008667
30,0.08490678119659424,0.15806290006637574
31,0.08596615543365478,0.08491835451126098
32,0.08557157430648804,0.09000548648834228
33,0.08393383827209473,0.08260654544830322
34,0.08077958478927612,0.10139053058624267
35,0.08062226305007934,0.07498079442977905
36,0.08008474044799804,0.07778822135925292
37,0.082040625,0.08764997386932373
38,0.08356774740219117,0.09966175556182862
39,0.07965705375671386,0.07475496816635131
40,0.07899106397628784,0.14860040044784545
41,0.07934098777770997,0.0908677625656128
42,0.0795506371498108,0.09543571758270264
43,0.08042061080932617,0.07421855401992798
44,0.07552031660079957,0.07344708156585693
45,0.07915916395187378,0.07417791938781738
46,0.07826247653961181,0.08642918109893799
47,0.07912689275741577,0.08065929412841796
48,0.07685302047729492,0.0724913649559021
49,0.07495355072021484,0.08281911420822144
50,0.07796121969223023,0.07248498821258545
51,0.07639328832626342,0.07867822504043578
52,0.07575492067337036,0.08762788200378419
53,0.07561089601516724,0.08380595922470092
54,0.07580629205703736,0.07222052383422851
55,0.07573831634521484,0.0831783037185669
56,0.07390146541595459,0.07057088613510132
57,0.07392779369354248,0.08194040203094483
58,0.07559072284698487,0.09274907159805298
59,0.0742202130317688,0.08904894638061524
60,0.07368474102020264,0.07407041454315186
61,0.07495454702377319,0.0752983946800232
62,0.07429712677001953,0.07131889057159424
63,0.07507694921493531,0.07299876356124878
64,0.07246093254089356,0.0710692548751831
65,0.07370472593307495,0.0700991997718811
66,0.07430592527389526,0.0959939661026001
67,0.0727897925376892,0.09571179723739624
68,0.07304571084976197,0.06812510681152344
69,0.07333968086242676,0.06903667640686036
70,0.06999563598632813,0.07834277296066285
71,0.0703590334892273,0.07078876924514771
72,0.07422098360061645,0.12427998065948487
73,0.07343877258300781,0.07271939182281494
74,0.07091022291183471,0.07282904434204102
75,0.07236357145309448,0.10667660140991211
76,0.0691499158859253,0.07758046436309815
77,0.071550288772583,0.06818368434906005
78,0.07133942155838013,0.06931126308441161
79,0.07083124961853027,0.07250392818450928
80,0.07116203985214234,0.06944306612014771
81,0.06894570026397705,0.07271256875991822
82,0.07167017230987549,0.07104818677902222
83,0.07014898195266724,0.07158382701873779
84,0.06951398200988769,0.08267523097991944
85,0.07038837251663208,0.08786826181411743
86,0.06981557092666626,0.0782668480873108
87,0.06975616121292114,0.11026395654678345
88,0.06896835384368896,0.06855783033370971
