epoch,loss,val_loss
0,0.7289123479843139,0.5774491853713989
1,0.5815545997619629,0.6097453861236573
2,0.5526131349563599,0.5348204412460327
3,0.5423903112411499,0.5345913457870484
4,0.5351702659606934,0.537189190864563
5,0.5283566354751587,0.5264694595336914
6,0.5246110359191895,0.5251853351593018
7,0.5223128999710083,0.5245182747840882
8,0.5258853132247925,0.5255479278564453
9,0.5187918403625488,0.5217193150520325
10,0.5180074827194214,0.52172047996521
11,0.5158344259262085,0.5661493377685547
12,0.5179626991271973,0.5661376495361328
13,0.5144264801979065,0.5226624073982239
14,0.5140050340652466,0.5235609445571899
15,0.5154150785446167,0.5274322175979614
16,0.5115120615959168,0.5239053297042847
17,0.5151058223724365,0.5413209204673767
18,0.5091673364639282,0.635036259651184
19,0.5138969866752624,0.5206328554153442
20,0.5091729928016663,0.5216780939102172
21,0.509069985294342,0.5202279706001282
22,0.5112293289184571,0.5250261750221252
23,0.5092793884277343,0.5225330018997192
24,0.5070202410697937,0.5172238326072693
25,0.5069630937576294,0.5330445966720581
26,0.5068924709320068,0.5432370405197143
27,0.5071714399337769,0.521328688621521
28,0.5054753813743591,0.5247294721603394
29,0.5056224015235901,0.5240506496429443
30,0.5073449216842651,0.5567883920669555
31,0.504367947769165,0.5097962918281556
32,0.5032137976646424,0.5100716896057129
33,0.5044562348365784,0.5119300580024719
34,0.5024758912086487,0.5576036763191223
35,0.505981759262085,0.5128045620918273
36,0.5034153759002685,0.5490501308441162
37,0.5039333011627197,0.5224607305526734
38,0.5022794775009155,0.5114720234870911
39,0.5045249326705933,0.5364119529724121
40,0.5028638875961303,0.5140773668289185
41,0.5013541790008544,0.5148660907745362
42,0.5027988107681275,0.5154212064743042
43,0.5010577409744262,0.5198679294586181
44,0.5004329669952392,0.5700913400650024
45,0.5005915111541748,0.518133768081665
46,0.5000286367416382,0.5192301020622253
47,0.4998911651611328,0.507827133178711
48,0.5013185127258301,0.5071181058883667
49,0.5004571312904358,0.5066416883468627
50,0.4996385731697083,0.5201076798439026
51,0.49941415071487427,0.5110794429779053
52,0.49759429759979246,0.5109158935546875
53,0.4973077295303345,0.5196733770370483
54,0.4980967007637024,0.5148136582374573
55,0.49868773012161255,0.5286269121170044
56,0.49998135747909545,0.5140874862670899
57,0.49787176179885867,0.5032330484390258
58,0.49742271823883055,0.5812491550445557
59,0.5014055893898011,0.5061280755996704
60,0.4981894669532776,0.5205682191848755
61,0.49574978628158567,0.5028728361129761
62,0.496790083694458,0.6215081987380981
63,0.4972347885131836,0.5145760250091552
64,0.4963398008346558,0.5034332084655762
65,0.4965706252098083,0.5217839164733886
66,0.49475834836959837,0.5084404802322388
67,0.4958621105194092,0.5239118747711181
68,0.49484988861083984,0.5180545492172242
69,0.4958473132133484,0.5262161026000977
70,0.49464497528076173,0.513402096748352
71,0.4933114436149597,0.5318012170791626
72,0.496448321723938,0.502189971446991
73,0.494981626033783,0.5485902700424194
74,0.4969708038330078,0.5048191814422608
75,0.4955389617919922,0.5114176630973816
76,0.4929709587097168,0.5198857355117797
77,0.492815655708313,0.5015130753517151
78,0.4924796348571777,0.5099315962791443
79,0.4934943756103516,0.5117717752456665
80,0.49354645500183103,0.5081210856437683
81,0.4912682173728943,0.5221805758476258
82,0.49459056663513185,0.5164987902641296
83,0.493709965801239,0.5095799160003662
84,0.49322736444473264,0.5130581979751587
85,0.49442531967163084,0.5035407462120056
86,0.4920447710037231,0.5008052558898926
87,0.49288654804229737,0.5016303339004516
88,0.4917477478027344,0.5009023866653443
89,0.49086217193603515,0.5032415351867676
90,0.49185878257751464,0.5007795987129211
91,0.49271785736083984,0.5013323698043823
92,0.4909535297393799,0.5021617326736451
93,0.4921851421356201,0.5125935583114624
94,0.4917355937004089,0.5065465569496155
95,0.49265286235809325,0.5019020652770996
96,0.4915697922706604,0.5065920200347901
97,0.4891596517562866,0.511784218788147
98,0.49026494703292844,0.6290584607124329
99,0.4920831474304199,0.5036587095260621
100,0.4917520257949829,0.510313286781311
101,0.49029587230682375,0.5017165989875794
102,0.48958312673568727,0.5328692765235901
103,0.49058598022460936,0.5001139211654663
104,0.4919720190048218,0.5148903155326843
105,0.4896987623214722,0.5078373699188232
106,0.48952001962661745,0.4983246726989746
107,0.48883900594711305,0.4982296924591064
108,0.4884508592605591,0.507301248550415
109,0.48923593101501467,0.5005414428710937
110,0.48939887008666993,0.5048115763664246
111,0.48777096576690676,0.509447407245636
112,0.48774848833084106,0.5104759225845337
113,0.4888267426490784,0.49891091346740724
114,0.48936226558685303,0.6409449243545532
115,0.4902301803588867,0.5190821628570557
116,0.48776459369659425,0.5030605335235596
117,0.487950266456604,0.5061629486083984
118,0.4881920141220093,0.5031658868789672
119,0.48792598009109495,0.5163789043426513
120,0.4871686489105225,0.5068258533477783
121,0.48775665674209595,0.5092080974578858
122,0.4867226923942566,0.5157245769500732
123,0.4871714603424072,0.5000995998382568
124,0.48683692951202395,0.5008588590621948
125,0.4881491554260254,0.5174124717712403
126,0.4887717866897583,0.5045231018066406
127,0.4887782377243042,0.5003402633666992
