epoch,loss,val_loss
0,0.7244478891372681,0.705331316947937
1,0.46720071582794187,0.40825097846984865
2,0.29391437616348265,0.3758722338676453
3,0.2273312726020813,0.16897354125976563
4,0.20322728090286254,0.16070696878433227
5,0.18829135456085205,0.21889714193344117
6,0.17639808778762817,0.14297610092163085
7,0.1721633689880371,0.1429047803878784
8,0.16428134202957154,0.18906654930114747
9,0.15921421785354614,0.1688033971786499
10,0.15008109102249145,0.15400596523284912
11,0.15115559883117677,0.13745000553131104
12,0.144535763835907,0.15434173011779787
13,0.14794106788635253,0.1266570315361023
14,0.13880598688125612,0.12378778219223023
15,0.1418488723754883,0.12641496896743776
16,0.13876001596450804,0.1343713207244873
17,0.13691002264022828,0.12421227788925171
18,0.1307947587966919,0.11636536169052124
19,0.13232407007217406,0.12151387691497803
20,0.1322098608970642,0.1750736756324768
21,0.12954454698562623,0.13486640119552612
22,0.13137219982147216,0.11558882570266724
23,0.1260735731124878,0.1438337473869324
24,0.12270563659667968,0.1443847131729126
25,0.1269795813560486,0.13492501831054687
26,0.12389627771377563,0.12236859321594239
27,0.12323160200119018,0.10989364957809448
28,0.11928622083663941,0.1104763388633728
29,0.11863283281326294,0.14813789892196655
30,0.12096549625396728,0.1106640830039978
31,0.12208462142944336,0.11956626796722412
32,0.11813865375518799,0.10442763376235963
33,0.11569931049346924,0.11647880458831787
34,0.11535789871215821,0.11768184757232666
35,0.11628160667419433,0.10271023035049438
36,0.11516940793991089,0.10975984525680542
37,0.11430979738235474,0.10413849353790283
38,0.11547833309173584,0.10268111610412597
39,0.1128123984336853,0.15360886907577515
40,0.11348630237579346,0.16151378774642944
41,0.11293129768371582,0.1015034728050232
42,0.11242779607772826,0.09985920143127441
43,0.1106730055809021,0.1344301714897156
44,0.10848362951278687,0.1332327208518982
45,0.11090643301010132,0.10332717609405517
46,0.10878198070526122,0.10529700565338135
47,0.10475591354370117,0.1130829439163208
48,0.10864395570755005,0.10547870826721191
49,0.10651358127593995,0.1657151517868042
50,0.10563766059875489,0.13861839628219605
51,0.10639759864807129,0.1413953585624695
52,0.1081747654914856,0.09481128931045532
53,0.10282067823410034,0.1204346308708191
54,0.10318614273071289,0.10830993509292602
55,0.10735805044174195,0.09686964035034179
56,0.10467925567626953,0.10394639301300049
57,0.10638022108078003,0.0942988486289978
58,0.10277438745498657,0.11228878927230836
59,0.10305182447433471,0.11998477458953857
60,0.10026556634902954,0.10998355770111085
61,0.10235048761367797,0.12229506635665893
62,0.10098753595352172,0.21606938934326173
63,0.1051525728225708,0.09264058208465577
64,0.10377187604904174,0.09553618001937866
65,0.09969244689941406,0.10946164131164551
66,0.10002422304153442,0.12575309848785401
67,0.09629004249572753,0.11943571710586548
68,0.10019940242767333,0.13528438377380372
69,0.10207228956222535,0.09589985132217407
70,0.10084015817642211,0.09676007509231567
71,0.09627976570129394,0.1583152184486389
72,0.09970898170471192,0.10455905389785766
73,0.09721382513046264,0.1635441951751709
74,0.09783757667541504,0.24462879180908204
75,0.10309490776062012,0.10258951663970947
76,0.09628236541748048,0.08826672077178956
77,0.09799930391311645,0.09418583297729492
78,0.0962451096534729,0.0971920075416565
79,0.09531554985046387,0.11367530393600464
80,0.09501116876602173,0.09536990213394166
81,0.09257779617309571,0.10824035120010377
82,0.09469449548721313,0.10683972883224488
83,0.09486290311813354,0.10309921741485596
84,0.09307447595596313,0.1254418420791626
85,0.09314611330032349,0.09415659475326538
86,0.0932159306526184,0.10234668779373168
87,0.09242213354110718,0.12206602907180786
88,0.0946373426437378,0.08674748706817627
89,0.09155366764068604,0.09833777141571044
90,0.0933313401222229,0.09180558395385742
91,0.092090687084198,0.2151749472618103
92,0.09622230138778687,0.08625221347808838
93,0.09035804653167724,0.08880479860305786
94,0.0916104910850525,0.08664147186279297
95,0.0904916377067566,0.09359500360488891
96,0.08900545120239257,0.16875358057022094
97,0.09271320762634278,0.09138488292694091
98,0.08818364419937134,0.13604901933670044
99,0.09026507244110107,0.09347205591201782
100,0.08758864059448242,0.08537815666198731
101,0.08962090673446656,0.14282051134109497
102,0.087695663356781,0.24733459568023683
103,0.09025821018218994,0.09437703132629395
104,0.0899532356262207,0.10131582355499268
105,0.08611406774520874,0.08762709999084473
106,0.08641454019546509,0.09825060749053956
107,0.0876434606552124,0.15697896671295167
108,0.08727465915679931,0.09865689182281494
109,0.0855935851097107,0.08565957307815551
110,0.08559859933853149,0.08313254451751709
111,0.0861471396446228,0.08878594732284546
112,0.08658721361160278,0.1802078127861023
113,0.08640277223587037,0.1854352331161499
114,0.08419165859222412,0.11113165807723999
115,0.08778180351257324,0.08594381666183472
116,0.08484316272735595,0.13958723258972167
117,0.08452930192947387,0.08604507303237915
118,0.08440497770309448,0.14119030570983887
119,0.08627853183746338,0.10120617485046386
120,0.08310938634872436,0.08515133619308472
121,0.08216797981262207,0.08550253486633301
122,0.0826497163772583,0.09017786121368408
123,0.084168620967865,0.0916968207359314
124,0.08261814212799072,0.08904415845870972
125,0.07981218719482422,0.10076246500015258
126,0.08217450952529907,0.10780998849868774
127,0.08294245767593383,0.1262346649169922
128,0.08234025707244873,0.09015332889556885
129,0.08142263450622558,0.09683591604232789
130,0.08034437570571899,0.09638804960250855
