2020-10-11 23:06:56.767477: I tensorflow/stream_executor/platform/default/dso_loader.cc:44] Successfully opened dynamic library libcuda.so.1
2020-10-11 23:06:58.199818: I tensorflow/core/common_runtime/gpu/gpu_device.cc:1555] Found device 0 with properties: 
pciBusID: 0000:03:00.0 name: TITAN X (Pascal) computeCapability: 6.1
coreClock: 1.531GHz coreCount: 28 deviceMemorySize: 11.91GiB deviceMemoryBandwidth: 447.48GiB/s
2020-10-11 23:06:58.200088: I tensorflow/stream_executor/platform/default/dso_loader.cc:44] Successfully opened dynamic library libcudart.so.10.1
2020-10-11 23:06:58.202329: I tensorflow/stream_executor/platform/default/dso_loader.cc:44] Successfully opened dynamic library libcublas.so.10
2020-10-11 23:06:58.203989: I tensorflow/stream_executor/platform/default/dso_loader.cc:44] Successfully opened dynamic library libcufft.so.10
2020-10-11 23:06:58.204257: I tensorflow/stream_executor/platform/default/dso_loader.cc:44] Successfully opened dynamic library libcurand.so.10
2020-10-11 23:06:58.206094: I tensorflow/stream_executor/platform/default/dso_loader.cc:44] Successfully opened dynamic library libcusolver.so.10
2020-10-11 23:06:58.207088: I tensorflow/stream_executor/platform/default/dso_loader.cc:44] Successfully opened dynamic library libcusparse.so.10
2020-10-11 23:06:58.211338: I tensorflow/stream_executor/platform/default/dso_loader.cc:44] Successfully opened dynamic library libcudnn.so.7
2020-10-11 23:06:58.216498: I tensorflow/core/common_runtime/gpu/gpu_device.cc:1697] Adding visible gpu devices: 0
2020-10-11 23:06:58.217617: I tensorflow/core/platform/cpu_feature_guard.cc:142] Your CPU supports instructions that this TensorFlow binary was not compiled to use: SSE4.1 SSE4.2 AVX AVX2 FMA
2020-10-11 23:06:58.229847: I tensorflow/core/platform/profile_utils/cpu_utils.cc:94] CPU Frequency: 2599925000 Hz
2020-10-11 23:06:58.232715: I tensorflow/compiler/xla/service/service.cc:168] XLA service 0x55a2862e1a20 initialized for platform Host (this does not guarantee that XLA will be used). Devices:
2020-10-11 23:06:58.232741: I tensorflow/compiler/xla/service/service.cc:176]   StreamExecutor device (0): Host, Default Version
2020-10-11 23:06:58.233635: I tensorflow/core/common_runtime/gpu/gpu_device.cc:1555] Found device 0 with properties: 
pciBusID: 0000:03:00.0 name: TITAN X (Pascal) computeCapability: 6.1
coreClock: 1.531GHz coreCount: 28 deviceMemorySize: 11.91GiB deviceMemoryBandwidth: 447.48GiB/s
2020-10-11 23:06:58.233676: I tensorflow/stream_executor/platform/default/dso_loader.cc:44] Successfully opened dynamic library libcudart.so.10.1
2020-10-11 23:06:58.233695: I tensorflow/stream_executor/platform/default/dso_loader.cc:44] Successfully opened dynamic library libcublas.so.10
2020-10-11 23:06:58.233712: I tensorflow/stream_executor/platform/default/dso_loader.cc:44] Successfully opened dynamic library libcufft.so.10
2020-10-11 23:06:58.233728: I tensorflow/stream_executor/platform/default/dso_loader.cc:44] Successfully opened dynamic library libcurand.so.10
2020-10-11 23:06:58.233744: I tensorflow/stream_executor/platform/default/dso_loader.cc:44] Successfully opened dynamic library libcusolver.so.10
2020-10-11 23:06:58.233760: I tensorflow/stream_executor/platform/default/dso_loader.cc:44] Successfully opened dynamic library libcusparse.so.10
2020-10-11 23:06:58.233777: I tensorflow/stream_executor/platform/default/dso_loader.cc:44] Successfully opened dynamic library libcudnn.so.7
2020-10-11 23:06:58.235264: I tensorflow/core/common_runtime/gpu/gpu_device.cc:1697] Adding visible gpu devices: 0
2020-10-11 23:06:58.235303: I tensorflow/stream_executor/platform/default/dso_loader.cc:44] Successfully opened dynamic library libcudart.so.10.1
2020-10-11 23:06:58.319906: I tensorflow/core/common_runtime/gpu/gpu_device.cc:1096] Device interconnect StreamExecutor with strength 1 edge matrix:
2020-10-11 23:06:58.319978: I tensorflow/core/common_runtime/gpu/gpu_device.cc:1102]      0 
2020-10-11 23:06:58.319995: I tensorflow/core/common_runtime/gpu/gpu_device.cc:1115] 0:   N 
2020-10-11 23:06:58.325291: I tensorflow/core/common_runtime/gpu/gpu_device.cc:1241] Created TensorFlow device (/job:localhost/replica:0/task:0/device:GPU:0 with 11446 MB memory) -> physical GPU (device: 0, name: TITAN X (Pascal), pci bus id: 0000:03:00.0, compute capability: 6.1)
2020-10-11 23:06:58.329829: I tensorflow/compiler/xla/service/service.cc:168] XLA service 0x55a286975d00 initialized for platform CUDA (this does not guarantee that XLA will be used). Devices:
2020-10-11 23:06:58.329897: I tensorflow/compiler/xla/service/service.cc:176]   StreamExecutor device (0): TITAN X (Pascal), Compute Capability 6.1
2020-10-11 23:07:05.333435: I tensorflow/stream_executor/platform/default/dso_loader.cc:44] Successfully opened dynamic library libcudnn.so.7
2020-10-11 23:07:06.278916: I tensorflow/stream_executor/platform/default/dso_loader.cc:44] Successfully opened dynamic library libcublas.so.10
Using Tensorflow version 2.1.0
oubli 0.6, run 0, patience 20
Train on 10000 samples, validate on 1000 samples
Epoch 1/4000
10000/10000 - 4s - loss: 0.7771 - val_loss: 0.6778
Epoch 2/4000
10000/10000 - 1s - loss: 0.6453 - val_loss: 0.6396
Epoch 3/4000
10000/10000 - 1s - loss: 0.6185 - val_loss: 0.6096
Epoch 4/4000
10000/10000 - 1s - loss: 0.6088 - val_loss: 0.6136
Epoch 5/4000
10000/10000 - 1s - loss: 0.6021 - val_loss: 0.5890
Epoch 6/4000
10000/10000 - 1s - loss: 0.5977 - val_loss: 0.5941
Epoch 7/4000
10000/10000 - 1s - loss: 0.5947 - val_loss: 0.5812
Epoch 8/4000
10000/10000 - 1s - loss: 0.5890 - val_loss: 0.6202
Epoch 9/4000
10000/10000 - 1s - loss: 0.5911 - val_loss: 0.6087
Epoch 10/4000
10000/10000 - 1s - loss: 0.5883 - val_loss: 0.5820
Epoch 11/4000
10000/10000 - 1s - loss: 0.5883 - val_loss: 0.5825
Epoch 12/4000
10000/10000 - 1s - loss: 0.5838 - val_loss: 0.5977
Epoch 13/4000
10000/10000 - 1s - loss: 0.5830 - val_loss: 0.5959
Epoch 14/4000
10000/10000 - 1s - loss: 0.5842 - val_loss: 0.5897
Epoch 15/4000
10000/10000 - 1s - loss: 0.5829 - val_loss: 0.5947
Epoch 16/4000
10000/10000 - 1s - loss: 0.5813 - val_loss: 0.5730
Epoch 17/4000
10000/10000 - 1s - loss: 0.5795 - val_loss: 0.5712
Epoch 18/4000
10000/10000 - 1s - loss: 0.5814 - val_loss: 0.5832
Epoch 19/4000
10000/10000 - 1s - loss: 0.5783 - val_loss: 0.5704
Epoch 20/4000
10000/10000 - 1s - loss: 0.5786 - val_loss: 0.6024
Epoch 21/4000
10000/10000 - 1s - loss: 0.5803 - val_loss: 0.6816
Epoch 22/4000
10000/10000 - 1s - loss: 0.5795 - val_loss: 0.5860
Epoch 23/4000
10000/10000 - 1s - loss: 0.5804 - val_loss: 0.5771
Epoch 24/4000
10000/10000 - 1s - loss: 0.5778 - val_loss: 0.5726
Epoch 25/4000
10000/10000 - 1s - loss: 0.5782 - val_loss: 0.5720
Epoch 26/4000
10000/10000 - 1s - loss: 0.5775 - val_loss: 0.5889
Epoch 27/4000
10000/10000 - 1s - loss: 0.5793 - val_loss: 0.5770
Epoch 28/4000
10000/10000 - 1s - loss: 0.5746 - val_loss: 0.6057
Epoch 29/4000
10000/10000 - 1s - loss: 0.5753 - val_loss: 0.5861
Epoch 30/4000
10000/10000 - 1s - loss: 0.5777 - val_loss: 0.6043
Epoch 31/4000
10000/10000 - 1s - loss: 0.5765 - val_loss: 0.5740
Epoch 32/4000
10000/10000 - 1s - loss: 0.5739 - val_loss: 0.5757
Epoch 33/4000
10000/10000 - 1s - loss: 0.5775 - val_loss: 0.5681
Epoch 34/4000
10000/10000 - 1s - loss: 0.5726 - val_loss: 0.5770
Epoch 35/4000
10000/10000 - 1s - loss: 0.5757 - val_loss: 0.5790
Epoch 36/4000
10000/10000 - 1s - loss: 0.5746 - val_loss: 0.5821
Epoch 37/4000
10000/10000 - 1s - loss: 0.5735 - val_loss: 0.5861
Epoch 38/4000
10000/10000 - 1s - loss: 0.5748 - val_loss: 0.5767
Epoch 39/4000
10000/10000 - 1s - loss: 0.5733 - val_loss: 0.5708
Epoch 40/4000
10000/10000 - 1s - loss: 0.5729 - val_loss: 0.5669
Epoch 41/4000
10000/10000 - 1s - loss: 0.5729 - val_loss: 0.5721
Epoch 42/4000
10000/10000 - 1s - loss: 0.5724 - val_loss: 0.5932
Epoch 43/4000
10000/10000 - 1s - loss: 0.5741 - val_loss: 0.5693
Epoch 44/4000
10000/10000 - 1s - loss: 0.5730 - val_loss: 0.5707
Epoch 45/4000
10000/10000 - 1s - loss: 0.5712 - val_loss: 0.5684
Epoch 46/4000
10000/10000 - 1s - loss: 0.5733 - val_loss: 0.5713
Epoch 47/4000
10000/10000 - 1s - loss: 0.5733 - val_loss: 0.5727
Epoch 48/4000
10000/10000 - 1s - loss: 0.5723 - val_loss: 0.6171
Epoch 49/4000
10000/10000 - 1s - loss: 0.5721 - val_loss: 0.5743
Epoch 50/4000
10000/10000 - 1s - loss: 0.5727 - val_loss: 0.5809
Epoch 51/4000
10000/10000 - 1s - loss: 0.5712 - val_loss: 0.5722
Epoch 52/4000
10000/10000 - 1s - loss: 0.5712 - val_loss: 0.8437
Epoch 53/4000
10000/10000 - 1s - loss: 0.5793 - val_loss: 0.5645
Epoch 54/4000
10000/10000 - 1s - loss: 0.5702 - val_loss: 0.5669
Epoch 55/4000
10000/10000 - 1s - loss: 0.5706 - val_loss: 0.5698
Epoch 56/4000
10000/10000 - 1s - loss: 0.5704 - val_loss: 0.5769
Epoch 57/4000
10000/10000 - 1s - loss: 0.5710 - val_loss: 0.5657
Epoch 58/4000
10000/10000 - 1s - loss: 0.5696 - val_loss: 0.5819
Epoch 59/4000
10000/10000 - 1s - loss: 0.5709 - val_loss: 0.5727
Epoch 60/4000
10000/10000 - 1s - loss: 0.5698 - val_loss: 0.5915
Epoch 61/4000
10000/10000 - 1s - loss: 0.5695 - val_loss: 0.5681
Epoch 62/4000
10000/10000 - 1s - loss: 0.5700 - val_loss: 0.5716
Epoch 63/4000
10000/10000 - 1s - loss: 0.5708 - val_loss: 0.5911
Epoch 64/4000
10000/10000 - 1s - loss: 0.5704 - val_loss: 0.5832
Epoch 65/4000
10000/10000 - 1s - loss: 0.5699 - val_loss: 0.5656
Epoch 66/4000
10000/10000 - 1s - loss: 0.5687 - val_loss: 0.5816
Epoch 67/4000
10000/10000 - 1s - loss: 0.5700 - val_loss: 0.5705
Epoch 68/4000
10000/10000 - 1s - loss: 0.5694 - val_loss: 0.5836
Epoch 69/4000
10000/10000 - 1s - loss: 0.5704 - val_loss: 0.5874
Epoch 70/4000
10000/10000 - 1s - loss: 0.5708 - val_loss: 0.5649
Epoch 71/4000
10000/10000 - 1s - loss: 0.5674 - val_loss: 0.6216
Epoch 72/4000
10000/10000 - 1s - loss: 0.5693 - val_loss: 0.5730
Epoch 73/4000
10000/10000 - 1s - loss: 0.5676 - val_loss: 0.5752
Jaccard on test set for oubli 60 run 0 0.5640245603909297
oubli 0.6, run 1, patience 17
Train on 10000 samples, validate on 1000 samples
Epoch 1/4000
10000/10000 - 2s - loss: 0.9160 - val_loss: 0.9948
Epoch 2/4000
10000/10000 - 1s - loss: 0.7347 - val_loss: 0.9603
Epoch 3/4000
10000/10000 - 1s - loss: 0.3560 - val_loss: 0.1833
Epoch 4/4000
10000/10000 - 1s - loss: 0.1810 - val_loss: 0.1629
Epoch 5/4000
10000/10000 - 1s - loss: 0.1486 - val_loss: 0.1045
Epoch 6/4000
10000/10000 - 1s - loss: 0.1275 - val_loss: 0.0804
Epoch 7/4000
10000/10000 - 1s - loss: 0.1120 - val_loss: 0.0936
Epoch 8/4000
10000/10000 - 1s - loss: 0.0947 - val_loss: 0.0591
Epoch 9/4000
10000/10000 - 1s - loss: 0.0843 - val_loss: 0.0718
Epoch 10/4000
10000/10000 - 1s - loss: 0.0758 - val_loss: 0.0664
Epoch 11/4000
10000/10000 - 1s - loss: 0.0683 - val_loss: 0.0545
Epoch 12/4000
10000/10000 - 1s - loss: 0.0606 - val_loss: 0.0593
Epoch 13/4000
10000/10000 - 1s - loss: 0.0646 - val_loss: 0.0374
Epoch 14/4000
10000/10000 - 1s - loss: 0.0545 - val_loss: 0.2787
Epoch 15/4000
10000/10000 - 1s - loss: 0.0575 - val_loss: 0.0404
Epoch 16/4000
10000/10000 - 1s - loss: 0.0493 - val_loss: 0.0818
Epoch 17/4000
10000/10000 - 1s - loss: 0.0464 - val_loss: 0.0446
Epoch 18/4000
10000/10000 - 1s - loss: 0.0417 - val_loss: 0.0426
Epoch 19/4000
10000/10000 - 1s - loss: 0.0476 - val_loss: 0.2263
Epoch 20/4000
10000/10000 - 1s - loss: 0.0444 - val_loss: 0.0943
Epoch 21/4000
10000/10000 - 1s - loss: 0.0411 - val_loss: 0.3790
Epoch 22/4000
10000/10000 - 1s - loss: 0.0414 - val_loss: 0.0613
Epoch 23/4000
10000/10000 - 1s - loss: 0.0398 - val_loss: 0.0685
Epoch 24/4000
10000/10000 - 1s - loss: 0.0366 - val_loss: 0.0310
Epoch 25/4000
10000/10000 - 1s - loss: 0.0372 - val_loss: 0.0264
Epoch 26/4000
10000/10000 - 1s - loss: 0.0350 - val_loss: 0.0301
Epoch 27/4000
10000/10000 - 1s - loss: 0.0379 - val_loss: 0.0276
Epoch 28/4000
10000/10000 - 1s - loss: 0.0331 - val_loss: 0.0305
Epoch 29/4000
10000/10000 - 1s - loss: 0.0319 - val_loss: 0.0242
Epoch 30/4000
10000/10000 - 1s - loss: 0.0338 - val_loss: 0.0313
Epoch 31/4000
10000/10000 - 1s - loss: 0.0296 - val_loss: 0.0222
Epoch 32/4000
10000/10000 - 1s - loss: 0.0315 - val_loss: 0.0393
Epoch 33/4000
10000/10000 - 1s - loss: 0.0317 - val_loss: 0.0300
Epoch 34/4000
10000/10000 - 1s - loss: 0.0309 - val_loss: 0.0266
Epoch 35/4000
10000/10000 - 1s - loss: 0.0297 - val_loss: 0.0237
Epoch 36/4000
10000/10000 - 1s - loss: 0.0312 - val_loss: 0.0376
Epoch 37/4000
10000/10000 - 1s - loss: 0.0301 - val_loss: 0.0227
Epoch 38/4000
10000/10000 - 1s - loss: 0.0292 - val_loss: 0.0224
Epoch 39/4000
10000/10000 - 1s - loss: 0.0285 - val_loss: 0.0404
Epoch 40/4000
10000/10000 - 1s - loss: 0.0278 - val_loss: 0.0210
Epoch 41/4000
10000/10000 - 1s - loss: 0.0276 - val_loss: 0.0421
Epoch 42/4000
10000/10000 - 1s - loss: 0.0288 - val_loss: 0.0305
Epoch 43/4000
10000/10000 - 1s - loss: 0.0261 - val_loss: 0.0264
Epoch 44/4000
10000/10000 - 1s - loss: 0.0281 - val_loss: 0.0209
Epoch 45/4000
10000/10000 - 1s - loss: 0.0267 - val_loss: 0.0366
Epoch 46/4000
10000/10000 - 1s - loss: 0.0265 - val_loss: 0.1948
Epoch 47/4000
10000/10000 - 1s - loss: 0.0283 - val_loss: 0.0232
Epoch 48/4000
10000/10000 - 1s - loss: 0.0257 - val_loss: 0.0203
Epoch 49/4000
10000/10000 - 1s - loss: 0.0264 - val_loss: 0.0230
Epoch 50/4000
10000/10000 - 1s - loss: 0.0250 - val_loss: 0.0196
Epoch 51/4000
10000/10000 - 1s - loss: 0.0264 - val_loss: 0.0196
Epoch 52/4000
10000/10000 - 1s - loss: 0.0244 - val_loss: 0.0722
Epoch 53/4000
10000/10000 - 1s - loss: 0.0257 - val_loss: 0.0188
Epoch 54/4000
10000/10000 - 1s - loss: 0.0241 - val_loss: 0.0241
Epoch 55/4000
10000/10000 - 1s - loss: 0.0257 - val_loss: 0.0367
Epoch 56/4000
10000/10000 - 1s - loss: 0.0236 - val_loss: 0.0207
Epoch 57/4000
10000/10000 - 1s - loss: 0.0238 - val_loss: 0.0199
Epoch 58/4000
10000/10000 - 1s - loss: 0.0243 - val_loss: 0.0202
Epoch 59/4000
10000/10000 - 1s - loss: 0.0220 - val_loss: 0.0229
Epoch 60/4000
10000/10000 - 1s - loss: 0.0244 - val_loss: 0.0251
Epoch 61/4000
10000/10000 - 1s - loss: 0.0236 - val_loss: 0.0271
Epoch 62/4000
10000/10000 - 1s - loss: 0.0262 - val_loss: 0.0205
Epoch 63/4000
10000/10000 - 1s - loss: 0.0203 - val_loss: 0.0416
Epoch 64/4000
10000/10000 - 1s - loss: 0.0240 - val_loss: 0.0173
Epoch 65/4000
10000/10000 - 1s - loss: 0.0241 - val_loss: 0.0255
Epoch 66/4000
10000/10000 - 1s - loss: 0.0226 - val_loss: 0.0206
Epoch 67/4000
10000/10000 - 1s - loss: 0.0229 - val_loss: 0.0191
Epoch 68/4000
10000/10000 - 1s - loss: 0.0225 - val_loss: 0.0209
Epoch 69/4000
10000/10000 - 1s - loss: 0.0221 - val_loss: 0.0172
Epoch 70/4000
10000/10000 - 1s - loss: 0.0234 - val_loss: 0.0191
Epoch 71/4000
10000/10000 - 1s - loss: 0.0235 - val_loss: 0.0188
Epoch 72/4000
10000/10000 - 1s - loss: 0.0222 - val_loss: 0.0175
Epoch 73/4000
10000/10000 - 1s - loss: 0.0198 - val_loss: 0.0330
Epoch 74/4000
10000/10000 - 1s - loss: 0.0237 - val_loss: 0.0199
Epoch 75/4000
10000/10000 - 1s - loss: 0.0207 - val_loss: 0.0187
Epoch 76/4000
10000/10000 - 1s - loss: 0.0222 - val_loss: 0.0216
Epoch 77/4000
10000/10000 - 1s - loss: 0.0218 - val_loss: 0.0263
Epoch 78/4000
10000/10000 - 1s - loss: 0.0233 - val_loss: 0.0166
Epoch 79/4000
10000/10000 - 1s - loss: 0.0221 - val_loss: 0.0570
Epoch 80/4000
10000/10000 - 1s - loss: 0.0208 - val_loss: 0.0214
Epoch 81/4000
10000/10000 - 1s - loss: 0.0210 - val_loss: 0.0177
Epoch 82/4000
10000/10000 - 1s - loss: 0.0204 - val_loss: 0.0342
Epoch 83/4000
10000/10000 - 1s - loss: 0.0219 - val_loss: 0.0228
Epoch 84/4000
10000/10000 - 1s - loss: 0.0200 - val_loss: 0.0160
Epoch 85/4000
10000/10000 - 1s - loss: 0.0200 - val_loss: 0.0167
Epoch 86/4000
10000/10000 - 1s - loss: 0.0223 - val_loss: 0.0172
Epoch 87/4000
10000/10000 - 1s - loss: 0.0181 - val_loss: 0.0199
Epoch 88/4000
10000/10000 - 1s - loss: 0.0221 - val_loss: 0.0172
Epoch 89/4000
10000/10000 - 1s - loss: 0.0207 - val_loss: 0.0217
Epoch 90/4000
10000/10000 - 1s - loss: 0.0191 - val_loss: 0.0244
Epoch 91/4000
10000/10000 - 1s - loss: 0.0204 - val_loss: 0.0160
Epoch 92/4000
10000/10000 - 1s - loss: 0.0209 - val_loss: 0.0196
Epoch 93/4000
10000/10000 - 1s - loss: 0.0182 - val_loss: 0.0205
Epoch 94/4000
10000/10000 - 1s - loss: 0.0206 - val_loss: 0.0160
Epoch 95/4000
10000/10000 - 1s - loss: 0.0196 - val_loss: 0.0224
Epoch 96/4000
10000/10000 - 1s - loss: 0.0212 - val_loss: 0.0261
Epoch 97/4000
10000/10000 - 1s - loss: 0.0179 - val_loss: 0.0223
Epoch 98/4000
10000/10000 - 1s - loss: 0.0210 - val_loss: 0.0224
Epoch 99/4000
10000/10000 - 1s - loss: 0.0197 - val_loss: 0.0162
Epoch 100/4000
10000/10000 - 1s - loss: 0.0191 - val_loss: 0.0203
Epoch 101/4000
10000/10000 - 1s - loss: 0.0207 - val_loss: 0.0180
Jaccard on test set for oubli 60 run 1 0.5632249277518014
oubli 0.6, run 2, patience 14
Train on 10000 samples, validate on 1000 samples
Epoch 1/4000
10000/10000 - 2s - loss: 0.9819 - val_loss: 0.9989
Epoch 2/4000
10000/10000 - 1s - loss: 0.9117 - val_loss: 0.7223
Epoch 3/4000
10000/10000 - 1s - loss: 0.8721 - val_loss: 0.2931
Epoch 4/4000
10000/10000 - 1s - loss: 0.3396 - val_loss: 0.1274
Epoch 5/4000
10000/10000 - 1s - loss: 0.1526 - val_loss: 0.1092
Epoch 6/4000
10000/10000 - 1s - loss: 0.1128 - val_loss: 0.0703
Epoch 7/4000
10000/10000 - 1s - loss: 0.0941 - val_loss: 0.0546
Epoch 8/4000
10000/10000 - 1s - loss: 0.0831 - val_loss: 0.0490
Epoch 9/4000
10000/10000 - 1s - loss: 0.0743 - val_loss: 0.0621
Epoch 10/4000
10000/10000 - 1s - loss: 0.0668 - val_loss: 0.1296
Epoch 11/4000
10000/10000 - 1s - loss: 0.0598 - val_loss: 0.0894
Epoch 12/4000
10000/10000 - 1s - loss: 0.0551 - val_loss: 0.0648
Epoch 13/4000
10000/10000 - 1s - loss: 0.0508 - val_loss: 0.0388
Epoch 14/4000
10000/10000 - 1s - loss: 0.0489 - val_loss: 0.0296
Epoch 15/4000
10000/10000 - 1s - loss: 0.0483 - val_loss: 0.0312
Epoch 16/4000
10000/10000 - 1s - loss: 0.0437 - val_loss: 0.0265
Epoch 17/4000
10000/10000 - 1s - loss: 0.0387 - val_loss: 0.0240
Epoch 18/4000
10000/10000 - 1s - loss: 0.0409 - val_loss: 0.0420
Epoch 19/4000
10000/10000 - 1s - loss: 0.0374 - val_loss: 0.0275
Epoch 20/4000
10000/10000 - 1s - loss: 0.0366 - val_loss: 0.0277
Epoch 21/4000
10000/10000 - 1s - loss: 0.0357 - val_loss: 0.0261
Epoch 22/4000
10000/10000 - 1s - loss: 0.0351 - val_loss: 0.0232
Epoch 23/4000
10000/10000 - 1s - loss: 0.0338 - val_loss: 0.0206
Epoch 24/4000
10000/10000 - 1s - loss: 0.0332 - val_loss: 0.0249
Epoch 25/4000
10000/10000 - 1s - loss: 0.0300 - val_loss: 0.0325
Epoch 26/4000
10000/10000 - 1s - loss: 0.0258 - val_loss: 0.0181
Epoch 27/4000
10000/10000 - 1s - loss: 0.0275 - val_loss: 0.0201
Epoch 28/4000
10000/10000 - 1s - loss: 0.0293 - val_loss: 0.0188
Epoch 29/4000
10000/10000 - 1s - loss: 0.0284 - val_loss: 0.2322
Epoch 30/4000
10000/10000 - 1s - loss: 0.0301 - val_loss: 0.0473
Epoch 31/4000
10000/10000 - 1s - loss: 0.0234 - val_loss: 0.0198
Epoch 32/4000
10000/10000 - 1s - loss: 0.0248 - val_loss: 0.0278
Epoch 33/4000
10000/10000 - 1s - loss: 0.0259 - val_loss: 0.0169
Epoch 34/4000
10000/10000 - 1s - loss: 0.0243 - val_loss: 0.0202
Epoch 35/4000
10000/10000 - 1s - loss: 0.0226 - val_loss: 0.0176
Epoch 36/4000
10000/10000 - 1s - loss: 0.0235 - val_loss: 0.0258
Epoch 37/4000
10000/10000 - 1s - loss: 0.0237 - val_loss: 0.0202
Epoch 38/4000
10000/10000 - 1s - loss: 0.0234 - val_loss: 0.0171
Epoch 39/4000
10000/10000 - 1s - loss: 0.0220 - val_loss: 0.0231
Epoch 40/4000
10000/10000 - 1s - loss: 0.0224 - val_loss: 0.0164
Epoch 41/4000
10000/10000 - 1s - loss: 0.0235 - val_loss: 0.0301
Epoch 42/4000
10000/10000 - 1s - loss: 0.0210 - val_loss: 0.0473
Epoch 43/4000
10000/10000 - 1s - loss: 0.0218 - val_loss: 0.0812
Epoch 44/4000
10000/10000 - 1s - loss: 0.0225 - val_loss: 0.0180
Epoch 45/4000
10000/10000 - 1s - loss: 0.0205 - val_loss: 0.0143
Epoch 46/4000
10000/10000 - 1s - loss: 0.0203 - val_loss: 0.0254
Epoch 47/4000
10000/10000 - 1s - loss: 0.0201 - val_loss: 0.0211
Epoch 48/4000
10000/10000 - 1s - loss: 0.0181 - val_loss: 0.0243
Epoch 49/4000
10000/10000 - 1s - loss: 0.0217 - val_loss: 0.0280
Epoch 50/4000
10000/10000 - 1s - loss: 0.0184 - val_loss: 0.0374
Epoch 51/4000
10000/10000 - 1s - loss: 0.0205 - val_loss: 0.0171
Epoch 52/4000
10000/10000 - 1s - loss: 0.0188 - val_loss: 0.0202
Epoch 53/4000
10000/10000 - 1s - loss: 0.0202 - val_loss: 0.0156
Epoch 54/4000
10000/10000 - 1s - loss: 0.0202 - val_loss: 0.0139
Epoch 55/4000
10000/10000 - 1s - loss: 0.0190 - val_loss: 0.0421
Epoch 56/4000
10000/10000 - 1s - loss: 0.0187 - val_loss: 0.0137
Epoch 57/4000
10000/10000 - 1s - loss: 0.0167 - val_loss: 0.0127
Epoch 58/4000
10000/10000 - 1s - loss: 0.0185 - val_loss: 0.0253
Epoch 59/4000
10000/10000 - 1s - loss: 0.0165 - val_loss: 0.0143
Epoch 60/4000
10000/10000 - 1s - loss: 0.0191 - val_loss: 0.0127
Epoch 61/4000
10000/10000 - 1s - loss: 0.0185 - val_loss: 0.0150
Epoch 62/4000
10000/10000 - 1s - loss: 0.0175 - val_loss: 0.0128
Epoch 63/4000
10000/10000 - 1s - loss: 0.0174 - val_loss: 0.0177
Epoch 64/4000
10000/10000 - 1s - loss: 0.0173 - val_loss: 0.0159
Epoch 65/4000
10000/10000 - 1s - loss: 0.0183 - val_loss: 0.0285
Epoch 66/4000
10000/10000 - 1s - loss: 0.0172 - val_loss: 0.0572
Epoch 67/4000
10000/10000 - 1s - loss: 0.0170 - val_loss: 0.0205
Epoch 68/4000
10000/10000 - 1s - loss: 0.0155 - val_loss: 0.0134
Epoch 69/4000
10000/10000 - 1s - loss: 0.0178 - val_loss: 0.0186
Epoch 70/4000
10000/10000 - 1s - loss: 0.0182 - val_loss: 0.1944
Epoch 71/4000
10000/10000 - 1s - loss: 0.0200 - val_loss: 0.0136
Jaccard on test set for oubli 60 run 2 0.5607597626423569
oubli 0.6, run 3, patience 11
Train on 10000 samples, validate on 1000 samples
Epoch 1/4000
10000/10000 - 2s - loss: 0.7620 - val_loss: 0.5348
Epoch 2/4000
10000/10000 - 1s - loss: 0.3469 - val_loss: 0.1384
Epoch 3/4000
10000/10000 - 1s - loss: 0.1523 - val_loss: 0.1839
Epoch 4/4000
10000/10000 - 1s - loss: 0.1140 - val_loss: 0.0619
Epoch 5/4000
10000/10000 - 1s - loss: 0.0950 - val_loss: 0.0548
Epoch 6/4000
10000/10000 - 1s - loss: 0.0803 - val_loss: 0.1629
Epoch 7/4000
10000/10000 - 1s - loss: 0.0676 - val_loss: 0.1231
Epoch 8/4000
10000/10000 - 1s - loss: 0.0599 - val_loss: 0.0753
Epoch 9/4000
10000/10000 - 1s - loss: 0.0562 - val_loss: 0.0311
Epoch 10/4000
10000/10000 - 1s - loss: 0.0479 - val_loss: 0.0672
Epoch 11/4000
10000/10000 - 1s - loss: 0.0459 - val_loss: 0.0270
Epoch 12/4000
10000/10000 - 1s - loss: 0.0425 - val_loss: 0.0386
Epoch 13/4000
10000/10000 - 1s - loss: 0.0412 - val_loss: 0.0244
Epoch 14/4000
10000/10000 - 1s - loss: 0.0351 - val_loss: 0.0217
Epoch 15/4000
10000/10000 - 1s - loss: 0.0389 - val_loss: 0.1565
Epoch 16/4000
10000/10000 - 1s - loss: 0.0346 - val_loss: 0.0234
Epoch 17/4000
10000/10000 - 1s - loss: 0.0354 - val_loss: 0.0239
Epoch 18/4000
10000/10000 - 1s - loss: 0.0336 - val_loss: 0.0248
Epoch 19/4000
10000/10000 - 1s - loss: 0.0294 - val_loss: 0.0213
Epoch 20/4000
10000/10000 - 1s - loss: 0.0291 - val_loss: 0.1135
Epoch 21/4000
10000/10000 - 1s - loss: 0.0272 - val_loss: 0.0721
Epoch 22/4000
10000/10000 - 1s - loss: 0.0285 - val_loss: 0.0271
Epoch 23/4000
10000/10000 - 1s - loss: 0.0266 - val_loss: 0.0192
Epoch 24/4000
10000/10000 - 1s - loss: 0.0279 - val_loss: 0.0282
Epoch 25/4000
10000/10000 - 1s - loss: 0.0265 - val_loss: 0.0168
Epoch 26/4000
10000/10000 - 1s - loss: 0.0226 - val_loss: 0.0156
Epoch 27/4000
10000/10000 - 1s - loss: 0.0232 - val_loss: 0.0152
Epoch 28/4000
10000/10000 - 1s - loss: 0.0247 - val_loss: 0.0233
Epoch 29/4000
10000/10000 - 1s - loss: 0.0242 - val_loss: 0.0156
Epoch 30/4000
10000/10000 - 1s - loss: 0.0235 - val_loss: 0.0158
Epoch 31/4000
10000/10000 - 1s - loss: 0.0224 - val_loss: 0.0156
Epoch 32/4000
10000/10000 - 1s - loss: 0.0210 - val_loss: 0.0139
Epoch 33/4000
10000/10000 - 1s - loss: 0.0223 - val_loss: 0.0141
Epoch 34/4000
10000/10000 - 1s - loss: 0.0199 - val_loss: 0.0154
Epoch 35/4000
10000/10000 - 1s - loss: 0.0226 - val_loss: 0.0158
Epoch 36/4000
10000/10000 - 1s - loss: 0.0218 - val_loss: 0.0352
Epoch 37/4000
10000/10000 - 1s - loss: 0.0204 - val_loss: 0.0208
Epoch 38/4000
10000/10000 - 1s - loss: 0.0201 - val_loss: 0.0130
Epoch 39/4000
10000/10000 - 1s - loss: 0.0184 - val_loss: 0.0134
Epoch 40/4000
10000/10000 - 1s - loss: 0.0197 - val_loss: 0.0306
Epoch 41/4000
10000/10000 - 1s - loss: 0.0202 - val_loss: 0.0151
Epoch 42/4000
10000/10000 - 1s - loss: 0.0175 - val_loss: 0.0185
Epoch 43/4000
10000/10000 - 1s - loss: 0.0207 - val_loss: 0.0315
Epoch 44/4000
10000/10000 - 1s - loss: 0.0187 - val_loss: 0.0180
Epoch 45/4000
10000/10000 - 1s - loss: 0.0154 - val_loss: 0.0141
Epoch 46/4000
10000/10000 - 1s - loss: 0.0177 - val_loss: 0.0130
Epoch 47/4000
10000/10000 - 1s - loss: 0.0189 - val_loss: 0.0186
Epoch 48/4000
10000/10000 - 1s - loss: 0.0162 - val_loss: 0.0320
Epoch 49/4000
10000/10000 - 1s - loss: 0.0169 - val_loss: 0.0172
Jaccard on test set for oubli 60 run 3 0.5496428187834216
oubli 0.6, run 4, patience 8
Train on 10000 samples, validate on 1000 samples
Epoch 1/4000
10000/10000 - 2s - loss: 0.8398 - val_loss: 0.9996
Epoch 2/4000
10000/10000 - 1s - loss: 0.9615 - val_loss: 0.8867
Epoch 3/4000
10000/10000 - 1s - loss: 0.5908 - val_loss: 0.5030
Epoch 4/4000
10000/10000 - 1s - loss: 0.2151 - val_loss: 0.1634
Epoch 5/4000
10000/10000 - 1s - loss: 0.1381 - val_loss: 0.1014
Epoch 6/4000
10000/10000 - 1s - loss: 0.1137 - val_loss: 0.0787
Epoch 7/4000
10000/10000 - 1s - loss: 0.0948 - val_loss: 0.0575
Epoch 8/4000
10000/10000 - 1s - loss: 0.0781 - val_loss: 0.0793
Epoch 9/4000
10000/10000 - 1s - loss: 0.0670 - val_loss: 0.0889
Epoch 10/4000
10000/10000 - 1s - loss: 0.0592 - val_loss: 0.0647
Epoch 11/4000
10000/10000 - 1s - loss: 0.0564 - val_loss: 0.0437
Epoch 12/4000
10000/10000 - 1s - loss: 0.0502 - val_loss: 0.0391
Epoch 13/4000
10000/10000 - 1s - loss: 0.0445 - val_loss: 0.0267
Epoch 14/4000
10000/10000 - 1s - loss: 0.0419 - val_loss: 0.0698
Epoch 15/4000
10000/10000 - 1s - loss: 0.0417 - val_loss: 0.0320
Epoch 16/4000
10000/10000 - 1s - loss: 0.0398 - val_loss: 0.0248
Epoch 17/4000
10000/10000 - 1s - loss: 0.0352 - val_loss: 0.0507
Epoch 18/4000
10000/10000 - 1s - loss: 0.0342 - val_loss: 0.0290
Epoch 19/4000
10000/10000 - 1s - loss: 0.0349 - val_loss: 0.0266
Epoch 20/4000
10000/10000 - 1s - loss: 0.0334 - val_loss: 0.0183
Epoch 21/4000
10000/10000 - 1s - loss: 0.0285 - val_loss: 0.0279
Epoch 22/4000
10000/10000 - 1s - loss: 0.0315 - val_loss: 0.0508
Epoch 23/4000
10000/10000 - 1s - loss: 0.0269 - val_loss: 0.0209
Epoch 24/4000
10000/10000 - 1s - loss: 0.0271 - val_loss: 0.0513
Epoch 25/4000
10000/10000 - 1s - loss: 0.0259 - val_loss: 0.0176
Epoch 26/4000
10000/10000 - 1s - loss: 0.0254 - val_loss: 0.0213
Epoch 27/4000
10000/10000 - 1s - loss: 0.0221 - val_loss: 0.0610
Epoch 28/4000
10000/10000 - 1s - loss: 0.0273 - val_loss: 0.0245
Epoch 29/4000
10000/10000 - 1s - loss: 0.0224 - val_loss: 0.1971
Epoch 30/4000
10000/10000 - 1s - loss: 0.0259 - val_loss: 0.0201
Epoch 31/4000
10000/10000 - 1s - loss: 0.0233 - val_loss: 0.0156
Epoch 32/4000
10000/10000 - 1s - loss: 0.0233 - val_loss: 0.0141
Epoch 33/4000
10000/10000 - 1s - loss: 0.0205 - val_loss: 0.0544
Epoch 34/4000
10000/10000 - 1s - loss: 0.0203 - val_loss: 0.0218
Epoch 35/4000
10000/10000 - 1s - loss: 0.0227 - val_loss: 0.0211
Epoch 36/4000
10000/10000 - 1s - loss: 0.0199 - val_loss: 0.0182
Epoch 37/4000
10000/10000 - 1s - loss: 0.0193 - val_loss: 0.0134
Epoch 38/4000
10000/10000 - 1s - loss: 0.0183 - val_loss: 0.0125
Epoch 39/4000
10000/10000 - 1s - loss: 0.0195 - val_loss: 0.0121
Epoch 40/4000
10000/10000 - 1s - loss: 0.0200 - val_loss: 0.0415
Epoch 41/4000
10000/10000 - 1s - loss: 0.0176 - val_loss: 0.0153
Epoch 42/4000
10000/10000 - 1s - loss: 0.0190 - val_loss: 0.0248
Epoch 43/4000
10000/10000 - 1s - loss: 0.0185 - val_loss: 0.0121
Epoch 44/4000
10000/10000 - 1s - loss: 0.0156 - val_loss: 0.0302
Epoch 45/4000
10000/10000 - 1s - loss: 0.0171 - val_loss: 0.0184
Epoch 46/4000
10000/10000 - 1s - loss: 0.0184 - val_loss: 0.0121
Epoch 47/4000
10000/10000 - 1s - loss: 0.0173 - val_loss: 0.0115
Epoch 48/4000
10000/10000 - 1s - loss: 0.0161 - val_loss: 0.0120
Epoch 49/4000
10000/10000 - 1s - loss: 0.0179 - val_loss: 0.0135
Epoch 50/4000
10000/10000 - 1s - loss: 0.0165 - val_loss: 0.0138
Epoch 51/4000
10000/10000 - 1s - loss: 0.0154 - val_loss: 0.0131
Epoch 52/4000
10000/10000 - 1s - loss: 0.0158 - val_loss: 0.0140
Epoch 53/4000
10000/10000 - 1s - loss: 0.0177 - val_loss: 0.0128
Epoch 54/4000
10000/10000 - 1s - loss: 0.0150 - val_loss: 0.0111
Epoch 55/4000
10000/10000 - 1s - loss: 0.0173 - val_loss: 0.0111
Epoch 56/4000
10000/10000 - 1s - loss: 0.0127 - val_loss: 0.0126
Epoch 57/4000
10000/10000 - 1s - loss: 0.0166 - val_loss: 0.0105
Epoch 58/4000
10000/10000 - 1s - loss: 0.0131 - val_loss: 0.0116
Epoch 59/4000
10000/10000 - 1s - loss: 0.0148 - val_loss: 0.0117
Epoch 60/4000
10000/10000 - 1s - loss: 0.0164 - val_loss: 0.0666
Epoch 61/4000
10000/10000 - 1s - loss: 0.0146 - val_loss: 0.0130
Epoch 62/4000
10000/10000 - 1s - loss: 0.0138 - val_loss: 0.0123
Epoch 63/4000
10000/10000 - 1s - loss: 0.0148 - val_loss: 0.0134
Epoch 64/4000
10000/10000 - 1s - loss: 0.0123 - val_loss: 0.0409
Epoch 65/4000
10000/10000 - 1s - loss: 0.0148 - val_loss: 0.0244
Jaccard on test set for oubli 60 run 4 0.5496568224004232
Saved model oubli 60 to disk
oubli 0.65, run 0, patience 20
Train on 10000 samples, validate on 1000 samples
Epoch 1/4000
10000/10000 - 2s - loss: 0.8051 - val_loss: 0.6608
Epoch 2/4000
10000/10000 - 1s - loss: 0.6741 - val_loss: 0.6470
Epoch 3/4000
10000/10000 - 1s - loss: 0.6521 - val_loss: 0.6387
Epoch 4/4000
10000/10000 - 1s - loss: 0.6411 - val_loss: 0.6237
Epoch 5/4000
10000/10000 - 1s - loss: 0.6374 - val_loss: 0.6194
Epoch 6/4000
10000/10000 - 1s - loss: 0.6331 - val_loss: 0.6417
Epoch 7/4000
10000/10000 - 1s - loss: 0.6327 - val_loss: 0.6050
Epoch 8/4000
10000/10000 - 1s - loss: 0.6275 - val_loss: 0.6116
Epoch 9/4000
10000/10000 - 1s - loss: 0.6248 - val_loss: 0.6072
Epoch 10/4000
10000/10000 - 1s - loss: 0.6257 - val_loss: 0.6024
Epoch 11/4000
10000/10000 - 1s - loss: 0.6207 - val_loss: 0.6404
Epoch 12/4000
10000/10000 - 1s - loss: 0.6216 - val_loss: 0.6010
Epoch 13/4000
10000/10000 - 1s - loss: 0.6190 - val_loss: 0.6008
Epoch 14/4000
10000/10000 - 1s - loss: 0.6167 - val_loss: 0.6115
Epoch 15/4000
10000/10000 - 1s - loss: 0.6167 - val_loss: 0.6238
Epoch 16/4000
10000/10000 - 1s - loss: 0.6182 - val_loss: 0.6041
Epoch 17/4000
10000/10000 - 1s - loss: 0.6156 - val_loss: 0.5972
Epoch 18/4000
10000/10000 - 1s - loss: 0.6168 - val_loss: 0.6115
Epoch 19/4000
10000/10000 - 1s - loss: 0.6114 - val_loss: 0.5973
Epoch 20/4000
10000/10000 - 1s - loss: 0.6162 - val_loss: 0.6095
Epoch 21/4000
10000/10000 - 1s - loss: 0.6140 - val_loss: 0.5992
Epoch 22/4000
10000/10000 - 1s - loss: 0.6116 - val_loss: 0.5946
Epoch 23/4000
10000/10000 - 1s - loss: 0.6130 - val_loss: 0.5980
Epoch 24/4000
10000/10000 - 1s - loss: 0.6109 - val_loss: 0.6060
Epoch 25/4000
10000/10000 - 1s - loss: 0.6122 - val_loss: 0.6684
Epoch 26/4000
10000/10000 - 1s - loss: 0.6143 - val_loss: 0.6030
Epoch 27/4000
10000/10000 - 1s - loss: 0.6108 - val_loss: 0.6010
Epoch 28/4000
10000/10000 - 1s - loss: 0.6081 - val_loss: 0.6076
Epoch 29/4000
10000/10000 - 1s - loss: 0.6110 - val_loss: 0.5965
Epoch 30/4000
10000/10000 - 1s - loss: 0.6104 - val_loss: 0.5925
Epoch 31/4000
10000/10000 - 1s - loss: 0.6082 - val_loss: 0.5926
Epoch 32/4000
10000/10000 - 1s - loss: 0.6080 - val_loss: 0.6667
Epoch 33/4000
10000/10000 - 1s - loss: 0.6119 - val_loss: 0.5975
Epoch 34/4000
10000/10000 - 1s - loss: 0.6072 - val_loss: 0.5952
Epoch 35/4000
10000/10000 - 1s - loss: 0.6091 - val_loss: 0.5967
Epoch 36/4000
10000/10000 - 1s - loss: 0.6080 - val_loss: 0.6263
Epoch 37/4000
10000/10000 - 1s - loss: 0.6089 - val_loss: 0.5916
Epoch 38/4000
10000/10000 - 1s - loss: 0.6092 - val_loss: 0.5948
Epoch 39/4000
10000/10000 - 1s - loss: 0.6060 - val_loss: 0.5926
Epoch 40/4000
10000/10000 - 1s - loss: 0.6080 - val_loss: 0.5965
Epoch 41/4000
10000/10000 - 1s - loss: 0.6068 - val_loss: 0.6667
Epoch 42/4000
10000/10000 - 1s - loss: 0.6079 - val_loss: 0.5977
Epoch 43/4000
10000/10000 - 1s - loss: 0.6080 - val_loss: 0.6302
Epoch 44/4000
10000/10000 - 1s - loss: 0.6060 - val_loss: 0.5956
Epoch 45/4000
10000/10000 - 1s - loss: 0.6061 - val_loss: 0.5959
Epoch 46/4000
10000/10000 - 1s - loss: 0.6059 - val_loss: 0.5957
Epoch 47/4000
10000/10000 - 1s - loss: 0.6053 - val_loss: 0.6023
Epoch 48/4000
10000/10000 - 1s - loss: 0.6055 - val_loss: 0.5911
Epoch 49/4000
10000/10000 - 1s - loss: 0.6048 - val_loss: 0.5945
Epoch 50/4000
10000/10000 - 1s - loss: 0.6059 - val_loss: 0.5942
Epoch 51/4000
10000/10000 - 1s - loss: 0.6035 - val_loss: 0.5940
Epoch 52/4000
10000/10000 - 1s - loss: 0.6050 - val_loss: 0.5935
Epoch 53/4000
10000/10000 - 1s - loss: 0.6050 - val_loss: 0.5925
Epoch 54/4000
10000/10000 - 1s - loss: 0.6053 - val_loss: 0.5931
Epoch 55/4000
10000/10000 - 1s - loss: 0.6032 - val_loss: 0.5883
Epoch 56/4000
10000/10000 - 1s - loss: 0.6030 - val_loss: 0.5902
Epoch 57/4000
10000/10000 - 1s - loss: 0.6055 - val_loss: 0.5935
Epoch 58/4000
10000/10000 - 1s - loss: 0.6028 - val_loss: 0.6471
Epoch 59/4000
10000/10000 - 1s - loss: 0.6034 - val_loss: 0.6153
Epoch 60/4000
10000/10000 - 1s - loss: 0.6026 - val_loss: 0.6111
Epoch 61/4000
10000/10000 - 1s - loss: 0.6046 - val_loss: 0.6000
Epoch 62/4000
10000/10000 - 1s - loss: 0.6035 - val_loss: 0.5911
Epoch 63/4000
10000/10000 - 1s - loss: 0.6023 - val_loss: 0.6511
Epoch 64/4000
10000/10000 - 1s - loss: 0.6051 - val_loss: 0.5943
Epoch 65/4000
10000/10000 - 1s - loss: 0.6018 - val_loss: 0.5902
Epoch 66/4000
10000/10000 - 1s - loss: 0.6017 - val_loss: 0.5926
Epoch 67/4000
10000/10000 - 1s - loss: 0.6010 - val_loss: 0.5942
Epoch 68/4000
10000/10000 - 1s - loss: 0.6022 - val_loss: 0.5921
Epoch 69/4000
10000/10000 - 1s - loss: 0.6015 - val_loss: 0.5923
Epoch 70/4000
10000/10000 - 1s - loss: 0.6011 - val_loss: 0.5912
Epoch 71/4000
10000/10000 - 1s - loss: 0.6025 - val_loss: 0.5979
Epoch 72/4000
10000/10000 - 1s - loss: 0.6020 - val_loss: 0.5936
Epoch 73/4000
10000/10000 - 1s - loss: 0.6005 - val_loss: 0.7278
Epoch 74/4000
10000/10000 - 1s - loss: 0.6028 - val_loss: 0.5935
Epoch 75/4000
10000/10000 - 1s - loss: 0.6000 - val_loss: 0.6074
Jaccard on test set for oubli 65 run 0 0.5322469175980815
oubli 0.65, run 1, patience 17
Train on 10000 samples, validate on 1000 samples
Epoch 1/4000
10000/10000 - 2s - loss: 0.8538 - val_loss: 0.8972
Epoch 2/4000
10000/10000 - 1s - loss: 0.5002 - val_loss: 0.2506
Epoch 3/4000
10000/10000 - 1s - loss: 0.1910 - val_loss: 0.1281
Epoch 4/4000
10000/10000 - 1s - loss: 0.1314 - val_loss: 0.1028
Epoch 5/4000
10000/10000 - 1s - loss: 0.1054 - val_loss: 0.1843
Epoch 6/4000
10000/10000 - 1s - loss: 0.0904 - val_loss: 0.0711
Epoch 7/4000
10000/10000 - 1s - loss: 0.0791 - val_loss: 0.0482
Epoch 8/4000
10000/10000 - 1s - loss: 0.0709 - val_loss: 0.0483
Epoch 9/4000
10000/10000 - 1s - loss: 0.0682 - val_loss: 0.0465
Epoch 10/4000
10000/10000 - 1s - loss: 0.0613 - val_loss: 0.0448
Epoch 11/4000
10000/10000 - 1s - loss: 0.0572 - val_loss: 0.0818
Epoch 12/4000
10000/10000 - 1s - loss: 0.0545 - val_loss: 0.2107
Epoch 13/4000
10000/10000 - 1s - loss: 0.0526 - val_loss: 0.0398
Epoch 14/4000
10000/10000 - 1s - loss: 0.0459 - val_loss: 0.0350
Epoch 15/4000
10000/10000 - 1s - loss: 0.0502 - val_loss: 0.0406
Epoch 16/4000
10000/10000 - 1s - loss: 0.0486 - val_loss: 0.1257
Epoch 17/4000
10000/10000 - 1s - loss: 0.0473 - val_loss: 0.0476
Epoch 18/4000
10000/10000 - 1s - loss: 0.0425 - val_loss: 0.0758
Epoch 19/4000
10000/10000 - 1s - loss: 0.0412 - val_loss: 0.0429
Epoch 20/4000
10000/10000 - 1s - loss: 0.0408 - val_loss: 0.0314
Epoch 21/4000
10000/10000 - 1s - loss: 0.0397 - val_loss: 0.0320
Epoch 22/4000
10000/10000 - 1s - loss: 0.0400 - val_loss: 0.0290
Epoch 23/4000
10000/10000 - 1s - loss: 0.0351 - val_loss: 0.0296
Epoch 24/4000
10000/10000 - 1s - loss: 0.0368 - val_loss: 0.0296
Epoch 25/4000
10000/10000 - 1s - loss: 0.0353 - val_loss: 0.0290
Epoch 26/4000
10000/10000 - 1s - loss: 0.0348 - val_loss: 0.0275
Epoch 27/4000
10000/10000 - 1s - loss: 0.0340 - val_loss: 0.0256
Epoch 28/4000
10000/10000 - 1s - loss: 0.0335 - val_loss: 0.0258
Epoch 29/4000
10000/10000 - 1s - loss: 0.0344 - val_loss: 0.0327
Epoch 30/4000
10000/10000 - 1s - loss: 0.0340 - val_loss: 0.0265
Epoch 31/4000
10000/10000 - 1s - loss: 0.0321 - val_loss: 0.0238
Epoch 32/4000
10000/10000 - 1s - loss: 0.0331 - val_loss: 0.0251
Epoch 33/4000
10000/10000 - 1s - loss: 0.0295 - val_loss: 0.0284
Epoch 34/4000
10000/10000 - 1s - loss: 0.0317 - val_loss: 0.0310
Epoch 35/4000
10000/10000 - 1s - loss: 0.0307 - val_loss: 0.0255
Epoch 36/4000
10000/10000 - 1s - loss: 0.0292 - val_loss: 0.0379
Epoch 37/4000
10000/10000 - 1s - loss: 0.0304 - val_loss: 0.0327
Epoch 38/4000
10000/10000 - 1s - loss: 0.0274 - val_loss: 0.0265
Epoch 39/4000
10000/10000 - 1s - loss: 0.0298 - val_loss: 0.0229
Epoch 40/4000
10000/10000 - 1s - loss: 0.0287 - val_loss: 0.0231
Epoch 41/4000
10000/10000 - 1s - loss: 0.0273 - val_loss: 0.0220
Epoch 42/4000
10000/10000 - 1s - loss: 0.0307 - val_loss: 0.0243
Epoch 43/4000
10000/10000 - 1s - loss: 0.0285 - val_loss: 0.0339
Epoch 44/4000
10000/10000 - 1s - loss: 0.0244 - val_loss: 0.0383
Epoch 45/4000
10000/10000 - 1s - loss: 0.0278 - val_loss: 0.0317
Epoch 46/4000
10000/10000 - 1s - loss: 0.0271 - val_loss: 0.0210
Epoch 47/4000
10000/10000 - 1s - loss: 0.0267 - val_loss: 0.0213
Epoch 48/4000
10000/10000 - 1s - loss: 0.0272 - val_loss: 0.0236
Epoch 49/4000
10000/10000 - 1s - loss: 0.0251 - val_loss: 0.0642
Epoch 50/4000
10000/10000 - 1s - loss: 0.0251 - val_loss: 0.0216
Epoch 51/4000
10000/10000 - 1s - loss: 0.0250 - val_loss: 0.0229
Epoch 52/4000
10000/10000 - 1s - loss: 0.0267 - val_loss: 0.0204
Epoch 53/4000
10000/10000 - 1s - loss: 0.0264 - val_loss: 0.0215
Epoch 54/4000
10000/10000 - 1s - loss: 0.0248 - val_loss: 0.0222
Epoch 55/4000
10000/10000 - 1s - loss: 0.0245 - val_loss: 0.0264
Epoch 56/4000
10000/10000 - 1s - loss: 0.0259 - val_loss: 0.0291
Epoch 57/4000
10000/10000 - 1s - loss: 0.0226 - val_loss: 0.0232
Epoch 58/4000
10000/10000 - 1s - loss: 0.0239 - val_loss: 0.0232
Epoch 59/4000
10000/10000 - 1s - loss: 0.0248 - val_loss: 0.0875
Epoch 60/4000
10000/10000 - 1s - loss: 0.0264 - val_loss: 0.0407
Epoch 61/4000
10000/10000 - 1s - loss: 0.0235 - val_loss: 0.0218
Epoch 62/4000
10000/10000 - 1s - loss: 0.0242 - val_loss: 0.0252
Epoch 63/4000
10000/10000 - 1s - loss: 0.0242 - val_loss: 0.0203
Epoch 64/4000
10000/10000 - 1s - loss: 0.0231 - val_loss: 0.0470
Epoch 65/4000
10000/10000 - 1s - loss: 0.0242 - val_loss: 0.0192
Epoch 66/4000
10000/10000 - 1s - loss: 0.0236 - val_loss: 0.0222
Epoch 67/4000
10000/10000 - 1s - loss: 0.0225 - val_loss: 0.0190
Epoch 68/4000
10000/10000 - 1s - loss: 0.0219 - val_loss: 0.0194
Epoch 69/4000
10000/10000 - 1s - loss: 0.0243 - val_loss: 0.0222
Epoch 70/4000
10000/10000 - 1s - loss: 0.0225 - val_loss: 0.0214
Epoch 71/4000
10000/10000 - 1s - loss: 0.0227 - val_loss: 0.0209
Epoch 72/4000
10000/10000 - 1s - loss: 0.0222 - val_loss: 0.0347
Epoch 73/4000
10000/10000 - 1s - loss: 0.0226 - val_loss: 0.0198
Epoch 74/4000
10000/10000 - 1s - loss: 0.0224 - val_loss: 0.0214
Epoch 75/4000
10000/10000 - 1s - loss: 0.0221 - val_loss: 0.0242
Epoch 76/4000
10000/10000 - 1s - loss: 0.0228 - val_loss: 0.0196
Epoch 77/4000
10000/10000 - 1s - loss: 0.0227 - val_loss: 0.0297
Epoch 78/4000
10000/10000 - 1s - loss: 0.0225 - val_loss: 0.0287
Epoch 79/4000
10000/10000 - 1s - loss: 0.0215 - val_loss: 0.0240
Epoch 80/4000
10000/10000 - 1s - loss: 0.0222 - val_loss: 0.0202
Epoch 81/4000
10000/10000 - 1s - loss: 0.0216 - val_loss: 0.0218
Epoch 82/4000
10000/10000 - 1s - loss: 0.0217 - val_loss: 0.0250
Epoch 83/4000
10000/10000 - 1s - loss: 0.0192 - val_loss: 0.0272
Epoch 84/4000
10000/10000 - 1s - loss: 0.0231 - val_loss: 0.0238
Jaccard on test set for oubli 65 run 1 0.538230925629953
oubli 0.65, run 2, patience 14
Train on 10000 samples, validate on 1000 samples
Epoch 1/4000
10000/10000 - 2s - loss: 0.9414 - val_loss: 0.8863
Epoch 2/4000
10000/10000 - 1s - loss: 0.5305 - val_loss: 0.2278
Epoch 3/4000
10000/10000 - 1s - loss: 0.2153 - val_loss: 0.1362
Epoch 4/4000
10000/10000 - 1s - loss: 0.1438 - val_loss: 0.1015
Epoch 5/4000
10000/10000 - 1s - loss: 0.1112 - val_loss: 0.1732
Epoch 6/4000
10000/10000 - 1s - loss: 0.0927 - val_loss: 0.0882
Epoch 7/4000
10000/10000 - 1s - loss: 0.0783 - val_loss: 0.0524
Epoch 8/4000
10000/10000 - 1s - loss: 0.0749 - val_loss: 0.3819
Epoch 9/4000
10000/10000 - 1s - loss: 0.0667 - val_loss: 0.0475
Epoch 10/4000
10000/10000 - 1s - loss: 0.0583 - val_loss: 0.0521
Epoch 11/4000
10000/10000 - 1s - loss: 0.0584 - val_loss: 0.0377
Epoch 12/4000
10000/10000 - 1s - loss: 0.0510 - val_loss: 0.0353
Epoch 13/4000
10000/10000 - 1s - loss: 0.0507 - val_loss: 0.0785
Epoch 14/4000
10000/10000 - 1s - loss: 0.0469 - val_loss: 0.0321
Epoch 15/4000
10000/10000 - 1s - loss: 0.0416 - val_loss: 0.0422
Epoch 16/4000
10000/10000 - 1s - loss: 0.0427 - val_loss: 0.0280
Epoch 17/4000
10000/10000 - 1s - loss: 0.0437 - val_loss: 0.0291
Epoch 18/4000
10000/10000 - 1s - loss: 0.0394 - val_loss: 0.0259
Epoch 19/4000
10000/10000 - 1s - loss: 0.0368 - val_loss: 0.0256
Epoch 20/4000
10000/10000 - 1s - loss: 0.0363 - val_loss: 0.0417
Epoch 21/4000
10000/10000 - 1s - loss: 0.0348 - val_loss: 0.1042
Epoch 22/4000
10000/10000 - 1s - loss: 0.0335 - val_loss: 0.0208
Epoch 23/4000
10000/10000 - 1s - loss: 0.0316 - val_loss: 0.0851
Epoch 24/4000
10000/10000 - 1s - loss: 0.0323 - val_loss: 0.0263
Epoch 25/4000
10000/10000 - 1s - loss: 0.0318 - val_loss: 0.0301
Epoch 26/4000
10000/10000 - 1s - loss: 0.0290 - val_loss: 0.0205
Epoch 27/4000
10000/10000 - 1s - loss: 0.0297 - val_loss: 0.0235
Epoch 28/4000
10000/10000 - 1s - loss: 0.0285 - val_loss: 0.0508
Epoch 29/4000
10000/10000 - 1s - loss: 0.0257 - val_loss: 0.0249
Epoch 30/4000
10000/10000 - 1s - loss: 0.0287 - val_loss: 0.0222
Epoch 31/4000
10000/10000 - 1s - loss: 0.0286 - val_loss: 0.0172
Epoch 32/4000
10000/10000 - 1s - loss: 0.0274 - val_loss: 0.0210
Epoch 33/4000
10000/10000 - 1s - loss: 0.0236 - val_loss: 0.0189
Epoch 34/4000
10000/10000 - 1s - loss: 0.0278 - val_loss: 0.1311
Epoch 35/4000
10000/10000 - 1s - loss: 0.0243 - val_loss: 0.0173
Epoch 36/4000
10000/10000 - 1s - loss: 0.0238 - val_loss: 0.0258
Epoch 37/4000
10000/10000 - 1s - loss: 0.0240 - val_loss: 0.0186
Epoch 38/4000
10000/10000 - 1s - loss: 0.0222 - val_loss: 0.0247
Epoch 39/4000
10000/10000 - 1s - loss: 0.0234 - val_loss: 0.0356
Epoch 40/4000
10000/10000 - 1s - loss: 0.0230 - val_loss: 0.0371
Epoch 41/4000
10000/10000 - 1s - loss: 0.0220 - val_loss: 0.0391
Epoch 42/4000
10000/10000 - 1s - loss: 0.0210 - val_loss: 0.0186
Epoch 43/4000
10000/10000 - 1s - loss: 0.0220 - val_loss: 0.0703
Epoch 44/4000
10000/10000 - 1s - loss: 0.0238 - val_loss: 0.0195
Epoch 45/4000
10000/10000 - 1s - loss: 0.0202 - val_loss: 0.0156
Epoch 46/4000
10000/10000 - 1s - loss: 0.0208 - val_loss: 0.0320
Epoch 47/4000
10000/10000 - 1s - loss: 0.0205 - val_loss: 0.0198
Epoch 48/4000
10000/10000 - 1s - loss: 0.0194 - val_loss: 0.0164
Epoch 49/4000
10000/10000 - 1s - loss: 0.0207 - val_loss: 0.0194
Epoch 50/4000
10000/10000 - 1s - loss: 0.0193 - val_loss: 0.0147
Epoch 51/4000
10000/10000 - 1s - loss: 0.0182 - val_loss: 0.0149
Epoch 52/4000
10000/10000 - 1s - loss: 0.0194 - val_loss: 0.0283
Epoch 53/4000
10000/10000 - 1s - loss: 0.0209 - val_loss: 0.0153
Epoch 54/4000
10000/10000 - 1s - loss: 0.0175 - val_loss: 0.0142
Epoch 55/4000
10000/10000 - 1s - loss: 0.0192 - val_loss: 0.0174
Epoch 56/4000
10000/10000 - 1s - loss: 0.0205 - val_loss: 0.0151
Epoch 57/4000
10000/10000 - 1s - loss: 0.0168 - val_loss: 0.0198
Epoch 58/4000
10000/10000 - 1s - loss: 0.0179 - val_loss: 0.0253
Epoch 59/4000
10000/10000 - 1s - loss: 0.0176 - val_loss: 0.0151
Epoch 60/4000
10000/10000 - 1s - loss: 0.0196 - val_loss: 0.0195
Epoch 61/4000
10000/10000 - 1s - loss: 0.0188 - val_loss: 0.0157
Epoch 62/4000
10000/10000 - 1s - loss: 0.0172 - val_loss: 0.0138
Epoch 63/4000
10000/10000 - 1s - loss: 0.0180 - val_loss: 0.0239
Epoch 64/4000
10000/10000 - 1s - loss: 0.0169 - val_loss: 0.0160
Epoch 65/4000
10000/10000 - 1s - loss: 0.0186 - val_loss: 0.0152
Epoch 66/4000
10000/10000 - 1s - loss: 0.0187 - val_loss: 0.0131
Epoch 67/4000
10000/10000 - 1s - loss: 0.0172 - val_loss: 0.0230
Epoch 68/4000
10000/10000 - 1s - loss: 0.0155 - val_loss: 0.0127
Epoch 69/4000
10000/10000 - 1s - loss: 0.0171 - val_loss: 0.0570
Epoch 70/4000
10000/10000 - 1s - loss: 0.0172 - val_loss: 0.0234
Epoch 71/4000
10000/10000 - 1s - loss: 0.0169 - val_loss: 0.0233
Epoch 72/4000
10000/10000 - 1s - loss: 0.0174 - val_loss: 0.0133
Epoch 73/4000
10000/10000 - 1s - loss: 0.0155 - val_loss: 0.0139
Epoch 74/4000
10000/10000 - 1s - loss: 0.0164 - val_loss: 0.0220
Epoch 75/4000
10000/10000 - 1s - loss: 0.0146 - val_loss: 0.0151
Epoch 76/4000
10000/10000 - 1s - loss: 0.0148 - val_loss: 0.0124
Epoch 77/4000
10000/10000 - 1s - loss: 0.0170 - val_loss: 0.0146
Epoch 78/4000
10000/10000 - 1s - loss: 0.0164 - val_loss: 0.0129
Epoch 79/4000
10000/10000 - 1s - loss: 0.0154 - val_loss: 0.0121
Epoch 80/4000
10000/10000 - 1s - loss: 0.0161 - val_loss: 0.0123
Epoch 81/4000
10000/10000 - 1s - loss: 0.0163 - val_loss: 0.0585
Epoch 82/4000
10000/10000 - 1s - loss: 0.0161 - val_loss: 0.0132
Epoch 83/4000
10000/10000 - 1s - loss: 0.0158 - val_loss: 0.0132
Epoch 84/4000
10000/10000 - 1s - loss: 0.0166 - val_loss: 0.0139
Epoch 85/4000
10000/10000 - 1s - loss: 0.0152 - val_loss: 0.0135
Epoch 86/4000
10000/10000 - 1s - loss: 0.0136 - val_loss: 0.0195
Epoch 87/4000
10000/10000 - 1s - loss: 0.0146 - val_loss: 0.0127
Epoch 88/4000
10000/10000 - 1s - loss: 0.0163 - val_loss: 0.0170
Epoch 89/4000
10000/10000 - 1s - loss: 0.0141 - val_loss: 0.0126
Epoch 90/4000
10000/10000 - 1s - loss: 0.0159 - val_loss: 0.0149
Epoch 91/4000
10000/10000 - 1s - loss: 0.0138 - val_loss: 0.0180
Epoch 92/4000
10000/10000 - 1s - loss: 0.0159 - val_loss: 0.0132
Epoch 93/4000
10000/10000 - 1s - loss: 0.0144 - val_loss: 0.0223
Jaccard on test set for oubli 65 run 2 0.5332293208713415
oubli 0.65, run 3, patience 11
Train on 10000 samples, validate on 1000 samples
Epoch 1/4000
10000/10000 - 2s - loss: 0.9498 - val_loss: 0.9998
Epoch 2/4000
10000/10000 - 1s - loss: 0.9998 - val_loss: 0.9998
Epoch 3/4000
10000/10000 - 1s - loss: 0.9998 - val_loss: 0.9998
Epoch 4/4000
10000/10000 - 1s - loss: 0.9998 - val_loss: 0.9998
Epoch 5/4000
10000/10000 - 1s - loss: 0.9998 - val_loss: 0.9998
Epoch 6/4000
10000/10000 - 1s - loss: 0.9998 - val_loss: 0.9998
Epoch 7/4000
10000/10000 - 1s - loss: 0.9998 - val_loss: 0.9998
Epoch 8/4000
10000/10000 - 1s - loss: 0.9998 - val_loss: 0.9998
Epoch 9/4000
10000/10000 - 1s - loss: 0.9998 - val_loss: 0.9998
Epoch 10/4000
10000/10000 - 1s - loss: 0.9998 - val_loss: 0.9998
Epoch 11/4000
10000/10000 - 1s - loss: 0.9998 - val_loss: 0.9998
Epoch 12/4000
10000/10000 - 1s - loss: 0.9997 - val_loss: 0.9997
Epoch 13/4000
10000/10000 - 1s - loss: 0.9995 - val_loss: 0.9992
Epoch 14/4000
10000/10000 - 1s - loss: 0.8779 - val_loss: 0.5963
Epoch 15/4000
10000/10000 - 1s - loss: 0.3440 - val_loss: 0.1949
Epoch 16/4000
10000/10000 - 1s - loss: 0.1424 - val_loss: 0.0788
Epoch 17/4000
10000/10000 - 1s - loss: 0.1085 - val_loss: 0.0742
Epoch 18/4000
10000/10000 - 1s - loss: 0.0937 - val_loss: 0.0657
Epoch 19/4000
10000/10000 - 1s - loss: 0.0767 - val_loss: 0.0574
Epoch 20/4000
10000/10000 - 1s - loss: 0.0676 - val_loss: 0.0628
Epoch 21/4000
10000/10000 - 1s - loss: 0.0620 - val_loss: 0.0512
Epoch 22/4000
10000/10000 - 1s - loss: 0.0555 - val_loss: 0.0471
Epoch 23/4000
10000/10000 - 1s - loss: 0.0492 - val_loss: 0.0344
Epoch 24/4000
10000/10000 - 1s - loss: 0.0480 - val_loss: 0.0263
Epoch 25/4000
10000/10000 - 1s - loss: 0.0436 - val_loss: 0.0366
Epoch 26/4000
10000/10000 - 1s - loss: 0.0403 - val_loss: 0.0316
Epoch 27/4000
10000/10000 - 1s - loss: 0.0367 - val_loss: 0.2111
Epoch 28/4000
10000/10000 - 1s - loss: 0.0394 - val_loss: 0.0288
Epoch 29/4000
10000/10000 - 1s - loss: 0.0340 - val_loss: 0.0209
Epoch 30/4000
10000/10000 - 1s - loss: 0.0349 - val_loss: 0.0995
Epoch 31/4000
10000/10000 - 1s - loss: 0.0338 - val_loss: 0.0197
Epoch 32/4000
10000/10000 - 1s - loss: 0.0303 - val_loss: 0.0806
Epoch 33/4000
10000/10000 - 1s - loss: 0.0288 - val_loss: 0.0233
Epoch 34/4000
10000/10000 - 1s - loss: 0.0280 - val_loss: 0.0227
Epoch 35/4000
10000/10000 - 1s - loss: 0.0283 - val_loss: 0.0180
Epoch 36/4000
10000/10000 - 1s - loss: 0.0265 - val_loss: 0.0845
Epoch 37/4000
10000/10000 - 1s - loss: 0.0251 - val_loss: 0.0164
Epoch 38/4000
10000/10000 - 1s - loss: 0.0260 - val_loss: 0.0163
Epoch 39/4000
10000/10000 - 1s - loss: 0.0238 - val_loss: 0.0151
Epoch 40/4000
10000/10000 - 1s - loss: 0.0235 - val_loss: 0.0200
Epoch 41/4000
10000/10000 - 1s - loss: 0.0239 - val_loss: 0.0872
Epoch 42/4000
10000/10000 - 1s - loss: 0.0235 - val_loss: 0.0170
Epoch 43/4000
10000/10000 - 1s - loss: 0.0216 - val_loss: 0.0898
Epoch 44/4000
10000/10000 - 1s - loss: 0.0233 - val_loss: 0.0194
Epoch 45/4000
10000/10000 - 1s - loss: 0.0193 - val_loss: 0.0134
Epoch 46/4000
10000/10000 - 1s - loss: 0.0198 - val_loss: 0.0202
Epoch 47/4000
10000/10000 - 1s - loss: 0.0203 - val_loss: 0.0234
Epoch 48/4000
10000/10000 - 1s - loss: 0.0200 - val_loss: 0.0127
Epoch 49/4000
10000/10000 - 1s - loss: 0.0188 - val_loss: 0.0126
Epoch 50/4000
10000/10000 - 1s - loss: 0.0188 - val_loss: 0.0171
Epoch 51/4000
10000/10000 - 1s - loss: 0.0180 - val_loss: 0.0122
Epoch 52/4000
10000/10000 - 1s - loss: 0.0171 - val_loss: 0.0121
Epoch 53/4000
10000/10000 - 1s - loss: 0.0173 - val_loss: 0.0238
Epoch 54/4000
10000/10000 - 1s - loss: 0.0184 - val_loss: 0.0161
Epoch 55/4000
10000/10000 - 1s - loss: 0.0164 - val_loss: 0.0127
Epoch 56/4000
10000/10000 - 1s - loss: 0.0175 - val_loss: 0.0206
Epoch 57/4000
10000/10000 - 1s - loss: 0.0155 - val_loss: 0.0147
Epoch 58/4000
10000/10000 - 1s - loss: 0.0163 - val_loss: 0.0412
Epoch 59/4000
10000/10000 - 1s - loss: 0.0153 - val_loss: 0.0116
Epoch 60/4000
10000/10000 - 1s - loss: 0.0150 - val_loss: 0.0250
Epoch 61/4000
10000/10000 - 1s - loss: 0.0164 - val_loss: 0.0201
Epoch 62/4000
10000/10000 - 1s - loss: 0.0159 - val_loss: 0.0127
Epoch 63/4000
10000/10000 - 1s - loss: 0.0142 - val_loss: 0.0116
Epoch 64/4000
10000/10000 - 1s - loss: 0.0155 - val_loss: 0.0119
Epoch 65/4000
10000/10000 - 1s - loss: 0.0131 - val_loss: 0.0119
Epoch 66/4000
10000/10000 - 1s - loss: 0.0142 - val_loss: 0.0123
Epoch 67/4000
10000/10000 - 1s - loss: 0.0144 - val_loss: 0.0229
Epoch 68/4000
10000/10000 - 1s - loss: 0.0118 - val_loss: 0.0106
Epoch 69/4000
10000/10000 - 1s - loss: 0.0143 - val_loss: 0.0108
Epoch 70/4000
10000/10000 - 1s - loss: 0.0158 - val_loss: 0.0134
Epoch 71/4000
10000/10000 - 1s - loss: 0.0149 - val_loss: 0.0135
Epoch 72/4000
10000/10000 - 1s - loss: 0.0136 - val_loss: 0.0112
Epoch 73/4000
10000/10000 - 1s - loss: 0.0142 - val_loss: 0.0167
Epoch 74/4000
10000/10000 - 1s - loss: 0.0139 - val_loss: 0.0192
Epoch 75/4000
10000/10000 - 1s - loss: 0.0136 - val_loss: 0.0107
Epoch 76/4000
10000/10000 - 1s - loss: 0.0141 - val_loss: 0.0125
Epoch 77/4000
10000/10000 - 1s - loss: 0.0127 - val_loss: 0.0144
Epoch 78/4000
10000/10000 - 1s - loss: 0.0123 - val_loss: 0.0099
Epoch 79/4000
10000/10000 - 1s - loss: 0.0123 - val_loss: 0.0106
Epoch 80/4000
10000/10000 - 1s - loss: 0.0132 - val_loss: 0.0105
Epoch 81/4000
10000/10000 - 1s - loss: 0.0132 - val_loss: 0.0110
Epoch 82/4000
10000/10000 - 1s - loss: 0.0131 - val_loss: 0.0117
Epoch 83/4000
10000/10000 - 1s - loss: 0.0122 - val_loss: 0.0336
Epoch 84/4000
10000/10000 - 1s - loss: 0.0124 - val_loss: 0.0098
Epoch 85/4000
10000/10000 - 1s - loss: 0.0105 - val_loss: 0.0097
Epoch 86/4000
10000/10000 - 1s - loss: 0.0121 - val_loss: 0.0230
Epoch 87/4000
10000/10000 - 1s - loss: 0.0128 - val_loss: 0.0102
Epoch 88/4000
10000/10000 - 1s - loss: 0.0142 - val_loss: 0.0110
Epoch 89/4000
10000/10000 - 1s - loss: 0.0119 - val_loss: 0.0099
Epoch 90/4000
10000/10000 - 1s - loss: 0.0122 - val_loss: 0.0117
Epoch 91/4000
10000/10000 - 1s - loss: 0.0120 - val_loss: 0.0103
Epoch 92/4000
10000/10000 - 1s - loss: 0.0129 - val_loss: 0.0172
Epoch 93/4000
10000/10000 - 1s - loss: 0.0120 - val_loss: 0.0097
Epoch 94/4000
10000/10000 - 1s - loss: 0.0127 - val_loss: 0.0191
Epoch 95/4000
10000/10000 - 1s - loss: 0.0121 - val_loss: 0.0121
Epoch 96/4000
10000/10000 - 1s - loss: 0.0113 - val_loss: 0.0093
Epoch 97/4000
10000/10000 - 1s - loss: 0.0107 - val_loss: 0.0097
Epoch 98/4000
10000/10000 - 1s - loss: 0.0110 - val_loss: 0.0113
Epoch 99/4000
10000/10000 - 1s - loss: 0.0111 - val_loss: 0.0163
Epoch 100/4000
10000/10000 - 1s - loss: 0.0132 - val_loss: 0.0106
Epoch 101/4000
10000/10000 - 1s - loss: 0.0101 - val_loss: 0.0146
Epoch 102/4000
10000/10000 - 1s - loss: 0.0124 - val_loss: 0.0133
Epoch 103/4000
10000/10000 - 1s - loss: 0.0109 - val_loss: 0.0104
Epoch 104/4000
10000/10000 - 1s - loss: 0.0116 - val_loss: 0.0132
Epoch 105/4000
10000/10000 - 1s - loss: 0.0108 - val_loss: 0.0111
Epoch 106/4000
10000/10000 - 1s - loss: 0.0105 - val_loss: 0.0096
Epoch 107/4000
10000/10000 - 1s - loss: 0.0113 - val_loss: 0.0126
Jaccard on test set for oubli 65 run 3 0.529527898136333
oubli 0.65, run 4, patience 8
Train on 10000 samples, validate on 1000 samples
Epoch 1/4000
10000/10000 - 2s - loss: 0.9933 - val_loss: 0.9998
Epoch 2/4000
10000/10000 - 1s - loss: 0.9998 - val_loss: 0.9998
Epoch 3/4000
10000/10000 - 1s - loss: 0.9998 - val_loss: 0.9998
Epoch 4/4000
10000/10000 - 1s - loss: 0.9998 - val_loss: 0.9998
Epoch 5/4000
10000/10000 - 1s - loss: 0.9998 - val_loss: 0.9998
Epoch 6/4000
10000/10000 - 1s - loss: 0.9998 - val_loss: 0.9998
Epoch 7/4000
10000/10000 - 1s - loss: 0.9997 - val_loss: 0.9997
Epoch 8/4000
10000/10000 - 1s - loss: 0.9997 - val_loss: 0.9996
Epoch 9/4000
10000/10000 - 1s - loss: 0.9996 - val_loss: 0.9995
Epoch 10/4000
10000/10000 - 1s - loss: 0.9994 - val_loss: 0.9992
Epoch 11/4000
10000/10000 - 1s - loss: 0.9720 - val_loss: 0.6226
Epoch 12/4000
10000/10000 - 1s - loss: 0.7177 - val_loss: 0.3336
Epoch 13/4000
10000/10000 - 1s - loss: 0.2927 - val_loss: 0.2107
Epoch 14/4000
10000/10000 - 1s - loss: 0.1752 - val_loss: 0.1675
Epoch 15/4000
10000/10000 - 1s - loss: 0.1319 - val_loss: 0.1012
Epoch 16/4000
10000/10000 - 1s - loss: 0.1000 - val_loss: 0.1960
Epoch 17/4000
10000/10000 - 1s - loss: 0.0854 - val_loss: 0.1600
Epoch 18/4000
10000/10000 - 1s - loss: 0.0697 - val_loss: 0.2032
Epoch 19/4000
10000/10000 - 1s - loss: 0.0606 - val_loss: 0.0552
Epoch 20/4000
10000/10000 - 1s - loss: 0.0537 - val_loss: 0.0594
Epoch 21/4000
10000/10000 - 1s - loss: 0.0527 - val_loss: 0.0477
Epoch 22/4000
10000/10000 - 1s - loss: 0.0462 - val_loss: 0.0444
Epoch 23/4000
10000/10000 - 1s - loss: 0.0481 - val_loss: 0.0354
Epoch 24/4000
10000/10000 - 1s - loss: 0.0435 - val_loss: 0.1110
Epoch 25/4000
10000/10000 - 1s - loss: 0.0427 - val_loss: 0.0310
Epoch 26/4000
10000/10000 - 1s - loss: 0.0392 - val_loss: 0.1149
Epoch 27/4000
10000/10000 - 1s - loss: 0.0374 - val_loss: 0.0819
Epoch 28/4000
10000/10000 - 1s - loss: 0.0377 - val_loss: 0.0240
Epoch 29/4000
10000/10000 - 1s - loss: 0.0366 - val_loss: 0.0219
Epoch 30/4000
10000/10000 - 1s - loss: 0.0325 - val_loss: 0.1110
Epoch 31/4000
10000/10000 - 1s - loss: 0.0347 - val_loss: 0.0305
Epoch 32/4000
10000/10000 - 1s - loss: 0.0315 - val_loss: 0.0407
Epoch 33/4000
10000/10000 - 1s - loss: 0.0277 - val_loss: 0.0202
Epoch 34/4000
10000/10000 - 1s - loss: 0.0269 - val_loss: 0.0168
Epoch 35/4000
10000/10000 - 1s - loss: 0.0277 - val_loss: 0.0190
Epoch 36/4000
10000/10000 - 1s - loss: 0.0286 - val_loss: 0.1285
Epoch 37/4000
10000/10000 - 1s - loss: 0.0287 - val_loss: 0.0182
Epoch 38/4000
10000/10000 - 1s - loss: 0.0208 - val_loss: 0.0166
Epoch 39/4000
10000/10000 - 1s - loss: 0.0270 - val_loss: 0.0185
Epoch 40/4000
10000/10000 - 1s - loss: 0.0270 - val_loss: 0.0232
Epoch 41/4000
10000/10000 - 1s - loss: 0.0240 - val_loss: 0.1099
Epoch 42/4000
10000/10000 - 1s - loss: 0.0256 - val_loss: 0.0378
Epoch 43/4000
10000/10000 - 1s - loss: 0.0260 - val_loss: 0.0156
Epoch 44/4000
10000/10000 - 1s - loss: 0.0220 - val_loss: 0.0150
Epoch 45/4000
10000/10000 - 1s - loss: 0.0221 - val_loss: 0.0241
Epoch 46/4000
10000/10000 - 1s - loss: 0.0217 - val_loss: 0.0170
Epoch 47/4000
10000/10000 - 1s - loss: 0.0221 - val_loss: 0.0160
Epoch 48/4000
10000/10000 - 1s - loss: 0.0206 - val_loss: 0.0146
Epoch 49/4000
10000/10000 - 1s - loss: 0.0203 - val_loss: 0.0145
Epoch 50/4000
10000/10000 - 1s - loss: 0.0188 - val_loss: 0.0923
Epoch 51/4000
10000/10000 - 1s - loss: 0.0209 - val_loss: 0.0186
Epoch 52/4000
10000/10000 - 1s - loss: 0.0188 - val_loss: 0.0376
Epoch 53/4000
10000/10000 - 1s - loss: 0.0190 - val_loss: 0.0156
Epoch 54/4000
10000/10000 - 1s - loss: 0.0164 - val_loss: 0.0197
Epoch 55/4000
10000/10000 - 1s - loss: 0.0195 - val_loss: 0.0174
Epoch 56/4000
10000/10000 - 1s - loss: 0.0182 - val_loss: 0.0164
Epoch 57/4000
10000/10000 - 1s - loss: 0.0190 - val_loss: 0.0123
Epoch 58/4000
10000/10000 - 1s - loss: 0.0163 - val_loss: 0.0160
Epoch 59/4000
10000/10000 - 1s - loss: 0.0167 - val_loss: 0.0544
Epoch 60/4000
10000/10000 - 1s - loss: 0.0162 - val_loss: 0.0137
Epoch 61/4000
10000/10000 - 1s - loss: 0.0175 - val_loss: 0.0178
Epoch 62/4000
10000/10000 - 1s - loss: 0.0173 - val_loss: 0.0136
Epoch 63/4000
10000/10000 - 1s - loss: 0.0166 - val_loss: 0.0158
Epoch 64/4000
10000/10000 - 1s - loss: 0.0163 - val_loss: 0.0503
Epoch 65/4000
10000/10000 - 1s - loss: 0.0167 - val_loss: 0.0165
Jaccard on test set for oubli 65 run 4 0.5381848873949687
Saved model oubli 65 to disk
oubli 0.7, run 0, patience 20
Train on 10000 samples, validate on 1000 samples
Epoch 1/4000
10000/10000 - 2s - loss: 0.8757 - val_loss: 0.7323
Epoch 2/4000
10000/10000 - 1s - loss: 0.7262 - val_loss: 0.7576
Epoch 3/4000
10000/10000 - 1s - loss: 0.6949 - val_loss: 0.7366
Epoch 4/4000
10000/10000 - 1s - loss: 0.6797 - val_loss: 0.6756
Epoch 5/4000
10000/10000 - 1s - loss: 0.6738 - val_loss: 0.6995
Epoch 6/4000
10000/10000 - 1s - loss: 0.6698 - val_loss: 0.6696
Epoch 7/4000
10000/10000 - 1s - loss: 0.6667 - val_loss: 0.6676
Epoch 8/4000
10000/10000 - 1s - loss: 0.6669 - val_loss: 0.6896
Epoch 9/4000
10000/10000 - 1s - loss: 0.6635 - val_loss: 0.6710
Epoch 10/4000
10000/10000 - 1s - loss: 0.6604 - val_loss: 0.6723
Epoch 11/4000
10000/10000 - 1s - loss: 0.6623 - val_loss: 0.6674
Epoch 12/4000
10000/10000 - 1s - loss: 0.6606 - val_loss: 0.6635
Epoch 13/4000
10000/10000 - 1s - loss: 0.6577 - val_loss: 0.7532
Epoch 14/4000
10000/10000 - 1s - loss: 0.6604 - val_loss: 0.7141
Epoch 15/4000
10000/10000 - 1s - loss: 0.6583 - val_loss: 0.6848
Epoch 16/4000
10000/10000 - 1s - loss: 0.6587 - val_loss: 0.6767
Epoch 17/4000
10000/10000 - 1s - loss: 0.6560 - val_loss: 0.6616
Epoch 18/4000
10000/10000 - 1s - loss: 0.6563 - val_loss: 0.6623
Epoch 19/4000
10000/10000 - 1s - loss: 0.6549 - val_loss: 0.6606
Epoch 20/4000
10000/10000 - 1s - loss: 0.6578 - val_loss: 0.6667
Epoch 21/4000
10000/10000 - 1s - loss: 0.6561 - val_loss: 0.6662
Epoch 22/4000
10000/10000 - 1s - loss: 0.6549 - val_loss: 0.6629
Epoch 23/4000
10000/10000 - 1s - loss: 0.6562 - val_loss: 0.6967
Epoch 24/4000
10000/10000 - 1s - loss: 0.6546 - val_loss: 0.6620
Epoch 25/4000
10000/10000 - 1s - loss: 0.6547 - val_loss: 0.6656
Epoch 26/4000
10000/10000 - 1s - loss: 0.6540 - val_loss: 0.6751
Epoch 27/4000
10000/10000 - 1s - loss: 0.6548 - val_loss: 0.6703
Epoch 28/4000
10000/10000 - 1s - loss: 0.6531 - val_loss: 0.6649
Epoch 29/4000
10000/10000 - 1s - loss: 0.6524 - val_loss: 0.6740
Epoch 30/4000
10000/10000 - 1s - loss: 0.6535 - val_loss: 0.6584
Epoch 31/4000
10000/10000 - 1s - loss: 0.6529 - val_loss: 0.6571
Epoch 32/4000
10000/10000 - 1s - loss: 0.6530 - val_loss: 0.6782
Epoch 33/4000
10000/10000 - 1s - loss: 0.6530 - val_loss: 0.6570
Epoch 34/4000
10000/10000 - 1s - loss: 0.6511 - val_loss: 0.7875
Epoch 35/4000
10000/10000 - 1s - loss: 0.6534 - val_loss: 0.6755
Epoch 36/4000
10000/10000 - 1s - loss: 0.6510 - val_loss: 0.6611
Epoch 37/4000
10000/10000 - 1s - loss: 0.6508 - val_loss: 0.6595
Epoch 38/4000
10000/10000 - 1s - loss: 0.6515 - val_loss: 0.6555
Epoch 39/4000
10000/10000 - 1s - loss: 0.6503 - val_loss: 0.6607
Epoch 40/4000
10000/10000 - 1s - loss: 0.6504 - val_loss: 0.6546
Epoch 41/4000
10000/10000 - 1s - loss: 0.6497 - val_loss: 0.6568
Epoch 42/4000
10000/10000 - 1s - loss: 0.6511 - val_loss: 0.6748
Epoch 43/4000
10000/10000 - 1s - loss: 0.6513 - val_loss: 0.6581
Epoch 44/4000
10000/10000 - 1s - loss: 0.6528 - val_loss: 0.6572
Epoch 45/4000
10000/10000 - 1s - loss: 0.6497 - val_loss: 0.6576
Epoch 46/4000
10000/10000 - 1s - loss: 0.6505 - val_loss: 0.6560
Epoch 47/4000
10000/10000 - 1s - loss: 0.6499 - val_loss: 0.6551
Epoch 48/4000
10000/10000 - 1s - loss: 0.6495 - val_loss: 0.6606
Epoch 49/4000
10000/10000 - 1s - loss: 0.6486 - val_loss: 0.6674
Epoch 50/4000
10000/10000 - 1s - loss: 0.6485 - val_loss: 0.6651
Epoch 51/4000
10000/10000 - 1s - loss: 0.6510 - val_loss: 0.6552
Epoch 52/4000
10000/10000 - 1s - loss: 0.6495 - val_loss: 0.6550
Epoch 53/4000
10000/10000 - 1s - loss: 0.6490 - val_loss: 0.6952
Epoch 54/4000
10000/10000 - 1s - loss: 0.6512 - val_loss: 0.6608
Epoch 55/4000
10000/10000 - 1s - loss: 0.6478 - val_loss: 0.6628
Epoch 56/4000
10000/10000 - 1s - loss: 0.6485 - val_loss: 0.6679
Epoch 57/4000
10000/10000 - 1s - loss: 0.6489 - val_loss: 0.6562
Epoch 58/4000
10000/10000 - 1s - loss: 0.6492 - val_loss: 0.6627
Epoch 59/4000
10000/10000 - 1s - loss: 0.6481 - val_loss: 0.6641
Epoch 60/4000
10000/10000 - 1s - loss: 0.6471 - val_loss: 0.6607
Jaccard on test set for oubli 70 run 0 0.4641333803431554
oubli 0.7, run 1, patience 17
Train on 10000 samples, validate on 1000 samples
Epoch 1/4000
10000/10000 - 2s - loss: 0.9090 - val_loss: 0.6730
Epoch 2/4000
10000/10000 - 1s - loss: 0.8444 - val_loss: 0.9976
Epoch 3/4000
10000/10000 - 1s - loss: 0.5424 - val_loss: 0.5052
Epoch 4/4000
10000/10000 - 1s - loss: 0.2908 - val_loss: 0.2397
Epoch 5/4000
10000/10000 - 1s - loss: 0.1893 - val_loss: 0.1168
Epoch 6/4000
10000/10000 - 1s - loss: 0.1372 - val_loss: 0.1515
Epoch 7/4000
10000/10000 - 1s - loss: 0.1090 - val_loss: 0.1473
Epoch 8/4000
10000/10000 - 1s - loss: 0.0937 - val_loss: 0.1001
Epoch 9/4000
10000/10000 - 1s - loss: 0.0829 - val_loss: 0.0981
Epoch 10/4000
10000/10000 - 1s - loss: 0.0722 - val_loss: 0.0515
Epoch 11/4000
10000/10000 - 1s - loss: 0.0714 - val_loss: 0.0933
Epoch 12/4000
10000/10000 - 1s - loss: 0.0675 - val_loss: 0.0422
Epoch 13/4000
10000/10000 - 1s - loss: 0.0613 - val_loss: 0.0876
Epoch 14/4000
10000/10000 - 1s - loss: 0.0594 - val_loss: 0.1046
Epoch 15/4000
10000/10000 - 1s - loss: 0.0572 - val_loss: 0.0413
Epoch 16/4000
10000/10000 - 1s - loss: 0.0520 - val_loss: 0.0408
Epoch 17/4000
10000/10000 - 1s - loss: 0.0527 - val_loss: 0.0352
Epoch 18/4000
10000/10000 - 1s - loss: 0.0515 - val_loss: 0.2588
Epoch 19/4000
10000/10000 - 1s - loss: 0.0522 - val_loss: 0.0316
Epoch 20/4000
10000/10000 - 1s - loss: 0.0412 - val_loss: 0.1451
Epoch 21/4000
10000/10000 - 1s - loss: 0.0501 - val_loss: 0.0441
Epoch 22/4000
10000/10000 - 1s - loss: 0.0477 - val_loss: 0.0340
Epoch 23/4000
10000/10000 - 1s - loss: 0.0417 - val_loss: 0.0476
Epoch 24/4000
10000/10000 - 1s - loss: 0.0447 - val_loss: 0.0698
Epoch 25/4000
10000/10000 - 1s - loss: 0.0422 - val_loss: 0.0352
Epoch 26/4000
10000/10000 - 1s - loss: 0.0409 - val_loss: 0.0305
Epoch 27/4000
10000/10000 - 1s - loss: 0.0389 - val_loss: 0.0307
Epoch 28/4000
10000/10000 - 1s - loss: 0.0415 - val_loss: 0.0895
Epoch 29/4000
10000/10000 - 1s - loss: 0.0396 - val_loss: 0.0559
Epoch 30/4000
10000/10000 - 1s - loss: 0.0388 - val_loss: 0.0805
Epoch 31/4000
10000/10000 - 1s - loss: 0.0377 - val_loss: 0.0334
Epoch 32/4000
10000/10000 - 1s - loss: 0.0395 - val_loss: 0.0675
Epoch 33/4000
10000/10000 - 1s - loss: 0.0371 - val_loss: 0.0251
Epoch 34/4000
10000/10000 - 1s - loss: 0.0380 - val_loss: 0.0316
Epoch 35/4000
10000/10000 - 1s - loss: 0.0347 - val_loss: 0.0246
Epoch 36/4000
10000/10000 - 1s - loss: 0.0355 - val_loss: 0.0274
Epoch 37/4000
10000/10000 - 1s - loss: 0.0337 - val_loss: 0.0273
Epoch 38/4000
10000/10000 - 1s - loss: 0.0354 - val_loss: 0.0331
Epoch 39/4000
10000/10000 - 1s - loss: 0.0336 - val_loss: 0.0273
Epoch 40/4000
10000/10000 - 1s - loss: 0.0320 - val_loss: 0.0239
Epoch 41/4000
10000/10000 - 1s - loss: 0.0334 - val_loss: 0.0336
Epoch 42/4000
10000/10000 - 1s - loss: 0.0324 - val_loss: 0.0253
Epoch 43/4000
10000/10000 - 1s - loss: 0.0330 - val_loss: 0.0250
Epoch 44/4000
10000/10000 - 1s - loss: 0.0325 - val_loss: 0.0247
Epoch 45/4000
10000/10000 - 1s - loss: 0.0333 - val_loss: 0.0611
Epoch 46/4000
10000/10000 - 1s - loss: 0.0307 - val_loss: 0.0233
Epoch 47/4000
10000/10000 - 1s - loss: 0.0286 - val_loss: 0.0293
Epoch 48/4000
10000/10000 - 1s - loss: 0.0314 - val_loss: 0.0628
Epoch 49/4000
10000/10000 - 1s - loss: 0.0311 - val_loss: 0.0524
Epoch 50/4000
10000/10000 - 1s - loss: 0.0316 - val_loss: 0.0226
Epoch 51/4000
10000/10000 - 1s - loss: 0.0305 - val_loss: 0.0441
Epoch 52/4000
10000/10000 - 1s - loss: 0.0302 - val_loss: 0.0411
Epoch 53/4000
10000/10000 - 1s - loss: 0.0305 - val_loss: 0.0285
Epoch 54/4000
10000/10000 - 1s - loss: 0.0278 - val_loss: 0.0235
Epoch 55/4000
10000/10000 - 1s - loss: 0.0265 - val_loss: 0.0250
Epoch 56/4000
10000/10000 - 1s - loss: 0.0302 - val_loss: 0.0398
Epoch 57/4000
10000/10000 - 1s - loss: 0.0279 - val_loss: 0.0218
Epoch 58/4000
10000/10000 - 1s - loss: 0.0279 - val_loss: 0.0231
Epoch 59/4000
10000/10000 - 1s - loss: 0.0287 - val_loss: 0.0372
Epoch 60/4000
10000/10000 - 1s - loss: 0.0274 - val_loss: 0.0225
Epoch 61/4000
10000/10000 - 1s - loss: 0.0282 - val_loss: 0.0206
Epoch 62/4000
10000/10000 - 1s - loss: 0.0272 - val_loss: 0.0225
Epoch 63/4000
10000/10000 - 1s - loss: 0.0261 - val_loss: 0.0270
Epoch 64/4000
10000/10000 - 1s - loss: 0.0256 - val_loss: 0.0245
Epoch 65/4000
10000/10000 - 1s - loss: 0.0279 - val_loss: 0.0203
Epoch 66/4000
10000/10000 - 1s - loss: 0.0267 - val_loss: 0.0225
Epoch 67/4000
10000/10000 - 1s - loss: 0.0274 - val_loss: 0.0247
Epoch 68/4000
10000/10000 - 1s - loss: 0.0266 - val_loss: 0.0203
Epoch 69/4000
10000/10000 - 1s - loss: 0.0269 - val_loss: 0.0200
Epoch 70/4000
10000/10000 - 1s - loss: 0.0244 - val_loss: 0.0228
Epoch 71/4000
10000/10000 - 1s - loss: 0.0263 - val_loss: 0.0204
Epoch 72/4000
10000/10000 - 1s - loss: 0.0260 - val_loss: 0.0240
Epoch 73/4000
10000/10000 - 1s - loss: 0.0256 - val_loss: 0.0254
Epoch 74/4000
10000/10000 - 1s - loss: 0.0255 - val_loss: 0.0196
Epoch 75/4000
10000/10000 - 1s - loss: 0.0230 - val_loss: 0.0705
Epoch 76/4000
10000/10000 - 1s - loss: 0.0272 - val_loss: 0.0206
Epoch 77/4000
10000/10000 - 1s - loss: 0.0248 - val_loss: 0.0330
Epoch 78/4000
10000/10000 - 1s - loss: 0.0262 - val_loss: 0.0189
Epoch 79/4000
10000/10000 - 1s - loss: 0.0250 - val_loss: 0.0224
Epoch 80/4000
10000/10000 - 1s - loss: 0.0255 - val_loss: 0.0235
Epoch 81/4000
10000/10000 - 1s - loss: 0.0255 - val_loss: 0.0261
Epoch 82/4000
10000/10000 - 1s - loss: 0.0237 - val_loss: 0.0425
Epoch 83/4000
10000/10000 - 1s - loss: 0.0241 - val_loss: 0.0340
Epoch 84/4000
10000/10000 - 1s - loss: 0.0236 - val_loss: 0.0192
Epoch 85/4000
10000/10000 - 1s - loss: 0.0233 - val_loss: 0.0240
Epoch 86/4000
10000/10000 - 1s - loss: 0.0238 - val_loss: 0.0191
Epoch 87/4000
10000/10000 - 1s - loss: 0.0242 - val_loss: 0.0183
Epoch 88/4000
10000/10000 - 1s - loss: 0.0232 - val_loss: 0.0193
Epoch 89/4000
10000/10000 - 1s - loss: 0.0219 - val_loss: 0.0186
Epoch 90/4000
10000/10000 - 1s - loss: 0.0238 - val_loss: 0.0339
Epoch 91/4000
10000/10000 - 1s - loss: 0.0240 - val_loss: 0.0182
Epoch 92/4000
10000/10000 - 1s - loss: 0.0243 - val_loss: 0.0258
Epoch 93/4000
10000/10000 - 1s - loss: 0.0244 - val_loss: 0.0204
Epoch 94/4000
10000/10000 - 1s - loss: 0.0219 - val_loss: 0.0393
Epoch 95/4000
10000/10000 - 1s - loss: 0.0244 - val_loss: 0.0184
Epoch 96/4000
10000/10000 - 1s - loss: 0.0216 - val_loss: 0.0174
Epoch 97/4000
10000/10000 - 1s - loss: 0.0238 - val_loss: 0.0176
Epoch 98/4000
10000/10000 - 1s - loss: 0.0242 - val_loss: 0.0188
Epoch 99/4000
10000/10000 - 1s - loss: 0.0231 - val_loss: 0.0195
Epoch 100/4000
10000/10000 - 1s - loss: 0.0244 - val_loss: 0.0196
Epoch 101/4000
10000/10000 - 1s - loss: 0.0214 - val_loss: 0.0300
Epoch 102/4000
10000/10000 - 1s - loss: 0.0217 - val_loss: 0.0245
Epoch 103/4000
10000/10000 - 1s - loss: 0.0225 - val_loss: 0.0269
Epoch 104/4000
10000/10000 - 1s - loss: 0.0227 - val_loss: 0.0194
Epoch 105/4000
10000/10000 - 1s - loss: 0.0238 - val_loss: 0.0351
Epoch 106/4000
10000/10000 - 1s - loss: 0.0229 - val_loss: 0.0185
Epoch 107/4000
10000/10000 - 1s - loss: 0.0217 - val_loss: 0.0201
Epoch 108/4000
10000/10000 - 1s - loss: 0.0224 - val_loss: 0.0203
Epoch 109/4000
10000/10000 - 1s - loss: 0.0229 - val_loss: 0.0171
Epoch 110/4000
10000/10000 - 1s - loss: 0.0203 - val_loss: 0.0664
Epoch 111/4000
10000/10000 - 1s - loss: 0.0230 - val_loss: 0.0183
Epoch 112/4000
10000/10000 - 1s - loss: 0.0226 - val_loss: 0.0195
Epoch 113/4000
10000/10000 - 1s - loss: 0.0231 - val_loss: 0.0172
Epoch 114/4000
10000/10000 - 1s - loss: 0.0206 - val_loss: 0.0237
Epoch 115/4000
10000/10000 - 1s - loss: 0.0221 - val_loss: 0.0223
Epoch 116/4000
10000/10000 - 1s - loss: 0.0208 - val_loss: 0.0192
Epoch 117/4000
10000/10000 - 1s - loss: 0.0225 - val_loss: 0.0180
Epoch 118/4000
10000/10000 - 1s - loss: 0.0220 - val_loss: 0.0170
Epoch 119/4000
10000/10000 - 1s - loss: 0.0214 - val_loss: 0.0207
Epoch 120/4000
10000/10000 - 1s - loss: 0.0212 - val_loss: 0.0166
Epoch 121/4000
10000/10000 - 1s - loss: 0.0205 - val_loss: 0.0180
Epoch 122/4000
10000/10000 - 1s - loss: 0.0214 - val_loss: 0.0169
Epoch 123/4000
10000/10000 - 1s - loss: 0.0206 - val_loss: 0.0198
Epoch 124/4000
10000/10000 - 1s - loss: 0.0214 - val_loss: 0.0168
Epoch 125/4000
10000/10000 - 1s - loss: 0.0199 - val_loss: 0.0455
Epoch 126/4000
10000/10000 - 1s - loss: 0.0223 - val_loss: 0.0207
Epoch 127/4000
10000/10000 - 1s - loss: 0.0205 - val_loss: 0.0165
Epoch 128/4000
10000/10000 - 1s - loss: 0.0217 - val_loss: 0.0177
Epoch 129/4000
10000/10000 - 1s - loss: 0.0201 - val_loss: 0.0183
Epoch 130/4000
10000/10000 - 1s - loss: 0.0199 - val_loss: 0.0175
Epoch 131/4000
10000/10000 - 1s - loss: 0.0199 - val_loss: 0.0223
Epoch 132/4000
10000/10000 - 1s - loss: 0.0215 - val_loss: 0.0370
Epoch 133/4000
10000/10000 - 1s - loss: 0.0187 - val_loss: 0.0178
Epoch 134/4000
10000/10000 - 1s - loss: 0.0214 - val_loss: 0.0210
Epoch 135/4000
10000/10000 - 1s - loss: 0.0199 - val_loss: 0.0192
Epoch 136/4000
10000/10000 - 1s - loss: 0.0210 - val_loss: 0.0227
Epoch 137/4000
10000/10000 - 1s - loss: 0.0202 - val_loss: 0.0338
Epoch 138/4000
10000/10000 - 1s - loss: 0.0190 - val_loss: 0.0464
Epoch 139/4000
10000/10000 - 1s - loss: 0.0212 - val_loss: 0.0272
Epoch 140/4000
10000/10000 - 1s - loss: 0.0206 - val_loss: 0.0165
Epoch 141/4000
10000/10000 - 1s - loss: 0.0191 - val_loss: 0.0588
Epoch 142/4000
10000/10000 - 1s - loss: 0.0215 - val_loss: 0.0282
Epoch 143/4000
10000/10000 - 1s - loss: 0.0223 - val_loss: 0.0189
Epoch 144/4000
10000/10000 - 1s - loss: 0.0180 - val_loss: 0.0209
Jaccard on test set for oubli 70 run 1 0.4634771384489549
oubli 0.7, run 2, patience 14
Train on 10000 samples, validate on 1000 samples
Epoch 1/4000
10000/10000 - 2s - loss: 0.9078 - val_loss: 0.9118
Epoch 2/4000
10000/10000 - 1s - loss: 0.9158 - val_loss: 0.9118
Epoch 3/4000
10000/10000 - 1s - loss: 0.9158 - val_loss: 0.9117
Epoch 4/4000
10000/10000 - 1s - loss: 0.9156 - val_loss: 0.9111
Epoch 5/4000
10000/10000 - 1s - loss: 0.9132 - val_loss: 0.9991
Epoch 6/4000
10000/10000 - 1s - loss: 0.8290 - val_loss: 0.7386
Epoch 7/4000
10000/10000 - 1s - loss: 0.3655 - val_loss: 0.2142
Epoch 8/4000
10000/10000 - 1s - loss: 0.1598 - val_loss: 0.0825
Epoch 9/4000
10000/10000 - 1s - loss: 0.1160 - val_loss: 0.0701
Epoch 10/4000
10000/10000 - 1s - loss: 0.0912 - val_loss: 0.0819
Epoch 11/4000
10000/10000 - 1s - loss: 0.0766 - val_loss: 0.1357
Epoch 12/4000
10000/10000 - 1s - loss: 0.0717 - val_loss: 0.0933
Epoch 13/4000
10000/10000 - 1s - loss: 0.0625 - val_loss: 0.0404
Epoch 14/4000
10000/10000 - 1s - loss: 0.0537 - val_loss: 0.0448
Epoch 15/4000
10000/10000 - 1s - loss: 0.0512 - val_loss: 0.0296
Epoch 16/4000
10000/10000 - 1s - loss: 0.0467 - val_loss: 0.1338
Epoch 17/4000
10000/10000 - 1s - loss: 0.0448 - val_loss: 0.0857
Epoch 18/4000
10000/10000 - 1s - loss: 0.0419 - val_loss: 0.0291
Epoch 19/4000
10000/10000 - 1s - loss: 0.0402 - val_loss: 0.0385
Epoch 20/4000
10000/10000 - 1s - loss: 0.0330 - val_loss: 0.0732
Epoch 21/4000
10000/10000 - 1s - loss: 0.0415 - val_loss: 0.0225
Epoch 22/4000
10000/10000 - 1s - loss: 0.0347 - val_loss: 0.0243
Epoch 23/4000
10000/10000 - 1s - loss: 0.0353 - val_loss: 0.0546
Epoch 24/4000
10000/10000 - 1s - loss: 0.0306 - val_loss: 0.0265
Epoch 25/4000
10000/10000 - 1s - loss: 0.0346 - val_loss: 0.0326
Epoch 26/4000
10000/10000 - 1s - loss: 0.0308 - val_loss: 0.0196
Epoch 27/4000
10000/10000 - 1s - loss: 0.0284 - val_loss: 0.0710
Epoch 28/4000
10000/10000 - 1s - loss: 0.0305 - val_loss: 0.0196
Epoch 29/4000
10000/10000 - 1s - loss: 0.0276 - val_loss: 0.0224
Epoch 30/4000
10000/10000 - 1s - loss: 0.0271 - val_loss: 0.0292
Epoch 31/4000
10000/10000 - 1s - loss: 0.0276 - val_loss: 0.0173
Epoch 32/4000
10000/10000 - 1s - loss: 0.0276 - val_loss: 0.0245
Epoch 33/4000
10000/10000 - 1s - loss: 0.0265 - val_loss: 0.0178
Epoch 34/4000
10000/10000 - 1s - loss: 0.0249 - val_loss: 0.0214
Epoch 35/4000
10000/10000 - 1s - loss: 0.0254 - val_loss: 0.0170
Epoch 36/4000
10000/10000 - 1s - loss: 0.0254 - val_loss: 0.0300
Epoch 37/4000
10000/10000 - 1s - loss: 0.0237 - val_loss: 0.0202
Epoch 38/4000
10000/10000 - 1s - loss: 0.0231 - val_loss: 0.0161
Epoch 39/4000
10000/10000 - 1s - loss: 0.0212 - val_loss: 0.0247
Epoch 40/4000
10000/10000 - 1s - loss: 0.0248 - val_loss: 0.0152
Epoch 41/4000
10000/10000 - 1s - loss: 0.0222 - val_loss: 0.0544
Epoch 42/4000
10000/10000 - 1s - loss: 0.0217 - val_loss: 0.0219
Epoch 43/4000
10000/10000 - 1s - loss: 0.0200 - val_loss: 0.0157
Epoch 44/4000
10000/10000 - 1s - loss: 0.0219 - val_loss: 0.0184
Epoch 45/4000
10000/10000 - 1s - loss: 0.0218 - val_loss: 0.0240
Epoch 46/4000
10000/10000 - 1s - loss: 0.0218 - val_loss: 0.0223
Epoch 47/4000
10000/10000 - 1s - loss: 0.0201 - val_loss: 0.0185
Epoch 48/4000
10000/10000 - 1s - loss: 0.0207 - val_loss: 0.0183
Epoch 49/4000
10000/10000 - 1s - loss: 0.0193 - val_loss: 0.0141
Epoch 50/4000
10000/10000 - 1s - loss: 0.0198 - val_loss: 0.0141
Epoch 51/4000
10000/10000 - 1s - loss: 0.0199 - val_loss: 0.0535
Epoch 52/4000
10000/10000 - 1s - loss: 0.0185 - val_loss: 0.0135
Epoch 53/4000
10000/10000 - 1s - loss: 0.0190 - val_loss: 0.0164
Epoch 54/4000
10000/10000 - 1s - loss: 0.0188 - val_loss: 0.0130
Epoch 55/4000
10000/10000 - 1s - loss: 0.0198 - val_loss: 0.0132
Epoch 56/4000
10000/10000 - 1s - loss: 0.0173 - val_loss: 0.0128
Epoch 57/4000
10000/10000 - 1s - loss: 0.0180 - val_loss: 0.0156
Epoch 58/4000
10000/10000 - 1s - loss: 0.0166 - val_loss: 0.0140
Epoch 59/4000
10000/10000 - 1s - loss: 0.0188 - val_loss: 0.0126
Epoch 60/4000
10000/10000 - 1s - loss: 0.0167 - val_loss: 0.0133
Epoch 61/4000
10000/10000 - 1s - loss: 0.0173 - val_loss: 0.0122
Epoch 62/4000
10000/10000 - 1s - loss: 0.0171 - val_loss: 0.0149
Epoch 63/4000
10000/10000 - 1s - loss: 0.0174 - val_loss: 0.0126
Epoch 64/4000
10000/10000 - 1s - loss: 0.0158 - val_loss: 0.0119
Epoch 65/4000
10000/10000 - 1s - loss: 0.0152 - val_loss: 0.0148
Epoch 66/4000
10000/10000 - 1s - loss: 0.0158 - val_loss: 0.0127
Epoch 67/4000
10000/10000 - 1s - loss: 0.0161 - val_loss: 0.0118
Epoch 68/4000
10000/10000 - 1s - loss: 0.0157 - val_loss: 0.0152
Epoch 69/4000
10000/10000 - 1s - loss: 0.0161 - val_loss: 0.0229
Epoch 70/4000
10000/10000 - 1s - loss: 0.0151 - val_loss: 0.0264
Epoch 71/4000
10000/10000 - 1s - loss: 0.0147 - val_loss: 0.0136
Epoch 72/4000
10000/10000 - 1s - loss: 0.0140 - val_loss: 0.0128
Epoch 73/4000
10000/10000 - 1s - loss: 0.0150 - val_loss: 0.0226
Epoch 74/4000
10000/10000 - 1s - loss: 0.0160 - val_loss: 0.0112
Epoch 75/4000
10000/10000 - 1s - loss: 0.0148 - val_loss: 0.0115
Epoch 76/4000
10000/10000 - 1s - loss: 0.0150 - val_loss: 0.0797
Epoch 77/4000
10000/10000 - 1s - loss: 0.0162 - val_loss: 0.0194
Epoch 78/4000
10000/10000 - 1s - loss: 0.0151 - val_loss: 0.0169
Epoch 79/4000
10000/10000 - 1s - loss: 0.0138 - val_loss: 0.0423
Epoch 80/4000
10000/10000 - 1s - loss: 0.0152 - val_loss: 0.0110
Epoch 81/4000
10000/10000 - 1s - loss: 0.0140 - val_loss: 0.0307
Epoch 82/4000
10000/10000 - 1s - loss: 0.0163 - val_loss: 0.0113
Epoch 83/4000
10000/10000 - 1s - loss: 0.0137 - val_loss: 0.0114
Epoch 84/4000
10000/10000 - 1s - loss: 0.0121 - val_loss: 0.0104
Epoch 85/4000
10000/10000 - 1s - loss: 0.0139 - val_loss: 0.0219
Epoch 86/4000
10000/10000 - 1s - loss: 0.0136 - val_loss: 0.0105
Epoch 87/4000
10000/10000 - 1s - loss: 0.0133 - val_loss: 0.0108
Epoch 88/4000
10000/10000 - 1s - loss: 0.0129 - val_loss: 0.0131
Epoch 89/4000
10000/10000 - 1s - loss: 0.0147 - val_loss: 0.0203
Epoch 90/4000
10000/10000 - 1s - loss: 0.0139 - val_loss: 0.0329
Epoch 91/4000
10000/10000 - 1s - loss: 0.0127 - val_loss: 0.0106
Epoch 92/4000
10000/10000 - 1s - loss: 0.0139 - val_loss: 0.0585
Epoch 93/4000
10000/10000 - 1s - loss: 0.0146 - val_loss: 0.0114
Epoch 94/4000
10000/10000 - 1s - loss: 0.0125 - val_loss: 0.0198
Epoch 95/4000
10000/10000 - 1s - loss: 0.0122 - val_loss: 0.0107
Epoch 96/4000
10000/10000 - 1s - loss: 0.0126 - val_loss: 0.0192
Epoch 97/4000
10000/10000 - 1s - loss: 0.0132 - val_loss: 0.0822
Epoch 98/4000
10000/10000 - 1s - loss: 0.0130 - val_loss: 0.0104
Jaccard on test set for oubli 70 run 2 0.4626038077377168
oubli 0.7, run 3, patience 11
Train on 10000 samples, validate on 1000 samples
Epoch 1/4000
10000/10000 - 2s - loss: 0.8434 - val_loss: 0.7623
Epoch 2/4000
10000/10000 - 1s - loss: 0.6355 - val_loss: 0.5839
Epoch 3/4000
10000/10000 - 1s - loss: 0.4126 - val_loss: 0.4624
Epoch 4/4000
10000/10000 - 1s - loss: 0.2983 - val_loss: 0.1999
Epoch 5/4000
10000/10000 - 1s - loss: 0.1934 - val_loss: 0.1512
Epoch 6/4000
10000/10000 - 1s - loss: 0.1265 - val_loss: 0.1416
Epoch 7/4000
10000/10000 - 1s - loss: 0.1017 - val_loss: 0.0592
Epoch 8/4000
10000/10000 - 1s - loss: 0.0827 - val_loss: 0.0546
Epoch 9/4000
10000/10000 - 1s - loss: 0.0763 - val_loss: 0.0543
Epoch 10/4000
10000/10000 - 1s - loss: 0.0633 - val_loss: 0.0917
Epoch 11/4000
10000/10000 - 1s - loss: 0.0656 - val_loss: 0.0564
Epoch 12/4000
10000/10000 - 1s - loss: 0.0552 - val_loss: 0.1857
Epoch 13/4000
10000/10000 - 1s - loss: 0.0545 - val_loss: 0.0330
Epoch 14/4000
10000/10000 - 1s - loss: 0.0481 - val_loss: 0.0734
Epoch 15/4000
10000/10000 - 1s - loss: 0.0498 - val_loss: 0.0851
Epoch 16/4000
10000/10000 - 1s - loss: 0.0435 - val_loss: 0.0342
Epoch 17/4000
10000/10000 - 1s - loss: 0.0392 - val_loss: 0.0656
Epoch 18/4000
10000/10000 - 1s - loss: 0.0439 - val_loss: 0.0581
Epoch 19/4000
10000/10000 - 1s - loss: 0.0383 - val_loss: 0.0252
Epoch 20/4000
10000/10000 - 1s - loss: 0.0392 - val_loss: 0.0349
Epoch 21/4000
10000/10000 - 1s - loss: 0.0349 - val_loss: 0.0421
Epoch 22/4000
10000/10000 - 1s - loss: 0.0364 - val_loss: 0.0339
Epoch 23/4000
10000/10000 - 1s - loss: 0.0324 - val_loss: 0.0224
Epoch 24/4000
10000/10000 - 1s - loss: 0.0332 - val_loss: 0.0313
Epoch 25/4000
10000/10000 - 1s - loss: 0.0340 - val_loss: 0.0226
Epoch 26/4000
10000/10000 - 1s - loss: 0.0290 - val_loss: 0.0363
Epoch 27/4000
10000/10000 - 1s - loss: 0.0300 - val_loss: 0.0280
Epoch 28/4000
10000/10000 - 1s - loss: 0.0294 - val_loss: 0.0784
Epoch 29/4000
10000/10000 - 1s - loss: 0.0268 - val_loss: 0.0420
Epoch 30/4000
10000/10000 - 1s - loss: 0.0306 - val_loss: 0.0209
Epoch 31/4000
10000/10000 - 1s - loss: 0.0276 - val_loss: 0.0188
Epoch 32/4000
10000/10000 - 1s - loss: 0.0234 - val_loss: 0.0580
Epoch 33/4000
10000/10000 - 1s - loss: 0.0265 - val_loss: 0.0356
Epoch 34/4000
10000/10000 - 1s - loss: 0.0275 - val_loss: 0.0188
Epoch 35/4000
10000/10000 - 1s - loss: 0.0267 - val_loss: 0.0540
Epoch 36/4000
10000/10000 - 1s - loss: 0.0265 - val_loss: 0.0194
Epoch 37/4000
10000/10000 - 1s - loss: 0.0234 - val_loss: 0.0200
Epoch 38/4000
10000/10000 - 1s - loss: 0.0240 - val_loss: 0.0167
Epoch 39/4000
10000/10000 - 1s - loss: 0.0246 - val_loss: 0.0165
Epoch 40/4000
10000/10000 - 1s - loss: 0.0221 - val_loss: 0.0214
Epoch 41/4000
10000/10000 - 1s - loss: 0.0246 - val_loss: 0.0159
Epoch 42/4000
10000/10000 - 1s - loss: 0.0215 - val_loss: 0.0198
Epoch 43/4000
10000/10000 - 1s - loss: 0.0236 - val_loss: 0.0307
Epoch 44/4000
10000/10000 - 1s - loss: 0.0224 - val_loss: 0.0235
Epoch 45/4000
10000/10000 - 1s - loss: 0.0220 - val_loss: 0.0275
Epoch 46/4000
10000/10000 - 1s - loss: 0.0217 - val_loss: 0.0231
Epoch 47/4000
10000/10000 - 1s - loss: 0.0216 - val_loss: 0.0167
Epoch 48/4000
10000/10000 - 1s - loss: 0.0235 - val_loss: 0.0244
Epoch 49/4000
10000/10000 - 1s - loss: 0.0193 - val_loss: 0.0749
Epoch 50/4000
10000/10000 - 1s - loss: 0.0221 - val_loss: 0.0161
Epoch 51/4000
10000/10000 - 1s - loss: 0.0222 - val_loss: 0.0158
Epoch 52/4000
10000/10000 - 1s - loss: 0.0201 - val_loss: 0.0141
Epoch 53/4000
10000/10000 - 1s - loss: 0.0208 - val_loss: 0.0555
Epoch 54/4000
10000/10000 - 1s - loss: 0.0215 - val_loss: 0.0188
Epoch 55/4000
10000/10000 - 1s - loss: 0.0189 - val_loss: 0.0194
Epoch 56/4000
10000/10000 - 1s - loss: 0.0210 - val_loss: 0.0163
Epoch 57/4000
10000/10000 - 1s - loss: 0.0201 - val_loss: 0.0219
Epoch 58/4000
10000/10000 - 1s - loss: 0.0198 - val_loss: 0.0134
Epoch 59/4000
10000/10000 - 1s - loss: 0.0178 - val_loss: 0.0176
Epoch 60/4000
10000/10000 - 1s - loss: 0.0198 - val_loss: 0.0147
Epoch 61/4000
10000/10000 - 1s - loss: 0.0184 - val_loss: 0.0335
Epoch 62/4000
10000/10000 - 1s - loss: 0.0200 - val_loss: 0.0644
Epoch 63/4000
10000/10000 - 1s - loss: 0.0182 - val_loss: 0.0133
Epoch 64/4000
10000/10000 - 1s - loss: 0.0199 - val_loss: 0.0127
Epoch 65/4000
10000/10000 - 1s - loss: 0.0165 - val_loss: 0.0434
Epoch 66/4000
10000/10000 - 1s - loss: 0.0187 - val_loss: 0.0123
Epoch 67/4000
10000/10000 - 1s - loss: 0.0178 - val_loss: 0.0211
Epoch 68/4000
10000/10000 - 1s - loss: 0.0185 - val_loss: 0.0182
Epoch 69/4000
10000/10000 - 1s - loss: 0.0182 - val_loss: 0.0291
Epoch 70/4000
10000/10000 - 1s - loss: 0.0167 - val_loss: 0.0181
Epoch 71/4000
10000/10000 - 1s - loss: 0.0167 - val_loss: 0.0250
Epoch 72/4000
10000/10000 - 1s - loss: 0.0182 - val_loss: 0.0120
Epoch 73/4000
10000/10000 - 1s - loss: 0.0167 - val_loss: 0.0130
Epoch 74/4000
10000/10000 - 1s - loss: 0.0163 - val_loss: 0.0160
Epoch 75/4000
10000/10000 - 1s - loss: 0.0173 - val_loss: 0.0132
Epoch 76/4000
10000/10000 - 1s - loss: 0.0172 - val_loss: 0.0203
Epoch 77/4000
10000/10000 - 1s - loss: 0.0183 - val_loss: 0.1146
Epoch 78/4000
10000/10000 - 1s - loss: 0.0169 - val_loss: 0.0124
Epoch 79/4000
10000/10000 - 1s - loss: 0.0178 - val_loss: 0.0410
Epoch 80/4000
10000/10000 - 1s - loss: 0.0168 - val_loss: 0.0145
Epoch 81/4000
10000/10000 - 1s - loss: 0.0163 - val_loss: 0.0121
Epoch 82/4000
10000/10000 - 1s - loss: 0.0151 - val_loss: 0.0132
Epoch 83/4000
10000/10000 - 1s - loss: 0.0153 - val_loss: 0.0550
Jaccard on test set for oubli 70 run 3 0.46242315863679834
oubli 0.7, run 4, patience 8
Train on 10000 samples, validate on 1000 samples
Epoch 1/4000
10000/10000 - 2s - loss: 0.7282 - val_loss: 0.3100
Epoch 2/4000
10000/10000 - 1s - loss: 0.2216 - val_loss: 0.1023
Epoch 3/4000
10000/10000 - 1s - loss: 0.1231 - val_loss: 0.3751
Epoch 4/4000
10000/10000 - 1s - loss: 0.1036 - val_loss: 0.0558
Epoch 5/4000
10000/10000 - 1s - loss: 0.0791 - val_loss: 0.0602
Epoch 6/4000
10000/10000 - 1s - loss: 0.0720 - val_loss: 0.0429
Epoch 7/4000
10000/10000 - 1s - loss: 0.0701 - val_loss: 0.0454
Epoch 8/4000
10000/10000 - 1s - loss: 0.0569 - val_loss: 0.0392
Epoch 9/4000
10000/10000 - 1s - loss: 0.0486 - val_loss: 0.0384
Epoch 10/4000
10000/10000 - 1s - loss: 0.0419 - val_loss: 0.0693
Epoch 11/4000
10000/10000 - 1s - loss: 0.0427 - val_loss: 0.0263
Epoch 12/4000
10000/10000 - 1s - loss: 0.0396 - val_loss: 0.0399
Epoch 13/4000
10000/10000 - 1s - loss: 0.0331 - val_loss: 0.0479
Epoch 14/4000
10000/10000 - 1s - loss: 0.0376 - val_loss: 0.0906
Epoch 15/4000
10000/10000 - 1s - loss: 0.0347 - val_loss: 0.0222
Epoch 16/4000
10000/10000 - 1s - loss: 0.0293 - val_loss: 0.0210
Epoch 17/4000
10000/10000 - 1s - loss: 0.0290 - val_loss: 0.1939
Epoch 18/4000
10000/10000 - 1s - loss: 0.0295 - val_loss: 0.0278
Epoch 19/4000
10000/10000 - 1s - loss: 0.0290 - val_loss: 0.0186
Epoch 20/4000
10000/10000 - 1s - loss: 0.0259 - val_loss: 0.0200
Epoch 21/4000
10000/10000 - 1s - loss: 0.0295 - val_loss: 0.0189
Epoch 22/4000
10000/10000 - 1s - loss: 0.0260 - val_loss: 0.0200
Epoch 23/4000
10000/10000 - 1s - loss: 0.0261 - val_loss: 0.0213
Epoch 24/4000
10000/10000 - 1s - loss: 0.0235 - val_loss: 0.0830
Epoch 25/4000
10000/10000 - 1s - loss: 0.0276 - val_loss: 0.0176
Epoch 26/4000
10000/10000 - 1s - loss: 0.0234 - val_loss: 0.0204
Epoch 27/4000
10000/10000 - 1s - loss: 0.0228 - val_loss: 0.1123
Epoch 28/4000
10000/10000 - 1s - loss: 0.0237 - val_loss: 0.0311
Epoch 29/4000
10000/10000 - 1s - loss: 0.0222 - val_loss: 0.0296
Epoch 30/4000
10000/10000 - 1s - loss: 0.0233 - val_loss: 0.0182
Epoch 31/4000
10000/10000 - 1s - loss: 0.0226 - val_loss: 0.0160
Epoch 32/4000
10000/10000 - 1s - loss: 0.0232 - val_loss: 0.0180
Epoch 33/4000
10000/10000 - 1s - loss: 0.0208 - val_loss: 0.0163
Epoch 34/4000
10000/10000 - 1s - loss: 0.0209 - val_loss: 0.0618
Epoch 35/4000
10000/10000 - 1s - loss: 0.0192 - val_loss: 0.0179
Epoch 36/4000
10000/10000 - 1s - loss: 0.0233 - val_loss: 0.0195
Epoch 37/4000
10000/10000 - 1s - loss: 0.0194 - val_loss: 0.0160
Epoch 38/4000
10000/10000 - 1s - loss: 0.0208 - val_loss: 0.0144
Epoch 39/4000
10000/10000 - 1s - loss: 0.0198 - val_loss: 0.0207
Epoch 40/4000
10000/10000 - 1s - loss: 0.0184 - val_loss: 0.0142
Epoch 41/4000
10000/10000 - 1s - loss: 0.0199 - val_loss: 0.0152
Epoch 42/4000
10000/10000 - 1s - loss: 0.0178 - val_loss: 0.0142
Epoch 43/4000
10000/10000 - 1s - loss: 0.0203 - val_loss: 0.0203
Epoch 44/4000
10000/10000 - 1s - loss: 0.0193 - val_loss: 0.0147
Epoch 45/4000
10000/10000 - 1s - loss: 0.0215 - val_loss: 0.0143
Epoch 46/4000
10000/10000 - 1s - loss: 0.0171 - val_loss: 0.0194
Epoch 47/4000
10000/10000 - 1s - loss: 0.0177 - val_loss: 0.0226
Epoch 48/4000
10000/10000 - 1s - loss: 0.0181 - val_loss: 0.0141
Epoch 49/4000
10000/10000 - 1s - loss: 0.0184 - val_loss: 0.0158
Epoch 50/4000
10000/10000 - 1s - loss: 0.0193 - val_loss: 0.0298
Epoch 51/4000
10000/10000 - 1s - loss: 0.0164 - val_loss: 0.0351
Epoch 52/4000
10000/10000 - 1s - loss: 0.0190 - val_loss: 0.0138
Epoch 53/4000
10000/10000 - 1s - loss: 0.0169 - val_loss: 0.0133
Epoch 54/4000
10000/10000 - 1s - loss: 0.0166 - val_loss: 0.0136
Epoch 55/4000
10000/10000 - 1s - loss: 0.0169 - val_loss: 0.0130
Epoch 56/4000
10000/10000 - 1s - loss: 0.0168 - val_loss: 0.0209
Epoch 57/4000
10000/10000 - 1s - loss: 0.0156 - val_loss: 0.0129
Epoch 58/4000
10000/10000 - 1s - loss: 0.0166 - val_loss: 0.0186
Epoch 59/4000
10000/10000 - 1s - loss: 0.0165 - val_loss: 0.0133
Epoch 60/4000
10000/10000 - 1s - loss: 0.0171 - val_loss: 0.0153
Epoch 61/4000
10000/10000 - 1s - loss: 0.0150 - val_loss: 0.0211
Epoch 62/4000
10000/10000 - 1s - loss: 0.0164 - val_loss: 0.0122
Epoch 63/4000
10000/10000 - 1s - loss: 0.0156 - val_loss: 0.0120
Epoch 64/4000
10000/10000 - 1s - loss: 0.0140 - val_loss: 0.0161
Epoch 65/4000
10000/10000 - 1s - loss: 0.0187 - val_loss: 0.0592
Epoch 66/4000
10000/10000 - 1s - loss: 0.0148 - val_loss: 0.0119
Epoch 67/4000
10000/10000 - 1s - loss: 0.0174 - val_loss: 0.0151
Epoch 68/4000
10000/10000 - 1s - loss: 0.0156 - val_loss: 0.0151
Epoch 69/4000
10000/10000 - 1s - loss: 0.0139 - val_loss: 0.0151
Epoch 70/4000
10000/10000 - 1s - loss: 0.0153 - val_loss: 0.0130
Epoch 71/4000
10000/10000 - 1s - loss: 0.0163 - val_loss: 0.0135
Epoch 72/4000
10000/10000 - 1s - loss: 0.0144 - val_loss: 0.0123
Epoch 73/4000
10000/10000 - 1s - loss: 0.0149 - val_loss: 0.0117
Epoch 74/4000
10000/10000 - 1s - loss: 0.0143 - val_loss: 0.0129
Epoch 75/4000
10000/10000 - 1s - loss: 0.0162 - val_loss: 0.0124
Epoch 76/4000
10000/10000 - 1s - loss: 0.0127 - val_loss: 0.0121
Epoch 77/4000
10000/10000 - 1s - loss: 0.0155 - val_loss: 0.0121
Epoch 78/4000
10000/10000 - 1s - loss: 0.0134 - val_loss: 0.0127
Epoch 79/4000
10000/10000 - 1s - loss: 0.0166 - val_loss: 0.0135
Epoch 80/4000
10000/10000 - 1s - loss: 0.0141 - val_loss: 0.0115
Epoch 81/4000
10000/10000 - 1s - loss: 0.0155 - val_loss: 0.0116
Epoch 82/4000
10000/10000 - 1s - loss: 0.0150 - val_loss: 0.0144
Epoch 83/4000
10000/10000 - 1s - loss: 0.0140 - val_loss: 0.0116
Epoch 84/4000
10000/10000 - 1s - loss: 0.0122 - val_loss: 0.0114
Epoch 85/4000
10000/10000 - 1s - loss: 0.0142 - val_loss: 0.0184
