epoch,loss,val_loss
0,0.7377883979797363,0.6854989585876465
1,0.5059393410682678,0.3667587366104126
2,0.39802978582382204,0.4158528919219971
3,0.2991532015800476,0.2674699625968933
4,0.236690491104126,0.21373902893066407
5,0.19986037902832032,0.24357005310058594
6,0.1617088559150696,0.13711969661712647
7,0.13475624856948853,0.2430092535018921
8,0.11492352676391601,0.1982996187210083
9,0.1029571590423584,0.07441898822784423
10,0.09144173011779785,0.06833851385116577
11,0.07775395259857178,0.07368503522872925
12,0.0783269097328186,0.0531553955078125
13,0.06745244245529175,0.049278154373168945
14,0.06412560138702393,0.06472483539581299
15,0.06201927890777588,0.04161148643493652
16,0.056892740058898925,0.04340161275863647
17,0.05144512929916382,0.0804375
18,0.05170397710800171,0.04604492378234863
19,0.045894235897064206,0.03284025573730469
20,0.04125329446792603,0.04057291316986084
21,0.043393671798706054,0.036631882667541506
22,0.04188816156387329,0.030694597721099854
23,0.03805770292282105,0.0772538104057312
24,0.0380434534072876,0.030139936447143554
25,0.039151928424835204,0.02532286787033081
26,0.034347954654693605,0.03787234163284302
27,0.03266704788208008,0.02563227701187134
28,0.0358266056060791,0.027714475154876708
29,0.028140984344482423,0.02253390312194824
30,0.029060920238494874,0.03517917823791504
31,0.030342652130126952,0.02318053150177002
32,0.027476444911956787,0.023781842231750488
33,0.02838643455505371,0.030235986709594726
34,0.02618799304962158,0.02141318464279175
35,0.025368213844299315,0.04746905660629273
36,0.026703864002227785,0.021663836479187012
37,0.024328949642181397,0.018407112121582032
38,0.023815242290496825,0.01760150861740112
39,0.02151752519607544,0.050696661949157715
40,0.02396816987991333,0.018152612686157227
41,0.020169160175323487,0.03519803333282471
42,0.019752299118041994,0.028418382167816163
43,0.020908069801330566,0.11874034357070923
44,0.024606156921386717,0.045368529319763186
45,0.020720891284942627,0.015324394226074218
46,0.01960100908279419,0.01560004997253418
47,0.01991499843597412,0.014749024391174316
48,0.01754788579940796,0.017075050354003907
49,0.020200104999542237,0.014818182468414307
50,0.019101560497283936,0.046767292022705076
51,0.01781669273376465,0.013365825176239014
52,0.017147381019592286,0.017035673141479492
53,0.018817599678039552,0.013008577346801758
54,0.014455617332458495,0.04668866968154907
55,0.019294779205322264,0.06062872695922852
56,0.0168274001121521,0.013135430335998535
57,0.014125131034851074,0.012584514617919922
58,0.016613706302642823,0.20367585706710817
59,0.01998402853012085,0.014311721801757812
60,0.013609963512420654,0.018892693042755128
61,0.01636976957321167,0.023195674896240234
62,0.01519369535446167,0.016608237266540527
63,0.01368852767944336,0.027339854717254638
64,0.014452108478546142,0.01198018980026245
65,0.012798817443847657,0.052744710922241214
66,0.014282791614532471,0.019838650703430175
67,0.01559603385925293,0.011883188247680664
68,0.011779413890838622,0.012821817874908447
69,0.013331590175628662,0.013050208568572998
70,0.012731193828582763,0.03713550519943237
71,0.013615722370147704,0.01158291244506836
72,0.013371236515045166,0.01105002498626709
73,0.011747884273529052,0.011208556652069091
74,0.012199429225921632,0.014553913116455078
75,0.011487323093414306,0.013149528026580811
76,0.010509321784973144,0.012757110118865966
77,0.014069084072113037,0.012479058742523193
78,0.010866229343414307,0.0128967604637146
79,0.01343805456161499,0.010406921863555909
80,0.009556311798095704,0.010116919040679932
81,0.011345546913146973,0.01022083330154419
82,0.011152933502197265,0.009728445529937743
83,0.012977588176727294,0.011570019245147705
84,0.010370420360565185,0.014617006301879882
85,0.010389855575561524,0.013053701400756837
86,0.011578252792358398,0.022741803646087647
87,0.012347946357727051,0.01813113737106323
88,0.008180742073059083,0.009761221408843994
89,0.010772247409820556,0.01655498743057251
90,0.010911972427368164,0.011810893535614014
91,0.0086372052192688,0.017832913875579833
92,0.010882349586486817,0.009820034027099609
93,0.01120282621383667,0.01053594446182251
94,0.00834826717376709,0.019098656177520754
95,0.01048631830215454,0.014025269985198974
96,0.007688825988769531,0.01653731441497803
97,0.01076708002090454,0.010050631523132325
98,0.009682099437713624,0.009300590515136719
99,0.009798952770233155,0.00926279878616333
100,0.008944862461090088,0.010315630912780762
101,0.010532705879211426,0.010530723094940185
102,0.008870609092712402,0.01940557861328125
103,0.008338359260559081,0.008419412136077881
104,0.008989296817779541,0.008766169548034669
105,0.008760412406921386,0.009762519359588624
106,0.010007216930389404,0.012693183422088623
107,0.007446834182739258,0.009199288845062256
108,0.008568954181671142,0.008234165668487548
109,0.00815811939239502,0.010289483070373535
110,0.011546423149108887,0.009112055778503419
111,0.008048744010925294,0.008248372554779053
112,0.009236347770690918,0.009291948318481446
113,0.007079938125610351,0.008363508701324462
114,0.008952912807464599,0.010522033214569092
115,0.008766346073150634,0.0389809308052063
116,0.007571596050262451,0.008029984951019286
117,0.009841769695281983,0.01095301103591919
118,0.007482419300079346,0.008279080867767335
119,0.008194484901428222,0.009441174983978272
120,0.007465488719940186,0.00829343318939209
121,0.007279542636871338,0.008662397384643555
122,0.008513961124420166,0.011540240287780761
123,0.007548575305938721,0.009182993412017823
124,0.007065009975433349,0.008667683601379395
125,0.008564475154876709,0.008326566219329834
126,0.007507920742034912,0.01582806158065796
127,0.00814274377822876,0.009073595523834228
128,0.007460045146942138,0.007792901992797851
129,0.0072517719268798825,0.008216040134429932
130,0.0074630917549133305,0.023144872665405273
131,0.007638721466064453,0.007926132678985596
132,0.006526470565795898,0.010402087688446044
133,0.00809824390411377,0.007578389644622803
134,0.006119864082336426,0.007426500797271729
135,0.0074390533447265626,0.007447309494018554
136,0.006756188297271729,0.007553730010986328
137,0.005754441356658936,0.008314170360565186
138,0.007559836006164551,0.007407940864562988
139,0.006767852306365967,0.008543883323669434
140,0.007845393466949463,0.007566479682922364
141,0.007998451042175293,0.007289170265197754
142,0.005462198543548584,0.0072513227462768556
143,0.009554057025909423,0.007443335056304932
144,0.00618865613937378,0.008202302455902099
145,0.007802532577514648,0.007615210056304932
146,0.006384692478179931,0.007408182144165039
147,0.005977279853820801,0.0073842878341674805
148,0.00583783016204834,0.008416232585906982
149,0.006442134380340576,0.008124650478363037
150,0.007472337818145752,0.1087085976600647
151,0.010549638080596923,0.007152537822723389
152,0.0064748470306396485,0.007257303714752197
153,0.005877553844451904,0.007231098651885986
154,0.005435588550567627,0.008541656017303468
155,0.006563579273223877,0.008411702632904052
156,0.005942428684234619,0.007405045509338379
157,0.005670513725280762,0.05679450416564941
158,0.006526600551605225,0.006816409587860108
159,0.0071142318725585935,0.007940261840820313
160,0.005200983810424805,0.007679147720336914
161,0.006136255168914795,0.006859883308410645
162,0.0065343629837036135,0.007389888763427734
163,0.005131163024902343,0.007222522258758545
164,0.006124126529693604,0.020701981544494628
165,0.006878296566009521,0.006866208553314209
166,0.00581887731552124,0.007781773090362549
167,0.00477499828338623,0.00688475513458252
168,0.006671540451049804,0.006982252120971679
169,0.005572541618347168,0.00762099552154541
170,0.004817093181610108,0.007055531978607177
171,0.008082881259918212,0.006913881301879882
172,0.005340994548797607,0.007380638599395752
173,0.004965485095977783,0.008721641063690186
174,0.006316428565979004,0.006971175193786621
175,0.008104012107849121,0.007313663005828857
176,0.0047238564491271975,0.006372398376464844
177,0.004985351943969727,0.006456520080566406
178,0.006716180992126465,0.007324410438537598
179,0.0062292171478271485,0.006764332294464112
180,0.004636910247802734,0.00758463191986084
181,0.008875210094451904,0.006588283538818359
182,0.005169732475280762,0.006475327968597412
183,0.0045658559799194335,0.0065518121719360355
184,0.00622233943939209,0.006463917255401611
185,0.005108362197875977,0.007498139858245849
186,0.0048002923965454105,0.006460455417633057
187,0.005386286735534668,0.006521448612213134
188,0.005481318950653076,0.006921304702758789
189,0.004935226631164551,0.008438419342041016
190,0.007780575942993164,0.0063384370803833
191,0.004419954586029053,0.006424088478088379
192,0.005992424392700195,0.006239394187927246
193,0.004699574756622314,0.007106130123138428
194,0.004586176586151123,0.0063308472633361815
195,0.004284089279174804,0.006337784290313721
196,0.00661641731262207,0.006947068214416504
197,0.0043019693374633785,0.00633399772644043
198,0.006648395442962646,0.010675466537475586
199,0.006226956272125244,0.006298606872558594
200,0.00494365758895874,0.00753646183013916
201,0.005626516437530518,0.006149117946624756
202,0.004574253559112549,0.007178956508636474
203,0.004248076057434082,0.008241533756256103
204,0.006319827270507812,0.006310677528381348
205,0.004930296134948731,0.027517693519592285
206,0.006569123363494873,0.01528733730316162
207,0.0056749929428100586,0.010898367404937744
208,0.004493838596343994,0.007509324550628662
209,0.004715664291381836,0.006635591506958007
210,0.004907630729675293,0.006026690483093262
211,0.005747978496551513,0.006032148838043213
212,0.004098145389556885,0.005986543655395507
213,0.0048996771812438965,0.010798370361328125
214,0.004339098644256592,0.0060080642700195315
215,0.004181980419158936,0.0118874192237854
216,0.0060119318962097166,0.007559904098510742
217,0.004863791084289551,0.006033732891082764
218,0.0043433990478515625,0.007898737907409668
219,0.004276545143127441,0.006805262565612793
220,0.004170194625854492,0.005884949684143066
221,0.005819644546508789,0.00624868106842041
222,0.004792058849334717,0.006129116058349609
223,0.004165307426452637,0.005996934413909912
224,0.00572730655670166,0.005892978191375732
225,0.003940262031555176,0.006106643676757812
226,0.005809346008300781,0.005985743045806885
227,0.004433008003234863,0.005824434757232666
228,0.004003713893890381,0.0066443424224853515
229,0.005057827949523926,0.00584044075012207
230,0.006861393356323242,0.006287246227264404
231,0.00443699197769165,0.034439903259277344
232,0.005974156570434571,0.00600605297088623
233,0.0040529550552368164,0.0058867354393005375
234,0.004466720390319825,0.006168860912322998
235,0.0037887330055236816,0.005785910606384277
236,0.004224605083465576,0.006563797473907471
237,0.004677284717559815,0.006190558910369873
238,0.004284704113006592,0.006198863029479981
239,0.004631816101074219,0.005669084548950196
240,0.003749059009552002,0.0060923900604248045
241,0.005214810180664062,0.005936102867126465
242,0.003909200859069824,0.00619881010055542
243,0.0038945338249206543,0.006110027313232422
244,0.004915446090698242,0.006609534740447998
245,0.004329803276062012,0.006601937770843506
246,0.0053543126106262206,0.005538349151611328
247,0.0036177075386047363,0.0059139375686645505
248,0.0039130045890808105,0.005550928115844726
249,0.004403047752380371,0.005630357265472412
250,0.004808763885498047,0.0058552131652832035
251,0.004094828605651855,0.006388220310211181
252,0.0042507684707641605,0.007461042404174805
253,0.005121341323852539,0.005448507308959961
254,0.003719857120513916,0.006016965866088867
255,0.0037138290405273437,0.005878049373626709
256,0.004262631893157959,0.006198944568634034
257,0.0049154483795166015,0.005641930103302002
258,0.004957959461212158,0.005848716259002686
259,0.0037309672355651854,0.005816052913665772
260,0.003841402244567871,0.00606361198425293
261,0.0037677990913391112,0.005680606842041015
262,0.003946861267089844,0.005389419555664063
263,0.004558483123779297,0.005566636562347412
264,0.0035956090927124025,0.0062619404792785644
265,0.0037429508209228515,0.005915976524353027
266,0.004689357280731201,0.00669186544418335
267,0.0046100595474243165,0.005652511119842529
268,0.005336942386627197,0.00596521520614624
269,0.005118194389343262,0.006481182098388672
270,0.0036328193664550783,0.005470518589019775
271,0.0037957334518432615,0.005358366966247558
272,0.004701138496398926,0.008618746280670166
273,0.003874649143218994,0.005271371364593506
274,0.003451256084442139,0.005303568363189697
275,0.005360773181915283,0.005695537090301513
276,0.00345045166015625,0.005516384124755859
277,0.005453726005554199,0.011110954284667969
278,0.003693680763244629,0.005296303749084473
279,0.0034696603775024415,0.00560160779953003
280,0.0038506312370300295,0.007019776821136475
281,0.0035897770881652834,0.005437724113464356
282,0.004152300453186035,0.008065056324005128
283,0.005090149879455566,0.005459929943084717
284,0.0035082905769348144,0.005306222438812256
285,0.0042206408500671385,0.00547418212890625
286,0.0033747140884399416,0.0052066569328308105
287,0.003544510078430176,0.00569005012512207
288,0.003483406162261963,0.005292431831359863
289,0.006928199577331543,0.005593740463256836
290,0.003417094898223877,0.005541540145874023
291,0.0038032057762145996,0.00563608169555664
292,0.0035268834114074708,0.0067653913497924805
293,0.005649208545684814,0.005637728691101075
294,0.003312913131713867,0.006037815570831299
295,0.0034240187644958495,0.005104526996612548
296,0.0037152141571044923,0.005617586135864258
297,0.0034301312446594237,0.005457058429718018
298,0.004414219379425049,0.005290723323822021
299,0.003332051944732666,0.005515720844268799
300,0.0034681222915649416,0.005167349815368653
301,0.0036119805335998534,0.014229648590087891
302,0.0052608362197875975,0.0056483583450317384
303,0.003504477500915527,0.0065844602584838865
304,0.0035393280029296873,0.019798186302185057
305,0.004950019359588623,0.005073493480682373
306,0.0036556458473205565,0.005454794883728027
307,0.003665028762817383,0.005388529777526856
308,0.004065560150146484,0.005382469654083252
309,0.0031553775787353518,0.005066184520721435
310,0.003225991725921631,0.010527088165283202
311,0.0035732919692993163,0.005090633869171143
312,0.00319052038192749,0.005089425563812256
313,0.003908351039886474,0.0051433324813842775
314,0.0031653841972351074,0.007417551517486572
315,0.00534109354019165,0.005124867916107178
316,0.0035710854530334474,0.017672451972961425
317,0.004070923042297363,0.0059349827766418456
318,0.0031445591926574706,0.005613996028900147
319,0.003946596908569336,0.005056760311126709
320,0.0035664413452148437,0.005003674983978272
321,0.0031708187103271484,0.004943870544433594
322,0.004792301368713379,0.005785200595855713
323,0.0035201679229736327,0.0061227879524230954
324,0.0045388427734375,0.005170772552490235
325,0.003110606288909912,0.004945638656616211
326,0.003068746089935303,0.005984822273254395
327,0.003927843856811523,0.005381543159484864
328,0.003393667125701904,0.004873683452606201
329,0.004602012634277344,0.0050245881080627445
330,0.00504043960571289,0.005190443992614746
331,0.003258143424987793,0.005616827964782715
332,0.0032046746253967286,0.005137848377227783
333,0.0034338421821594237,0.004879055500030517
334,0.0035475854873657227,0.006436343193054199
335,0.003440220546722412,0.004906888961791992
336,0.0033932199478149414,0.005928957939147949
337,0.00509753828048706,0.005410472869873047
338,0.003001745796203613,0.005000147819519043
339,0.003101119136810303,0.004985253810882568
340,0.003647852039337158,0.0074185748100280766
341,0.003731798839569092,0.006858747482299804
342,0.003191969585418701,0.006122347354888916
343,0.003966414642333984,0.004967431545257569
344,0.0030422243118286133,0.004944316387176514
345,0.004174489402770996,0.005004628658294678
346,0.0029730761528015135,0.0049512643814086914
347,0.0029423480033874514,0.004905893802642823
348,0.0030588659286499022,0.005045884132385254
