epoch,loss,val_loss
0,0.5595415487289429,0.28687085771560666
1,0.28943989858627317,0.39325570392608644
2,0.20620367555618285,0.15312183332443238
3,0.18004562683105468,0.1536291470527649
4,0.16069270114898682,0.11859960174560547
5,0.14434808177947997,0.11801782608032227
6,0.12945208559036256,0.14758934783935546
7,0.11871563291549683,0.09977356958389282
8,0.10229429550170899,0.07990925312042237
9,0.08465026998519898,0.05999085521697998
10,0.08302879495620727,0.08158785915374756
11,0.07245539350509643,0.07289844083786011
12,0.06783076610565185,0.05071792840957642
13,0.06340236043930053,0.0500172176361084
14,0.05715503149032593,0.044289881229400634
15,0.053874809741973874,0.037906466484069826
16,0.05187177267074585,0.1227407169342041
17,0.05129594230651856,0.059535454273223876
18,0.04519929170608521,0.0346634373664856
19,0.0422811448097229,0.11323917293548584
20,0.04266015281677246,0.03808278274536133
21,0.04240550003051758,0.029879188537597655
22,0.039978413009643554,0.03447138166427612
23,0.03823412322998047,0.05162977695465088
24,0.036733770656585694,0.02751995325088501
25,0.03415849447250366,0.03221217918395996
26,0.03469162549972534,0.02546364736557007
27,0.032896009159088135,0.025756238460540773
28,0.03399549674987793,0.11856842851638794
29,0.032330939769744875,0.03365355396270752
30,0.03051289005279541,0.02459122657775879
31,0.02960440950393677,0.047063593864440915
32,0.029401764678955077,0.03411314916610718
33,0.029836097621917725,0.040211718559265135
34,0.027059795665740967,0.021840763568878173
35,0.025761784648895263,0.024594585418701173
36,0.02769633560180664,0.026857890129089356
37,0.025370042037963867,0.047478466510772706
38,0.02547408103942871,0.02054953908920288
39,0.02459230031967163,0.022487621307373046
40,0.024525726985931397,0.053009925365448
41,0.02493372268676758,0.021101617813110353
42,0.022643743419647217,0.02785534381866455
43,0.02361276206970215,0.023242748260498047
44,0.022640560340881348,0.04414904546737671
45,0.023514567947387696,0.01966104507446289
46,0.021513506412506104,0.021192718982696535
47,0.022375660896301268,0.021238020420074465
48,0.021355705738067627,0.020080759048461915
49,0.019735685729980468,0.02515543460845947
50,0.021170840930938722,0.017361520290374757
51,0.02186329069137573,0.017881515979766845
52,0.0195235107421875,0.05620488786697388
53,0.019268508815765382,0.03026177740097046
54,0.019097218322753906,0.018389983177185057
55,0.018656446743011475,0.016373040676116942
56,0.01709521903991699,0.01508763360977173
57,0.018603867626190186,0.017292563438415526
58,0.021033438205718995,0.017337969779968262
59,0.01782603006362915,0.016256457805633544
60,0.017457703495025633,0.022386206150054933
61,0.016264888477325438,0.0171647891998291
62,0.017967871475219728,0.017636638164520265
63,0.017891685390472412,0.01864512348175049
64,0.017123646545410157,0.026905692100524903
65,0.016797018814086913,0.017992950439453124
66,0.01695346212387085,0.016464825630187988
67,0.015606703090667725,0.03230710411071777
68,0.01713400220870972,0.01968653154373169
69,0.016187035846710204,0.014278841972351073
70,0.016533758163452147,0.034517390727996825
71,0.016379626941680908,0.01712259292602539
72,0.01508984375,0.01512582302093506
73,0.014974302101135253,0.014467166423797608
74,0.014780879306793213,0.015828800201416016
75,0.015206655883789062,0.015923112869262696
76,0.0163269362449646,0.013406697750091554
77,0.015111505508422851,0.020058428764343262
78,0.013351514530181885,0.018146143436431884
79,0.0153015700340271,0.01366068410873413
80,0.014477015876770019,0.013109344005584717
81,0.014472493934631347,0.013454531192779541
82,0.014078003787994385,0.01600207281112671
83,0.013699289035797119,0.013633822917938233
84,0.01366719331741333,0.01233031702041626
85,0.013122718048095703,0.015738809108734132
86,0.015408786582946777,0.015008535861968994
87,0.012915381050109863,0.014662729740142823
88,0.013362525367736817,0.012054271697998047
89,0.01468352289199829,0.02070656108856201
90,0.013878289222717286,0.020060911655426027
91,0.013343889617919921,0.012468921184539796
92,0.01210130262374878,0.014590694904327392
93,0.014092867469787598,0.012062084197998047
94,0.012944219970703125,0.02187398910522461
95,0.012982157135009765,0.013599648475646972
96,0.012822543239593505,0.011944080829620361
97,0.013351451301574706,0.011288337230682373
98,0.013562152481079101,0.02071665382385254
99,0.014442873668670654,0.0152483491897583
100,0.012629773998260497,0.0119452805519104
101,0.011980046653747559,0.010980854511260987
102,0.012283994197845458,0.011185420513153075
103,0.012460833263397217,0.013827319622039796
104,0.011588052654266358,0.02004137659072876
105,0.013145009231567382,0.0202364501953125
106,0.013514365768432617,0.011648898124694823
107,0.013406477737426759,0.013246836185455323
108,0.011699913120269776,0.011654125690460206
109,0.011220172882080078,0.012025006294250488
110,0.012496079540252685,0.01081883668899536
111,0.011618076133728027,0.014973854064941406
112,0.01284050407409668,0.019111306190490722
113,0.012018326282501221,0.015937206268310546
114,0.01167142105102539,0.013260565757751464
115,0.011302437973022461,0.011099915981292724
116,0.012849095344543458,0.012380712032318116
117,0.011239424133300781,0.012189202308654785
118,0.011352047824859619,0.010121318340301513
119,0.011128764533996582,0.012925023555755616
120,0.011200724411010742,0.013714911937713624
121,0.011585522365570068,0.012334960460662842
122,0.01000793743133545,0.010675700187683105
123,0.012796936321258544,0.010235687732696534
124,0.010478170680999755,0.048558012008666995
125,0.010570377540588378,0.01177986717224121
126,0.012490212631225586,0.011043080806732178
127,0.010570409774780274,0.010973208904266358
128,0.01079949140548706,0.013520183086395264
129,0.010257816028594971,0.0143714919090271
130,0.012715450954437256,0.01085364055633545
131,0.010182230854034423,0.009881351947784424
132,0.011257333183288575,0.010645386695861816
133,0.010226518535614014,0.010661498546600342
134,0.011160168552398682,0.012696372032165528
135,0.010808968353271484,0.011586168766021728
136,0.011019578552246093,0.012318703651428222
137,0.010577274513244628,0.014567917346954345
138,0.010771141242980956,0.012426024913787841
139,0.010545931911468506,0.012096864223480224
140,0.010180818462371826,0.01042200756072998
141,0.008866390895843505,0.01329114866256714
142,0.01113981170654297,0.010493796348571777
143,0.01133999891281128,0.011402544021606445
144,0.0108745924949646,0.010231113433837891
145,0.009878711414337158,0.010303169250488282
146,0.010163799476623535,0.010206674575805664
147,0.010678677845001221,0.01295526361465454
148,0.009958007049560546,0.01278324556350708
149,0.009534078121185303,0.010625243663787842
150,0.010327558803558349,0.01147205638885498
151,0.010908258533477783,0.009359755992889403
152,0.01027301778793335,0.01817901086807251
153,0.010514885807037353,0.01045334768295288
154,0.009942183589935302,0.011830310821533203
155,0.010148051834106445,0.010106130123138428
156,0.008985239791870117,0.01254163122177124
157,0.011040955066680909,0.00984406328201294
158,0.009648271465301514,0.00990711498260498
159,0.01009909906387329,0.00954671287536621
160,0.009132937622070313,0.00965676736831665
161,0.009951109981536865,0.01621957302093506
162,0.009395818519592284,0.009035385608673096
163,0.00998411455154419,0.013808314323425292
164,0.010439314460754395,0.012653409957885742
165,0.010325987052917481,0.009790711879730225
166,0.009543002796173096,0.009344586849212647
167,0.009898029136657716,0.019933473110198975
168,0.009991548061370849,0.009936162948608399
169,0.009534541893005372,0.009462464809417724
170,0.009875102996826172,0.01231894302368164
171,0.009379493045806885,0.009402440547943116
172,0.009483238220214844,0.009732656478881836
173,0.00923868350982666,0.011254079341888427
174,0.008600864696502685,0.009545333385467529
175,0.008678497219085693,0.009134090423583985
176,0.009494547653198243,0.009327324867248535
177,0.008206758213043213,0.00882334804534912
178,0.00909902400970459,0.00970166301727295
179,0.008855643844604492,0.011813139915466309
180,0.010045906066894532,0.011579153060913085
181,0.0082231276512146,0.011484306812286377
182,0.0101771990776062,0.012640246868133545
183,0.00985901165008545,0.011418222904205322
184,0.008930753421783448,0.008797289371490479
185,0.009900237369537353,0.011387269496917724
186,0.00869798402786255,0.010379659175872804
187,0.010264585494995117,0.008836774826049805
188,0.009128601932525635,0.013339442729949951
189,0.009333534526824951,0.009682461261749268
190,0.009219974994659423,0.008975701332092285
191,0.00871142578125,0.009009445667266846
192,0.008594503211975097,0.009272637367248536
193,0.010188706684112548,0.009963693618774415
194,0.008895663070678711,0.016337579250335695
195,0.009765147399902344,0.011111146450042724
196,0.008691186809539795,0.009172759056091308
197,0.007904976654052735,0.010668474197387695
198,0.008664097690582276,0.009182512760162354
199,0.009146306896209717,0.013080713272094726
200,0.008862876605987549,0.009468395233154297
201,0.01002517671585083,0.00884300422668457
202,0.008119606876373291,0.011203985214233398
203,0.008517302799224854,0.011541480541229249
204,0.009527453994750976,0.010401603698730468
