epoch,loss,val_loss
0,0.6375823841094971,0.4402438015937805
1,0.36958961200714113,0.2669318175315857
2,0.28444601182937623,0.2533022570610046
3,0.2577003777503967,0.2372946410179138
4,0.23962410173416138,0.19769913387298585
5,0.22253591070175172,0.19980241203308105
6,0.19846012735366822,0.1695446367263794
7,0.1645127145767212,0.13146530294418335
8,0.1453026575088501,0.11447746896743774
9,0.11909250144958496,0.09603236484527587
10,0.11013240070343018,0.10752628183364868
11,0.09639573631286621,0.07942527818679809
12,0.08377406578063964,0.06679458904266357
13,0.07653594989776612,0.08086504697799683
14,0.07252394123077392,0.12094940996170044
15,0.06873084993362427,0.05631826686859131
16,0.0637577332496643,0.053920021533966064
17,0.05890300312042236,0.058603919506073
18,0.05546529541015625,0.05601549196243286
19,0.053722314453125,0.04374146604537964
20,0.04958232383728027,0.08117955446243286
21,0.047477678680419924,0.04522191953659058
22,0.046338418674468994,0.0694252552986145
23,0.043725160217285154,0.03929936695098877
24,0.04331591939926147,0.05053186130523682
25,0.042568767261505124,0.04475120115280151
26,0.03780542621612549,0.05242447090148926
27,0.03542005710601807,0.03178302383422851
28,0.035821427631378175,0.029766308307647704
29,0.035907066345214844,0.041094862937927246
30,0.03730346183776855,0.03817198753356934
31,0.034577755737304684,0.029657881259918212
32,0.031242185878753662,0.027932647228240966
33,0.030293392467498778,0.025712901592254638
34,0.029748267364501955,0.027628353118896484
35,0.02939508857727051,0.02472730541229248
36,0.02751142978668213,0.02662349843978882
37,0.029491210746765136,0.02508411693572998
38,0.02707329626083374,0.030777643203735352
39,0.026802388572692872,0.030301503658294676
40,0.02440247278213501,0.023782487392425538
41,0.026468042373657227,0.02859831666946411
42,0.024263843536376953,0.022345794200897218
43,0.024405765342712403,0.028783002853393556
44,0.022402407932281494,0.027996635437011717
45,0.023407057857513427,0.029440956592559814
46,0.026466816234588623,0.021450901031494142
47,0.02156095380783081,0.026359593391418457
48,0.02070603036880493,0.07202690839767456
49,0.019807090091705323,0.01990974187850952
50,0.02361092462539673,0.020608531951904298
51,0.020295986652374268,0.024253680229187013
52,0.02025660467147827,0.019790258407592774
53,0.019329839420318604,0.026478543281555175
54,0.020374953365325927,0.01842327404022217
55,0.02056446695327759,0.019611159324645997
56,0.019761844539642335,0.01749758052825928
57,0.01629706802368164,0.019793806076049806
58,0.021086572551727294,0.017344544410705567
59,0.017170793533325197,0.024989509105682373
60,0.020893767166137694,0.0169147047996521
61,0.017264037799835204,0.016380824089050294
62,0.019547348976135255,0.016726126670837404
63,0.019999646377563476,0.019632228851318358
64,0.016861610984802246,0.017493719577789307
65,0.015844392490386962,0.01603347110748291
66,0.017155580520629883,0.017365018367767333
67,0.016641661834716798,0.017468448638916015
68,0.017213041019439698,0.02555020809173584
69,0.01685649185180664,0.015404466629028321
70,0.016961412429809572,0.0159116849899292
71,0.01664220485687256,0.01583301877975464
72,0.01582669515609741,0.02438609027862549
73,0.015594983100891113,0.04154341125488281
74,0.015428427410125732,0.017676724433898925
75,0.015696179580688478,0.014876698970794678
76,0.01602073516845703,0.01852988004684448
77,0.014476137256622314,0.02659307813644409
78,0.016080316829681397,0.015187524318695068
79,0.013720179462432862,0.015169684410095214
80,0.015925058841705322,0.016845610618591307
81,0.014577547454833984,0.01756655216217041
82,0.014402444934844971,0.015213807106018067
83,0.014477513694763184,0.016534718036651613
84,0.014798896217346192,0.02277785062789917
85,0.013650946521759032,0.026048640727996827
86,0.013948685264587403,0.01359985637664795
87,0.016848721599578856,0.014153233051300049
88,0.013611179733276368,0.0208907208442688
89,0.013212888717651368,0.015097132205963135
90,0.013726758670806884,0.014115817070007324
91,0.012808588218688965,0.015610662937164307
92,0.014023187732696533,0.014116493225097657
93,0.014212748622894287,0.015751795768737795
94,0.013219722747802734,0.015670560836791993
95,0.013292078399658203,0.015415558815002442
96,0.013315297222137451,0.01290778350830078
97,0.012138419151306153,0.013518019676208496
98,0.011656123161315918,0.013356809616088866
99,0.013467374801635743,0.014847251892089844
100,0.011981426239013672,0.01419593906402588
101,0.01306732473373413,0.014728972911834717
102,0.01240838327407837,0.01289920473098755
103,0.01190303888320923,0.013244299411773682
104,0.01221351203918457,0.018579828262329103
105,0.012252608680725098,0.015014960289001464
106,0.013500507259368896,0.01355849552154541
107,0.012343443298339843,0.01905230140686035
108,0.012461617088317872,0.028889365673065187
109,0.012524255847930908,0.014446686267852784
110,0.013067486763000489,0.012571564197540283
111,0.012680909252166748,0.012090098381042481
112,0.012146376037597656,0.012447246074676514
113,0.011234111785888672,0.012141321659088135
114,0.011843425464630127,0.019393508911132812
115,0.011419335174560548,0.016680833339691163
116,0.010667730808258056,0.013868162631988526
117,0.010797525596618653,0.012620715141296387
118,0.01165899419784546,0.047658874034881595
119,0.012655247020721436,0.012499111652374268
120,0.010932081031799316,0.023216352462768555
121,0.013535679340362549,0.01262564516067505
122,0.01028041124343872,0.011434871196746826
123,0.010353041458129883,0.012466296195983887
124,0.011150088977813721,0.019630053997039796
125,0.0110052903175354,0.012752967357635498
126,0.010753557968139649,0.012680267810821533
127,0.010119499397277833,0.015152000427246093
128,0.010666921138763427,0.02594117069244385
129,0.011723284244537353,0.013028529167175293
130,0.010272968482971191,0.021309161186218263
131,0.012238314914703369,0.011672108173370362
132,0.010721797847747802,0.011045719623565674
133,0.011047865676879882,0.011458229541778565
134,0.00960300750732422,0.013602399826049804
135,0.010404351806640625,0.011762145042419434
136,0.010536275386810302,0.015150505542755127
137,0.010789213371276855,0.010948016166687011
138,0.010139587593078613,0.01995895719528198
139,0.010430091381072999,0.01494174337387085
140,0.010001194000244141,0.015375531196594239
141,0.01034646921157837,0.011564134120941162
142,0.010875950813293457,0.011980185985565186
143,0.010992697429656983,0.011198853015899658
144,0.009468235969543458,0.014541549682617188
145,0.010717028903961182,0.02482320261001587
146,0.009744089889526367,0.010920280933380128
147,0.009908049774169921,0.011301522731781005
148,0.010971286869049073,0.01692455530166626
149,0.010248912239074707,0.017900580406188964
150,0.009754938983917237,0.010660728931427003
151,0.00928301486968994,0.01080725383758545
152,0.009512241172790528,0.015280348777770996
153,0.009104863452911376,0.011279483795166016
154,0.010136093616485596,0.0250521936416626
155,0.010761149311065674,0.011468163013458252
156,0.009384916973114013,0.010663004875183105
157,0.009296529674530029,0.011028084754943848
158,0.00913327579498291,0.012000734329223633
159,0.009540187931060791,0.011685585975646973
160,0.009289519214630127,0.012892125606536865
161,0.010601528644561767,0.011314199447631837
162,0.008931096649169922,0.010353943347930909
163,0.008697333717346191,0.012230226039886475
164,0.009160458374023437,0.010834805488586426
165,0.009406206512451172,0.01509497356414795
166,0.009394444179534911,0.010410990715026856
167,0.009794223690032959,0.010299055576324464
168,0.009235334491729736,0.010361437320709228
169,0.009729932594299317,0.014560173988342286
170,0.011092711925506591,0.010586007595062256
171,0.00835358362197876,0.010365853309631348
172,0.00948124189376831,0.01029750394821167
173,0.008618309497833251,0.010423559665679932
174,0.009090611553192138,0.010771978855133056
175,0.009382378005981445,0.026512823581695558
176,0.00915410213470459,0.011108018875122071
177,0.008466609287261962,0.010028377532958984
178,0.008805208683013916,0.009820260524749757
179,0.009070661640167236,0.010302073955535888
180,0.00896213436126709,0.010216974258422851
181,0.009683703708648682,0.01022481918334961
182,0.008599595260620117,0.010471235275268555
183,0.008917502117156983,0.010294852256774902
184,0.008677631664276124,0.011262932777404784
185,0.009026945114135742,0.010439351081848144
186,0.008304498958587647,0.011705488204956054
187,0.009185337257385254,0.014550112724304199
188,0.008376423454284668,0.01225448179244995
189,0.008919224166870117,0.009796976566314697
190,0.00882850980758667,0.009826600551605225
191,0.008675200366973878,0.013221240520477295
192,0.008297844791412353,0.009716635704040527
193,0.0077156477928161625,0.012934774875640868
194,0.01006680326461792,0.010347838401794434
195,0.008161146545410156,0.012720010757446288
196,0.008391541576385497,0.010297978401184082
197,0.008037519359588623,0.010041011810302734
198,0.008958398056030274,0.010024025440216064
199,0.00897914333343506,0.013081248760223388
200,0.00832065496444702,0.010324859619140625
201,0.007618978500366211,0.01021952199935913
202,0.007763960838317871,0.009986763954162597
203,0.00925676622390747,0.01635552406311035
204,0.007877747249603271,0.01968255949020386
205,0.00848782148361206,0.009939366817474366
206,0.007622368907928467,0.00935320234298706
207,0.007829419326782227,0.009905218601226807
208,0.010370709991455078,0.009608922004699707
209,0.008202271461486816,0.009565253734588624
210,0.00853466215133667,0.009583542346954346
211,0.00798859691619873,0.009818583965301513
212,0.009613318538665771,0.011498103141784668
213,0.00915867748260498,0.009626687526702881
214,0.007609426975250244,0.010408994197845458
215,0.007733451843261719,0.01123457145690918
216,0.0075072242736816406,0.0097173433303833
217,0.00832763090133667,0.01027106523513794
218,0.00890579137802124,0.00938715934753418
219,0.007555616569519043,0.010915536403656006
220,0.007736725425720215,0.009807027816772462
221,0.00862566909790039,0.010058221817016601
222,0.007126017951965332,0.011747825145721435
223,0.007702499485015869,0.009795923709869385
224,0.008904155158996582,0.049447065830230716
225,0.008671084022521973,0.009820055961608887
226,0.010140410804748536,0.00985403299331665
