epoch,loss,val_loss
0,0.5124704268455506,0.4639998245239258
1,0.2756107684135437,0.21963429927825928
2,0.23028540105819703,0.23075992441177368
3,0.20888576574325562,0.1804635491371155
4,0.20022953786849976,0.1756207036972046
5,0.1884489242553711,0.2701929430961609
6,0.17057580881118775,0.15679459762573242
7,0.1595686936378479,0.10977020454406738
8,0.13808585462570191,0.1900039749145508
9,0.12750863313674926,0.09970340728759766
10,0.11563542251586914,0.32183343505859374
11,0.10542006826400757,0.1361875820159912
12,0.09663338823318482,0.07880730962753296
13,0.087621790599823,0.0708056755065918
14,0.08280336790084838,0.08164114618301392
15,0.07697487487792969,0.17901420307159424
16,0.0721999852180481,0.061212428092956545
17,0.06441961841583252,0.07957001066207886
18,0.06426665124893188,0.05192539215087891
19,0.056959935569763184,0.10551360034942626
20,0.05815260257720947,0.04516724872589111
21,0.05121178359985352,0.049724828720092776
22,0.048988717555999754,0.04358233070373535
23,0.048236965656280516,0.19191302156448364
24,0.048177522468566894,0.1815159020423889
25,0.04578449792861938,0.040198163986206056
26,0.03861802463531494,0.0754425106048584
27,0.0423993878364563,0.03388034200668335
28,0.037624634170532224,0.03831908559799194
29,0.036003668689727784,0.0772509422302246
30,0.03789304628372192,0.03543412685394287
31,0.03429268999099731,0.02706131839752197
32,0.02964520654678345,0.057978933334350585
33,0.03257350702285767,0.02851040840148926
34,0.027903536891937256,0.03202004098892212
35,0.030167487716674806,0.028050238132476805
36,0.026927076244354246,0.07660596847534179
37,0.0287711727142334,0.017840633869171143
38,0.027052531528472902,0.04697635889053345
39,0.024842523574829103,0.025767453193664552
40,0.025935146808624267,0.07122772121429444
41,0.02399840660095215,0.043829092025756834
42,0.024331848812103273,0.020216960906982422
43,0.02018334484100342,0.01676821804046631
44,0.020644687938690186,0.01801100778579712
45,0.021542277336120606,0.01523671007156372
46,0.020530831718444824,0.019024267673492433
47,0.01903899841308594,0.018622228622436524
48,0.018830272769927978,0.013807357788085938
49,0.01890779104232788,0.01497568130493164
50,0.017902420711517333,0.019458712577819823
51,0.017579537105560303,0.012712719440460206
52,0.01793293294906616,0.02565385913848877
53,0.017093065357208254,0.023278731822967528
54,0.01573212585449219,0.01453693437576294
55,0.015949656581878663,0.023434632778167725
56,0.016559870147705078,0.014641520977020263
57,0.015645158386230467,0.012864190101623535
58,0.015864162254333496,0.01188295602798462
59,0.014483202838897705,0.011809190750122071
60,0.014164310646057129,0.02019429540634155
61,0.012830648612976074,0.015686955451965332
62,0.012914202117919922,0.03429858493804932
63,0.01552743091583252,0.0424858136177063
64,0.013434379005432128,0.009448359966278077
65,0.0128194091796875,0.014114133834838867
66,0.01394263334274292,0.017524117469787596
67,0.012487138938903809,0.0577272162437439
68,0.01155939073562622,0.008481107234954833
69,0.012178400135040283,0.00939949369430542
70,0.011803174304962158,0.011090365409851075
71,0.01327651891708374,0.011642385005950927
72,0.011659315776824952,0.009607033729553223
73,0.01017326316833496,0.007698645114898681
74,0.010202348136901856,0.012498361110687256
75,0.010653229236602783,0.009492243766784668
76,0.011947080516815185,0.009610651969909668
77,0.01033260145187378,0.008785860061645508
78,0.01126038589477539,0.032509515285491945
79,0.010705562210083008,0.008243229389190674
80,0.009231878185272217,0.010037107467651367
81,0.009948663520812988,0.007119497299194336
82,0.00804788475036621,0.007587806224822998
83,0.008275081253051758,0.019711571216583252
84,0.010274901866912841,0.0065384387969970705
85,0.010284429359436036,0.007507039546966553
86,0.008983422470092773,0.008711265087127686
87,0.00997584285736084,0.008061172485351563
88,0.009298371505737304,0.006363680362701416
89,0.00855683012008667,0.015494175434112549
90,0.009400447463989258,0.0064208064079284664
91,0.008614043140411377,0.01139036750793457
92,0.009096268272399902,0.025398126602172853
93,0.009808150482177735,0.008757265090942382
94,0.008754559707641602,0.008640631198883057
95,0.009235527992248535,0.007217413425445557
96,0.006998587989807129,0.009186326026916504
97,0.008149560546875,0.007821768760681152
98,0.008891335010528564,0.00745277738571167
99,0.007055253028869629,0.0225570650100708
100,0.008140240001678466,0.008719131946563721
101,0.007460214710235596,0.01004492473602295
102,0.006405345916748047,0.005581576824188233
103,0.00875696849822998,0.007404271602630615
104,0.0065186989784240725,0.007354316711425782
105,0.007171356391906738,0.008059201717376709
106,0.006146052932739258,0.015559539318084717
107,0.006273664951324463,0.005423932075500488
108,0.007984324550628662,0.009819599628448486
109,0.007008873462677002,0.006231470584869385
110,0.00756756010055542,0.005655923843383789
111,0.0056508153915405274,0.005134788513183594
112,0.006334328269958496,0.005485745429992675
113,0.00696286039352417,0.005098278045654297
114,0.005955836772918701,0.012855879783630371
115,0.007395676517486572,0.00486815881729126
116,0.00696622486114502,0.014610443115234375
117,0.006706719303131103,0.009135990619659425
118,0.0062870573043823244,0.0062791647911071774
119,0.006176135540008545,0.00721405839920044
120,0.007383887672424316,0.017968207359313964
121,0.006981941318511963,0.005874788761138916
122,0.004619010639190674,0.006122553825378418
123,0.005868804359436035,0.005652661323547363
124,0.0057684541702270505,0.005783676624298096
125,0.006339326477050781,0.006013813972473144
126,0.006106526279449463,0.004868170738220215
127,0.006775666713714599,0.005365915775299072
128,0.0054598409652709965,0.025410495281219483
129,0.005015397930145263,0.005724549293518066
130,0.0060432271957397464,0.004673383712768555
131,0.005477864933013916,0.004579848766326904
132,0.0052306918144226075,0.004491215705871582
133,0.0061557367324829105,0.0456642484664917
134,0.005397540855407714,0.004989972114562988
135,0.005617087841033936,0.004733001232147217
136,0.006299387836456299,0.006319629192352295
137,0.005233913707733154,0.008042354583740235
138,0.006262974548339844,0.004995087146759033
139,0.004019866561889648,0.005027575969696045
140,0.004939372348785401,0.007303951263427734
141,0.005875736808776856,0.004385606288909912
142,0.005200602531433105,0.004493429183959961
143,0.005612191390991211,0.006068115234375
144,0.004766788291931152,0.006697231769561767
145,0.005885793685913086,0.00944163703918457
146,0.004783229923248291,0.0041995768547058105
147,0.00466506986618042,0.010312441349029542
148,0.005442045211791992,0.005040463447570801
149,0.004522321033477783,0.005469517707824707
150,0.00479185619354248,0.008547223091125489
151,0.005045409297943115,0.005456798553466797
152,0.003947840023040772,0.0045583839416503905
153,0.005231164741516113,0.005340751647949219
154,0.004123138427734375,0.025496975898742676
155,0.004960737800598145,0.005820847034454345
156,0.0049856752395629885,0.004661709308624268
157,0.004833665847778321,0.006165417671203613
158,0.004614761543273926,0.004254555702209473
159,0.005279396152496338,0.005393045902252197
160,0.004676552200317383,0.0495389723777771
161,0.005774617385864258,0.005259462356567383
162,0.0038082341194152834,0.003722764015197754
163,0.005410772609710694,0.004077569961547851
164,0.004752513027191162,0.010497055530548095
165,0.004023514747619629,0.003952821731567383
166,0.003639047050476074,0.004366411685943604
167,0.0048299389839172365,0.005358931541442871
168,0.0037465965270996092,0.004268491744995117
169,0.004076059341430664,0.004733034610748291
170,0.004150218868255616,0.004760616302490235
171,0.0040363943099975584,0.0039001798629760744
172,0.003603542518615723,0.003987365245819092
173,0.004371311664581299,0.004053003311157226
174,0.004325913524627686,0.0044085454940795896
175,0.003877920341491699,0.005725967884063721
176,0.00472486515045166,0.003779355525970459
177,0.003551044464111328,0.186571750164032
178,0.0157642746925354,0.011191988468170166
179,0.0039280718803405765,0.0038218936920166014
180,0.003043187236785889,0.0036139583587646486
181,0.003957864761352539,0.004073493957519532
182,0.0035559657096862793,0.0046782708168029786
183,0.00446179723739624,0.004252906799316406
184,0.00291621036529541,0.00352031946182251
185,0.004099036502838135,0.0034405918121337893
186,0.0032975229263305663,0.010475470066070556
187,0.004438780498504638,0.0037867136001586916
188,0.0035080004692077636,0.003492175102233887
189,0.0036046106338500977,0.003941236495971679
190,0.004307297515869141,0.0034978909492492678
191,0.003766528511047363,0.004546234130859375
192,0.004266867160797119,0.004024585247039795
193,0.003623077201843262,0.005214562892913818
194,0.0030056121826171874,0.013748209953308105
195,0.0043414321899414065,0.004643389701843262
196,0.003970298290252685,0.010072307586669922
197,0.004074469184875488,0.003284398555755615
198,0.002945896530151367,0.003401026248931885
199,0.00279647331237793,0.005055017471313476
200,0.0035735337257385255,0.012423594474792481
201,0.005190082359313965,0.00371657133102417
202,0.002935188102722168,0.0037516274452209473
203,0.004099072360992432,0.0033693222999572753
204,0.003538029956817627,0.004232349395751953
205,0.003289178943634033,0.0032732453346252443
206,0.0038595160484313964,0.0035629968643188475
207,0.003284772300720215,0.003435336112976074
208,0.0030842894554138182,0.008724763870239257
209,0.004121307277679443,0.003468052864074707
210,0.004162983226776123,0.006128450870513916
211,0.0034452816009521484,0.005425166130065918
212,0.0036245780944824217,0.004008893966674805
213,0.003202405834197998,0.0032667293548583986
214,0.004436813926696777,0.003881752014160156
215,0.0030886919021606445,0.004034213066101074
216,0.0043200138092041014,0.004533824920654297
217,0.003123301124572754,0.0030563435554504395
218,0.004082844066619873,0.003130431652069092
219,0.0033096325874328613,0.004811224937438965
220,0.003137583827972412,0.003338693618774414
221,0.002500602722167969,0.003082989692687988
222,0.0040578231811523435,0.003773548126220703
223,0.0033773070335388184,0.006804252624511719
224,0.003358014965057373,0.00394916820526123
225,0.003529157257080078,0.0029836769104003907
226,0.0033602234840393068,0.003260889530181885
227,0.002610667610168457,0.0053441481590271
228,0.003397366714477539,0.003114598274230957
229,0.0034457788467407227,0.0034037566184997557
230,0.003640464782714844,0.003078871250152588
231,0.0032364654541015623,0.003877988338470459
232,0.003173880481719971,0.013494795322418212
233,0.00411416540145874,0.004046004295349121
234,0.002718834209442139,0.003366506576538086
235,0.0026655171394348144,0.002976862907409668
236,0.002921675395965576,0.00365446138381958
237,0.0035693836212158203,0.0032330174446105957
238,0.003540797519683838,0.0031326403617858885
239,0.003380426597595215,0.0029210901260375978
240,0.002691459560394287,0.0034215030670166017
241,0.0034386006355285647,0.003157036781311035
242,0.0031413385391235353,0.004147327899932861
243,0.00308679780960083,0.004308938503265381
244,0.003350716781616211,0.0030102105140686034
245,0.0030704512596130373,0.002879897594451904
246,0.0038588385581970214,0.0029524521827697754
247,0.0027376996994018556,0.0035426344871520997
248,0.0034887765884399416,0.002858774662017822
249,0.0023807626724243166,0.0034585814476013185
250,0.0032435514450073243,0.010685081958770753
251,0.0028664482116699218,0.0046875405311584475
252,0.002828250312805176,0.00300716495513916
253,0.00264978084564209,0.0029178533554077147
254,0.0031725215911865235,0.003269752502441406
255,0.0030320621490478516,0.002990050792694092
256,0.0032005555152893068,0.0029176697731018064
257,0.002837924098968506,0.0032490310668945315
258,0.0037152030944824217,0.0031944732666015626
259,0.002372132110595703,0.0029160289764404296
260,0.002833548545837402,0.004313002109527588
261,0.0030561348915100098,0.003004779815673828
262,0.002693010425567627,0.0026890015602111816
263,0.0021908516883850098,0.0038216037750244142
264,0.0031581926345825195,0.012733358383178711
265,0.0030007554054260256,0.0029309544563293458
266,0.0031416501998901367,0.003445598602294922
267,0.0036818552017211913,0.0027200841903686525
268,0.0026475998878479003,0.004317276477813721
269,0.003458344078063965,0.00414319658279419
270,0.0031974917411804198,0.0026628456115722655
271,0.0021192273139953614,0.003118865966796875
272,0.003649447441101074,0.0031217713356018065
273,0.002504038715362549,0.002843485355377197
274,0.002671716022491455,0.0026014022827148438
275,0.0024049769401550294,0.00288973331451416
276,0.002049203681945801,0.0026683268547058104
277,0.00266080322265625,0.004840797901153564
278,0.002973915958404541,0.0029349985122680664
279,0.002465811538696289,0.0026048851013183594
280,0.0026978084564208984,0.004599964141845703
281,0.0026452871322631836,0.0025846219062805177
282,0.0027941885948181153,0.0029177627563476563
283,0.0023275705337524413,0.003382479667663574
284,0.0033256116867065428,0.022857369899749756
285,0.002988919448852539,0.002949963092803955
286,0.0022640188217163087,0.003357553005218506
287,0.002904394817352295,0.0025959639549255373
288,0.0031028779983520507,0.003942943096160888
289,0.0037537274360656737,0.0030889272689819335
290,0.002297933769226074,0.00262061882019043
291,0.0026665095329284666,0.0028253536224365234
292,0.0021144238471984865,0.0027134599685668943
293,0.003423807621002197,0.002566849231719971
294,0.0022396574020385742,0.004742942810058594
295,0.0028001849174499513,0.0038029332160949706
296,0.002593748950958252,0.0029957261085510256
297,0.0029145986557006834,0.005041685104370117
298,0.0027111383438110353,0.002801074504852295
299,0.0020921315193176268,0.002969956398010254
300,0.002102814865112305,0.0025598831176757812
301,0.0021860261917114256,0.003093050956726074
302,0.0030753512382507326,0.006876266479492187
303,0.0023508768081665038,0.0025052571296691893
304,0.0023230302810668944,0.0034444098472595215
305,0.0030007827758789063,0.0026489710807800293
306,0.0027097414016723632,0.002978825092315674
307,0.0028349716186523437,0.003187863349914551
308,0.0024971190452575684,0.003651228904724121
309,0.003315857410430908,0.0030399188995361326
310,0.0025363298416137695,0.003159651279449463
311,0.0021578206062316894,0.00324912166595459
312,0.0023953401565551757,0.00368194580078125
313,0.0024863741874694826,0.0063014826774597165
314,0.002901406002044678,0.004943662643432617
315,0.003061249828338623,0.0025231003761291503
316,0.0019802870750427245,0.0026873736381530762
317,0.0025784276962280274,0.0027408900260925293
318,0.0026514681816101073,0.003509937763214111
319,0.00235034122467041,0.010198802947998046
320,0.0032769180297851563,0.0029833974838256836
321,0.0022949904441833496,0.0033074774742126467
322,0.0023859983444213867,0.01011527395248413
323,0.002860272789001465,0.0024140629768371583
324,0.0019456754684448242,0.0025081100463867187
325,0.002664363384246826,0.003469797134399414
326,0.0024242359161376955,0.002727449417114258
327,0.0027330619812011717,0.002872380256652832
328,0.001915544605255127,0.002691826820373535
329,0.0031732428550720216,0.0025797367095947267
330,0.0024547489166259766,0.0027866969108581545
331,0.0021327250480651858,0.002642293453216553
332,0.0020591625213623047,0.002672037601470947
333,0.0025204815864562987,0.0027261471748352053
334,0.0022550971031188964,0.0024254403114318847
335,0.0023192177772521972,0.00483236026763916
336,0.002841685104370117,0.002626474380493164
337,0.001966947078704834,0.002356071949005127
338,0.001832129192352295,0.002332094669342041
339,0.002583363914489746,0.003921627998352051
340,0.002806546974182129,0.0026558265686035154
341,0.0025723179817199707,0.002555487632751465
342,0.002532972812652588,0.002313889980316162
343,0.002236500358581543,0.00298756742477417
344,0.002408392524719238,0.00243497896194458
345,0.002226441764831543,0.0023657269477844237
346,0.0019027688980102538,0.002948914051055908
347,0.0022709826469421387,0.0170536789894104
348,0.002784993648529053,0.0024013543128967286
349,0.002608698272705078,0.00294817590713501
350,0.002068004512786865,0.0023670048713684082
351,0.0027705903053283692,0.00342549991607666
352,0.0022202826499938965,0.0033620243072509767
353,0.0019893306732177733,0.004551889896392822
354,0.002548591995239258,0.0032812094688415526
355,0.002816006851196289,0.0025494704246521
356,0.0021960577964782713,0.002257397651672363
357,0.002428470706939697,0.002809476375579834
358,0.0021305998802185057,0.0026384711265563963
359,0.002207353401184082,0.0029218430519104004
360,0.002816848087310791,0.002701176166534424
361,0.002260678577423096,0.002539816856384277
362,0.0016921846389770507,0.002592588424682617
363,0.002182627582550049,0.0026600279808044434
364,0.0024923540115356444,0.004354040622711181
365,0.001968752193450928,0.0022500143051147462
366,0.0022055176734924317,0.002239529609680176
367,0.002410939979553223,0.0027212095260620117
368,0.0026661437034606935,0.002526108741760254
369,0.002180286407470703,0.012427250862121582
370,0.002568393325805664,0.007514158248901367
371,0.003147254657745361,0.0023136096000671387
372,0.0021564167976379396,0.0030194778442382813
373,0.0020317495346069336,0.0023181195259094236
374,0.0028763895034790037,0.0029772872924804686
375,0.0021114194869995117,0.003496988773345947
376,0.002405326557159424,0.004627667903900147
377,0.002550770950317383,0.00301617431640625
378,0.00221939058303833,0.0032946176528930666
379,0.002730467891693115,0.0029198856353759768
380,0.0026268574714660643,0.0023318567276000976
381,0.002046154594421387,0.00259289026260376
382,0.00215706090927124,0.0024608373641967773
383,0.0021837724685668945,0.002185564994812012
384,0.002655561637878418,0.002641700744628906
385,0.0016455409049987793,0.0022307934761047364
386,0.0021034805297851563,0.00453629207611084
387,0.002537538528442383,0.0021598196029663087
388,0.002661457443237305,0.0023173222541809082
389,0.0019562080383300783,0.003172372341156006
390,0.0021100509643554688,0.002348817825317383
391,0.0022132058143615723,0.0028145804405212403
392,0.002160661315917969,0.0025920162200927734
393,0.0019967917442321776,0.002288804531097412
394,0.001677229404449463,0.00444644546508789
395,0.0026378561973571775,0.004894093513488769
396,0.0020481077194213866,0.002168381690979004
397,0.0020935251235961916,0.0022115168571472167
398,0.0018610304832458496,0.002114121913909912
399,0.0022709545135498046,0.0030826678276062013
400,0.002131860828399658,0.0022671070098876952
401,0.002048627758026123,0.005855103492736816
402,0.002440540027618408,0.0023469343185424803
403,0.002114823532104492,0.0029407992362976074
404,0.0020035420417785646,0.0074668173789978025
405,0.0031314717292785644,0.0031254019737243653
406,0.002097107791900635,0.0021787829399108885
407,0.00224222412109375,0.0035522541999816895
408,0.0021048538208007814,0.003124276161193848
409,0.0025849650382995604,0.002172867774963379
410,0.0021672429084777832,0.0024556884765625
411,0.0021826503753662107,0.0024747834205627443
412,0.001995786762237549,0.002152191638946533
413,0.002232780647277832,0.0024347338676452635
414,0.001874281120300293,0.0023660244941711424
415,0.0019351417541503906,0.009689614295959473
416,0.0023885350227355957,0.002633389472961426
417,0.001810554027557373,0.0023269877433776853
418,0.0015942796707153321,0.0029744920730590822
