epoch,loss,val_loss
0,0.6707469163894654,0.4927695140838623
1,0.5018522733688354,0.4616183753013611
2,0.47212564840316773,0.4936235513687134
3,0.45781928968429564,0.41333808374404907
4,0.42789448347091674,0.45345319890975955
5,0.4081754837989807,0.37656225633621215
6,0.38927329959869383,0.38199032497406005
7,0.37440452003479,0.3952416205406189
8,0.35357233810424804,0.33234270429611207
9,0.35092990264892576,0.3296222276687622
10,0.3432237295150757,0.3649534397125244
11,0.330936780166626,0.3374180202484131
12,0.3283632564544678,0.31730696630477906
13,0.3210352909088135,0.32175862216949463
14,0.3139235421180725,0.3033684973716736
15,0.31511108179092406,0.307685263633728
16,0.30658132638931274,0.32747545003890993
17,0.30629112215042115,0.2958146810531616
18,0.2980447225570679,0.35825660133361814
19,0.30046888427734375,0.2904966492652893
20,0.29547514324188234,0.2807199630737305
21,0.29348457221984864,0.2775357446670532
22,0.2937783710479736,0.29432851934432985
23,0.28725660333633424,0.3734652314186096
24,0.29215920782089233,0.2812095651626587
25,0.2844881546020508,0.29904120111465454
26,0.2832528737068176,0.2771721253395081
27,0.2838107424736023,0.28292558908462523
28,0.28291799898147585,0.27449962854385374
29,0.2777253429412842,0.2885352740287781
30,0.279733606338501,0.26756384801864624
31,0.2775269929885864,0.27183406925201414
32,0.27247043294906614,0.2738229966163635
33,0.27489591674804686,0.2638411226272583
34,0.27422505016326904,0.2700470323562622
35,0.2697172673225403,0.27868481874465945
36,0.26999825716018677,0.26152041053771974
37,0.26978048086166384,0.3379126768112183
38,0.26918211040496826,0.27171346855163575
39,0.2690544435501099,0.2620166611671448
40,0.2667013866424561,0.26371024227142337
41,0.2663752277374268,0.2593873224258423
42,0.2643412169456482,0.26735830402374267
43,0.267263911819458,0.2742977390289307
44,0.26572413110733034,0.2578886685371399
45,0.261144439125061,0.2688544273376465
46,0.2632828622817993,0.31501854419708253
47,0.26234997911453245,0.263108745098114
48,0.2587292495727539,0.26585543584823607
49,0.2605801205635071,0.28524901723861695
