epoch,loss,val_loss
0,0.6183980346679687,0.44605634117126464
1,0.3606838966369629,0.2809580221176147
2,0.2952481693267822,0.3599313397407532
3,0.27040860290527347,0.22896337413787843
4,0.2340826307296753,0.2066817626953125
5,0.1989793691635132,0.17831034612655638
6,0.1679615216255188,0.17051548385620116
7,0.15242133646011352,0.16449610805511475
8,0.14201893711090088,0.1223491678237915
9,0.13188458700180053,0.21740864419937134
10,0.12142843189239502,0.10094776201248169
11,0.11810668239593505,0.10705056953430175
12,0.11098109350204467,0.13020078897476195
13,0.1050396933555603,0.10233313179016114
14,0.10840737609863281,0.10934919357299805
15,0.10141598558425903,0.08608785486221314
16,0.0968502109527588,0.10379630470275879
17,0.09560176076889038,0.0861975302696228
18,0.0940087070465088,0.11460015106201171
19,0.09210762729644775,0.08341882610321046
20,0.08838157911300659,0.08828216409683227
21,0.08820185661315919,0.06905935859680176
22,0.0838490496635437,0.10345807981491088
23,0.08848450632095337,0.09686191558837891
24,0.08386129121780396,0.07901589918136596
25,0.0822813289642334,0.0804518551826477
26,0.08092706537246704,0.09948008251190185
