epoch,loss,val_loss
0,0.6440035871505737,0.5829652900695801
1,0.5633659112930298,0.5123463306427002
2,0.5261480039596558,0.5158601884841919
3,0.5115691093444824,0.49839977502822874
4,0.501132787322998,0.5831566104888916
5,0.49803535194396975,0.48038012409210207
6,0.49531748237609863,0.48581671762466433
7,0.4907412519454956,0.47690519380569457
8,0.48692262001037595,0.48994261884689333
9,0.48032604455947875,0.4888650126457214
10,0.4805271626472473,0.46973534631729125
11,0.4763845740318298,0.46530617523193357
12,0.4764709454536438,0.461086941242218
13,0.47290352725982665,0.47741781902313235
14,0.4721968552589417,0.535850016593933
15,0.47041250467300416,0.4609192419052124
16,0.4657597577095032,0.47215866899490355
17,0.46971681175231933,0.45882194900512696
18,0.464728275680542,0.46221137714385985
19,0.4658296022415161,0.5191785659790039
20,0.46414873332977297,0.563415801525116
21,0.4621931022644043,0.46340548038482665
22,0.46067503318786623,0.47062078142166136
