epoch,loss,val_loss
0,0.774220707321167,0.6500588517189025
1,0.6498903991699219,0.6269825963974
2,0.6297430461883545,0.6277754058837891
3,0.6203613326072693,0.6433712215423584
4,0.6163327654838562,0.6146023507118226
5,0.6104801883697509,0.6093226470947266
6,0.6047970249176026,0.6440255794525146
7,0.6024023391723633,0.6894029607772827
8,0.5981786659240723,0.6012464256286622
9,0.5942451667785644,0.598425576210022
10,0.5926296182632447,0.5939415836334229
11,0.5874066883087158,0.5966833357810974
12,0.5849654307365417,0.594915587425232
13,0.5848025560379029,0.5883812937736511
14,0.5809687305450439,0.583870358467102
15,0.5787995300292968,0.5782887663841247
16,0.5780162732124329,0.5825881443023682
17,0.5770934405326843,0.5824584970474244
18,0.5751100564002991,0.6367283372879028
19,0.5747459859848022,0.5804319705963135
20,0.5749643085479736,0.5832123765945435
21,0.5713366082191468,0.5712349572181702
22,0.5690544885635376,0.5835336055755616
23,0.5699498874664307,0.5784839200973511
24,0.5689745244979858,0.5896584243774414
25,0.569481884765625,0.567980788230896
26,0.567335296535492,0.5971396331787109
27,0.5676021989822387,0.5691680641174316
28,0.5661541868209838,0.5810053949356079
29,0.5654138152122498,0.6130498223304749
30,0.5651001836776733,0.5757326192855835
31,0.5670815791130066,0.5642228622436524
32,0.563951968383789,0.587163007736206
33,0.566348952960968,0.5763767004013062
34,0.5626821998596191,0.59088831615448
35,0.5637514909744262,0.5807542562484741
36,0.5651957033157349,0.5665906572341919
37,0.5604448685646057,0.7252953982353211
38,0.5653877026557922,0.5773278818130493
39,0.5619753100395203,0.5753355741500854
40,0.5595399061203002,0.5799824485778808
41,0.5623906526565552,0.61160205078125
