epoch,loss,val_loss
0,0.6767662654876709,0.3606455035209656
1,0.30489972791671754,0.17182397222518922
2,0.18984249649047852,0.176013747215271
3,0.16285130653381347,0.16190274000167848
4,0.14687355947494507,0.13857882881164552
5,0.134317769241333,0.11652438879013062
6,0.12447786808013916,0.14590044116973877
7,0.11741002836227417,0.1091720085144043
8,0.11023153867721558,0.20414100980758668
9,0.10800531539916992,0.10667063188552857
10,0.10144508609771728,0.08081232929229737
11,0.09734400959014892,0.09055861330032348
12,0.09687553024291992,0.07852267026901245
13,0.09241603488922119,0.09089409494400025
14,0.08959376649856568,0.1552327389717102
15,0.08997953176498413,0.13305232429504393
16,0.08817770872116089,0.0707831039428711
17,0.0867168023109436,0.10738526344299316
18,0.08315691900253296,0.08993518114089966
19,0.08305042610168457,0.06715277004241943
20,0.0812591519355774,0.09530545520782471
21,0.08058584289550781,0.0648448748588562
22,0.07915055446624755,0.08881464195251465
23,0.07890273036956787,0.06575808668136597
24,0.0780552267074585,0.07773920059204102
25,0.07739961748123168,0.07289839553833008
26,0.07571575164794922,0.09540304517745972
