epoch,loss,val_loss
0,0.7768576614379883,0.7227816801071167
1,0.642197504901886,0.6087725210189819
2,0.6132158287048339,0.5935836334228516
3,0.6017475769042969,0.6111771430969238
4,0.5902749683380127,0.5745922861099243
5,0.5787567003250123,0.5848300232887268
6,0.5709404270172119,0.6098414926528931
7,0.5593402146339417,0.5738264646530151
8,0.5581575950622558,0.5466988525390625
9,0.5504072926521302,0.5504440717697143
10,0.547758676815033,0.5435405216217041
11,0.5420234819412232,0.5547008228302002
12,0.540760020160675,0.5583803367614746
13,0.5391045986175537,0.5505908699035644
14,0.5371939964294433,0.5427610292434693
15,0.5353738472938537,0.5363484635353089
16,0.5306992867469787,0.6414687337875367
17,0.5329892129898072,0.5699895305633544
18,0.5281323062896729,0.5333233737945556
19,0.5307511011123657,0.680564546585083
20,0.5267238759994507,0.5557291474342346
21,0.5245319769859313,0.5218587493896485
22,0.5243658880233765,0.5271915426254272
23,0.5244823036193847,0.5358929977416992
24,0.5207157962799073,0.5204837827682495
25,0.5232007637023925,0.5404866766929627
26,0.521076452255249,0.5407536716461182
27,0.5196171083450317,0.5309740915298462
28,0.5163202674865722,0.5348358354568481
29,0.5177835325241089,0.5197332448959351
30,0.5180227777481079,0.535211480140686
31,0.5168204724311829,0.522234013557434
32,0.5140782146453857,0.5656289939880371
33,0.5154326265335083,0.5162932696342468
34,0.5138159843444824,0.5344073104858399
35,0.5124865026473999,0.5289399347305298
36,0.5126599511146546,0.5193283262252808
37,0.5125415181159974,0.5342895593643189
38,0.5109075388908386,0.5160519857406616
39,0.5116106992721557,0.5100207328796387
40,0.508310592842102,0.5163839893341065
41,0.5104529969215393,0.5115132465362549
42,0.5098251485824585,0.5646095123291016
43,0.5101485485076904,0.5088076171875
44,0.5083796194076539,0.5097127981185913
45,0.5072675662994385,0.5107650790214538
46,0.5066487260818482,0.5098811674118042
47,0.5063859380722046,0.5350625143051148
48,0.5053553758621215,0.5124915809631347
49,0.5057952348709106,0.6070603923797607
50,0.5064918380737304,0.5061565532684326
51,0.5055567218780518,0.5166946172714233
52,0.5035999825477601,0.5173830289840698
53,0.5055853500366211,0.507602120399475
54,0.5030239063262939,0.5414006595611572
55,0.502761600780487,0.5096667771339416
56,0.5011001497268677,0.52080419921875
57,0.5007121982574463,0.5124975147247315
58,0.5027654119491577,0.5225670108795166
59,0.5008829303741456,0.5184368095397949
60,0.4997088967323303,0.5153512411117553
