epoch,loss,val_loss
0,0.6319879665374756,0.6483383522033691
1,0.3831438420295715,0.282607280254364
2,0.2853624445915222,0.3016152787208557
3,0.2578113402366638,0.23821074771881104
4,0.23777902450561522,0.21680070209503174
5,0.22476541566848754,0.2006324872970581
6,0.2144515016555786,0.41355849933624267
7,0.21084548473358156,0.1880926251411438
8,0.2004707462310791,0.17778776502609253
9,0.1962969669342041,0.17746034145355224
10,0.19292560405731202,0.18010318756103516
11,0.1886574104309082,0.1712667212486267
12,0.18572125120162963,0.28809375619888306
13,0.18288851375579834,0.15735926628112792
14,0.17903616008758544,0.15946678924560548
15,0.17895498752593994,0.1797118525505066
16,0.17244138059616088,0.15219820213317872
17,0.17357889518737793,0.15519586563110352
18,0.17068249187469484,0.18445446681976319
19,0.17253247375488281,0.1493470253944397
20,0.16763653144836427,0.1450277280807495
21,0.16542828197479248,0.18232582759857177
22,0.16894659576416016,0.1450508852005005
23,0.16343260126113893,0.15613599681854248
24,0.16403874568939208,0.19570622730255127
25,0.16068418502807616,0.16648529148101807
26,0.16217949476242066,0.14475679016113283
27,0.16047444772720337,0.15507096672058104
28,0.15543908319473265,0.13968719577789307
29,0.15700141353607178,0.14208014011383058
30,0.15633255758285522,0.14427675914764404
31,0.15509204444885255,0.1555592932701111
32,0.15538728446960448,0.15147413206100463
33,0.15426535692214965,0.13410952138900756
34,0.1533940439224243,0.14750146675109863
35,0.15463352565765381,0.14392207193374634
36,0.14728682298660278,0.15306613874435424
37,0.1511085844039917,0.14066129446029663
38,0.14921651887893678,0.1545963249206543
39,0.1501858263015747,0.18108550596237183
40,0.14795477638244628,0.14827225399017335
41,0.14572392501831055,0.23555185556411742
42,0.1497570902824402,0.13214409637451172
43,0.14354490280151366,0.14392918586730957
44,0.14611304302215578,0.13800243186950684
45,0.14362431745529175,0.14261819696426392
46,0.14595041112899781,0.21549620532989502
47,0.14310636644363403,0.21719701147079468
48,0.14184418020248413,0.1284848690032959
49,0.143986226272583,0.18768175601959228
50,0.1407031274795532,0.12817630195617677
51,0.14044361801147462,0.1413500075340271
52,0.13912964372634887,0.13581468629837037
53,0.14135994300842286,0.14849952507019043
54,0.14128881101608276,0.13707087564468384
55,0.1370680962562561,0.18492223453521728
56,0.13968267192840575,0.2776848850250244
57,0.14124546241760255,0.14294673919677733
58,0.13889387283325194,0.13325626277923583
59,0.13690031909942627,0.1560813398361206
60,0.13641217699050903,0.14244367599487304
61,0.1387812830924988,0.12717080879211426
62,0.13622825689315796,0.13413169479370118
63,0.13525344772338868,0.13454945325851442
64,0.13405662002563476,0.12842844772338868
65,0.13598241138458253,0.15149831008911133
66,0.13433865480422974,0.13405498838424681
67,0.13384578619003296,0.13857651281356811
68,0.134966037940979,0.12655052614212037
69,0.13368878908157347,0.16918681621551512
70,0.1355289556503296,0.13015398788452148
71,0.13221849679946898,0.12524900817871093
72,0.13279065923690797,0.12344139862060546
73,0.13261371879577638,0.20113632392883302
74,0.13099395685195922,0.1343261308670044
75,0.13175901880264282,0.13801360702514648
76,0.13450088329315185,0.19957392406463623
77,0.13119605512619018,0.1310703158378601
78,0.13287969360351562,0.12169097375869752
79,0.13139058942794798,0.12910261964797973
80,0.13083367347717284,0.1481652617454529
81,0.12978885984420777,0.13125637006759644
82,0.13103634662628175,0.12377448558807373
83,0.12587721071243285,0.16033648443222046
84,0.13274397125244142,0.13608844995498656
85,0.1267378839492798,0.14021804475784302
86,0.12911580152511595,0.12167411184310913
87,0.12886883249282838,0.15662583780288697
88,0.12923893632888794,0.12607868242263795
89,0.12820454807281495,0.12726253509521485
90,0.1283223547935486,0.12897434949874878
91,0.12670080833435057,0.12855755376815797
92,0.12800815362930298,0.15200228595733642
93,0.12825239658355714,0.1399980297088623
94,0.12668782062530518,0.12785999631881714
95,0.12578972082138062,0.12523219013214112
96,0.12617196340560913,0.14914330911636353
97,0.12680383863449096,0.11967150115966797
98,0.12708197965621948,0.11945847511291503
99,0.1281586362838745,0.12338734340667724
100,0.12565738725662232,0.12877386665344237
101,0.1277116240501404,0.12871771001815796
102,0.1256622784614563,0.15247848653793336
103,0.12294757375717164,0.124620924949646
104,0.1240524730682373,0.1591872067451477
105,0.12386696128845215,0.12714184617996216
106,0.1250309711456299,0.13034975957870484
107,0.12434229536056518,0.120576425075531
108,0.12341174993515015,0.13999629068374633
109,0.12417887544631959,0.12828201198577882
110,0.12295604066848755,0.14537984752655028
111,0.1240332326889038,0.1269273705482483
112,0.12372819194793701,0.13273239088058472
113,0.12221009473800659,0.14490563488006591
114,0.12408156814575196,0.12644576597213744
115,0.1199517026901245,0.12765286493301392
116,0.12301135921478272,0.11831712818145752
117,0.12212722272872925,0.14830205726623535
118,0.12332137699127198,0.12336529064178467
119,0.12280933685302735,0.29696359729766847
120,0.12341360855102539,0.12285894536972046
121,0.12181174173355103,0.1468538565635681
122,0.12107042636871337,0.12371894311904907
123,0.12126455211639404,0.11667049360275268
124,0.12280760021209716,0.11517387628555298
125,0.12101385040283204,0.12204843091964722
126,0.1221746789932251,0.11671005916595459
127,0.1207364538192749,0.11681140089035034
128,0.1214268500328064,0.12834480381011962
129,0.11879084873199462,0.13357126140594483
130,0.1207426435470581,0.11573435640335084
131,0.12179080352783203,0.11657662630081177
132,0.1179502342224121,0.11961282444000244
133,0.11917879724502564,0.11894992589950562
134,0.11896677780151367,0.12487665224075317
135,0.11856244268417358,0.15508637523651123
136,0.1195808952331543,0.11942438888549804
137,0.11959390754699707,0.1202158555984497
138,0.1186558952331543,0.11749532747268676
139,0.12054148817062378,0.11680846452713013
140,0.11944337215423584,0.12063167667388916
141,0.11746911220550538,0.1255147361755371
142,0.11710066032409668,0.11531847763061523
143,0.1189371096611023,0.12711142587661745
144,0.12074084634780884,0.14406842803955078
