epoch,loss,val_loss
0,0.642752550983429,0.5499106073379516
1,0.35803571252822874,0.1886225709915161
2,0.2141500304222107,0.35343816137313844
3,0.17740688467025756,0.12223233556747437
4,0.15326473913192748,0.19252984285354613
5,0.1377907525062561,0.16953187370300293
6,0.13398208808898926,0.10199397945404053
7,0.12328868541717529,0.08971145963668824
8,0.11559193716049194,0.08042291259765624
9,0.11478898124694824,0.17070919513702393
10,0.108233616065979,0.10101049947738648
11,0.10356872549057007,0.1265016589164734
12,0.09983548431396484,0.10513606405258179
13,0.09504271745681762,0.12006452083587646
14,0.09506970853805542,0.06815142917633056
15,0.09090302181243896,0.07784402704238892
16,0.08531831293106079,0.07972113370895385
17,0.08258951864242554,0.0799819827079773
18,0.08385868921279907,0.06739649868011474
19,0.07809933834075927,0.06373777627944946
20,0.07554501886367798,0.07369823694229126
21,0.0756579885482788,0.07676436662673951
22,0.07193795890808105,0.11392764711380005
23,0.07255131349563598,0.09733008480072021
24,0.06993615188598633,0.07261357879638672
25,0.06776142053604126,0.06258465909957886
26,0.06539248371124268,0.054988453865051266
27,0.0685994794845581,0.05961400842666626
28,0.0654923357963562,0.048310098171234134
29,0.06572737741470337,0.08428329086303711
30,0.06321193389892578,0.05485140943527222
31,0.06426443195343018,0.06585731840133667
32,0.06354875154495239,0.054513774871826175
33,0.06263854990005494,0.04943368053436279
34,0.06058831901550293,0.05801393270492554
35,0.05772969121932983,0.05752182197570801
36,0.05855487518310547,0.0668055248260498
37,0.05860087432861328,0.06452071523666382
38,0.05710458822250366,0.05198538732528687
39,0.056721507930755616,0.046625940799713134
40,0.053252339363098145,0.04901574802398682
41,0.05840216178894043,0.0633094310760498
42,0.055558904075622556,0.08619916820526123
43,0.054818459033966066,0.043625762462615965
44,0.05414074401855469,0.04754018783569336
45,0.050828546142578125,0.06833426570892334
46,0.0534548698425293,0.05139457750320434
47,0.05191688241958618,0.06503066205978393
48,0.05383009147644043,0.053966641426086426
49,0.04994256410598755,0.04593409776687622
50,0.05235467014312744,0.0406989107131958
51,0.051908286476135254,0.04570854091644287
52,0.050666607284545896,0.1151103539466858
53,0.04955423984527588,0.04048320388793945
54,0.05059799661636352,0.04137746810913086
55,0.047081972789764406,0.04542690849304199
56,0.050240460491180416,0.04276160287857056
57,0.04911760473251343,0.04345987462997437
58,0.04807254009246826,0.04962056589126587
59,0.047574375915527344,0.08093996047973633
60,0.047113632106781,0.06970471954345703
61,0.04677552661895752,0.04855775880813599
62,0.04685770349502563,0.041393211841583254
63,0.046528316116333006,0.042427541255950926
64,0.0459483678817749,0.05639233446121216
65,0.04556560134887695,0.05486405324935913
66,0.04578824405670166,0.110102210521698
67,0.04736216592788696,0.049875583171844484
68,0.045857585525512695,0.08109660339355469
69,0.04487095775604248,0.047150858879089354
70,0.046274452590942386,0.15542935037612915
71,0.046378213119506836,0.038047357082366944
72,0.044634187602996825,0.03893978548049927
73,0.04301245756149292,0.04704758548736572
74,0.04327604942321777,0.061427504062652585
75,0.04389758081436157,0.04178244543075561
76,0.04352093315124512,0.03829809808731079
77,0.0427355860710144,0.03898827743530273
78,0.042473459243774415,0.036922309398651126
79,0.04290290985107422,0.04483938884735107
80,0.041257314205169676,0.09138149976730346
81,0.043582284545898436,0.037612776279449464
82,0.04044991111755371,0.05683160161972046
83,0.04259122123718262,0.06895036745071412
84,0.041191697120666504,0.04968313455581665
85,0.0410965633392334,0.04231770849227905
86,0.0422330792427063,0.05316820335388184
87,0.04128523359298706,0.03988687133789062
88,0.04197441167831421,0.03838927125930786
89,0.04187863922119141,0.04248818302154541
90,0.04038435316085815,0.04069662237167358
91,0.0397496771812439,0.03921679449081421
92,0.040068854331970216,0.03763210391998291
93,0.04083151664733887,0.03470732116699219
94,0.040183968162536624,0.03916282367706299
95,0.039919203090667724,0.04141312026977539
96,0.03915944719314575,0.03595612144470215
97,0.0405827600479126,0.043152140617370605
98,0.03958303050994873,0.04894093799591064
99,0.0391877480506897,0.03995502042770386
100,0.03983239583969116,0.055046824932098386
101,0.03803513536453247,0.07299882745742797
102,0.040007430362701414,0.03358114385604859
103,0.03850069618225098,0.05647851753234863
104,0.03798101453781128,0.036451197624206545
105,0.03996058969497681,0.03654280376434326
106,0.03857057771682739,0.04623182916641235
107,0.03840634183883667,0.04300441312789917
108,0.03718584022521973,0.05635163688659668
109,0.039370095443725585,0.03725477933883667
110,0.03880892562866211,0.044577316284179686
111,0.039544642543792724,0.03546850299835205
112,0.0392045711517334,0.043184277534484866
113,0.038019146919250485,0.036078833103179934
114,0.036975566387176514,0.035680181503295896
115,0.03866569395065308,0.060810009956359865
116,0.03592891206741333,0.037699494361877445
117,0.03874843158721924,0.03460430383682251
118,0.03774630117416382,0.03760105848312378
119,0.037202013683319095,0.06987940216064453
120,0.03749836254119873,0.03287279367446899
121,0.03676307430267334,0.034283527374267576
122,0.03648774356842041,0.05040491771697998
123,0.03648966655731201,0.03581589984893799
124,0.035941552448272705,0.04197671270370484
125,0.03800356273651123,0.0333437294960022
126,0.036252992820739745,0.03812273788452149
127,0.03715873308181763,0.0343462233543396
128,0.03492458686828613,0.03894924783706665
129,0.03693894596099854,0.03641349363327026
130,0.03600114040374756,0.08996446132659912
131,0.03730744285583496,0.041640050888061525
132,0.03759110412597656,0.035241934776306154
133,0.036178564739227294,0.0354182620048523
134,0.03577353477478027,0.04412239694595337
135,0.03508492965698242,0.03322010374069214
136,0.03505309619903565,0.035318732261657715
137,0.036048153686523435,0.032852582931518555
138,0.03531777849197388,0.03355454683303833
139,0.03585802888870239,0.035719956398010254
140,0.03491366634368896,0.03424309301376343
141,0.03519835300445557,0.03668200922012329
142,0.035658225059509274,0.03989429807662964
143,0.03532198781967163,0.03626669406890869
144,0.03449902286529541,0.04043771457672119
145,0.034888625621795656,0.10653078508377076
146,0.03715104160308838,0.03747418165206909
147,0.036015386486053465,0.035595946788787844
148,0.03548955106735229,0.03713799285888672
149,0.03638513765335083,0.03799384212493896
150,0.033928918647766114,0.03619466733932495
151,0.034141380310058596,0.03445805788040161
152,0.03595354948043823,0.035880248546600345
153,0.034464810371398924,0.038838773727416995
154,0.03439907093048096,0.03307823801040649
155,0.033801946544647216,0.17634987878799438
156,0.03657869920730591,0.035246577739715575
157,0.033446738910675046,0.04046598672866821
