epoch,loss,val_loss
0,0.9631632669448853,0.8306513214111328
1,0.7374940614700317,0.5632877521514893
2,0.4802031923294067,0.44525239992141724
3,0.40566973628997804,0.3883479208946228
4,0.37788968658447264,0.5872071084976196
5,0.3638378386497498,0.5779388732910157
6,0.34798507356643676,0.8659576835632324
7,0.32018700170516967,0.30521335220336915
8,0.29623918352127077,0.4372508201599121
9,0.3006749545097351,0.279380003452301
10,0.2802610234260559,0.4023703427314758
11,0.2756925506591797,0.27056350326538087
12,0.2656584499359131,0.26986592054367065
13,0.26091118278503417,0.25262444305419923
14,0.25368058052062986,0.2659009962081909
15,0.2555285891532898,0.25453217315673826
16,0.2444316135406494,0.41213746881484986
17,0.2447042230606079,0.2487836265563965
18,0.23479268617630006,0.28625149631500246
19,0.2331494517326355,0.3100701994895935
20,0.2295818663597107,0.24395956134796143
21,0.2233101697921753,0.3178933348655701
22,0.2250132218360901,0.35612783193588254
23,0.2212623399734497,0.2322585482597351
24,0.2145611894607544,0.2517922797203064
25,0.21539923515319825,0.22829240322113037
26,0.21051584177017213,0.23967819023132325
27,0.20544630651474,0.2255712785720825
28,0.20863737678527833,0.22555613088607787
29,0.20323601531982421,0.24170585918426513
30,0.20015988550186156,0.2405874032974243
31,0.19791126832962036,0.20717692852020264
32,0.19747112092971802,0.2079231071472168
33,0.19299884557723998,0.36682744789123534
34,0.1980872305870056,0.23681376314163208
35,0.19000966806411743,0.22325930738449096
36,0.18858429412841796,0.24514332723617555
37,0.18722369327545166,0.20807871103286743
38,0.18754922046661376,0.2070002975463867
39,0.18309724826812745,0.2778455681800842
40,0.18413358602523805,0.20568250370025634
41,0.18111213035583495,0.20647898197174072
42,0.17928462648391724,0.21799154567718507
43,0.1790684235572815,0.26542272663116456
44,0.1781028603553772,0.19241221046447754
45,0.17768011140823364,0.2594103760719299
46,0.17588613386154175,0.19718884372711182
47,0.1735863489151001,0.28286559200286865
48,0.17735767641067504,0.23875029516220092
49,0.1713185025215149,0.19548657608032227
50,0.1677912660598755,0.19602366161346435
51,0.1695980239868164,0.18892644596099853
52,0.16682980031967162,0.2163567705154419
53,0.16525455055236815,0.19338777828216552
54,0.1638420961380005,0.20657524967193602
55,0.16681247959136963,0.18929250860214233
56,0.16243406190872192,0.19233264923095703
57,0.16391526165008544,0.2743152256011963
58,0.16409691734313964,0.2050627474784851
59,0.1615870394706726,0.213691951751709
60,0.1595990863800049,0.20543739557266236
61,0.15944923906326294,0.19602369785308837
62,0.15806288022994996,0.194902973651886
63,0.1533735592842102,0.21106126832962036
64,0.15592979679107666,0.19216629934310914
65,0.15626063613891603,0.207394690990448
66,0.15250041027069092,0.18996643543243408
67,0.1499714988708496,0.213325909614563
68,0.1520670491218567,0.21123948431015013
69,0.14997492542266846,0.19239809226989746
70,0.14764163265228272,0.20021598863601683
71,0.14974113302230835,0.19011699151992797
