epoch,loss,val_loss
0,0.7761705645561219,0.6768030052185059
1,0.6033171445846558,0.5311030793190002
2,0.5180784910202026,0.4692806968688965
3,0.4425645209312439,0.4702625846862793
4,0.38743235692977906,0.3659015951156616
5,0.33822945547103883,0.39867197132110593
6,0.299632018661499,0.30897663497924804
7,0.28420214004516603,0.2756856117248535
8,0.2622106972694397,0.2455091986656189
9,0.24916480979919434,0.2591076803207397
10,0.24703580398559571,0.2702297487258911
11,0.23338258152008057,0.2344945111274719
12,0.22466463680267335,0.21872962522506714
13,0.22168053350448608,0.3002563967704773
14,0.2117785376548767,0.21922136497497557
15,0.21234421405792236,0.21033797359466552
16,0.2084887671470642,0.20794536018371582
17,0.2031819881439209,0.3508146719932556
18,0.20177637910842897,0.20132172918319702
19,0.1967641321182251,0.19520819234848022
20,0.19567244148254395,0.19905586099624634
21,0.1893973560333252,0.19163978910446167
22,0.18941254930496215,0.3099419302940369
23,0.188357585811615,0.18725912237167358
24,0.1816337745666504,0.18995275354385377
25,0.18226983776092529,0.1861167426109314
26,0.1773081639289856,0.22875110054016112
27,0.18125606431961058,0.21301090717315674
28,0.17528112688064576,0.18258586311340333
29,0.17496737642288207,0.31998099040985106
30,0.17508859033584595,0.23825558280944825
31,0.17138279361724854,0.19169031620025634
32,0.1705748083114624,0.18285375928878783
33,0.17055906705856325,0.18167088794708253
34,0.16493334827423095,0.17002790117263794
35,0.16540162992477417,0.18569310426712035
36,0.16114330492019655,0.17412691926956178
37,0.16114701042175292,0.16588828086853027
38,0.16010069589614867,0.19115600109100342
39,0.15857311420440673,0.26939456462860106
40,0.15901983737945558,0.17475830173492432
41,0.15723011302947998,0.18286271476745605
42,0.15691140975952148,0.21569820928573608
43,0.1575040777206421,0.16141745567321777
44,0.1530450801849365,0.16426234817504884
45,0.1531290885925293,0.1624619460105896
46,0.15330978860855102,0.17806693029403686
47,0.1506601191520691,0.20095552968978883
48,0.15335829801559447,0.18069719123840333
49,0.14835702199935913,0.1653881492614746
50,0.148543852519989,0.15912687158584596
51,0.14713460006713866,0.16978340244293214
52,0.14644438524246217,0.1707337918281555
53,0.1465605833053589,0.4450373091697693
54,0.1498983540534973,0.16336689043045044
55,0.14187418699264526,0.16960690641403198
56,0.1416947018623352,0.1641605257987976
57,0.1441377592086792,0.1568499984741211
58,0.14117237606048583,0.2656492953300476
59,0.14379041118621827,0.1614766926765442
60,0.14184000425338744,0.1902471742630005
61,0.13931953897476196,0.16586895656585693
62,0.13675532836914062,0.1606297264099121
63,0.13734580049514772,0.2019790372848511
64,0.13885738010406495,0.1669864559173584
65,0.13490554294586182,0.15375544548034667
66,0.136228510761261,0.16727435398101806
67,0.13366803560256957,0.15506269836425782
68,0.1325269407272339,0.16864671897888184
69,0.13375659990310668,0.15420189714431762
70,0.1336744749069214,0.5709131393432617
71,0.14911836681365967,0.15317849111557008
72,0.12854511585235595,0.157125253200531
73,0.13428205785751343,0.1511507978439331
74,0.13057524490356445,0.17692941522598266
75,0.1280695460319519,0.15737514686584472
76,0.12792426309585572,0.1998077883720398
77,0.12900394773483276,0.1609371738433838
78,0.1262008752822876,0.1979693670272827
79,0.12485041160583496,0.1834227647781372
80,0.1263409605026245,0.16279858493804933
81,0.1265061858177185,0.16015082263946534
82,0.12602759027481078,0.15313378047943116
83,0.1249607172012329,0.15364587450027467
84,0.12337725477218628,0.3367208199501038
85,0.12986890516281127,0.18022331476211548
86,0.12176315040588379,0.1558260464668274
87,0.1235357822418213,0.15610852479934692
88,0.12043837804794312,0.16473492002487183
89,0.12124352941513061,0.1579315309524536
90,0.12011383390426636,0.15116039896011352
91,0.11606187925338746,0.18639217519760132
92,0.12227338895797729,0.300948055267334
93,0.12406657199859619,0.17418238306045533
