epoch,loss,val_loss
0,0.8759859318733215,0.8385946998596191
1,0.6498588842391968,0.6500565538406372
2,0.47415896701812743,0.4762323932647705
3,0.37956679077148436,0.3812057785987854
4,0.3218246612548828,0.355965259552002
5,0.2954436189651489,0.2880577645301819
6,0.26464528770446777,0.3155611319541931
7,0.25279086933135986,0.25333295822143553
8,0.24323438215255738,0.30434081172943117
9,0.23641507434844972,0.2428594560623169
10,0.23188251876831054,0.2350727128982544
11,0.22105787296295165,0.2189467339515686
12,0.21662980403900148,0.24620233058929444
13,0.21253177680969237,0.21874996137619018
14,0.2062374891281128,0.2079157829284668
15,0.2066040367126465,0.21214082908630372
16,0.20367747898101807,0.21265721559524536
17,0.19897095260620118,0.2140410180091858
18,0.1958486824989319,0.20928087711334228
19,0.19905899019241333,0.20750368595123292
20,0.19881603374481202,0.20230316877365112
21,0.18833990859985353,0.21380881690979003
22,0.1865330894470215,0.20195298624038696
23,0.18691992082595826,0.19268111610412597
24,0.18386624908447266,0.19757342720031737
25,0.1828468810081482,0.20402753496170045
26,0.18235618600845338,0.2138314824104309
27,0.18080813474655152,0.1970535078048706
28,0.17954753351211547,0.19665182733535766
29,0.16656769456863404,0.18534659004211426
30,0.160881383228302,0.1832288098335266
31,0.1588568639755249,0.19639810991287232
32,0.15956452589035033,0.18483095169067382
33,0.15479738969802856,0.16616618299484254
34,0.15340406007766724,0.166575439453125
35,0.15043692760467528,0.2752641525268555
36,0.15327435359954833,0.17516433811187745
37,0.1513539632797241,0.20631303453445435
38,0.14813034448623658,0.16654761171340943
39,0.14705744018554687,0.20212986564636232
40,0.1461338234901428,0.19140939140319824
41,0.14550698051452637,0.1699840064048767
42,0.14189521055221557,0.18895843601226806
43,0.1439757215499878,0.1656378674507141
44,0.14282988309860228,0.15588930892944336
45,0.13776872453689576,0.15979812049865721
46,0.14153974161148072,0.19340887212753297
47,0.13979341793060301,0.16531890201568603
48,0.13542851963043212,0.15058186912536622
49,0.13504168071746825,0.15280158233642577
50,0.13471743640899658,0.15481982183456422
51,0.13474100379943849,0.17237867641448976
52,0.1312077220916748,0.16883135938644409
53,0.1321557692527771,0.15535334730148315
54,0.13085890226364136,0.1656563220024109
55,0.13171078042984008,0.26828197956085204
56,0.1314268895149231,0.1580755443572998
57,0.12692639989852905,0.1477829465866089
58,0.12781563844680785,0.20346728229522706
59,0.13250233964920044,0.18289749336242675
60,0.12666178703308106,0.1472419047355652
61,0.1263542332649231,0.1562963948249817
62,0.12222943439483643,0.15410599279403686
63,0.12224733419418335,0.1539227433204651
64,0.12563757066726686,0.1806482629776001
65,0.12464500494003296,0.15181670475006104
66,0.12039245223999023,0.14595318603515625
67,0.12001790857315063,0.1534345326423645
68,0.12157833890914917,0.1836289987564087
69,0.12069030504226684,0.22725646829605103
70,0.12152264204025269,0.149965558052063
71,0.11980414991378784,0.14919902229309082
72,0.11530162439346313,0.23002926826477052
73,0.11930086097717285,0.1592255654335022
74,0.11427171564102173,0.18002339315414428
75,0.11467594995498658,0.23656842947006226
76,0.12085581378936767,0.1473290376663208
77,0.11131326789855957,0.17117597150802613
78,0.11082968893051147,0.21527879571914674
79,0.11624003677368164,0.15453894662857057
80,0.11270578651428223,0.1773484411239624
81,0.10811212816238404,0.173498779296875
82,0.10893051443099976,0.17846172666549684
83,0.10993541669845582,0.1720108222961426
84,0.11075432939529418,0.1569773120880127
85,0.1092512734413147,0.15423797655105592
86,0.1072178828239441,0.1631474242210388
