epoch,loss,val_loss
0,0.7011966703414917,0.5666909379959106
1,0.4468817116737366,0.3625091309547424
2,0.37644523992538453,0.3632165036201477
3,0.3633920951843262,0.33362863302230833
4,0.3535155440330505,0.3657365760803223
5,0.3398027702331543,0.33415764713287355
6,0.3215776346206665,0.27843739080429075
7,0.2968636812210083,0.288842945098877
8,0.28277345056533815,0.28287258100509644
9,0.26660818386077884,0.23476302671432495
10,0.2492670358657837,0.22870574855804443
11,0.2384166955947876,0.3096849579811096
12,0.22658211069107057,0.25714865398406983
13,0.22111383047103883,0.19989943075180053
14,0.21427509660720825,0.19212349367141723
15,0.2058771343231201,0.1929227547645569
16,0.2015579376220703,0.21573161506652833
17,0.192357625579834,0.18062956237792968
18,0.1891405382156372,0.1928174252510071
19,0.18218893404006958,0.16908867168426514
20,0.18327776918411254,0.172844078540802
21,0.1776166778564453,0.2160564684867859
22,0.17732965536117554,0.1949945592880249
23,0.16917305202484131,0.22167320728302
24,0.16806202402114867,0.15706616401672363
25,0.16520232019424438,0.19572567224502563
26,0.16629981298446656,0.14999479722976686
27,0.15965337686538697,0.1598908967971802
28,0.15818106126785278,0.2747954502105713
29,0.1556287205696106,0.18573941230773927
30,0.1535729866027832,0.14912973642349242
31,0.14770672245025634,0.16461993551254273
32,0.1524766773223877,0.2446099600791931
33,0.14956910753250122,0.14899919128417968
34,0.14334332265853883,0.14697180366516113
35,0.1446059066772461,0.1445940318107605
36,0.14084325637817383,0.1429158673286438
37,0.14015013971328735,0.13881664896011353
38,0.13896773080825806,0.16423504590988158
39,0.14183591108322144,0.1333122639656067
40,0.13671540307998659,0.13392590808868407
41,0.1368642967224121,0.1453860788345337
42,0.13576890029907226,0.15098480129241942
43,0.1325243821144104,0.14143854188919067
44,0.13498559789657594,0.19788096570968627
45,0.1335227970123291,0.14988409757614135
46,0.13050828037261963,0.21028160047531128
47,0.13051014080047607,0.15030032444000244
48,0.12829329223632813,0.12654612731933593
49,0.12386172513961792,0.14430842208862305
50,0.12664768533706666,0.12458144235610961
51,0.12400471115112305,0.14131406784057618
52,0.12592519493103027,0.1427502121925354
53,0.12161022996902465,0.1418519206047058
54,0.12170123710632325,0.12567731475830077
55,0.12038128604888916,0.11978883981704712
56,0.12355628852844239,0.12141850805282593
57,0.11927548866271973,0.12320689868927003
58,0.1182126971244812,0.12033016729354859
59,0.12142463941574097,0.13220037603378296
60,0.11664787044525146,0.2217154803276062
61,0.12141531324386597,0.11612572240829468
62,0.1152608998298645,0.13173511123657228
63,0.11617948131561279,0.12022861528396607
64,0.11439196395874024,0.1264926600456238
65,0.11398030490875244,0.11703834247589111
66,0.115436851978302,0.11855681562423706
67,0.11241984434127808,0.12215035915374756
68,0.1119778603553772,0.1200201334953308
69,0.11504156398773194,0.14540013027191162
70,0.11019393949508667,0.12664347648620605
71,0.11422214231491089,0.2921822791099548
72,0.11627039070129394,0.13033923292160035
73,0.11040924663543701,0.11619562578201294
74,0.10853808727264404,0.11733240699768066
75,0.10856175804138184,0.11392485666275025
76,0.10942630615234375,0.10973869323730469
77,0.106872314453125,0.1185370888710022
78,0.10632802114486695,0.11052019453048706
79,0.10585096311569214,0.1197549557685852
80,0.10732532367706299,0.11417661619186402
81,0.10575746173858643,0.12695663022994996
82,0.10456960506439208,0.11671441888809204
83,0.1051031922340393,0.12840301418304442
84,0.10241663541793823,0.13359785985946654
85,0.10363919382095337,0.12251494216918946
86,0.10071839256286622,0.1472972822189331
87,0.10157002429962159,0.11183119153976441
88,0.09911482706069946,0.1186962070465088
89,0.10159536476135254,0.11220875406265259
90,0.10085405254364013,0.11220787763595581
91,0.10168525772094726,0.2754060759544373
92,0.10085181531906127,0.11007873678207397
93,0.1004095848083496,0.13220705842971803
94,0.09895479402542114,0.12418433713912964
95,0.0980653805732727,0.10967659997940063
96,0.09885647487640381,0.12930210304260253
97,0.0965908980369568,0.11090832090377807
98,0.09823331174850464,0.10897165250778199
99,0.09700951261520385,0.18226952457427978
100,0.09835511341094971,0.1105441164970398
101,0.09779166316986083,0.11147259712219239
102,0.09362817754745484,0.10721892309188842
103,0.09717254428863525,0.11364129400253296
104,0.09448469104766846,0.1096800045967102
105,0.09348021020889283,0.11044606494903564
106,0.093438920211792,0.10912947750091553
107,0.09284598550796509,0.11325950622558593
108,0.09282072429656982,0.10975945425033569
109,0.09160690326690674,0.10700878381729126
110,0.0924551516532898,0.10989855098724365
111,0.09485414972305298,0.1067252197265625
112,0.09017225008010864,0.11389213180541992
113,0.08955542783737183,0.11654323768615722
114,0.0909603087425232,0.11635332727432252
115,0.089639883518219,0.11543902301788331
116,0.0914215576171875,0.11866958570480347
117,0.0888415472984314,0.10609516859054566
118,0.089339999294281,0.11477251052856445
119,0.08671835622787476,0.10656174421310424
120,0.08452956800460816,0.11379611015319824
121,0.08858127765655517,0.10670972537994385
122,0.0873443998336792,0.1129055962562561
123,0.08532878761291504,0.10857834243774414
124,0.08356860914230346,0.10496945476531983
125,0.08368210439682007,0.10392041778564454
126,0.08279830675125122,0.11624081945419311
127,0.08523569736480713,0.23650181007385254
128,0.09199422121047973,0.10512801122665405
129,0.08465675296783447,0.11018574810028076
130,0.08310269031524659,0.10901607704162598
131,0.08242202138900757,0.10846283531188965
132,0.08174145040512085,0.11090421390533448
133,0.0837836446762085,0.11122715711593628
134,0.0792884651184082,0.10722735452651977
135,0.08257408390045166,0.1228501124382019
136,0.08226446352005005,0.1873843002319336
137,0.08594261426925659,0.1073571319580078
138,0.07858031415939332,0.10533020544052124
139,0.07971811552047729,0.11845013189315796
140,0.0817932279586792,0.10665082597732543
141,0.08340168571472167,0.13906410551071166
142,0.08072908210754394,0.10438360452651978
143,0.0766344157218933,0.12998143291473388
144,0.07682615127563476,0.1282577247619629
145,0.08263714847564697,0.10721221685409546
