epoch,loss,val_loss
0,0.6593044030189514,0.584380256652832
1,0.3474974687576294,0.23882305192947387
2,0.24132194576263427,0.24355527687072753
3,0.21314218492507936,0.17938998413085938
4,0.19886819772720338,0.1644877905845642
5,0.18245019102096557,0.15305413818359376
6,0.1729783537864685,0.17628740358352663
7,0.17333324737548828,0.1462620930671692
8,0.16307909927368164,0.18945032119750976
9,0.16201613674163817,0.15204975605010987
10,0.15475262479782104,0.14820719766616822
11,0.15364348287582397,0.15902539443969727
12,0.15141767387390137,0.18466388130187988
13,0.14811990566253663,0.13211471605300903
14,0.14585281381607057,0.1723508725166321
15,0.14412340040206909,0.13225136232376097
16,0.14518425254821776,0.1306646966934204
17,0.14322158823013306,0.13185221290588378
18,0.14041344223022462,0.15837257289886475
19,0.13836578979492187,0.1376260323524475
20,0.13940567998886108,0.13769655752182006
21,0.13559093828201293,0.20172155952453613
22,0.13496578245162963,0.19882780981063844
23,0.13670492668151857,0.22380353689193724
24,0.1338915594100952,0.12187902307510376
25,0.13413581848144532,0.14176267814636231
26,0.1312157838821411,0.12734619331359864
27,0.1299481043815613,0.13398641157150268
28,0.13056350765228272,0.12331802082061767
29,0.12784283590316772,0.13034738111495972
30,0.12846328773498536,0.141197434425354
31,0.1264622935295105,0.12162006521224976
32,0.12851362924575804,0.20386403036117554
33,0.12805146837234496,0.16395776748657226
34,0.12643738889694214,0.13381985378265382
35,0.12386504812240601,0.12557050037384032
36,0.1248150149345398,0.11674431848526001
37,0.12314169425964355,0.1137240309715271
38,0.12581152076721192,0.12389918470382691
39,0.1250531799316406,0.1409685664176941
40,0.12233859672546386,0.1383617525100708
41,0.12301869955062866,0.11992074489593506
42,0.12149779739379883,0.12570949029922485
43,0.12069357233047485,0.13701249074935912
44,0.12067686033248902,0.20961676359176637
45,0.1245476773262024,0.1336803412437439
46,0.11725304098129273,0.11848178339004517
47,0.11990804347991943,0.11703091478347778
48,0.11615747909545898,0.11226125288009643
49,0.11829582862854005,0.11071730327606201
50,0.11490223979949951,0.1196735954284668
51,0.1164836639404297,0.12879496669769286
52,0.11696765775680543,0.11618047428131104
53,0.11468514823913574,0.13056270742416382
54,0.11555124835968017,0.11253578567504882
55,0.11326422004699707,0.1207228798866272
56,0.11498282279968262,0.12350726890563965
57,0.11619478187561035,0.10811984252929688
58,0.11412954187393189,0.10856162691116333
59,0.1126858136177063,0.12933254718780518
60,0.112896630859375,0.10811487817764283
61,0.11265503187179565,0.13055617523193358
62,0.11285542421340942,0.11821841716766357
63,0.11033730936050415,0.11605727815628052
64,0.11254439735412598,0.10798730564117431
65,0.11140554847717285,0.14364826107025147
66,0.11000918626785278,0.10885632133483887
67,0.10834946718215942,0.10912314319610596
68,0.11000867214202881,0.10705896234512328
69,0.10850584297180176,0.1077526741027832
70,0.10706876401901246,0.12976959228515625
71,0.10876393852233887,0.10446249198913574
72,0.10673624839782715,0.119061194896698
73,0.10674595918655395,0.16371693515777588
74,0.1080967290878296,0.11825363302230835
75,0.10823398942947388,0.11472316980361938
76,0.10737898302078247,0.11686366128921509
77,0.10768747682571411,0.11246057224273681
78,0.10504083690643311,0.12588993406295776
79,0.10580337543487549,0.12173890256881714
80,0.10412278842926026,0.1024321322441101
81,0.10350217123031616,0.10291259336471557
82,0.10253664112091064,0.10488009834289551
83,0.10054667530059815,0.11577991628646851
84,0.10187915802001953,0.10209310483932495
85,0.10272585926055908,0.10929703760147094
86,0.1013581901550293,0.10321684885025025
87,0.10254830331802368,0.1038120322227478
88,0.10092267894744873,0.10269785642623902
89,0.1009861735343933,0.11171245670318604
90,0.10146692180633544,0.12413590288162231
91,0.09977389831542968,0.09775467824935913
92,0.09989150800704956,0.12146125793457031
93,0.10022243642807006,0.10179237365722656
94,0.09814101619720458,0.11786318969726563
95,0.10057445249557495,0.13933357906341554
96,0.09894634790420533,0.10742193698883057
97,0.09695815544128418,0.10424972009658813
98,0.09893881092071533,0.09997503662109375
99,0.09981568746566773,0.12305590772628784
100,0.0970887755393982,0.09907445144653321
101,0.09741316652297974,0.09714783096313477
102,0.09634264841079712,0.10734459161758422
103,0.0988775894165039,0.1125058240890503
104,0.09695902328491211,0.10054550170898438
105,0.09604233131408692,0.13627680873870848
106,0.09558160371780396,0.15412596797943115
107,0.09736597299575805,0.09774643039703369
108,0.09586758794784546,0.09997147893905639
109,0.09489216861724853,0.09559710645675659
110,0.09444746189117431,0.1314382576942444
111,0.09431502923965454,0.09491325664520264
112,0.0940081503868103,0.0932986912727356
113,0.09473083982467652,0.12121611642837525
114,0.09289548625946045,0.09471729469299317
115,0.09225821552276611,0.12164483499526978
116,0.09286360750198364,0.10064468717575073
117,0.09323219156265258,0.0929494743347168
118,0.09341956901550293,0.11235574579238891
119,0.09061012077331543,0.09674140405654907
120,0.09162817850112916,0.1012086524963379
121,0.09251054143905639,0.10075154304504394
122,0.08994608020782471,0.0929632625579834
123,0.08968093070983886,0.09360541248321533
124,0.09176006011962891,0.09924935245513916
125,0.0900088282585144,0.09883892154693603
126,0.09048100385665893,0.09368778705596924
127,0.09123611879348754,0.13588146829605102
128,0.08984514293670655,0.09331021928787231
129,0.08798902778625488,0.11463826847076417
130,0.09017240896224976,0.09488152551651001
131,0.08887988929748535,0.09286366033554078
132,0.08760421171188354,0.11976325750350952
133,0.08847264108657837,0.10521217918395996
134,0.08661929636001586,0.09124161338806153
135,0.08763756484985352,0.09503833341598511
136,0.0859568196296692,0.10129547786712646
137,0.08929392223358154,0.0969060001373291
138,0.08736852397918701,0.09354138994216919
139,0.08626627845764161,0.10303326654434204
140,0.08707369937896728,0.09258330678939819
141,0.08595950231552124,0.09085300016403199
142,0.08547578763961793,0.12212972211837768
143,0.08687153463363648,0.13330608129501342
144,0.08608146162033081,0.10468586158752441
145,0.08360297365188599,0.09936707019805908
146,0.08506713914871215,0.09066268110275269
147,0.08572986793518067,0.10767412662506104
148,0.08247997636795044,0.0975450143814087
149,0.08456615133285522,0.08979823112487793
150,0.08386378812789917,0.10003924417495727
151,0.08351580982208252,0.0916063551902771
152,0.08064200267791748,0.12730961799621582
153,0.0834817066192627,0.09182331228256226
154,0.0818446846961975,0.09056836462020874
155,0.08313239641189575,0.09980168247222901
156,0.08152947244644165,0.09452365922927856
157,0.0819178539276123,0.10578866004943847
158,0.08283435382843017,0.0944501428604126
159,0.08140089235305786,0.09208424758911132
160,0.08047723941802978,0.09244318342208863
161,0.08192107400894165,0.09523281955718994
162,0.08127564096450805,0.09388158750534058
163,0.08405387115478516,0.08901282405853271
164,0.08008226222991943,0.12288927602767945
165,0.08061193132400513,0.09411210680007935
166,0.08066671915054321,0.09160579967498779
167,0.07762713356018067,0.09386316633224487
168,0.07758097629547119,0.09461512994766236
169,0.07817150163650513,0.10093963527679443
170,0.08024618158340455,0.09622573184967041
171,0.07977613010406494,0.11184585618972778
172,0.07883028030395507,0.10069099235534668
173,0.0764022421836853,0.14633140087127686
174,0.08097166452407836,0.08869160652160644
175,0.08007382459640502,0.08986798906326295
176,0.07883783121109009,0.0913056411743164
177,0.07530689706802368,0.0874115252494812
178,0.07664280281066894,0.1649850616455078
179,0.0776566593170166,0.1044500560760498
180,0.07817465171813964,0.08835878849029541
181,0.07685902462005616,0.09300335502624511
182,0.07719943704605102,0.08968868923187256
183,0.07706178340911865,0.10595048570632934
184,0.07508530778884888,0.09163034772872924
185,0.07718418226242066,0.13385963582992555
186,0.07638204469680786,0.10613895559310912
187,0.07757193050384521,0.0929119815826416
188,0.07450390520095825,0.0961445665359497
189,0.07527559576034545,0.0955162091255188
190,0.07500763311386108,0.0905314359664917
191,0.07252101392745972,0.09108046245574951
192,0.07493676624298096,0.09258206605911255
193,0.07288641862869262,0.09141800403594971
194,0.07313526782989502,0.08799704551696777
195,0.0712487603187561,0.08806367254257202
196,0.07530195674896241,0.09081552457809448
197,0.07201166315078736,0.09944329118728637
