epoch,loss,val_loss
0,0.7788642986297607,0.5412795715332032
1,0.5047665874481201,0.4113690147399902
2,0.3769907209396362,0.462078031539917
3,0.34589116764068606,0.30919761848449706
4,0.3311117816925049,0.3872011923789978
5,0.3215107141494751,0.3061744270324707
6,0.31120952253341677,0.2929635944366455
7,0.30943700103759764,0.3157867317199707
8,0.30255223093032835,0.3286915769577026
9,0.30100883255004884,0.33280279064178464
10,0.2989086248397827,0.28619560956954954
11,0.2937725525856018,0.29982187986373904
12,0.29647939128875733,0.28279112243652343
13,0.2928086775779724,0.27936984443664553
14,0.2902238039970398,0.28295588541030886
15,0.2868225226402283,0.2855520362854004
16,0.28951527404785155,0.2838153762817383
17,0.28644905366897583,0.2778711013793945
18,0.28860544719696046,0.2805522413253784
19,0.2836024217605591,0.2812434434890747
20,0.28190643100738527,0.27563746643066406
21,0.2821019154548645,0.27372807598114013
22,0.28123309230804444,0.27906064128875735
23,0.28146800260543825,0.28123411083221433
24,0.2787084777832031,0.2757781157493591
25,0.27981629285812376,0.27760359048843386
26,0.27763693857192995,0.2742080488204956
27,0.28003985242843626,0.2871109027862549
28,0.2795830865859985,0.2805251369476318
29,0.2785005299568176,0.31021980619430545
30,0.27567365560531615,0.2758690485954285
31,0.2767116370201111,0.370397855758667
32,0.2792662935256958,0.4086968588829041
33,0.2793525001525879,0.27583201599121093
34,0.2742670492172241,0.270432776927948
35,0.2742666657447815,0.2857364568710327
36,0.2748850161552429,0.28245696544647214
37,0.27448490848541257,0.2681716351509094
38,0.2707401204109192,0.26860794591903686
39,0.2725435894012451,0.2668197650909424
40,0.2726540544509888,0.2689273962974548
41,0.2713297064781189,0.27432348728179934
42,0.2714382281303406,0.3054996280670166
43,0.2710923303604126,0.27333316373825073
44,0.2721007085800171,0.2806553807258606
45,0.2711828003883362,0.2705554084777832
46,0.27160763216018674,0.26554337263107297
47,0.269961341381073,0.27155444145202634
48,0.2690348180770874,0.2739928307533264
49,0.27053341522216795,0.267902379989624
50,0.2698327446937561,0.26591762018203735
51,0.26829702472686767,0.3006370711326599
52,0.2688643153190613,0.2806781620979309
53,0.26704982137680056,0.26380066108703615
54,0.2705807945251465,0.26545464658737183
55,0.26679573173522947,0.2672604069709778
56,0.26775988807678225,0.31395191144943235
57,0.26754569854736326,0.33108628702163695
58,0.2701534104347229,0.26466152238845825
59,0.26575652751922607,0.28109671831130983
60,0.26746429529190063,0.26603203725814817
61,0.2663758708953857,0.2843519368171692
62,0.26805582246780396,0.2679922704696655
63,0.26407431383132934,0.26169036340713503
64,0.26558802833557127,0.28387469005584715
65,0.26612259311676023,0.2738009805679321
66,0.2653481188774109,0.2697791681289673
67,0.2652367123603821,0.2623286728858948
68,0.264802225112915,0.2668678474426269
69,0.26553109560012816,0.2713878059387207
70,0.2662873377799988,0.2639422779083252
71,0.2635203100204468,0.2764962511062622
72,0.2650371783256531,0.26430098152160647
73,0.2614007489204407,0.29405799531936644
74,0.2668567979812622,0.33467424058914186
75,0.2651918312072754,0.29252245235443114
76,0.2634369326591492,0.2807093596458435
77,0.26173700933456423,0.3266158561706543
78,0.26501981716156003,0.2614727973937988
79,0.2624222141265869,0.26284259605407717
80,0.2639479071617126,0.2665081367492676
81,0.2623951389312744,0.2733929305076599
82,0.2609462665557861,0.26070715093612673
83,0.2627600067138672,0.27485711240768435
84,0.2603429425239563,0.2676879816055298
85,0.26157660837173463,0.28914221906661985
86,0.2606750728607178,0.26118935251235964
87,0.2610469431877136,0.2679986176490784
88,0.2609264742851257,0.267104275226593
89,0.26110841274261476,0.2681649432182312
90,0.26020901947021485,0.27167975664138794
91,0.26055570487976076,0.30986944007873535
92,0.2592077319145203,0.2713139901161194
93,0.2589818476676941,0.2715311198234558
94,0.2611454140663147,0.27257658433914184
95,0.2593474904060364,0.2723776054382324
96,0.26078218765258787,0.29168522262573243
97,0.2593584415435791,0.3654449443817139
98,0.26010096817016604,0.3147025747299194
99,0.25791837730407713,0.25934419631958006
100,0.2566918969154358,0.277558228969574
101,0.2592829030036926,0.25993420362472536
102,0.2583672695159912,0.2615191464424133
103,0.25739626398086546,0.2577753496170044
104,0.25802242670059206,0.2656807298660278
105,0.25790246734619143,0.2767907524108887
106,0.2570193181037903,0.2630874004364014
107,0.25609066095352173,0.2685631413459778
108,0.25814479169845583,0.2895574822425842
109,0.25768085384368894,0.2590645513534546
110,0.25775035848617556,0.26504026317596435
111,0.25386307792663576,0.2641226081848145
112,0.25500735216140746,0.2592494087219238
113,0.25782677507400514,0.25746562242507937
114,0.2551811142921448,0.25899615621566774
115,0.2550029874801636,0.3090044093132019
116,0.25563119726181033,0.25817554330825804
117,0.25514784717559813,0.2554971284866333
118,0.25501544389724734,0.2559241852760315
119,0.25552671403884886,0.262538583278656
120,0.25539820652008055,0.27445584774017334
121,0.25296760482788083,0.2657569580078125
122,0.2528542414665222,0.25589312314987184
123,0.2546446178436279,0.2582260456085205
124,0.2536549379348755,0.2642562437057495
125,0.25368683204650877,0.2644085669517517
126,0.2539071180343628,0.2578642039299011
127,0.25443570613861083,0.2610061774253845
128,0.25238193254470825,0.25745214748382567
129,0.2520767951965332,0.26430558252334596
130,0.25303044385910034,0.26228852319717405
131,0.25214548301696776,0.2609854292869568
132,0.2526339303970337,0.2647302131652832
133,0.2521333059310913,0.25885090351104734
134,0.25276154737472534,0.26172010946273805
135,0.25242561178207396,0.2665938115119934
136,0.25016114501953124,0.26994803047180177
137,0.25060181455612185,0.2595234065055847
