epoch,loss,val_loss
0,0.5306176037788392,0.3695730290412903
1,0.3334717222213745,0.24151915550231934
2,0.2675604121208191,0.21130430126190186
3,0.23115251789093016,0.20025789117813111
4,0.21608251667022704,0.4762791910171509
5,0.20583876571655274,0.21156130743026733
6,0.19796356735229492,0.1939791111946106
7,0.1858326765060425,0.12893193674087525
8,0.17788357849121095,0.12556853818893432
9,0.17057619428634643,0.19620917987823486
10,0.16738067064285278,0.1537033553123474
11,0.1543559914588928,0.16829476690292358
12,0.14447343797683715,0.09712367248535156
13,0.14431665782928466,0.341165687084198
14,0.1361617293357849,0.11149469614028931
15,0.13154339866638184,0.09111686515808105
16,0.12750347032546996,0.13009466791152954
17,0.12402107152938843,0.09235250949859619
18,0.11597425565719605,0.14696140909194946
19,0.11586501970291138,0.08465813064575195
20,0.11300951023101807,0.08251400470733643
21,0.10751252861022949,0.178373685836792
22,0.10773462581634521,0.3602471308708191
23,0.10894729690551758,0.11648129987716675
24,0.10496266641616821,0.11587472915649415
25,0.09653535013198852,0.27035077238082883
26,0.10037015676498413,0.08861452579498291
27,0.09450002012252808,0.11305779600143433
28,0.09472102184295654,0.08498045539855957
29,0.09054549684524536,0.07419641304016113
30,0.08921295919418334,0.09668255615234375
31,0.0852863881111145,0.09800048112869263
32,0.0887052095413208,0.08815907239913941
33,0.08867767171859742,0.1113036904335022
34,0.08588874645233155,0.06848600435256957
35,0.08251803226470947,0.08839153289794922
36,0.08382200202941895,0.12983480882644655
37,0.08269795446395874,0.06999325180053712
38,0.0778189609527588,0.1335495352745056
39,0.07888467111587524,0.061610456943511964
40,0.07933924436569213,0.0739101996421814
41,0.07716111526489258,0.06563780403137207
42,0.07196741733551025,0.05473519229888916
43,0.07551376218795776,0.05685147571563721
44,0.07291293296813965,0.1035514531135559
45,0.0736410737991333,0.06830169773101806
46,0.07152221565246582,0.06739335393905639
47,0.07122872333526611,0.06996288776397705
48,0.07276805877685547,0.07195814895629883
49,0.07168141622543335,0.14477552461624146
50,0.07218719415664673,0.056711102962493896
51,0.07001677055358886,0.07598825120925903
52,0.07033848390579224,0.06217387533187866
53,0.06542370481491089,0.08507765626907349
54,0.0660886067390442,0.068982656955719
55,0.07072822380065918,0.05398361778259277
56,0.06798337068557739,0.057205971240997314
57,0.06609642562866211,0.07592838621139526
58,0.06542442293167114,0.05275160312652588
59,0.06480450286865234,0.060882672786712645
60,0.0646923698425293,0.05253693246841431
61,0.06434876823425292,0.07275049591064453
62,0.06502408113479614,0.09092849254608154
63,0.06255283670425416,0.07222088861465455
64,0.06317252864837647,0.11264074802398681
65,0.06247133378982544,0.05007380437850952
66,0.0620791205406189,0.05866795635223389
67,0.06288971633911133,0.06816384553909302
68,0.06372883901596069,0.050752922534942624
69,0.059125328063964845,0.0549075436592102
70,0.06148795423507691,0.058287766456604
71,0.05996911993026734,0.05849418258666992
72,0.05989081783294678,0.05825568151473999
73,0.05937095155715942,0.10519284534454346
74,0.05927510585784912,0.08991223192214966
75,0.06085172328948975,0.10388783407211304
76,0.0618309796333313,0.06074774932861328
77,0.058198323059082034,0.050901026248931884
78,0.057783915328979495,0.09358002376556397
79,0.058896575832366946,0.06080702114105225
80,0.05882852344512939,0.0494055905342102
81,0.058885091495513915,0.05818653440475464
82,0.058473533248901366,0.05338205337524414
83,0.05575641756057739,0.0624839940071106
84,0.05745649166107178,0.052351880073547366
85,0.0556316330909729,0.07523707580566406
86,0.0566626166343689,0.060168455123901364
87,0.05592627429962158,0.06589444065093994
88,0.054694540691375734,0.04760156440734863
89,0.056013390159606935,0.09395599746704102
90,0.05708292179107666,0.05738419771194458
91,0.0548842679977417,0.07966209745407105
92,0.052811629962921144,0.0865286946296692
93,0.05432186641693115,0.07088046407699584
94,0.05304109573364258,0.05630166912078857
95,0.05581144504547119,0.0671539397239685
96,0.05494638061523437,0.06940009784698487
97,0.05378315153121948,0.06077453947067261
98,0.053654620456695556,0.05027575397491455
99,0.053365318775177,0.04740705156326294
100,0.05153817167282104,0.05487659931182862
101,0.053207238960266114,0.0524216628074646
102,0.05274666910171509,0.046723953247070314
103,0.05368984127044678,0.08366426086425781
104,0.05382378578186035,0.07641010618209838
105,0.05456851234436035,0.05206131315231323
106,0.05311666173934936,0.04918506526947022
107,0.05004050054550171,0.050646005630493166
108,0.052090850925445555,0.059078166007995606
109,0.05387540864944458,0.046786940574646
110,0.050698365211486816,0.08036391067504883
111,0.05201326961517334,0.06669250059127807
112,0.052150171184539795,0.10614041137695313
113,0.05303346691131592,0.08730954027175904
114,0.05054496212005615,0.04977972841262818
115,0.05035404605865478,0.049959801197052005
116,0.05137107400894165,0.06372436332702637
117,0.049912019634246824,0.06097990560531616
118,0.051451173686981204,0.0566279788017273
119,0.04909714078903198,0.11419282865524293
120,0.05094441776275635,0.048083234310150144
121,0.05151599645614624,0.057879468441009524
122,0.049910848236083986,0.05088039112091065
