epoch,loss,val_loss
0,0.5673142383575439,0.30694970226287843
1,0.3371494728088379,0.2105648627281189
2,0.25226697540283205,0.20448574352264404
3,0.21499775581359865,0.2663325052261353
4,0.19729311847686767,0.18785251855850219
5,0.1833749991416931,0.1316398344039917
6,0.17286517162322998,0.1346673536300659
7,0.16256942644119263,0.15954178142547606
8,0.1529611171722412,0.23821395254135133
9,0.14390886535644531,0.23906239986419678
10,0.14192417221069337,0.1192813367843628
11,0.12749975757598878,0.10261651229858398
12,0.12884046430587767,0.10134937763214111
13,0.11872476768493652,0.09969772386550903
14,0.11523215227127075,0.16474925422668457
15,0.11504696674346925,0.1464707589149475
16,0.11075431671142578,0.08082956314086914
17,0.10589190692901611,0.09240698862075805
18,0.1015317530632019,0.08347137975692749
19,0.10084794492721558,0.1379730715751648
20,0.09939437427520752,0.074533682346344
21,0.09680674571990967,0.1376440896987915
22,0.09342022275924683,0.14597996950149536
23,0.0960649167060852,0.11266869640350342
24,0.0857537314414978,0.145421142578125
25,0.08905790786743165,0.1602316517829895
26,0.08557846727371216,0.06086569213867187
27,0.08620704135894776,0.06721336030960083
28,0.08557277126312256,0.06190206289291382
29,0.0805834924697876,0.08276415634155274
30,0.07979669895172119,0.11723485851287842
31,0.08108060998916626,0.14159124612808227
32,0.07966871404647827,0.06929670667648316
33,0.07819126243591308,0.06158299493789673
34,0.0737064489364624,0.07054304361343383
35,0.07723110971450806,0.06290142297744751
36,0.07496789875030517,0.19679937314987184
37,0.07498297472000122,0.11596916198730468
38,0.07524844532012939,0.07187194156646728
39,0.07059036502838134,0.06163147497177124
40,0.07056832971572875,0.09375154256820678
41,0.07038887004852296,0.06251810979843139
42,0.0715602198600769,0.07595371007919312
