epoch,loss,val_loss
0,0.6165420952796936,0.35440850496292114
1,0.3403310584068298,0.26686108922958374
2,0.22588740396499635,0.18000337171554565
3,0.1900702823638916,0.17339761066436768
4,0.16976592683792113,0.13386185264587402
5,0.158254607963562,0.15683043241500855
6,0.15289606313705445,0.21967721796035766
7,0.14024900579452515,0.11354955863952637
8,0.13646574068069459,0.15352240800857545
9,0.13319053897857666,0.1274930157661438
10,0.12808439207077027,0.10976510858535767
11,0.1245531039237976,0.20504896068572998
12,0.12175481805801391,0.14097636795043944
13,0.11934783973693848,0.13368684482574464
14,0.11404946899414062,0.19008004522323607
15,0.1146048276901245,0.10179296350479126
16,0.11299911317825317,0.09713233995437622
17,0.11245805549621582,0.09905934906005859
18,0.10882524299621582,0.09858456945419311
19,0.10794085721969604,0.10347821569442749
20,0.105051078414917,0.3084611849784851
21,0.10862264518737794,0.09018225479125977
22,0.10264184818267823,0.09294792461395264
23,0.10121680297851562,0.09377726173400878
24,0.09909181861877442,0.09632938480377197
25,0.09902779388427735,0.13735301208496092
26,0.09881028528213501,0.08898468446731568
27,0.09769731302261353,0.08711296987533569
28,0.09654284677505494,0.09708857536315918
29,0.09780159578323364,0.08758504629135132
30,0.0944813304901123,0.13833642196655274
31,0.0950136643409729,0.10291116046905517
32,0.09607202005386352,0.09996019840240479
33,0.09325902690887451,0.09579794931411743
34,0.09190489130020142,0.09418818187713623
35,0.09225466604232788,0.1088189845085144
36,0.09137483777999877,0.11561288928985596
37,0.09320747165679932,0.11668436050415039
38,0.0906194182395935,0.13359711456298828
39,0.09075276670455933,0.08607329559326173
40,0.09006778945922851,0.09475686740875244
41,0.08861056814193725,0.1539233226776123
42,0.09174710531234741,0.09894941663742066
43,0.08925105857849121,0.08945344734191894
44,0.0869354826927185,0.09062809228897095
45,0.0881600697517395,0.12141773509979248
46,0.08832173719406128,0.11376028490066528
47,0.08784748001098633,0.10294974946975707
48,0.08810131750106812,0.0808362398147583
49,0.08418414392471313,0.1282185583114624
50,0.08677810106277466,0.10747031927108765
51,0.08587819690704346,0.11959100103378296
52,0.08610324831008911,0.09775240516662598
53,0.08485563259124757,0.10007283449172974
54,0.08530436849594117,0.09377352666854859
55,0.08523862085342407,0.08654223346710205
56,0.08449080114364624,0.10419755983352662
57,0.08394323577880859,0.08622719812393188
58,0.08425362281799316,0.0799079475402832
59,0.08563068323135375,0.08835402822494506
60,0.08358282594680787,0.07922273254394531
61,0.08209824380874634,0.08149500036239624
62,0.0818533818244934,0.07815309524536133
63,0.08100283756256103,0.11805031061172486
64,0.08381898803710937,0.07895376062393189
65,0.08161097040176392,0.09610553789138794
66,0.08361935729980469,0.07851719903945922
67,0.08017167835235596,0.08498322582244873
68,0.0806212646484375,0.08195511817932129
69,0.08053497152328491,0.0910171914100647
70,0.08184549255371094,0.07925790691375732
71,0.0816887134552002,0.0912761116027832
72,0.08001727905273437,0.16125369834899902
73,0.08206317472457886,0.08713406133651734
74,0.08036777753829956,0.07607514142990113
75,0.07908092002868652,0.07604061937332153
76,0.08053009967803955,0.09398306798934937
77,0.078161825466156,0.0831685929298401
78,0.08056377477645874,0.07577692794799805
79,0.08041781005859375,0.09908798742294311
80,0.07746288995742798,0.07721161794662476
81,0.08052901315689087,0.10423695707321166
82,0.07766504907608032,0.07738263559341431
83,0.07685950269699096,0.08453041124343873
84,0.07815754585266113,0.07917755460739136
85,0.07811670207977295,0.07788473558425903
86,0.07630919799804688,0.07386117458343505
87,0.07797892503738403,0.07594886493682862
88,0.07881160545349121,0.0744200963973999
89,0.07815589351654052,0.13384572649002074
90,0.07908713159561158,0.0750009789466858
91,0.078799844455719,0.07387652254104614
92,0.07626117467880249,0.07374458408355714
93,0.07578147773742676,0.07297857427597046
94,0.07786300649642944,0.07488504362106323
95,0.0767572301864624,0.10421930742263794
96,0.07675035276412964,0.07495154285430908
97,0.07582385387420654,0.07398367404937745
98,0.07752159004211426,0.08195435237884521
99,0.07580598497390748,0.07391586828231811
100,0.07508582611083985,0.0821983184814453
101,0.07721652879714966,0.17488021039962767
102,0.07984478645324707,0.07655278015136718
103,0.07453461647033692,0.13259799909591674
104,0.07591262607574463,0.08539383888244628
105,0.07728582668304443,0.0781399221420288
106,0.07477324228286743,0.07881723785400391
107,0.07537662611007691,0.08712366199493408
108,0.07360797176361084,0.08217687702178955
109,0.07570665769577026,0.08099923992156982
110,0.07679559879302979,0.1532992935180664
111,0.07707982606887817,0.07294767808914185
112,0.07261312961578369,0.15662519598007202
113,0.07757524318695068,0.10149784612655639
114,0.07399360799789428,0.07274953889846801
115,0.07407830066680908,0.07679365158081054
116,0.0753744945526123,0.0837028865814209
117,0.07568281030654907,0.07632517766952515
118,0.07539293994903565,0.09110297393798829
119,0.07396351327896118,0.0806540150642395
120,0.07188753671646118,0.09333718395233154
121,0.07474201717376709,0.08421540546417236
122,0.07401665868759155,0.10199261379241943
123,0.07273491802215576,0.0736359167098999
124,0.07351427164077759,0.07732621383666992
125,0.07412929391860962,0.0936183762550354
126,0.07303283109664917,0.07306195640563964
127,0.07294962854385376,0.07509571838378906
128,0.07275232734680176,0.07285680294036866
129,0.07204283008575439,0.09189151668548584
130,0.07282618913650513,0.07191936826705933
131,0.07334898519515991,0.07679225730895996
132,0.0722717843055725,0.07347251987457275
133,0.07121090793609619,0.08809601020812988
134,0.07146493864059449,0.07606540727615356
135,0.07077860832214355,0.08372509717941284
136,0.07374920120239258,0.08394092226028442
137,0.07311970920562744,0.08619565010070801
138,0.07294764947891236,0.08740655183792115
139,0.07218706092834473,0.08800106191635132
140,0.07225288372039795,0.07344609022140502
141,0.07112128715515137,0.07276327323913574
142,0.07178827905654907,0.07482859373092651
143,0.0717766004562378,0.07306908416748047
144,0.07088050060272216,0.10994552755355835
145,0.07213272819519043,0.08654978895187378
146,0.0725256025314331,0.07376426601409912
147,0.072383882522583,0.07876038742065429
148,0.06862599763870239,0.07977187204360962
149,0.07103772296905518,0.07664384603500367
150,0.06951372661590575,0.08146706199645996
