epoch,loss,val_loss
0,0.9684184343338013,0.9626452670097351
1,0.9257282406806946,0.9236703977584839
2,0.9051671383857727,0.9152361960411072
3,0.8972993165969848,0.9009105858802795
4,0.8953879282951355,0.8975195651054382
5,0.8919626721382141,0.8975328340530395
6,0.8899274209976197,0.9107750024795532
7,0.8899004913330079,0.9111310076713562
8,0.8887644644737244,0.8948793783187866
9,0.8887015116691589,0.8957354431152343
10,0.8881762195587158,0.8982427721023559
11,0.8888086661338807,0.8978880424499511
12,0.8865782424926758,0.8951877698898315
13,0.887486074924469,0.8959809823036193
14,0.8868667830467224,0.8941975550651551
15,0.8855502765655517,0.8947252063751221
16,0.8861005905151367,0.8976243572235107
17,0.8841907530784607,0.9374391193389893
18,0.8855310907363891,0.8951627826690673
19,0.8844909889221192,0.8929562168121338
20,0.883840806388855,0.8954598989486694
21,0.8852101532936096,0.8939507570266724
22,0.88382292137146,0.9037561502456665
23,0.8838787810325622,0.904223355770111
24,0.8837004840850831,0.8942272129058838
25,0.8834187991142273,0.892164336681366
26,0.8843690656661988,0.8941361937522888
27,0.8845057169914246,0.8966726632118225
28,0.8832755962371827,0.8950459151268005
29,0.882581132698059,0.9260699648857117
30,0.88348608751297,0.9012725639343262
31,0.8830715316772461,0.9319076337814332
32,0.8833369511604309,0.9340044484138489
33,0.8835833345413208,0.8912274813652039
34,0.8819921876907348,0.8934011788368225
35,0.8825116334915161,0.9072356281280518
36,0.8822428561210632,0.9031083946228027
37,0.8822711023330688,0.8930575885772705
38,0.8828688822746277,0.8979231848716736
39,0.8815623680114746,0.8956605939865112
40,0.8825602313995361,0.8975025200843811
41,0.8824835720062256,0.8946610403060913
42,0.8823063817977905,0.8920002708435059
43,0.8815224646568298,0.9102626223564148
