epoch,loss,val_loss
0,0.5523129526138306,0.49938101530075074
1,0.32052203416824343,0.25691581201553343
2,0.24239587106704713,0.18171431016921996
3,0.21144335737228392,0.17954937219619752
4,0.19809690618515013,0.17260697793960572
5,0.18568142976760865,0.22476498556137084
6,0.17806049566268922,0.2222561936378479
7,0.1673567448616028,0.16836094999313356
8,0.165454714679718,0.1514756326675415
9,0.15765068397521972,0.25249280023574827
10,0.15676494207382202,0.17840732955932617
11,0.1501876528739929,0.275392409324646
12,0.14661490602493285,0.23496900844573976
13,0.14492962636947632,0.17312482452392577
14,0.13208232936859132,0.1980554986000061
15,0.13630275297164918,0.11929089164733887
16,0.12947386617660522,0.10786339282989502
17,0.12426746969223022,0.14718168926239014
18,0.13111462697982787,0.10627785730361938
19,0.12385654153823852,0.20139181852340698
20,0.12577050018310548,0.14641038656234742
21,0.12008167095184326,0.2117441644668579
22,0.11799525527954102,0.10113774633407593
23,0.11380523843765258,0.11180599641799926
24,0.11333512048721313,0.10606080150604248
25,0.10914126281738282,0.2604593119621277
26,0.11669356889724732,0.10053702878952027
27,0.10879438390731812,0.1143131947517395
28,0.10643098001480103,0.09639903354644776
29,0.10909101247787475,0.10845150089263916
30,0.10237503309249878,0.09696120357513428
31,0.10192295770645142,0.13411643886566163
32,0.1033828417778015,0.21547312498092652
33,0.10313314876556397,0.09368730306625367
34,0.09967721700668335,0.1795404191017151
35,0.09878702325820923,0.10137606620788574
36,0.0967542106628418,0.0942520604133606
37,0.09739980964660644,0.14569220638275146
38,0.09894505195617675,0.13115590047836304
39,0.09578677959442139,0.11379404878616332
40,0.09309550857543945,0.08504618692398071
41,0.09438664283752442,0.0908262243270874
42,0.09143017520904541,0.10320682239532471
43,0.09027786169052124,0.15457924365997314
44,0.08857729911804199,0.07575413942337036
45,0.09151009664535523,0.13316092348098754
46,0.0906331708908081,0.14477364015579225
47,0.09169414949417114,0.0796330361366272
48,0.08760292797088623,0.09102684736251831
49,0.0889452823638916,0.08863754177093505
50,0.0870101625442505,0.08682913494110107
51,0.08585691461563111,0.09563995122909547
52,0.08601678647994995,0.07979355144500733
53,0.08488167533874512,0.08290685606002808
54,0.08281995668411254,0.07901496505737304
55,0.08437299995422363,0.13653346490859986
56,0.08053205194473266,0.0840022144317627
57,0.08285660667419434,0.17391343688964844
58,0.0833829496383667,0.08768411207199096
59,0.08170892267227173,0.07189343929290772
60,0.0796909052848816,0.07175552606582641
61,0.07845714807510376,0.07715746688842773
62,0.07862197780609131,0.12864322900772096
63,0.08040355005264282,0.07847500085830689
64,0.07684687700271607,0.0808834662437439
65,0.08072973432540893,0.07869008874893188
66,0.07633320779800415,0.06955048608779907
67,0.07456462650299073,0.07130821800231933
68,0.07648016710281372,0.08226669263839721
69,0.07612861614227295,0.07546663999557496
70,0.07576126737594605,0.06978200054168701
71,0.07272463245391846,0.07133326530456544
72,0.07453532648086549,0.07644540643692016
73,0.07412184457778931,0.08037169075012207
74,0.07694067449569703,0.07979876518249512
75,0.0738638503074646,0.0699120020866394
76,0.07221330318450928,0.08975396490097046
77,0.07415222959518433,0.06985574531555176
78,0.06927542133331299,0.07461685132980346
79,0.07329012966156005,0.09308327627182007
80,0.07215551853179931,0.07145870304107665
81,0.07169719371795655,0.07400606346130371
82,0.07135606355667114,0.07151766538619996
83,0.06981043300628662,0.07904771709442139
84,0.07221535301208495,0.0756834020614624
85,0.06825071954727173,0.06984878396987915
86,0.0686293122291565,0.12599870824813844
