epoch,loss,val_loss
0,0.8209977967262269,0.7456655378341674
1,0.6631753277778626,0.5974335765838623
2,0.5904817071914673,0.5895630302429199
3,0.5510458869934082,0.51698623752594
4,0.5307423811912536,0.5165378055572509
5,0.5184028449058533,0.6332066326141358
6,0.5007576848030091,0.6626296424865723
7,0.49931920375823974,0.4953928165435791
8,0.48661159915924074,0.469086763381958
9,0.4784116160392761,0.6996835918426514
10,0.47928193759918214,0.5711242580413818
11,0.47019900856018065,0.4678825001716614
12,0.4651120427131653,0.5551340746879577
13,0.45847193851470947,0.47534302043914795
14,0.4570650428771973,0.5336867527961731
15,0.4553077301979065,0.4453555645942688
16,0.4509837647438049,0.5100534429550171
17,0.44357643156051635,0.4385539045333862
18,0.440961946105957,0.5951711835861206
19,0.43523649644851686,0.5420246706008911
20,0.4343634017944336,0.4194003415107727
21,0.42968645229339597,0.5005021009445191
22,0.4265783740997314,0.42082580041885376
23,0.4183829424858093,0.4026277914047241
24,0.42014227199554444,0.5834074487686157
25,0.41920828247070313,0.407964542388916
26,0.4170109004020691,0.40994920539855956
27,0.41295696334838866,0.42177232551574706
28,0.41338565816879275,0.4444047360420227
29,0.4119610872268677,0.41553670597076414
30,0.4096571758270264,0.4153597731590271
31,0.4054866519927979,0.4201570272445679
32,0.4060736343383789,0.44166274213790896
33,0.4060792588233948,0.4150601501464844
34,0.4030174966812134,0.4099207181930542
35,0.4007211966514587,0.4274106884002686
36,0.4001208213806152,0.3849363436698914
37,0.39941281719207766,0.5366558651924134
38,0.4017323942184448,0.5715753450393677
39,0.39819833879470823,0.4848152403831482
40,0.3953287419319153,0.4188617920875549
41,0.39779224100112914,0.3982405757904053
42,0.39464536809921263,0.40931297731399535
43,0.39347961864471437,0.3916463384628296
44,0.3909682828903198,0.3984946565628052
45,0.39311843929290774,0.39213895750045774
46,0.3903006381034851,0.40912676572799683
47,0.38977809019088744,0.39143066692352296
48,0.3877399789810181,0.47277778244018553
49,0.38972473678588865,0.4075260004997253
50,0.385552498626709,0.39091221189498904
51,0.3892441047668457,0.3988946123123169
52,0.38886317892074584,0.4557385449409485
