epoch,loss,val_loss
0,0.856645965385437,0.7686340975761413
1,0.6820398178100586,0.6276626281738281
2,0.6282730186462402,0.6531346216201782
3,0.6039555520057678,0.5750041961669922
4,0.5824528636932373,0.59767023229599
5,0.5667486858367919,0.6271823177337646
6,0.5606180577278137,0.5353028421401977
7,0.5466955598831177,0.7020171613693237
8,0.539575471496582,0.5645852756500244
9,0.5329700984954834,0.5492518267631531
10,0.5273704328536988,0.5180310945510864
11,0.5210392511367797,0.5653417000770569
12,0.5193687139511108,0.5025108366012573
13,0.5095096881866455,0.48633416509628297
14,0.5074379257202148,0.5326126432418823
15,0.5024652563095092,0.5603962554931641
16,0.5037818395614624,0.6663600797653199
17,0.5017329595565796,0.4822222261428833
18,0.4973530492782593,0.5183488230705261
19,0.4955819038391113,0.4698945484161377
20,0.49575734825134277,0.47734010028839113
21,0.4926181050300598,0.4688555674552917
22,0.4891051325798035,0.5380483303070068
23,0.4912938358306885,0.4700108027458191
24,0.48952668266296384,0.47097971534729005
25,0.4887133930206299,0.5354694957733155
26,0.48566051931381227,0.5392647352218628
27,0.48572412662506104,0.4588969440460205
28,0.4835846357345581,0.47620721530914306
29,0.48427180852890017,0.4796183681488037
30,0.48395872859954836,0.4714801106452942
31,0.4809140194892883,0.49509759759902955
32,0.4827219525337219,0.5044390316009522
33,0.48302402257919314,0.48728704261779787
34,0.48128230466842653,0.5951569018363952
35,0.4820287915229797,0.4965682215690613
36,0.4792053606033325,0.45960923719406127
37,0.47955571737289426,0.5335642251968383
