epoch,loss,val_loss
0,0.5515475593566894,0.28088945388793946
1,0.28344343309402464,0.18737830066680908
2,0.19338015432357789,0.13184805059432983
3,0.1607044180870056,0.2752537612915039
4,0.14680225763320923,0.0980242772102356
5,0.13108244075775147,0.17701782703399657
6,0.12200289793014527,0.09889147567749024
7,0.11682845268249512,0.10406378698348999
8,0.11252504730224609,0.07381898164749146
9,0.10181872940063477,0.12519069766998292
10,0.1003616792678833,0.13890562629699707
11,0.09888169660568237,0.1048914623260498
12,0.0915028992652893,0.08470802497863769
13,0.0890498745918274,0.07276581811904907
14,0.08414282636642456,0.07786262798309326
15,0.08300434398651123,0.06711171913146972
16,0.0818739058494568,0.13102180671691893
17,0.08079809331893921,0.06564092397689819
18,0.07839944610595703,0.279687304019928
19,0.07930631637573242,0.05710501527786255
20,0.07403206062316894,0.06111440896987915
21,0.06837300243377685,0.14052710437774657
22,0.07404809150695801,0.06238854551315308
23,0.06738646841049194,0.06955924987792969
24,0.07028760843276978,0.06584834623336792
25,0.06931060600280761,0.06107784509658813
26,0.06673679389953613,0.058763391971588134
27,0.0662494029045105,0.06572995042800903
28,0.06610522594451905,0.05448804426193237
29,0.06623275861740112,0.049653460502624515
30,0.06333410148620605,0.07175460863113403
31,0.0626625651359558,0.05278695821762085
32,0.06293706455230713,0.05625461339950562
33,0.06300534286499024,0.07692116117477417
34,0.062389339542388914,0.07850717639923095
35,0.059870460224151614,0.0476226487159729
36,0.0603694748878479,0.05085442018508911
37,0.061583036708831786,0.06924315834045411
38,0.06019972524642944,0.09354695749282838
39,0.06143837785720825,0.054817858695983886
40,0.05992558116912842,0.05185647296905518
41,0.058425250053405764,0.05855637884140014
42,0.058979299068450924,0.06968986034393311
43,0.05907360467910767,0.04917396545410156
44,0.057367378807067874,0.05692426443099976
45,0.05529318523406983,0.0462095103263855
46,0.057463518810272216,0.07324290466308593
47,0.056232587814331055,0.04332701587677002
48,0.05648273401260376,0.04571705007553101
49,0.05596761617660522,0.05638937330245972
50,0.05662876567840576,0.050166128158569336
51,0.055975877475738525,0.05159051036834717
52,0.05436111841201782,0.0854279408454895
53,0.05441917657852173,0.05511023712158203
54,0.05608965635299683,0.04876909160614014
55,0.05368252172470093,0.11326504707336425
56,0.05370194063186645,0.06838789319992065
57,0.054943135166168215,0.09334117078781128
58,0.05465882959365845,0.04432596826553345
59,0.05257464151382446,0.06315764713287353
60,0.052222231578826904,0.06419161605834961
61,0.052225954723358156,0.0864536395072937
62,0.05164644021987915,0.04173263549804687
63,0.05217210826873779,0.048002474784851076
64,0.05178336372375488,0.045981576919555664
65,0.05283306350708008,0.0755761251449585
66,0.049896356010437015,0.041153210639953614
67,0.05127790250778198,0.07239509105682373
68,0.05269507446289062,0.05088426923751831
69,0.05080481004714966,0.04584502410888672
70,0.05251785526275635,0.042077034950256345
71,0.05107580270767212,0.057021728515625
72,0.051035136604309084,0.048785977840423586
73,0.050409228515625,0.04364041376113892
74,0.04897222957611084,0.10642813444137574
75,0.050148383903503416,0.04373627233505249
76,0.05010542249679566,0.04098961973190308
77,0.0497198676109314,0.04882137107849121
78,0.05079765186309815,0.04460157680511474
79,0.0501695915222168,0.04857036304473877
80,0.048656013679504395,0.03962275362014771
81,0.04724105224609375,0.050676557540893556
82,0.04895325670242309,0.04444060707092285
83,0.04851280374526978,0.051940569400787354
84,0.04797513990402222,0.04416717481613159
85,0.04776295747756958,0.03903128004074097
86,0.04921083869934082,0.04004472398757935
87,0.048331374073028566,0.050144654750823976
88,0.04753989410400391,0.05000079107284546
89,0.04751786642074585,0.052098768711090086
90,0.04766161861419678,0.04225602722167969
91,0.047695407772064206,0.05778384828567505
92,0.048276030254364014,0.04332457780838013
93,0.047093092823028565,0.0387179160118103
94,0.04709261245727539,0.04526388502120972
95,0.04791063966751099,0.04194157981872559
96,0.04644577026367187,0.04082041072845459
97,0.04775362024307251,0.06780081129074096
98,0.04779192409515381,0.04201597499847412
99,0.04689169445037842,0.04409842157363891
100,0.046890623569488525,0.03885173892974853
101,0.04589732837677002,0.05099445867538452
102,0.04517839584350586,0.07859607887268066
103,0.0473069052696228,0.05571252059936523
104,0.04734965038299561,0.040129396915435794
105,0.047169578456878664,0.04459081268310547
106,0.04623965816497803,0.04659119987487793
107,0.04521455183029175,0.04211395645141602
108,0.04610743350982666,0.04117436647415161
109,0.04532807559967041,0.03945060348510742
110,0.045800726699829104,0.04015402841567993
111,0.04466632661819458,0.04226904487609863
112,0.045033769226074216,0.04050471305847168
113,0.04517142133712768,0.043860259532928464
