epoch,loss,val_loss
0,0.891435703086853,0.7896363701820374
1,0.7562128221511841,0.7032971172332764
2,0.7121764585494995,0.822990288734436
3,0.6928166172981263,0.6766409435272217
4,0.674660147857666,0.6981056337356567
5,0.663690340423584,0.797184787273407
6,0.6652141830444336,0.8360780439376831
7,0.6562492864608764,0.6370997953414917
8,0.6491304344177246,0.8017336616516113
9,0.6457632128715515,0.6765836591720581
10,0.640764217376709,0.623370261669159
11,0.6379286659240723,0.6393162088394165
12,0.6345907570838928,0.700223331451416
13,0.6354479928970337,0.6314819254875184
14,0.6287578199386596,0.6187438106536866
15,0.6293164637565613,0.6307118487358093
16,0.6276044919967652,0.632228663444519
17,0.6248166263580323,0.6272974891662597
18,0.62441879529953,0.6300775499343872
19,0.6227314727783203,0.6226038694381714
20,0.6223223693847656,0.6480324001312255
21,0.6221340311050415,0.6463980469703674
22,0.6210316330909729,0.6276945400238038
23,0.6220322684288024,0.6959846506118774
24,0.6220903478622436,0.6634237022399903
