epoch,loss,val_loss
0,0.6180142822265625,0.31912468099594116
1,0.32897046918869016,0.3188053035736084
2,0.22032951831817627,0.2575544395446777
3,0.18911200304031373,0.1464562759399414
4,0.17404932832717895,0.19525090599060058
5,0.16267443447113036,0.13119784212112426
6,0.15765261106491088,0.12251707363128662
7,0.14628092956542968,0.11891521072387695
8,0.1441428071975708,0.12492372846603393
9,0.13916984815597533,0.15822702550888063
10,0.13345999746322632,0.10520307826995849
11,0.13475783271789551,0.11553514242172241
12,0.12726753721237183,0.09935883188247681
13,0.12506460075378417,0.10025347471237182
14,0.1234676817893982,0.10602805662155151
15,0.11893560009002685,0.09816206455230712
16,0.1176415488243103,0.10244525909423828
17,0.11837041501998902,0.09644977569580078
18,0.11161350088119507,0.10242886257171631
19,0.11392885541915894,0.1109524917602539
20,0.10941442565917969,0.12451950836181641
21,0.10899478778839111,0.1158892960548401
22,0.10860303974151611,0.08921616029739379
23,0.10589744644165039,0.08855091381072998
24,0.10426577234268189,0.2583914265632629
25,0.10662937889099121,0.08847844696044922
26,0.10130118484497071,0.1118238549232483
27,0.0999338080406189,0.10794887018203736
28,0.10047067480087281,0.11058322238922119
29,0.10108729925155639,0.1042432255744934
30,0.09660085783004761,0.0921455807685852
31,0.09875473661422729,0.12314335823059082
32,0.0968476050376892,0.08529766273498535
33,0.09339090938568115,0.09499903678894044
34,0.09472106714248657,0.08439911651611329
35,0.09733502035140991,0.08021683073043823
36,0.09352446384429931,0.10410378837585449
37,0.0934322328567505,0.1878557643890381
38,0.09554806413650513,0.09311534357070923
39,0.0922706088066101,0.08584758615493775
40,0.08981788139343262,0.09361517906188965
41,0.09093933897018433,0.07817202281951904
42,0.08880949230194092,0.11946059846878052
43,0.08899749841690063,0.07840176630020142
44,0.08903256139755249,0.1424012885093689
45,0.08799565753936768,0.12016909599304199
46,0.09060092582702636,0.07875391960144043
47,0.08653385906219482,0.07570812797546386
48,0.08468795261383057,0.112555908203125
49,0.0852002498626709,0.3167353863716125
50,0.09237292261123657,0.08280724573135376
51,0.08556940565109253,0.12277257633209228
52,0.08781092262268067,0.11276835346221924
53,0.08510602827072143,0.09479272031784057
54,0.08410213747024536,0.0840736904144287
55,0.08315994634628296,0.10732503271102906
56,0.08654394311904907,0.08221761131286622
57,0.0810779354095459,0.08933804178237915
58,0.08020167446136475,0.07451952934265137
59,0.08389417066574097,0.13963963174819946
60,0.08297181119918823,0.07527423858642578
61,0.08092389907836914,0.08229011678695679
62,0.08062271041870117,0.0742078685760498
63,0.08062282810211181,0.14233426570892335
64,0.08250911998748779,0.0755194993019104
65,0.08206197261810302,0.07584782171249389
66,0.08047376146316529,0.10155591630935669
67,0.07706481981277466,0.07142090034484863
68,0.07858074769973755,0.07019482278823852
69,0.07842653284072876,0.07264856767654419
70,0.07772378387451172,0.07251105070114136
71,0.0782888011932373,0.10876439332962036
72,0.078704571723938,0.07721518802642822
73,0.07764138498306275,0.07855592393875122
74,0.07783310976028443,0.07363150691986084
75,0.07665125732421875,0.07785449361801147
76,0.07879245357513427,0.1051028971672058
77,0.07921868171691894,0.0761964693069458
78,0.07286016483306884,0.14454116630554198
79,0.0790718318939209,0.10169787454605103
80,0.07723763341903686,0.12227018880844116
81,0.07727189512252808,0.091586012840271
82,0.07611625146865844,0.0685499291419983
83,0.0743264609336853,0.07675887632369995
84,0.07557039470672608,0.06902371883392334
85,0.07559516344070434,0.06846216011047364
86,0.07307413358688354,0.07445982360839844
87,0.07536273469924927,0.07058105897903443
88,0.07395925121307373,0.09243470668792725
89,0.07460504579544068,0.0678309326171875
90,0.07359557666778564,0.09879146671295166
91,0.07491015548706055,0.09479905891418457
92,0.07341244459152221,0.06920094537734986
93,0.07212901811599731,0.09574115514755249
94,0.07421179933547974,0.07211493158340454
95,0.07253201627731323,0.07371046829223633
96,0.0718369797706604,0.07025961637496948
97,0.07155045566558837,0.10117915773391724
98,0.07291617288589478,0.07130692768096923
99,0.07117357501983643,0.06867250633239746
100,0.0714126368522644,0.08390146684646606
101,0.07161856803894043,0.07354592084884644
102,0.07169376201629639,0.07102185344696045
103,0.07210844669342041,0.07405537366867065
104,0.06955672769546509,0.13948139286041258
105,0.07331661233901977,0.08048439598083496
106,0.07148184442520142,0.07508690595626831
107,0.07057473363876343,0.06850291299819947
108,0.07306423416137696,0.06719017696380615
109,0.0730091314315796,0.0748009352684021
110,0.06825662784576415,0.06665719652175903
111,0.07138805484771729,0.06778008604049683
112,0.06958063268661499,0.07003756141662598
113,0.06863697309494018,0.07537014245986938
114,0.06956217870712281,0.09637183141708373
115,0.06958963632583619,0.27642926025390624
116,0.07367854490280151,0.1456712670326233
117,0.07247911052703858,0.3643919458389282
118,0.07445816469192505,0.08912265348434448
119,0.06842357940673828,0.07133954238891602
120,0.06823666572570801,0.07107047176361084
121,0.06833501949310303,0.08141721534729005
122,0.06775162715911866,0.08099514770507812
123,0.0690028917312622,0.07512750291824341
124,0.06663415384292602,0.06828918361663819
125,0.068001340675354,0.117733895778656
126,0.06691516733169556,0.08092416906356811
127,0.06657194004058838,0.10368756484985352
128,0.0689855637550354,0.06945121812820435
129,0.0659855715751648,0.06669619655609131
130,0.0689550362586975,0.0667662901878357
