epoch,loss,val_loss
0,0.6091576494216919,0.5564335870742798
1,0.3257576108932495,0.23378683042526244
2,0.21983752918243407,0.22729763317108154
3,0.18635453119277953,0.13791391038894654
4,0.16471493520736694,0.12164051389694214
5,0.15163664989471434,0.2670168523788452
6,0.14197565279006957,0.12349528789520264
7,0.13210088300704956,0.12416729068756104
8,0.12472140197753906,0.12677156496047973
9,0.11805831165313721,0.14764118814468383
10,0.1112172592163086,0.07719661617279053
11,0.10757421083450318,0.07691513586044312
12,0.10572234582901001,0.07768667078018189
13,0.09954831819534302,0.09009758138656616
14,0.0919775863647461,0.06840756750106812
15,0.09173698635101318,0.12330372524261475
16,0.0890331774711609,0.20497684049606324
17,0.09130020456314086,0.0665202236175537
18,0.08432879657745361,0.14379960536956787
19,0.08199478034973144,0.0715813717842102
20,0.08249011402130127,0.09362241697311402
21,0.08210465412139893,0.1163211669921875
22,0.07853809614181519,0.1642063980102539
23,0.07812376689910888,0.06819097137451172
24,0.0746130181312561,0.06540676259994507
25,0.07811004056930541,0.07478068351745605
26,0.07401153211593628,0.0670691728591919
27,0.07363580923080444,0.06297894287109375
28,0.07087321128845214,0.06333672618865967
29,0.06954989833831787,0.06596935606002807
30,0.07363865432739258,0.06536742115020752
31,0.06862874898910522,0.07141960430145264
32,0.07036142988204956,0.08165925788879394
33,0.06869287176132202,0.06256630325317383
34,0.06711715497970581,0.11515643882751465
35,0.06925856580734253,0.05860907793045044
36,0.06516668491363525,0.06052956390380859
37,0.06588342742919921,0.08650152397155762
38,0.0642001392364502,0.05547147178649902
39,0.06603738927841186,0.053884228706359866
40,0.06442818927764893,0.055747966766357425
41,0.06140615291595459,0.0509305911064148
42,0.06346715431213379,0.07849288845062256
43,0.06400076408386231,0.056265555381774905
44,0.06326486234664917,0.05266765546798706
45,0.05988191785812378,0.05172833013534546
46,0.05989437961578369,0.05397604370117187
47,0.06259237747192382,0.06140434741973877
48,0.0578829306602478,0.05915785694122314
49,0.06078526468276978,0.09629196119308471
50,0.06394778594970703,0.06071534967422485
51,0.05721415729522705,0.050712775230407715
52,0.05809257173538208,0.05546326160430908
53,0.058517929649353026,0.05109265851974487
54,0.05843974456787109,0.06556202220916749
55,0.05935250129699707,0.1909741039276123
56,0.06134247035980225,0.07860103750228882
57,0.058789404582977295,0.05308873081207276
58,0.055531973266601566,0.050412236213684083
59,0.05672464218139649,0.050632936000823976
60,0.057426096630096436,0.048284251689910886
61,0.05870604438781738,0.08246573400497437
62,0.05763388147354126,0.05583374166488647
63,0.05565439443588257,0.05024060535430908
64,0.05625239353179932,0.088826988697052
65,0.05564421815872193,0.07974219655990601
66,0.05479517230987549,0.05101113176345825
67,0.05584280300140381,0.05475911283493042
68,0.05542389326095581,0.048047385215759277
69,0.05569882936477661,0.048820899486541745
70,0.05434026756286621,0.060895493984222414
71,0.055675073337554934,0.05868556880950928
72,0.05424917612075806,0.09647693395614625
73,0.05466074123382569,0.07011522483825684
74,0.055836443519592285,0.05042094373703003
75,0.05363299684524536,0.05155085229873657
76,0.054991487693786624,0.054378153324127196
77,0.05539885511398315,0.05844516181945801
78,0.05363135070800781,0.053205986976623536
79,0.05291012487411499,0.05099907970428467
80,0.05321679849624634,0.11694719266891479
81,0.054326617622375485,0.04970051336288452
82,0.05254959812164307,0.048838109016418454
83,0.054694629287719725,0.046891499519348144
84,0.05273294925689697,0.09899679565429688
85,0.05185946674346924,0.055411717891693114
86,0.05262104177474976,0.05348182439804077
87,0.05242081937789917,0.048416808605194095
88,0.05218874807357788,0.06455896282196046
89,0.052663545417785645,0.0696742525100708
90,0.05056215476989746,0.0486487455368042
91,0.0520742205619812,0.06327655506134033
92,0.05044634189605713,0.048729330062866213
93,0.051428959941864014,0.06147809314727783
94,0.050706242561340334,0.04950277090072632
95,0.05076154460906982,0.05160835266113281
96,0.050888092994689944,0.06492957735061645
97,0.050879096126556396,0.07594753170013428
98,0.05140637826919556,0.07815587663650513
99,0.052138161849975585,0.054912392139434815
