epoch,loss,val_loss
0,0.5407328147888184,0.44320299005508423
1,0.32521394205093385,0.39409512996673585
2,0.2556700527191162,0.2024801654815674
3,0.22697609910964966,0.21929160833358766
4,0.2030368730545044,0.1535873131752014
5,0.19289193115234374,0.9117002520561218
6,0.195418789768219,0.12909076595306396
7,0.1698009612083435,0.2200385570526123
8,0.16822434778213502,0.1929425587654114
9,0.15694329090118408,0.1174404911994934
10,0.1504390124320984,0.1222492699623108
11,0.14157682285308837,0.22168267822265625
12,0.14086988515853882,0.10233457612991333
13,0.12988553256988525,0.1561115689277649
14,0.13035370655059814,0.14254746961593628
15,0.12198118839263916,0.09813277626037598
16,0.12220641918182373,0.12136323404312134
17,0.11842731342315674,0.10142521381378174
18,0.1115586127281189,0.12227803611755371
19,0.11032055921554565,0.11360872411727906
20,0.11113021249771118,0.1023364577293396
21,0.10958283805847167,0.11123002767562866
22,0.10608563756942749,0.1125206184387207
23,0.10268223085403443,0.07831283473968506
24,0.09767781248092651,0.09465120458602905
25,0.09776313247680664,0.09014521408081054
26,0.0991769546508789,0.07418792772293091
27,0.09439145526885986,0.14759172821044922
28,0.09680370988845825,0.09304938507080078
29,0.09282524213790894,0.14052843046188354
30,0.09294317436218262,0.12020303964614869
31,0.08998077354431153,0.09134131288528442
32,0.08673431854248047,0.09719145059585571
33,0.08704772024154663,0.07308642339706421
34,0.08788223514556885,0.08904025602340698
35,0.08491681537628173,0.07506849431991577
36,0.08724764928817749,0.07093566799163818
37,0.08046948051452636,0.07555439710617065
38,0.08178946228027344,0.08582573413848876
39,0.08236726551055908,0.10130147552490235
40,0.08117929515838623,0.085297203540802
41,0.08061479263305664,0.06862435483932496
42,0.07914876260757446,0.06873947811126709
43,0.07895079145431519,0.07164693880081177
44,0.07708620862960816,0.06628090476989747
45,0.07758248567581177,0.0690980658531189
46,0.07652416982650757,0.07597466373443604
47,0.07564616622924805,0.07004603767395019
48,0.07574379034042358,0.07545515584945679
49,0.07583337917327881,0.06710416746139526
50,0.0756254768371582,0.07159116840362549
51,0.07523299894332885,0.07318949794769287
52,0.07404738187789917,0.09723160648345948
53,0.07322338638305664,0.07197432279586792
54,0.0714462947845459,0.08773109388351441
55,0.07305398769378663,0.06800721836090087
56,0.07146272192001343,0.14623337936401368
57,0.07506363649368286,0.061932090759277345
58,0.06929511642456054,0.07190052080154419
59,0.07148802089691163,0.07780537033081054
60,0.07125757236480713,0.0626523756980896
61,0.06865212984085083,0.06544533967971802
62,0.06893067560195923,0.08305466079711914
63,0.06926686477661133,0.07503878831863403
64,0.06939743423461914,0.08990320587158203
65,0.06902126016616822,0.06245054340362549
66,0.06723134536743164,0.06051423025131226
67,0.06684792175292968,0.06714641809463501
68,0.06897293071746827,0.13049543142318726
69,0.06734968767166137,0.06874855422973633
70,0.06724126148223877,0.0882680640220642
71,0.06855841846466064,0.1409841160774231
72,0.06729818172454834,0.1230405650138855
73,0.067873761844635,0.07387312078475952
74,0.06658770570755004,0.06848322153091431
75,0.06585717096328736,0.06764509963989258
76,0.0658950041770935,0.06619300270080566
77,0.06664204597473145,0.14139006996154785
78,0.067711021900177,0.06265225315093995
79,0.06478073043823242,0.07034164428710937
80,0.06426465454101563,0.07259579133987427
81,0.06364089727401734,0.06304535579681396
82,0.06484703493118286,0.06522688913345337
