epoch,loss,val_loss
0,0.9999878268241882,0.9999877281188965
1,0.9999877960205078,0.9999876837730408
2,0.9999877531051635,0.9999876546859742
3,0.9999877191543579,0.9999876165390015
4,0.9999876827239991,0.9999875798225403
5,0.9999876502990722,0.9999875431060791
6,0.9999876085281372,0.9999874987602234
7,0.9999875677108765,0.9999874620437622
8,0.9999875343322754,0.9999874238967895
9,0.9999874894142151,0.9999873795509339
10,0.9999874464988708,0.9999873428344727
11,0.9999874094009399,0.9999872984886169
12,0.9999873662948608,0.9999872465133667
13,0.9999873302459716,0.9999872174263
14,0.999987283706665,0.9999871716499329
15,0.9999872381210327,0.9999871273040771
16,0.9999871940612793,0.9999870753288269
17,0.9999871468544006,0.9999870386123657
18,0.999987090396881,0.9999869866371155
19,0.9999870559692383,0.9999869422912597
20,0.9999870116233825,0.999986882686615
21,0.9999869540214539,0.9999868307113647
22,0.9999869076728821,0.9999868016242981
23,0.9999868526458741,0.9999867420196533
24,0.9999868056297302,0.9999866976737976
25,0.9999867520332336,0.9999866380691528
26,0.9999867027282715,0.999986578464508
27,0.9999866417884826,0.9999865126609803
28,0.9999865839958191,0.9999864606857299
29,0.9999865252494812,0.9999864010810852
30,0.9999864733695983,0.9999863414764404
31,0.9999864106178283,0.9999862895011902
32,0.9999863450050354,0.9999862298965454
33,0.9999862983703613,0.9999861640930175
34,0.9999862250328064,0.9999860968589783
35,0.9999861716270447,0.9999860372543335
36,0.9999860989570618,0.9999859714508057
37,0.9999860329627991,0.9999859042167664
38,0.9999859686851501,0.9999858446121216
39,0.9999858993530274,0.9999857788085937
40,0.9999858302116394,0.9999856963157654
41,0.9999857534408569,0.9999856152534485
42,0.9999856796264649,0.9999855480194092
43,0.9999856099128723,0.9999854745864868
44,0.9999855167388916,0.9999853935241699
45,0.9999854412078858,0.9999853110313416
46,0.9999853611946106,0.9999852223396302
47,0.9999852829933167,0.9999851489067078
48,0.9999851969718934,0.9999850511550903
49,0.9999851132392883,0.9999849700927734
50,0.9999850200653077,0.9999848737716674
51,0.99998493309021,0.999984785079956
52,0.9999848322868348,0.999984673500061
53,0.9999847393035889,0.9999845924377442
54,0.9999846435546875,0.9999844884872436
55,0.9999845306396484,0.9999843692779541
56,0.9999844265937805,0.9999842805862427
57,0.9999843187332154,0.9999841766357422
58,0.9999842181205749,0.9999840588569641
59,0.9999840977668762,0.9999839396476745
60,0.999983986377716,0.999983820438385
61,0.9999838586807251,0.9999836950302124
62,0.9999837432861328,0.9999835758209229
63,0.9999836130142212,0.9999834427833557
64,0.9999834803581238,0.9999833097457885
65,0.999983341884613,0.9999831614494323
66,0.9999832056999206,0.9999830269813538
67,0.9999830604553223,0.9999828786849976
68,0.999982915687561,0.9999827165603637
69,0.9999827534675598,0.9999825682640076
70,0.9999826005935669,0.9999824047088623
71,0.9999824278831482,0.9999822335243225
72,0.9999822744369506,0.9999820713996888
73,0.9999820939064026,0.9999818863868714
74,0.9999818933486938,0.9999816923141479
75,0.9999817090988159,0.9999814844131469
76,0.9999815111160278,0.9999812917709351
77,0.9999813116073608,0.999981077671051
78,0.9999810920715332,0.9999808621406555
79,0.9999808776855469,0.9999806175231933
80,0.9999806390762329,0.9999803805351257
81,0.9999803965568542,0.999980128288269
82,0.9999801370620728,0.9999798836708069
83,0.9999798660278321,0.999979594707489
84,0.9999795920372009,0.9999793195724487
85,0.9999793092727661,0.9999790153503418
86,0.9999790002822876,0.9999786896705627
87,0.9999786878585816,0.9999783639907837
88,0.999978348827362,0.999978015422821
89,0.999977990436554,0.9999776439666748
90,0.9999776266098023,0.999977258682251
91,0.999977234172821,0.9999768505096436
92,0.9999768018722535,0.999976405620575
93,0.9999763614654541,0.9999759392738342
94,0.9999758832931519,0.9999754500389099
95,0.9999753704071045,0.9999749073982239
96,0.9999748376846314,0.9999743447303772
97,0.9999742474555969,0.9999737210273743
98,0.9999736261367798,0.9999730682373047
99,0.9999729541778565,0.9999723496437073
100,0.9999722162246704,0.9999715638160706
101,0.9999714329719543,0.999970718383789
102,0.9999705545425415,0.9999697980880737
103,0.9999695894241333,0.9999687676429748
104,0.9999685305595398,0.9999676256179809
105,0.9999673551559448,0.9999663643836975
106,0.999966049861908,0.9999649410247803
107,0.9999645697593689,0.9999633388519287
108,0.9999628920555115,0.9999615149497986
109,0.9999609753608704,0.9999593944549561
110,0.9999587512969971,0.9999569621086121
111,0.9999561781883239,0.9999540772438049
112,0.9999531380653381,0.9999506664276123
113,0.9999494785308838,0.9999465355873108
114,0.9999450475692749,0.9999414567947388
115,0.9999394946098328,0.9999349975585937
116,0.9999323100090027,0.9999264178276062
117,0.9999226050376893,0.999914626121521
118,0.9999087566375733,0.9998969912528992
119,0.9998869536399841,0.9998675265312195
120,0.9998473846435547,0.9998083305358887
121,0.9997544464111328,0.9996400346755981
122,0.9992459370613098,0.995791196346283
123,0.08935085029602051,5.7210922241210934e-06
124,6.003036499023437e-05,2.5815963745117186e-06
125,3.476715087890625e-05,1.5077590942382812e-06
126,2.4951934814453126e-05,1.0366439819335937e-06
127,1.9281005859375e-05,7.5531005859375e-07
128,1.536865234375e-05,5.931854248046875e-07
129,1.274261474609375e-05,4.7397613525390625e-07
130,1.0784721374511719e-05,4.00543212890625e-07
131,9.343719482421874e-06,3.4236907958984374e-07
132,8.208465576171876e-06,2.660751342773438e-07
133,7.3577880859375e-06,2.384185791015625e-07
134,6.59637451171875e-06,2.079010009765625e-07
135,5.99365234375e-06,1.773834228515625e-07
136,5.49468994140625e-06,1.6498565673828124e-07
137,5.0689697265625e-06,1.4972686767578125e-07
138,4.6966552734375e-06,1.3446807861328124e-07
139,4.276084899902343e-06,1.1920928955078125e-07
140,3.99017333984375e-06,1.1920928955078125e-07
141,3.76434326171875e-06,1.1920928955078125e-07
142,3.51715087890625e-06,8.869171142578125e-08
143,3.3538818359375e-06,8.869171142578125e-08
144,3.1524658203125e-06,8.869171142578125e-08
145,2.99530029296875e-06,8.869171142578125e-08
146,2.8656005859375e-06,8.869171142578125e-08
147,2.740478515625e-06,7.343292236328125e-08
148,2.5726318359375e-06,7.343292236328125e-08
149,2.4248123168945314e-06,6.103515625e-08
150,2.35443115234375e-06,6.103515625e-08
151,2.27813720703125e-06,4.57763671875e-08
152,2.20489501953125e-06,4.57763671875e-08
153,2.08282470703125e-06,4.57763671875e-08
154,1.99127197265625e-06,4.57763671875e-08
155,1.93939208984375e-06,4.57763671875e-08
156,1.8444061279296874e-06,4.57763671875e-08
157,1.800537109375e-06,3.0517578125e-08
158,1.7822265625e-06,3.0517578125e-08
159,1.6754150390625e-06,3.0517578125e-08
160,1.64031982421875e-06,3.0517578125e-08
161,1.58843994140625e-06,3.0517578125e-08
162,1.531982421875e-06,3.0517578125e-08
163,1.4955520629882813e-06,3.0517578125e-08
164,1.4617919921875e-06,3.0517578125e-08
165,1.409912109375e-06,3.0517578125e-08
166,1.37481689453125e-06,3.0517578125e-08
167,1.3458251953125e-06,3.0517578125e-08
168,1.31072998046875e-06,3.0517578125e-08
169,1.28173828125e-06,3.0517578125e-08
170,1.2451171875e-06,3.0517578125e-08
171,1.20086669921875e-06,3.0517578125e-08
172,1.16424560546875e-06,3.0517578125e-08
173,1.15814208984375e-06,3.0517578125e-08
174,1.10931396484375e-06,3.0517578125e-08
175,1.10015869140625e-06,3.0517578125e-08
176,1.0711669921875e-06,3.0517578125e-08
177,1.05438232421875e-06,3.0517578125e-08
