epoch,loss,val_loss
0,0.561883146572113,0.3981148452758789
1,0.36139645223617556,0.4708073596954346
2,0.2785359048843384,0.2271753387451172
3,0.24879476232528686,0.20086283826828003
4,0.22638314247131347,0.20281646251678467
5,0.21714183177948,0.17999454879760743
6,0.2045550651550293,0.1853139328956604
7,0.19744423933029176,0.17105335569381713
8,0.1887778733253479,0.27991891622543336
9,0.17973627433776856,0.1733367280960083
10,0.176344003200531,0.15255679988861084
11,0.17274091806411743,0.15167423248291015
12,0.16121796388626097,0.12539348793029786
13,0.16392807350158692,0.1668877649307251
14,0.14832604627609253,0.11492470979690551
15,0.15221016626358033,0.13649128341674804
16,0.14043174266815187,0.13605541610717772
17,0.1376906972885132,0.307786847114563
18,0.13853355054855346,0.14004707956314086
19,0.13568401517868042,0.2833688740730286
20,0.13287090768814086,0.19762649488449097
21,0.12834864902496337,0.21948158979415894
22,0.12959124221801757,0.1431167769432068
23,0.12431483421325684,0.14956462526321412
24,0.1237691349029541,0.10215466403961182
25,0.11778169813156128,0.15477177619934082
26,0.11613016653060913,0.10182241582870484
27,0.11443571901321412,0.09536317014694214
28,0.11553573942184449,0.16374682903289794
29,0.11190391931533814,0.15805446720123292
30,0.11043471117019653,0.1297692084312439
31,0.10707414684295655,0.14442317247390746
32,0.10676830339431763,0.0950482439994812
33,0.10365657758712768,0.2684809856414795
34,0.10621738224029541,0.13189236688613892
35,0.10050370597839356,0.10093445205688477
36,0.1058105013847351,0.09504281425476074
37,0.0983834300994873,0.10352572727203369
38,0.10159518194198608,0.1449151530265808
39,0.09923749332427978,0.09258446025848388
40,0.09611570405960083,0.09892311668395996
41,0.09512220716476441,0.0809487509727478
42,0.09556098384857177,0.09405600118637085
43,0.09677310056686401,0.10562435531616211
44,0.09310230855941773,0.17415921783447266
45,0.09273048973083496,0.11742719602584839
46,0.09037122497558593,0.10525402212142944
47,0.09451502304077149,0.09877649450302124
48,0.0901512921333313,0.07532996320724487
49,0.08923460350036622,0.254983021736145
50,0.09132901124954224,0.1282551221847534
51,0.08782183532714843,0.13582630014419556
52,0.08969737520217895,0.09594210195541382
53,0.08738321714401245,0.11851869249343872
54,0.0860326397895813,0.08242761659622193
55,0.08429109687805175,0.14740264081954957
56,0.08788630132675171,0.0850170111656189
57,0.0805743299484253,0.1191843318939209
58,0.08383600654602051,0.11372251701354981
59,0.08215754661560058,0.11219313383102417
60,0.08642548170089721,0.08597775793075561
61,0.08071801710128784,0.08522733783721924
62,0.08176934652328491,0.1512586932182312
63,0.08326760597229003,0.07116486072540283
64,0.07960772886276245,0.08010543251037598
65,0.08347384910583495,0.08233536911010743
66,0.08182301445007324,0.07774552249908448
67,0.07988191452026368,0.08229778337478638
68,0.08174172592163086,0.09444939899444581
69,0.07908465986251831,0.09799529743194581
70,0.07803318166732788,0.09018870592117309
71,0.07899197368621826,0.0924879813194275
72,0.0786775191307068,0.09712193155288697
73,0.0771817307472229,0.1456962594985962
74,0.07870747652053833,0.0891912202835083
75,0.07637067012786865,0.08333291912078858
76,0.07766484365463257,0.14130160331726074
77,0.07799956016540527,0.09177142143249511
78,0.07430161819458007,0.08977535438537598
79,0.07739954586029053,0.08535516071319581
80,0.07599502820968627,0.15586796426773072
81,0.07699566202163696,0.07413644123077393
82,0.07574524497985839,0.0774659571647644
83,0.07401020908355713,0.349978702545166
