epoch,loss,val_loss
0,0.5919670740127564,0.642702543258667
1,0.3408553647041321,0.20302078914642335
2,0.23926305637359618,0.2508182911872864
3,0.2071826766014099,0.2013756866455078
4,0.18858144216537476,0.21418505239486693
5,0.1780133479118347,0.19082259607315064
6,0.16675307664871217,0.14144732189178466
7,0.1544813055038452,0.1063495864868164
8,0.1484200976371765,0.16174701833724975
9,0.14044805326461793,0.10056886959075928
10,0.14038437147140503,0.10764539909362793
11,0.13202189741134643,0.15680663013458251
12,0.12997417144775392,0.11635948705673217
13,0.12132641878128052,0.20279546594619752
14,0.11521121244430542,0.09762066984176636
15,0.11397954950332642,0.08585575437545777
16,0.11342557697296142,0.09480046463012695
17,0.10717908544540405,0.10067724180221557
18,0.10236891660690307,0.08346987819671631
19,0.10287666034698487,0.14972552967071534
20,0.09759399137496948,0.09018274116516113
21,0.09879826316833495,0.11259724521636963
22,0.09373343172073365,0.12540434551239013
23,0.09217520866394043,0.12041111946105958
24,0.09052504224777222,0.07864492177963257
25,0.08786064119338989,0.07218009090423584
26,0.08808537683486939,0.07559473752975464
27,0.08500864944458007,0.07076010036468505
28,0.08610893449783326,0.08982635545730591
29,0.08970258378982544,0.08903658246994019
30,0.08415052652359009,0.12210687351226807
31,0.08146126184463501,0.08132747888565063
32,0.08139444494247436,0.07331482601165772
33,0.07982848358154297,0.12875560522079468
34,0.08031357355117798,0.060833966732025145
35,0.08102814226150512,0.11670319461822509
36,0.07614810333251953,0.0671277894973755
37,0.07462168235778809,0.06232465410232544
38,0.07815981035232544,0.16585228109359743
39,0.07650060501098632,0.09293654680252075
40,0.0755803240776062,0.06372510290145875
41,0.07361374130249024,0.07131948709487915
42,0.07428657150268554,0.1020056004524231
43,0.07243374862670898,0.0587017035484314
44,0.07105903415679932,0.06757564973831177
45,0.07257555313110352,0.06630039119720459
46,0.07049314317703247,0.061600225925445555
47,0.07018920707702636,0.11413934803009033
48,0.07323579206466675,0.07619036674499512
49,0.06990223722457886,0.11396367931365967
50,0.06907863636016846,0.08175779008865357
51,0.06932583150863647,0.06194289016723633
52,0.06958084812164307,0.059369383335113525
53,0.06735419034957886,0.1999490432739258
54,0.06956295223236084,0.06715370655059814
55,0.06711550903320312,0.05597305488586426
56,0.06863818836212159,0.0695165114402771
57,0.06720352096557618,0.08687720012664794
58,0.06726272811889648,0.057578019142150876
59,0.06518741693496705,0.08336812210083008
60,0.06533872804641723,0.06780707836151123
61,0.06368359375,0.10654578018188476
62,0.06455328102111817,0.07219352912902832
63,0.0628793158531189,0.05637496614456177
64,0.06299327630996704,0.07250584602355957
65,0.06448077802658081,0.057934808254241944
66,0.06240613374710083,0.05682522439956665
67,0.06347730588912964,0.0599565544128418
68,0.06266179838180543,0.05809195280075073
69,0.06103537397384644,0.08558743858337402
70,0.06466627054214477,0.07319851636886597
71,0.06147625303268433,0.05973657083511352
72,0.06312989978790283,0.07804698801040649
73,0.06100931186676025,0.138381121635437
74,0.06339069623947144,0.06043207597732544
75,0.060893013286590573,0.06360734224319459
