epoch,loss,val_loss
0,0.7753672485351563,0.4265556769371033
1,0.32691871500015257,0.18242251014709474
2,0.17446581115722656,0.1041803503036499
3,0.13850799474716186,0.10621533250808715
4,0.11956411752700806,0.08649717092514038
5,0.11125417413711548,0.09081009149551392
6,0.09912246055603027,0.07889809894561768
7,0.08903879795074462,0.07726531744003295
8,0.08357901515960693,0.21618242979049682
9,0.08179657621383667,0.05558879089355469
10,0.07314290657043457,0.05654042339324951
11,0.06804871797561646,0.06430332612991332
12,0.06901519355773926,0.05971789598464966
13,0.061077497100830075,0.04476012992858887
14,0.05760219602584839,0.13051344299316406
15,0.060829120635986327,0.08792634963989258
16,0.05534212064743042,0.037206902503967285
17,0.05549390478134155,0.03746129941940308
18,0.054895563411712645,0.037741164684295656
19,0.05083329734802246,0.035334800243377686
20,0.04724563150405884,0.034695677280426024
21,0.05048458223342896,0.033889485359191895
22,0.044278611660003665,0.06869130182266235
23,0.04491505680084228,0.03281279706954956
24,0.046307714462280276,0.08434473037719727
25,0.04607075004577637,0.03072549819946289
26,0.043428753662109375,0.03204188537597656
27,0.04204773101806641,0.06434416437149047
28,0.041637606525421145,0.08691755247116088
29,0.03873577384948731,0.050542201995849606
30,0.04020074453353882,0.1971641550064087
31,0.04202853164672852,0.03379551458358765
32,0.03725590944290161,0.030145978927612303
33,0.037134797954559325,0.040779919147491454
34,0.03298358926773071,0.04415048456192017
35,0.038577032089233396,0.05105955600738525
36,0.037490874099731446,0.07611050033569336
37,0.03522768602371216,0.03435613536834717
38,0.035346925163269045,0.025040197372436523
39,0.03355372953414917,0.02543071174621582
40,0.03036201105117798,0.03749420309066773
41,0.032726501369476316,0.026275749683380128
42,0.03227759628295898,0.1462886428833008
43,0.03114696407318115,0.1767049617767334
44,0.03363960247039795,0.0238350567817688
45,0.0327204610824585,0.0240772967338562
46,0.029608928394317627,0.024129130363464354
47,0.03112310266494751,0.024504372596740723
48,0.030121950912475586,0.031962868213653566
49,0.03063281259536743,0.04428815793991089
50,0.029528822040557862,0.03105491542816162
51,0.026997789478302003,0.023186504364013674
52,0.02672756633758545,0.05147633314132691
53,0.027888205146789552,0.02759277057647705
54,0.027042761898040772,0.06374234819412232
55,0.02408616876602173,0.04966102361679077
56,0.027451929664611817,0.02670306730270386
57,0.02614147615432739,0.02457681369781494
58,0.02529989471435547,0.0271868896484375
59,0.027094218921661375,0.035400320053100585
60,0.02522395992279053,0.020914092063903808
61,0.02378007287979126,0.04383529949188232
62,0.024502584648132323,0.06846404600143433
63,0.024488117694854736,0.04955453395843506
64,0.02511554136276245,0.02567103147506714
65,0.02663510799407959,0.020894048690795898
66,0.0228182653427124,0.022321858882904052
67,0.02127655735015869,0.03704754114151001
68,0.02536972026824951,0.021689533233642578
69,0.022768136024475097,0.01819698429107666
70,0.020828499031066896,0.017391136646270754
71,0.02210659656524658,0.01817160129547119
72,0.021525593662261963,0.021980574131011964
73,0.020509853076934814,0.0782699089050293
74,0.024681024265289307,0.02008082389831543
75,0.019944729804992675,0.017492367267608642
76,0.021515827560424805,0.06026849031448364
77,0.022737383079528807,0.12817876672744752
78,0.024626549911499023,0.01957485246658325
79,0.02354133358001709,0.016991384029388427
80,0.019299118041992188,0.019737364292144774
81,0.019102784156799318,0.01673817300796509
82,0.018751585006713867,0.02527618932723999
83,0.01928543128967285,0.018733802318573
84,0.02040956220626831,0.016928834438323975
85,0.019311281299591063,0.04193445634841919
86,0.020210980796813965,0.01681898832321167
87,0.01819919023513794,0.01814689350128174
88,0.02004138879776001,0.01924145460128784
89,0.01913686866760254,0.023354081153869628
90,0.01724506502151489,0.016420400142669676
91,0.017993788528442384,0.015115708351135253
92,0.018621069812774657,0.019131773948669432
93,0.015991593170166015,0.015486648082733154
94,0.017081150436401366,0.01620692729949951
95,0.018920987224578856,0.014903634071350098
96,0.017190434360504152,0.01589437198638916
97,0.01705351781845093,0.018221346378326415
98,0.01728256130218506,0.014688815116882324
99,0.020490322875976564,0.015038676738739013
100,0.016593763732910157,0.014734731674194337
101,0.017532189655303954,0.01898068952560425
102,0.0168308687210083,0.02848401355743408
103,0.017928721141815186,0.015929203510284425
104,0.017834384632110595,0.0405589542388916
105,0.01479864091873169,0.01580768918991089
106,0.015485963726043701,0.027835519313812257
107,0.017959273529052733,0.015731863498687743
108,0.017691655349731446,0.015611422061920167
109,0.015094044208526612,0.017742723941802978
110,0.014767359161376952,0.015425694942474364
111,0.016197389793395998,0.014001792907714843
112,0.015395195198059082,0.013973528385162354
113,0.014964998817443847,0.015200948238372803
114,0.018365598583221437,0.015122108936309815
115,0.015596538829803467,0.01878722095489502
116,0.017246868705749513,0.029701040744781495
117,0.0149738862991333,0.016358084678649902
118,0.014522330570220947,0.014485043048858642
119,0.01376851863861084,0.014572862148284913
120,0.013630936145782471,0.013077107906341553
121,0.016422303771972655,0.020413885593414307
122,0.01416878547668457,0.05418557786941528
123,0.0149716872215271,0.012784670352935791
124,0.013987480926513671,0.017328491687774658
125,0.013040146160125733,0.04016974687576294
126,0.016527767467498778,0.03100405216217041
127,0.013651223087310791,0.012736612796783448
128,0.01336042766571045,0.019610517501831053
129,0.013585480213165283,0.014992469787597657
130,0.015148402595520019,0.014482386589050293
131,0.012976599216461182,0.01857884216308594
132,0.012669241046905517,0.013820024967193603
133,0.01558245496749878,0.014678242683410645
134,0.012655730533599854,0.023258316040039063
135,0.013266448783874512,0.014166397094726562
136,0.015099219417572021,0.015217577934265137
137,0.012611146926879882,0.012223300457000732
138,0.012774288177490234,0.01283243227005005
139,0.011587004756927491,0.012856056690216064
140,0.012340272903442383,0.0720143437385559
141,0.016730426502227783,0.016848655700683595
142,0.012488108730316163,0.012088106155395508
143,0.012310621643066406,0.013566794872283936
144,0.011942315006256103,0.02101462745666504
145,0.015014871025085448,0.014631373405456543
146,0.010191342067718505,0.013150485038757324
147,0.010881399154663086,0.012413589477539063
148,0.014062708950042725,0.012742445945739747
149,0.012084284782409667,0.03151174545288086
150,0.01375841064453125,0.012021838665008545
151,0.01184680871963501,0.011325007915496826
152,0.012576595592498779,0.017092570781707762
153,0.012887088489532472,0.011874308109283447
154,0.011547446441650391,0.017466636657714845
155,0.012253316974639893,0.013343771934509278
156,0.011797436332702636,0.08316530704498291
157,0.01349823350906372,0.012886394023895263
158,0.009691683578491211,0.015704185962677003
159,0.011191811466217042,0.011798696994781494
160,0.012921900367736817,0.012960751056671143
161,0.011203388786315919,0.012265660762786866
162,0.011865852069854736,0.011005376815795899
163,0.010874335765838622,0.012542857646942138
164,0.009605968856811524,0.01111210823059082
165,0.011848751163482666,0.012619744300842286
166,0.011244166660308839,0.016582587242126464
167,0.012016719913482667,0.012852011680603027
168,0.010582955169677735,0.011799129962921142
169,0.010493596076965333,0.015842755317687987
170,0.011107758331298827,0.015126066207885742
171,0.011635806560516358,0.01541857099533081
172,0.011964868927001953,0.010430178165435792
173,0.010126418113708496,0.010292676448822022
174,0.009256825828552246,0.01309069299697876
175,0.011058217716217041,0.013173337936401366
176,0.009363941287994384,0.011962240695953369
177,0.011399607276916504,0.012415881633758546
178,0.010651114749908448,0.029222639560699464
179,0.011579088306427001,0.010426692485809326
180,0.008725243949890136,0.14467303228378295
181,0.010852889251708984,0.016948297500610353
182,0.010139270305633545,0.009942842483520507
183,0.00930928554534912,0.016064867496490477
184,0.010737491130828858,0.03689657831192016
185,0.011850482368469238,0.031842963218688965
186,0.009613168430328368,0.010392116069793702
187,0.008828369235992431,0.01063196849822998
188,0.008353818035125733,0.017675339698791506
189,0.010574071216583252,0.010367184638977052
190,0.011080507278442384,0.009728478908538818
191,0.007909106063842774,0.016088734626770018
192,0.00989931516647339,0.015224789619445801
193,0.00848100996017456,0.01927589225769043
194,0.010931773281097412,0.010094933032989502
195,0.009755517482757568,0.01239303684234619
196,0.008514513874053956,0.009759981155395508
197,0.008971332740783692,0.010023919582366944
198,0.008967121028900146,0.009782493114471436
199,0.008665346813201904,0.009377686977386475
200,0.008836721229553222,0.010354618072509765
201,0.010816732978820801,0.011268057823181153
202,0.009151135158538819,0.017101183891296386
203,0.008615616703033447,0.010092516899108887
204,0.007249352169036865,0.015064953327178955
205,0.010765785026550293,0.009122005462646484
206,0.00757075080871582,0.013063348770141602
207,0.01039936990737915,0.008907287120819092
208,0.008753546619415284,0.008887897968292237
209,0.009497254371643067,0.08822032070159912
210,0.010542581367492676,0.010814888954162598
211,0.009250370025634766,0.00952820634841919
212,0.006837066173553467,0.011818589210510254
213,0.008847167110443116,0.01016377592086792
214,0.007985142517089844,0.015198578357696533
215,0.008117724990844727,0.010439054012298584
216,0.008415462112426757,0.00993347692489624
217,0.00862910270690918,0.009282719135284424
218,0.007278534698486328,0.008904001235961915
219,0.008409154987335205,0.00860595417022705
220,0.006842543888092041,0.008494971752166748
221,0.008795547485351562,0.01133149003982544
222,0.008480446529388428,0.008276757717132568
223,0.007780117130279541,0.01471876049041748
224,0.00827403907775879,0.013992311000823975
225,0.007950330448150635,0.008393735885620117
226,0.008478426361083985,0.008562392711639404
227,0.008668085193634033,0.009387307167053223
228,0.007932430934906006,0.009349265575408935
229,0.008435454177856445,0.009411679267883302
230,0.008512045288085938,0.00806524133682251
231,0.008152455806732177,0.008241029262542724
232,0.00695704984664917,0.008504499912261963
233,0.008001977825164795,0.011094467639923096
234,0.007598248958587647,0.02446057653427124
235,0.00735561170578003,0.008244112968444824
236,0.0070402828216552735,0.011790865898132325
237,0.007444540786743164,0.008370579719543457
238,0.006438084030151367,0.008099716186523437
239,0.0071041035652160646,0.008210271358489991
240,0.006505159091949463,0.009178822994232177
241,0.007901718425750732,0.009922224521636963
242,0.007451492786407471,0.007729267597198487
243,0.007996087551116943,0.008205592632293701
244,0.005730136203765869,0.009070956707000732
245,0.0068551324844360354,0.0076201634407043455
246,0.005991909217834473,0.011854781627655029
247,0.007547260761260987,0.012284248352050782
248,0.006915951251983642,0.009158259391784667
249,0.0077179349899291995,0.010802652359008789
250,0.005988701725006104,0.007330433845520019
251,0.008786156558990479,0.007785741329193115
252,0.005498516941070557,0.013906730651855468
253,0.007498781871795654,0.007806163311004638
254,0.006381440258026123,0.011213469505310058
255,0.005960637664794922,0.057181642532348635
256,0.007409925270080567,0.010719430446624757
257,0.007675307559967041,0.00941677188873291
258,0.007611561965942383,0.007446248054504395
259,0.007491956043243408,0.007146645545959473
260,0.008984849071502685,0.008075827598571778
261,0.005391196250915527,0.007432916164398193
262,0.005428881645202637,0.008258758544921875
263,0.006688667583465576,0.007138006687164307
264,0.0058138106346130375,0.0070072197914123535
265,0.0068820581436157225,0.007379869937896729
266,0.005467673492431641,0.007087586402893066
267,0.006485851192474365,0.0069188237190246586
268,0.005121823215484619,0.006931052684783935
269,0.007007683849334717,0.007148056030273437
270,0.006243868637084961,0.06144671392440796
271,0.00914750566482544,0.007010580539703369
272,0.006467979526519775,0.006992919445037842
273,0.005776351165771484,0.010235345840454102
274,0.005165124607086182,0.006801089286804199
275,0.006373988723754883,0.009415337085723877
276,0.006738000392913819,0.007336443424224854
277,0.0063988574028015135,0.006892164230346679
278,0.005238469409942627,0.0066380734443664555
279,0.006244009208679199,0.006689947128295898
280,0.004986439895629882,0.008192371845245362
281,0.006343396186828614,0.007486688137054443
282,0.0061821364402771,0.007263132095336914
283,0.006305366039276123,0.007235488414764404
284,0.005367266464233398,0.006587030887603759
285,0.004677799034118652,0.00641690731048584
286,0.006720920658111572,0.006657019138336182
287,0.005998074436187744,0.010617606163024903
288,0.005832660007476806,0.00872204828262329
289,0.007145588493347168,0.006867072582244873
290,0.004903571319580078,0.01111901569366455
291,0.004729152584075928,0.00682064151763916
292,0.006613274002075196,0.007457746982574463
293,0.005629887962341308,0.006562305450439453
294,0.005944507789611817,0.007854180335998535
295,0.0058481331825256345,0.008787341594696045
296,0.005197385406494141,0.008493630409240723
297,0.006547841358184815,0.007055331707000732
298,0.00472752742767334,0.007715440273284912
299,0.00575042896270752,0.006207981109619141
300,0.0062103574752807615,0.009138365745544434
301,0.00601124620437622,0.013957833290100098
302,0.007867770576477051,0.006083211898803711
303,0.005389200210571289,0.006249955177307129
304,0.0042186655998229985,0.006082729816436767
305,0.004717203426361084,0.0067044773101806645
306,0.005560600185394287,0.0060446133613586426
307,0.004923669242858887,0.007555778980255127
308,0.005620451450347901,0.006328805923461914
309,0.004211238956451416,0.005873348712921143
310,0.006285225009918213,0.006315964221954346
311,0.004694211101531983,0.005744608402252197
312,0.004580887222290039,0.006745011806488037
313,0.005506493759155274,0.015489579677581787
314,0.007354625797271729,0.006281751155853272
315,0.004437336921691895,0.006657793521881104
316,0.005317270183563232,0.007460870265960693
317,0.003990437412261963,0.007337803840637207
318,0.004915393352508545,0.02231381320953369
319,0.0059759384155273435,0.006586084365844727
320,0.004677123641967773,0.005795783042907715
321,0.006249097061157226,0.006684674739837647
322,0.0050650988578796385,0.006201446056365967
323,0.004989245510101319,0.0059011240005493164
324,0.004587621021270752,0.016730746746063233
325,0.004342295932769775,0.007190846920013428
326,0.0048688469886779785,0.0060695004463195805
327,0.0051243850708007814,0.007450631618499756
328,0.004056020641326904,0.007446465015411377
329,0.005796571350097656,0.04585276699066162
330,0.005133228397369385,0.005517596244812011
331,0.0048319177627563475,0.005601285934448242
332,0.004022388839721679,0.00573932933807373
333,0.005223749732971191,0.0057815079689025875
334,0.00484175853729248,0.018639421463012694
335,0.004507904243469238,0.005850433826446533
336,0.005502738571166992,0.0055286226272583
337,0.00366500244140625,0.005780542850494385
338,0.005784446620941162,0.005774258613586426
339,0.004049858379364014,0.005958000183105469
340,0.004382096004486084,0.006578503131866455
341,0.006756392288208008,0.0065794925689697265
342,0.0036819226264953615,0.00548958683013916
343,0.005033640193939209,0.005485643863677978
344,0.004897121810913086,0.005774306774139404
345,0.0035111830711364745,0.005338837623596191
346,0.0042227727890014645,0.005289737701416016
347,0.0035133680343627928,0.008873748302459716
348,0.00521077299118042,0.0055454387664794925
349,0.004512005805969238,0.005281035900115967
350,0.004333829689025879,0.006534034252166748
351,0.0046807132720947265,0.005195161819458008
352,0.0035391295433044433,0.006196096897125244
353,0.005270043182373047,0.009380131244659425
354,0.004347486400604248,0.005592989921569824
355,0.004176068782806397,0.009395165920257569
356,0.0052388280868530274,0.005687497615814209
357,0.004044481468200684,0.00714570426940918
358,0.003526724147796631,0.005240782260894776
359,0.0036359655380249025,0.006130557060241699
360,0.004954035472869873,0.005157510280609131
361,0.004361650657653809,0.00521995496749878
362,0.003546593379974365,0.0109742751121521
363,0.004055706977844238,0.006343328475952149
364,0.0038988850593566896,0.007785919666290283
365,0.0037051088333129884,0.005027003288269043
366,0.0038730920791625978,0.0052800064086914065
367,0.004667919540405273,0.010237463474273682
368,0.0035638789176940916,0.005500055313110351
369,0.006635275363922119,0.0056490392684936525
370,0.004277330017089844,0.005135116577148438
371,0.003652890110015869,0.005817764282226563
372,0.004812722873687744,0.005626374244689941
373,0.004031300926208496,0.005050893306732178
374,0.005295768356323242,0.005826900959014893
375,0.003522264003753662,0.004995022773742676
376,0.003994599819183349,0.005028414726257324
377,0.004451905822753907,0.005089098453521728
378,0.0031882137298583986,0.0052133102416992184
379,0.0031985106468200683,0.004901972770690918
380,0.004634418773651123,0.004819532394409179
381,0.0043930088996887206,0.0061904902458190915
382,0.0036433669090270996,0.005249431610107422
383,0.003970483493804931,0.005441415786743164
384,0.0031624361038208007,0.004971670150756836
385,0.0030781295776367186,0.005631752014160156
386,0.004763080310821533,0.02193389368057251
387,0.0035644458770751953,0.005282127857208252
388,0.0030524367332458494,0.00495778751373291
389,0.003986274337768555,0.005142954826354981
390,0.004603494071960449,0.004702690601348877
391,0.004060534858703614,0.004809247016906738
392,0.003373440170288086,0.004802772998809815
393,0.0047888031005859375,0.006530046463012695
394,0.0034835414886474608,0.006385717391967773
395,0.003750663185119629,0.0049558992385864255
396,0.0029702874183654784,0.005015738010406494
397,0.0033468935012817384,0.004784912586212158
398,0.00458792142868042,0.004758252620697022
399,0.003275668144226074,0.004622520446777344
400,0.0033732714653015136,0.0048961215019226074
401,0.002902034378051758,0.004780655384063721
402,0.003794554233551025,0.004899413585662842
403,0.0052394916534423824,0.005660489082336426
404,0.0036093929290771484,0.004756149291992188
405,0.0035388288497924807,0.0046295299530029295
406,0.0037044456481933595,0.004614669799804688
407,0.0042903881072998045,0.004826634407043457
408,0.0030023660659790037,0.0052275991439819335
409,0.004880575180053711,0.004680818557739258
410,0.0043846108436584475,0.0045347633361816405
411,0.0031746940612792968,0.004453500270843506
412,0.0032628741264343264,0.004664072036743164
413,0.0036795984268188477,0.004637125968933105
414,0.0028062743186950683,0.004432862758636475
415,0.0030407803535461428,0.00943744659423828
416,0.0037545690536499024,0.004437654495239258
417,0.0035995084762573243,0.0055568313598632815
418,0.0035236332893371584,0.004407146453857422
419,0.0031737473487854005,0.004588382244110107
420,0.0037181050300598146,0.004434686660766601
421,0.0035772897720336913,0.005450922966003418
422,0.004047710132598877,0.010570088386535644
423,0.0035555418968200685,0.00584814167022705
424,0.0029909976959228515,0.0078424391746521
425,0.003790555381774902,0.004413198947906494
426,0.002937359428405762,0.004675642967224121
427,0.002976737880706787,0.00435832929611206
428,0.00351917028427124,0.004448058605194091
429,0.003357495021820068,0.004387204170227051
430,0.005716956901550293,0.004441103458404541
431,0.0028148401260375978,0.005602253437042236
432,0.003124778747558594,0.004358192443847656
433,0.0026083879470825194,0.004490003585815429
434,0.004285678100585937,0.0043232741355896
435,0.004338757991790771,0.00426513147354126
436,0.003829612445831299,0.0043129420280456545
437,0.0026705082893371582,0.004854194164276123
438,0.003031320095062256,0.004691965579986572
439,0.003269952583312988,0.005193828582763672
440,0.003699410343170166,0.005989442348480225
441,0.003361726379394531,0.010887385845184326
442,0.0034969239234924317,0.02562346076965332
443,0.00431800708770752,0.0062073030471801755
444,0.0028711812019348143,0.0043445944786071776
445,0.0024997034072875976,0.004295425891876221
446,0.0034284367561340334,0.007946739196777344
447,0.0027613990783691405,0.004225173950195313
448,0.0042216329574584965,0.00411015796661377
449,0.002536324691772461,0.004178829669952392
450,0.002859630584716797,0.004086559295654297
451,0.0030219857215881348,0.005548895835876465
452,0.00395400915145874,0.004888580322265625
453,0.003475120735168457,0.004710583686828613
454,0.002884281826019287,0.01772694158554077
455,0.004310302066802978,0.004032069683074951
456,0.0026202106475830076,0.005661006450653076
457,0.0032262141227722167,0.004341458797454834
458,0.002487276840209961,0.004176905632019043
459,0.004203082084655762,0.005365961551666259
460,0.0028609214782714843,0.006633716583251953
461,0.0027857099533081056,0.004544478893280029
462,0.0040059358596801755,0.004438716888427735
463,0.0025189571380615236,0.004684319496154785
464,0.0029996435165405276,0.005255101680755615
465,0.002443194675445557,0.004077146053314209
466,0.0024336649894714357,0.0038961348533630372
467,0.002639063549041748,0.004474627494812012
468,0.0027495962142944337,0.004432050228118897
469,0.0025350192070007324,0.003857705116271973
470,0.002931376266479492,0.006863883018493652
471,0.003675325012207031,0.004279846668243408
472,0.0036068846702575685,0.006006928920745849
473,0.0025913646697998047,0.003811122417449951
474,0.0024894697189331056,0.0038904571533203126
475,0.0026867798805236816,0.003886561393737793
476,0.002362254238128662,0.004229527950286865
477,0.0028480459213256837,0.0037911458015441896
478,0.002670646381378174,0.004756541728973389
479,0.0039257840156555176,0.0038788108825683594
480,0.0023209151268005373,0.0037957987785339356
481,0.002192308235168457,0.003699915885925293
482,0.0024326316833496093,0.006231051921844482
483,0.002846976566314697,0.0038337154388427734
484,0.002433346176147461,0.0036728520393371584
485,0.0021953575134277346,0.003766194820404053
486,0.005634392833709717,0.0037196297645568847
487,0.0029657048225402833,0.0037970237731933592
488,0.002807962131500244,0.0059022316932678225
489,0.002442214488983154,0.0036991658210754393
490,0.0031842299461364745,0.0042192058563232425
491,0.003249726390838623,0.003811629295349121
492,0.002248720645904541,0.00402643346786499
493,0.003202016830444336,0.0036394305229187013
494,0.002846108150482178,0.0057960662841796875
495,0.004263278865814209,0.0038353652954101563
496,0.0021930871963500975,0.0037212986946105957
497,0.0023011615753173826,0.003631091594696045
498,0.0021044690132141115,0.0036316356658935545
499,0.001975364398956299,0.0035408520698547363
500,0.0021885493278503416,0.00413598108291626
501,0.004877951908111572,0.0038055338859558107
502,0.002452742290496826,0.005431153297424316
503,0.002653260803222656,0.0035680160522460935
504,0.002043917465209961,0.003875625133514404
505,0.0025918001174926758,0.0037023720741271972
506,0.0043170053482055664,0.0035089492797851563
507,0.002351236915588379,0.005518651962280273
508,0.003922136783599853,0.00360695743560791
509,0.0019415739059448242,0.0036849637031555176
510,0.001938954257965088,0.004490532398223877
511,0.002129810047149658,0.0034890952110290525
512,0.003526422119140625,0.003491626739501953
513,0.0020039679527282714,0.003815415859222412
514,0.0022599371910095216,0.0040167317390441895
515,0.0023002238273620605,0.00351277494430542
516,0.0020890597343444822,0.0034147853851318358
517,0.0031263184547424315,0.004572738647460937
518,0.002156985092163086,0.003317244529724121
519,0.0024742341041564943,0.00625641393661499
520,0.0026353704452514648,0.0034138221740722657
521,0.0019497060775756836,0.005496893882751465
522,0.0024546478271484373,0.0032510457038879394
523,0.003618857097625732,0.0033270421028137208
524,0.0019771881103515625,0.0033331069946289063
525,0.002080350685119629,0.0034041085243225098
526,0.0021007699966430664,0.003337677001953125
527,0.001783028793334961,0.0037243719100952147
528,0.0019035128593444825,0.003951569080352783
529,0.0020687274932861327,0.004551181793212891
530,0.002978609752655029,0.010909955024719238
531,0.004199677658081055,0.0034956159591674803
532,0.0018219136238098144,0.0032931513786315916
533,0.0022896263122558595,0.003335928440093994
534,0.0016863186836242677,0.0031508021354675294
535,0.0019329777717590332,0.0031494832038879393
536,0.002041611957550049,0.0032498993873596193
537,0.002224034023284912,0.0032176804542541505
538,0.001766044807434082,0.003060187816619873
539,0.001856468105316162,0.004512336254119873
540,0.0020106794357299803,0.0031219797134399412
541,0.0025871968269348144,0.049573941707611084
542,0.003249989128112793,0.003070992946624756
543,0.0015996111869812013,0.0031943650245666506
544,0.00197040433883667,0.0040619406700134275
545,0.0017094747543334962,0.003032313823699951
546,0.003599260234832764,0.003143527030944824
547,0.0015899771690368652,0.004685344219207764
548,0.0029566186904907226,0.003932425975799561
549,0.001931760025024414,0.002985187530517578
550,0.001574518871307373,0.003018850326538086
551,0.0016596378326416015,0.003884073257446289
552,0.002707884979248047,0.006750814914703369
553,0.001864421272277832,0.0030978050231933595
554,0.0018646448135375977,0.003567781448364258
555,0.0015917855262756347,0.004300455570220948
556,0.0020703858375549318,0.0029065303802490233
557,0.0017350214004516601,0.003594209671020508
558,0.0023903444290161134,0.003528707981109619
559,0.0015860569953918457,0.0028907451629638673
560,0.002450545597076416,0.009404609680175782
561,0.0021341032981872557,0.003144463062286377
562,0.0018612714767456055,0.0028392562866210937
563,0.0029030613899230957,0.002857089996337891
564,0.0014336132049560548,0.0030578279495239256
565,0.002198163318634033,0.002789088726043701
566,0.0019209437370300293,0.0033501486778259276
567,0.0016052159309387208,0.0034059000015258787
568,0.0013707326889038085,0.0027447328567504884
569,0.0017876429557800292,0.0028680849075317385
570,0.0025794143676757812,0.002851809024810791
571,0.001391184425354004,0.002755737781524658
572,0.001400702667236328,0.0031118364334106444
573,0.0029727058410644533,0.0029672083854675292
574,0.0014269660949707032,0.0027556028366088866
575,0.0014072693824768066,0.002930920124053955
576,0.0024230497360229492,0.002933480739593506
577,0.0012968692779541015,0.0027799434661865234
578,0.0013756546020507812,0.002752913475036621
579,0.001296138095855713,0.0027678451538085936
580,0.0018788517951965331,0.0028598623275756835
581,0.001758604621887207,0.002779397487640381
582,0.0012642782211303711,0.0027301740646362305
583,0.002833703899383545,0.0028010621070861815
584,0.002612973403930664,0.002839613914489746
585,0.0016251569747924805,0.0026858577728271485
586,0.0013756208419799805,0.003220953941345215
587,0.0017664341926574708,0.022339587688446044
588,0.0021491865158081054,0.002783522605895996
589,0.001243931198120117,0.00266132116317749
590,0.002020698642730713,0.0032289133071899414
591,0.0024241312980651858,0.0027575340270996093
592,0.001579790496826172,0.0028542780876159666
593,0.0013484962463378907,0.0028320341110229493
594,0.0032378768920898436,0.0026327571868896486
595,0.0012602386474609374,0.0026047186851501465
596,0.0011923636436462401,0.002549933910369873
597,0.0018166510581970215,0.00514920711517334
598,0.002343519973754883,0.003103950023651123
599,0.0013056330680847167,0.0036014232635498047
600,0.0027920910835266114,0.0027889037132263184
601,0.001185055637359619,0.002780317783355713
602,0.0022409104347229005,0.0036251869201660157
603,0.0019427004814147949,0.002744080066680908
604,0.0012701171875,0.0025704379081726075
605,0.0012111111640930176,0.0026239552497863768
606,0.002154751205444336,0.002652033805847168
607,0.0012023829460144043,0.0031993961334228515
608,0.0012942633628845214,0.0025177521705627443
609,0.0011175647735595703,0.0025002975463867187
610,0.002238939380645752,0.002547671794891357
611,0.001238848876953125,0.0025719051361083986
612,0.001538219451904297,0.002549530029296875
613,0.0014803462028503418,0.0026215214729309083
614,0.001704369831085205,0.002480369567871094
615,0.0011903554916381837,0.002524995803833008
616,0.0016675808906555175,0.003977711200714111
617,0.0021908294677734376,0.0024991822242736816
618,0.0011852463722229003,0.003044945240020752
619,0.0037358607292175294,0.002485262393951416
620,0.0011186246871948242,0.002882795810699463
621,0.0011040115356445313,0.0027038755416870118
622,0.0015691069602966309,0.006143601894378662
623,0.0026601941108703613,0.004049138069152832
624,0.0012494522094726563,0.002646242141723633
625,0.0012807865142822265,0.002415283679962158
626,0.0012492878913879396,0.0023991336822509765
627,0.0012795734405517578,0.004058773994445801
628,0.0035915974617004394,0.00239926815032959
629,0.001139604663848877,0.0027079553604125975
630,0.0020388674736022947,0.0028659815788269045
631,0.0011647320747375488,0.0030223617553710937
632,0.0012738202095031739,0.0025343213081359863
633,0.0012881138801574708,0.0025066475868225097
634,0.0026884054183959963,0.0038810319900512693
635,0.0016802695274353028,0.0026033687591552734
636,0.001200776767730713,0.002762766361236572
637,0.0016539295196533203,0.002491602897644043
638,0.0023976646423339845,0.0032647604942321776
639,0.0011707218170166015,0.004770766735076904
640,0.0028758596420288087,0.0024596552848815917
641,0.0014957930564880372,0.0029215712547302247
642,0.001235883903503418,0.003009116172790527
643,0.0016664179801940918,0.005803225517272949
644,0.0014969976425170898,0.0026948113441467286
645,0.0016672924995422363,0.002341953754425049
646,0.0018619157791137696,0.0034976930618286135
647,0.0012715313911437988,0.002955866813659668
648,0.00100195255279541,0.00232261323928833
649,0.0019628931045532227,0.002516134738922119
650,0.0011003555297851562,0.003937597751617432
651,0.0010663939476013183,0.002446742534637451
652,0.0015126611709594727,0.0023672418594360353
653,0.0019885501861572267,0.0026321067810058593
654,0.0009824033737182618,0.0023414764404296874
655,0.0010699069023132324,0.003199397087097168
656,0.0012234777450561523,0.0024455409049987794
657,0.0010233774185180664,0.0027651314735412597
658,0.0011846373558044433,0.004163841724395752
659,0.0013083377838134765,0.0027772321701049806
660,0.0013087450981140137,0.0024969840049743654
661,0.0013579903602600099,0.006097336769104004
662,0.0025016847610473633,0.0035922322273254396
663,0.0009758613586425782,0.002608910083770752
664,0.0014997459411621094,0.007513054847717285
665,0.0020436344146728515,0.0022667489051818846
666,0.0010305915832519532,0.002504798412322998
667,0.0014578743934631347,0.0023140010833740234
668,0.0009415054321289063,0.0024290204048156737
669,0.0009753735542297363,0.002484340190887451
670,0.0025577096939086914,0.0026357955932617186
671,0.0010455623626708984,0.005285987377166748
672,0.0012418718338012694,0.0044429473876953125
673,0.0011061182975769042,0.0023053278923034666
674,0.0011821803092956543,0.024661052703857423
675,0.0017617403984069825,0.002352904796600342
676,0.0021117030143737794,0.002288123607635498
677,0.0009737773895263672,0.002451408863067627
678,0.0018046841621398926,0.0022523064613342286
679,0.000991998767852783,0.004098438739776612
680,0.0012262641906738282,0.002248944282531738
681,0.0010280333518981933,0.0022687292098999023
682,0.000893497371673584,0.0022702245712280275
683,0.0017099786758422851,0.0027850451469421385
684,0.00137455415725708,0.0022142338752746582
685,0.0009468409538269043,0.002296224594116211
686,0.001219119930267334,0.0032718448638916014
687,0.0009627330780029296,0.0022825651168823244
688,0.0011624887466430663,0.0030705323219299314
689,0.0018660581588745117,0.0024057202339172364
690,0.0008972142219543457,0.002322331428527832
691,0.0008786084175109863,0.0021798648834228515
692,0.0012218941688537598,0.004820004940032959
693,0.0020638452529907225,0.0029734740257263185
694,0.0014665572166442872,0.002248753547668457
695,0.0009375066757202149,0.005830596923828125
696,0.0016935091972351075,0.0024558029174804688
697,0.0008942600250244141,0.0021796908378601074
698,0.001392757511138916,0.002139320373535156
699,0.0009317156791687012,0.0021578912734985353
700,0.0014267123222351074,0.010295141220092773
701,0.0016230901718139647,0.002623499393463135
702,0.0012337471008300781,0.009315126895904541
703,0.002732071399688721,0.0021397457122802736
704,0.0008692616462707519,0.002258492946624756
705,0.0008674102783203125,0.0023631367683410644
706,0.0013258009910583496,0.00344177770614624
707,0.0021297021865844725,0.002858788967132568
708,0.0009530011177062988,0.0028058552742004396
709,0.0009079625129699707,0.002304155349731445
710,0.0013393094062805176,0.00213826322555542
711,0.0008783875465393067,0.0022412452697753906
712,0.0009733444213867187,0.002156994342803955
713,0.0009129137039184571,0.0028148679733276368
714,0.0018241707801818848,0.002195958137512207
715,0.0011258359909057617,0.0023750810623168945
716,0.0010557933807373047,0.0023553385734558104
717,0.0009083251953125,0.002391736030578613
718,0.0014226970672607422,0.005230815887451172
719,0.0025068160057067873,0.0021456913948059084
720,0.0008144586563110351,0.002174668788909912
721,0.0009142333030700684,0.0024506516456604004
722,0.0008628933906555176,0.00234935998916626
723,0.0019231709480285644,0.002247622489929199
724,0.000891009521484375,0.002104606628417969
725,0.000986014938354492,0.002308932304382324
726,0.0010186818122863768,0.0020698180198669433
727,0.0010019635200500488,0.002850989818572998
728,0.0013440069198608399,0.002192911624908447
729,0.0023333381652832033,0.0020967583656311033
730,0.0009166474342346191,0.002358499050140381
731,0.0011295204162597655,0.034126855850219726
732,0.0030101832389831545,0.0027941365242004396
733,0.0016260851860046388,0.006189834117889404
734,0.0011814029693603516,0.0021409711837768555
735,0.0008176608085632324,0.0023396177291870116
736,0.0009617691993713379,0.0020725817680358888
737,0.0008092830657958984,0.0023833680152893066
738,0.0009155067443847656,0.003721510410308838
739,0.0033155226707458495,0.00205216121673584
740,0.0007874999046325684,0.002123288154602051
741,0.001558900547027588,0.002075333595275879
742,0.0008270085334777832,0.002104058265686035
743,0.0013488669395446777,0.0021383299827575685
744,0.0017592828750610352,0.002168286323547363
745,0.0016725915908813477,0.002097583293914795
746,0.0007708056449890136,0.002139256000518799
747,0.0018026302337646484,0.002106273651123047
748,0.0007804206848144532,0.0022346663475036623
749,0.0008147345542907715,0.0020262446403503417
750,0.0007693342208862305,0.0024700489044189454
751,0.0010063878059387208,0.0021163840293884277
752,0.0009596088409423828,0.0020251145362854004
753,0.0008424812316894532,0.002060502529144287
754,0.0007934341430664062,0.0020032429695129392
755,0.0009923110008239746,0.0020241050720214843
756,0.0008739625930786133,0.002701320171356201
757,0.0025928058624267577,0.0020942859649658203
758,0.0008108724594116211,0.002022937297821045
759,0.0009042877197265625,0.002895246982574463
760,0.0010536857604980469,0.0037482571601867676
761,0.0012714985847473144,0.0041216411590576174
762,0.0013607912063598633,0.00428346586227417
763,0.001067492961883545,0.0021106033325195314
764,0.0008801034927368164,0.002042518615722656
765,0.000730496883392334,0.00204761266708374
766,0.0009529905319213867,0.002109107494354248
767,0.0014366450309753417,0.0019904518127441405
768,0.001593936538696289,0.0023308219909667968
769,0.0008020161628723145,0.003281008243560791
770,0.0015112642288208009,0.09449335432052612
771,0.004053661823272705,0.0021252288818359374
772,0.001963277816772461,0.002127964496612549
773,0.0008616695404052734,0.0027390737533569335
774,0.0009248564720153808,0.0020357518196105957
775,0.0009307282447814941,0.002098104953765869
776,0.0008418395042419434,0.0019745144844055176
777,0.0009179040908813477,0.002578558921813965
778,0.0009505588531494141,0.0036543865203857422
779,0.0019283330917358398,0.002067729949951172
780,0.0007801931381225586,0.0028279829025268555
781,0.001044669246673584,0.002065253734588623
782,0.001610511302947998,0.02280050277709961
783,0.0026853593826293943,0.00202801513671875
784,0.0007547410964965821,0.0020844335556030272
785,0.0007231264114379883,0.002114365100860596
786,0.0012820254325866698,0.0022121033668518067
787,0.000883250904083252,0.05233750867843628
788,0.0030026462554931643,0.0019788575172424317
789,0.0007486936569213867,0.0019870238304138185
790,0.0008756207466125488,0.002295043468475342
791,0.0011100871086120606,0.001948699951171875
792,0.0008122364044189453,0.0020682692527770998
793,0.001033462905883789,0.0020203418731689453
794,0.0007572797775268554,0.0019690561294555663
795,0.0011723834991455078,0.002538506031036377
796,0.0009916929244995116,0.001948941707611084
797,0.0007009612083435059,0.0020309491157531737
798,0.0011672507286071777,0.0019399027824401856
799,0.0008943155288696289,0.002045032501220703
800,0.0007903958320617676,0.0019821457862854003
801,0.0008090182304382324,0.002058344841003418
802,0.0007344156265258789,0.0020828924179077148
803,0.0007618201255798339,0.0020126881599426267
804,0.0016924812316894532,0.0019840917587280273
805,0.0007456592559814453,0.0019499363899230958
806,0.000777994441986084,0.0033005099296569826
807,0.0015195433616638184,0.0019784655570983887
808,0.0007590895652770997,0.0020713577270507814
809,0.0008994244575500489,0.0019894404411315916
810,0.0007664652824401855,0.0020170798301696775
811,0.0007016294479370118,0.0020758252143859863
812,0.001067840003967285,0.002707447052001953
813,0.002126506519317627,0.0019496569633483886
814,0.0008526533126831055,0.0019659972190856933
815,0.0007182424545288086,0.0021478757858276365
816,0.0011141314506530762,0.0029545598030090332
817,0.0010842166900634765,0.0019095797538757325
818,0.000985944652557373,0.0022519245147705077
819,0.0008248141288757325,0.002047696590423584
820,0.0008089424133300782,0.002067737102508545
821,0.0010188817977905273,0.00196730899810791
822,0.0006617486000061035,0.002028908729553223
823,0.0007198733329772949,0.002018537521362305
824,0.0006653807640075684,0.0020708131790161135
825,0.0008594314575195313,0.0020303416252136232
826,0.0010206583976745606,0.0029518961906433105
827,0.0015995785713195801,0.0026841182708740234
828,0.0017041232109069825,0.0018939552307128905
829,0.0007644162178039551,0.0019934072494506836
830,0.0008887689590454101,0.0019138059616088867
831,0.0007174235343933105,0.0019906172752380373
832,0.0009218130111694336,0.002123563289642334
833,0.0007582897186279297,0.0019019427299499512
834,0.000707347583770752,0.0018544769287109374
835,0.0009208354949951172,0.0018957161903381348
836,0.000640045166015625,0.0019029855728149414
837,0.0007959228515625,0.0023832473754882813
838,0.0034988600730896,0.0029500064849853516
839,0.0008367129325866699,0.002777638912200928
840,0.0009461278915405273,0.0019603705406188963
841,0.0012962824821472168,0.0018950185775756835
842,0.0009716379165649414,0.001876713752746582
843,0.0008408549308776855,0.0019044933319091798
844,0.0006527647972106933,0.0018759183883666991
845,0.000721705436706543,0.010557217121124268
846,0.00259166898727417,0.0022100749015808107
847,0.0009815727233886719,0.0020815820693969728
848,0.0007148767471313477,0.002285557746887207
849,0.0006827667236328125,0.0019028244018554688
850,0.0006346147537231445,0.0019252285957336425
851,0.0017014114379882812,0.03222716665267945
852,0.0027339194297790526,0.0022965574264526365
853,0.002027981948852539,0.002111866474151611
854,0.0010111752510070801,0.0018865299224853516
