epoch,loss,val_loss
0,0.6430298639297485,0.5925364737510681
1,0.3380382797241211,0.3802595796585083
2,0.2003660367012024,0.13066792917251588
3,0.16422694749832153,0.2331927285194397
4,0.13845932703018188,0.1993793730735779
5,0.13015658950805664,0.09732237100601196
6,0.11968054542541504,0.08490879535675049
7,0.10974788179397583,0.08705838012695312
8,0.10392090129852295,0.10180855226516723
9,0.10208987760543824,0.1340827202796936
10,0.09507084054946899,0.08176688003540039
11,0.09039245414733886,0.13613061094284057
12,0.08832960786819458,0.11584619188308716
13,0.08653308458328247,0.12046011400222778
14,0.08124262008666992,0.07072296142578124
15,0.08059151639938354,0.07232173967361451
16,0.08013404865264892,0.06347938632965087
17,0.0779734504699707,0.06662023973464966
18,0.07743765335083008,0.07427226781845092
19,0.07451725978851319,0.19663345241546631
20,0.075261314868927,0.06706859827041627
21,0.0710333722114563,0.05625754880905151
22,0.06855217866897582,0.06039837408065796
23,0.06739145755767822,0.14032203626632692
24,0.07129840230941772,0.054157222270965574
25,0.06669917345046997,0.062041141033172605
26,0.06586003694534302,0.06017113828659058
27,0.0645685224533081,0.1437428607940674
28,0.06667577171325684,0.05877528190612793
29,0.06367401380538941,0.08048146533966065
30,0.06208022975921631,0.07425449991226196
31,0.06297296047210693,0.055193700790405274
32,0.060807734775543215,0.055610381603240965
33,0.060603080081939695,0.06372607564926147
34,0.06194914264678955,0.054138032913208005
35,0.05978442039489746,0.0517255129814148
36,0.05845066471099854,0.052465625762939457
37,0.06096118698120117,0.07646479892730713
38,0.05926964893341064,0.055866433620452884
39,0.056413712215423586,0.05975914764404297
40,0.05841723117828369,0.059587875843048095
41,0.05688395004272461,0.05582946681976318
42,0.05651653366088867,0.05166890096664429
43,0.05565137510299683,0.0855216121673584
44,0.0558928521156311,0.06304723167419433
45,0.05619715585708618,0.06025838899612427
46,0.055463298511505124,0.05746233749389648
47,0.055391747856140136,0.06189745426177978
48,0.05473866672515869,0.04739122104644775
49,0.05253825426101685,0.05033671474456787
50,0.053934598064422606,0.04767380809783935
51,0.05198045768737793,0.04871221780776978
52,0.053828973484039304,0.052306074619293215
53,0.05161405172348022,0.05914065408706665
54,0.052673349571228024,0.060572538375854496
55,0.05310493621826172,0.05027757453918457
56,0.05150129327774048,0.0674950294494629
57,0.05089189147949219,0.05913667583465576
58,0.051569897747039795,0.047427571296691895
59,0.05131264009475708,0.061755879878997805
60,0.05098387117385864,0.05394146537780762
61,0.051662214946746825,0.0927151551246643
62,0.05100491027832031,0.05008393955230713
63,0.0499951756477356,0.0434513087272644
64,0.050416279220581055,0.04762270784378052
65,0.05002209014892578,0.051235023021697995
66,0.050450735187530515,0.07735181045532226
67,0.05021478815078735,0.052735910892486575
68,0.049332066822052004,0.04805690383911133
69,0.048942040157318116,0.06150250005722046
70,0.04797283239364624,0.050928834915161134
71,0.050325656986236575,0.0664805932044983
72,0.04693187494277954,0.04987520456314087
73,0.048045863628387454,0.0467777681350708
74,0.049077055263519284,0.05554948949813843
75,0.048078308010101316,0.049894852161407474
76,0.049527829456329345,0.04571540880203247
77,0.047482593441009524,0.048506624221801756
78,0.04792819929122925,0.05299998664855957
79,0.04676775016784668,0.04458074760437012
80,0.04769771585464477,0.04936714792251587
81,0.0479484601020813,0.04386396837234497
82,0.04647565641403198,0.04446872329711914
83,0.04730172414779663,0.058604163646698
