epoch,loss,val_loss
0,0.9498466670036316,0.9998476805686951
1,0.9998416683197021,0.9998464226722718
2,0.9998400784492493,0.9998448805809022
3,0.9998383214950561,0.999843017578125
4,0.9998369713783264,0.9998407158851623
5,0.9998340213775635,0.9998377494812012
6,0.9998307641983032,0.9998338522911072
7,0.999826278591156,0.9998284606933594
8,0.9998196338653564,0.9998205094337463
9,0.9998096187591553,0.9998076119422913
10,0.9997918732643127,0.9997821559906006
11,0.9997490656852722,0.9996973986625671
12,0.9995439907073974,0.9992286796569825
13,0.877868797492981,0.5963201560974121
14,0.34404057245254516,0.19493777799606324
15,0.14242367477416992,0.07878671836853027
16,0.10849149770736695,0.07422095537185669
17,0.09371785163879394,0.06568566989898682
18,0.07669155082702636,0.05740694713592529
19,0.06763952598571778,0.0628386869430542
20,0.06198126621246338,0.051187438488006595
21,0.055470646572113036,0.04713439798355103
22,0.049245162105560306,0.03440980243682861
23,0.0480103196144104,0.02626109981536865
24,0.0436440673828125,0.03657141923904419
25,0.040338150024414064,0.03159385347366333
26,0.03667987241744995,0.21106857967376708
27,0.03942137727737427,0.028793101787567138
28,0.03404055089950562,0.020859574317932127
29,0.03487666254043579,0.09947000646591186
30,0.03377469758987427,0.0196534218788147
31,0.03030905361175537,0.0805984411239624
32,0.028797379302978515,0.023263561248779298
33,0.028044912815093994,0.022681933879852297
34,0.028306093406677245,0.01802860164642334
35,0.026476829147338867,0.08449874353408814
36,0.025058971977233887,0.016422924995422365
37,0.025972393798828125,0.016324251651763915
38,0.023760704326629637,0.01506904649734497
39,0.02354460678100586,0.02000596570968628
40,0.023910707664489748,0.08724432277679443
41,0.023549793529510497,0.01699430751800537
42,0.021643814849853515,0.0898061671257019
43,0.023345872688293457,0.019373498916625976
44,0.019297408866882325,0.013439669132232665
45,0.019785720539093016,0.020249520778656004
46,0.0203495512008667,0.023351383209228516
47,0.019950876331329345,0.012685328006744385
48,0.018796471309661864,0.01259062433242798
49,0.01880385437011719,0.017059497356414793
50,0.018031144332885742,0.012205152988433839
51,0.017122350406646728,0.012144393444061279
52,0.01734207515716553,0.023766621589660645
53,0.018444087696075438,0.016089096546173097
54,0.016351803207397462,0.012689235210418702
55,0.017549850463867187,0.020552844047546388
56,0.015474923419952392,0.014741559028625489
57,0.016315014457702635,0.041165031433105466
58,0.015259377384185792,0.011553441047668457
59,0.01495591630935669,0.025039846420288087
60,0.016391575908660888,0.02005979061126709
61,0.015851887130737305,0.012749090671539306
62,0.014240518474578858,0.011586029052734375
63,0.015466161251068115,0.011900425434112549
64,0.013053815364837646,0.011851251602172852
65,0.014222392559051514,0.012252692222595216
66,0.014449709224700928,0.02288005542755127
67,0.011780366802215576,0.010630247592926025
68,0.014323530006408692,0.01083510160446167
69,0.015847128105163574,0.013426910400390625
70,0.014889486026763916,0.013484915733337403
71,0.013627773666381836,0.011215630054473878
72,0.014209319019317627,0.016712600708007813
73,0.013881785678863525,0.019224796295166015
74,0.0135990478515625,0.010690165042877198
75,0.014089587116241455,0.01249051332473755
76,0.012670508956909179,0.014440161228179932
77,0.012293494129180908,0.00992332124710083
78,0.012283718395233154,0.01059001111984253
79,0.013157273197174073,0.010487627029418946
80,0.013153449535369873,0.01101388931274414
81,0.013105753803253174,0.01166460084915161
82,0.012171349716186523,0.03356683492660523
83,0.012425878620147705,0.00979646921157837
84,0.010517570877075196,0.009686689376831054
85,0.012070958805084228,0.022954740524291993
86,0.012794897174835205,0.010247909069061279
87,0.014156342411041259,0.010981523990631103
88,0.01186816987991333,0.009863733768463135
89,0.012247093486785888,0.01167747163772583
90,0.012028109645843506,0.01029329013824463
91,0.012940266227722168,0.017214943408966066
92,0.012027619171142577,0.009669858932495118
93,0.012734912490844727,0.01912725591659546
94,0.01211423683166504,0.012052127838134766
95,0.0113325758934021,0.009320068836212158
96,0.010695564842224121,0.009663790702819823
97,0.011022097396850585,0.011332784652709961
98,0.0110830060005188,0.01626262855529785
99,0.013244503593444824,0.010586717128753663
100,0.010147762203216552,0.014576148509979249
101,0.012351147270202636,0.013335343360900878
102,0.010876914596557617,0.010426014423370362
103,0.01159972448348999,0.013217667579650878
104,0.010800357723236084,0.011064327239990235
105,0.010502116107940674,0.00955140781402588
106,0.011254205989837646,0.012615017414093018
