epoch,loss,val_loss
0,0.6184464588165283,0.3127451467514038
1,0.33032519063949584,0.20231520891189575
2,0.20574029598236085,0.13820881605148316
3,0.1725652144432068,0.12058384037017822
4,0.1512666533470154,0.10956470823287964
5,0.14109806003570557,0.17087936401367188
6,0.13133842296600343,0.18478398180007935
7,0.12377668046951294,0.17160078430175782
8,0.11519572973251342,0.09448970174789428
9,0.11174505271911621,0.08874124336242675
10,0.1052871356010437,0.08236419010162353
11,0.10460975894927979,0.14358074378967284
12,0.10329729022979736,0.08512751913070679
13,0.09990122385025024,0.174497905254364
14,0.0965589241027832,0.20811660528182985
15,0.09492872142791749,0.10243096303939819
16,0.09143321046829224,0.07803355264663696
17,0.08982705354690551,0.0861965036392212
18,0.08884136409759522,0.09343808460235596
19,0.08663406009674073,0.07448900032043457
20,0.08567444067001342,0.09521789407730102
21,0.08205574264526368,0.10594639110565185
22,0.08284012565612793,0.08269716787338256
23,0.08297123022079468,0.18881291198730468
24,0.08059130344390869,0.0793869481086731
25,0.07992048606872558,0.11420416307449341
26,0.07746062679290772,0.08963749742507934
27,0.07808014783859253,0.10564636039733886
28,0.07498305826187134,0.08331388998031616
29,0.0765021635055542,0.08820671653747558
30,0.07459847650527954,0.07888145542144775
31,0.07493470182418824,0.06786613750457764
32,0.07213361759185791,0.06547656965255737
33,0.07255219211578369,0.06760560417175293
34,0.07265149717330932,0.1076706690788269
35,0.07237514419555664,0.0663962059020996
36,0.07018083391189575,0.08996422863006592
37,0.06818117961883545,0.06604321098327637
38,0.07181727333068848,0.06892786264419555
39,0.06851526298522949,0.06639478397369385
40,0.06870636796951293,0.0764916386604309
41,0.06937988080978394,0.07609355163574219
42,0.06899809465408326,0.0662851095199585
43,0.0682660195350647,0.06754232454299927
44,0.06813139343261719,0.06628271961212158
45,0.06726422986984253,0.10026601123809814
46,0.06672146863937378,0.0753419804573059
47,0.06629587278366089,0.0669314079284668
48,0.06514875040054321,0.07050648975372314
