epoch,loss,val_loss
0,0.5565910754203797,0.31210405826568605
1,0.3433875750541687,0.2803281526565552
2,0.2697623797416687,0.3288987226486206
3,0.24314223737716675,0.22769119453430176
4,0.22184519166946412,0.3079787712097168
5,0.21125701904296876,0.17186457586288453
6,0.20326833143234252,0.23755475902557374
7,0.18666433544158936,0.1664074034690857
8,0.18511456871032714,0.15768641948699952
9,0.17311137552261352,0.15294120168685912
10,0.17061153678894042,0.3009761209487915
11,0.1712365161895752,0.18809457302093505
12,0.16213415937423706,0.26306273555755616
13,0.1608907021522522,0.13208488273620606
14,0.1504533197402954,0.2598077268600464
15,0.1547910117149353,0.14273820686340333
16,0.147982231426239,0.1232109751701355
17,0.14376551551818847,0.14149860620498658
18,0.14315889654159547,0.13364121866226197
19,0.13737535762786865,0.1332348175048828
20,0.13896693439483643,0.11829234075546265
21,0.13491843967437744,0.11676580333709717
22,0.13516152687072755,0.12143643283843994
23,0.13047818670272826,0.11649292087554931
24,0.1263658416748047,0.16791414499282836
25,0.1285098518371582,0.13701865434646607
26,0.12689128322601317,0.2715995011329651
27,0.12836548004150392,0.14653365612030028
28,0.12785708074569702,0.1375298867225647
29,0.12058275213241577,0.1089907774925232
30,0.12131033945083618,0.1394486355781555
31,0.1148279130935669,0.09992655897140502
32,0.11385673274993896,0.09711776733398438
33,0.1153600830078125,0.10057933855056762
34,0.11253568267822266,0.10039703512191772
35,0.11308627996444702,0.14095676803588866
36,0.11440335025787353,0.17864383697509767
37,0.10867156238555908,0.10892273378372193
38,0.11081174278259277,0.1274148507118225
39,0.10811985111236572,0.09706358766555787
40,0.10918850450515748,0.09413870096206665
41,0.10721518907546997,0.12819361352920533
42,0.10609287919998169,0.1625276756286621
43,0.10497288484573364,0.12311511850357056
44,0.10697451915740967,0.11770003890991211
45,0.10309035158157348,0.12199591445922851
46,0.10503344058990478,0.09676484489440917
47,0.10159782629013062,0.11619298028945922
48,0.10421392059326172,0.09974009847640991
49,0.10162115936279296,0.11312539386749268
50,0.0980416452407837,0.09973315143585205
51,0.10182869510650634,0.12371107149124146
52,0.09931087169647217,0.08962508678436279
53,0.09527816667556763,0.1311407117843628
54,0.09640394315719604,0.22654855918884279
55,0.10197553558349609,0.08608722639083863
56,0.09278512716293336,0.08967069864273071
57,0.09713450479507446,0.09013302946090698
58,0.09384342279434205,0.09563058853149414
59,0.09401902904510498,0.15288984775543213
60,0.09299545602798462,0.09485296058654785
61,0.08867428379058838,0.08791937828063964
62,0.08933739786148072,0.08962439966201782
63,0.08950686693191529,0.13636311912536622
64,0.08845165777206421,0.09056053304672242
65,0.09044107666015624,0.1359305992126465
66,0.08667484521865845,0.08058351516723633
67,0.08796581439971923,0.09655640697479248
68,0.08501418104171753,0.08459629535675049
69,0.08574622077941894,0.10993581533432006
70,0.0834464129447937,0.08333788633346557
71,0.08450418395996094,0.11636499643325805
72,0.08497212982177735,0.11758009815216064
73,0.08516620311737061,0.19956781005859375
74,0.08350555267333984,0.21195349836349486
75,0.08655992498397827,0.11460127210617066
76,0.08529180412292481,0.09390822267532349
77,0.08391116895675658,0.0823029522895813
78,0.07980649738311768,0.07886945056915283
79,0.07900799140930176,0.07536254644393921
80,0.07888567428588868,0.07742550611495971
81,0.07717802743911743,0.12203821277618408
82,0.07869487237930298,0.11162470674514771
83,0.07749549140930176,0.07476685619354248
84,0.07591592693328858,0.07519744348526002
85,0.07795689496994018,0.08906628799438476
86,0.07311268110275268,0.09111760997772217
87,0.07849961137771606,0.09069362592697143
88,0.07799136686325073,0.10053474807739257
89,0.07375044603347779,0.10308615589141845
90,0.07232597379684448,0.0752225079536438
91,0.07301856174468994,0.07671734189987182
92,0.074504541015625,0.07697372341156006
93,0.07620906486511231,0.07410875368118286
94,0.0719642596244812,0.07753759288787841
95,0.07258111267089844,0.0788391489982605
96,0.07100960521697998,0.15461887741088867
97,0.07306383819580078,0.1101614007949829
98,0.07075051212310791,0.07169192695617675
99,0.06811397981643677,0.12857800197601318
100,0.07474839372634888,0.1243219861984253
101,0.07190577478408813,0.07525119304656983
102,0.07078689231872559,0.10767089986801147
103,0.07042397623062134,0.07096899127960205
104,0.0671463870048523,0.0761024956703186
105,0.06919988117218018,0.09864011430740356
106,0.07026193351745605,0.1839035668373108
107,0.07126401796340942,0.11435951089859009
108,0.06956904315948487,0.07414647245407105
109,0.06573224515914917,0.17492744255065917
110,0.07100313997268677,0.21257619953155518
111,0.07022628879547119,0.0847490849494934
112,0.06589751605987548,0.20284327363967897
113,0.07113612766265869,0.09451039361953735
114,0.06416793155670165,0.0732449860572815
115,0.06299461307525635,0.08303346872329712
116,0.0643391565322876,0.0908483419418335
117,0.06352160835266113,0.09026442098617554
118,0.06532446241378784,0.08022444295883178
119,0.062450769233703615,0.08540866947174072
120,0.06486455984115601,0.09512811470031739
121,0.061816061019897464,0.07828635740280152
122,0.06313296041488647,0.0812292103767395
123,0.0578063853263855,0.10921213150024414
