epoch,loss,val_loss
0,0.5460876647949219,0.4902411961555481
1,0.38183134393692014,0.37701551055908206
2,0.31545578956604003,0.4380559267997742
3,0.2823575122833252,0.22259725904464722
4,0.25992830839157105,0.2089142541885376
5,0.24913820304870604,0.26321325969696047
6,0.24197687911987303,0.23386763954162598
7,0.23082218208312988,0.17798955583572387
8,0.22656900691986084,0.3073466897010803
9,0.2156003249168396,0.2186080150604248
10,0.2109337163925171,0.1758114309310913
11,0.197585382270813,0.19944914960861207
12,0.19747303819656373,0.24340917444229127
13,0.1878064908981323,0.1425626711845398
14,0.17424071617126466,0.23491961288452148
15,0.17525331745147704,0.2192866816520691
16,0.17526986675262451,0.14419386291503905
17,0.1606370020866394,0.13325323057174682
18,0.16699989404678345,0.14504339170455932
19,0.1530558943748474,0.20346735382080078
20,0.1499998372077942,0.3265282759666443
21,0.15401491203308104,0.3217980623245239
22,0.1436959436416626,0.1336324076652527
23,0.13879302139282226,0.1286579694747925
24,0.13867103366851807,0.20750357818603515
25,0.13710619487762452,0.1105059552192688
26,0.13094276990890502,0.12038274383544922
27,0.12862794923782347,0.15102067422866822
28,0.13446483039855958,0.1095576171875
29,0.12758838710784912,0.10924528408050536
30,0.1243680305480957,0.10048450136184692
31,0.11806567687988281,0.11068534517288207
32,0.11508296957015991,0.1477582950592041
33,0.11705587768554687,0.09820043849945069
34,0.11137514610290528,0.10362345886230469
35,0.10818524675369262,0.14300785493850707
36,0.11081580896377563,0.1668687038421631
37,0.11144510459899902,0.11643519878387451
38,0.10726430215835571,0.13234156227111815
39,0.10172236242294312,0.10607164621353149
40,0.10418186349868774,0.1102257752418518
41,0.10330129613876343,0.09338601303100585
42,0.10013872480392456,0.075674560546875
43,0.09998199586868287,0.11514946317672729
44,0.09793397979736328,0.11669891357421874
45,0.10055866508483886,0.07388502788543701
46,0.09343226470947266,0.07785548734664917
47,0.09889125814437866,0.16617509317398071
48,0.09652743129730225,0.0882244200706482
49,0.0893750150680542,0.13971779441833496
50,0.09093028144836426,0.11654644298553467
51,0.09259608459472657,0.08177494382858276
52,0.08846747512817382,0.08024182844161987
53,0.09055020847320557,0.08688460540771484
54,0.08577948846817017,0.0667198576927185
55,0.08577772607803345,0.10781187343597412
56,0.08717985858917236,0.0840912470817566
57,0.08313400659561157,0.06991063785552978
58,0.0843749195098877,0.0814857120513916
59,0.08322956457138062,0.12529314756393434
60,0.0809166187286377,0.14464051246643067
61,0.08304981098175049,0.10674885749816894
62,0.07974595975875855,0.07590345478057861
63,0.08165780582427978,0.09184169101715088
64,0.07972117853164673,0.14503665351867676
65,0.07837669734954834,0.08775151348114013
66,0.07954706535339355,0.07763985109329223
67,0.07661110801696777,0.11336679410934448
68,0.07899675703048706,0.10369360971450806
69,0.07662610034942627,0.08070107460021973
70,0.07581653251647949,0.0732567253112793
71,0.07331522903442383,0.057975788116455075
72,0.07202302865982056,0.13088573455810548
73,0.07610963649749757,0.07317391014099121
74,0.07373669033050537,0.1319824285507202
75,0.07343330917358398,0.053433085918426514
76,0.07407185192108154,0.10784906339645385
77,0.07298904094696045,0.11941706800460815
78,0.07199794549942017,0.06833339309692382
79,0.07098198747634887,0.08653809785842896
80,0.06981426315307618,0.061623097419738766
81,0.0690070713043213,0.07485270357131958
82,0.06927973003387451,0.09645135259628296
83,0.06807475624084473,0.14834796237945558
84,0.07007611646652222,0.09553046083450317
85,0.06949502992630005,0.09858441638946533
86,0.068907639503479,0.1281840395927429
87,0.06814382972717285,0.07144386386871338
88,0.06756335639953613,0.12790888357162475
89,0.06760684909820557,0.0664239730834961
90,0.06731130380630493,0.07536319971084594
91,0.06686522369384766,0.07527129983901977
92,0.06619927377700806,0.061001424312591555
93,0.06595378952026368,0.08422654771804809
94,0.06503198165893555,0.057750792980194095
95,0.06316101293563843,0.058381916999816895
