epoch,loss,val_loss
0,0.855698819732666,0.7425112285614014
1,0.7366871482849121,0.7130118608474731
2,0.6865740728378296,0.7051155982017517
3,0.6694353713989257,0.6844212441444397
4,0.6496889459609986,0.6502799015045166
5,0.6434421284675598,0.645253999710083
6,0.6311753372192382,0.6640573902130127
7,0.6279052474975586,0.6799557247161865
8,0.6222809947967529,0.7287821440696717
9,0.6164887921333313,0.7190982475280762
10,0.6145125019073486,0.6296898221969605
11,0.6078564138412476,0.6260410933494568
12,0.6047929085731506,0.6551659097671508
13,0.6004415850639343,0.6131207513809204
14,0.6005173009872437,0.617117995262146
15,0.5990380722045898,0.6622579574584961
16,0.5974439206123352,0.6175543389320374
17,0.5956412826538086,0.6095256390571594
18,0.5898661613464355,0.6260410070419311
19,0.5917853116035462,0.5956405911445618
20,0.5908961811065674,0.643679253578186
21,0.5896158718109131,0.6294276523590088
22,0.5880366357803345,0.5968347568511962
23,0.5889522751808166,0.6127323646545411
24,0.5865892739295959,0.6157227735519409
25,0.5861664161682129,0.6018390150070191
26,0.5874001532554627,0.5932804403305054
27,0.5863261688232422,0.6024480514526367
28,0.5822653884887695,0.5955994682312011
29,0.5833886498451233,0.6058614373207092
30,0.5837757026672363,0.5880045204162597
31,0.5835686185836791,0.5998146662712097
32,0.5833066312789917,0.5877653069496155
33,0.581689133644104,0.6631758174896241
34,0.5825341611862183,0.5900050754547119
35,0.5813512079238892,0.5946265678405762
36,0.5789157751083374,0.6047680101394654
37,0.5787494902610779,0.5931668710708619
38,0.5792519827842713,0.5874277720451355
39,0.5792302795410156,0.6235262308120727
40,0.5787153230667115,0.6114996643066406
41,0.5775220985412598,0.6146255550384522
42,0.578681478214264,0.5835419898033142
43,0.5770885690689087,0.6332463464736938
44,0.5772476338386535,0.6193601188659668
45,0.5753382415771484,0.585918815612793
46,0.5782670680999756,0.5885779738426209
47,0.576991455078125,0.5915189409255981
48,0.5762448205947875,0.5965778851509094
49,0.5753909389495849,0.5861584300994873
50,0.5743645265579224,0.5844345026016236
51,0.5749167261123658,0.5856690912246704
52,0.5745780694961548,0.6014355163574219
53,0.5746129413604736,0.6012753090858459
54,0.5763231537818909,0.5966072773933411
55,0.5734431361198425,0.5850191597938538
56,0.573790786933899,0.6046513886451721
57,0.5733638334274292,0.5882231950759887
58,0.5755475175857544,0.5869392824172973
