epoch,loss,val_loss
0,0.7500899993896485,0.6129043574333191
1,0.413873791885376,0.21819718599319457
2,0.22128898792266846,0.2341955952644348
3,0.17627241182327272,0.12003967809677124
4,0.15974396333694457,0.13056272983551026
5,0.13806115474700928,0.1967757968902588
6,0.13451575355529785,0.16459577560424804
7,0.12695121507644652,0.09628099870681762
8,0.12464694976806641,0.1517392816543579
9,0.11814910850524903,0.12200714874267578
10,0.10997530641555786,0.10364689826965331
11,0.10584746646881103,0.1728272385597229
12,0.1069309648513794,0.1315916829109192
13,0.10484867916107178,0.10667104578018188
14,0.09902936229705811,0.08690780687332153
15,0.09645145177841187,0.09732284307479859
16,0.09443424558639527,0.0775732798576355
17,0.0915346815109253,0.09225748586654663
18,0.09488253107070922,0.10818004751205444
19,0.08833683319091797,0.08093417787551879
20,0.0854045160293579,0.0733503966331482
21,0.08539391326904297,0.08757549905776978
22,0.08400028114318847,0.12973054838180542
23,0.0847255012512207,0.07534595489501954
24,0.0837546483039856,0.13527520036697388
25,0.0812584623336792,0.1565426139831543
26,0.083525901222229,0.07214225053787232
27,0.08075544681549073,0.08572415828704834
28,0.07864034948349,0.07340861511230469
29,0.08409428977966309,0.0781548466682434
30,0.0765768063545227,0.0781030945777893
31,0.07687256107330322,0.06445927667617798
32,0.07464362001419067,0.06200196790695191
33,0.07621381950378418,0.07106703329086304
34,0.07466140899658204,0.07154185914993286
35,0.07425218048095703,0.07031078433990479
36,0.07519950857162476,0.0657404990196228
37,0.07324083366394044,0.06187484836578369
38,0.07490756301879883,0.06174047517776489
39,0.07053270540237427,0.06255629205703736
40,0.07152790966033935,0.21294736003875733
41,0.07291367664337159,0.07146123600006103
42,0.07144608469009399,0.077287513256073
43,0.07336966724395752,0.08171879291534424
44,0.07143614826202392,0.06441565036773682
45,0.07037161436080933,0.06129534292221069
46,0.0673119294166565,0.16207350778579713
47,0.07051005582809448,0.06054592037200928
48,0.06780053462982177,0.06829814100265504
49,0.06981121549606323,0.061181746482849124
50,0.06628909950256348,0.06386266946792603
51,0.06746498165130616,0.06638600397109985
52,0.06592838392257691,0.09026168584823609
53,0.0669407769203186,0.06765453767776489
54,0.06813730173110961,0.08478332328796387
55,0.06511640176773072,0.06655814933776856
56,0.06493882713317871,0.11137970352172852
57,0.0663391339302063,0.08122629404067994
58,0.06690133228302002,0.0578896632194519
59,0.0647841097831726,0.058326910972595215
60,0.06558220319747925,0.06324937105178834
61,0.06494987535476685,0.06685772132873535
62,0.0625748517036438,0.05845572996139527
63,0.06421998825073243,0.05931681060791016
64,0.06648002014160156,0.06822681188583374
65,0.06556254529953003,0.06019434499740601
66,0.06285894966125488,0.13462975931167603
67,0.06406735239028931,0.06107059049606323
68,0.060765292358398434,0.05667823505401611
69,0.06566795873641967,0.05717569541931152
70,0.06233715019226074,0.069176353931427
71,0.06371436576843262,0.05593499422073364
72,0.06149000587463379,0.06208854293823242
73,0.06345388612747192,0.05589788579940796
74,0.06252311477661132,0.06193227672576904
75,0.06342123184204101,0.07579542207717896
76,0.061236951351165775,0.06367453622817994
77,0.0639277850151062,0.06297991704940796
78,0.060957031536102296,0.058099833011627196
79,0.06265642852783203,0.08946080493927001
80,0.0615526517868042,0.05660515975952148
81,0.06309203138351441,0.0630102391242981
82,0.06002605314254761,0.05768934345245361
83,0.06285981702804565,0.06306175756454467
84,0.06027677230834961,0.06495618724822998
85,0.058909669017791745,0.05786196136474609
86,0.06091634769439697,0.06730255270004272
87,0.06113598604202271,0.056586984634399415
88,0.06027553663253784,0.06178952884674072
89,0.05774681882858276,0.06839922952651978
90,0.06182514562606811,0.056881419658660885
91,0.06110546817779541,0.05895704460144043
92,0.05971786804199219,0.05609893941879272
93,0.05800365161895752,0.05960898494720459
