epoch,loss,val_loss
0,0.535529733657837,0.7069728899002076
1,0.3873322877883911,0.3303355989456177
2,0.311604972076416,0.3791230387687683
3,0.2766333225250244,0.21811115837097167
4,0.25606288356781004,0.21303212785720826
5,0.2457013566970825,0.1938587293624878
6,0.23036876344680787,0.1973545961380005
7,0.2261424560546875,0.24838556861877442
8,0.21385933017730713,0.18820934629440308
9,0.21135457935333252,0.21244779777526857
10,0.20193271236419677,0.4697582902908325
11,0.19947407388687133,0.26285691213607787
12,0.1877454584121704,0.14470875453948975
13,0.1797522901535034,0.19357183837890626
14,0.17822205429077148,0.15991429233551024
15,0.17984505500793457,0.17888116550445557
16,0.16733453569412232,0.22521233558654785
17,0.16149984436035156,0.1371810941696167
18,0.15616015243530273,0.20256306695938112
19,0.15408126096725464,0.1234921760559082
20,0.1428241520881653,0.2270956220626831
21,0.14454066915512084,0.12428787422180176
22,0.14016964092254638,0.25581090688705443
23,0.14026262073516846,0.22023258304595947
24,0.13148615026474,0.12610933113098144
25,0.1336023187637329,0.1349613118171692
26,0.12426830024719238,0.13547768592834472
27,0.12595415897369386,0.14559338569641114
28,0.12242158689498901,0.10374384784698486
29,0.1191271918296814,0.09749610805511474
30,0.11727722835540771,0.10365886878967286
31,0.11503322324752807,0.11574467515945434
32,0.1150939684867859,0.0999119062423706
33,0.10854022397994995,0.10742207717895508
34,0.1076467776298523,0.09314528656005859
35,0.10675926179885864,0.10199417638778686
36,0.10630213146209717,0.19946026754379273
37,0.10360832328796386,0.12645844841003417
38,0.10094392127990723,0.09706996250152587
39,0.09675814046859742,0.18744667863845826
40,0.09979540119171143,0.10968096733093262
41,0.09539658889770508,0.08336570835113526
42,0.09296524724960327,0.10438360452651978
43,0.09300464677810669,0.10659816551208497
44,0.089861008644104,0.09147210836410523
45,0.09132089757919312,0.1819441180229187
46,0.08824678974151612,0.14733799362182617
47,0.08820896835327148,0.08613116359710693
48,0.08641272287368774,0.06965538787841796
49,0.08433405818939209,0.11457531595230103
50,0.08353362340927124,0.1147138066291809
51,0.08545506448745728,0.09262009716033935
52,0.0833818588256836,0.10674459743499756
53,0.08150280437469483,0.05963264894485474
54,0.07950945634841919,0.08021091890335083
55,0.07817508668899537,0.06108394241333008
56,0.07879212265014648,0.07592943382263184
57,0.07747981481552124,0.15027796602249147
58,0.07852522296905518,0.06467744064331055
59,0.07320763483047485,0.07327055644989014
60,0.07554018020629882,0.0741380410194397
61,0.07401157360076904,0.14519225788116455
62,0.07470323638916015,0.07679907941818237
63,0.07488764553070068,0.10762128543853759
64,0.07251749458312988,0.11372053289413452
65,0.07331628475189209,0.07710682106018066
66,0.06908881607055664,0.060687702655792236
67,0.07204943466186524,0.09511117267608643
68,0.07151922636032104,0.1323498797416687
69,0.0699188868522644,0.0796838264465332
70,0.0697314269065857,0.05750206661224365
71,0.068423499584198,0.12754690980911254
72,0.0665199270248413,0.09084281206130981
73,0.06813649969100952,0.057876771450042726
74,0.06721906423568726,0.0624185471534729
75,0.06565532770156861,0.07264860963821411
76,0.06356643486022949,0.06086971092224121
77,0.06498842916488648,0.1253299069404602
78,0.06461411781311036,0.06330210828781128
79,0.0631943133354187,0.0669197506904602
80,0.0641398473739624,0.054601912021636965
81,0.06284286069869995,0.05489614534378052
82,0.06244691972732544,0.06616881227493286
83,0.06261666250228883,0.05538371372222901
84,0.062499348831176756,0.056512789726257326
85,0.06273284130096436,0.06812910509109497
86,0.061423341751098634,0.0627239646911621
87,0.06169538650512695,0.06273063611984253
88,0.06063268127441406,0.08936983966827393
89,0.05895728387832642,0.06382607173919677
90,0.06034479675292969,0.08034677696228028
91,0.061402880191802976,0.15301443004608153
92,0.061697910881042484,0.08188077306747436
93,0.05916593828201294,0.07796580266952514
94,0.059750432777404786,0.07317842245101928
95,0.06029051170349121,0.07815718507766724
96,0.058354113960266116,0.06823829221725464
97,0.057734948348999025,0.06968876838684082
98,0.05789620885848999,0.05924503040313721
99,0.05824444227218628,0.05369196367263794
100,0.05715191640853882,0.07706035137176513
101,0.05962640371322632,0.061858969211578366
102,0.05585514249801636,0.05936629962921142
103,0.05554983720779419,0.09131017208099365
104,0.05790902557373047,0.08610377168655395
105,0.05519125099182129,0.12621369791030884
106,0.05688842496871948,0.05367264938354492
107,0.0565099383354187,0.09283080291748047
108,0.05397200012207031,0.07485400772094726
109,0.05512943258285522,0.05666672992706299
110,0.054329489994049074,0.08118970441818238
111,0.05467499294281006,0.05848102188110352
112,0.054809290981292724,0.08996810626983642
113,0.05541704425811768,0.05624684715270996
114,0.05418559045791626,0.05049314498901367
115,0.05272826843261719,0.05009283351898193
116,0.05298222274780273,0.05701258182525635
117,0.05449674215316772,0.07934284496307373
118,0.05331865711212158,0.060572617053985596
119,0.05290056314468384,0.055145079135894774
120,0.051787280654907224,0.053339255332946776
121,0.05416114950180054,0.07212187194824218
122,0.051931352233886716,0.05111120843887329
123,0.052186678791046145,0.06605168437957763
124,0.052755777740478516,0.1915369782447815
125,0.0526512433052063,0.09724705505371094
126,0.050529821300506594,0.06712218809127808
127,0.052618267440795896,0.06402828073501587
128,0.05363299121856689,0.05239189004898071
129,0.051380511474609376,0.11484050035476684
130,0.05217358655929565,0.0536046290397644
131,0.05065477247238159,0.0660278525352478
132,0.05237611131668091,0.09553329181671143
133,0.05189843006134033,0.06451359558105468
134,0.05051203393936157,0.053961467266082766
135,0.05016752071380615,0.06856536293029786
