epoch,loss,val_loss
0,0.5599482785224914,0.37039966344833375
1,0.2743429664611816,0.15484325408935548
2,0.16626740407943724,0.10672357940673828
3,0.1337596230506897,0.1804446063041687
4,0.1219701768875122,0.08593971920013428
5,0.10845087423324586,0.10960520362854004
6,0.10038234462738037,0.06751368713378907
7,0.09029895763397217,0.12966015863418578
8,0.08814263401031494,0.07913239431381226
9,0.08572584629058838,0.06571935892105102
10,0.07948357114791871,0.0750964503288269
11,0.07819454231262207,0.1014483494758606
12,0.07465472574234008,0.0843257794380188
13,0.06980553121566772,0.13160190486907958
14,0.0704559998512268,0.06420060348510742
15,0.06721802234649658,0.05296480655670166
16,0.06337270097732543,0.05691786146163941
17,0.06600582723617554,0.06369470834732055
18,0.06371835651397705,0.07970360374450683
19,0.06168363513946533,0.24118983459472657
20,0.06098554925918579,0.0965345048904419
21,0.05980842084884644,0.053090121269226076
22,0.055814025592803955,0.05804973125457764
23,0.05756442012786865,0.0534725079536438
24,0.056773609161376956,0.0422817153930664
25,0.05404197940826416,0.06993860721588135
26,0.05565664472579956,0.03789350938796997
27,0.05293435716629028,0.0456400260925293
28,0.05415280694961548,0.061644527435302736
29,0.05186740531921387,0.05389881181716919
30,0.05210891771316528,0.04582159900665283
31,0.05220665378570557,0.03832210445404053
32,0.050227651786804196,0.15187480974197387
33,0.050864058780670164,0.04935751008987427
34,0.05070599803924561,0.041038732051849366
35,0.04853832559585571,0.07356670141220092
36,0.049144189739227295,0.05606050443649292
37,0.0498292236328125,0.05914800786972046
38,0.048389570236206055,0.0382968578338623
39,0.0460604905128479,0.038179941177368164
40,0.04930616645812988,0.11280836296081544
41,0.047460914421081545,0.050150405406951905
42,0.04808342723846436,0.03815995836257934
43,0.04606030702590942,0.03499788522720337
44,0.046158858299255374,0.04183196449279785
45,0.04531390104293823,0.0942087230682373
46,0.04560158042907715,0.04071000909805298
47,0.04561941032409668,0.03389863777160645
48,0.045357884883880616,0.037376327991485596
49,0.0446060884475708,0.037288896083831784
50,0.04467799110412598,0.03993586254119873
51,0.04427614727020264,0.04848219442367554
52,0.04442575168609619,0.03189361906051636
53,0.04364060182571411,0.03482211303710937
54,0.04326299695968628,0.029818698406219483
55,0.04344576930999756,0.03793162488937378
56,0.041942136001586916,0.05694875478744507
57,0.044050278854370115,0.04660504770278931
58,0.04275508413314819,0.036467360973358155
59,0.04245187463760376,0.06354464435577392
60,0.043732785320281985,0.04218104934692383
61,0.04021837186813355,0.07671627187728881
62,0.04281911897659302,0.036525156021118166
63,0.04068378839492798,0.04857759714126587
64,0.04138557729721069,0.03566929817199707
65,0.04077043104171753,0.09772410249710083
66,0.04187204465866089,0.0320809965133667
67,0.04182004117965698,0.0404813642501831
68,0.0401810489654541,0.03935454320907593
69,0.0405105315208435,0.04703399133682251
70,0.04044770669937134,0.09529521322250366
71,0.041443176078796384,0.045690790176391605
72,0.03949214239120483,0.03425711441040039
73,0.03953438348770141,0.03155954313278198
74,0.03989956922531128,0.04561754560470581
