epoch,loss,val_loss
0,0.81861722240448,0.8210205273628235
1,0.7026417875289916,0.5086074657440186
2,0.4403523302078247,0.3477589259147644
3,0.32186451988220216,0.2543120107650757
4,0.2724985701560974,0.4161206703186035
5,0.2465878005027771,0.36246834516525267
6,0.2313372218132019,0.22071396255493164
7,0.21796273374557495,0.3175043215751648
8,0.20833993806838988,0.15805463075637818
9,0.19933367042541503,0.1964712061882019
10,0.1908923928260803,0.16023511552810668
11,0.183167991065979,0.20964971017837525
12,0.1820363142967224,0.15787580013275146
13,0.17654303703308105,0.22359342861175538
14,0.17495352487564086,0.13858727550506592
15,0.1632301203727722,0.14373575496673585
16,0.15433174228668212,0.17779121828079222
17,0.16198778610229492,0.12293298530578613
18,0.15087840785980225,0.2563320159912109
19,0.14804622659683228,0.11492717266082764
20,0.14539272871017456,0.11223907613754272
21,0.14053347654342652,0.12248841190338135
22,0.13756480150222777,0.10664097356796265
23,0.13559066038131715,0.17265119695663453
24,0.13411715517044068,0.13564639949798585
25,0.13140391645431518,0.1581345133781433
26,0.13333676538467407,0.14383397388458252
27,0.1280603699684143,0.16943174123764038
28,0.1279346809387207,0.11832981204986573
29,0.12428092699050904,0.11322790575027465
30,0.12208023843765259,0.09651114988327027
31,0.12399825897216797,0.1304985613822937
32,0.11971657457351685,0.10351484489440918
33,0.11787887029647827,0.16382956838607787
34,0.1208121473312378,0.1200307068824768
35,0.11855988988876343,0.21735720586776733
36,0.1150804944038391,0.10451597547531127
37,0.11293439178466796,0.14696658515930175
38,0.11376773052215576,0.15667644119262694
39,0.11195540914535522,0.10563354635238648
40,0.10747001237869262,0.09128098011016846
41,0.10832738151550293,0.1435716028213501
42,0.10875252780914306,0.17540494203567505
43,0.1075362853050232,0.08692190980911255
44,0.10836116762161255,0.14680253076553346
45,0.10770886764526368,0.12115178918838501
46,0.10316579904556275,0.1388835849761963
47,0.10517904224395752,0.20011800575256347
48,0.10700072507858277,0.11330011940002441
49,0.1039982897758484,0.10698745250701905
50,0.10195331907272338,0.09629854869842529
51,0.10179715757369995,0.09870963144302368
52,0.09883813877105713,0.13584999275207518
53,0.09901675605773926,0.08490112113952637
54,0.09952149286270141,0.12279137897491454
55,0.10028326826095581,0.11254310178756714
56,0.09812576761245728,0.08657906007766723
57,0.09554287176132202,0.1335509819984436
58,0.09623507671356202,0.08938688993453979
59,0.09841493511199952,0.08666686391830444
60,0.09385688552856446,0.09521071052551269
61,0.09289029417037964,0.20775440168380738
62,0.09711678190231324,0.13219443798065186
63,0.09338888130187989,0.10970709896087646
64,0.0966801869392395,0.11323849248886109
65,0.09431662883758545,0.09775208473205567
66,0.09262458448410034,0.0994216651916504
67,0.09223229694366455,0.08730839300155639
68,0.09030582122802734,0.1573608741760254
69,0.09343822631835938,0.08067269468307495
70,0.08903907051086425,0.08141287183761596
71,0.08929882860183716,0.09630074548721314
72,0.0898548822402954,0.08464475870132446
73,0.0894705551147461,0.0862479019165039
74,0.09045243911743164,0.11056606388092041
75,0.08892884292602539,0.09702413177490235
76,0.08675317306518554,0.11404016876220703
77,0.08723643646240234,0.15230780696868895
78,0.08922076606750488,0.09450373411178589
79,0.08392900085449219,0.07959574651718139
80,0.08614441375732422,0.13024516677856446
81,0.08651143102645874,0.080714759349823
82,0.08535278797149658,0.08875598669052125
83,0.08460951099395753,0.09063400411605835
84,0.08578212556838989,0.10475384044647217
85,0.08299603796005249,0.14229375410079956
86,0.08499301891326905,0.20527213859558105
87,0.08968177757263184,0.09688202238082885
88,0.0834949462890625,0.08887347793579102
89,0.08252067251205444,0.09055616188049316
90,0.08233661212921142,0.17815000438690184
91,0.08380874805450439,0.13816229438781738
92,0.08523613634109498,0.08507289600372314
93,0.08191386375427247,0.11995517253875733
94,0.08238282260894775,0.13170204401016236
95,0.08212612619400024,0.08955048608779907
96,0.07955124282836915,0.07794860696792602
97,0.08050972261428833,0.16607302379608155
98,0.08357995281219482,0.07745927810668946
99,0.08051312046051025,0.10928959321975708
100,0.08008606662750244,0.08170189762115479
101,0.07813100681304931,0.13975629138946533
102,0.08022443122863769,0.09845610237121583
103,0.08048781700134278,0.08756487369537354
104,0.07795853805541993,0.08703481340408326
105,0.07821723289489746,0.08513760280609131
106,0.07799487257003784,0.07677330732345582
107,0.07668176422119141,0.09803266572952271
108,0.07709931392669678,0.11826682901382446
109,0.07858083362579346,0.10344329786300659
110,0.07636935014724731,0.08756322813034058
111,0.07662544956207275,0.07909487962722778
112,0.07735719633102417,0.07642113399505615
113,0.07676722211837768,0.07878341960906983
114,0.07682140121459961,0.1351012716293335
115,0.0789206015586853,0.27829283332824706
116,0.07914719696044922,0.07760993623733521
117,0.07472454175949096,0.07539358234405517
118,0.07455304069519043,0.08931813049316406
119,0.07782999753952026,0.12847323322296142
120,0.07581917514801026,0.0732425446510315
121,0.07405559520721436,0.09283334398269653
122,0.07475649175643921,0.07921719074249267
123,0.07403372297286988,0.08704462957382202
124,0.07338110961914063,0.09906785583496094
125,0.07257393712997437,0.10219887733459472
126,0.07366485471725463,0.08050380754470825
127,0.0741652084350586,0.07771939468383789
128,0.07338017177581788,0.07536424922943115
129,0.07282933740615845,0.07836098146438598
130,0.07120141820907593,0.08639085721969604
131,0.07325876960754395,0.07981970024108886
132,0.07324443502426148,0.07690487813949586
133,0.07209862203598022,0.12580595779418946
134,0.07262039003372192,0.07999619674682618
135,0.07212468090057374,0.0741293020248413
136,0.07020355434417724,0.07289467239379883
137,0.07312611951828003,0.08336980628967285
138,0.0704542324066162,0.08075480365753174
139,0.06977113723754882,0.0798803129196167
140,0.06964189863204956,0.1565287446975708
141,0.07162835159301757,0.10589452600479125
142,0.0721768274307251,0.07839088678359986
143,0.06999868021011353,0.075367525100708
144,0.06901271028518677,0.07291294384002686
145,0.06881829986572266,0.07452968311309814
146,0.0698296877861023,0.07535249996185303
147,0.0689123408317566,0.12325804233551026
148,0.07061974668502807,0.07553269577026367
149,0.07080630626678466,0.0784393720626831
150,0.06888496704101563,0.08474917078018189
151,0.0673532720565796,0.1547147626876831
152,0.06876345043182373,0.07477306890487671
153,0.06916133975982666,0.09389704751968384
154,0.06788024158477783,0.07490319728851319
155,0.06665916604995728,0.07852816200256348
156,0.06752862596511841,0.0766036777496338
