epoch,loss,val_loss
0,0.5425019826889038,0.3761419792175293
1,0.28971897888183595,0.18984416341781615
2,0.21225810708999635,0.17222158718109132
3,0.1745132225036621,0.1581113510131836
4,0.15899126281738282,0.20987540483474731
5,0.14443976879119874,0.10505743837356567
6,0.13186122341156006,0.16938288259506226
7,0.12360264396667481,0.10706930589675903
8,0.11494081134796143,0.18836936807632446
9,0.11307356176376343,0.1456120171546936
10,0.10588102941513061,0.0929339051246643
11,0.0977486210823059,0.09648111581802368
12,0.09424874668121339,0.10164233732223511
13,0.0937078408241272,0.10636683225631714
14,0.08678056106567383,0.0842287564277649
15,0.08541665697097778,0.1113706283569336
16,0.08403690710067749,0.06961619234085083
17,0.08434692134857177,0.10961323308944702
18,0.07963582668304443,0.06721891021728515
19,0.07954850540161133,0.06644204473495484
20,0.07857062454223633,0.09223838520050048
21,0.07664457597732544,0.06133644104003906
22,0.07523888626098633,0.0989138798713684
23,0.07597181854248047,0.13396572208404542
24,0.07304757318496705,0.0771099591255188
25,0.07440523481369019,0.07987073707580566
26,0.07093321647644044,0.06573125076293945
27,0.07185704154968262,0.07120392608642578
28,0.07100977220535279,0.06456735849380493
29,0.07059977130889893,0.07854924249649048
30,0.06896857042312622,0.06742768239974975
31,0.0686906569480896,0.06290436792373658
32,0.0675465253829956,0.08168952798843383
33,0.06827750415802002,0.05923963117599487
34,0.06651024017333984,0.08805040168762207
35,0.06832385540008545,0.10634667873382568
36,0.06695699939727784,0.06861670112609863
37,0.06581314630508422,0.060733948230743406
38,0.06583815097808837,0.09219953346252441
39,0.06672939090728759,0.08952475357055664
40,0.06595476751327514,0.0634141731262207
41,0.06515317125320434,0.061224536418914795
42,0.0644037145614624,0.0585555362701416
43,0.06279697885513305,0.07218860864639282
44,0.06397176275253295,0.1089041428565979
45,0.06456062650680541,0.06874986696243286
46,0.06288048610687255,0.07249167013168335
47,0.06307813720703125,0.09505045843124389
48,0.06395757999420167,0.10816754388809204
49,0.06353366804122924,0.07120442771911621
50,0.06390372114181518,0.05666924238204956
51,0.06287634563446044,0.0692003116607666
52,0.061466092491149905,0.07630171155929566
53,0.06180681343078613,0.07445986032485961
54,0.06225797204971314,0.0757435507774353
55,0.06095585403442383,0.09833986282348633
56,0.06216345014572144,0.058631046772003176
57,0.05992772207260132,0.06784710311889648
58,0.060408330154418946,0.055448083400726315
59,0.06170370540618896,0.06363890266418457
60,0.060919460010528566,0.061693889141082765
61,0.05973788690567017,0.07969991111755372
62,0.060538275051116947,0.08294174671173096
63,0.06256057586669922,0.07087177228927612
64,0.05759394512176513,0.05838650131225586
65,0.059645398616790773,0.058629546642303465
66,0.05986317625045776,0.07120149612426757
67,0.059072962474823,0.06854272031784057
68,0.059867170143127445,0.0566986927986145
69,0.05997848434448242,0.05578744649887085
70,0.05899155645370483,0.07020343637466431
71,0.05962610597610474,0.06469640254974365
72,0.05845799493789673,0.056279274940490724
73,0.05867045831680298,0.06310959529876708
74,0.058459854316711427,0.06705115365982056
