epoch,loss,val_loss
0,0.7776994271278381,0.4499500322341919
1,0.39002814779281614,0.2498581051826477
2,0.23422548246383668,0.16107148170471192
3,0.1879224298477173,0.147867329120636
4,0.17070468158721924,0.13849571752548218
5,0.15356141662597655,0.15842537355422973
6,0.14802339544296264,0.13185170364379883
7,0.13815594749450683,0.11760331010818481
8,0.1277281005859375,0.15705391216278075
9,0.1211638144493103,0.09338724327087403
10,0.11981879596710206,0.08158220291137695
11,0.11189266061782836,0.0822500147819519
12,0.10318873472213745,0.1916258268356323
13,0.10277272119522095,0.08898121547698974
14,0.09752583093643188,0.11381905174255372
15,0.09419115829467774,0.11317824125289917
16,0.08886333837509156,0.17024583101272583
17,0.09134321088790893,0.07971223640441895
18,0.08934946422576905,0.07663606309890747
19,0.0824116304397583,0.08017190170288085
20,0.08545305452346802,0.1072453818321228
21,0.079941663646698,0.2488967342376709
22,0.0850573317527771,0.061415040493011476
23,0.0747366304397583,0.13922051620483397
24,0.07870448446273803,0.06478872156143188
25,0.07715690717697143,0.1560962166786194
26,0.07578726587295533,0.1801912236213684
27,0.07853272867202758,0.0677395920753479
28,0.07248827857971192,0.05974530029296875
29,0.07213579244613648,0.08177507305145264
30,0.07121021337509155,0.059292834758758545
31,0.07063189430236816,0.07397910499572755
32,0.07225977306365967,0.058553982257843015
33,0.07108002891540527,0.055441256999969483
34,0.06860575122833253,0.07347952032089233
35,0.0679641387939453,0.08517620420455932
36,0.06764898490905762,0.0681709966659546
37,0.0671935432434082,0.060072876453399655
38,0.06737192306518555,0.06815350341796875
39,0.06670872869491577,0.05424369430541992
40,0.06428176536560058,0.07806338357925414
41,0.06748245582580567,0.056104573249816894
42,0.06547796535491944,0.058055764198303224
43,0.06152463827133179,0.055882291316986084
44,0.06488678512573243,0.08354536867141724
45,0.06461419820785523,0.06074018383026123
46,0.06499355354309082,0.056275204181671146
47,0.06330783319473267,0.06536511325836182
48,0.06211259708404541,0.06419444799423218
49,0.06183111753463745,0.06172039461135864
50,0.062497555828094485,0.06101359796524048
51,0.062080016422271726,0.05242643260955811
52,0.06101462459564209,0.05527593612670898
53,0.06111062116622925,0.06448653554916382
54,0.061809889793395995,0.10405843496322632
55,0.05929805030822754,0.06235823106765747
56,0.058856844902038574,0.05725284194946289
57,0.06064370594024658,0.0600523362159729
58,0.058947647094726566,0.08383134937286377
59,0.05792187633514404,0.0560519495010376
60,0.06005203866958618,0.13205470943450928
61,0.06130543212890625,0.0520982780456543
62,0.05937340116500855,0.05803129625320434
63,0.05724358158111572,0.054796916007995605
64,0.058538844776153565,0.054433001518249514
65,0.05769120464324951,0.052572853565216064
66,0.05681033792495727,0.058283051490783694
67,0.05851116914749146,0.05488850736618042
68,0.055051113224029544,0.08814064216613769
69,0.057912138652801516,0.0573136248588562
70,0.057848359203338626,0.055019689559936524
71,0.056815651321411136,0.058668135643005374
72,0.05517594108581543,0.0960909686088562
73,0.056526388359069826,0.06768084383010864
74,0.054583873748779294,0.05838963985443115
75,0.056228852939605715,0.0572943844795227
76,0.05491927919387817,0.052584883213043214
77,0.05486302194595337,0.0659783148765564
