epoch,loss,val_loss
0,0.7247520693778992,0.7989505767822266
1,0.34546542406082154,0.16720620632171632
2,0.17227454948425294,0.23788900661468507
3,0.11663268737792969,0.07754423713684082
4,0.09034830694198609,0.04238744020462036
5,0.0691975191116333,0.07783398008346558
6,0.06038555784225464,0.0534074969291687
7,0.0587052451133728,0.026018916606903076
8,0.05010327663421631,0.039652652740478515
9,0.04670570249557495,0.026320953369140625
10,0.04124267272949219,0.036175017833709716
11,0.04136454372406006,0.027801045417785643
12,0.03578323469161987,0.08066793298721313
13,0.03686777811050415,0.02042589282989502
14,0.03282175588607788,0.1180829758644104
15,0.029376055908203125,0.014801986217498779
16,0.032417963218688964,0.013561096668243408
17,0.02887119026184082,0.04634234428405762
18,0.02905719738006592,0.01721187734603882
19,0.02557591323852539,0.013349482536315918
20,0.026952823448181153,0.01857452726364136
21,0.022698272895812988,0.01059255313873291
22,0.020726284980773925,0.09536638498306274
23,0.022779258728027343,0.12352217388153076
24,0.022433846759796143,0.02236759376525879
25,0.02021414098739624,0.008771918773651122
26,0.018334050846099854,0.013204451084136964
27,0.020962162113189697,0.015727638721466066
28,0.021235121059417723,0.008909413814544678
29,0.01572627763748169,0.009309878349304199
30,0.017761387348175048,0.008994173526763917
31,0.013331117725372314,0.009609840869903564
32,0.0151361385345459,0.019244342803955077
33,0.015160837650299071,0.014926876068115234
34,0.013840901088714599,0.00954567050933838
35,0.01565661687850952,0.01016156005859375
36,0.011414404964447022,0.007494485378265381
37,0.012844369792938232,0.006146627902984619
38,0.014294818305969239,0.006823744297027588
39,0.009995468044281006,0.004345579147338867
40,0.013031585502624511,0.011514049053192138
41,0.0106694917678833,0.01042861032485962
42,0.011478046607971191,0.017807971000671385
43,0.009395719814300537,0.017467308044433593
44,0.011712497425079346,0.051516672134399415
45,0.011090168476104736,0.0034346246719360353
46,0.009206557655334473,0.018400627613067627
47,0.010980022048950195,0.0033594813346862792
48,0.008031843471527099,0.006156269550323486
49,0.009937347316741943,0.004720003128051758
50,0.007084365844726563,0.0063973312377929685
51,0.009119894695281983,0.0029653029441833495
52,0.0073699494361877445,0.006964444637298584
53,0.007462513065338135,0.03397558927536011
54,0.006772568511962891,0.004158710479736328
55,0.0073471392631530765,0.012669919490814209
56,0.00670818452835083,0.062101113796234134
57,0.008476814079284668,0.004494545936584472
58,0.006811423587799072,0.029647719383239745
59,0.008563090133666993,0.003689457416534424
60,0.005870072174072266,0.018216092586517334
61,0.007011547183990478,0.007353983879089356
62,0.007036223411560059,0.0033768339157104494
63,0.0056269900321960446,0.0052884998321533205
64,0.006393236827850342,0.003362595558166504
65,0.006630401420593262,0.001956629276275635
66,0.005696510601043701,0.0046282105445861815
67,0.005978633117675781,0.0024732728004455565
68,0.00616190299987793,0.0077310075759887695
69,0.0055501495361328125,0.0021441249847412107
70,0.004985351657867431,0.0036221799850463866
71,0.00543801679611206,0.010062467575073243
72,0.0062993925094604495,0.007184926986694336
73,0.004973772811889649,0.02862422513961792
74,0.005699622249603272,0.0021903882026672364
75,0.003961023139953613,0.022511468410491942
76,0.00618094482421875,0.005818307399749756
77,0.0046394450187683105,0.005525030136108398
78,0.004147504234313965,0.002883509635925293
79,0.004469933795928955,0.008457516670227051
80,0.004092229461669922,0.0017457451820373534
81,0.004217271327972412,0.007608635425567627
82,0.006817771816253662,0.002258448123931885
83,0.0031247398376464844,0.002658467769622803
84,0.004723126697540284,0.01084054708480835
85,0.005445290088653565,0.007913784503936767
86,0.005179772090911865,0.022722196578979493
87,0.004514141750335693,0.001620966911315918
88,0.0033763948440551756,0.0037655019760131836
89,0.002848129940032959,0.0020182671546936037
90,0.004747459983825684,0.010610923767089844
91,0.0026624613761901854,0.004973199844360352
92,0.004265948486328125,0.002834010601043701
93,0.002483968639373779,0.001706717014312744
94,0.005390652084350586,0.011643908023834228
95,0.0029743423461914063,0.0013787918090820313
96,0.004700888347625732,0.0023167381286621092
97,0.004213130283355713,0.0015215344429016114
98,0.0030755735397338868,0.0011179733276367187
99,0.0040098326683044435,0.0022537107467651366
100,0.003770942211151123,0.0028317012786865233
101,0.0027212762832641603,0.017861307621002197
102,0.004225259399414063,0.004415560245513916
103,0.0035272622108459472,0.001174692153930664
104,0.0025107574462890623,0.0020630478858947752
105,0.0030111051559448244,0.004089150905609131
106,0.003865990447998047,0.002154887676239014
107,0.0037988123893737792,0.0010444231033325195
108,0.0021108155250549317,0.0027944817543029787
109,0.0031112743377685547,0.0022173690795898437
110,0.0032844561576843264,0.006194105625152588
111,0.00325583438873291,0.001458885669708252
112,0.003047083854675293,0.006731026649475098
113,0.004563476848602295,0.0009914817810058594
114,0.002429292583465576,0.0044324536323547365
115,0.0034807727813720704,0.0033216686248779296
116,0.0019990942001342775,0.0011780967712402344
117,0.0030394927978515626,0.00080202054977417
118,0.002405258750915527,0.003234375476837158
119,0.003670187473297119,0.0012312121391296388
120,0.002350972270965576,0.0023043951988220217
121,0.0025143447875976563,0.008957937717437744
122,0.0023178529739379884,0.007574180126190186
123,0.003118245792388916,0.0008851203918457031
124,0.0027219250679016115,0.0013923721313476563
125,0.0020040804862976073,0.001188831329345703
126,0.0015309167861938477,0.0015855183601379394
127,0.0029886736869812014,0.0014635844230651855
128,0.0020641764640808107,0.006462775707244873
129,0.0028359794616699217,0.0022543349266052246
130,0.00326521692276001,0.0018431844711303711
131,0.0017780701637268067,0.0012522807121276855
132,0.0016699602127075196,0.017025386333465575
133,0.002845126533508301,0.0016193337440490723
134,0.0011693998336791992,0.0017380876541137696
135,0.0026531510353088377,0.0013550915718078614
136,0.0022399805068969727,0.002255773067474365
137,0.0014777091979980468,0.0026564249992370604
