epoch,loss,val_loss
0,0.5421478867530822,0.43016182899475097
1,0.3328928810119629,0.2203135004043579
2,0.25071756019592284,0.4631990475654602
3,0.225443257522583,0.16275839376449586
4,0.20414273118972778,0.2380330958366394
5,0.18602779607772826,0.1513737163543701
6,0.18240452241897584,0.20072930335998534
7,0.1721707145690918,0.1408136787414551
8,0.15962305965423584,0.12316038990020751
9,0.15881745824813842,0.12541114473342896
10,0.14592694005966186,0.46359949493408203
11,0.14898061742782592,0.14085015773773193
12,0.13733076992034912,0.15163707828521727
13,0.13202768173217774,0.15301325464248658
14,0.1283134916305542,0.10012308835983276
15,0.12300007534027099,0.15316215896606444
16,0.12457185678482055,0.19740119600296022
17,0.11834684782028199,0.17565556144714356
18,0.11789166803359985,0.13705900478363037
19,0.11513492574691772,0.15514636182785035
20,0.12009605751037597,0.08688879585266113
21,0.11201310987472535,0.10386871242523193
22,0.10596217365264893,0.08421376800537109
23,0.10568990154266357,0.09094516849517822
24,0.1005769913673401,0.0890818510055542
25,0.10321480340957642,0.11196604871749878
26,0.1007983449935913,0.07915176630020142
27,0.10122539758682252,0.09739294672012329
28,0.09871917419433594,0.08291456890106201
29,0.0987950608253479,0.16749501371383668
30,0.09778746204376221,0.08654545354843139
31,0.093130428981781,0.07749736976623535
32,0.09302523918151856,0.09153822898864745
33,0.09605573129653931,0.14523789978027343
34,0.09291998386383056,0.10298360347747802
35,0.08896156282424927,0.30477993726730346
36,0.09478369731903076,0.07395286512374878
37,0.08931357240676879,0.0898411192893982
38,0.08682004194259643,0.07591929578781129
39,0.08717184104919433,0.10643927955627441
40,0.08511820020675659,0.07453207206726074
41,0.08668596000671387,0.11611654806137085
42,0.08172397527694703,0.06871321582794189
43,0.08232512006759643,0.07736276531219483
44,0.08255485897064209,0.1551897096633911
45,0.08293204832077027,0.07340183067321777
46,0.08037819747924804,0.07093019437789917
47,0.08080125694274902,0.08554793071746826
48,0.08018142604827881,0.08172136783599854
49,0.07655569553375244,0.07581348180770874
50,0.07941518564224243,0.09316240072250366
51,0.0755450156211853,0.0789139380455017
52,0.07822579011917115,0.09221445655822753
53,0.07841265935897827,0.07923826456069946
54,0.07562363471984863,0.06847004079818726
55,0.07273493280410767,0.07559071922302246
56,0.07484780607223511,0.07835313844680786
57,0.07597928886413574,0.06839253187179566
58,0.07436076040267944,0.06551036405563354
59,0.07501926164627075,0.07451909685134887
60,0.07355738124847412,0.07642116928100585
61,0.07366071357727051,0.10263772296905517
62,0.07322754011154174,0.07126717281341553
63,0.07128615341186524,0.06595401239395142
64,0.07026861639022827,0.0648938479423523
65,0.0730672866821289,0.08852955150604248
66,0.07109338884353637,0.0926915717124939
67,0.071458047580719,0.08482823657989502
68,0.07101640939712524,0.11144648599624633
69,0.07030764999389648,0.07753743076324462
70,0.07075984869003296,0.08442383337020874
71,0.0670011284828186,0.12518987846374513
72,0.06975951919555665,0.0665260500907898
73,0.06739438695907593,0.06343851566314697
74,0.06661344470977783,0.08280916023254395
75,0.06954678468704224,0.08319503402709962
76,0.06938419380187988,0.07323889398574829
77,0.0690655348777771,0.06713591051101685
78,0.06714270610809327,0.06985887622833252
79,0.06787394456863403,0.12235162353515625
80,0.06853954515457153,0.06335339212417603
81,0.06519658575057984,0.2967855505943298
82,0.0696174617767334,0.06758514499664306
83,0.06845246086120606,0.10277911376953125
84,0.06632863245010376,0.06635902643203735
85,0.06578703775405884,0.058708871364593504
86,0.06544909105300903,0.10839174175262452
87,0.06614860515594483,0.09334894132614135
88,0.06512609043121338,0.07898070907592773
89,0.06541063222885132,0.06569361162185669
90,0.06358032712936401,0.09173165798187256
91,0.06362970972061158,0.0615866551399231
92,0.06428035535812378,0.09722290229797363
93,0.06412687616348267,0.06618703651428223
94,0.06417134170532227,0.064322922706604
95,0.0631898775100708,0.07154157733917237
96,0.06363219747543335,0.061959752082824705
97,0.062171539974212646,0.061333317279815676
98,0.060821933364868165,0.07739630651473998
99,0.06143283252716064,0.06724492454528809
100,0.06282528648376465,0.05685704755783081
101,0.06122073211669922,0.07115386867523193
102,0.0607441219329834,0.06565631723403931
103,0.0624894642829895,0.06423930454254151
104,0.06061382265090942,0.10651120996475219
105,0.0617915940284729,0.06226984167098999
106,0.060840247917175294,0.0633946647644043
107,0.06200018224716187,0.0710943922996521
108,0.06120681123733521,0.061728466510772705
109,0.060560863399505616,0.11714627122879029
110,0.06030352020263672,0.06176344442367554
111,0.05863342571258545,0.0682812442779541
112,0.059817787265777585,0.05900224876403808
113,0.059399331760406494,0.06503111982345582
114,0.061028968334198,0.05802833318710327
115,0.059876518058776855,0.061141072750091556
116,0.05978427400588989,0.06929529809951782
