epoch,loss,val_loss
0,0.5592647225379944,0.5121666378974915
1,0.39113978662490845,0.30372503757476804
2,0.32273687973022464,0.3052088918685913
3,0.29350319833755495,0.25712703323364255
4,0.27230601501464846,0.22231477546691894
5,0.25812130727767946,0.2206280508041382
6,0.25290077323913573,0.23141100597381592
7,0.2411523151397705,0.19212331295013427
8,0.23571590814590454,0.28149718141555785
9,0.22890448265075683,0.2041209568977356
10,0.22766082553863526,0.18171216106414795
11,0.21760024166107178,0.2252708625793457
12,0.21625529222488404,0.17092358016967774
13,0.20409989948272705,0.18703689670562745
14,0.19883570070266723,0.16337058210372926
15,0.19669081783294678,0.1928154139518738
16,0.2007913438796997,0.2364609842300415
17,0.18762726068496705,0.17163763093948364
18,0.17832823553085328,0.17487158393859864
19,0.1839574288368225,0.15122672080993652
20,0.17326312427520751,0.16245029163360597
21,0.17389595317840575,0.17203409004211426
22,0.16787504978179932,0.22507960891723633
23,0.16105231676101683,0.13736138010025026
24,0.16749886465072633,0.1610920081138611
25,0.15745082244873046,0.12012808656692504
26,0.15197855548858644,0.16123408269882203
27,0.14986313762664794,0.12379950380325318
28,0.14408187627792357,0.1796356520652771
29,0.14636874132156372,0.15723049688339233
30,0.14695866870880128,0.3311947822570801
31,0.14371569938659667,0.11664869213104248
32,0.13672370433807374,0.12980620765686035
33,0.13355982446670533,0.17236741590499877
34,0.12924627237319947,0.15017507457733154
35,0.13038577299118043,0.10478757381439209
36,0.12621994371414186,0.20950988721847535
37,0.12470754852294921,0.12859483098983765
38,0.12026685485839844,0.2708023085594177
39,0.12055249767303466,0.11389586448669434
40,0.11741839694976806,0.16799553060531616
41,0.12061826105117798,0.10728013229370117
42,0.11442054080963135,0.15865776586532593
43,0.11403260478973389,0.12140669393539429
44,0.11795961847305297,0.12483058166503906
45,0.11273152256011963,0.10276728582382202
46,0.11292276105880737,0.11096155834197997
47,0.10492939481735229,0.12321877574920655
48,0.11171367311477662,0.17908038854598998
49,0.11294294090270995,0.12075572109222413
50,0.10558991737365722,0.11482458305358886
51,0.10474842319488525,0.20885289382934571
52,0.10683151130676269,0.16286199617385863
53,0.10488868169784546,0.09836202430725098
54,0.09942007846832275,0.1293580298423767
55,0.10323791093826294,0.08748508071899413
56,0.10083868885040283,0.10234013891220092
57,0.09952221174240113,0.08602259731292725
58,0.10015998334884643,0.10730768537521362
59,0.0968647442817688,0.11606908988952637
60,0.09678013849258423,0.11047785568237305
61,0.09353718786239625,0.1345893349647522
62,0.09311369123458862,0.13254118204116822
63,0.09662479667663575,0.12427242422103882
64,0.09155790004730224,0.17029097318649292
65,0.09302419738769531,0.1284958209991455
66,0.09084740295410157,0.12212487936019897
67,0.0923242943763733,0.08318058395385743
68,0.08740071840286255,0.13949064779281617
69,0.08773219299316407,0.09644826173782349
70,0.09030902605056762,0.14912733030319214
71,0.086559747505188,0.13357013416290284
72,0.09056107406616211,0.14523241329193115
73,0.08929317007064819,0.11766402292251586
74,0.08865388956069946,0.14673951196670532
75,0.08777464008331298,0.11171558427810668
76,0.08344397964477539,0.10018358612060548
77,0.08204357833862305,0.1264622654914856
78,0.08308816509246826,0.24317490959167481
79,0.08958320512771606,0.11282391548156738
80,0.08323735485076904,0.12053691339492797
81,0.08247806510925293,0.19321751689910888
82,0.08447969608306885,0.13103345394134522
83,0.08154586372375489,0.1521419129371643
84,0.07997591018676758,0.09311618089675903
85,0.08303236217498779,0.11497000980377198
86,0.08018847637176514,0.0825360050201416
87,0.08131535186767579,0.1039092082977295
88,0.08074645051956177,0.10912102270126343
89,0.07864282312393188,0.08026054906845093
90,0.0787485634803772,0.08464624500274658
91,0.07704232330322265,0.13697688961029053
92,0.07644521141052246,0.08074251937866211
93,0.0762488405227661,0.07915057420730591
94,0.07826049976348877,0.16234509992599488
95,0.07690830669403076,0.1086949896812439
96,0.07590375318527222,0.08572225332260132
97,0.07548316621780396,0.11431526231765747
98,0.07703132772445678,0.12555944728851318
99,0.0750102451324463,0.09246101999282837
100,0.07347640171051026,0.09017537164688111
101,0.0737087942123413,0.12348523426055909
102,0.07555053052902222,0.0829583420753479
103,0.07367285270690918,0.08712860584259033
104,0.07277165536880494,0.09459114360809326
105,0.07444189987182617,0.07419932317733764
106,0.07279850625991821,0.10017982864379883
107,0.07128158588409424,0.08552135372161865
108,0.07037704334259033,0.08268615865707397
109,0.07115183763504028,0.09077887201309204
110,0.07192267732620239,0.09127151679992676
111,0.07238398132324218,0.1334866943359375
112,0.07003924131393433,0.11512098693847657
113,0.07238542346954346,0.1505693564414978
114,0.07577572250366212,0.07448210668563843
115,0.06927276906967163,0.084670006275177
116,0.07094368867874146,0.12474753427505493
117,0.06985437774658203,0.08084337329864502
118,0.06730727767944336,0.12638222122192383
119,0.06815509653091431,0.08294962406158447
120,0.06740710372924805,0.09361901426315308
121,0.06885820598602295,0.07684772872924804
122,0.06747706756591797,0.07550915002822876
123,0.06898052167892456,0.08192896509170532
124,0.06784697408676148,0.07839495611190796
125,0.06830063514709472,0.10430868053436279
