epoch,loss,val_loss
0,0.5440625170707702,0.5123721013069152
1,0.365469161605835,0.31990704822540283
2,0.29639287853240964,0.23346356964111328
3,0.2658133116722107,0.22683337593078615
4,0.2462803113937378,0.24907883644104004
5,0.22850415563583373,0.27233194494247437
6,0.22796015405654907,0.23802404308319092
7,0.21454706230163575,0.16846520709991455
8,0.20097914123535157,0.17293901872634887
9,0.19622905311584474,0.2605588874816894
10,0.19093650512695312,0.13478998327255248
11,0.17867362442016602,0.17716949129104614
12,0.18475861225128173,0.24511370468139648
13,0.17623837604522705,0.14478023862838746
14,0.16143784351348878,0.14359421253204346
15,0.15875471725463866,0.1242231526374817
16,0.15245582284927367,0.13109931707382202
17,0.15214415817260743,0.15347882795333861
18,0.145938325214386,0.1366432204246521
19,0.1398279851913452,0.14023932361602784
20,0.1376469199180603,0.25359501695632936
21,0.1383112672805786,0.21098046779632568
22,0.12762185583114624,0.12661368799209594
23,0.12785307683944702,0.0992148494720459
24,0.1266843626022339,0.10457411003112793
25,0.1201334608078003,0.15919797134399413
26,0.11535684986114501,0.17619523572921753
27,0.11251919422149659,0.09143289852142333
28,0.11521936073303223,0.11601658773422241
29,0.11030659856796264,0.20656481409072877
30,0.11334822320938111,0.10634138965606689
31,0.10805074949264526,0.10520836162567139
32,0.10294395875930785,0.1855173382759094
33,0.10605880165100098,0.08403625869750976
34,0.1027037386894226,0.09072091484069825
35,0.10021637010574341,0.09538890600204468
36,0.09877487735748292,0.08276462411880493
37,0.09910141773223877,0.1342518892288208
38,0.09658381729125977,0.10542722320556641
39,0.0926021580696106,0.08563529253005982
40,0.09038734121322632,0.08295194816589356
41,0.09120705785751343,0.08671081495285034
42,0.09078914575576782,0.07904164505004883
43,0.09324699716567993,0.0783768277168274
44,0.08820702123641967,0.09719351720809936
45,0.08485254440307617,0.0940483865737915
46,0.08782017240524292,0.11383339691162109
47,0.08494048480987548,0.09432565355300904
48,0.08262712574005127,0.07962315273284912
49,0.08339057016372681,0.0670644826889038
50,0.08370124902725219,0.09096693325042725
51,0.08216359310150147,0.08468625259399414
52,0.08057272300720215,0.09392445182800294
53,0.08090781364440917,0.08987387418746948
54,0.08190303440093995,0.06832098340988159
55,0.07762167024612426,0.14262439632415772
56,0.07751738710403443,0.11295991420745849
57,0.07893443470001221,0.08013828992843627
58,0.07620969171524047,0.22380923271179198
59,0.07981096963882446,0.06964649200439453
60,0.07501227493286133,0.07505114984512329
61,0.07677916402816773,0.06625897789001464
62,0.07361764287948608,0.07852274084091186
63,0.07568454189300537,0.13731149435043336
64,0.07647376222610473,0.05979097270965576
65,0.07509407930374146,0.09700475597381591
66,0.07527061614990234,0.06597178554534912
67,0.07280850505828858,0.0778953413963318
68,0.07330259094238281,0.07543792247772217
69,0.06931323766708374,0.07794356060028076
70,0.07071709060668946,0.10940272760391236
71,0.07037780466079711,0.06410141277313232
72,0.06964679832458497,0.07719445657730102
73,0.06782057723999023,0.07456731033325195
74,0.0697655704498291,0.06068764114379883
75,0.06995453100204468,0.07657067108154297
76,0.06755685834884644,0.0702714695930481
77,0.06883214883804321,0.0823661584854126
78,0.06862596454620361,0.0964941930770874
79,0.06686716842651368,0.1037195372581482
80,0.0665427324295044,0.07128375434875488
81,0.06652069759368896,0.07304190492630006
82,0.06617639656066894,0.14981807088851928
83,0.06700285596847534,0.12601849985122682
84,0.06590352630615234,0.09256911563873291
