epoch,loss,val_loss
0,0.6099126407623291,0.3700574016571045
1,0.36642492847442626,0.29841698026657104
2,0.27388789949417114,0.22386366367340088
3,0.23894247856140136,0.19360175848007202
4,0.21925543518066407,0.17297488641738892
5,0.20709893198013304,0.1791303381919861
6,0.19825874195098878,0.15976067113876344
7,0.1928845495223999,0.14138249921798707
8,0.18060467052459717,0.19909453868865967
9,0.1776061749458313,0.17076068592071533
10,0.1728275224685669,0.15594550514221192
11,0.16499745569229127,0.13176099920272827
12,0.16203821659088136,0.16164290142059326
13,0.1520248833656311,0.12118476629257202
14,0.1530555778503418,0.20743447256088257
15,0.14247395086288453,0.25543324947357177
16,0.1441490852355957,0.25101371669769285
17,0.1478399094581604,0.1266148190498352
18,0.13433222875595094,0.10701334857940674
19,0.13043120622634888,0.11096751260757447
20,0.1340843960762024,0.1380896806716919
21,0.13048637466430665,0.1908304386138916
22,0.12787808752059937,0.16672678756713868
23,0.12555581340789795,0.12798612308502197
24,0.12342700643539428,0.10717154312133789
25,0.12128464498519897,0.096219886302948
26,0.11807742042541504,0.1768130464553833
27,0.1190442645072937,0.10490807151794433
28,0.11498708457946777,0.09131547832489013
29,0.11144434070587159,0.11913815975189208
30,0.11186147193908691,0.10591525936126708
31,0.10862384424209595,0.10988026905059814
32,0.10778974914550782,0.09045927906036377
33,0.10647830095291137,0.3550445466041565
34,0.11045646200180054,0.10598160886764527
35,0.10264853744506836,0.09456015920639038
36,0.10133167133331299,0.14173996925354004
37,0.10251925926208497,0.09507719039916993
38,0.10334455108642578,0.1345827260017395
39,0.1014612850189209,0.11259467363357543
40,0.09507428436279297,0.08098728704452515
41,0.09840310287475586,0.0988553524017334
42,0.09824774703979493,0.13533736276626587
43,0.09585065860748292,0.12239568376541138
44,0.0970445966720581,0.10183139514923095
45,0.0923289478302002,0.10831117200851441
46,0.09449358968734742,0.13300717449188232
47,0.09351974325180054,0.11364419412612915
48,0.09025209503173828,0.12432698822021485
49,0.09360226736068726,0.08158862590789795
50,0.08766534643173218,0.08604733324050903
51,0.08689997138977051,0.13993855905532837
52,0.09044297113418578,0.10653306245803833
53,0.08680535078048707,0.09763120889663696
54,0.08858793334960938,0.09480151796340942
55,0.08944151887893677,0.08338594388961793
56,0.08598396406173706,0.08955526065826416
