epoch,loss,val_loss
0,0.9467428181648254,0.8478326778411865
1,0.8709944166183472,0.8067444643974304
2,0.8427973149299621,0.83993297290802
3,0.827643002319336,0.9755618543624878
4,0.8357763330459594,0.8522613544464112
5,0.8077328010559082,0.8242695841789246
6,0.7997086288452149,0.8795888938903809
7,0.7785536595344543,0.8239609155654907
8,0.7636320096969604,0.7541465826034546
9,0.7535141324996948,0.7109402885437012
10,0.7370465275764465,0.8636397113800048
11,0.7382982353210449,0.6852831563949585
12,0.7231406501770019,0.846222409248352
13,0.7190513219833374,0.7041597061157227
14,0.708008932876587,0.725650731086731
15,0.6991453840255737,0.6797071709632874
16,0.6918493939399719,0.6523914618492126
17,0.6857159756660461,0.6643224401473999
18,0.6793033761978149,0.7459806847572327
19,0.6813488391876221,0.6429599204063415
20,0.6725674268722535,0.7258911867141724
21,0.6669166385650634,0.6436056203842163
22,0.6642788472175598,0.6894219236373902
23,0.6583964826583862,0.703139169216156
24,0.6642224658966065,0.8553340148925781
25,0.655091082572937,0.6273775053024292
26,0.6472538224220276,0.7394954905509948
27,0.6475758725166321,0.7343764581680298
28,0.646190009021759,0.6458800439834594
29,0.6439155927658081,0.6323265352249146
30,0.6424753151893615,0.6681505484580994
31,0.6375367118835449,0.6297229800224304
32,0.6419373567581177,0.7585064020156861
33,0.6272649996757508,0.6097536406517029
34,0.6287706352233887,0.636909086227417
35,0.6305791254043579,0.6200415678024292
36,0.6311173433303833,0.6296673607826233
37,0.628282614326477,0.7046786613464355
38,0.6167558723449708,0.7044825515747071
39,0.6239804812431335,0.7882956719398498
40,0.6372660659790039,0.7465927324295044
41,0.6185756416320801,0.7928129758834839
42,0.623674038696289,0.8803494234085083
43,0.6195474548339843,0.606490270614624
44,0.6100961095809937,0.6046073217391967
45,0.6083391828536987,0.8503804297447205
46,0.622702216720581,0.6309092888832092
47,0.6076127557754517,0.6185549221038819
48,0.6047628112792969,0.6239593772888183
49,0.600612880897522,0.6181972312927246
50,0.6035465191841125,0.6662477211952209
51,0.6090962187767028,0.9231740951538085
52,0.6150098843574524,0.782923348903656
53,0.6025475708961486,0.6485051116943359
54,0.598452763557434,0.6398596291542054
55,0.5949327161788941,0.6178880529403686
56,0.5921412142753602,0.6360387382507324
57,0.589096046924591,0.6077924900054932
58,0.5888974164009094,0.6452208051681518
59,0.597149432182312,0.6040515069961547
60,0.590633947467804,0.6361052627563477
61,0.5880667597770691,0.6886550989151001
62,0.5862079298973083,0.712040340423584
63,0.5967530164718627,0.6219838218688964
64,0.5803520308494567,0.6191609449386597
65,0.5849253463745118,0.6768652181625366
66,0.589993367767334,0.6985956749916077
67,0.5850919308662414,0.6092436051368714
68,0.586838678073883,0.6124298439025879
69,0.5764654684066772,0.6146153144836426
70,0.5830386837005616,0.5989427618980407
71,0.5800361629486084,0.7912854647636414
72,0.5798973350524902,0.5988906397819519
73,0.578540175151825,0.6916662716865539
74,0.5840089332580567,0.6240329380035401
75,0.5754647018432617,0.6188807640075683
76,0.5767046624183655,0.653910542011261
77,0.5785700437545777,0.616113073348999
78,0.571935945892334,0.6285012588500977
79,0.5683376850128173,0.6434603056907654
80,0.5767937899589538,0.6188821477890014
81,0.5703619691848755,0.6210432586669922
82,0.5630737804412842,0.8292820768356324
83,0.5736883270263672,0.6083022775650024
84,0.5692944906234741,0.7386904892921448
85,0.5702115849494934,0.6154274845123291
86,0.5616808798789978,0.7299107346534729
87,0.5728705827713013,0.6523856773376465
88,0.5614268023490906,0.6679456133842469
89,0.562378747177124,0.6159012656211853
90,0.5523446116447449,0.6238888330459594
91,0.5605080163955688,0.6249959630966186
92,0.5607106154441833,0.9014556264877319
