epoch,loss,val_loss
0,0.5752469771385192,0.3969226651191711
1,0.322808913898468,0.3374807977676392
2,0.22434414052963256,0.16734355306625368
3,0.19503792066574097,0.1570931544303894
4,0.1743888952255249,0.13801099634170533
5,0.16925981998443604,0.2835626516342163
6,0.15819590253829957,0.165590145111084
7,0.1572615900993347,0.12403482675552369
8,0.1456447461128235,0.13302480268478395
9,0.14322187719345092,0.1917728877067566
10,0.13719188890457154,0.1617669835090637
11,0.13264973468780517,0.11803759384155274
12,0.13247238302230835,0.10890834951400757
13,0.12886553020477295,0.14423002767562867
14,0.1279525408744812,0.1285121555328369
15,0.12202111625671387,0.1144824481010437
16,0.12305576982498169,0.12804687023162842
17,0.1187813536643982,0.12020249938964844
18,0.11849832363128662,0.12358509159088135
19,0.11396862821578979,0.10374110174179077
20,0.11511690845489501,0.1197960524559021
21,0.11429753694534302,0.1049474515914917
22,0.11347595233917236,0.14944343852996828
23,0.10956095924377442,0.16590837144851683
24,0.10987527675628662,0.10233016538619995
25,0.10914105587005615,0.09939997482299805
26,0.10521442060470582,0.10779533290863037
27,0.10658682928085327,0.09996585273742675
28,0.10350846519470215,0.0972271499633789
29,0.10453727569580078,0.1698113579750061
30,0.10670039768218995,0.1061342625617981
31,0.10332313957214355,0.09370702457427979
32,0.10034275360107422,0.1958403172492981
33,0.10138863525390625,0.12266089868545532
34,0.10488154106140136,0.1226106162071228
35,0.09767075824737549,0.1032842116355896
36,0.10069932203292847,0.09414480972290039
37,0.097308003616333,0.08865356302261353
38,0.0975940273284912,0.09276189374923706
39,0.09664018850326538,0.0979697208404541
40,0.09817624979019166,0.1748861050605774
41,0.09860330905914307,0.12134253120422363
42,0.09704849281311036,0.09913209581375122
43,0.09555637493133545,0.29775875186920164
44,0.09968657817840576,0.11917654275894166
45,0.09538769931793213,0.11230129337310792
46,0.09374161128997803,0.08864346933364868
47,0.09480999994277954,0.09932450532913208
48,0.09179204597473145,0.09117594766616821
49,0.09150986070632934,0.0943377022743225
50,0.09171045026779175,0.11150021314620971
51,0.09365637035369873,0.12447494554519653
52,0.09222519874572754,0.11576628684997559
53,0.09106504974365234,0.09382197141647339
54,0.0901271273612976,0.15616825675964355
55,0.09379111518859863,0.08875631046295165
56,0.09109535312652588,0.09174322986602783
57,0.08920203008651734,0.08468522882461547
58,0.0880480770111084,0.0881066541671753
59,0.0874247169494629,0.0843755054473877
60,0.08726790132522583,0.09545197868347167
61,0.08979715204238892,0.09539976692199707
62,0.08787600927352905,0.08787056350708009
63,0.08744335746765136,0.08355685758590699
64,0.08515530052185058,0.2098778281211853
65,0.08930418376922608,0.08796352672576904
66,0.08609794912338257,0.2145673236846924
67,0.08517752294540405,0.1899451060295105
68,0.08875498085021973,0.08554268836975097
69,0.08483352451324463,0.2654082164764404
70,0.08996093683242798,0.09437475633621216
71,0.08741043882369995,0.08107009410858154
72,0.08327610130310059,0.08179219484329224
73,0.08581597156524658,0.08370493412017822
74,0.08279075269699096,0.09444097471237183
75,0.08513308153152466,0.1617531108856201
76,0.08513113794326782,0.08476452779769897
77,0.08281118516921997,0.10489378547668457
78,0.08338265018463135,0.08094888782501221
79,0.08272637033462524,0.0842712426185608
80,0.08167699527740478,0.09459261846542358
81,0.08084301376342773,0.1034993462562561
82,0.08617393436431885,0.09232081031799316
83,0.08116586389541626,0.08814989280700683
84,0.08130609321594238,0.07911612606048583
85,0.08082563209533691,0.10464230585098266
86,0.08227685012817383,0.08557875347137452
87,0.08229683647155761,0.10240668630599975
88,0.08151948099136352,0.14951835870742797
89,0.08237603492736817,0.0807948431968689
90,0.07948750791549683,0.08429758977890014
91,0.08016616525650025,0.07983490562438965
92,0.08101330547332763,0.08662752676010131
93,0.07754178552627564,0.07799584150314331
94,0.0797677749633789,0.08101387691497802
95,0.08091577081680298,0.08593442106246948
96,0.07985559892654419,0.08754772090911865
97,0.07708666248321533,0.0987720890045166
98,0.08266607675552368,0.07826857900619506
99,0.07753251323699951,0.07845953226089478
100,0.0789130838394165,0.08474766540527344
101,0.07919425659179688,0.08520499420166015
102,0.08037690334320069,0.07905659008026122
103,0.07819530477523803,0.1447342963218689
104,0.07684936780929566,0.08831382608413696
105,0.07804883947372436,0.08066510438919067
106,0.07681060352325439,0.08564676380157471
107,0.07707695293426514,0.1326897611618042
108,0.07755604782104492,0.08505588150024414
109,0.07739157724380494,0.08577285575866699
110,0.07665999593734742,0.07714686393737794
111,0.07741032342910767,0.07845933628082276
112,0.0767569299697876,0.07922583293914795
113,0.07778225193023681,0.07899707126617432
114,0.07530451650619507,0.10696529817581177
115,0.07653091783523559,0.10607421255111694
116,0.07618057699203491,0.10500294876098633
117,0.07680528259277344,0.08318178224563598
118,0.0758782314300537,0.07720467472076416
119,0.0753750726699829,0.08697490358352661
120,0.07542679948806763,0.1567943911552429
121,0.07728653659820557,0.07706445598602295
122,0.07441855163574218,0.09902526998519898
123,0.07580956010818482,0.10521556663513183
124,0.07479296588897705,0.0843574743270874
125,0.07420466480255127,0.08003423118591309
126,0.07389286041259766,0.14580562973022462
127,0.07509904870986939,0.07883658790588378
128,0.07515748071670532,0.0788516492843628
129,0.07398857774734498,0.08145505952835083
130,0.07257640714645386,0.08053432369232177
131,0.07522910232543946,0.08634919166564942
132,0.07452019348144531,0.07973309707641602
133,0.07281719894409179,0.07862816190719604
134,0.07266278533935547,0.07858497858047485
135,0.07322732086181641,0.09653448057174682
136,0.07420218353271485,0.07670635509490967
137,0.07364174346923828,0.09358482217788697
138,0.07295038957595826,0.08246905040740966
139,0.07304819908142089,0.07936081886291504
140,0.07170333833694457,0.07992521286010743
141,0.07292906856536865,0.08750841045379638
142,0.07347523641586304,0.09256572389602662
143,0.07282003049850463,0.09339729404449462
144,0.07067195119857789,0.07714440965652467
145,0.07245909547805786,0.07825262355804444
146,0.07296740989685059,0.0779456524848938
147,0.07126534795761108,0.08190376996994018
148,0.07173164081573487,0.0768388843536377
149,0.07116048917770386,0.07750185060501098
150,0.07196159772872925,0.0759875693321228
151,0.07135180253982544,0.07951849365234374
152,0.07105630483627319,0.07731265640258789
153,0.0694856029510498,0.07849106311798096
154,0.06975984945297241,0.07985831594467163
155,0.07026848669052124,0.07861890268325805
156,0.06974309349060058,0.07950760316848755
157,0.06899731130599976,0.07703204107284546
158,0.07058037748336791,0.12488811826705933
159,0.07108633842468262,0.08549812030792237
160,0.07048891124725341,0.09455828523635865
161,0.07024804763793946,0.08706087684631347
162,0.06822466735839844,0.08091720342636108
163,0.06854121494293212,0.08464900636672974
164,0.071543860912323,0.10106123447418212
165,0.06886309366226197,0.07582120370864869
166,0.06848237056732177,0.0758491325378418
167,0.06918850946426391,0.07786967325210571
168,0.06909604091644288,0.07831393814086914
169,0.07008146114349366,0.07976738166809082
170,0.06905581331253052,0.07872333335876465
171,0.06887385206222534,0.07710207796096802
172,0.06814365558624268,0.07834825229644775
173,0.06776936569213868,0.08503011894226074
174,0.06856797761917115,0.09191319513320922
175,0.06595545291900634,0.0965877766609192
176,0.06668956155776977,0.19939251470565797
177,0.07011103982925415,0.08718972539901733
178,0.06825910129547119,0.07728488540649414
179,0.06905050563812255,0.08890757989883423
180,0.0668684464454651,0.08130584335327148
181,0.0681257399559021,0.07681295299530029
182,0.06687416286468506,0.10070007419586181
183,0.0689928915977478,0.08838329839706421
184,0.0667371283531189,0.08360305404663086
185,0.06580231657028199,0.0798213930130005
