epoch,loss,val_loss
0,0.64335390625,0.6441772470474243
1,0.3897740902900696,0.227295072555542
2,0.24649845390319824,0.310656991481781
3,0.2021683490753174,0.14232970237731934
4,0.1811200463294983,0.1523477373123169
5,0.16810420513153077,0.13454279565811159
6,0.15752842283248902,0.1221159086227417
7,0.1471615758895874,0.22848881340026855
8,0.1440518617630005,0.2718792939186096
9,0.13994862003326416,0.14165742111206053
10,0.13280543098449707,0.10104503488540649
11,0.1283932933807373,0.21185905599594115
12,0.12917747383117675,0.15738219499588013
13,0.1258751142501831,0.09835284614562988
14,0.11860935859680176,0.09865320110321045
15,0.1170934663772583,0.10068698167800903
16,0.11533252820968629,0.12241755437850953
17,0.1112171633720398,0.09591983842849731
18,0.11160615949630737,0.10116737508773804
19,0.10787281579971314,0.09073418712615967
20,0.11085204734802247,0.09001242065429688
21,0.1047086298942566,0.15910982608795166
22,0.10760649337768555,0.10510934638977051
23,0.10315639553070069,0.08797315979003906
24,0.10327950162887574,0.09414550113677979
25,0.09849907608032227,0.09880519628524781
26,0.10261689729690551,0.08118599891662598
27,0.09942496719360351,0.08257394886016846
28,0.09899113512039184,0.17423024320602418
29,0.09767390727996826,0.08230084753036498
30,0.0955835594177246,0.09400062799453736
31,0.0978013882637024,0.1155518159866333
32,0.095645028591156,0.09934487771987915
33,0.09212019844055176,0.07732289266586304
34,0.09398166131973267,0.08306067991256715
35,0.09241576051712036,0.09095507335662842
36,0.09036580142974854,0.11450171947479248
37,0.09340961036682129,0.07821349811553956
38,0.09192228164672851,0.07448534679412842
39,0.09023375396728515,0.09446847152709961
40,0.09065705184936523,0.11795773935317994
41,0.09006749086380005,0.20320957374572754
42,0.09046637516021729,0.07364710235595703
43,0.08749025793075561,0.08395826816558838
44,0.08861732063293457,0.09479710006713868
45,0.0887580099105835,0.1226222105026245
46,0.08721633348464966,0.09632392978668212
47,0.08430020542144775,0.07557377243041992
48,0.08738476600646973,0.12181830167770386
49,0.08674266624450684,0.07261063146591186
50,0.08508145847320557,0.07275601053237915
51,0.08240289688110351,0.11402482366561889
52,0.0874626968383789,0.11795896291732788
53,0.08474781694412231,0.08086572265625
54,0.08465980806350708,0.09771998882293702
55,0.08347506017684936,0.07262042999267578
56,0.08176118726730347,0.08010924005508423
57,0.08193834285736085,0.07040686321258545
58,0.08314118919372558,0.09838960123062133
59,0.08226760635375976,0.08388947868347169
60,0.08076050243377686,0.08874089670181275
61,0.08127047548294067,0.06959331178665161
62,0.08222976188659668,0.07095356178283692
63,0.07947354497909546,0.10164149856567382
64,0.07901543426513671,0.0816610803604126
65,0.08028427171707153,0.1056079592704773
66,0.08059787044525146,0.08204304742813111
67,0.08026333999633789,0.07103830003738404
68,0.07691376342773437,0.09477885389328003
69,0.07934062871932983,0.10723700094223022
70,0.08148999433517456,0.07206049251556397
71,0.0758900806427002,0.08189572238922119
72,0.07866791944503784,0.0914909839630127
73,0.0795390474319458,0.08512515592575073
74,0.07754358835220337,0.07127334117889404
75,0.07694718227386474,0.07680457735061645
76,0.07810427312850952,0.07010356855392456
77,0.07546416635513306,0.06894887971878051
78,0.07661892490386962,0.07022620820999145
79,0.07640340900421143,0.0860462646484375
80,0.07758832941055298,0.09099183797836304
81,0.07468879795074462,0.1334592547416687
82,0.07604783477783203,0.0898215823173523
83,0.07868474082946778,0.06778328704833984
84,0.07535988502502441,0.0695418267250061
85,0.0744977071762085,0.06686317348480225
86,0.07534704847335816,0.10166193914413452
87,0.07397923860549926,0.06939618015289306
88,0.07384580478668212,0.07174175024032593
89,0.07435958337783813,0.07464089345932007
90,0.07344057474136352,0.06861770582199096
91,0.07379373102188111,0.09944021558761597
92,0.0751322494506836,0.10857481479644776
93,0.07533224182128906,0.0704891562461853
94,0.0723082200050354,0.08610490655899047
95,0.07526760883331299,0.06833029460906982
96,0.07353049983978271,0.08245707511901855
97,0.0717144702911377,0.06893415880203248
98,0.07322649660110474,0.10491520929336548
99,0.07533582811355591,0.07104726076126099
100,0.07097964725494385,0.06714912700653076
101,0.07302796707153321,0.06548833799362183
102,0.07198818264007568,0.07864103984832764
103,0.07299149169921874,0.06845307731628418
104,0.07052921838760376,0.06914550638198852
105,0.06991905946731568,0.06853798961639404
106,0.07242580375671387,0.07107140064239502
107,0.07099427995681763,0.06440969371795655
108,0.0728016918182373,0.06540183210372925
109,0.07170648603439331,0.07091869497299194
110,0.07053524560928345,0.06526259326934815
111,0.07055076942443847,0.06965630197525025
112,0.06982586936950684,0.07915161275863647
113,0.0716586142539978,0.06837354755401612
114,0.0722552017211914,0.06578711605072021
115,0.06926227293014527,0.12661355113983155
116,0.0742705325126648,0.06549759817123413
117,0.06752313108444213,0.06607433032989501
118,0.06831950426101685,0.07953054714202881
119,0.06891746940612793,0.07372007846832275
120,0.06906975774765015,0.07438543701171875
121,0.07078746728897095,0.06640393543243409
122,0.06892509365081786,0.06463368558883667
123,0.06947902479171753,0.11325703859329224
124,0.07025677194595337,0.06818928527832031
125,0.06697313032150269,0.06604492521286011
126,0.06966326055526734,0.06659395790100098
127,0.06920365514755249,0.07200757312774658
