epoch,loss,val_loss
0,0.6800338840484619,0.6756609363555908
1,0.4106635199546814,0.3322915539741516
2,0.3380690119743347,0.31048921632766724
3,0.32407746505737306,0.2864162654876709
4,0.3108198758125305,0.3553221883773804
5,0.30088703088760377,0.28091930866241455
6,0.2946122222900391,0.3247540636062622
7,0.28992299308776853,0.33178067398071287
8,0.2865767404556274,0.27620878839492796
9,0.2823558539390564,0.27356491470336913
10,0.2770541788101196,0.2753660435676575
11,0.2737098351478577,0.26280301427841185
12,0.27470820903778076,0.2526924314498901
13,0.2719350921630859,0.27823988103866576
14,0.2698687392234802,0.26046966075897215
15,0.2677497759819031,0.2704459319114685
16,0.26713344316482546,0.2513477940559387
17,0.2656538416862488,0.2648535051345825
18,0.261608678150177,0.25692525911331177
19,0.2627278540611267,0.2709107894897461
20,0.26190881662368776,0.27693359518051147
21,0.25735510873794554,0.37820804405212405
22,0.2568602744102478,0.2781561560630798
23,0.2580019173622131,0.2452145519256592
24,0.25557476119995115,0.2521949300765991
25,0.25219764127731326,0.23524507093429564
26,0.25407144231796264,0.24813257217407225
27,0.25135741205215456,0.2419535050392151
28,0.249138485622406,0.2594684839248657
29,0.25135076417922975,0.2435377788543701
30,0.24930885572433473,0.24813425731658936
31,0.2492429588317871,0.22763978767395018
32,0.24806116456985475,0.22474301481246947
33,0.24715359563827516,0.2733978519439697
34,0.24601857137680053,0.24148624229431154
35,0.2432955138206482,0.2473808207511902
36,0.2446963066101074,0.24814574813842774
37,0.24355250215530397,0.3001648669242859
38,0.2421978922843933,0.22152921628952027
39,0.24113507356643676,0.22093473196029664
40,0.24113537101745605,0.2756104741096497
41,0.2396499478340149,0.22407319688796998
42,0.2384569790840149,0.25442699337005614
43,0.2370634959220886,0.2659913029670715
44,0.23856522617340087,0.2279473457336426
45,0.23598419275283813,0.22506077098846436
46,0.23592389764785768,0.2294365291595459
47,0.2370207085609436,0.21652115678787232
48,0.23657324829101561,0.21769513034820556
49,0.23313901138305665,0.25069416904449465
50,0.23391358194351197,0.2517245635986328
51,0.22984367189407348,0.22297669792175293
52,0.2319107036590576,0.24480630493164063
53,0.23084139804840087,0.268193528175354
54,0.22927111158370972,0.23603977870941162
55,0.23144552268981933,0.2215955672264099
56,0.2311017231941223,0.23340339803695678
57,0.22929078464508057,0.24095281314849853
58,0.230511248588562,0.2399948501586914
59,0.22822106466293335,0.22288223218917846
60,0.22834847240447997,0.23048413038253784
61,0.229526033782959,0.23264371490478516
62,0.2271370439529419,0.21278134775161744
63,0.22573867664337158,0.213141037940979
64,0.22660307512283326,0.21351172304153443
65,0.226757542514801,0.23039497709274293
66,0.2274174105644226,0.21006257152557373
67,0.22646809310913085,0.2185731382369995
68,0.22444804487228392,0.2955955753326416
69,0.2268589663505554,0.20870559692382812
70,0.2236319390296936,0.2474071249961853
71,0.22517612886428834,0.20919411849975586
72,0.22279272375106812,0.22004875469207763
73,0.2229668031692505,0.257595112323761
74,0.22446436758041383,0.2298851833343506
75,0.22350156259536744,0.21558615493774413
76,0.22312593240737916,0.2126183786392212
77,0.22118565092086792,0.24395392417907716
78,0.22046761837005616,0.2113392310142517
79,0.221145551776886,0.2274274911880493
80,0.22171571168899537,0.20527313137054443
81,0.221652432346344,0.21300242185592652
82,0.22101145315170287,0.24205776643753052
83,0.2203734910964966,0.21746435499191283
84,0.21913119344711304,0.2093703260421753
85,0.2161018479347229,0.22224089574813843
86,0.22081822357177736,0.20264043712615967
87,0.22059444580078125,0.32007905864715575
88,0.2196222017288208,0.20718171310424804
89,0.21993501882553101,0.2081303367614746
90,0.2212075659751892,0.21337374544143678
91,0.21771153764724732,0.20598332405090333
92,0.2192185746192932,0.21839611673355103
93,0.2183695264816284,0.21448840188980103
94,0.21812731227874757,0.21169004726409912
95,0.21747601404190064,0.21024874877929686
96,0.21638062362670898,0.2060978946685791
97,0.2185573061943054,0.20788974332809448
98,0.21698067827224732,0.2034020037651062
99,0.21722333965301513,0.20448235607147217
100,0.2155083348274231,0.23857184553146363
101,0.21777885208129882,0.20953905916213988
102,0.2133366379737854,0.22342678117752074
