epoch,loss,val_loss
0,0.7094321144104004,0.5145431208610535
1,0.43077892227172854,0.4053064308166504
2,0.30488163375854493,0.3140439124107361
3,0.24405315113067627,0.18713853073120118
4,0.22048094701766968,0.19413145112991334
5,0.20193847455978395,0.18315025186538697
6,0.19045878982543946,0.16527670001983644
7,0.18243987016677857,0.1344506402015686
8,0.17085370931625365,0.16062156629562377
9,0.17081269874572755,0.13527327251434326
10,0.15858408346176148,0.22482371854782104
11,0.15745450925827026,0.12193618965148925
12,0.1497324960708618,0.11504303693771362
13,0.15353200302124023,0.12170199394226074
14,0.1399481442451477,0.450883912563324
15,0.14632917156219483,0.10844829702377319
16,0.13498113803863526,0.14290361404418944
17,0.13290798978805543,0.1300774245262146
18,0.12769909811019897,0.10522240257263184
19,0.12354523029327392,0.14110756158828736
20,0.1266561032295227,0.10898026418685913
21,0.12252500686645508,0.11176870059967041
22,0.1183856559753418,0.09737450504302979
23,0.11819163990020752,0.1221982421875
24,0.1150480375289917,0.1660150227546692
25,0.113549481010437,0.10460636329650878
26,0.11151982488632202,0.11067634916305542
27,0.11077778835296631,0.09026734781265258
28,0.10463099164962769,0.08813792705535889
29,0.10677529401779175,0.09892087841033935
30,0.10616847848892212,0.0841733865737915
31,0.10319076299667358,0.10175767517089844
32,0.10475268220901489,0.21268827819824218
33,0.1000895920753479,0.1066131615638733
34,0.10175255546569824,0.09505499696731567
35,0.09462663011550904,0.1852661395072937
36,0.10090305767059327,0.09082150030136109
37,0.09556454143524169,0.08535067081451415
38,0.09681720037460327,0.16800621604919433
39,0.0976116994857788,0.10298884630203248
40,0.09379191303253173,0.09574613475799561
41,0.09487616701126099,0.08895948982238769
42,0.09300765237808227,0.10796182012557984
43,0.09170135040283203,0.10367443132400513
44,0.08950504035949707,0.07991672611236572
45,0.09299186992645264,0.09861427307128906
46,0.08869420700073243,0.13437405109405517
47,0.0898291651725769,0.07635845470428466
48,0.08650250978469849,0.08081357717514039
49,0.08858424491882325,0.07980317163467407
50,0.08663053941726685,0.08694761800765992
51,0.08190607252120971,0.1457655825614929
52,0.0863523941040039,0.08013285398483276
53,0.08402490911483765,0.47634713506698606
54,0.09170875616073608,0.08518626928329467
55,0.08465837640762329,0.08187541246414184
56,0.08333016319274902,0.07668764972686767
57,0.08104492874145508,0.07893231105804444
58,0.08082936601638795,0.10681198024749756
59,0.08031268453598023,0.07745749425888061
60,0.08273259172439575,0.07888945531845093
61,0.0795271348953247,0.07449007892608643
62,0.07973611860275269,0.08611819124221802
63,0.07992444696426391,0.07266166687011719
64,0.07915767936706543,0.10237634229660034
65,0.07634908390045166,0.08835064125061035
66,0.07943850221633911,0.07383586692810058
67,0.07747417631149292,0.10257539463043212
68,0.07850986080169678,0.07313410043716431
69,0.07671275005340576,0.07399347877502441
70,0.07702859077453614,0.07366052770614624
71,0.07559388132095336,0.12640800333023072
72,0.07553295259475708,0.096664466381073
73,0.07740733766555787,0.07308095598220825
74,0.07331774282455444,0.06830978441238403
75,0.07621305751800538,0.11338412141799926
76,0.07194702577590942,0.0712402982711792
77,0.07231867227554321,0.13355214309692381
78,0.07473462839126586,0.473723849773407
79,0.08257725868225098,0.13047688579559327
80,0.07459938554763794,0.1143918719291687
81,0.07435796947479248,0.1311440987586975
82,0.071913241481781,0.06800060987472534
83,0.07150988187789917,0.07181380701065064
84,0.0716278447151184,0.10430098819732667
85,0.07293665246963502,0.09578656053543091
86,0.07182846307754516,0.06702492761611939
87,0.06964941329956055,0.12053553438186645
88,0.07163470239639282,0.10116036367416383
89,0.07205365142822266,0.0667185664176941
90,0.06958556251525878,0.08256262111663819
91,0.07203072261810303,0.0790796594619751
92,0.07038260717391968,0.14728447341918946
93,0.07125258769989014,0.06729162406921387
94,0.06837452287673951,0.06575474166870117
95,0.06830257654190064,0.07462994003295899
96,0.06896309251785278,0.07205941772460937
97,0.069337948513031,0.06918598699569702
98,0.07001182708740235,0.0856336178779602
99,0.06971464614868164,0.07358523321151733
100,0.06770643539428711,0.0706918272972107
101,0.06846548614501953,0.07356690979003906
102,0.06500277271270752,0.0701723976135254
103,0.06771437673568725,0.0735209093093872
104,0.06723017635345459,0.06776698970794678
105,0.06585883235931396,0.06716059398651122
106,0.06836289510726928,0.07244501924514771
107,0.06667423505783081,0.07057185173034668
108,0.06796646356582642,0.07924066638946534
109,0.06637997570037842,0.0808191328048706
110,0.0676661021232605,0.06662265491485596
