epoch,loss,val_loss
0,0.9621100518226624,0.9114531764984131
1,0.8975285358428955,0.9199587821960449
2,0.8794193357467651,0.8864814133644104
3,0.8740845510482788,0.8926000657081604
4,0.8670394391059876,0.9103418731689453
5,0.8611691520690918,0.9182072052955628
6,0.8588280666351318,0.8871917896270752
7,0.8533463182449341,0.8414498000144959
8,0.8445636056900024,0.9013488492965698
9,0.8386426812171937,0.9288119878768921
10,0.8398129091262817,0.8449045505523681
11,0.8290124709129334,0.8611053724288941
12,0.8274616320610046,0.8786746973991394
13,0.8253345682144165,0.8331979751586914
14,0.8197868813514709,0.9230572438240051
15,0.8179926997184753,0.8651726379394531
16,0.8127178476333619,0.8094246368408203
17,0.8104135301589965,0.9320038313865662
18,0.8072374114990234,0.9481599817276001
19,0.8145423198699951,0.7982859001159668
20,0.7999941705703736,0.8119336357116699
21,0.8017379076957702,0.7954164643287659
22,0.8013888622283936,0.8145278906822204
23,0.8002196771621705,0.815454484462738
24,0.7976265181541443,0.9207321152687072
25,0.7975650881767273,0.8196355080604554
26,0.792771834564209,0.8047442655563355
27,0.7897522497177124,0.825223774433136
28,0.7919306336402893,0.8230521593093872
29,0.7929902502059937,0.9474041080474853
30,0.8178341185569763,0.8408748178482056
31,0.7896960946083069,0.7894101061820984
32,0.7897814023971558,0.7984421763420105
33,0.7864180103302002,0.7861021461486817
34,0.7865844635009765,0.8864701118469238
35,0.7863265800476075,0.7969165091514587
36,0.784124059009552,0.7851872501373292
37,0.7830767663955689,0.809966588973999
38,0.7819804705619812,0.798475975036621
39,0.7834128242492676,0.7841167902946472
40,0.7783960933685303,0.8402601943016053
41,0.7838332308769226,0.8596995062828064
42,0.7837519807815552,0.8194749755859375
43,0.7779026342391968,0.845204405784607
44,0.780705020236969,0.778538634300232
45,0.7776378079414368,0.9008630023002625
46,0.7772880261421203,0.9009987373352051
47,0.7784687415122986,0.8049963445663452
48,0.7774010385513306,0.7942207627296448
49,0.7733469522476196,0.7969979925155639
50,0.7710993207931519,0.7919064044952393
51,0.7758642761230469,0.7832077927589417
52,0.7727303564071655,0.7962573838233947
53,0.7732929332733154,0.787198100566864
54,0.7733702961921692,0.7829575114250183
55,0.7696143747329712,0.8024622144699096
56,0.7727424351692199,0.8211434059143067
57,0.7740181740760803,0.7834312152862549
58,0.7712936248779297,0.8020210409164429
59,0.7687838949203492,0.8825305895805359
60,0.7663631620407104,0.7841449861526489
61,0.770352714920044,0.8179247183799744
62,0.7665870714187623,0.8903977680206299
63,0.7678934465408325,0.788625901222229
64,0.7679631265640259,0.8500461392402648
