epoch,loss,val_loss
0,0.6479793284416199,0.5681637811660767
1,0.4148204813957214,0.35060160827636716
2,0.3009959422111511,0.32392172574996947
3,0.25163786334991456,0.1893534617424011
4,0.2319334899902344,0.17681127405166627
5,0.21038766736984252,0.32745373916625975
6,0.19947718172073364,0.2055312910079956
7,0.19129399671554564,0.1543744602203369
8,0.18172960100173952,0.14543709993362428
9,0.17910864639282226,0.1482395625114441
10,0.16779751319885253,0.14287673759460448
11,0.16317991542816163,0.12349708032608032
12,0.1561670433998108,0.20471212434768676
13,0.1545942545890808,0.20019070482254028
14,0.15384015607833862,0.11060461950302124
15,0.15092923707962036,0.20687749433517455
16,0.13587233772277832,0.2303058280944824
17,0.14223588390350342,0.1682866053581238
18,0.1360227026939392,0.16647935962677002
19,0.13334247131347657,0.11751586246490478
20,0.12345289335250854,0.20538778972625732
21,0.12017519359588623,0.12180942058563232
22,0.11750611629486084,0.09915931653976441
23,0.11961291780471801,0.11903686857223511
24,0.11614873542785645,0.09933552408218384
25,0.11521066303253173,0.10449445343017578
26,0.11141460628509521,0.10888891267776489
27,0.11130232038497925,0.09995699739456176
28,0.10583241806030273,0.13295840978622436
29,0.10677324438095093,0.08321311616897584
30,0.1043800591468811,0.14849006509780885
31,0.10712342653274536,0.0912824182510376
32,0.10292373895645142,0.10319076585769653
33,0.09949819622039795,0.0820206208229065
34,0.10009850273132324,0.10775445508956909
35,0.10224705591201783,0.1239797534942627
36,0.09972098846435547,0.08711969470977783
37,0.09633072710037231,0.0941850266456604
38,0.09562119207382203,0.10745640516281128
39,0.09697858362197875,0.0870478515625
40,0.09161920967102051,0.11196745252609253
41,0.09453841056823731,0.07837132692337036
42,0.09392341947555542,0.11503804397583008
43,0.09103968725204467,0.09230415391921996
44,0.09182771921157837,0.08381884813308715
45,0.09069442386627197,0.08312362194061279
46,0.08685122470855713,0.09223920249938965
47,0.08784702100753784,0.1019139084815979
48,0.08871349277496338,0.08407998847961426
49,0.08761213808059692,0.0993595666885376
50,0.08404921092987061,0.1012578239440918
51,0.08567810392379761,0.1325285587310791
52,0.08434572095870972,0.09007276201248168
53,0.08430063409805298,0.11282101821899414
54,0.0855948676109314,0.07398474216461182
55,0.08447648811340332,0.07877803134918213
56,0.08284890232086181,0.08099144792556763
57,0.08344211378097534,0.09979600477218628
58,0.08708832712173462,0.07290956306457519
59,0.08173035144805908,0.07826462841033935
60,0.08010751361846924,0.08748847484588623
61,0.08100319242477418,0.07632273530960083
62,0.08140949716567993,0.0749823808670044
63,0.08121501741409302,0.08202634334564209
64,0.0811257158279419,0.08494024562835693
65,0.08029287509918213,0.07707905626296997
66,0.07808170337677002,0.07488705444335937
67,0.07928987226486206,0.0815952410697937
68,0.07769594402313232,0.08451789379119873
69,0.07972955741882325,0.07973680686950683
70,0.0783039023399353,0.08168169689178467
71,0.07729251155853271,0.10230138444900513
72,0.07534871082305908,0.08790016460418701
73,0.07826675186157227,0.07599260425567626
74,0.077394140625,0.08220100688934326
