epoch,loss,val_loss
0,0.580533835220337,0.29561974811553954
1,0.3126874535560608,0.2085777940750122
2,0.20945029020309447,0.1462584137916565
3,0.16588240432739257,0.1207905616760254
4,0.1470558493614197,0.12991286182403564
5,0.13914282388687133,0.18255949354171752
6,0.13071070003509522,0.11101800775527954
7,0.12273260402679444,0.08951560068130493
8,0.11802680654525757,0.08544535446166993
9,0.11014716777801514,0.08712573862075805
10,0.10374684543609619,0.07278812408447266
11,0.09737932214736938,0.06945277738571166
12,0.09453646602630615,0.0978885178565979
13,0.0959102276802063,0.08743298768997193
14,0.08871915521621704,0.18124531078338624
15,0.09032983083724976,0.08021255302429199
16,0.0852281328201294,0.07027947235107422
17,0.0834211506843567,0.12210188150405883
18,0.0808305519104004,0.07314846897125245
19,0.07817863359451294,0.10395547246932983
20,0.07998842678070069,0.08880533218383789
21,0.07841117258071899,0.07004038524627686
