epoch,loss,val_loss
0,0.6798986822128296,0.30916806411743164
1,0.29828093185424803,0.14665748262405395
2,0.1735912775993347,0.18175169563293456
3,0.1437204644203186,0.12788693284988403
4,0.1288440676689148,0.17802442312240602
5,0.1188614465713501,0.09794865989685059
6,0.11104154052734375,0.08970997476577759
7,0.10693110055923462,0.08321284532546996
8,0.09838221998214722,0.09602728605270386
9,0.09751453466415405,0.16030939912796022
10,0.09593416519165039,0.13691429233551025
11,0.09170016279220582,0.12799607515335082
12,0.08849506750106811,0.07938022994995117
13,0.08824862537384033,0.08087747764587402
14,0.08790952110290527,0.07861177206039428
15,0.08358419818878174,0.07166200017929077
16,0.08225680923461914,0.16069687414169312
17,0.08368202495574951,0.07361315107345581
18,0.07885511980056763,0.07451570081710815
19,0.08035172815322876,0.070723952293396
20,0.07993079776763916,0.08598974275588989
21,0.0773160385131836,0.0751281909942627
22,0.0778031065940857,0.11188017511367798
23,0.07543786325454711,0.08775968265533447
24,0.07636957330703735,0.07223293161392212
25,0.07425655326843261,0.06984858798980713
26,0.07514882974624634,0.18550037479400636
27,0.07309774570465088,0.07472907209396362
28,0.07266932792663575,0.06828815841674804
29,0.07339911575317383,0.06276622676849365
30,0.07112185201644898,0.08782509899139404
31,0.06981592674255371,0.06847180652618408
32,0.0710971755027771,0.11103467798233033
33,0.07123960647583008,0.06819597625732422
34,0.06920030479431152,0.06211412572860718
35,0.06885131254196167,0.06966126918792724
36,0.06763421049118042,0.09585486125946045
37,0.06880411281585694,0.061276906490325925
38,0.06684771566390992,0.06074825143814087
39,0.06686844139099121,0.062082032680511476
40,0.06668964071273804,0.05896264219284058
41,0.06599026288986207,0.06308706140518189
42,0.06634964284896851,0.06005289697647095
43,0.06590094814300537,0.06070890378952026
44,0.06526169967651367,0.05883436870574951
45,0.0649212082862854,0.07512099409103394
46,0.06477646131515503,0.07866563272476196
47,0.06403002738952637,0.06114332628250122
48,0.06339435920715332,0.06295176124572754
49,0.06385657033920288,0.07432343339920044
50,0.06416020040512085,0.05908228969573975
51,0.06319855518341065,0.05974927949905395
52,0.06105648365020752,0.07212912321090698
53,0.06407804775238037,0.05898178577423096
54,0.06239236307144165,0.10276962089538574
55,0.0629688585281372,0.05794505739212036
56,0.062092301273345946,0.06844531965255737
57,0.06219512510299682,0.057333540439605715
58,0.061409218120574954,0.05802043676376343
59,0.061871244716644284,0.056754711627960204
60,0.06134727077484131,0.06873272800445557
61,0.0606916054725647,0.0796958680152893
62,0.06127172479629517,0.06623514461517334
63,0.060130787563323976,0.055282183170318605
64,0.06129595489501953,0.05734745645523071
65,0.05973443832397461,0.05566694593429566
66,0.06075189189910889,0.061208198070526125
67,0.060092252159118655,0.058698245525360106
68,0.059399619197845456,0.05778565549850464
69,0.060277707862854,0.05548323583602905
70,0.06013774490356445,0.055079984664916995
71,0.059875478553771976,0.05550368213653564
72,0.058649134826660156,0.06319821977615356
73,0.05906450872421265,0.06836912870407104
74,0.05882230281829834,0.1849433822631836
75,0.06091378059387207,0.0616988844871521
76,0.05935160551071167,0.05797947835922241
77,0.05774974346160889,0.05620063781738281
78,0.05859617357254028,0.06901611471176147
79,0.05906105718612671,0.0547903904914856
80,0.05799691028594971,0.06609291505813598
81,0.05857691535949707,0.08709665441513062
82,0.05873493661880493,0.09346319770812989
83,0.05818414134979248,0.06352066469192505
84,0.058067510604858395,0.05953081464767456
85,0.05803969669342041,0.059857331275939944
86,0.05751703987121582,0.0594581971168518
87,0.05661492691040039,0.07111918640136719
88,0.05873110523223877,0.06852807331085205
89,0.05646350269317627,0.06190697526931763
90,0.05792667512893677,0.056805260181427
91,0.05700722026824951,0.08714198637008667
92,0.05578397550582886,0.056552167892456054
93,0.05772091188430786,0.058791613101959225
94,0.05577742290496826,0.054182588577270506
95,0.0563019227027893,0.05640637016296387
96,0.05703898801803589,0.057950519561767576
97,0.05737500505447388,0.05472063064575195
98,0.056356235408782956,0.053202388286590574
99,0.05620914154052734,0.05429190349578857
100,0.05537803201675415,0.05253328561782837
101,0.05655698747634888,0.07559236955642701
102,0.05640529956817627,0.05828075790405273
103,0.05558978109359741,0.0633674955368042
104,0.05519821367263794,0.058970591068267825
105,0.05486328821182251,0.056553695678710936
106,0.05451405382156372,0.05967507171630859
107,0.05621131372451782,0.056003916263580325
108,0.05524623193740845,0.06832895278930665
109,0.05601072845458984,0.05593248701095581
110,0.05586544380187988,0.05449813413619995
111,0.055019389057159425,0.05919647693634033
112,0.0551163613319397,0.0552877197265625
113,0.05451253137588501,0.06952757692337036
114,0.05622610855102539,0.07052883863449097
115,0.05464856872558594,0.05685773992538452
116,0.05382093858718872,0.0820721583366394
117,0.055778252220153805,0.07400414133071899
118,0.05527945737838745,0.05448046875
119,0.05446162919998169,0.06842962837219238
120,0.05510465269088745,0.05762809085845947
