epoch,loss,val_loss
0,0.9999878299713135,0.9999877281188965
1,0.9999877927780151,0.9999876837730408
2,0.9999877662658692,0.9999876546859742
3,0.999987719631195,0.9999876165390015
4,0.9999876808166503,0.9999875798225403
5,0.9999876512527466,0.9999875431060791
6,0.9999876050949097,0.9999874987602234
7,0.9999875714302063,0.9999874620437622
8,0.9999875353813171,0.9999874238967895
9,0.999987493133545,0.9999873795509339
10,0.9999874503135681,0.9999873428344727
11,0.9999874051094055,0.9999872984886169
12,0.9999873720169067,0.9999872465133667
13,0.9999873308181763,0.9999872174263
14,0.999987283039093,0.9999871792793273
15,0.999987238407135,0.9999871273040771
16,0.9999871945381165,0.9999870753288269
17,0.9999871477127075,0.9999870386123657
18,0.9999870923042298,0.99998699426651
19,0.9999870537757873,0.9999869422912597
20,0.9999870016098023,0.999986882686615
21,0.9999869498252869,0.9999868307113647
22,0.9999869103431702,0.9999868016242981
23,0.9999868474960327,0.9999867420196533
24,0.9999868012428283,0.9999866976737976
25,0.9999867509841919,0.9999866380691528
26,0.9999867014884949,0.999986578464508
27,0.9999866407394409,0.9999865126609803
28,0.9999865874290467,0.9999864606857299
29,0.9999865273475647,0.9999864010810852
30,0.9999864708900452,0.9999863414764404
31,0.9999864137649536,0.9999862895011902
32,0.999986353111267,0.9999862298965454
33,0.9999862888336182,0.9999861640930175
34,0.9999862255096436,0.9999860968589783
35,0.999986172580719,0.9999860372543335
36,0.9999860922813415,0.9999859638214111
37,0.9999860408782959,0.9999859042167664
38,0.9999859680175781,0.9999858446121216
39,0.9999858916282653,0.9999857711791992
40,0.9999858282089233,0.9999856963157654
41,0.9999857549667358,0.9999856152534485
42,0.9999856808662414,0.9999855403900146
43,0.9999856101036072,0.9999854745864868
44,0.9999855219841003,0.9999853935241699
45,0.9999854449272155,0.9999853110313416
46,0.9999853694915771,0.9999852223396302
47,0.9999852849006653,0.9999851489067078
48,0.9999851937294006,0.9999850511550903
49,0.999985118675232,0.9999849700927734
50,0.9999850176811218,0.9999848737716674
51,0.9999849267959595,0.999984785079956
52,0.9999848249435425,0.999984673500061
53,0.999984738445282,0.9999845924377442
54,0.9999846334457397,0.9999844884872436
55,0.9999845373153686,0.9999843692779541
56,0.999984430885315,0.9999842805862427
57,0.9999843218803406,0.9999841766357422
58,0.9999842181205749,0.9999840588569641
59,0.999984103679657,0.9999839396476745
60,0.9999839906692505,0.999983820438385
61,0.9999838720321655,0.9999836950302124
62,0.9999837371826172,0.9999835758209229
63,0.9999836086273194,0.9999834427833557
64,0.9999834732055664,0.9999833097457885
65,0.9999833410263061,0.9999831690788269
66,0.9999832057952881,0.9999830269813538
67,0.9999830603599549,0.9999828786849976
68,0.9999829157829284,0.9999827165603637
69,0.9999827606201172,0.9999825682640076
70,0.9999825988769532,0.9999824047088623
71,0.9999824301719665,0.9999822335243225
72,0.9999822645187378,0.9999820637702942
73,0.9999820914268494,0.9999818863868714
74,0.999981902217865,0.9999816846847535
75,0.9999817204475403,0.9999814844131469
76,0.9999815162658692,0.9999812917709351
77,0.9999813074111938,0.999981077671051
78,0.9999810949325562,0.9999808621406555
79,0.9999808719635009,0.9999806175231933
80,0.9999806451797485,0.9999803805351257
81,0.9999804020881653,0.999980128288269
82,0.9999801462173462,0.9999798836708069
83,0.9999798868179322,0.999979594707489
84,0.9999796030044555,0.9999793195724487
85,0.9999793118476867,0.9999790229797363
86,0.9999790126800537,0.9999786972999573
87,0.9999787041664123,0.9999783778190613
88,0.9999783463478088,0.999978015422821
89,0.9999780162811279,0.9999776515960693
90,0.9999776200294495,0.9999772663116455
91,0.9999772364616394,0.9999768505096436
92,0.9999768140792846,0.9999764132499694
93,0.9999763741493225,0.9999759454727173
94,0.9999758873939514,0.9999754562377929
95,0.9999753851890564,0.9999749073982239
96,0.9999748481750488,0.9999743523597717
97,0.9999742622375488,0.9999737439155578
98,0.9999736342430114,0.9999730758666993
99,0.999972970199585,0.9999723496437073
100,0.9999722344398498,0.9999715852737426
101,0.9999714419364929,0.9999707322120667
102,0.9999705696105957,0.9999698057174683
103,0.9999696040153503,0.9999687752723694
104,0.9999685479164123,0.9999676485061646
105,0.9999673769950866,0.9999663796424866
106,0.9999660639762878,0.9999649486541748
107,0.9999645803451538,0.9999633541107178
108,0.9999629023551941,0.9999615225791931
109,0.9999610133171082,0.9999594159126282
110,0.999958788394928,0.9999569697380066
111,0.9999562081336975,0.9999540848731995
112,0.9999531495094299,0.9999506740570069
113,0.9999494908332824,0.9999465508460998
114,0.9999450352668762,0.9999414491653442
115,0.9999394903182983,0.9999350128173828
116,0.9999323375701904,0.9999264988899231
117,0.9999226842880249,0.999914737701416
118,0.9999088796615601,0.9998971991539002
119,0.9998872281074523,0.9998678231239319
120,0.9998478417396546,0.9998092126846313
121,0.9997561276435852,0.9996444725990296
122,0.9992727292060852,0.9960009002685547
123,0.09692873497009277,5.021095275878906e-06
124,5.609664916992187e-05,2.2573471069335937e-06
125,3.511581420898437e-05,1.3475418090820313e-06
126,2.4854278564453124e-05,9.002685546875e-07
127,1.878509521484375e-05,6.704330444335937e-07
128,1.50634765625e-05,5.235671997070313e-07
129,1.251068115234375e-05,4.2247772216796875e-07
130,1.0720062255859375e-05,3.3664703369140623e-07
131,9.433746337890624e-06,2.93731689453125e-07
132,8.150482177734375e-06,2.47955322265625e-07
133,7.372283935546875e-06,2.2029876708984376e-07
134,6.60552978515625e-06,2.0503997802734375e-07
135,5.97076416015625e-06,1.621246337890625e-07
136,5.602264404296875e-06,1.468658447265625e-07
137,5.03997802734375e-06,1.468658447265625e-07
138,4.65850830078125e-06,1.316070556640625e-07
139,4.47998046875e-06,1.316070556640625e-07
140,4.12139892578125e-06,1.0395050048828125e-07
141,3.87420654296875e-06,1.0395050048828125e-07
142,3.59649658203125e-06,8.869171142578125e-08
143,3.4393310546875e-06,7.343292236328125e-08
144,3.26385498046875e-06,7.343292236328125e-08
145,3.0670166015625e-06,7.343292236328125e-08
146,2.93121337890625e-06,7.343292236328125e-08
147,2.7408599853515626e-06,7.343292236328125e-08
148,2.6580810546875e-06,7.343292236328125e-08
149,2.55584716796875e-06,5.817413330078125e-08
150,2.45819091796875e-06,5.817413330078125e-08
151,2.31781005859375e-06,5.817413330078125e-08
152,2.25830078125e-06,5.817413330078125e-08
153,2.142333984375e-06,5.817413330078125e-08
154,2.081298828125e-06,5.817413330078125e-08
155,1.99737548828125e-06,4.57763671875e-08
156,1.9195556640625e-06,4.57763671875e-08
157,1.88751220703125e-06,4.57763671875e-08
158,1.79901123046875e-06,4.57763671875e-08
159,1.7578125e-06,3.0517578125e-08
160,1.678466796875e-06,3.0517578125e-08
161,1.64794921875e-06,3.0517578125e-08
162,1.58843994140625e-06,3.0517578125e-08
163,1.55029296875e-06,3.0517578125e-08
164,1.495361328125e-06,3.0517578125e-08
165,1.46942138671875e-06,3.0517578125e-08
166,1.4251708984375e-06,3.0517578125e-08
167,1.3671875e-06,3.0517578125e-08
168,1.34429931640625e-06,3.0517578125e-08
169,1.2939453125e-06,3.0517578125e-08
170,1.2725830078125e-06,3.0517578125e-08
171,1.24969482421875e-06,3.0517578125e-08
172,1.226806640625e-06,1.52587890625e-08
173,1.1932373046875e-06,1.52587890625e-08
174,1.17340087890625e-06,1.52587890625e-08
175,1.13677978515625e-06,1.52587890625e-08
176,1.12152099609375e-06,1.52587890625e-08
177,1.07574462890625e-06,1.52587890625e-08
178,1.06658935546875e-06,1.52587890625e-08
179,1.05743408203125e-06,1.52587890625e-08
180,1.0223388671875e-06,1.52587890625e-08
181,9.9945068359375e-07,1.52587890625e-08
182,9.81903076171875e-07,1.52587890625e-08
183,9.6893310546875e-07,1.52587890625e-08
184,9.3994140625e-07,1.52587890625e-08
185,9.246826171875e-07,1.52587890625e-08
186,9.2315673828125e-07,1.52587890625e-08
187,8.8348388671875e-07,1.52587890625e-08
188,8.72802734375e-07,1.52587890625e-08
189,8.636474609375e-07,1.52587890625e-08
190,8.4991455078125e-07,1.52587890625e-08
191,8.30078125e-07,1.52587890625e-08
192,8.1634521484375e-07,1.52587890625e-08
