epoch,loss,val_loss
0,0.6652332593917847,0.42737033891677856
1,0.40166336517333984,0.5535039730072021
2,0.27800367851257324,0.22986496925354005
3,0.22907998456954956,0.20801571416854858
4,0.20813178596496582,0.2010663356781006
5,0.19413228330612184,0.36985842323303225
6,0.1831788417816162,0.2165399785041809
7,0.180188987159729,0.13145550537109374
8,0.1742143889427185,0.1924093098640442
9,0.160964266872406,0.18212145280838013
10,0.1587825032234192,0.3013497858047485
11,0.16055053281784057,0.1838888874053955
12,0.14816938819885253,0.13138593816757202
13,0.14831679277420043,0.1170752477645874
14,0.14048859767913818,0.11842926788330078
15,0.1398024691581726,0.10775055408477784
16,0.1392819044113159,0.1274370093345642
17,0.1355555145263672,0.13704822969436645
18,0.1300696810722351,0.13199192428588868
19,0.1363421664237976,0.11309352827072143
20,0.13243744058609008,0.16119919013977052
21,0.125467333984375,0.11494356346130372
22,0.12186774797439576,0.15517017602920533
23,0.1275034222602844,0.10382891607284546
24,0.12129421920776368,0.10949074840545654
25,0.11921523876190186,0.1869828977584839
26,0.11760918045043946,0.11445438861846924
27,0.11667208242416381,0.18290830039978026
28,0.11516741638183593,0.17192199087142945
29,0.11286654796600341,0.15210893297195435
30,0.11168770656585693,0.2534992780685425
31,0.11723620347976685,0.1661749539375305
32,0.11275226945877075,0.09192996168136597
33,0.10635299844741822,0.11778958129882812
34,0.10567850847244263,0.10731596422195434
35,0.10753472490310668,0.09471181344985961
36,0.10527547988891602,0.1458113389015198
37,0.10547858791351318,0.1032490291595459
38,0.1063839298248291,0.3275073323249817
39,0.10843501615524292,0.092516450881958
40,0.1015529935836792,0.08755678224563598
41,0.10005704250335694,0.09066317653656006
42,0.09916716632843017,0.09304218292236328
43,0.10103322315216065,0.15932307243347169
44,0.10209214391708374,0.08541585111618041
45,0.0968936429977417,0.14216473484039308
46,0.09662033281326295,0.08752014541625977
47,0.09701335802078247,0.10891808366775513
48,0.09824328651428223,0.10483673238754272
49,0.09471995525360108,0.10452478408813476
50,0.0946872977256775,0.1648184599876404
51,0.09670115623474121,0.1948642978668213
52,0.09777101373672485,0.08998801565170288
53,0.09132943840026855,0.08402717971801758
54,0.09345103588104248,0.08630072116851807
55,0.09355434007644653,0.0880662226676941
56,0.09190130805969238,0.09988230800628663
57,0.09607586250305175,0.08513553190231324
58,0.08967793579101563,0.07967629575729371
59,0.0904919207572937,0.16760104370117188
60,0.09427145471572876,0.08731859683990478
61,0.09186115608215333,0.08876209402084351
62,0.08930953884124757,0.09492411184310913
63,0.0869428949356079,0.14180044603347777
64,0.08929219226837158,0.11379389715194702
65,0.08664852628707886,0.09007327699661255
66,0.0871135368347168,0.08279122161865235
67,0.08811942710876465,0.08896049880981445
68,0.0889696039199829,0.08575728607177735
69,0.08598843488693238,0.08621807050704956
70,0.08786479654312133,0.08236761522293091
71,0.08738720064163208,0.08190942621231079
72,0.08458939695358277,0.07907484579086303
73,0.08529290685653687,0.13306465578079224
74,0.0852759075164795,0.10960350131988525
75,0.08698256349563599,0.08889181804656983
76,0.08237586727142333,0.086022376537323
77,0.08443638715744019,0.07971323776245118
78,0.08387714281082154,0.07966230773925781
79,0.08235130081176757,0.09017269897460937
80,0.0834840823173523,0.09583984804153442
81,0.08201285448074341,0.08400029039382935
82,0.08263235969543457,0.08281049585342407
83,0.0829994194984436,0.09536856985092163
84,0.08104982271194458,0.07697091007232666
85,0.08185864744186401,0.0758072190284729
86,0.08206880254745483,0.07456752395629883
87,0.0819362850189209,0.08300818157196045
88,0.08248838148117066,0.08582714986801147
89,0.07962228622436524,0.07939325904846191
90,0.07881913232803345,0.07514078378677368
91,0.08064933261871338,0.07649255180358887
92,0.0797693832397461,0.1235349645614624
93,0.0789916452407837,0.07721966791152954
94,0.07847510251998902,0.12134396839141846
95,0.0782233829498291,0.09065259504318238
96,0.07952536344528198,0.08511117506027222
97,0.07837294359207153,0.07410070085525512
98,0.07521501035690308,0.07930287647247314
99,0.0793825400352478,0.07425405883789063
100,0.07664577836990356,0.07593845748901368
101,0.07880443372726441,0.09922078895568848
102,0.07734994440078735,0.07379101610183716
103,0.0767590440750122,0.0975255765914917
104,0.07563529357910156,0.07382229328155518
105,0.07671588935852051,0.08084698486328125
106,0.07643437242507935,0.0962135853767395
107,0.0734414345741272,0.08497986650466918
108,0.07820628566741944,0.07984098386764527
109,0.0771848780632019,0.08617693996429443
110,0.07635198335647583,0.07544302797317505
111,0.07624859952926635,0.08320231533050537
112,0.07438457775115967,0.09273268508911132
113,0.076417498588562,0.08376901435852051
114,0.07708853635787964,0.07360489177703858
115,0.0759185585975647,0.12177199077606202
116,0.07649253282546997,0.11336911392211914
117,0.07501895971298218,0.08083217620849609
118,0.07474040851593018,0.07497615671157837
119,0.07481863594055176,0.08499504661560059
120,0.07501093139648438,0.07986940288543701
121,0.07408857593536378,0.0741249384880066
122,0.07536296005249024,0.10669113254547119
123,0.07496615839004517,0.08023221158981324
124,0.0752735447883606,0.08267142724990845
125,0.0723186580657959,0.09144065475463867
126,0.07508315029144287,0.07927581930160522
127,0.07490685014724731,0.07579350185394287
128,0.07122609996795655,0.17850835943222046
129,0.07534338312149048,0.07606807565689087
130,0.0737343674659729,0.07468503522872925
