epoch,loss,val_loss
0,0.9551513813018799,0.9740941500663758
1,0.8925428968429565,0.8704184188842773
2,0.872714618396759,0.8520786566734314
3,0.8594508667945862,0.9054836225509644
4,0.8524089104652405,0.8319816741943359
5,0.841694013595581,0.8118217463493347
6,0.8333264450073242,0.8643113574981689
7,0.8265720406532288,0.7935226140022278
8,0.820889604473114,0.7958710851669312
9,0.8127010914802552,0.8423370537757874
10,0.8036073493003846,0.7936100759506226
11,0.7970491737365722,0.7912853078842164
12,0.7902355707168579,0.7778466081619263
13,0.7835592334747314,0.7732286233901977
14,0.7806535480499267,0.7756489281654357
15,0.7769907440185547,0.8300330877304077
16,0.7653067207336426,0.9248444657325745
17,0.7725643397331238,0.7669885978698731
18,0.7638849806785584,0.9008505573272705
19,0.7642336888313294,0.7395712428092956
20,0.754086007118225,0.7366206927299499
21,0.7551965924263,0.7271581320762635
22,0.7471015031814575,0.8816432609558106
23,0.7535733972549439,0.7287298679351807
24,0.7432354701995849,0.72250608253479
25,0.7492782830238343,0.7448961334228515
26,0.7426178827285767,0.8205722408294678
27,0.7458928634643555,0.8064334101676941
28,0.7412972476959229,0.7451247391700745
29,0.7387758234024048,0.8018707070350647
30,0.7369816192626953,0.7964703397750854
31,0.7387357718467712,0.765655378818512
32,0.7361893157958984,0.7163174371719361
33,0.7318405221939087,0.7439621539115906
34,0.7328751445770264,0.7686627292633057
35,0.7303089635848999,0.721144374370575
36,0.7298318697929382,0.9599582748413086
37,0.7342736174583435,0.979573808670044
38,0.7420626625061035,0.7411965379714965
39,0.7283194566726685,0.7587842054367065
40,0.7272445156097412,0.7176638679504395
41,0.7235806451797485,0.721286699295044
42,0.7249197686195373,0.71036061668396
43,0.722417712688446,0.7118002157211304
44,0.7247142934799194,0.757718936920166
45,0.7204875904083252,0.7241168389320374
46,0.7179679419517517,0.7201060180664063
47,0.7218984366416931,0.7340236749649048
48,0.7172095727920532,0.7167674951553344
49,0.7166156637191773,0.8615574135780334
50,0.7182668432235718,0.7692433805465698
51,0.7202168739318847,0.7301148495674133
52,0.718828301525116,0.9031508255004883
53,0.7206743719100952,0.8029823780059815
54,0.7165149503707886,0.7559585585594177
55,0.7155049303054809,0.7267943801879883
56,0.7125180932998657,0.899858446598053
57,0.7161832770347595,0.7350432138442993
58,0.7102862112998962,0.7752996978759765
59,0.7099125108718872,0.7256617279052734
60,0.706720818901062,0.9230555968284607
61,0.7220867534637451,0.7258634467124939
62,0.7094034977912903,0.8855350766181945
