epoch,loss,val_loss
0,0.9403612930297851,0.8247499756813049
1,0.8464507362365723,0.8300220165252685
2,0.826684305381775,0.7797769718170166
3,0.8024411054611206,0.8137097129821778
4,0.7902159572601318,0.7880709724426269
5,0.7685826948165894,0.7027881803512573
6,0.7524522192001343,0.8121804103851319
7,0.7282681694984436,0.813391993522644
8,0.7229318347930909,0.7098406572341919
9,0.7028518873214722,0.6706282963752747
10,0.696735910987854,0.6800565161705017
11,0.6851759776115417,0.6731190433502198
12,0.6781220044136047,0.9862526345252991
13,0.6821667508125305,0.9831925621032714
14,0.6656198620796203,0.7488508496284485
15,0.6596252500534058,0.648312665939331
16,0.6509231246948243,0.6412908010482788
17,0.641460394191742,0.6491126260757446
18,0.6408648115158081,0.6188752155303955
19,0.6406460428237915,0.642402473449707
20,0.6405177361488342,0.6895761337280274
21,0.633668258190155,0.6130277094841003
22,0.6216733780860901,0.6357773342132569
23,0.6258786829948425,0.9629739136695862
24,0.6404271499633789,0.7242488532066346
25,0.6203236110687256,0.870122414112091
26,0.6223024536132813,0.8800222029685975
27,0.6183268777847291,0.6149411706924438
28,0.6130849782943726,0.6211008448600769
29,0.6104044845581055,0.7041322140693664
30,0.6100215246200561,0.5946335463523865
31,0.607266322517395,0.5934575176239014
32,0.6074877161026001,0.6053271193504334
33,0.6061023557662963,0.7499631223678589
34,0.6033557049751281,0.6305759286880493
35,0.602333274936676,0.7449868488311767
36,0.6079509394645691,0.8284280395507813
37,0.5977144368171692,0.7430090289115906
38,0.5971898721694946,0.5923608093261719
39,0.593678750038147,0.5989326982498169
40,0.5967677777290344,0.6649611263275147
41,0.5921110824584961,0.6114392976760864
42,0.587815640449524,0.6058567957878113
43,0.5852326055526733,0.6162572498321534
44,0.5867616493225097,0.5962224564552308
45,0.5772890933990479,0.6630670628547668
46,0.5894728984832763,0.5967904157638549
47,0.5847771574020386,0.6036237511634827
48,0.5861972757339478,0.6900553793907166
49,0.581737324142456,0.6703436560630799
50,0.5815320624351501,0.5973766655921936
51,0.5818704932212829,0.8216409339904786
52,0.5813701287269593,0.7365854892730713
53,0.5769923076629638,0.6184784860610962
54,0.580422698020935,0.5952788124084473
55,0.5742546279907227,0.6802920770645141
56,0.5727505034446716,0.7199438505172729
57,0.5793145470619202,0.5903986864089966
58,0.5793439039230347,0.5860134077072143
59,0.5697236787796021,0.5822229890823364
60,0.5778660436630249,0.7049900498390198
61,0.5815598097801209,0.6156910285949707
62,0.5673848964691162,0.646458815574646
63,0.5736594951629639,0.6188645048141479
64,0.5716203544616699,0.6678614506721496
65,0.5728475563049317,0.6055464525222778
66,0.5666416407585144,0.7355808935165405
67,0.5686256963729859,0.60029034948349
68,0.5673413318634033,0.8417445225715637
69,0.5808386560440063,0.6490017313957215
70,0.5694155986785888,0.5825542030334473
71,0.5702347949028015,0.6023129777908325
72,0.563082746887207,0.5891382837295532
73,0.5677160139083862,0.6181892199516297
74,0.5628507810592651,0.602605664730072
75,0.5629080659866333,0.5864833974838257
76,0.5628109966278076,0.5920614423751831
77,0.5642709671020508,0.5840804109573364
78,0.5634642726898194,0.6642147130966186
79,0.5674439552307129,0.7206984248161316
