epoch,loss,val_loss
0,0.603494375705719,0.25570704317092896
1,0.32292137613296507,0.2638757438659668
2,0.21097384881973266,0.16285742378234863
3,0.18306870317459106,0.13125499057769777
4,0.16398726005554198,0.11506443357467651
5,0.15114545640945434,0.11470307779312133
6,0.14560286445617676,0.15156488990783692
7,0.1368340039253235,0.1444585108757019
8,0.12736946830749513,0.09197239351272583
9,0.12292510328292847,0.17556464099884034
10,0.11153022966384887,0.09542098712921143
11,0.11814664001464843,0.10006444263458251
12,0.10723763904571533,0.08497311210632325
13,0.10615038719177246,0.09110050058364869
14,0.10246444292068481,0.11049460124969482
15,0.10397489681243896,0.0960463638305664
16,0.10192659788131714,0.0891462688446045
17,0.09736275033950806,0.07581911706924438
18,0.09582638463973998,0.07583544540405274
19,0.08656366920471191,0.07462191581726074
20,0.08831323051452637,0.07408109998703002
21,0.08868987798690796,0.1333428473472595
22,0.08650096035003663,0.07953570365905761
23,0.08765818357467652,0.10649677181243897
24,0.08587161302566529,0.07875259351730347
25,0.08241800308227538,0.0698832049369812
26,0.08071799440383912,0.09071698951721191
27,0.08306248531341552,0.07309648704528808
28,0.08247662944793702,0.06596654796600342
29,0.08047904844284058,0.07309374666213989
30,0.07823923053741455,0.07894726991653442
31,0.08180648078918457,0.06501926565170288
32,0.07659778337478637,0.06908104467391968
33,0.07804819707870483,0.07299842691421508
34,0.07768198080062866,0.08423389959335327
35,0.07514556655883789,0.06691853904724121
36,0.07357568130493164,0.0695269227027893
37,0.07628595733642578,0.10127988576889038
38,0.07438896951675415,0.06605904626846314
39,0.0725713960647583,0.06275784015655518
40,0.07198234910964965,0.07506946611404419
41,0.06993422727584839,0.07303283596038819
42,0.07068002891540527,0.09946731281280517
43,0.07133724813461303,0.062188570976257324
44,0.07146354579925537,0.06380088806152344
45,0.07136661758422852,0.06846596908569336
46,0.07104005727767944,0.151161030292511
47,0.06827525720596314,0.1106346173286438
48,0.06842049140930176,0.06061766052246094
49,0.06865668382644653,0.06552678728103638
50,0.06869747533798218,0.06414791917800904
51,0.06954617614746093,0.08629406881332398
52,0.0671046648979187,0.06379756641387939
53,0.06622421569824219,0.0824491491317749
54,0.0700425157546997,0.06077281522750855
55,0.06599395036697388,0.062499369621276855
56,0.0670365647315979,0.07337038946151733
57,0.06679083843231201,0.07814694929122924
58,0.06425882711410523,0.08000972509384155
59,0.06563739070892334,0.06339093351364136
60,0.06793070058822631,0.06186483860015869
61,0.06595186538696289,0.12398544359207153
62,0.06526637134552002,0.06021381139755249
63,0.06372826738357544,0.0659987497329712
64,0.06328840169906616,0.06292474746704102
65,0.06504966821670533,0.0599737868309021
66,0.06539179525375366,0.08039788436889649
67,0.06279241027832032,0.09361829805374146
68,0.06215285520553589,0.08478390979766846
69,0.06469551115036011,0.058192810535430906
70,0.06371222190856933,0.05908174467086792
71,0.06158099622726441,0.06872304344177246
72,0.06339600677490234,0.12111154747009277
73,0.06194676742553711,0.07942403888702393
74,0.060718860244750976,0.06177981901168823
75,0.06196948356628418,0.07126242208480835
76,0.059558666896820066,0.056402729511260984
77,0.062033693790435794,0.06790515422821045
78,0.06127417116165161,0.059384547233581546
79,0.062375924587249755,0.05958992433547974
80,0.059392882919311524,0.06010482931137085
81,0.0604686484336853,0.05597791337966919
82,0.05884072093963623,0.05774858045578003
83,0.06049279279708862,0.055712498664855954
84,0.05940818042755127,0.056436789989471436
85,0.06120545520782471,0.10869523191452027
86,0.06038226461410522,0.07766789770126342
87,0.059820141410827636,0.08337556314468383
88,0.058543513298034665,0.08456535053253174
89,0.060742233276367186,0.06237197971343994
90,0.059284356021881104,0.08475296545028686
91,0.05821399765014648,0.05887881374359131
92,0.06157503061294556,0.07923412418365479
93,0.05850218954086304,0.09330118417739869
94,0.05859742107391357,0.05706751871109009
95,0.05818744659423828,0.06326978588104248
96,0.05869442863464355,0.060265059471130374
97,0.058719714641571046,0.06643490839004516
98,0.0574997820854187,0.06027032995223999
99,0.057445760917663576,0.06429387998580932
