epoch,loss,val_loss
0,0.5579264288902283,0.4479991497993469
1,0.3489343078613281,0.46808045434951784
2,0.2608326895713806,0.19080573749542237
3,0.22757577819824218,0.17858398008346557
4,0.20771225700378418,0.24650139284133912
5,0.19420314674377442,0.1450693244934082
6,0.1819106240272522,0.2640402030944824
7,0.1780344319343567,0.1517182569503784
8,0.16834422817230224,0.15215101432800293
9,0.1589389433860779,0.1542413191795349
10,0.15492310152053834,0.2287600030899048
11,0.14625089931488036,0.17765208101272584
12,0.14231061019897462,0.3628598885536194
13,0.139464381980896,0.12327347469329834
14,0.13283933038711548,0.21118308544158937
15,0.12565096759796143,0.12025216436386109
16,0.12458539705276489,0.12724066972732545
17,0.11897141246795655,0.08755524444580078
18,0.11274574728012085,0.5705404939651489
19,0.11999310350418091,0.08356179475784302
20,0.11168405799865723,0.07996897220611572
21,0.11196088447570801,0.14720098638534546
22,0.11224675245285035,0.49249857902526856
23,0.11047734966278076,0.10533936214447022
24,0.10104968118667602,0.10159043788909912
25,0.10009026870727539,0.11367457008361817
26,0.09966719341278076,0.10874079179763795
27,0.09539446535110474,0.1329721484184265
28,0.09385152463912964,0.11530342626571655
29,0.09356724739074707,0.12194893312454223
30,0.0934266505241394,0.09468558502197266
31,0.08776168756484985,0.07302078771591186
32,0.08784976091384887,0.08648799896240235
33,0.08764604368209838,0.07543791055679322
34,0.08798402242660522,0.10557061386108399
35,0.08341131706237793,0.10752242517471314
36,0.08445803852081299,0.09524379348754883
37,0.08393397054672241,0.1045417652130127
38,0.08168900184631347,0.09596650314331055
39,0.08081804342269898,0.12941030168533324
40,0.0792513108253479,0.08228909015655518
41,0.0783512999534607,0.15572038030624388
42,0.08019308061599731,0.09170670938491822
43,0.07613176975250244,0.06717287397384644
44,0.0775607632637024,0.07300420999526977
45,0.07726019458770753,0.06199457025527954
46,0.07628631277084351,0.07937908315658569
47,0.07583155288696289,0.12152901744842529
48,0.0750342022895813,0.07213970565795899
49,0.07352359132766724,0.070641441822052
50,0.07425411233901978,0.08414951229095459
51,0.07419809913635254,0.07681454086303711
52,0.07268342962265015,0.06931948280334473
53,0.07305939645767212,0.06568407011032104
54,0.07107774372100831,0.057246652126312254
55,0.07325051555633545,0.0624660439491272
56,0.067430291557312,0.11039143419265747
57,0.07326383285522461,0.09786200523376465
58,0.0713263412475586,0.0762860655784607
59,0.06782367429733277,0.07711471700668335
60,0.06701587409973145,0.05695160961151123
61,0.07052146873474122,0.07166617345809936
62,0.06708127069473267,0.07194547891616822
63,0.06725491847991943,0.07470924711227417
64,0.06992329292297363,0.05881509351730347
65,0.06720200920104981,0.05795845794677734
66,0.06624726734161376,0.06456613206863403
67,0.06885752429962158,0.06557788944244385
68,0.0655049467086792,0.10006551265716553
69,0.06689135751724243,0.07615476036071778
70,0.06501169176101684,0.06343480348587036
71,0.0657177297592163,0.06916464614868165
72,0.0645225302696228,0.06628290462493897
73,0.06432269840240479,0.06550050687789917
74,0.06467572450637818,0.09953499269485473
75,0.06585411691665649,0.055609742164611814
76,0.06514037628173829,0.05928348398208618
77,0.06467537088394165,0.065134512424469
78,0.06372022323608398,0.06277452611923218
79,0.06392188539505005,0.06423071193695068
80,0.06441975412368775,0.058418519496917724
81,0.06444787034988403,0.06015837097167969
82,0.06244566764831543,0.07262612581253051
83,0.06456020479202271,0.20711590909957886
84,0.06571248636245727,0.06145010280609131
85,0.06191416902542114,0.07877120399475097
86,0.062392518043518065,0.06749780035018921
87,0.06221074600219727,0.11335062074661255
88,0.06410735836029052,0.06014889621734619
89,0.060816818714141845,0.0699216947555542
90,0.06284316635131836,0.06599667310714721
91,0.06089092140197754,0.058996979713439944
