epoch,loss,val_loss
0,0.6063119794845581,0.36682815456390383
1,0.3339905975341797,0.19515719890594482
2,0.21057859716415406,0.21553632402420045
3,0.1725743119239807,0.11478813028335572
4,0.15164068841934203,0.10882508754730225
5,0.13847921838760377,0.10193280696868896
6,0.12699719333648682,0.0966784701347351
7,0.11430357284545899,0.2995599665641785
8,0.11223445987701416,0.16444525623321532
9,0.10425975580215455,0.10306615304946899
10,0.10006056280136108,0.0902142653465271
11,0.09755970849990844,0.10762722492218017
12,0.09044705419540405,0.0779137897491455
13,0.08760590772628785,0.11721105527877808
14,0.08873914194107056,0.07595939350128174
15,0.08231505765914918,0.18956991291046144
16,0.08079215307235718,0.06956360912322998
17,0.07808776512145996,0.06990672636032104
18,0.0773046028137207,0.08536631870269776
19,0.07734911613464356,0.09439887237548829
20,0.07562727727890015,0.08183264589309693
21,0.07500509614944458,0.060590561866760255
22,0.07154933223724365,0.07493781423568725
23,0.07280741195678711,0.060301266193389894
24,0.0703690258026123,0.062296977043151854
25,0.07159149723052978,0.06390430784225463
26,0.06952954931259155,0.06547528743743897
27,0.0684655650138855,0.061577184200286864
28,0.06889810581207276,0.06327065849304199
29,0.06825179109573365,0.09692071533203125
30,0.06804108076095582,0.059858841419219974
31,0.06795199785232543,0.06514120435714722
32,0.06868101453781128,0.07705540132522583
33,0.065513880443573,0.07708930730819702
34,0.06580865020751953,0.05864679288864136
35,0.06675441799163818,0.0651206021308899
36,0.06494873332977295,0.05993291139602661
37,0.06602723608016968,0.05814949893951416
38,0.06515420684814453,0.05685803079605103
39,0.06536003408432006,0.05641016054153442
40,0.06453517713546753,0.06347412490844727
41,0.06394212627410889,0.07106328535079956
42,0.06408819446563721,0.1611887722015381
43,0.0635847505569458,0.11475845336914063
44,0.06349708528518677,0.056885136127471925
45,0.06246967544555664,0.13365420866012573
46,0.06204806957244873,0.056281419277191165
47,0.06131022100448608,0.066513680934906
48,0.06361121196746826,0.08795106506347657
49,0.06064955701828003,0.05503647422790527
50,0.06216024217605591,0.05593297386169434
51,0.05918874053955078,0.08056476449966431
52,0.06187093715667725,0.06260109806060792
53,0.05993989725112915,0.06261056804656982
54,0.062284148979187014,0.06042353296279907
55,0.061408682918548584,0.05769409704208374
56,0.06039196863174438,0.059060637950897214
57,0.06123125371932983,0.05551976776123047
58,0.05977178983688355,0.09975560808181763
59,0.061644979476928714,0.10522044324874878
