epoch,loss,val_loss
0,0.5415800971984863,0.46117909717559813
1,0.24778354454040527,0.27985696172714236
2,0.16020763063430787,0.10036453485488891
3,0.12853049640655517,0.0749283275604248
4,0.11586163711547852,0.13659353637695312
5,0.10359843616485595,0.18083764791488646
6,0.10126345844268798,0.10809621810913086
7,0.08898339242935181,0.1183450050354004
8,0.08438896217346191,0.10295469522476196
9,0.07767723779678344,0.09828110980987549
10,0.07711294069290162,0.12628536748886107
11,0.06858338537216187,0.16384367036819458
12,0.06936502828598022,0.12195576572418212
13,0.06873257608413696,0.04477407836914062
14,0.06440123081207276,0.057141119956970216
15,0.059705322265625,0.10780713224411011
16,0.058601868057250976,0.07728560876846313
17,0.0568783073425293,0.04277016496658325
18,0.05582657661437988,0.039081624031066894
19,0.05564385862350464,0.06173344039916992
20,0.05392809162139892,0.037122098445892336
21,0.0518349645614624,0.038777686595916745
22,0.04981150951385498,0.07852795553207398
23,0.051232157897949215,0.08500973320007324
24,0.04969001426696777,0.18244205951690673
25,0.05047041959762573,0.03495442581176758
26,0.04775302391052246,0.08333912134170532
27,0.04743990211486816,0.05041447734832764
28,0.046083701133728026,0.05666081953048706
29,0.04619114170074463,0.0540913200378418
30,0.04543950824737549,0.03606087827682495
31,0.04475333023071289,0.029264626026153564
32,0.04236919116973877,0.0609310941696167
33,0.0441987645149231,0.029814714908599854
34,0.04161904954910278,0.05229692125320434
35,0.04323919115066528,0.03580258798599243
36,0.041812102699279784,0.03061304759979248
37,0.04212744455337524,0.03417535638809204
38,0.04116772232055664,0.04802057647705078
39,0.04074089412689209,0.03848935794830322
40,0.03994604234695435,0.035133358001708984
41,0.04151777248382568,0.09140669250488281
42,0.04083207378387451,0.055798006534576415
43,0.0399069694519043,0.047704050064086914
44,0.03901498861312866,0.04475910520553589
45,0.04026436166763306,0.03018670082092285
46,0.038832209777832034,0.04599731302261353
47,0.03815125503540039,0.035650415420532225
48,0.038303321170806884,0.029495540142059327
49,0.036613260459899905,0.062289258480072024
50,0.03855300817489624,0.032882895946502684
51,0.03728455848693848,0.03003770637512207
