epoch,loss,val_loss
0,0.6160035318374634,0.39400812816619873
1,0.3846771213531494,0.30370903301239016
2,0.29661476831436157,0.35509229469299314
3,0.2548683746337891,0.19301442670822144
4,0.2359718355178833,0.3925434031486511
5,0.2218066867828369,0.2093524007797241
6,0.21467031726837157,0.15946744060516357
7,0.20612442874908446,0.17191318368911743
8,0.1949178186416626,0.39823393726348877
9,0.19273805379867553,0.14190662479400634
10,0.17439082136154174,0.12499350118637086
11,0.17831977281570435,0.23641392993927002
12,0.17143977088928222,0.21913758182525636
13,0.16277825288772582,0.1567795295715332
14,0.16319856653213502,0.14610995721817016
15,0.16467092418670654,0.14341963624954224
16,0.16983595027923584,0.1339318881034851
17,0.16178660049438476,0.18392428398132324
18,0.14592388134002685,0.1117354702949524
19,0.14460393056869505,0.11651665687561036
20,0.13297488117218018,0.12924869632720948
21,0.13984138708114624,0.102406334400177
22,0.13285114030838013,0.10613948822021485
23,0.12424765605926513,0.2657814025878906
24,0.13162711353302,0.10236555242538452
25,0.12806293783187866,0.1931893572807312
26,0.11923755712509156,0.1370741777420044
27,0.1227559892654419,0.13907042121887206
28,0.1185030252456665,0.09748656797409058
29,0.118084441947937,0.10977981328964233
30,0.11853615417480469,0.1328916621208191
31,0.11867079629898071,0.10330817365646362
32,0.11798010196685792,0.12030941772460937
33,0.10865829916000366,0.1091502070426941
34,0.11090467586517334,0.11997262334823608
35,0.11074338989257812,0.18272655868530274
36,0.10829370965957641,0.10609101152420045
37,0.10898100233078004,0.1060443549156189
38,0.10474707317352296,0.11004809713363647
39,0.10470326862335205,0.10259101009368897
40,0.10686348676681519,0.11762702894210815
41,0.10144651823043824,0.10827012062072754
42,0.10020182342529296,0.07895510339736939
43,0.10107347917556762,0.08919229507446289
44,0.10109197082519532,0.07986337661743165
45,0.09523505430221557,0.11925522327423095
46,0.09813976440429688,0.0944715542793274
47,0.09473751840591431,0.16756302213668822
48,0.09443504238128662,0.12981183433532714
49,0.09224092111587524,0.09481533193588257
50,0.0961730450630188,0.08886075019836426
51,0.08862612867355346,0.16855353260040284
52,0.09356358604431152,0.08019416666030883
53,0.09008745708465576,0.09144286870956421
54,0.09240268936157227,0.09439491987228393
55,0.09104278526306152,0.09386159181594848
56,0.08788472290039062,0.09344762659072876
57,0.09041832256317138,0.08802096557617188
58,0.08690662021636963,0.11421730422973633
59,0.08516059741973878,0.09040519428253174
60,0.08995869007110596,0.08181486797332764
61,0.08300697259902955,0.08620938634872437
62,0.08496172704696656,0.07490008211135864
63,0.08376474409103393,0.0757576036453247
64,0.08454224395751953,0.07383669233322143
65,0.08493443975448609,0.09651965713500976
66,0.08357210664749146,0.08467245864868164
67,0.08398656949996948,0.0730447154045105
68,0.08149131298065186,0.09291781330108642
69,0.0809590805053711,0.07513107538223267
70,0.08254481248855591,0.07465247011184692
71,0.0819665418624878,0.07741408777236938
72,0.07964913911819459,0.0987413272857666
73,0.08286676893234253,0.08428524208068848
74,0.07927495698928833,0.07245070838928222
75,0.07705790796279907,0.24896797847747804
76,0.08278633298873901,0.0843375129699707
77,0.07685955324172973,0.07158941125869751
78,0.07847027196884156,0.11436311912536622
79,0.07860157308578491,0.07885983133316041
80,0.078104638671875,0.12019627237319946
81,0.0772200572013855,0.07924628829956054
82,0.07488079643249512,0.07694445037841798
83,0.07827225894927979,0.1161221284866333
84,0.07528682098388671,0.07528475904464722
85,0.07651407680511475,0.08461721897125245
86,0.0753507607460022,0.07693301582336426
87,0.07618886404037475,0.133369375705719
88,0.07759234972000122,0.09130819463729858
89,0.07434510517120362,0.12092087602615356
90,0.0754406985282898,0.0708737530708313
91,0.07297429647445679,0.08431991052627563
92,0.07483320322036743,0.07212677764892578
93,0.07489983768463135,0.06668746280670167
94,0.07371150856018066,0.07128812217712402
95,0.07283599262237549,0.08283281230926513
96,0.07351285848617553,0.07499424839019775
97,0.07223679943084717,0.07925335168838502
98,0.07107106342315674,0.08833590412139893
99,0.07142150411605835,0.08895868110656738
100,0.07113850984573364,0.0733449912071228
101,0.07413144836425781,0.07867629098892212
102,0.07206656141281127,0.10890983724594117
103,0.0701194086074829,0.07827237749099732
104,0.0697697054862976,0.07356214857101441
105,0.06949675827026368,0.08651357793807983
106,0.07005549354553223,0.0840194730758667
107,0.06900815925598144,0.1356391339302063
108,0.07027891416549682,0.0833123574256897
109,0.06943853645324707,0.07482593870162964
110,0.06826786785125732,0.0943766770362854
111,0.06702463026046752,0.07852948951721192
112,0.06889802370071411,0.07164564752578735
113,0.06950978832244874,0.07329738759994507
