epoch,loss,val_loss
0,0.6573185108184815,0.6827423963546753
1,0.3867279761314392,0.2264767255783081
2,0.2569638989448547,0.2981150250434875
3,0.21115502967834474,0.15219629096984863
4,0.19115477848052978,0.2316269826889038
5,0.1820365358352661,0.17328735828399658
6,0.16747892360687255,0.16482123756408693
7,0.16013662347793578,0.13323896217346193
8,0.15884068384170533,0.1778305263519287
9,0.14482508411407471,0.12235277128219604
10,0.14029892892837525,0.17143192958831788
11,0.1404950086593628,0.17715137481689452
12,0.1319842102050781,0.20664635705947876
13,0.1254358120918274,0.11812422037124634
14,0.12032152585983276,0.10840259838104248
15,0.1199216814994812,0.15346808624267577
16,0.11664082765579224,0.11100475311279297
17,0.10824655990600586,0.10347610902786254
18,0.1120474178314209,0.17843631315231323
19,0.10570654525756835,0.14117729711532592
20,0.10967793731689453,0.10629216480255127
21,0.09941049013137818,0.07765176630020142
22,0.0979390630722046,0.09171722078323365
23,0.09722000875473022,0.16497942972183227
24,0.09888383989334107,0.08961079692840576
25,0.09151730709075928,0.0982643723487854
26,0.09193955745697022,0.079968918800354
27,0.08790629320144654,0.09701021194458008
28,0.08884016370773315,0.08339424180984498
29,0.08474379653930664,0.10171869897842407
30,0.08783078775405884,0.11857924747467041
31,0.0830217960357666,0.19375739765167235
32,0.08872139749526978,0.08930863857269287
33,0.08196370677947998,0.12585272359848024
34,0.08196111974716186,0.07493867969512939
35,0.07902681970596313,0.07899189472198487
36,0.08011176338195801,0.07128955745697022
37,0.07651947984695434,0.0767960033416748
38,0.07847028570175171,0.10579105424880982
39,0.07705773487091064,0.09031461715698243
40,0.07606155672073364,0.0814022421836853
41,0.07576329412460327,0.07636885213851928
42,0.07493491945266724,0.08798633432388306
43,0.0742327163696289,0.07990067625045777
44,0.07282914896011353,0.09863733911514282
45,0.07303723201751709,0.06365113544464111
46,0.07308393115997315,0.06758538722991943
47,0.07189917993545532,0.1006523151397705
48,0.07122903575897217,0.06230704259872437
49,0.07004620332717895,0.06796543693542481
50,0.07203126420974731,0.06689851140975953
51,0.06773564319610596,0.1085860047340393
52,0.07139754056930542,0.0622676420211792
53,0.06698742160797119,0.060658106803894045
54,0.06846930007934571,0.08037944173812867
55,0.06774854431152344,0.09495969152450562
56,0.06647868223190308,0.06748160314559937
57,0.06658103256225587,0.08048715686798096
58,0.06530774431228638,0.09835709762573243
59,0.06614546747207642,0.06136980295181274
60,0.06439086980819703,0.06316886806488037
61,0.065691659450531,0.06351520442962647
62,0.06608119020462036,0.12672802448272705
63,0.0660333680152893,0.06115570449829102
64,0.06347682867050171,0.09842216253280639
65,0.06543989372253418,0.0664212007522583
66,0.06253156652450562,0.06001586484909058
67,0.06055908632278442,0.06747089004516602
68,0.06218993873596192,0.11061892652511597
69,0.06267557668685914,0.08858591413497925
70,0.06165618009567261,0.06749918365478516
71,0.06128995971679688,0.07633067464828491
72,0.06068711709976196,0.056841429233551025
73,0.06073175210952759,0.06056764841079712
74,0.061546924209594726,0.05961485576629639
75,0.05936569671630859,0.06307211017608642
76,0.061558013916015626,0.07672776937484742
77,0.05978025856018066,0.11665770530700684
78,0.059283252048492434,0.07075078535079957
79,0.061567378425598146,0.06021118640899658
80,0.06045014925003052,0.05743535375595093
81,0.05804235830307007,0.07454509735107422
82,0.05810042238235474,0.079215980052948
83,0.060920599842071536,0.061927520275115965
84,0.059217275142669674,0.07926560735702515
85,0.05933181715011597,0.07039650058746338
86,0.05907560882568359,0.06008717346191406
87,0.05784467105865478,0.07227190971374511
88,0.05623267822265625,0.06637664937973023
