epoch,loss,val_loss
0,0.7308012056350708,0.7266888761520386
1,0.42919407987594604,0.25004230213165285
2,0.25036323099136354,0.1928044557571411
3,0.20311946992874144,0.15715118312835694
4,0.17981050233840942,0.1723491244316101
5,0.16255890274047852,0.13729883909225463
6,0.1531846613883972,0.2717666954994202
7,0.14684919443130492,0.10708466386795044
8,0.13876867065429688,0.11989729738235473
9,0.13282682971954346,0.09332340431213379
10,0.12572627611160278,0.1817525568008423
11,0.12312354536056519,0.13979920721054076
12,0.12292846927642823,0.1031933159828186
13,0.11489085865020753,0.08804044914245605
14,0.11389868202209473,0.10789738702774047
15,0.11089996290206909,0.10404584980010986
16,0.10844154024124146,0.08080942964553833
17,0.10544589948654175,0.07396251344680786
18,0.10525517568588257,0.09135174942016601
19,0.10232693862915039,0.0697149772644043
20,0.09864077939987183,0.07361377811431885
21,0.0971748498916626,0.12330936098098755
22,0.09576012544631958,0.12253440761566162
23,0.09476931352615356,0.06939641237258912
24,0.09203344841003418,0.11010900592803954
25,0.09404985799789428,0.08755836820602417
26,0.08938021230697632,0.092948983669281
27,0.08768560180664063,0.1183251953125
28,0.08608034172058106,0.07550714874267578
29,0.0870668173789978,0.07277195119857788
30,0.08559892253875732,0.08127833938598633
31,0.0852353642463684,0.06621676683425903
32,0.08213034257888793,0.09514834308624268
33,0.07972640085220337,0.0703446946144104
34,0.07918756837844848,0.08066153955459594
35,0.08275967216491699,0.06758440780639649
36,0.08348957853317261,0.06668083047866821
37,0.0785408073425293,0.0995636305809021
38,0.08018963012695313,0.10380214500427246
39,0.07918244428634644,0.06345150899887085
40,0.07731353597640991,0.07625425624847412
41,0.07684479894638062,0.14397555112838745
42,0.07888454294204712,0.10586306142807007
43,0.07525755243301392,0.061413224220275876
44,0.07700482721328736,0.06044096326828003
45,0.07582950305938721,0.06762893676757813
46,0.07535339813232422,0.07256509971618652
47,0.07501629695892334,0.059644550323486326
48,0.07495933475494385,0.0742764573097229
49,0.07512515506744384,0.11783415222167969
50,0.07215523490905762,0.09669843673706055
51,0.07278998479843139,0.07490359592437744
52,0.0732542329788208,0.05849514484405518
53,0.07240762052536011,0.07051974964141845
54,0.06816669235229492,0.091318998336792
55,0.07418799781799316,0.07563929653167725
56,0.07178596792221069,0.0726803741455078
57,0.07106422100067139,0.08548097944259643
58,0.07078029298782348,0.08763206815719604
59,0.07242138662338257,0.060750059127807614
60,0.07167277755737304,0.06356859540939332
61,0.06792249536514282,0.15717797422409058
62,0.07050713310241699,0.09769104337692261
63,0.06956365842819213,0.05915360736846924
64,0.06865132007598877,0.0648987774848938
65,0.0698816858291626,0.09585294342041016
66,0.0679843936920166,0.07066783714294433
67,0.0699957145690918,0.05833583354949951
68,0.06936592540740967,0.09431381034851075
69,0.06817805166244507,0.11398089122772216
70,0.07086762857437134,0.05922224426269531
71,0.06665011196136475,0.083833101272583
72,0.0683700834274292,0.08751642513275147
73,0.06904741020202637,0.07975438737869263
74,0.06823858222961426,0.061853834629058836
75,0.06679356937408447,0.09510172080993652
76,0.06786338262557984,0.06169719982147217
77,0.06766458568572999,0.05692601490020752
78,0.06689038991928101,0.12912589263916016
79,0.0662230185508728,0.07058495235443116
80,0.06543245487213135,0.058692051887512205
81,0.06664182186126709,0.10114805650711059
82,0.06770618476867676,0.05898060321807861
83,0.06571000165939331,0.08930190467834473
84,0.06608617763519287,0.11347919940948487
85,0.06619691619873047,0.07331990337371826
86,0.0670134289741516,0.10546149682998657
87,0.06598075904846191,0.06964806652069092
88,0.06587968416213989,0.06249041414260864
89,0.06227846012115479,0.06726457166671752
90,0.06763746786117554,0.06250742197036743
91,0.06482627067565917,0.07179169416427612
92,0.06452136564254761,0.07350842714309692
93,0.06455992803573608,0.0582237548828125
