epoch,loss,val_loss
0,0.7418676785469055,0.6113581600189208
1,0.5110611284255981,0.3967237868309021
2,0.4091134704589844,0.3594049372673035
3,0.37247823801040647,0.35808954763412476
4,0.3481373030662537,0.29569396924972535
5,0.33249330139160155,0.3759973850250244
6,0.3208912051200867,0.32775388765335084
7,0.3051660390853882,0.2669806361198425
8,0.2971394997596741,0.2710633392333984
9,0.2895175025939941,0.2924032716751099
10,0.2809270252227783,0.25745603561401365
11,0.27455771493911746,0.24883116197586058
12,0.269180597782135,0.326394287109375
13,0.26379586324691773,0.2466688714027405
14,0.25537250661849975,0.28501766538619994
15,0.2510113254547119,0.23376408433914184
16,0.2478694408416748,0.23527703523635865
17,0.24054689655303954,0.23655706548690797
18,0.2423859344482422,0.33632760000228884
19,0.23489275970458984,0.21320098066329957
20,0.2342778531074524,0.2235414752960205
21,0.22682144174575805,0.2424485421180725
22,0.22622779483795166,0.21372455883026123
23,0.22414401121139527,0.22236620950698852
24,0.2188661051750183,0.2313239870071411
25,0.21932118225097658,0.18692471981048583
26,0.2145321213722229,0.1822064390182495
27,0.21404528980255128,0.21420702791213989
28,0.213051390171051,0.23814714765548706
29,0.20903753976821898,0.1808202772140503
30,0.2071673710823059,0.18929480838775634
31,0.2065031720161438,0.18079134607315064
32,0.2031361358642578,0.19029033422470093
33,0.2019143274307251,0.21343344449996948
34,0.19915814723968506,0.1752367444038391
35,0.19667408895492552,0.21043495893478392
36,0.197461088180542,0.18998433065414427
37,0.1972844120979309,0.221885910987854
38,0.1942498188018799,0.17393048906326294
39,0.1943535436630249,0.18923188543319702
40,0.18994298105239868,0.21389110612869264
41,0.1907612271308899,0.19390417289733886
42,0.18715953578948974,0.1810624613761902
43,0.1873996153831482,0.19693685531616212
44,0.1888192889213562,0.2069655237197876
45,0.18528959789276123,0.1725747718811035
46,0.18663600635528566,0.1883410449028015
47,0.18614735250473022,0.17125840997695924
48,0.1850672204017639,0.2141663703918457
49,0.18377494134902955,0.20435120820999145
50,0.18215726490020753,0.18611619567871093
51,0.18276462678909303,0.16728125810623168
52,0.18132638626098632,0.18205111503601074
53,0.18026142854690552,0.20963634157180785
54,0.18215075120925903,0.19386115264892578
55,0.1801077175140381,0.1636702628135681
56,0.17825162858963012,0.16390263748168946
57,0.17688624181747437,0.18295442199707032
58,0.1791513331413269,0.1759225549697876
59,0.1794673761367798,0.18666115665435792
60,0.17787522735595704,0.2294506344795227
61,0.17577806615829467,0.1683326416015625
62,0.17506140089035035,0.16874437808990478
63,0.1758710641860962,0.17853252172470094
64,0.17215324459075929,0.19979846811294555
65,0.17718040475845337,0.17220269441604613
66,0.17573223857879638,0.16947095680236818
67,0.17466832962036133,0.2118712339401245
68,0.17125710811614991,0.17834751892089845
69,0.17262337236404418,0.17479124402999877
70,0.1725291527748108,0.1714630103111267
71,0.1713375777244568,0.1787165107727051
72,0.1716830551147461,0.1961170268058777
73,0.17148298473358153,0.17929797983169557
74,0.1706814311027527,0.19845421314239503
75,0.17194161529541016,0.17477388191223145
