epoch,loss,val_loss
0,0.9715392177581788,0.9848320083618164
1,0.9298082878112793,0.9112922706604004
2,0.9042668169021606,0.9046096253395081
3,0.897790163230896,0.9470836071968078
4,0.8965590779304504,0.900111053943634
5,0.8932723715782166,0.8983014655113221
6,0.8914970678329468,0.8983010396957397
7,0.8923492366790772,0.9384764084815979
8,0.8911578456878662,0.9035560255050659
9,0.889327097606659,0.9064815583229064
10,0.8875808428764344,0.894548451423645
11,0.8879366624832153,0.8958724489212037
12,0.8866713883399964,0.8972209391593933
13,0.8865373400688171,0.8957854771614074
14,0.8853871337890625,0.8989114260673523
15,0.8864466095924377,0.8933402442932129
16,0.885386036491394,0.8943148937225341
17,0.8851974660873413,0.8966816339492798
18,0.8852076600074769,0.8976302242279053
19,0.8838777700424194,0.9019980044364929
20,0.8858975284576416,0.9022105932235718
21,0.8849959567070007,0.9249489955902099
22,0.8839723943710327,0.9054363656044007
23,0.8848854427337647,0.8993139872550965
24,0.8841656826019287,0.9551501040458679
25,0.8859251245498657,0.8987466826438903
