epoch,loss,val_loss
0,0.644913412475586,0.4145866994857788
1,0.364943994140625,0.38887336206436157
2,0.24652762622833252,0.19330048131942748
3,0.20967857313156127,0.16047800159454345
4,0.1868690318107605,0.13555607223510743
5,0.17644165058135985,0.13348774003982544
6,0.16443395318984985,0.1822103934288025
7,0.15799185581207276,0.1533941888809204
8,0.15749863214492799,0.11188527250289917
9,0.14497840251922609,0.18152447938919067
10,0.13512586917877198,0.16665005540847777
11,0.13409791164398194,0.31904833984375
12,0.13149238214492798,0.14176417875289918
13,0.12590060567855835,0.18590269994735717
14,0.1211152325630188,0.0919192090034485
15,0.11715391836166382,0.13098271703720094
16,0.11784670715332031,0.16203804016113282
17,0.10960939893722534,0.09484479141235351
18,0.11753727674484253,0.14906608581542968
19,0.09988749294281006,0.07719540596008301
20,0.10195338983535766,0.08438590049743652
21,0.10360647535324097,0.08764362859725952
22,0.09908420486450195,0.0710870623588562
23,0.09505942535400391,0.09691747236251831
24,0.09396215858459472,0.08261375617980957
25,0.09318631162643433,0.0975780143737793
26,0.09199383478164673,0.07689791679382324
27,0.09040772132873535,0.0837414083480835
28,0.0893495457649231,0.06828380155563354
29,0.0903605471611023,0.1351378173828125
30,0.08570586996078491,0.07974559020996094
31,0.08389368143081664,0.08683682775497437
32,0.08313487482070923,0.07385889148712158
33,0.08376271896362304,0.06597027397155762
34,0.08159945316314697,0.07862230348587036
35,0.07664002962112426,0.11400469732284546
36,0.07785432729721069,0.06317904758453369
37,0.076461390209198,0.06899184656143188
38,0.0782006417274475,0.08642691946029663
39,0.07522370653152466,0.06823336029052735
40,0.07595751180648803,0.06951421213150025
41,0.07525803422927857,0.07251032590866088
42,0.07291125726699829,0.06385918569564819
43,0.07255798740386962,0.07679377412796021
44,0.0733041166305542,0.08193139839172363
45,0.06941837911605835,0.08658519315719604
46,0.0712388882637024,0.07600165176391602
47,0.06802770252227783,0.06303471946716309
48,0.07082980699539185,0.06543924999237061
49,0.0690855899810791,0.0855943694114685
50,0.06867150325775147,0.11099046850204468
51,0.06775416469573975,0.053530272006988525
52,0.06693306331634521,0.05999307489395141
53,0.066238054561615,0.0649591064453125
54,0.06441764430999757,0.055586487293243406
55,0.06553852739334107,0.07152902126312256
56,0.0655373381614685,0.12173573112487793
57,0.0670498724937439,0.055578366279602054
58,0.06186236171722412,0.09002665805816651
59,0.06367446613311768,0.1028607153892517
60,0.06447153148651123,0.06578663969039918
61,0.061873685932159424,0.06643283128738403
62,0.06353695907592774,0.05247815322875977
63,0.06130903587341308,0.05592026519775391
64,0.0617380087852478,0.06460389947891235
65,0.0610652214050293,0.24140245246887207
66,0.0645805643081665,0.0671686511039734
67,0.06006127233505249,0.04886579513549805
68,0.06127402639389038,0.0688881516456604
69,0.060940318870544435,0.06035825347900391
70,0.06022904567718506,0.051851670265197755
71,0.06058784379959106,0.055965707302093506
72,0.05888734283447265,0.0539290132522583
73,0.05826049108505249,0.051090919017791746
74,0.05752470331192017,0.05638277578353882
75,0.05863999280929565,0.06704186296463013
76,0.05658701410293579,0.05339839029312134
77,0.05741791820526123,0.05239654016494751
78,0.05601004667282104,0.07772502946853638
79,0.057477502727508546,0.049977283477783206
80,0.056764166069030765,0.04973645877838135
81,0.05679643430709839,0.08695329809188843
82,0.05576022863388062,0.05107990407943726
83,0.05430969800949097,0.05344058752059937
84,0.054426192855834964,0.04844025421142578
85,0.05535634660720825,0.061853561878204344
86,0.05681529188156128,0.07552956485748291
87,0.05574797887802124,0.05927008056640625
88,0.05351421117782593,0.0576246600151062
89,0.05580708217620849,0.06660445833206177
90,0.05560069761276245,0.05241407632827759
91,0.055196023273468016,0.06656956195831298
92,0.053903316593170165,0.06716323518753052
93,0.054072978687286374,0.08312178134918213
94,0.05316149091720581,0.05496280717849732
95,0.0535473069190979,0.0585325117111206
96,0.05486326923370361,0.049096615314483644
97,0.05240027885437012,0.07806507253646851
98,0.05272713632583618,0.0711471791267395
99,0.052961542892456054,0.0593744158744812
100,0.0518287166595459,0.059790929794311526
101,0.05137904014587402,0.0700201587677002
102,0.053554620361328124,0.08358901548385621
103,0.052834690952301026,0.0620827145576477
104,0.052872028160095216,0.058834404468536376
