epoch,loss,val_loss
0,0.6634867723464966,0.5002590160369873
1,0.33778760328292845,0.24884627723693847
2,0.21900836610794067,0.1500484004020691
3,0.18304296560287475,0.19230043935775756
4,0.16130324850082398,0.11221617841720581
5,0.1524780821800232,0.12351893138885497
6,0.14116135158538817,0.10750409984588623
7,0.13372667865753174,0.09587462663650513
8,0.12486876516342163,0.093188081741333
9,0.12033997135162354,0.0844787449836731
10,0.12016286506652832,0.08438100194931031
11,0.11109543399810791,0.13598147869110108
12,0.1089936954498291,0.08137578201293945
13,0.10709525394439698,0.22809762668609618
14,0.10751980485916138,0.08028327178955078
15,0.09905800981521606,0.10883016395568848
16,0.09947623863220215,0.07632411575317383
17,0.0957162322998047,0.07143686294555664
18,0.09465366487503052,0.08379907941818238
19,0.09473762636184692,0.0807347822189331
20,0.09040937852859497,0.0759685583114624
21,0.09002806005477905,0.10859074640274048
22,0.0850173975944519,0.07357559299468994
23,0.08403149423599243,0.06530842494964599
24,0.08466910820007324,0.19230213689804077
25,0.08206626853942871,0.0660736894607544
26,0.08110442914962769,0.06537185907363892
27,0.07921248512268067,0.06900221061706543
28,0.07685836839675904,0.06523517560958862
29,0.07828248233795165,0.07723645496368409
30,0.07539896125793458,0.058121261596679685
31,0.07546872606277466,0.1123412504196167
32,0.07622925243377686,0.07096946287155151
33,0.07369146671295167,0.1295308747291565
34,0.07431783275604248,0.20121137046813964
35,0.07360047607421875,0.07887678813934326
36,0.07392875413894653,0.14462830305099486
37,0.07129616909027099,0.06273156452178955
38,0.06992763481140137,0.054572557926177975
39,0.0675272310256958,0.061701495170593264
40,0.06598946170806885,0.052269421100616456
41,0.0679725079536438,0.06264884567260742
42,0.0677801275253296,0.11718013906478882
43,0.06634527282714844,0.0748086667060852
44,0.06588865280151367,0.0688145489692688
45,0.06640606412887573,0.050351880073547364
46,0.06445954875946044,0.056237892627716064
47,0.06481390743255615,0.2657899670600891
48,0.06677609815597534,0.04997336053848266
49,0.06129468803405762,0.11457526922225952
50,0.058965921211242674,0.04798510074615479
51,0.06314910669326783,0.054735705375671385
52,0.062132583904266354,0.05340793800354004
53,0.06195664806365967,0.07419892072677613
54,0.06235546989440918,0.05282803678512573
55,0.06577637357711792,0.05404913854598999
56,0.06027375364303589,0.049317234992980956
57,0.05967292194366455,0.05447384452819824
58,0.059564903926849364,0.058195304870605466
59,0.05933901815414429,0.102457594871521
60,0.06066836042404175,0.08275026750564575
61,0.06091643877029419,0.05616812467575073
62,0.0582825345993042,0.05275779962539673
63,0.058867232036590576,0.06859971237182617
64,0.05691450023651123,0.054810725688934324
65,0.05828769950866699,0.07415698003768921
66,0.056492761421203616,0.04912513017654419
