epoch,loss,val_loss
0,0.557068777179718,0.4810126609802246
1,0.36119895915985106,0.32946760845184325
2,0.27983026876449585,0.2119389886856079
3,0.2480674962043762,0.4499651913642883
4,0.2270294026374817,0.18352540588378907
5,0.21348912906646728,0.19229463815689088
6,0.20679841194152832,0.2070842900276184
7,0.1947153235435486,0.2759584231376648
8,0.18108089418411255,0.22790939950942993
9,0.18020744466781616,0.13636955070495604
10,0.17066829462051392,0.14809101295471191
11,0.160817165184021,0.3393130955696106
12,0.1606956237792969,0.3124893202781677
13,0.1568159257888794,0.1582686548233032
14,0.1432827115058899,0.127567036151886
15,0.14494037923812866,0.181466552734375
16,0.1363343719482422,0.15735490655899048
17,0.13588882913589478,0.11059005260467529
18,0.1322451979637146,0.1036151385307312
19,0.11907750635147095,0.3938756403923035
20,0.12565941829681396,0.13336127758026123
21,0.11966068286895752,0.12773790073394775
22,0.11276704053878785,0.10289322423934937
23,0.11635617408752441,0.11442908430099487
24,0.10721939697265626,0.10104194259643555
25,0.11286878118515015,0.1246789197921753
26,0.1114800591468811,0.08422281217575073
27,0.10570654411315918,0.08287623167037964
28,0.10439847812652588,0.1178900785446167
29,0.10306966609954835,0.1565603723526001
30,0.09925730066299439,0.11012424230575561
31,0.09521717386245727,0.08552603435516358
32,0.09708208894729614,0.08193466711044312
33,0.09570094604492188,0.07067386865615845
34,0.09228362360000611,0.1259290180206299
35,0.0918058307647705,0.11211310768127442
36,0.08950477533340453,0.18885720205307008
37,0.09281743354797363,0.12710199546813966
38,0.09224788885116578,0.10542207717895508
39,0.08730805130004883,0.1803012170791626
40,0.08809901609420777,0.08666216850280761
41,0.0845231788635254,0.06429607057571411
42,0.08473690643310547,0.12902734518051148
43,0.08440478315353393,0.09468390274047851
44,0.08110423707962036,0.06899372863769532
45,0.08295575351715088,0.10993342590332031
46,0.08009018125534058,0.0682037959098816
47,0.08088811817169189,0.07944168186187744
48,0.08019966640472412,0.0632177414894104
49,0.07928952913284301,0.08498134517669678
50,0.07801889972686768,0.06907355976104736
51,0.07879419202804565,0.13550578355789183
52,0.07686527509689331,0.09464894390106202
53,0.07529863634109497,0.09056030893325806
54,0.07641268815994262,0.07097447109222411
55,0.07448328313827515,0.08513855218887328
56,0.07577226819992065,0.06375250911712646
57,0.07521948318481446,0.11466722583770753
58,0.07158118534088134,0.06882242822647094
59,0.07680726385116578,0.07237149810791016
60,0.07303563137054443,0.1077352900505066
61,0.07387629175186157,0.07598075819015503
62,0.07081301460266114,0.0587656683921814
63,0.07183315773010254,0.11327377033233643
64,0.0699613489151001,0.08806796789169312
65,0.07129721956253052,0.0853576455116272
66,0.0725050609588623,0.07762460327148438
67,0.07015663089752197,0.12049402952194214
68,0.07021333456039429,0.07335439395904542
69,0.07130455226898193,0.05865639019012451
70,0.06866942205429077,0.09195115470886231
71,0.06869822721481324,0.0824448504447937
72,0.06913843393325805,0.09712218284606934
73,0.06811525583267213,0.06501406478881835
74,0.06665045890808105,0.07863473176956176
75,0.06577390308380127,0.06817813444137573
76,0.06875050897598267,0.10518150997161865
77,0.06826391000747681,0.07410804414749146
78,0.07064011297225953,0.0654954810142517
79,0.06627505683898925,0.061257473468780514
80,0.06545890140533447,0.07907531785964966
81,0.06751717596054077,0.1517837233543396
82,0.06569120302200318,0.1122332730293274
83,0.06551070957183838,0.05723312044143677
84,0.06329922733306885,0.17096063184738158
85,0.06486793098449707,0.07768947458267211
86,0.06673000593185424,0.06136532974243164
87,0.06526246881484986,0.07132111644744873
88,0.06404500465393066,0.07409253931045533
89,0.06476564788818359,0.17187712097167968
90,0.06525157804489136,0.07790543031692505
91,0.06466205987930297,0.057818652629852293
92,0.06446310920715333,0.07331190395355225
93,0.06332180595397949,0.13983398628234864
94,0.06172169237136841,0.0580912823677063
95,0.06274920158386231,0.0627583475112915
96,0.06303916597366332,0.05512880277633667
97,0.06227901782989502,0.09293850231170654
98,0.06227729406356811,0.10006273603439331
99,0.06244108638763428,0.09786876106262207
100,0.06256482992172241,0.07658973264694213
101,0.0629516149520874,0.10992908954620362
102,0.061258288764953615,0.06572697019577026
103,0.06289908609390259,0.057310877799987794
104,0.06268816423416138,0.06082163667678833
105,0.059478899002075196,0.05170617055892944
106,0.06146393404006958,0.06877992916107177
107,0.06006211700439453,0.06854792594909669
108,0.06038739967346191,0.09325058603286743
109,0.06175606021881103,0.05803041839599609
110,0.05760351123809814,0.08849972534179687
111,0.060057562828063966,0.0638337321281433
112,0.058218239974975584,0.07635118627548218
113,0.06187931785583496,0.06045728492736816
114,0.05771334056854248,0.061849513053894044
115,0.059680715847015384,0.13044354915618897
116,0.05979846706390381,0.07085686826705932
117,0.05863140316009521,0.07587027883529664
118,0.058154885292053225,0.06324780464172364
119,0.05909607734680176,0.07789465570449829
120,0.059653821563720705,0.059096649169921876
121,0.0582918309211731,0.23302949094772338
122,0.06263772163391114,0.07002915573120118
123,0.060579386806488035,0.06198331785202026
124,0.058415430450439454,0.09719560670852662
125,0.05647732191085816,0.06572343587875366
