epoch,loss,val_loss
0,0.6021054430007935,0.4630325536727905
1,0.34733114862442016,0.24126279401779174
2,0.24699708013534546,0.1778285984992981
3,0.20961780796051024,0.33936358642578124
4,0.1925653971672058,0.13565050554275512
5,0.18475499877929688,0.24030272197723387
6,0.1732301438331604,0.19021215724945068
7,0.16284468240737915,0.13672752332687377
8,0.15763588066101075,0.13796881580352782
9,0.1476624803543091,0.18369525003433226
10,0.14074919528961183,0.43165572118759155
11,0.1413973687171936,0.10196870660781861
12,0.1311396336555481,0.10808402633666993
13,0.1324000973701477,0.23836321783065795
14,0.13336371812820436,0.11228630542755128
15,0.12368794422149658,0.09501184415817261
16,0.12227272253036499,0.09393125247955322
17,0.11631451768875121,0.09923923349380494
18,0.11711199779510498,0.0989977650642395
19,0.11503011779785156,0.09051682424545288
20,0.10779248781204223,0.13468529653549194
21,0.10975384550094605,0.11522425937652588
22,0.10638892593383789,0.09223065090179443
23,0.10502446517944336,0.22256708908081055
24,0.10582417316436768,0.10330188846588134
25,0.1043488218307495,0.0860071678161621
26,0.1002249382019043,0.0929067268371582
27,0.09999587697982788,0.0978044056892395
28,0.10038140335083008,0.08607055044174194
29,0.09924603147506714,0.09289809989929199
30,0.09775072050094605,0.09542442035675049
31,0.09504492979049682,0.08608945894241334
32,0.09581681327819824,0.09296522188186646
33,0.09219911918640136,0.08817541885375976
34,0.09538100318908692,0.07556726551055908
35,0.09105630617141723,0.08221483182907105
36,0.0908861421585083,0.09615531063079834
37,0.08919476566314698,0.08455074024200439
38,0.08909719982147217,0.07851813173294067
39,0.08805593748092651,0.0786548957824707
40,0.08979335470199586,0.09850338745117188
41,0.08855662698745728,0.07282124090194703
42,0.08693397207260131,0.08674937200546265
43,0.08756382265090942,0.09822673940658569
44,0.08649626922607422,0.1198313136100769
45,0.0863811637878418,0.07743478488922119
46,0.08395007829666137,0.10264700317382812
47,0.08389618616104126,0.07172887754440307
48,0.08455430173873901,0.08883713579177857
49,0.0821600329399109,0.08635894346237183
50,0.08250728902816773,0.1414283275604248
51,0.08303418054580688,0.07965800619125366
52,0.07978343954086303,0.07025974369049072
53,0.08023133249282836,0.07582039213180541
54,0.08031534595489502,0.07885896301269531
55,0.07994426050186157,0.1685473861694336
56,0.08404153337478637,0.07156446790695191
57,0.07740080461502075,0.09584217643737793
58,0.07918787326812744,0.07759570646286011
59,0.0814433310508728,0.07283825302124024
60,0.07806321325302124,0.06734134817123413
61,0.07670531072616577,0.08009367847442626
62,0.07709601221084594,0.09757425880432129
63,0.08092397985458374,0.07292730808258056
64,0.07710138273239135,0.07205948877334595
65,0.07593893222808838,0.07725813579559326
66,0.07589847612380982,0.07020715427398681
67,0.07552495355606079,0.0859174084663391
68,0.07512124376296997,0.08081863784790039
69,0.07571024618148804,0.09510514831542968
70,0.07435831651687622,0.07563496685028076
71,0.07485752878189086,0.1278856554031372
72,0.07597443885803222,0.07984673595428467
73,0.07529205760955811,0.08646493768692017
74,0.07431509923934937,0.07911074161529541
75,0.07330758352279663,0.09416872072219849
76,0.0729256498336792,0.07273711442947388
