epoch,loss,val_loss
0,0.8382319113731385,0.7904731645584107
1,0.6847229835510253,0.6805779700279235
2,0.6119574460983276,0.6083522219657898
3,0.5821205571174621,0.563135648727417
4,0.5582143730163575,0.569988567352295
5,0.5424475975990295,0.5715112457275391
6,0.5342416408538818,0.6253819999694824
7,0.5222555418968201,0.5237473497390747
8,0.51291140499115,0.5491975498199463
9,0.5058545789718628,0.48596317625045776
10,0.4988010094642639,0.48928864049911497
11,0.4986294686317444,0.48093217945098876
12,0.4900512494087219,0.4846688385009766
13,0.48354843883514403,0.480002655506134
14,0.4768044951438904,0.5114442615509033
15,0.4787514953613281,0.48010127019882204
16,0.4755152378082275,0.5388461799621582
17,0.46866435985565186,0.4601449513435364
18,0.46802864122390747,0.5682871150970459
19,0.46200265130996704,0.43764487075805664
20,0.46242110195159913,0.4360818381309509
21,0.45706193284988406,0.49899122858047484
22,0.4563136733055115,0.46228446006774904
23,0.45452427406311036,0.45388465785980225
24,0.45427741651535036,0.4402724533081055
25,0.44992584133148195,0.49703480100631714
26,0.44839968566894534,0.4407844667434692
27,0.44746440706253054,0.44470814085006716
28,0.4453206050872803,0.5233118362426757
29,0.44715097227096556,0.44015590286254885
30,0.44246466722488403,0.44233056640625
31,0.44389861240386963,0.4590300126075745
32,0.44275702505111697,0.45953051614761353
33,0.44017522802352904,0.46871392345428464
34,0.44014898490905763,0.543170783996582
35,0.44244465312957765,0.4260872220993042
36,0.43933545694351195,0.46294842529296876
37,0.43926635284423826,0.4445832676887512
38,0.4364752064704895,0.436225537776947
39,0.43579327297210696,0.42357641553878783
40,0.43543679723739626,0.5133466062545776
41,0.43689016733169556,0.4246291379928589
42,0.43587940273284914,0.45473316621780396
43,0.4332012803077698,0.4720876188278198
44,0.435537361907959,0.4480365071296692
45,0.43539591922760007,0.42763361597061156
46,0.43168471965789795,0.4326377110481262
47,0.43319455623626707,0.42951152896881106
48,0.43153036603927614,0.4589678645133972
49,0.4320169406890869,0.4532795977592468
50,0.43131153230667113,0.4586233673095703
51,0.4322706524848938,0.4327458152770996
52,0.4301268002510071,0.46676305103302
53,0.43134250736236573,0.4919864535331726
54,0.4328812611579895,0.45359114599227907
55,0.42905337467193605,0.49403374576568604
