epoch,loss,val_loss
0,0.5685336038589478,0.4479056510925293
1,0.30034421033859254,0.19605084180831908
2,0.20482327699661254,0.1668224058151245
3,0.16961279287338257,0.1720585341453552
4,0.15331102504730224,0.10040879726409913
5,0.14057765998840333,0.2975557975769043
6,0.13503339109420776,0.08966566753387452
7,0.12096365861892701,0.1222091760635376
8,0.11407648057937622,0.17114131259918214
9,0.1115903323173523,0.07628889513015748
10,0.09979744691848755,0.18611934995651244
11,0.09780897817611695,0.06873744249343872
12,0.09042848443984985,0.07701271152496338
13,0.09152734899520874,0.07360256338119507
14,0.08320012102127075,0.1395954933166504
15,0.08385414295196533,0.07374769878387451
16,0.08097158489227295,0.08032717943191528
17,0.07525942869186401,0.07688711929321289
18,0.07585403757095337,0.09275240707397461
19,0.07357753639221191,0.058405115604400634
20,0.0756360761642456,0.06823465681076049
21,0.07330218982696533,0.07320447540283204
22,0.07164760704040528,0.06017724609375
23,0.07049626150131226,0.07388221836090088
24,0.0678645606994629,0.06591299819946289
25,0.06886019210815429,0.07755454635620117
26,0.06794382724761963,0.06375184345245362
27,0.07001599521636963,0.06919839763641357
28,0.0662221905708313,0.053878430843353274
29,0.06592688503265381,0.05525402593612671
30,0.0646912218093872,0.05978096294403076
31,0.0652671275138855,0.07151502275466919
32,0.0644593915939331,0.064525315284729
33,0.062410157585144045,0.08465526962280273
34,0.06320716876983642,0.054349326133728025
35,0.06406137714385986,0.05154354381561279
36,0.06187053270339966,0.09460605001449585
37,0.06183403120040894,0.051158537387847904
38,0.06271686840057374,0.05518008470535278
39,0.0624493613243103,0.06847859430313111
40,0.061500927639007566,0.0602967324256897
41,0.06169765634536743,0.06825432968139648
42,0.0615027081489563,0.07685816097259522
43,0.06056962985992432,0.052614879608154294
44,0.058838910484313965,0.052113143920898435
45,0.057947672653198244,0.06148202800750732
46,0.05855884666442871,0.05786440944671631
47,0.05671682462692261,0.12273187685012818
48,0.059104474544525144,0.08231632995605469
49,0.0567136715888977,0.05672162532806396
50,0.058100420951843264,0.061121554374694825
51,0.05821128969192505,0.04862854337692261
52,0.054969706153869625,0.06812277555465698
53,0.057679736232757566,0.05358765172958374
54,0.05429665126800537,0.07306439828872681
55,0.057465543365478516,0.0514662036895752
56,0.05708874816894531,0.053537805557250975
57,0.05576001558303833,0.16525211095809936
58,0.056457775974273684,0.05850963354110718
59,0.0538056318283081,0.05027669620513916
60,0.05522861452102661,0.06070354700088501
61,0.05541609754562378,0.058437353134155275
62,0.05513697557449341,0.051084710121154786
63,0.05452043962478638,0.07092916059494019
64,0.05438146095275879,0.04992378902435303
65,0.05228410005569458,0.04880786752700806
66,0.05374875574111938,0.10896959209442139
67,0.05379381513595581,0.04934001684188843
