epoch,loss,val_loss
0,0.5925983451843262,0.3849202208518982
1,0.3663914354324341,0.3590159282684326
2,0.2627985617637634,0.18570896434783934
3,0.23060048389434815,0.19538680839538575
4,0.21007220010757446,0.16902734994888305
5,0.1985582896232605,0.16497652626037598
6,0.1881747682571411,0.14493210363388062
7,0.18400024471282958,0.14742827367782593
8,0.16936110582351685,0.1287326145172119
9,0.1614058856010437,0.12095017194747924
10,0.15802106800079346,0.14157433795928956
11,0.15060581541061402,0.14380601835250856
12,0.15189802694320678,0.12954581022262573
13,0.14743968963623047,0.23368537044525148
14,0.13982727794647218,0.17477178287506104
15,0.1385021104812622,0.132593807220459
16,0.13287038831710815,0.11877528142929077
17,0.13051246423721313,0.1572784113883972
18,0.13017811250686645,0.11986660480499267
19,0.12537936305999756,0.13844155740737915
20,0.12363134117126465,0.10957840967178345
21,0.1233331464767456,0.09509188079833984
22,0.11742272777557373,0.09743456411361694
23,0.11607629671096802,0.1247646632194519
24,0.11453587551116944,0.12270535135269164
25,0.1136345760345459,0.10579771327972412
26,0.1110994306564331,0.1213165602684021
27,0.11635420589447021,0.13083085441589357
28,0.11178532695770263,0.09231840991973878
29,0.11019011859893799,0.09011646366119384
30,0.1059149603843689,0.14110190677642823
31,0.10481579055786133,0.08658444547653198
32,0.10507647609710694,0.13102274131774902
33,0.10205899095535279,0.15423193407058716
34,0.10463848524093627,0.19840620279312135
35,0.1021179368019104,0.08729614114761353
36,0.09893567733764648,0.09043635129928589
37,0.09725581169128418,0.10956956624984741
38,0.09880055227279663,0.10714983654022217
39,0.09869497394561767,0.07984607887268066
40,0.09377989664077759,0.08683035898208619
41,0.09734146785736084,0.1284015851020813
42,0.09284197397232055,0.08060400247573853
43,0.09386053686141968,0.09062734127044678
44,0.09483606462478637,0.09352107954025268
45,0.08926585559844971,0.08358208847045899
46,0.09108654088973998,0.07335623121261596
47,0.08997005586624146,0.0965293288230896
48,0.09009476518630981,0.08666472625732421
49,0.09044456996917724,0.08557477569580078
50,0.08849466962814331,0.0758973937034607
51,0.08649174661636352,0.07989198780059814
52,0.08847144804000855,0.11974869728088379
53,0.08716626291275024,0.07597989845275879
54,0.08682807006835938,0.3159034180641174
55,0.08831873598098755,0.08190249681472778
56,0.08391975879669189,0.08023394918441773
57,0.08710273447036743,0.1381667308807373
58,0.0869619125366211,0.11477166366577149
59,0.08080271558761597,0.09250063753128052
60,0.08206182317733765,0.08052138900756836
61,0.08240292825698853,0.0719627046585083
62,0.08143371143341065,0.07053429937362671
63,0.08239174814224243,0.0694700288772583
64,0.08099600048065185,0.08252561950683594
65,0.08151139287948608,0.07441991186141968
66,0.0791560528755188,0.07212673234939575
67,0.08001876277923584,0.12183379173278809
68,0.07990044326782227,0.07474126863479615
69,0.07988393430709839,0.09488203907012939
70,0.07846921825408935,0.07632378911972046
71,0.07714817237854003,0.06998627328872681
72,0.07897995176315308,0.07792294692993164
73,0.07563663520812988,0.09224160385131835
74,0.07689522676467896,0.17315123510360717
75,0.07998985090255738,0.07920704698562622
76,0.07245892181396485,0.1559138355255127
77,0.07913715591430664,0.07652941942214966
78,0.07549012680053711,0.08257628393173218
79,0.07552738876342774,0.12130642938613892
80,0.07380736942291259,0.08234811401367187
81,0.07541131057739257,0.0840747685432434
82,0.07577122116088868,0.11186701869964599
83,0.0745788215637207,0.06948670768737793
