epoch,loss,val_loss
0,0.5601499060630798,0.5479499320983887
1,0.2698928359031677,0.2064751181602478
2,0.17240771703720092,0.25230836534500123
3,0.13778445205688478,0.11009145307540893
4,0.12595874328613282,0.11365213680267335
5,0.10940941162109374,0.11827659463882446
6,0.0995426962852478,0.24073902654647827
7,0.09599451093673705,0.06565666961669922
8,0.08760723552703857,0.16121335363388062
9,0.08179965295791626,0.07273864030838012
10,0.07856355876922608,0.07124167680740356
11,0.07489740905761719,0.08110517597198487
12,0.07229077749252319,0.07999956226348877
13,0.06787529630661011,0.06353085374832153
14,0.06689428548812866,0.054848280906677246
15,0.06438614158630371,0.09142783975601196
16,0.06243055601119995,0.061801203727722166
17,0.062246693992614746,0.06105375719070435
18,0.06073850679397583,0.06811060428619385
19,0.05910979728698731,0.052893356800079346
20,0.0595928918838501,0.07603803491592408
21,0.05798416652679443,0.07410817670822144
22,0.05771884727478027,0.08478966522216796
23,0.05734467744827271,0.05860537195205689
24,0.05612359247207641,0.06604556655883789
25,0.056137839126586916,0.05614781713485718
26,0.05507723722457886,0.07378252983093261
27,0.055777442836761476,0.052579697608947755
28,0.05518560190200806,0.06083737373352051
29,0.05301901941299438,0.052615508079528805
30,0.053531672859191894,0.06751089763641357
31,0.052906075382232666,0.12080386257171631
32,0.054273166465759276,0.05478990364074707
33,0.05128382768630981,0.045488890171051025
34,0.05101854410171509,0.06233587980270386
35,0.05209304962158203,0.048369272232055664
36,0.0519345067024231,0.0549801983833313
37,0.05025156536102295,0.06402070713043213
38,0.049610483264923094,0.05667965030670166
39,0.05096395196914673,0.06157826185226441
40,0.05070665225982666,0.06079499816894531
41,0.05200401420593262,0.049743972301483155
42,0.04967996711730957,0.05096657133102417
43,0.049789844608306884,0.04554652261734009
