epoch,loss,val_loss
0,0.7905893159866333,0.549994330406189
1,0.5403217534065247,0.40902061796188355
2,0.45252751293182375,0.465498782157898
3,0.41771135339736937,0.42205895280838013
4,0.3920272946357727,0.3388793034553528
5,0.37442905960083006,0.3907593126296997
6,0.3587536536216736,0.3991632423400879
7,0.34834122018814084,0.3062478766441345
8,0.33484769439697265,0.417515106678009
9,0.32627243003845213,0.3014361414909363
10,0.3203644545555115,0.3275178480148315
11,0.31180585956573487,0.2701909050941467
12,0.30359230937957765,0.29342973232269287
13,0.2990145013809204,0.30576339721679685
14,0.2905332003593445,0.2544418783187866
15,0.28496174812316893,0.2980358262062073
16,0.2815065774917603,0.3001576037406921
17,0.2799900025367737,0.34551525402069094
18,0.2770243064880371,0.262930606842041
19,0.27082209844589233,0.24446364641189575
20,0.2694108006477356,0.2591687688827515
21,0.2658091459274292,0.2965770416259766
22,0.262543713760376,0.28798450946807863
23,0.25940858268737793,0.28586914587020873
24,0.26099195003509523,0.23434228897094728
25,0.2530039286613464,0.25563650131225585
26,0.2534134875297546,0.2645163707733154
27,0.2527099416732788,0.24590926456451417
28,0.25091847953796387,0.25392086219787596
29,0.24754027252197267,0.2913178262710571
30,0.2469475273132324,0.22641457319259645
31,0.24595061893463135,0.22633139848709105
32,0.2450599799156189,0.2501458945274353
33,0.2420189694404602,0.23404983043670655
34,0.23987270050048828,0.28825132322311403
35,0.24271170473098755,0.2942334051132202
36,0.24115203790664672,0.3095500636100769
37,0.23759483518600463,0.24553072023391723
38,0.23897387628555297,0.22428049182891846
39,0.23703299160003663,0.22335474920272827
40,0.2332716148376465,0.26383424806594846
41,0.23470857610702514,0.29577561616897585
42,0.2351154005050659,0.2632184586524963
43,0.23174626150131225,0.22960670042037964
44,0.23159942560195923,0.21871685361862184
45,0.23175412130355835,0.2267509398460388
46,0.2329466064453125,0.23573197078704833
47,0.23186246566772462,0.2114211378097534
48,0.23076534051895142,0.2165985584259033
49,0.2288254596710205,0.22175293922424316
50,0.22803887643814086,0.28440418767929077
51,0.22924603939056395,0.22978053712844848
52,0.22877762937545776,0.2525526533126831
53,0.22821143598556518,0.21435299491882323
54,0.22680665864944458,0.23532039165496826
55,0.22706655969619752,0.2581677894592285
56,0.22422000694274902,0.2148293662071228
57,0.22316145153045655,0.3000760374069214
58,0.22481753177642821,0.20731674337387085
59,0.22312181339263917,0.22832917308807374
60,0.22397643985748292,0.22373891735076903
61,0.22136270418167114,0.21128703117370606
62,0.22272291765213012,0.21640546464920044
63,0.21993956632614137,0.2225921812057495
64,0.22142065725326537,0.23184758472442626
65,0.22267052936553955,0.21272886276245118
66,0.22095862350463868,0.20809796047210694
67,0.2210997447013855,0.21187887716293335
68,0.22088035717010499,0.24329734230041503
69,0.21969219875335694,0.21559560108184814
70,0.21909304533004761,0.2281905927658081
71,0.2170665138244629,0.2319539442062378
72,0.2217011058807373,0.20408435916900636
73,0.21717580280303955,0.2124559202194214
74,0.21780138187408446,0.22536567878723143
75,0.2179872434616089,0.22301833581924438
76,0.2179612943649292,0.21135196828842162
77,0.21508012361526488,0.30178625392913816
78,0.22054390058517456,0.2477091474533081
79,0.21740283536911012,0.21025095748901368
80,0.21729898147583007,0.2239122829437256
81,0.21513357067108155,0.25211530160903933
82,0.21595558547973634,0.20606242895126342
83,0.2152027172088623,0.21259948253631591
84,0.2131009690284729,0.25151816034317015
85,0.21674041633605956,0.2543560447692871
86,0.2148427046775818,0.21015455436706543
87,0.21354794788360595,0.2079065442085266
88,0.21262962465286256,0.2104102430343628
89,0.21442971439361572,0.2018725552558899
90,0.2149926097869873,0.25760474014282225
91,0.2151864317893982,0.20516533660888672
92,0.2135940103530884,0.20508496713638305
93,0.20949282655715942,0.2549525194168091
94,0.21484194507598878,0.2052170238494873
95,0.21367767210006713,0.22766505813598634
96,0.21158890953063964,0.225551899433136
97,0.21138742570877075,0.23834716987609864
98,0.21482027254104613,0.262298237323761
99,0.21421727142333985,0.20429924154281617
100,0.21056630172729493,0.22016269445419312
101,0.21361125745773316,0.20838881349563598
102,0.21118781356811522,0.22329206085205078
103,0.21236807079315184,0.2035209846496582
104,0.21101473340988158,0.20901943731307984
105,0.21174988174438478,0.20260202598571778
106,0.21098151512145996,0.20196206426620483
107,0.2092975133895874,0.24289404964447023
108,0.21015229015350342,0.21449793004989623
109,0.20992856979370117,0.20444334411621093
