epoch,loss,val_loss
0,0.5353966753005981,0.4741248846054077
1,0.34729330558776855,0.30236748456954954
2,0.27881173944473264,0.30383400201797484
3,0.24833490619659424,0.20743136215209962
4,0.23502575359344482,0.18169284534454347
5,0.21806919984817505,0.21946199131011962
6,0.21163933458328246,0.2726458215713501
7,0.19444792194366456,0.1829326548576355
8,0.19567117500305176,0.1611126537322998
9,0.18470304670333862,0.12736133670806885
10,0.18226336870193482,0.13306758975982666
11,0.1703268609046936,0.1771212525367737
12,0.16223857164382935,0.1484662094116211
13,0.15955656957626344,0.1921020998954773
14,0.1556502121925354,0.10626357507705689
15,0.15309628925323487,0.1457391128540039
16,0.1463478991508484,0.4286879835128784
17,0.14436851978302,0.13880872201919556
18,0.14076376762390136,0.2258899369239807
19,0.13091676931381224,0.18049022722244262
20,0.13703426027297974,0.18143075466156006
21,0.1254213755607605,0.21185554361343384
22,0.12176988821029663,0.2266437907218933
23,0.12398673543930054,0.09335054445266723
24,0.11860272817611694,0.08277466106414795
25,0.11761777696609498,0.08269366168975831
26,0.10809072208404541,0.10050396060943603
27,0.11206872415542603,0.09243449306488037
28,0.11211484060287476,0.11538815450668335
29,0.10719914197921752,0.07558940029144287
30,0.10704653482437133,0.4286501822471619
31,0.10954527940750122,0.08355444955825805
32,0.1035809133529663,0.08516515398025512
33,0.0996956226348877,0.08469344282150268
34,0.10002129182815551,0.08901737546920777
35,0.09802191781997681,0.10223812532424927
36,0.09586140422821045,0.07611037731170654
37,0.09488010711669922,0.07257135963439941
38,0.0951506841659546,0.15052745723724364
39,0.0959065957069397,0.07803873300552368
40,0.09348136377334594,0.08688748931884765
41,0.0889651445388794,0.16420489072799682
42,0.09160577917098998,0.07439083433151245
43,0.08690753355026246,0.07572917509078979
44,0.08701749324798584,0.07555381155014038
45,0.08529103031158447,0.11541112565994263
46,0.08717316732406616,0.12707054948806762
47,0.0879261562347412,0.0674698224067688
48,0.0830214469909668,0.11565304803848267
49,0.08705474557876587,0.09565973567962646
50,0.0832824408531189,0.11340535879135132
51,0.08280478897094727,0.07320082950592041
52,0.07830733556747436,0.07360511445999146
53,0.08074349679946899,0.08085170125961304
54,0.07809098472595215,0.06130519485473633
55,0.0771287127494812,0.06377416896820068
56,0.0797438175201416,0.08573039817810059
57,0.07705607700347901,0.16779092931747436
58,0.07566553525924682,0.06803362131118774
59,0.08024232931137085,0.06550154304504395
60,0.07592052469253541,0.0733402338027954
61,0.07443752527236938,0.1380932092666626
62,0.07323872327804565,0.06649235105514527
63,0.07209490327835083,0.11759511566162109
64,0.07773438425064087,0.06465973520278931
65,0.0705554271697998,0.15427131032943725
66,0.07409014987945557,0.07048815822601319
67,0.0706153356552124,0.06553934335708618
68,0.07124325141906739,0.06684140539169312
69,0.0701005916595459,0.07016120195388793
70,0.07176727809906006,0.07300420379638672
71,0.07000850982666015,0.07589431762695313
72,0.06889986095428467,0.060884776592254636
73,0.06893337774276734,0.0776489281654358
74,0.06903809747695923,0.08158703422546387
75,0.06642295722961426,0.10950929403305054
76,0.06875857439041137,0.14946795988082887
77,0.06724644384384156,0.06798627614974975
78,0.06791506032943725,0.1354254388809204
79,0.06722293710708618,0.06250790929794312
80,0.06519100379943847,0.07853282308578491
81,0.06406422061920165,0.07515646457672119
82,0.06642345380783081,0.07237457466125488
83,0.06811028270721435,0.09098948669433594
84,0.0655459119796753,0.06936066913604737
85,0.06661215829849243,0.06462820959091187
86,0.06589322252273559,0.05643452835083008
87,0.06259556760787964,0.07856515645980836
88,0.0660411660194397,0.052796815395355225
89,0.062021307373046876,0.18029260444641113
90,0.06518649635314941,0.05795333862304688
91,0.06225372142791748,0.06315878343582153
92,0.06270276737213135,0.07228838777542114
93,0.06237028522491455,0.0712098650932312
94,0.06290819864273071,0.08910795974731445
95,0.06305631656646729,0.057133864402771
96,0.06180100660324097,0.10208744049072266
97,0.061675426769256594,0.059473610877990725
98,0.0602810643196106,0.10179956531524659
99,0.0610472110748291,0.07195210456848145
100,0.06245377473831177,0.08573755550384521
101,0.06049014139175415,0.06840662050247193
102,0.062313955307006834,0.050434557914733884
103,0.05937783632278442,0.059500739097595214
104,0.06087232656478882,0.08146669244766236
105,0.05901590156555176,0.06267247438430786
106,0.060303573513031006,0.0849439673423767
107,0.05897931680679321,0.055102152824401854
108,0.05766259136199951,0.06231885147094727
109,0.057044923877716064,0.06632500505447388
110,0.05724869346618652,0.05860798120498657
111,0.05970708713531494,0.06137053632736206
112,0.05768622236251831,0.055370952606201174
113,0.05813387327194214,0.08035774898529052
114,0.057628001499176025,0.050659680843353275
115,0.05604107789993286,0.08479447221755981
116,0.056543810939788816,0.0704517183303833
117,0.05655666475296021,0.17453403997421266
118,0.059401816654205325,0.08402996349334717
119,0.0566320894241333,0.15844518661499024
120,0.05906089897155762,0.06496578645706176
121,0.056880831718444824,0.06530231475830078
122,0.056227788543701175,0.054432113170623776
