epoch,loss,val_loss
0,0.5628294652938842,0.38635802364349364
1,0.3439200067520142,0.22525368070602417
2,0.26759927015304563,0.33870539236068725
3,0.23441401109695434,0.2215639338493347
4,0.21297359399795532,0.2510347681045532
5,0.20194384603500365,0.4626584119796753
6,0.19042771444320677,0.227992112159729
7,0.17915758295059203,0.13362883710861206
8,0.17651783380508423,0.13582475948333742
9,0.16628232116699218,0.1278736300468445
10,0.16712682695388795,0.20953790807724
11,0.15494729413986205,0.12981268310546876
12,0.14663647956848144,0.1638900055885315
13,0.14618647565841675,0.12366530132293702
14,0.13903795986175538,0.09752135848999023
15,0.1303044352531433,0.11081706476211547
16,0.12969490299224853,0.11917729806900025
17,0.12780837898254394,0.13040082788467408
18,0.12675830669403076,0.1858108615875244
19,0.12099145641326904,0.09568004703521729
20,0.11787783288955689,0.1524343400001526
21,0.11303015279769897,0.08349259996414185
22,0.11129716234207153,0.10912020111083984
23,0.11094755144119263,0.10983512926101685
24,0.1116825454711914,0.10553545141220093
25,0.10525740003585815,0.07929203939437866
26,0.10241413869857788,0.09020509576797485
27,0.10203006267547607,0.8980396785736084
28,0.11506008834838867,0.1039934573173523
29,0.10010631084442138,0.14287656545639038
30,0.10017721843719482,0.0787558355331421
31,0.09413198776245117,0.1131139497756958
32,0.09489532318115235,0.10337218236923218
33,0.09265574302673339,0.07347265434265136
34,0.09257838459014893,0.10341129589080811
35,0.09137659721374512,0.07406749248504639
36,0.09016808137893677,0.09107404708862304
37,0.0885296332359314,0.08874910545349121
38,0.08598036479949951,0.09980365991592408
39,0.08776077976226807,0.0852502589225769
40,0.0853042251586914,0.08268299150466919
41,0.08325212697982788,0.09030081748962403
42,0.0859441081047058,0.06446711015701294
43,0.08060409784317017,0.06701348066329955
44,0.08262882242202758,0.10207576036453248
45,0.08267381038665772,0.12664587354660034
46,0.08030272150039673,0.06979925346374512
47,0.0787289496421814,0.18155275869369508
48,0.07921628799438477,0.07992666149139405
49,0.07946023054122925,0.08277156686782837
50,0.0775678716659546,0.18403179788589477
51,0.07895722379684449,0.08774846172332763
52,0.07736776609420776,0.12056205749511718
53,0.07567351999282837,0.07408640384674073
54,0.07517315549850463,0.16478383493423462
55,0.07435395221710205,0.06037669706344605
56,0.07673786563873292,0.2665725374221802
57,0.07639855117797852,0.07640221166610718
58,0.07188803024291993,0.10815651035308838
59,0.07484501218795776,0.07266192436218262
60,0.07157987728118896,0.06448344469070434
61,0.07087617988586425,0.06360035848617554
62,0.06992914981842041,0.0997565312385559
63,0.07124832191467285,0.06405065536499023
64,0.07119993085861206,0.07095109796524048
65,0.06893230609893798,0.08172783517837524
66,0.07014361429214477,0.06439289808273316
67,0.06963324136734009,0.06958963966369629
68,0.068677054977417,0.06965773487091065
69,0.06658435850143432,0.06821932220458984
70,0.06663425884246826,0.0735134835243225
71,0.06839479017257691,0.06424595785140991
