epoch,loss,val_loss
0,0.5862361137390136,0.33751414489746095
1,0.30956974000930787,0.23655689477920533
2,0.21139970445632936,0.19934728717803954
3,0.1863599416732788,0.17336730098724365
4,0.1655357726097107,0.17840932035446166
5,0.15309080085754395,0.10659639549255372
6,0.1431524842262268,0.10370998525619507
7,0.1308135640144348,0.09825816917419433
8,0.12851005687713624,0.08879064989089966
9,0.1192852608680725,0.13964239931106567
10,0.11260491790771485,0.0929934663772583
11,0.11075003509521485,0.11780482721328735
12,0.0975039361000061,0.07850488805770874
13,0.10244065713882446,0.07787908458709716
14,0.09293665733337403,0.1085832085609436
15,0.09295110273361205,0.10086196613311768
16,0.09396304979324341,0.06589247035980225
17,0.0846639123916626,0.09009158563613892
18,0.08628134202957154,0.16329933881759642
19,0.08478237152099609,0.10967550563812256
20,0.08081684885025024,0.06078184652328491
21,0.07964475393295288,0.07537002420425415
22,0.07916379919052124,0.11854255533218384
23,0.07948904571533204,0.05795706605911255
24,0.07375986309051513,0.06444539165496826
25,0.07437930040359497,0.06764198780059814
26,0.0751689826965332,0.10084294652938842
27,0.07591333780288696,0.058674307346344
28,0.07033545999526977,0.06081746673583984
29,0.06995092096328735,0.0678972578048706
30,0.07037156944274903,0.12532378101348876
31,0.06988997745513915,0.05479385328292847
32,0.06741279115676879,0.055176620483398435
33,0.06618868379592896,0.05185933685302734
34,0.0657153398513794,0.05771381855010986
35,0.06692577676773072,0.06293815183639527
36,0.06563506126403809,0.05191645193099976
37,0.06230786819458008,0.056669897079467776
38,0.0642929759979248,0.08467523193359375
39,0.06266045169830323,0.05601490116119385
40,0.06082108011245727,0.08213249015808105
41,0.06194640817642212,0.051956417560577395
42,0.06280576009750366,0.08790145635604858
43,0.062325933933258054,0.05530441856384277
44,0.06008453712463379,0.06297169637680054
45,0.06067378768920898,0.06356290340423584
46,0.0597492259979248,0.052404211044311526
47,0.05922899112701416,0.05335014486312866
48,0.058552724075317385,0.06338825750350952
49,0.05920175857543945,0.07473197031021118
