epoch,loss,val_loss
0,0.5435878247261048,0.3527603831291199
1,0.35347568759918213,0.25603928565979006
2,0.2908528370857239,0.24273604345321656
3,0.2547257785797119,0.19094599771499635
4,0.23792806310653686,0.19273465776443482
5,0.21926989297866822,0.16222990369796753
6,0.20831560716629027,0.18730281352996825
7,0.2074568169593811,0.17329513311386108
8,0.19012911462783813,0.14996023988723756
9,0.18074535064697267,0.16031151247024536
10,0.17760144424438476,0.1772431740760803
11,0.1677031795501709,0.2830848526954651
12,0.16133735904693602,0.13095752477645875
13,0.15062621726989747,0.14736315965652466
14,0.14110155658721923,0.11590324974060058
15,0.14111230897903443,0.1173497052192688
16,0.13776538276672362,0.14273328876495361
17,0.1313296606063843,0.10182294702529907
18,0.12847178230285644,0.19690962266921996
19,0.12423969955444336,0.09658756542205811
20,0.12340602588653564,0.1005770378112793
21,0.12026020622253418,0.4698975296020508
22,0.13385918016433715,0.10408221006393432
23,0.11324103260040283,0.15065231370925902
24,0.11362901706695556,0.11788814544677734
25,0.10908127746582032,0.10597186470031739
26,0.10535426759719849,0.09298927354812622
27,0.10392465124130248,0.12226342868804932
28,0.1034770754814148,0.06757239341735839
29,0.09522738151550293,0.2878577270507813
30,0.10230383949279785,0.12048687267303466
31,0.09598924226760865,0.09504666328430175
32,0.09328327569961548,0.08416601753234863
33,0.09403463459014892,0.0700763611793518
34,0.09262532529830933,0.07504188919067382
35,0.08385389976501464,0.08880888032913208
36,0.08658416242599487,0.06692107391357421
37,0.08443839426040649,0.08318529510498048
38,0.08421039962768555,0.17396334838867186
39,0.08540538749694825,0.09445142936706542
40,0.08393391752243042,0.16226637983322142
41,0.08398642797470093,0.06963906288146973
42,0.08043999681472778,0.15439068174362183
43,0.08267454776763916,0.08775408983230591
44,0.08058999004364013,0.07735102701187134
45,0.07801585683822632,0.05479576635360718
46,0.07543893766403198,0.09550163984298705
47,0.07623520784378052,0.06253866481781006
48,0.07402824363708496,0.10181184005737305
49,0.07559561309814453,0.07001311826705933
50,0.07644558191299439,0.060691429615020755
51,0.07320481729507446,0.15656506967544556
52,0.07289303913116454,0.15285479354858397
53,0.072022669506073,0.1051186604499817
54,0.073992356300354,0.07609105443954468
55,0.0733168890953064,0.08976887559890748
56,0.07178593626022339,0.055017343521118166
57,0.07037985115051269,0.0918969144821167
58,0.0707035135269165,0.07787181329727173
59,0.06827300672531128,0.0750531120300293
60,0.06736002025604249,0.0667699933052063
61,0.06831091356277466,0.09754568529129028
62,0.06905569038391113,0.06431756210327148
63,0.06752818775177002,0.05682770586013794
64,0.06781466979980469,0.07212380456924439
65,0.06469701471328736,0.06818566179275512
