epoch,loss,val_loss
0,0.5546935989379883,0.4631087031364441
1,0.292281133556366,0.2528498020172119
2,0.20402408390045165,0.1319879732131958
3,0.17500750465393067,0.15011393451690674
4,0.14928485145568848,0.23904231309890747
5,0.14112185201644897,0.10621008348464966
6,0.13171891794204713,0.09392624473571777
7,0.12103414754867553,0.08212174558639526
8,0.1135679328918457,0.07817813491821289
9,0.10531967744827271,0.08445404767990113
10,0.09825917425155639,0.10095550441741943
11,0.0985166618347168,0.08354182815551758
12,0.08871926174163819,0.07398056268692016
13,0.08823278751373291,0.10751341009140014
14,0.08327539377212524,0.17268092727661133
15,0.08063198204040527,0.07221323442459106
16,0.08204322290420532,0.07139228534698486
17,0.07379379434585571,0.07009311866760254
18,0.0725197889328003,0.08533571624755859
19,0.0698387113571167,0.07744016027450562
20,0.07311301031112671,0.0728821063041687
21,0.06742508821487427,0.05066950178146362
22,0.06668230819702148,0.05290127563476563
23,0.06553378286361694,0.2315700445175171
24,0.06441876611709595,0.07068547773361206
25,0.061786789608001706,0.06595001125335694
26,0.06166688489913941,0.05588473176956177
27,0.061363921356201175,0.09903029251098633
28,0.05987914609909058,0.0455086350440979
29,0.05896898374557495,0.05369844913482666
30,0.058082870960235594,0.07274985551834107
31,0.05720340843200684,0.05034796714782715
32,0.05596308240890503,0.04866509628295899
33,0.05521771755218506,0.058091134071350095
34,0.05349041938781738,0.06339367961883545
35,0.05558786706924439,0.044291244506835935
36,0.05320629405975342,0.04386146783828735
37,0.05204447546005249,0.05850852632522583
38,0.05192486600875854,0.04065504169464111
39,0.051839966011047366,0.063648118019104
40,0.051684334945678714,0.05743061590194702
41,0.05073834590911865,0.09444385242462158
42,0.050339544200897215,0.0417147274017334
43,0.049683767700195315,0.0687504334449768
44,0.0484468542098999,0.11926960849761963
45,0.05010413627624512,0.051850584506988526
46,0.048205490398406985,0.052311519145965574
47,0.04920018320083618,0.042876793384552005
48,0.047347994136810304,0.048593974113464354
49,0.04655097999572754,0.044249320507049564
50,0.04722455863952637,0.051280630111694335
51,0.04597806987762451,0.04308051443099976
52,0.04465861778259277,0.0424545259475708
53,0.046640771961212156,0.054758914947509764
54,0.04618049821853638,0.058763182640075684
55,0.043818338012695315,0.040490241527557376
56,0.04394853467941284,0.06345512199401855
57,0.044888872241973875,0.0373992657661438
58,0.043107168674468996,0.05016605615615845
59,0.04500853471755981,0.03789401626586914
60,0.0439894980430603,0.041419108867645264
61,0.04314992084503174,0.039502529621124265
62,0.04234817667007446,0.03981980180740356
63,0.042857240581512454,0.04147653579711914
64,0.042977638244628906,0.07409305191040039
65,0.04160494527816772,0.04838387107849121
66,0.042973478126525876,0.04876607894897461
67,0.04230879554748535,0.057555543899536134
68,0.04114815120697021,0.059058473110198975
69,0.04207151155471802,0.05556460809707642
70,0.04202905797958374,0.03376066398620606
71,0.040713032913208005,0.048015775203704834
72,0.042281155967712404,0.0499986252784729
73,0.04035744915008545,0.056341208934783935
74,0.04086123743057251,0.04423375749588013
75,0.03912256088256836,0.036583571910858155
76,0.04049817600250244,0.038629124641418454
77,0.04018692808151245,0.04583821201324463
78,0.039615681648254394,0.047345225811004636
79,0.039816743278503416,0.03507638931274414
80,0.03972176113128662,0.05839774990081787
81,0.03891446695327759,0.046633825778961184
82,0.03995627899169922,0.05791340398788452
83,0.04067530012130737,0.05897817373275757
84,0.03934898490905762,0.06307147359848023
85,0.03948871374130249,0.04585206079483032
86,0.03879156045913696,0.03939536571502686
87,0.039306981945037844,0.0439075665473938
88,0.0385182186126709,0.031798431873321535
89,0.03873884897232056,0.048595314025878904
90,0.037601956748962405,0.034878767013549805
91,0.03906548852920532,0.06118165445327759
92,0.03817529897689819,0.032814446926116944
93,0.03805563650131225,0.03903370046615601
94,0.037701633071899415,0.040704774379730226
95,0.03836076927185059,0.035355884075164795
96,0.03731052713394165,0.04567565727233887
97,0.03787955493927002,0.03578096294403076
98,0.036082948112487793,0.051967710971832275
99,0.037732475090026855,0.05018429040908814
100,0.03844944734573364,0.037355374813079836
101,0.037499857425689696,0.06476496839523316
102,0.03796130876541138,0.03535399103164673
103,0.03755409603118896,0.04476545715332031
104,0.03726497011184692,0.03861675357818604
105,0.036681941699981686,0.03279749011993408
106,0.03570545492172241,0.04095394563674927
107,0.037590771293640135,0.03639231538772583
108,0.0367161374092102,0.03467404651641846
