epoch,loss,val_loss
0,0.7267078584671021,0.5883286666870117
1,0.4586381717681885,0.3759000239372253
2,0.26604475803375244,0.2482780957221985
3,0.20725323553085326,0.2573546042442322
4,0.17486332502365112,0.16074851417541505
5,0.15568723764419556,0.11372237396240234
6,0.13980379390716552,0.11209780502319336
7,0.13324150171279908,0.4091480193138123
8,0.12898643264770507,0.12224788808822631
9,0.12068517322540283,0.09496569156646728
10,0.11127955141067505,0.1417554659843445
11,0.10855776948928833,0.09418443155288696
12,0.10467248907089233,0.09584668779373169
13,0.10104745149612426,0.1421084680557251
14,0.09928570156097412,0.1060850510597229
15,0.09652447385787964,0.07527863073348999
16,0.09454364824295045,0.13152839708328248
17,0.09203147859573364,0.12173036956787109
18,0.08652632102966308,0.07584093236923217
19,0.09131208448410034,0.07368610668182372
20,0.08688209962844849,0.14739634895324707
21,0.08550746822357178,0.0804438796043396
22,0.08575823678970337,0.07064851474761963
23,0.08393419914245605,0.10951339054107666
24,0.08327143039703369,0.07180436515808106
25,0.0836990997314453,0.08196450185775757
26,0.08345828437805176,0.0877951340675354
27,0.07939536838531494,0.07299717903137207
28,0.08282155561447144,0.0771112961769104
