epoch,loss,val_loss
0,0.5668961547851562,0.318129714012146
1,0.30368177280426023,0.19078742218017578
2,0.21811203508377075,0.1493131604194641
3,0.18476391677856446,0.18006193923950195
4,0.1671274974822998,0.20095476150512695
5,0.15803134174346925,0.14707793045043946
6,0.14730931482315063,0.10972087812423706
7,0.1421099534034729,0.13384243631362916
8,0.13147533864974975,0.1001751675605774
9,0.12811391572952271,0.11708959054946899
10,0.12656543102264403,0.11300991582870483
11,0.11842886791229248,0.24540064811706544
12,0.11289403591156005,0.0844288763999939
13,0.11128943881988525,0.08974001598358154
14,0.1081726113319397,0.2979562253952026
15,0.11126742172241211,0.08416010999679566
16,0.1051602292060852,0.12126996183395386
17,0.09953120040893555,0.08275247430801391
18,0.09877344484329223,0.10584529495239257
19,0.09765895338058472,0.08026100492477417
20,0.0926799238204956,0.07957460308074951
21,0.09212731170654297,0.1345516219139099
22,0.09160412712097168,0.10835314989089966
23,0.09380822505950928,0.09461482048034668
24,0.08659622230529786,0.10892524099349976
25,0.08743043193817139,0.10010243272781372
26,0.08612030715942383,0.06654696798324584
27,0.08503733205795289,0.07156441497802735
28,0.08195538606643676,0.06609748458862305
29,0.07838190593719482,0.09421780490875244
30,0.08356220855712891,0.07021032428741456
31,0.08185809755325317,0.06885619592666627
32,0.08136562252044678,0.061534480571746826
33,0.07903742847442627,0.0710925965309143
34,0.07959307746887206,0.061175769805908206
35,0.07738771362304687,0.12000860834121704
36,0.07718628273010254,0.06206869888305664
37,0.07670044364929199,0.06427157545089722
38,0.07578246345520019,0.09069024705886841
39,0.0781356671333313,0.06992982816696167
40,0.07525439987182617,0.08992035865783692
41,0.07179863576889038,0.12203518867492676
42,0.074942822265625,0.06945066833496094
43,0.07298013944625854,0.06179228067398071
44,0.07131070775985718,0.06550623226165772
45,0.07329581851959228,0.05997290515899658
46,0.07221166334152222,0.07385982751846314
47,0.07100779542922973,0.06490192747116089
48,0.07114563789367676,0.05437061166763306
49,0.06996986780166627,0.058906485080718995
50,0.06824677457809449,0.16122112941741942
51,0.0722431203842163,0.058856009006500246
52,0.06852928133010865,0.05953573513031006
53,0.06995561456680298,0.06154988718032837
54,0.06905358657836914,0.06116613245010376
55,0.06729268674850464,0.12002323198318482
56,0.06931884298324585,0.06344638681411743
57,0.06481434259414673,0.05812988042831421
58,0.06818905534744263,0.056945079803466796
59,0.06619248628616332,0.0638353157043457
60,0.068326846408844,0.06723674631118774
61,0.06494406833648682,0.0576025276184082
62,0.06416772003173828,0.07268517827987671
63,0.06478612899780273,0.07067754554748536
64,0.06497840671539307,0.05422551012039185
65,0.0642414587020874,0.05684210205078125
66,0.06484579248428345,0.05491491508483887
67,0.061480725002288815,0.057507097721099854
68,0.06374535484313965,0.054878491878509524
69,0.06301436967849731,0.08387510776519776
70,0.06312906074523926,0.05083781766891479
71,0.062412826919555665,0.06645532178878784
72,0.06181803092956543,0.05084382152557373
73,0.06237090120315552,0.11110198068618775
74,0.06419622259140015,0.06395149898529053
75,0.06254787006378174,0.06988823127746582
76,0.06137890043258667,0.050334861278533934
77,0.06267147960662842,0.05308979082107544
78,0.057982775402069094,0.0544602427482605
79,0.058912465381622314,0.05248969745635986
80,0.05901115388870239,0.07613075828552246
81,0.059745035362243654,0.055856966495513916
82,0.061881933784484866,0.09379553937911987
83,0.0604895565032959,0.05877628993988037
84,0.05763590984344483,0.059663829803466795
85,0.058676218605041505,0.04882322120666504
86,0.056948581886291504,0.05071415948867798
87,0.05723883485794067,0.05442476320266724
88,0.06000893440246582,0.06139719390869141
89,0.058845444869995114,0.054418416023254396
90,0.0582344838142395,0.05144228601455689
91,0.058008856201171875,0.07172591018676758
92,0.05808536787033081,0.15996930885314942
93,0.06126047077178955,0.053380369663238524
94,0.056222789478302004,0.046734930992126465
95,0.056689390659332276,0.054068814277648924
96,0.05523542289733887,0.04780683994293213
97,0.05571996068954468,0.057155960083007815
98,0.05794772920608521,0.05687125968933106
99,0.05543249254226684,0.09367300033569335
100,0.057479443740844724,0.05784692192077637
101,0.0545932918548584,0.08576707220077515
102,0.05544358587265014,0.0530893349647522
103,0.056857692909240726,0.09419505310058594
104,0.05749816560745239,0.05314126491546631
105,0.054728807067871095,0.049353363037109375
106,0.05568711366653442,0.0484468584060669
107,0.054426824474334716,0.06197543954849243
108,0.05329706468582154,0.05326779985427856
109,0.05359181404113769,0.06669562101364136
110,0.055732410621643066,0.05008121299743652
111,0.05288075399398804,0.05742491912841797
112,0.05385736198425293,0.048058866024017335
113,0.05408381433486938,0.05623078632354736
114,0.05541039113998413,0.0661890048980713
