epoch,loss,val_loss
0,0.5291859712600708,0.39567387199401854
1,0.36557726831436155,0.30011706590652465
2,0.3068025374412537,0.3526605272293091
3,0.27438586473464965,0.23119582509994507
4,0.2523087934494019,0.2561749792098999
5,0.23986822929382323,0.31768346452713014
6,0.22662880697250365,0.1620769419670105
7,0.22002961645126343,0.1765875539779663
8,0.2064871766090393,0.26458666706085204
9,0.2040919952392578,0.18309256029129028
10,0.1866910813331604,0.16598229312896728
11,0.18782894086837768,0.13735828828811644
12,0.18219599609375,0.3438910689353943
13,0.1671528244972229,0.16187217140197754
14,0.1641342336654663,0.11040195941925049
15,0.16159914197921754,0.12311637592315673
16,0.14946669654846192,0.13282879066467285
17,0.14699186820983887,0.12377418231964112
18,0.1416108416557312,0.09990300464630127
19,0.13216480731964111,0.13154684352874757
20,0.12604034738540648,0.23623333168029786
21,0.12698485012054445,0.23160972213745118
22,0.12428661909103393,0.11301949691772462
23,0.12383828725814819,0.10263942146301269
24,0.11389996910095215,0.11396097803115844
25,0.1209219690322876,0.10151832580566406
26,0.10574874496459961,0.21232059001922607
27,0.11216201543807984,0.2573775839805603
28,0.11280493364334107,0.09522669124603271
29,0.10306734437942505,0.09941433191299438
30,0.10457418661117554,0.134131986618042
31,0.10067238721847534,0.06639833307266235
32,0.09484366607666016,0.07285646867752076
33,0.09452858228683472,0.2552189745903015
34,0.09712325944900513,0.058679610252380374
35,0.09081656265258789,0.10683869218826295
36,0.08950845756530762,0.07902212953567504
37,0.08751035823822022,0.06435750293731689
38,0.0821963173866272,0.09791144037246705
39,0.08709470233917237,0.10664872980117798
40,0.08520820569992066,0.10124237728118897
41,0.084274338722229,0.1162373161315918
42,0.08339724235534668,0.09853359699249267
43,0.0787255500793457,0.08138320970535279
44,0.08054246025085449,0.07799995374679565
45,0.07875617389678954,0.1500878643989563
46,0.07846071500778198,0.09676049566268921
47,0.07786096591949462,0.07914682912826539
48,0.07677427997589112,0.05237464618682861
49,0.07777598352432251,0.06582432508468627
50,0.0729551565170288,0.08253328990936279
51,0.07018632164001465,0.08693696308135987
52,0.07558005094528199,0.046435297966003417
53,0.07254506301879883,0.0509062762260437
54,0.07103411855697632,0.1383713903427124
55,0.07351529779434204,0.05875389051437378
56,0.07086743955612182,0.06007757902145386
57,0.06668415040969848,0.09006994962692261
58,0.07212361822128296,0.0776161904335022
59,0.07101632347106934,0.07463491773605346
60,0.06880137367248536,0.09107169103622437
61,0.06918701457977294,0.06626721668243409
62,0.06586171150207519,0.07533233261108399
63,0.06935991144180298,0.06505281066894532
64,0.06940590734481812,0.10247303390502929
65,0.06388436584472656,0.1365611653327942
66,0.06704662733078003,0.09194448566436768
67,0.06402047567367554,0.06223308944702149
68,0.06494775781631469,0.05146403408050537
69,0.06382908391952515,0.05730563449859619
70,0.06283675737380981,0.10846202278137207
71,0.06285513114929199,0.08593045616149902
72,0.06247514877319336,0.07373664569854736
