epoch,loss,val_loss
0,0.9036223395347596,0.8298207602500915
1,0.8028012107849121,0.8511933450698852
2,0.7725398868560791,0.7922710771560669
3,0.7623489917755127,0.7638744769096375
4,0.7533730779647827,0.7866946492195129
5,0.7468074601173401,0.7466301088333129
6,0.7415097779273987,0.751122836112976
7,0.738039955329895,0.728191620349884
8,0.7347565793991089,0.7581469655036926
9,0.728741724205017,0.7284949731826782
10,0.7274739172935486,0.7442204446792603
11,0.7237143455505372,0.7212828464508056
12,0.7223646619796753,0.7521993989944458
13,0.7214567506790162,0.7168968977928162
14,0.7187709827423095,0.712239221572876
15,0.7166339839935303,0.7127691206932067
16,0.7148738833427429,0.7284383411407471
17,0.7138092102050781,0.7087303733825684
18,0.7127456953048706,0.7433348035812378
19,0.7092143013000488,0.7683861842155456
20,0.7108210894584656,0.7561915373802185
21,0.7084223731040955,0.7067714948654175
22,0.707114406490326,0.7112419300079346
23,0.705240786743164,0.7209144697189331
24,0.7066595390319824,0.7408458919525146
25,0.7052163724899292,0.7033472051620483
26,0.705043288230896,0.7027881693840027
27,0.7045115549087524,0.718496187210083
28,0.7051615290641785,0.7335355529785156
29,0.7013499464035035,0.6978358907699584
30,0.7030585832595825,0.6984533452987671
31,0.7017516423225403,0.7152435693740845
32,0.7004412750244141,0.7466452994346618
33,0.7014343804359436,0.7579625873565674
34,0.6984434003829956,0.7182041735649108
35,0.6990140796661377,0.7795134563446044
36,0.6991423199653626,0.7034783825874329
37,0.6968702060699463,0.7111364822387696
38,0.6979207365989685,0.728292914390564
39,0.6968431058883667,0.7347054901123047
40,0.6963562195777893,0.7300468654632568
41,0.698010648727417,0.6971986775398255
42,0.6968412824630738,0.7319433617591858
43,0.6960205181121826,0.7320405941009521
44,0.6949942836761475,0.7078807830810547
45,0.6958431644439698,0.717916820526123
46,0.6948305833816528,0.7214005990028381
47,0.6950385756492615,0.701822564125061
48,0.6945793660163879,0.7000180397033692
49,0.6931870513916015,0.7207566480636597
50,0.6931579736709594,0.7344724702835083
51,0.6930263481140136,0.6955874185562134
52,0.6943974678039551,0.6944534358978272
53,0.6934947734832764,0.7362029995918274
54,0.6923000394821167,0.6935358419418335
55,0.6917775360107422,0.7302782649993896
56,0.6922315620422363,0.731128960609436
57,0.6917113878250122,0.7018566160202027
58,0.6915343843460083,0.7599940648078919
59,0.692068952178955,0.6974280090332031
60,0.6915017169952392,0.6978681907653809
61,0.691877795791626,0.7147404565811157
62,0.6919863025665283,0.6970014729499817
63,0.6906703991889953,0.7018700437545776
64,0.6915639052391053,0.6994291868209839
65,0.6894066179275513,0.7067090826034546
66,0.6919149689674378,0.7227914533615112
67,0.6910440205574035,0.6955137629508972
68,0.6903700267791748,0.7005528030395508
69,0.688832957458496,0.7030924968719482
70,0.6907119989395142,0.7711938643455505
71,0.6912316867828369,0.6975242447853088
72,0.6898417110443116,0.7011677856445313
73,0.6890055185317994,0.6957140283584595
74,0.6901032700538635,0.6971418318748475
