epoch,loss,val_loss
0,0.6335677646636962,0.4197653126716614
1,0.3466968420982361,0.1955449233055115
2,0.22052512063980104,0.14420735359191894
3,0.17817698945999144,0.2457063751220703
4,0.15855103540420531,0.11029930782318115
5,0.14112893438339233,0.2379225950241089
6,0.13680651969909668,0.12385468101501465
7,0.12397311191558838,0.17532780933380127
8,0.11554669885635376,0.0971516547203064
9,0.10663778324127197,0.09975035619735718
10,0.10027326459884643,0.07717847204208374
11,0.09751240196228027,0.07768674564361572
12,0.09378148765563965,0.07406101274490356
13,0.08915261173248291,0.06156068992614746
14,0.0851627875328064,0.07177397537231445
15,0.08662824802398682,0.0885456919670105
16,0.08211814613342285,0.08186866092681885
17,0.07907335205078125,0.09086429786682129
18,0.0772652099609375,0.08116997337341308
19,0.07771126174926758,0.06955135917663574
20,0.07566365013122558,0.06953106737136841
21,0.07358825302124024,0.08429457902908326
22,0.07121947107315063,0.0709052209854126
23,0.07177073516845703,0.0708697099685669
