epoch,loss,val_loss
0,0.6510139772415161,0.5837983379364013
1,0.4910733278274536,0.5378771409988403
2,0.4501601557731628,0.5055073728561401
3,0.43606166219711306,0.43075117683410646
4,0.4231022686958313,0.4163032536506653
5,0.4100890432357788,0.3880120587348938
6,0.3951272117614746,0.35419904327392576
7,0.3788936000823975,0.3519808444976807
8,0.3558941457748413,0.3460517344474793
9,0.3375662585258484,0.3080003719329834
10,0.3146967098236084,0.28200445795059204
11,0.2927292311668396,0.27446035146713255
12,0.27746385612487795,0.2799007611274719
13,0.2641405041694641,0.28008145380020144
14,0.25368961610794066,0.27084724378585817
15,0.2453050560951233,0.23349836015701295
16,0.23814260301589965,0.2597054705619812
17,0.2270547610282898,0.403324294090271
18,0.22261085109710693,0.21412287139892577
19,0.21705320739746095,0.2537060680389404
20,0.21332098608016967,0.32728187227249145
21,0.20932623167037964,0.35653291463851927
22,0.20874614486694337,0.2061822600364685
23,0.19725496301651002,0.2601843647956848
24,0.19492198247909545,0.19861470699310302
25,0.19680262203216553,0.18879844951629637
26,0.1911478219985962,0.19801784372329712
27,0.19045847234725952,0.18615566730499267
28,0.1850974822998047,0.1774409613609314
29,0.18442998132705687,0.27705921125411986
30,0.18410470314025879,0.1912398657798767
31,0.18162861223220825,0.2013987398147583
32,0.17960559015274047,0.20473590183258056
33,0.1756581358909607,0.17663117933273315
34,0.17796305532455445,0.17785402059555053
35,0.17244709873199462,0.17381944799423218
36,0.1750861822128296,0.20028690767288207
37,0.17091242761611938,0.20756658792495727
38,0.16980524501800537,0.19738040781021118
39,0.16928180742263793,0.18390174341201782
40,0.16909658155441284,0.165321231842041
41,0.16465018911361695,0.1745508050918579
42,0.16311144323349,0.16469384574890136
43,0.16482139282226563,0.22480784225463868
44,0.16537518882751465,0.1839218192100525
45,0.1608932508468628,0.17426093339920043
46,0.16078223876953124,0.18850767755508424
47,0.16065777959823607,0.17004559421539306
48,0.15868784675598144,0.16204098749160767
49,0.15779113073349,0.1604975905418396
50,0.15658300867080688,0.16283166456222534
51,0.1562191228866577,0.1550427680015564
52,0.15714689264297485,0.15932488203048706
53,0.1529942584037781,0.1596240553855896
54,0.15383409538269044,0.15174358081817627
55,0.15289128856658935,0.16825982284545898
56,0.1523577007293701,0.1562290964126587
57,0.15087461919784545,0.15518035984039308
58,0.14947268924713134,0.16129508781433105
59,0.15109384412765503,0.14787328147888185
60,0.15056427507400513,0.1595866093635559
61,0.14916994552612306,0.1492197494506836
62,0.1480115382194519,0.17104324913024901
63,0.14623988256454468,0.15125745916366576
64,0.1452606746673584,0.1650882453918457
65,0.14609889554977418,0.1533434648513794
66,0.14537750120162965,0.17265376615524292
67,0.14173835020065306,0.14737395906448364
68,0.14461130475997924,0.1485356798171997
69,0.14255345668792724,0.1559647331237793
70,0.14140195693969726,0.1779580078125
71,0.1432159562110901,0.16156263971328735
72,0.1404309976577759,0.14402613639831544
73,0.13982221326828004,0.1801920051574707
74,0.13967373914718628,0.24167667198181153
75,0.1391935338973999,0.15120263242721557
76,0.13885122842788697,0.14635310649871827
77,0.13688524942398073,0.14944033002853394
78,0.13766479997634887,0.17624285554885863
79,0.1370909688949585,0.14226071691513062
80,0.13584320936203004,0.15140189933776854
81,0.13593292493820192,0.15419285154342652
82,0.13456043281555174,0.14642059850692749
83,0.13420227184295655,0.1929693946838379
84,0.1341789493560791,0.141344229221344
85,0.13309276571273804,0.13577822017669677
86,0.13380889739990234,0.19192246866226195
87,0.13271527137756348,0.13738246297836304
88,0.13172553596496583,0.14932470417022706
89,0.13201939554214479,0.14156565046310424
90,0.12958568019866942,0.1431755838394165
91,0.13158410358428954,0.13823622322082518
92,0.129108118724823,0.13694444847106935
93,0.12786907625198365,0.15746546173095702
94,0.12873083992004394,0.15006597471237182
95,0.1305431866645813,0.13439237785339356
96,0.12770928411483765,0.13861846685409546
97,0.12724431571960448,0.14032865571975708
98,0.12477224254608155,0.16774783086776734
99,0.1284384069442749,0.1358948721885681
100,0.12684015378952027,0.1367618761062622
101,0.12779536905288696,0.20944050216674806
102,0.1237017050743103,0.2064395523071289
103,0.12561067543029786,0.13952353954315186
104,0.12349987354278565,0.14014954376220704
105,0.12270649309158325,0.13383025646209717
106,0.12232722597122192,0.13242295408248902
107,0.12148894662857056,0.15570001554489135
108,0.12402604322433472,0.13253745079040527
109,0.12120413761138916,0.13630254888534546
110,0.1190476643562317,0.15505303001403808
111,0.12236500568389892,0.15329942560195922
112,0.12261753435134888,0.1448587131500244
113,0.11934312829971314,0.14740700435638426
114,0.12094924716949462,0.1383577480316162
115,0.11793558340072632,0.1441257209777832
116,0.11906370496749878,0.13498951148986815
117,0.11833744049072266,0.15255757141113283
118,0.11714613084793091,0.1728743290901184
119,0.11827804355621338,0.14431432580947876
120,0.11871507453918458,0.14062065887451172
121,0.11664679870605468,0.15038289976119995
122,0.11557397155761719,0.14545786809921266
123,0.11661045379638672,0.13193042612075806
124,0.11390503320693969,0.15074668836593627
125,0.11367813272476196,0.15421875667572021
126,0.11514254913330078,0.14141937637329102
127,0.11301700077056885,0.13258568286895753
128,0.1146796552658081,0.13581229925155638
129,0.11334565763473511,0.1392185411453247
130,0.11314581909179687,0.15297597360610962
131,0.11256365995407104,0.13685811996459962
132,0.11124992027282715,0.13410629415512085
133,0.11172777538299561,0.13362860202789306
134,0.1103546015739441,0.1277179584503174
135,0.11125104303359985,0.14574199008941652
136,0.1074821364402771,0.12833343935012817
137,0.11147624254226685,0.1317844614982605
138,0.10972909164428711,0.12921808958053588
139,0.10993643188476562,0.154476891040802
140,0.11044194412231445,0.1698597378730774
141,0.10891264905929565,0.13925011587142944
142,0.10857788982391357,0.13503550386428834
143,0.10722074699401855,0.1339498610496521
144,0.10699217777252197,0.13580676460266114
145,0.10549754056930542,0.15069222974777222
146,0.10840030498504638,0.1299828600883484
147,0.10486045818328857,0.1262687063217163
148,0.10849325532913208,0.2098705244064331
149,0.10724125719070435,0.12612531852722167
150,0.10153733644485474,0.2561082615852356
151,0.10760028820037842,0.13230715942382812
152,0.10448635168075561,0.1321599106788635
153,0.10222245502471924,0.1302251238822937
154,0.10277062349319457,0.15439389705657958
155,0.10715938911437989,0.13133645153045653
156,0.10321337127685547,0.13147023820877074
157,0.10363772487640381,0.1370145754814148
158,0.10298759508132935,0.13140010738372804
159,0.10246768836975098,0.1686372594833374
160,0.10075391845703124,0.12845497512817383
161,0.09974333057403564,0.14935708570480347
162,0.09955603141784668,0.13030815315246583
163,0.09891456003189086,0.13450980091094972
164,0.0978789433479309,0.17210188341140747
165,0.09869715452194214,0.1400295252799988
166,0.09780633640289306,0.13359390592575074
167,0.09605604124069214,0.13205021476745604
168,0.10132715368270874,0.13143051671981812
169,0.09841754674911499,0.18292813634872437
