epoch,loss,val_loss
0,0.5546747235298157,0.39420040798187256
1,0.3393224250793457,0.22359187984466553
2,0.263934766292572,0.3909736018180847
3,0.23164190530776976,0.17617734432220458
4,0.21178798036575316,0.1593694396018982
5,0.19424853792190552,0.14916395044326783
6,0.18555096263885498,0.32419725608825684
7,0.17436267309188844,0.12678333806991576
8,0.1711973737716675,0.1386678729057312
9,0.16316473903656006,0.10804475116729736
10,0.15848608446121215,0.13154866886138916
11,0.1460873215675354,0.1353641619682312
12,0.14103672332763673,0.09788696432113647
13,0.14350301513671876,0.1162488317489624
14,0.15199915704727174,0.11253803968429565
15,0.12482800731658936,0.18634334993362428
16,0.12396391983032226,0.20585558986663818
17,0.11831040401458741,0.08636574268341064
18,0.1165083667755127,0.08938415431976318
19,0.11389389934539795,0.0796372561454773
20,0.11207211837768555,0.08339313936233521
21,0.10758004121780396,0.09392503643035889
22,0.10478656301498412,0.1672460913658142
23,0.10576383333206177,0.09578602504730224
24,0.10404817609786987,0.09888030910491943
25,0.10396755561828613,0.14345295572280883
26,0.10132668867111207,0.10254602861404419
27,0.09926918573379516,0.10210901832580567
28,0.09434207649230957,0.09060199356079102
29,0.0931997745513916,0.07061223936080932
30,0.09489316892623902,0.08474433946609497
31,0.09106233310699463,0.07983189487457275
32,0.09224379844665527,0.06790378141403199
33,0.0884539213180542,0.06672680187225342
34,0.08753775711059571,0.09054793310165406
35,0.08928239974975585,0.07193990421295166
36,0.08480122108459473,0.06992687416076661
37,0.08444197540283203,0.07277086687088012
38,0.08641842479705811,0.06846654653549195
39,0.08407665014266968,0.0755328164100647
40,0.08276349906921386,0.08889741611480713
41,0.08128422203063965,0.06547060251235962
42,0.08201578550338745,0.06470802450180053
43,0.0828848876953125,0.11189815378189087
44,0.07984477825164794,0.07591272401809693
45,0.08152646770477295,0.06546857118606568
46,0.07672702207565307,0.17410777568817137
47,0.08124628429412842,0.10724465417861938
48,0.07766649742126465,0.0968424129486084
49,0.07549729280471802,0.09255076456069947
50,0.0771903163909912,0.09716912746429443
51,0.07801797256469727,0.06537894105911254
52,0.07218162021636963,0.11578965091705322
53,0.07615459022521973,0.058068275451660156
54,0.07604149026870728,0.07257957887649537
55,0.07487570209503173,0.10407389450073243
56,0.07458666143417358,0.08918449068069458
57,0.07290964221954346,0.1257099151611328
58,0.07388579082489014,0.08592338991165162
59,0.0701081295967102,0.07170994997024537
60,0.07470380449295044,0.06168682813644409
61,0.07277211036682128,0.06364190244674682
62,0.07095962905883789,0.08764267301559449
63,0.0711723587989807,0.06712049102783203
64,0.06990490112304687,0.10595723581314087
65,0.07194257555007935,0.07629048871994018
66,0.07111769886016846,0.060494868278503415
67,0.06975602102279663,0.06752765560150147
68,0.07081278467178345,0.06305846500396728
69,0.06896548395156861,0.07451445579528809
