epoch,loss,val_loss
0,0.6189274551391601,0.31858197593688964
1,0.34401512575149534,0.3106630086898804
2,0.24629206228256226,0.17665742015838623
3,0.21382529048919677,0.23291290378570556
4,0.1932361845970154,0.18563663959503174
5,0.18418424253463744,0.19548548793792725
6,0.17188444166183472,0.20251115894317626
7,0.1610501753807068,0.12295397424697876
8,0.15894413709640504,0.12707387733459471
9,0.15147054243087768,0.1314169807434082
10,0.14563766946792603,0.17965614461898805
11,0.1430389596939087,0.12666526126861571
12,0.13289486589431762,0.17184159421920778
13,0.13774092988967895,0.10715347242355347
14,0.1289746513366699,0.16691065168380737
15,0.12727687940597535,0.13655834674835204
16,0.12167918720245362,0.24499398183822632
17,0.1245161286354065,0.10508168458938599
18,0.12326532297134399,0.0986870756149292
19,0.11644000053405762,0.10643312311172486
20,0.11724735078811646,0.10691712236404419
21,0.11136942806243896,0.19396892786026002
22,0.11387025470733643,0.09639606666564941
23,0.11125257291793823,0.10812049722671509
24,0.1087681749343872,0.0934898419380188
25,0.1103452115058899,0.12827273559570312
26,0.10747014474868774,0.12853790521621705
27,0.10727987060546874,0.09413492631912232
28,0.10502512826919555,0.08752767229080201
29,0.10334502868652344,0.11687181663513184
30,0.10209507989883423,0.14495174741744996
31,0.10123312520980834,0.09013296604156494
32,0.10185865955352784,0.09355900287628174
33,0.09881949729919434,0.11105346107482911
34,0.09983608083724975,0.10407309532165528
35,0.09983189868927002,0.10071550035476684
36,0.09764477014541625,0.08928703880310059
37,0.09672338380813598,0.09320824337005615
38,0.09472188482284546,0.09451956987380981
39,0.0953000391960144,0.10338111066818237
40,0.09297547512054444,0.09898588514328002
41,0.09356353130340576,0.08138702821731568
42,0.09290064563751221,0.08773798322677612
43,0.09390280799865723,0.10335398912429809
44,0.0902095549583435,0.09606307697296143
45,0.09207111644744873,0.08024996137619018
46,0.0910120343208313,0.08886745452880859
47,0.0890168984413147,0.0793834114074707
48,0.0896652979850769,0.09697979497909547
49,0.09028751020431519,0.09692395782470703
50,0.08897848424911499,0.09008242034912109
51,0.08921195831298828,0.08136088275909424
52,0.08947386083602905,0.09788941144943238
53,0.08666332473754883,0.11026937103271485
54,0.08746905765533447,0.09139136362075806
55,0.08811301918029785,0.3638953733444214
56,0.09268492565155029,0.13020962715148926
57,0.08831693525314331,0.09521031808853149
58,0.08774525327682495,0.08591241312026977
59,0.08643025197982789,0.09790734815597534
60,0.0855268988609314,0.08175603294372559
61,0.08526992645263672,0.09996804332733154
62,0.08515899057388306,0.09347832918167115
63,0.0846510274887085,0.09478526973724365
