epoch,loss,val_loss
0,0.6290085433006286,0.35676664447784423
1,0.3552220236778259,0.21760522508621216
2,0.2534284513473511,0.22733103227615356
3,0.220576655292511,0.34485975170135497
4,0.2013623868942261,0.15485086059570313
5,0.1838596923828125,0.1428709397315979
6,0.17546457033157348,0.14363834619522095
7,0.16869859924316405,0.1342825632095337
8,0.15784197845458983,0.18141966724395753
9,0.1599826000213623,0.19559840202331544
10,0.14872880754470824,0.19438708686828612
11,0.14272882051467894,0.1344279932975769
12,0.13574797973632813,0.23976498413085937
13,0.1319240372657776,0.16133248567581177
14,0.13427735195159912,0.10865921688079834
15,0.12555243453979492,0.12073038721084595
16,0.1222940453529358,0.18148663997650147
17,0.11978625545501709,0.11865682172775269
18,0.11982704391479493,0.09497686004638672
19,0.11413986539840698,0.14466652011871337
20,0.11122858037948609,0.10188556337356568
21,0.10829378900527954,0.13460432004928588
22,0.10890163955688477,0.11312555980682373
23,0.10736633615493775,0.12842353677749635
24,0.10321391162872315,0.08063177347183227
25,0.10017046146392822,0.09754904651641846
26,0.1027064842224121,0.13247212171554565
27,0.0998075873374939,0.08226555776596069
28,0.09852180967330933,0.11002197217941284
29,0.09615052700042724,0.10562694072723389
30,0.0945657919883728,0.1150532751083374
31,0.09535801572799682,0.11142673206329345
32,0.09639650535583497,0.07867530918121338
33,0.09659023971557618,0.1257712893486023
34,0.08925986413955689,0.07544745254516602
35,0.09079101896286011,0.08914485836029053
36,0.09171111516952514,0.07418399477005005
37,0.08922561531066894,0.10876740264892579
38,0.08855913038253785,0.07796177244186402
39,0.08673076152801514,0.1556705379486084
40,0.08891468286514283,0.0776191177368164
41,0.08773287172317505,0.07702857112884522
42,0.08441174163818359,0.07690279531478882
43,0.08440318002700806,0.19035640573501586
44,0.08700474424362183,0.07385102415084839
45,0.08338911151885986,0.07053932619094849
46,0.0837100471496582,0.07952446079254151
47,0.08306027116775512,0.07323785829544067
48,0.0825502239227295,0.09705482721328736
49,0.08300461664199829,0.08662892818450928
50,0.08160382099151611,0.08534303712844848
51,0.07834717826843261,0.11142942190170288
52,0.07896633987426757,0.07508696413040161
53,0.07645216245651246,0.07739459800720215
54,0.08143867139816284,0.07122407531738281
55,0.07612995595932007,0.08605746603012085
56,0.07720744028091431,0.10310994482040406
57,0.08017755031585694,0.08323395681381225
58,0.07560901889801025,0.08815416479110717
59,0.07711639232635498,0.07523402786254883
60,0.07421308107376098,0.10868199777603149
61,0.0784910216331482,0.07157120132446289
