epoch,loss,val_loss
0,0.6605191932678223,0.6630380120277405
1,0.3446513669013977,0.23061750078201293
2,0.20667545499801634,0.21413387489318847
3,0.17268953161239625,0.1273780779838562
4,0.15689905452728273,0.243878830909729
5,0.14502020292282106,0.10204974508285522
6,0.12738675775527955,0.095044930934906
7,0.12348291711807251,0.1303728699684143
8,0.11494290456771851,0.1798963875770569
9,0.11302921152114868,0.08156266212463378
10,0.10321014032363891,0.20979599666595458
11,0.0987130298614502,0.10182010126113891
12,0.09707907190322876,0.10524694061279297
13,0.09151748065948487,0.35065114307403566
14,0.09679009408950806,0.07958948612213135
15,0.08794744062423707,0.06411630582809448
16,0.0852961709022522,0.19348337841033936
17,0.08787552070617675,0.09216351270675659
18,0.08328789625167847,0.12377699851989746
19,0.07965482997894287,0.07107254028320313
20,0.07885187406539917,0.060266276836395266
21,0.07552592725753784,0.07252499866485596
22,0.0744171841621399,0.08973901462554931
23,0.07611124677658081,0.09526449537277222
24,0.07423939180374145,0.06148037719726562
25,0.07265090608596801,0.07768190193176269
26,0.07324060173034667,0.059390178680419924
27,0.07010297355651855,0.05902045154571533
28,0.0708957085609436,0.05772922468185425
29,0.06958294887542725,0.05772830390930176
30,0.06862793655395508,0.07485736656188965
31,0.06853406648635864,0.17289584732055663
32,0.0691098219871521,0.06625853872299195
33,0.06714016771316528,0.06797235488891601
34,0.06511359825134277,0.10067098569869995
35,0.06569746370315552,0.0663750958442688
36,0.06610389442443848,0.0628833384513855
37,0.06493100042343139,0.0729939866065979
38,0.0634804838180542,0.06034558248519897
39,0.06392917203903198,0.07208664226531983
40,0.06145284557342529,0.08198707628250122
41,0.06141686601638794,0.07437911987304688
42,0.06445112934112548,0.061096986770629885
43,0.0617860179901123,0.06569797897338867
44,0.06268499279022217,0.0766840181350708
45,0.06131241664886475,0.061408699989318846
