epoch,loss,val_loss
0,0.5241110486984253,0.41497296476364137
1,0.3678873762130737,0.38234030532836916
2,0.3125190510749817,0.243118887424469
3,0.2820968234062195,0.4118677577972412
4,0.26188786754608157,0.24907867383956908
5,0.24513941669464112,0.35199963903427123
6,0.23444186897277833,0.18070953845977783
7,0.2221489520072937,0.2143645133972168
8,0.2151004948616028,0.2596690917015076
9,0.21640798807144165,0.32908312702178955
10,0.19969986629486083,0.35602377891540526
11,0.19194041872024536,0.17596204090118409
12,0.18357551259994506,0.18453506708145143
13,0.17795442304611206,0.14487577056884765
14,0.1699701054573059,0.2239430570602417
15,0.15936258134841919,0.1491371145248413
16,0.15443318977355958,0.13295547246932984
17,0.1508180103302002,0.17696005535125733
18,0.14726631355285644,0.12447741842269898
19,0.14002783641815186,0.11001957845687867
20,0.139631449508667,0.10420327472686768
21,0.13035663290023805,0.18083125305175782
22,0.13019693183898925,0.1352648434638977
23,0.12387192630767822,0.29679703760147097
24,0.12672691192626953,0.09193983793258667
25,0.12074308071136475,0.10221465921401977
26,0.11568987045288086,0.12573342895507814
27,0.11572228546142578,0.1458326759338379
28,0.11569986724853516,0.1533288264274597
29,0.11147256803512573,0.1694928307533264
30,0.104542822265625,0.07881563282012939
31,0.10717417688369751,0.08487745666503907
32,0.09858809547424316,0.09952850675582886
33,0.10247078104019165,0.10616146421432496
34,0.09987063503265381,0.14669220876693725
35,0.09635954446792602,0.10056877613067627
36,0.09593162651062012,0.19792220544815065
37,0.09110824031829834,0.15942132711410523
38,0.0937356162071228,0.11498176336288451
39,0.088145827293396,0.08856743383407593
40,0.09076794080734253,0.07384634828567505
41,0.08677574682235718,0.1015811882019043
42,0.08751037282943726,0.11184534645080567
43,0.08067639389038087,0.1405211935043335
44,0.08272053499221801,0.09092397594451904
45,0.08279621725082398,0.0665964617729187
46,0.07856415348052978,0.127321195602417
47,0.08092608957290649,0.07481457805633544
48,0.0770051206588745,0.0918954963684082
49,0.07592255887985229,0.07848285627365112
50,0.07875077047348022,0.08837750577926635
51,0.07303293123245239,0.12354410934448243
52,0.075033291721344,0.06781328344345093
53,0.07580869073867798,0.08115645551681519
54,0.07270928268432617,0.08982626581192017
55,0.07294546632766724,0.060080953598022464
56,0.07317078742980956,0.1429682116508484
57,0.07492018089294433,0.0919470009803772
58,0.07037116203308105,0.10395135164260864
59,0.06929046401977539,0.09259606599807739
60,0.06713650550842286,0.056478301525115966
61,0.06678276672363281,0.06463398742675781
62,0.06953170690536499,0.06678409481048583
63,0.06862018117904663,0.06159681367874145
64,0.06386130628585815,0.16953241968154908
65,0.06762982912063599,0.097798011302948
66,0.06924634437561035,0.06207244968414306
67,0.06646734647750854,0.11109564352035523
68,0.06546997957229614,0.10516928768157958
69,0.06287586278915405,0.07705230283737183
70,0.06489127731323242,0.09003128576278686
71,0.06332112884521485,0.061418505668640135
72,0.0640187442779541,0.08793892812728882
73,0.06334236984252929,0.0659186692237854
74,0.06375326023101807,0.052475300788879395
75,0.06187760171890259,0.08018819284439087
76,0.060053108596801755,0.07612872266769409
77,0.06342568960189819,0.16227118968963622
78,0.06130658321380615,0.053532581329345706
79,0.05932050914764404,0.11628890562057495
80,0.062105112648010254,0.07112338018417358
81,0.05983638353347778,0.09935493326187134
82,0.05895920362472534,0.12532538032531737
83,0.05784800176620483,0.08701437759399414
84,0.0574723123550415,0.05761360740661621
85,0.058963940048217776,0.15408449172973632
86,0.05945390319824219,0.06477873516082763
87,0.05860678119659424,0.08530440044403076
88,0.0591246958732605,0.05968025541305542
89,0.05607649230957031,0.0564039363861084
90,0.05746959238052368,0.09007396221160889
91,0.05811076107025147,0.06374068784713745
92,0.05592510328292847,0.061267569541931154
93,0.05684598217010498,0.06465974187850952
94,0.05586591005325317,0.08108787870407104
