epoch,loss,val_loss
0,0.6139369040489197,0.32403877782821655
1,0.3643378988265991,0.3176083965301514
2,0.27275210428237917,0.20065311861038207
3,0.23439804010391235,0.19736836004257202
4,0.21608993949890137,0.24018933868408204
5,0.20387730503082274,0.2177040400505066
6,0.19505587539672853,0.20521086168289185
7,0.185805358505249,0.17185377359390258
8,0.1776248062133789,0.28494242429733274
9,0.17546034526824952,0.17705811643600464
10,0.16775082883834838,0.11807821607589722
11,0.1602043354034424,0.13720075273513793
12,0.15368598651885987,0.17358322143554689
13,0.15008506889343262,0.16988747262954712
14,0.15254046812057495,0.13637865352630615
15,0.14414801702499389,0.27127841806411745
16,0.13795585374832153,0.10739865255355835
17,0.14156032524108886,0.11298669385910035
18,0.13088104305267334,0.12541318035125731
19,0.12841128787994385,0.09102551031112671
20,0.12639230499267579,0.16431822729110718
21,0.12616649408340455,0.1694666862487793
22,0.11630471296310425,0.1196301031112671
23,0.12342826719284057,0.09499200582504272
24,0.11849479770660401,0.1535687289237976
25,0.11269069900512696,0.11386572647094727
26,0.1094335223197937,0.2278558177947998
27,0.11127824907302857,0.09108335971832275
28,0.11077186422348022,0.08585658359527588
29,0.10474114093780518,0.14214203882217408
30,0.10493035535812378,0.13880395698547363
31,0.10565867519378662,0.08719200468063354
32,0.10480867719650269,0.1261006817817688
33,0.09940692873001099,0.09676374292373657
34,0.09754830284118653,0.12202712774276733
35,0.10233691282272339,0.09087415552139282
36,0.09621690158843994,0.0831670274734497
37,0.09163766708374023,0.09528119039535522
38,0.09380076007843018,0.0861835994720459
39,0.09044073371887207,0.08705654621124267
40,0.09136869668960572,0.14109911823272706
41,0.09011795034408569,0.14878053998947144
42,0.08957297248840332,0.11323560571670532
43,0.09258408641815186,0.07537515830993652
44,0.08889219512939453,0.0750630750656128
45,0.08690068464279174,0.09956804418563843
46,0.08171962461471557,0.15758409357070924
47,0.08698797807693481,0.07105803871154785
48,0.08399344024658204,0.1137059497833252
49,0.08394078321456909,0.08690746545791626
50,0.08156431522369385,0.07338578987121581
51,0.08222303562164307,0.06969477367401124
52,0.08185114278793335,0.08777963161468506
53,0.08234554061889648,0.12304961824417114
54,0.07765803604125976,0.10216008281707764
55,0.08057009010314942,0.12671646118164062
56,0.07946229391098023,0.08096539735794067
57,0.07918372354507447,0.08495726871490479
58,0.07840902900695801,0.07511237668991089
59,0.07976265172958374,0.10175940942764282
60,0.07942725076675415,0.08041109943389893
61,0.07964843235015868,0.06779928827285767
62,0.07918261394500732,0.0666113600730896
63,0.07463555402755738,0.0784678807258606
64,0.07693373098373413,0.1067791919708252
65,0.07745425910949708,0.08374533510208129
66,0.07465351819992065,0.06790078687667847
67,0.07439557371139527,0.32141006326675414
68,0.07937515954971314,0.06951840925216675
69,0.07499805994033813,0.07500990533828736
70,0.07193200426101684,0.06772199249267578
71,0.07332330369949341,0.07975622415542602
72,0.07243704719543458,0.0805095329284668
73,0.07266284236907959,0.10120313310623169
74,0.0725971827507019,0.1624068703651428
75,0.07539673519134521,0.06128553438186646
76,0.07052324199676514,0.07625743865966797
77,0.07229074325561523,0.07037994146347046
78,0.07171976909637451,0.06512922763824464
79,0.07034320144653321,0.09961088657379151
80,0.07030230550765991,0.08120900011062622
81,0.07133908653259277,0.06780753183364868
82,0.07007240819931031,0.06113206386566162
83,0.07024289655685424,0.06878550004959107
84,0.07137381582260131,0.06763483095169068
85,0.06952860050201416,0.06904438018798828
86,0.06806159372329712,0.11585208415985107
87,0.06921128587722779,0.10405380725860595
88,0.07163273525238037,0.06729007625579835
89,0.06906729803085328,0.07681662845611573
90,0.0688958550453186,0.06242252445220947
91,0.06821830806732178,0.060475866317749025
92,0.0689524006843567,0.05954781007766723
93,0.0680845669746399,0.0682713418006897
94,0.06750526056289673,0.05972463321685791
95,0.06625214939117431,0.06439786911010742
96,0.06846532945632934,0.08232639074325561
97,0.06641710386276245,0.06526715421676636
98,0.06700768537521362,0.20594774389266968
99,0.06934931344985962,0.06671756267547607
100,0.06636387205123902,0.10640466833114624
101,0.06684064083099366,0.06763040447235108
102,0.06607849645614625,0.06505884075164794
103,0.0656972801208496,0.08080319738388062
104,0.06628385219573975,0.06965597486495971
105,0.06589101114273072,0.06886346292495728
106,0.0658780517578125,0.060837303161621094
107,0.06480474786758422,0.0722869176864624
108,0.06552096948623658,0.0816046233177185
