epoch,loss,val_loss
0,0.6552238889694214,0.4332615418434143
1,0.3941101797103882,0.2980287294387817
2,0.2655449724197388,0.18785093975067138
3,0.226524107170105,0.18294913005828858
4,0.20505267753601075,0.17734263277053833
5,0.1893772804260254,0.1398071937561035
6,0.1824688087463379,0.13305684804916382
7,0.1737830125808716,0.18949793195724488
8,0.16112167701721192,0.145037540435791
9,0.1588276128768921,0.6433696212768555
10,0.1592515627861023,0.2538495602607727
11,0.1489493579864502,0.12416797256469726
12,0.1453755069732666,0.13244797992706298
13,0.14054267482757568,0.13149518203735353
14,0.13336993350982665,0.10668417406082153
15,0.12955616693496705,0.14159481477737426
16,0.12614852256774903,0.24738754415512085
17,0.12665279455184936,0.09697780847549438
18,0.11944739599227905,0.10631748962402343
19,0.11868955450057983,0.1224431414604187
20,0.11568262453079224,0.2031948308944702
21,0.11587718477249145,0.16316588830947876
22,0.1097638578414917,0.11263092708587646
23,0.10779225940704346,0.08434313821792602
24,0.1093829966545105,0.0983971028327942
25,0.1100880763053894,0.08741971302032471
26,0.10313080253601074,0.09675718784332275
27,0.10627119512557984,0.08798280811309814
28,0.10237705516815186,0.09237679767608642
29,0.09933473873138428,0.08148104286193848
30,0.10083540992736817,0.11403194284439087
31,0.099252405834198,0.10430201005935669
32,0.09685912599563598,0.11296661138534546
33,0.09902629728317261,0.09248320007324219
34,0.09394896602630615,0.07837452793121338
35,0.09335961618423462,0.13112436199188232
36,0.09870936622619629,0.09656669616699219
37,0.09196731023788453,0.08963201570510865
38,0.09014140634536744,0.07574235677719116
39,0.08973293409347534,0.08428088092803955
40,0.09110302982330322,0.1679074249267578
41,0.0915882155418396,0.09245326280593873
42,0.08999248332977294,0.09308300590515137
43,0.08854026384353637,0.11499912738800049
44,0.08780434627532958,0.10753847122192382
45,0.09135904741287232,0.08956998920440674
46,0.08894855260849,0.13465053081512451
47,0.08438744258880615,0.0879703426361084
48,0.08591618127822875,0.10672351455688477
49,0.08304749355316163,0.10984992933273316
50,0.08339016923904419,0.09835856199264527
51,0.08393833446502685,0.08978384256362915
52,0.08275204935073853,0.0740484676361084
53,0.08244814119338989,0.1435608286857605
54,0.0820906967163086,0.16453586959838867
55,0.0840778491973877,0.0764995231628418
56,0.0792904034614563,0.10665103340148926
57,0.08037811946868896,0.08033598232269287
58,0.07975207853317261,0.07135097074508667
59,0.07872499017715454,0.06867699146270752
60,0.08132969570159912,0.10410398101806641
61,0.07974032831192017,0.07105224561691284
62,0.07811828203201295,0.07451756477355957
63,0.07799198989868164,0.07884774827957153
64,0.07626524744033814,0.10581458902359009
65,0.07825097427368163,0.11978202819824219
66,0.07582440996170044,0.06718529081344604
67,0.0779277533531189,0.07813632011413574
68,0.07853610496520996,0.07672834920883179
69,0.0707633005142212,0.09185811567306519
70,0.07620177669525147,0.07150567293167115
71,0.0739969596862793,0.07353409147262573
72,0.07433601226806641,0.08357390451431275
73,0.07379658975601196,0.06539010667800903
74,0.07364438791275024,0.07178098058700562
75,0.07468155755996704,0.06767703437805175
76,0.0729798975944519,0.08400949954986572
77,0.07195690603256226,0.08381277847290039
78,0.07419176082611084,0.08788012409210205
79,0.07507474546432495,0.06818589639663697
80,0.07378886995315552,0.09698051691055298
81,0.07272144708633423,0.13007635307312013
82,0.07100930061340333,0.0748568696975708
83,0.07256470460891723,0.066874418258667
84,0.07089438648223877,0.07499495077133178
85,0.06974015369415283,0.06464189910888672
86,0.0712129430770874,0.0827498607635498
87,0.07155503320693969,0.08828586196899414
88,0.07199874067306519,0.07212865018844604
89,0.06932861461639404,0.06355662202835083
90,0.06904802131652832,0.07025631713867188
91,0.06999113130569458,0.06702663660049439
92,0.06842980175018311,0.07670597124099732
93,0.0690491117477417,0.06586127614974975
94,0.06791902341842651,0.06997750043869018
95,0.0699057876586914,0.09768629407882691
96,0.06812869129180908,0.06256706428527832
97,0.06724233169555664,0.07518973588943481
98,0.06803695545196534,0.09663479852676392
99,0.06769395895004272,0.06642806720733642
100,0.06703616485595704,0.07554240608215332
101,0.06865323562622071,0.06522033929824829
102,0.06690741491317749,0.06734068584442139
103,0.06521543292999267,0.06373726797103882
104,0.0669514892578125,0.06606120538711548
105,0.06564018354415893,0.06263264322280884
106,0.06612403144836426,0.12013313579559326
107,0.07028904628753663,0.07083001518249511
108,0.06387484378814698,0.06278905963897705
109,0.06450016374588012,0.06992888069152832
110,0.06513160924911499,0.06257261848449706
111,0.06626515922546387,0.06536015748977661
112,0.06476983194351196,0.07089261388778687
