epoch,loss,val_loss
0,0.562401240158081,0.5779559173583985
1,0.3319297569274902,0.3405100636482239
2,0.24960397253036498,0.19465386772155763
3,0.21641840972900392,0.182404185295105
4,0.20363980712890625,0.19165236473083497
5,0.18888859119415283,0.14761898469924928
6,0.17622236833572388,0.14243267965316772
7,0.17175190877914429,0.2938714008331299
8,0.1665427227973938,0.1582116656303406
9,0.16142165517807006,0.1397368893623352
10,0.15772179489135743,0.13471176767349244
11,0.1505230679512024,0.24041834688186645
12,0.14733404026031494,0.13083950424194335
13,0.14761807708740235,0.12390780591964722
14,0.13824925289154052,0.11886841011047364
15,0.13725999555587767,0.11803422689437866
16,0.13726313886642455,0.15765612268447876
17,0.13509035167694092,0.129029589176178
18,0.13164048929214478,0.1358200616836548
19,0.1282746745109558,0.15174760055541991
20,0.1250291570663452,0.10833929634094239
21,0.1253368166923523,0.1067275161743164
22,0.12375104274749756,0.11168395090103149
23,0.12172679738998413,0.11975823545455933
24,0.11675811548233032,0.10270570802688599
25,0.11937087116241456,0.10689692544937134
26,0.11331505460739136,0.11007490873336792
27,0.1172200379371643,0.1064550347328186
28,0.11300113744735718,0.10249330615997314
29,0.11311202268600463,0.10882277631759643
30,0.11427213611602784,0.12176903867721557
31,0.10995783605575561,0.10491078996658325
32,0.11050944709777832,0.09442215871810913
33,0.10864314374923706,0.09817647075653076
34,0.10996337575912475,0.16183394813537597
35,0.10781442966461181,0.10660768365859985
36,0.10564438800811768,0.09439813613891601
37,0.10559641733169556,0.11892993116378785
38,0.10686999435424804,0.12473677635192872
39,0.10479035043716431,0.10652925539016724
40,0.10372412748336791,0.10675584125518799
41,0.10423232116699219,0.09153668451309203
42,0.10256175270080567,0.09436650085449219
43,0.1016568564414978,0.10736251831054687
44,0.10076649026870728,0.08992245435714721
45,0.10342342519760132,0.09537073516845704
46,0.0997559087753296,0.11427031755447388
47,0.10024635429382324,0.26416835165023805
48,0.10297795028686524,0.09093341398239135
49,0.09831130485534668,0.09984077262878419
50,0.0982458791732788,0.09440254545211792
51,0.09566077852249145,0.10082550621032715
52,0.09610571308135986,0.08707721853256226
53,0.0971863634109497,0.09095876216888428
54,0.0943989592552185,0.1239148178100586
55,0.09381788024902343,0.0948474359512329
56,0.09392662363052368,0.11804254579544067
57,0.09541810264587403,0.08623081922531128
58,0.09229062299728394,0.09290823745727539
59,0.09516665658950806,0.10681038618087768
60,0.09013811664581299,0.09506133937835694
61,0.0924389310836792,0.08668883085250854
62,0.09324104709625244,0.09257588052749634
63,0.0904425440788269,0.08720873355865479
64,0.0924240198135376,0.10447513484954835
65,0.08810668382644653,0.09785914516448975
66,0.09140975971221924,0.10333643293380737
67,0.09088206701278687,0.08350501155853271
68,0.0863179220199585,0.08560726547241211
69,0.08998840236663819,0.09056213331222535
70,0.08929169826507569,0.09489082288742065
71,0.08940639925003052,0.10146239471435547
72,0.08689695787429809,0.09268117904663085
73,0.09105594244003296,0.08839955568313598
74,0.08694509477615356,0.08996449708938599
75,0.08561517772674561,0.08295634174346923
76,0.08452797336578369,0.08077089166641235
77,0.08608349866867065,0.08191059255599975
78,0.08659052829742432,0.08474516582489014
79,0.08411900177001953,0.09943646049499512
80,0.08441354856491089,0.09232166528701782
81,0.08457732076644897,0.09904298543930054
82,0.0843762186050415,0.08356588077545166
83,0.08386433591842651,0.10361647796630859
84,0.08451369848251343,0.09121753454208374
85,0.08368137187957764,0.08608588171005249
86,0.0828570128440857,0.08797615909576416
87,0.08586680946350098,0.16520910167694092
88,0.08763500318527222,0.09323672914505005
89,0.08375277338027955,0.0889745945930481
90,0.08403959980010986,0.0870827579498291
91,0.08251005544662475,0.10663003253936768
92,0.0818494234085083,0.08558162117004395
93,0.08061099481582641,0.13559286165237427
94,0.08338587627410889,0.14688274574279786
95,0.08257265787124633,0.15567887926101684
96,0.083858597946167,0.08469944429397583
