epoch,loss,val_loss
0,0.6386589519500733,0.31110440731048583
1,0.35438170013427733,0.29215657091140745
2,0.244073015499115,0.18671729564666747
3,0.2060401996612549,0.2189802532196045
4,0.18619302854537964,0.13310532236099243
5,0.17253867073059082,0.16749429655075074
6,0.1630601487159729,0.22225657272338867
7,0.15180561628341674,0.2231087975502014
8,0.1459172779083252,0.11139791774749756
9,0.1355792667388916,0.1518596577644348
10,0.1360316354751587,0.09661847448349
11,0.12401631298065185,0.09902223920822144
12,0.12050323543548584,0.15360919666290282
13,0.11864752330780029,0.10823750686645507
14,0.11220999221801758,0.09068366146087646
15,0.11004141235351562,0.1302093496322632
16,0.10539306745529174,0.09514137792587281
17,0.10565527820587159,0.09653498935699463
18,0.10063561115264892,0.07575384330749511
19,0.09926374416351319,0.1255780897140503
20,0.09563498830795288,0.09421331214904785
21,0.09352929592132568,0.0931371169090271
22,0.09562202892303467,0.09282730197906494
23,0.08874531106948852,0.0690955138206482
24,0.0909816029548645,0.07677978420257568
25,0.08354173421859741,0.07759997653961181
26,0.08735836153030395,0.06977812719345093
27,0.08489785690307618,0.08380921840667725
28,0.08768884449005127,0.08853708648681641
29,0.08324174270629883,0.06408811569213867
30,0.08303351993560791,0.07478904342651367
31,0.08170595388412476,0.07232335281372071
32,0.0824968599319458,0.11745444107055664
33,0.08309737300872802,0.07941990232467651
34,0.0780523943901062,0.06219175958633423
35,0.07753463811874389,0.09468819761276245
36,0.0791473711013794,0.06208543443679809
37,0.07645520124435425,0.10774980735778808
38,0.07616466236114502,0.08798590564727783
39,0.07545088891983032,0.07277426433563232
40,0.07503859844207764,0.06513157939910888
41,0.0716303466796875,0.074908061504364
42,0.07368115062713623,0.06352113914489746
43,0.07327780275344849,0.15493518829345704
44,0.07496282558441163,0.06543902921676635
45,0.07177553062438966,0.0662011890411377
46,0.07402783546447754,0.0602836365699768
47,0.0703386754989624,0.14575747156143187
48,0.07206984586715698,0.06129603910446167
49,0.06931506900787354,0.07726739501953125
50,0.07055668125152588,0.06677651977539062
51,0.07165135526657104,0.07843901062011718
52,0.06963071956634521,0.05903373765945435
53,0.0687467559814453,0.06689893913269043
54,0.066808443069458,0.06444581270217896
55,0.06795024185180665,0.062488696098327634
56,0.06649733295440674,0.10703926134109497
57,0.06730307769775391,0.057085995197296145
58,0.06708627319335937,0.06333355808258057
59,0.06550071115493775,0.2988599691390991
60,0.06905915288925171,0.056079558372497555
61,0.06646961679458618,0.06691417169570923
62,0.06483324890136719,0.10805816698074341
63,0.06529436893463135,0.07607474231719971
64,0.06412361402511596,0.09929520893096924
65,0.06337713556289673,0.08268107271194458
66,0.06480916395187378,0.055188745498657224
67,0.06157566423416138,0.07055087423324585
68,0.06507557678222656,0.07413027763366699
69,0.06296112241744996,0.06260910177230836
70,0.06367782993316651,0.06998115539550781
71,0.06251008977890014,0.08090263891220092
72,0.06153279304504394,0.054339570999145506
73,0.05988865833282471,0.06115754222869873
74,0.0616327896118164,0.06642589282989501
75,0.063051331615448,0.06018460559844971
76,0.059659629917144776,0.06303886938095092
77,0.06335530281066895,0.08706212902069092
78,0.06071172847747803,0.07144557857513428
79,0.05784828729629517,0.08621416282653808
80,0.0601873462677002,0.05979233837127686
81,0.06026425952911377,0.057951519966125485
82,0.0605795392036438,0.05301584053039551
83,0.05917790145874023,0.05537389278411865
84,0.059173488426208495,0.06720138835906983
85,0.05883858470916748,0.05302142429351807
86,0.0582700291633606,0.060986401081085204
87,0.059255929183959964,0.08155257892608643
88,0.058730739879608154,0.05234623193740845
89,0.05901248359680176,0.05909977722167969
90,0.059095104217529296,0.06682118415832519
91,0.05774789886474609,0.062013983726501465
92,0.05844662771224975,0.06597552967071534
93,0.05786953535079956,0.09581296634674072
94,0.05978470478057862,0.05875644540786743
95,0.05726555843353272,0.06840679597854614
96,0.05778771295547486,0.06272666549682618
97,0.056851098918914794,0.05206889009475708
98,0.05601790523529053,0.06207329177856445
99,0.05811100368499756,0.0780381817817688
100,0.055907913970947264,0.12239123153686524
101,0.05773454208374024,0.05204244327545166
102,0.05696516103744507,0.1319379506111145
103,0.05560763549804688,0.06301152992248535
104,0.055921167278289795,0.056567286014556885
105,0.057575837707519534,0.07438389158248901
106,0.05436265211105347,0.05517488145828247
107,0.05609129657745361,0.06113456010818481
108,0.054342661571502686,0.05759719038009643
109,0.05452891464233398,0.0524004111289978
110,0.05656106815338135,0.06752358293533325
111,0.054413420104980466,0.08150355291366577
112,0.05659523630142212,0.06556529664993287
113,0.05457913579940796,0.09440669202804565
114,0.05397538175582886,0.053965594291687013
115,0.05438553829193115,0.05843575525283813
116,0.05487176303863525,0.07321073961257935
117,0.05404400901794434,0.10607138681411743
118,0.0562843596458435,0.05309592485427857
119,0.05326790056228638,0.05783908224105835
120,0.053819514179229734,0.07827724599838257
121,0.05445901012420654,0.0695805697441101
