epoch,loss,val_loss
0,0.597479522228241,0.3046838264465332
1,0.3365200331687927,0.3560084352493286
2,0.2596177360534668,0.3740025177001953
3,0.2447318046569824,0.23767681169509888
4,0.2264820107460022,0.23133366250991821
5,0.21595822668075562,0.20601527881622314
6,0.20791577701568603,0.20547281408309936
7,0.2038963580131531,0.20487807321548462
8,0.19550299444198607,0.20217370796203613
9,0.1959217957496643,0.18618764019012451
10,0.18975493240356445,0.1821214542388916
11,0.18550455942153932,0.1848032579421997
12,0.18513868188858032,0.1787928967475891
13,0.18185021505355836,0.19765701007843017
14,0.18183978176116944,0.1831784234046936
15,0.17790258951187135,0.17512709760665893
16,0.17329731769561768,0.19527971172332764
17,0.17446409130096435,0.17042394161224364
18,0.17216621589660644,0.17425191116333008
19,0.17256029500961304,0.17533620834350586
20,0.16956648225784302,0.18939249181747436
21,0.17351446266174317,0.17283256673812866
22,0.1702404492378235,0.1676123924255371
23,0.16700765504837037,0.16472470331192016
24,0.16794737520217895,0.16642263412475586
25,0.16512043447494507,0.18073447513580324
26,0.16784687223434447,0.17216684246063232
27,0.1679941876411438,0.1829019865989685
28,0.16480238456726073,0.16394088411331176
29,0.16621943464279174,0.1688106803894043
30,0.16239365825653077,0.16161036252975464
31,0.16263392581939698,0.17523079013824464
32,0.1633558973312378,0.1933461890220642
33,0.16220154466629028,0.17148115062713623
34,0.15976208181381227,0.16032571983337401
35,0.15907710666656494,0.25031361818313597
36,0.16096793031692505,0.16501544570922852
37,0.162424388217926,0.15817406940460205
38,0.15798386211395263,0.16144957304000854
39,0.1598164448738098,0.16776115894317628
40,0.1565504521369934,0.1605085835456848
41,0.15722041540145873,0.16589473819732667
42,0.15730207176208497,0.16909429836273193
43,0.1574059658050537,0.162926794052124
44,0.1552285264968872,0.1767506890296936
45,0.15586741847991945,0.15586979389190675
46,0.15401073913574218,0.1548561420440674
47,0.15640659236907958,0.18177225303649902
48,0.15473969335556031,0.15822631168365478
49,0.15227084150314332,0.16013637685775756
50,0.15263849487304687,0.1568853154182434
51,0.15530530490875244,0.15723756790161134
52,0.15142296571731567,0.20149810123443604
53,0.15234758014678956,0.15864675188064575
54,0.15223217220306395,0.15806506776809692
55,0.15084749240875245,0.1580952663421631
56,0.15304131050109862,0.16359836292266847
57,0.15002521047592163,0.21963736343383788
58,0.1499775800704956,0.17410457181930541
59,0.15128153276443482,0.15234568071365356
60,0.14834529104232788,0.18548298406600952
61,0.1486027268409729,0.20724257612228394
62,0.1478524256706238,0.16140609502792358
63,0.14978193950653076,0.16099461507797241
64,0.1474513927459717,0.16352278137207032
65,0.14669398336410522,0.15894104957580565
66,0.14742415037155152,0.15512619066238403
67,0.14540326614379884,0.14956137895584107
68,0.14601839170455932,0.15088539218902589
69,0.14746187658309937,0.15883146858215333
70,0.14544611730575563,0.16943881225585938
71,0.14606775436401367,0.24839320087432862
72,0.14736352291107177,0.1489659686088562
73,0.14496688804626465,0.17438929510116577
74,0.1459299160003662,0.1487127094268799
75,0.14318959121704103,0.24537619256973267
76,0.14543796796798705,0.18382353496551512
77,0.1444196138381958,0.1624753475189209
78,0.1423439579963684,0.16050327682495116
79,0.14434063549041748,0.15115603876113892
80,0.14443880548477173,0.14740075397491456
81,0.14271068658828737,0.16530366706848146
82,0.14092791242599487,0.15218392419815063
83,0.1422067587852478,0.14621567678451539
84,0.1402897728919983,0.15759722900390624
85,0.14167848138809205,0.22269017028808594
86,0.14147781467437745,0.148095712184906
87,0.13888796949386598,0.14836491346359254
88,0.14194424238204956,0.14664141750335694
89,0.13811999835968017,0.1467301425933838
90,0.1384041247367859,0.17695331907272338
91,0.13898622598648072,0.15246733236312865
92,0.13820256690979005,0.1819521713256836
93,0.13981166591644287,0.18894792556762696
94,0.13798452138900758,0.1444546365737915
95,0.13782278881072998,0.1487233805656433
96,0.13661370277404786,0.143686993598938
97,0.13772099390029907,0.14907140064239502
98,0.13758824853897095,0.18161054611206054
99,0.13890356044769286,0.1482317271232605
100,0.13639294834136964,0.16048498725891114
101,0.1340832628250122,0.16308123636245728
102,0.13720475482940675,0.2385923376083374
103,0.13661815252304077,0.1797922487258911
104,0.1359315549850464,0.1825398464202881
105,0.13672655115127563,0.15437233972549438
106,0.13318319568634032,0.14564766836166382
107,0.1311406933784485,0.1456533694267273
108,0.13663223180770875,0.16764957761764526
109,0.1360032784461975,0.1715537281036377
110,0.13473458356857299,0.1830934338569641
111,0.13390047235488892,0.14241123056411742
112,0.13232694025039674,0.1548599147796631
113,0.13312433624267578,0.14316108798980712
114,0.1303342342376709,0.15359567451477052
115,0.13201940507888793,0.24333129024505615
116,0.1346817255973816,0.1457266001701355
117,0.13185697898864746,0.15055563354492188
118,0.13136340742111205,0.2058545217514038
119,0.13132709922790528,0.14077367830276488
120,0.13097443389892577,0.1444876036643982
121,0.131877592086792,0.14150843334198
122,0.1305792121887207,0.1563132801055908
123,0.13017409629821777,0.16432658672332764
124,0.12857919969558715,0.14527290964126588
125,0.12905661153793335,0.1535630683898926
126,0.12768757648468018,0.14131698608398438
127,0.12956108274459838,0.15433381319046022
128,0.13100608692169188,0.14029604244232177
129,0.12940443153381348,0.13996294164657594
130,0.1279381676673889,0.19040787839889525
131,0.13034808464050293,0.19322731876373292
132,0.1278850522994995,0.22167529773712158
133,0.129485555267334,0.14285487127304078
134,0.12709497213363646,0.1767847909927368
135,0.12773803186416627,0.14573189496994018
136,0.12630225267410278,0.15513648462295532
137,0.12828559474945067,0.143166672706604
138,0.1258691722869873,0.15142163753509522
139,0.1263191848754883,0.1883107762336731
140,0.12763867750167845,0.13906155443191529
141,0.126560781955719,0.14440380907058717
142,0.12658505353927613,0.16632538890838622
143,0.12510085525512696,0.14559246397018433
144,0.12447154188156127,0.14765764427185057
145,0.1240427806854248,0.15247171258926392
146,0.12531252727508546,0.14639439725875855
147,0.1245575304031372,0.1399386911392212
148,0.12426717224121094,0.16152434301376342
149,0.12271562328338623,0.16022105407714843
150,0.12285457124710084,0.14793017721176147
151,0.12336224384307862,0.14313051462173462
152,0.12257024307250977,0.15542158222198485
153,0.12331550664901733,0.1531659984588623
154,0.12487598934173584,0.22826997232437135
155,0.1270188720703125,0.14808855152130126
156,0.12290153102874755,0.1456713538169861
157,0.12184483633041382,0.14123217916488648
158,0.12125396032333374,0.14435090732574463
159,0.12153115835189819,0.14031904935836792
160,0.11927463979721069,0.1434134030342102
