epoch,loss,val_loss
0,0.97649851770401,0.9534560346603393
1,0.9303329191207885,0.9116376504898072
2,0.9049683280944825,0.9445427966117859
3,0.898843599319458,0.9247034344673156
4,0.8965995037078858,0.8975528974533081
5,0.8922861659049988,0.8989804339408874
6,0.8910762717247009,0.9214274635314942
7,0.8896869443893433,0.903050030708313
8,0.8889932495117188,0.9147336716651917
9,0.8886737807273865,0.9618872089385986
10,0.8894091109275818,0.8940179233551026
11,0.8872254273414611,0.8963847069740295
12,0.8866244263648987,0.9301448154449463
13,0.888016374206543,0.9013429455757141
14,0.8858200656890869,0.8942875671386719
15,0.8862532089233398,0.9367423367500305
16,0.8857829671859742,0.8935864953994751
17,0.8862748065948486,0.8932076849937439
18,0.8833878852844238,0.9437578010559082
19,0.8864117483139038,0.8937059764862061
20,0.8845351832389832,0.9644683446884156
21,0.8873733515739441,0.8923090829849243
22,0.8840631319999694,0.893298855304718
23,0.8838733751296997,0.8948317470550538
24,0.8836007197380066,0.9064816374778748
25,0.8842381367683411,0.8917796936035156
26,0.8835331079483032,0.9063028903007507
27,0.8825530214309693,0.8922800035476685
28,0.8830832883834839,0.897610698223114
29,0.8819931199073792,0.8924336476325989
30,0.8832525595664978,0.925199155330658
31,0.8823697143554687,0.916379427909851
32,0.882333867073059,0.9221667337417603
33,0.8837176009178161,0.8945290112495422
34,0.8818132352828979,0.9145532732009888
35,0.8823328809738159,0.8921972002983093
