epoch,loss,val_loss
0,0.6089844023704529,0.3262186608314514
1,0.29682871913909914,0.19591557931900025
2,0.20569319372177125,0.14739313983917238
3,0.18098460149765014,0.20766431045532227
4,0.16283401832580566,0.13728628063201903
5,0.14992839622497559,0.11445906448364258
6,0.14354235153198242,0.16083091592788695
7,0.13239372577667236,0.1627193479537964
8,0.12998296699523926,0.0998148684501648
9,0.11941652011871338,0.1059498233795166
10,0.11334665336608887,0.09532630681991577
11,0.11216840534210205,0.09508280324935912
12,0.11236839656829833,0.10314798402786254
13,0.10726782312393189,0.09321757650375366
14,0.10273105154037476,0.08645243024826049
15,0.10088880157470703,0.08158728504180908
16,0.0971652048110962,0.08449063682556153
17,0.0976100152015686,0.08275811862945556
18,0.09489262104034424,0.11053323411941528
19,0.09474301948547363,0.1010658359527588
20,0.0911492956161499,0.07905343961715698
21,0.09209301071166992,0.07626834774017334
22,0.08984275684356689,0.08678723764419556
23,0.08667056503295899,0.13995660495758055
24,0.0874683072090149,0.10600405979156494
25,0.08610453929901123,0.07687742900848389
26,0.08307444801330566,0.07361698389053345
27,0.08293471775054932,0.07380494070053101
28,0.08306735830307006,0.0925166687965393
29,0.08316967182159424,0.0886419906616211
30,0.079970614528656,0.12176183176040649
31,0.08240618553161622,0.10139702272415162
32,0.08156807203292847,0.0795265712738037
33,0.07939725427627564,0.07634167098999023
34,0.08025355882644654,0.17927001571655274
35,0.07895591840744018,0.0746919527053833
36,0.07777198934555053,0.07974783945083617
37,0.07756864948272706,0.07262577438354492
38,0.07711171779632568,0.06888228178024292
39,0.07523416023254395,0.06787749719619751
40,0.07567623748779297,0.07750324964523315
41,0.07425931463241577,0.07631524515151977
42,0.07592836589813233,0.08939187431335449
43,0.07536235151290893,0.08730053329467774
44,0.07398981838226318,0.07284763526916505
45,0.07452567272186279,0.06894509792327881
46,0.07302079820632934,0.07081941366195679
47,0.07276023912429809,0.08495664072036743
48,0.07284103603363037,0.06455880546569824
49,0.07326862087249755,0.07601164484024048
50,0.07244639015197754,0.06803638696670532
51,0.07108254671096802,0.07418955659866333
52,0.07207688522338868,0.07567199039459228
53,0.07089033069610595,0.06711716508865356
54,0.07138327150344849,0.12278783559799195
55,0.07270103349685669,0.06441571712493896
56,0.07107094230651856,0.07003976964950562
57,0.07104608287811279,0.06675407886505128
58,0.06882191820144654,0.10975979280471802
59,0.07043968877792359,0.06962007808685303
60,0.06815941047668457,0.07136543512344361
61,0.0679547366142273,0.07088635921478272
62,0.06986037273406982,0.07298999357223511
63,0.06971171722412109,0.07047124004364014
64,0.06885628080368042,0.06500584173202514
65,0.07117212114334107,0.06967712020874023
66,0.06866301288604737,0.08033812665939331
67,0.06717778425216675,0.07210937404632568
68,0.06727728977203369,0.06585144281387328
69,0.06755441694259644,0.0756021671295166
70,0.06792851705551148,0.06331800413131713
71,0.06729901142120362,0.09016629648208618
72,0.06581959600448609,0.06680826473236084
73,0.06661804761886597,0.06507480812072754
74,0.06539349822998047,0.0742766056060791
75,0.06732040901184082,0.06202753496170044
76,0.0650363886833191,0.06313306283950805
77,0.0664908429145813,0.07171025085449219
78,0.06433185472488404,0.07504484939575196
79,0.06838084011077881,0.07066127109527588
80,0.06469900360107422,0.08722571849822998
81,0.0625528359413147,0.06222313642501831
82,0.06584589986801148,0.06422322177886963
83,0.06697689008712769,0.06487480449676514
84,0.0648461236000061,0.07005300664901734
85,0.06470188055038452,0.06470908212661743
86,0.06274655685424804,0.06367357730865479
87,0.06366702966690063,0.07668257331848144
88,0.06518192386627197,0.06241088104248047
89,0.06192235889434815,0.06264982748031617
90,0.06475391941070556,0.061779899120330814
91,0.06280877466201783,0.06444704961776733
92,0.06372252864837646,0.087872652053833
93,0.06406188449859619,0.06432199764251709
94,0.06437973833084107,0.06283823156356812
95,0.0630478120803833,0.06517796277999878
96,0.06254495964050293,0.0681141185760498
97,0.06291542720794678,0.1164520411491394
98,0.06305894079208374,0.06546703243255615
99,0.06228481426239014,0.06844023847579957
100,0.06228309955596924,0.06620980358123779
101,0.06304440660476684,0.06132404375076294
102,0.06075896244049072,0.08295235443115234
103,0.0626901650428772,0.0628402099609375
104,0.06346757516860962,0.15833179807662964
105,0.06392418775558471,0.06474906063079834
106,0.061561995029449465,0.06148529529571533
107,0.06161132802963257,0.06688853931427002
108,0.06362814102172852,0.10138781881332397
109,0.062275218677520755,0.07572171449661255
110,0.061551293849945066,0.06122755241394043
111,0.060580242919921874,0.07826414966583252
112,0.06267816505432129,0.06387725687026978
113,0.06079189329147339,0.06248041534423828
114,0.06145982141494751,0.06289531946182252
115,0.0609426568031311,0.06734380674362182
116,0.06177784147262573,0.09074042749404908
117,0.060235189247131345,0.05973978137969971
118,0.05937211380004883,0.07567684030532837
119,0.06118425140380859,0.06472235059738159
120,0.05999260530471802,0.06271187114715576
121,0.06114330139160156,0.06106335973739624
122,0.059373089408874515,0.06404383039474487
123,0.05944120445251465,0.0638587727546692
124,0.058347875022888185,0.10365264797210694
125,0.0599674934387207,0.06677415466308594
126,0.060853610038757326,0.06181809663772583
127,0.05930790643692017,0.07932825899124145
128,0.06043486375808716,0.06456118822097778
129,0.05921510257720947,0.06093114376068115
130,0.059085274696350096,0.07278262758255005
131,0.06035706853866577,0.06966088008880615
132,0.05854776163101196,0.06040734672546387
133,0.05886854429244995,0.06586489200592041
