epoch,loss,val_loss
0,0.568960600566864,0.5725588989257813
1,0.4014418281555176,0.45239510202407834
2,0.3211644858360291,0.2722816061973572
3,0.2786581565856934,0.32730458354949954
4,0.25991647300720216,0.2548861222267151
5,0.24628123168945312,0.2323581624031067
6,0.23972993621826172,0.3289195599555969
7,0.22672358360290526,0.4909039988517761
8,0.213027126121521,0.2371192331314087
9,0.21089407424926757,0.16215023756027222
10,0.2007152132987976,0.14641504287719725
11,0.19641803941726685,0.18783243417739867
12,0.19136615200042725,0.1508316740989685
13,0.18369837007522583,0.18616483926773073
14,0.1833187038421631,0.1636600317955017
15,0.1673482211112976,0.17233254146575927
16,0.15891489000320436,0.2705659351348877
17,0.15824553146362305,0.15030755233764648
18,0.1559704281806946,0.11763596677780151
19,0.1460401529312134,0.10496792554855347
20,0.14566272010803222,0.2890073847770691
21,0.1440069719314575,0.16042647218704223
22,0.13526324329376221,0.13754130554199218
23,0.13515695486068727,0.09807850217819214
24,0.12434677991867066,0.09115751123428345
25,0.12305904064178466,0.1694537787437439
26,0.12506547594070436,0.08962233972549438
27,0.12233408298492432,0.11320136022567749
28,0.11893125371932983,0.08511181163787841
29,0.11938545246124267,0.08635592317581177
30,0.1117474009513855,0.25245348739624024
31,0.11199717655181884,0.0998094425201416
32,0.1052884129524231,0.11208378982543946
33,0.10610439453125,0.08719092416763306
34,0.10034124937057495,0.0801077094078064
35,0.10285431489944458,0.11957651472091675
36,0.10012094478607178,0.08128432750701904
37,0.09705441436767578,0.13365679311752318
38,0.0965109501838684,0.07725196886062623
39,0.09206523752212524,0.14296408176422118
40,0.09539288215637207,0.11520785522460937
41,0.0906855863571167,0.07674952840805054
42,0.08817584638595581,0.11390237855911255
43,0.09153727197647095,0.06551738739013672
44,0.08451982355117797,0.14757765340805054
45,0.08754554319381713,0.08005477809906006
46,0.08288802289962768,0.09250003242492676
47,0.07903972129821778,0.14442488765716552
48,0.08085255498886108,0.08623268556594849
49,0.0828011568069458,0.08435196828842163
50,0.08095601091384888,0.0900554494857788
51,0.07885511112213135,0.107616530418396
52,0.07745416374206543,0.12846049785614014
53,0.07742532348632812,0.10833506536483764
54,0.07799079637527466,0.06542751455307007
55,0.074141143989563,0.11047687482833862
56,0.07687403316497803,0.12428420400619507
57,0.07852591361999511,0.0639763388633728
58,0.07093436622619628,0.16300372362136842
59,0.07395676107406617,0.058767906188964845
60,0.0721636661529541,0.07497924613952636
61,0.07298671741485596,0.11124642658233642
62,0.07064793615341186,0.10775870752334595
63,0.06931048765182495,0.05527562570571899
64,0.06859493093490601,0.0851042456626892
65,0.07069968566894531,0.06388926124572754
66,0.07148215847015381,0.1328585410118103
67,0.06646175079345704,0.12301228427886964
68,0.06718018169403076,0.16587427520751954
69,0.06912211456298828,0.07358623409271241
70,0.0664844051361084,0.05919746255874634
71,0.06448653430938721,0.13897079610824584
72,0.06513439168930053,0.06595645761489868
73,0.06687907371520996,0.06426110363006592
74,0.06298356914520263,0.08171388244628906
75,0.06184831285476684,0.09010982513427734
76,0.06490203456878663,0.0675850510597229
77,0.06521973323822021,0.07736336183547973
78,0.0636814148902893,0.10054401826858521
79,0.06207155361175537,0.05909388399124146
80,0.06213524341583252,0.061003233909606935
81,0.06217727470397949,0.08411368417739869
82,0.06394768199920654,0.07957427740097046
83,0.06159278430938721,0.08898466110229492
