epoch,loss,val_loss
0,0.5755279914855957,0.3021363077163696
1,0.3236020670890808,0.22593558740615843
2,0.23959814500808715,0.415843918800354
3,0.20986519241333007,0.15778217601776123
4,0.1900104761123657,0.1478000273704529
5,0.17873423690795898,0.14444819879531862
6,0.1697334864616394,0.1661320514678955
7,0.16007370176315308,0.1580294737815857
8,0.15239482612609864,0.12983224725723266
9,0.1517253776550293,0.643338228225708
10,0.16371173086166382,0.14193406677246093
11,0.14846360340118409,0.1183622694015503
12,0.1393344367980957,0.11630873250961303
13,0.1374977575302124,0.29073783731460573
14,0.1374013952255249,0.10902411365509034
15,0.13383213739395142,0.11450722742080688
16,0.1255847550392151,0.14264640998840333
17,0.11981696786880493,0.10792316246032715
18,0.12151343641281127,0.13332689094543457
19,0.12551226301193238,0.11212809753417968
20,0.11681557264328003,0.112085862159729
21,0.11498309764862061,0.16057688236236572
22,0.11797714433670044,0.11167996168136597
23,0.11577136926651001,0.12561120748519897
24,0.11359439220428467,0.11287826013565064
25,0.11055070905685425,0.1136613826751709
26,0.11501712980270386,0.14918067741394042
27,0.10858373184204101,0.1267976155281067
28,0.11116088466644287,0.11950307655334473
29,0.10976827573776245,0.12532746505737305
30,0.10718188247680664,0.09253950357437134
31,0.10735227842330933,0.12410607385635376
32,0.10734730415344239,0.10533009862899781
33,0.10520914001464844,0.15711565923690796
34,0.1074232250213623,0.11200670433044434
35,0.10499762735366822,0.09177887868881225
36,0.09917323722839355,0.3470920171737671
37,0.11033634099960327,0.10899454879760742
38,0.10252346954345704,0.09353544330596923
39,0.09804245510101318,0.12334198570251464
40,0.10150839576721192,0.09069086265563965
41,0.10337208347320556,0.08723423385620117
42,0.09803563308715821,0.0911773796081543
43,0.09769669713974,0.09707299757003784
44,0.09699674692153931,0.10792549753189087
45,0.09711484251022338,0.09027051782608032
46,0.09851157541275024,0.09725948143005371
47,0.09733631057739257,0.08993487882614136
48,0.09547539701461792,0.0926840968132019
49,0.09668674840927124,0.13089108419418335
50,0.09663037261962891,0.09215607023239136
51,0.09671274881362915,0.09593153762817383
52,0.09270068740844727,0.08529159069061279
53,0.0923751298904419,0.1090460729598999
54,0.0947318374633789,0.09748113918304444
55,0.09241366443634033,0.08936706304550171
56,0.09219000549316406,0.09603431844711303
57,0.09236672105789184,0.08536883306503296
58,0.09107249765396118,0.09273062419891358
59,0.09252871541976929,0.0828842945098877
60,0.08964837703704834,0.08090090608596802
61,0.08955463027954101,0.10284054136276245
62,0.09051279859542846,0.10220916271209717
63,0.0919074691772461,0.0829087290763855
64,0.08920677299499512,0.08207745933532715
65,0.0897165400505066,0.1068284854888916
66,0.0886103856086731,0.08744439220428467
67,0.09053368272781372,0.09131296539306641
68,0.08952609624862672,0.08232536888122559
69,0.09027806367874146,0.08583693981170654
70,0.08739282760620116,0.1444160361289978
71,0.08569027147293092,0.10104600763320923
72,0.08818537979125976,0.09340541219711304
73,0.0853638503074646,0.08543665409088134
74,0.08716291017532349,0.09715493106842041
75,0.08705048503875733,0.08108965826034546
76,0.08616960954666138,0.12323479795455933
