epoch,loss,val_loss
0,0.5949649022102356,0.5010057530403137
1,0.3479615666389465,0.21764224624633788
2,0.24094683141708373,0.19145076942443848
3,0.21110347509384156,0.3133074746131897
4,0.19144431524276734,0.19643413352966307
5,0.17687455959320067,0.1506825361251831
6,0.167397296333313,0.17016241407394408
7,0.16306361198425293,0.22720339345932006
8,0.1544032629966736,0.1506614375114441
9,0.15286481952667236,0.13618184089660645
10,0.14949680070877075,0.13413634777069092
11,0.1442603407859802,0.12478188848495483
12,0.1394897665977478,0.12030950880050659
13,0.1349334575653076,0.1340579786300659
14,0.13403007955551147,0.1287754669189453
15,0.13207530183792116,0.1081716742515564
16,0.12734873514175415,0.10749120998382568
17,0.12618314399719238,0.12340618085861206
18,0.12188356294631958,0.12220762014389037
19,0.12206877584457397,0.11039635133743286
20,0.11900352582931518,0.10250776100158691
21,0.11544663953781129,0.10855732345581055
22,0.11591990690231323,0.10569739437103272
23,0.11173304405212402,0.12167561674118042
24,0.1126721209526062,0.10517972803115845
25,0.11230209980010987,0.12624912977218627
26,0.11283471565246582,0.1565629448890686
27,0.11004526195526124,0.14959678316116334
28,0.10871033325195313,0.11204504871368408
29,0.10892516984939575,0.09287887907028199
30,0.10685202655792236,0.09387862825393677
31,0.10305479068756103,0.09224705410003663
32,0.10682870178222656,0.11384786748886108
33,0.10549262495040894,0.09969748926162719
34,0.10868244428634644,0.10421750116348266
35,0.10068048801422119,0.1087588005065918
36,0.10055368576049804,0.09291495037078858
37,0.10090797510147095,0.1007831563949585
38,0.10252447719573975,0.0910990719795227
39,0.09689875221252442,0.09952716732025146
40,0.0981863205909729,0.0845780611038208
41,0.09761377592086792,0.08604012441635132
42,0.09412397880554199,0.13157359313964845
43,0.09744016838073731,0.16558093690872192
44,0.09611328439712524,0.13327564764022828
45,0.094816943359375,0.08256112909317016
46,0.09423326835632324,0.11977791357040406
47,0.09136035976409912,0.09478676748275756
48,0.09203942689895629,0.11288551807403564
49,0.09572156114578247,0.11358179140090942
50,0.09363451538085937,0.08900799751281738
51,0.09044994716644288,0.09631410121917724
52,0.08978363628387451,0.07783286571502686
53,0.08966553773880005,0.09136107397079468
54,0.08846578159332276,0.09424256134033203
55,0.09031375303268432,0.08107022762298584
56,0.08466031322479248,0.09517563676834107
57,0.08637540655136108,0.13521627378463746
58,0.08842507638931274,0.08674624824523926
59,0.08376324338912963,0.07856028461456299
60,0.08593908853530884,0.09168833303451539
61,0.08437115030288696,0.15904093742370606
62,0.08789522619247436,0.08555488204956055
63,0.08533357267379761,0.0818767008781433
64,0.08128048238754272,0.08170853281021118
65,0.08296702365875244,0.0770313515663147
66,0.08043624029159546,0.08120511054992675
67,0.07877792835235596,0.07553559350967408
68,0.07882835350036621,0.0798931918144226
69,0.07991718215942382,0.12433073472976684
70,0.08253264169692993,0.09141783094406128
71,0.07934051036834716,0.0987230052947998
72,0.07682534675598145,0.08926887226104736
73,0.08007948169708252,0.07208204174041748
74,0.0765417917251587,0.07763356494903564
75,0.07512287158966065,0.15232946681976317
76,0.08129802904129028,0.0780880446434021
77,0.07639659376144409,0.08705939149856567
78,0.07607973499298096,0.06898266744613647
79,0.07345275430679321,0.08021086692810059
80,0.07179403419494629,0.07531173658370972
81,0.0753425537109375,0.07153101873397827
82,0.07251125440597535,0.08995878982543945
83,0.07558178424835205,0.06983768033981323
84,0.07096120662689209,0.15377261304855347
85,0.077437038230896,0.0811764006614685
86,0.07113172283172607,0.07377827453613281
87,0.07278442640304565,0.06927081203460693
88,0.07285519952774047,0.0865633339881897
89,0.07171026744842529,0.07720874834060669
90,0.07406682748794556,0.07955355024337768
91,0.07075217046737671,0.07503868818283081
92,0.06806164503097534,0.07028170299530029
93,0.06923136482238769,0.10993714666366577
94,0.0681800687789917,0.0808884334564209
