epoch,loss,val_loss
0,0.6986559955596924,0.3423913388252258
1,0.40743575811386107,0.33840614223480225
2,0.24154640417099,0.2029020323753357
3,0.1946784363746643,0.26353112459182737
4,0.1760245545387268,0.1538685073852539
5,0.1666145383834839,0.16970032691955567
6,0.15287189598083495,0.19121958875656128
7,0.1435751488685608,0.14060511589050292
8,0.13745357599258423,0.11254292058944702
9,0.13154609003067017,0.13577346754074096
10,0.13092232780456542,0.10253901243209838
11,0.12344887981414795,0.27437126636505127
12,0.11999546709060668,0.09549783182144166
13,0.11847614440917968,0.16447475910186768
14,0.11634732294082642,0.09382098531723022
15,0.11369575471878052,0.11878619575500489
16,0.11227294759750366,0.0980314302444458
17,0.1085062964439392,0.1036914839744568
18,0.11069578247070312,0.11073504066467285
19,0.10557002067565918,0.12587247800827026
20,0.10613435096740723,0.09195362520217895
21,0.10399794969558716,0.13201331949234008
22,0.09903107357025147,0.08402884578704833
23,0.1033304919242859,0.1930545835494995
24,0.10087306184768677,0.08425686883926392
25,0.09740758924484252,0.2804416251182556
26,0.10054034280776977,0.09937106513977051
27,0.09440436058044434,0.09200049638748169
28,0.09548702983856201,0.08245711994171143
29,0.09447179145812988,0.09225393390655517
30,0.09208104839324951,0.09033221673965454
31,0.08945489711761474,0.12198086404800415
32,0.08933705348968506,0.07781545543670654
33,0.09062046051025391,0.07742138242721558
34,0.08850350141525269,0.07497593164443969
35,0.087577476978302,0.08542991828918457
36,0.08828759002685548,0.07725679159164428
37,0.08531731109619141,0.08919537019729615
38,0.08879321441650391,0.08618433952331543
39,0.08800522861480713,0.08804581403732299
40,0.08698532581329346,0.10713633823394775
41,0.08495999279022216,0.0813545036315918
42,0.0850404541015625,0.0805883092880249
43,0.08519126529693603,0.10006538534164429
44,0.08342291240692139,0.1028653826713562
45,0.0833319507598877,0.09356727695465088
46,0.08269315195083618,0.08583937168121338
47,0.07811209831237793,0.17010451555252076
48,0.08475234327316285,0.14081321954727172
49,0.0807300446510315,0.11579617643356323
50,0.08046584920883179,0.11992212677001954
