epoch,loss,val_loss
0,0.6523291482925415,0.47196923637390137
1,0.376664293384552,0.30583332633972166
2,0.26032694969177245,0.2670619559288025
3,0.2293418493270874,0.2735952687263489
4,0.20949299850463868,0.16625677061080932
5,0.19798031358718873,0.19685988712310792
6,0.18551367931365967,0.1702835683822632
7,0.17471653213500976,0.18184342050552368
8,0.1696867130279541,0.1495672950744629
9,0.1631475387573242,0.14679302406311034
10,0.1606688323020935,0.1209494309425354
11,0.15205120296478272,0.16965660762786866
12,0.1474391209602356,0.16307387447357177
13,0.14634177322387695,0.13933818340301513
14,0.13566222314834595,0.14556586933135987
15,0.13584637241363526,0.1407988739013672
16,0.13284548234939575,0.10476706171035767
17,0.13006756048202514,0.11952149868011475
18,0.12350117807388306,0.1715424871444702
19,0.1222658242225647,0.0956623239517212
20,0.12502255821228028,0.09944760274887085
21,0.11848102159500122,0.10386582565307617
22,0.1145420618057251,0.09539602184295655
23,0.11282917013168335,0.09982018041610717
24,0.11027806224822997,0.1409168734550476
25,0.10748818731307984,0.09577980089187622
26,0.10681294155120849,0.10547504997253418
27,0.10436196737289428,0.11857584238052368
28,0.10075093736648559,0.12939455604553224
29,0.10334058332443237,0.08167631435394287
30,0.09821203966140747,0.076728364944458
31,0.09965004358291626,0.09082992219924926
32,0.09777572135925293,0.5288938264846802
33,0.11049886417388916,0.08754744482040405
34,0.09422548732757569,0.08148114013671875
35,0.09537702217102051,0.08602658271789551
36,0.09229110889434815,0.0749993782043457
37,0.09477370500564575,0.08727270460128785
38,0.08607414741516113,0.084400297164917
39,0.08644121398925782,0.09048253679275513
40,0.08474595232009888,0.07975213718414306
41,0.08723330688476562,0.11454231023788453
42,0.0895483624458313,0.08847237586975097
43,0.08541584224700928,0.11109489393234252
44,0.08288292503356934,0.08997288417816163
45,0.08374432783126831,0.2453964672088623
46,0.08423145084381103,0.12111676406860351
47,0.08252763938903808,0.07755447101593017
48,0.08074379987716675,0.07265063333511353
49,0.08129652194976807,0.13649203872680665
50,0.07795201835632325,0.10039023399353027
51,0.07626753387451173,0.06785516977310181
52,0.07584467658996583,0.07259954452514648
53,0.07607877025604248,0.12749192237854004
54,0.07482433090209961,0.0645289421081543
55,0.07568694496154785,0.07316535139083863
56,0.07415355272293091,0.06974191474914551
57,0.074181946849823,0.07132172584533691
58,0.0721475947380066,0.08868227195739746
59,0.07401966257095337,0.06415434408187866
60,0.07249347419738769,0.07767045593261719
61,0.07091916399002075,0.11755451822280884
62,0.07124959468841553,0.07268151569366454
63,0.07020805282592774,0.08187884426116944
64,0.06894773998260498,0.06991015577316284
65,0.06969704504013062,0.08047139072418213
66,0.06851215076446533,0.06683394241333007
67,0.06935467023849487,0.06364536809921265
68,0.06816372089385986,0.06762210083007812
69,0.06840372457504272,0.07486872673034668
70,0.0674271671295166,0.05688521814346313
71,0.06613040437698364,0.1530216269493103
72,0.067851029586792,0.061203482151031496
73,0.06736202821731567,0.18300322675704955
74,0.06673847408294678,0.05671445798873902
75,0.06525003757476806,0.0762602367401123
76,0.06379305486679077,0.06822505474090576
77,0.06453791999816895,0.08093116903305053
78,0.06432726287841797,0.07618622350692748
79,0.06331077709197998,0.06559437417984008
80,0.062266597843170166,0.07322302675247193
81,0.06302445678710937,0.06842934131622315
82,0.06176687822341919,0.09480079746246338
83,0.06020504398345947,0.06101246690750122
84,0.06135181789398193,0.11332615756988526
85,0.06388037462234497,0.06822817468643189
86,0.06019304265975952,0.06512986326217651
87,0.06176969690322876,0.08206825542449951
88,0.05940534782409668,0.06527411937713623
89,0.06272031602859497,0.05832490968704224
90,0.06092611722946167,0.06621075534820557
