epoch,loss,val_loss
0,0.5501811871528626,0.4941686573028564
1,0.3144916478157043,0.21847440481185912
2,0.23570983324050904,0.17071808290481566
3,0.2036587435722351,0.2011911540031433
4,0.18215845537185668,0.3665608730316162
5,0.1755230933189392,0.16201784563064575
6,0.1619155583381653,0.25119112491607665
7,0.1565847749710083,0.12381335592269897
8,0.14982187852859497,0.19922911310195923
9,0.14125294818878173,0.15748431968688964
10,0.1335829122543335,0.11050084590911866
11,0.1334389437675476,0.14055092906951905
12,0.12622064962387086,0.10209536266326905
13,0.12216622457504273,0.22435631370544434
14,0.12306342144012451,0.09870858383178711
15,0.11774284973144532,0.11911471748352051
16,0.11454599123001098,0.0935977840423584
17,0.11040443849563598,0.12020266723632812
18,0.11142705268859864,0.1239437484741211
19,0.10720861291885377,0.14467783975601195
20,0.10605708875656128,0.09057671594619751
21,0.10226626644134522,0.09522531461715698
22,0.10559224157333374,0.13146292495727538
23,0.09935338907241821,0.13474014568328857
24,0.10185848560333252,0.09824408197402953
25,0.10128931064605713,0.086552649974823
26,0.10140803651809692,0.08074396228790283
27,0.09815778741836548,0.0824214744567871
28,0.09594661989212036,0.08245294523239136
29,0.09357358779907227,0.08863590669631959
30,0.09569744205474853,0.08457012939453125
31,0.09624654569625854,0.13001242208480834
32,0.09060220155715942,0.08337900972366333
33,0.0909050090789795,0.09193729591369629
34,0.09127890777587891,0.07531659698486329
35,0.09166950988769532,0.07651856565475464
36,0.08925385284423829,0.08219580078125
37,0.08812539978027344,0.08185906076431275
38,0.08653973693847657,0.08363357973098755
39,0.08585311307907105,0.10377295923233032
40,0.08570193424224853,0.08687478923797608
41,0.08322077960968018,0.07410539722442627
42,0.0851444935798645,0.09894213581085205
43,0.08356185255050659,0.07271422719955445
44,0.08419643745422363,0.07269405841827392
45,0.08142744703292847,0.12067550039291382
46,0.08266455564498901,0.07940207767486572
47,0.08315792036056519,0.09755008888244629
48,0.0833419713973999,0.07410789251327515
49,0.08448466854095459,0.07334011077880859
50,0.08093030347824097,0.08005031394958496
51,0.08191612291336059,0.06853788042068482
52,0.08022690868377685,0.069369647026062
53,0.07638010587692261,0.07404623460769653
54,0.07989212865829468,0.06811354446411133
55,0.07792433309555054,0.09145087766647339
56,0.07826202440261841,0.07289986371994019
57,0.0826095534324646,0.07889160299301147
58,0.07848368043899537,0.07441051006317138
59,0.07784432134628295,0.07669671487808227
60,0.07752008895874024,0.06955380773544312
61,0.07579446668624878,0.08929175519943237
62,0.07646286125183105,0.13401851177215576
63,0.07515816059112548,0.06954209566116333
64,0.07456208267211914,0.06748132467269898
65,0.07294989929199219,0.07491174459457398
66,0.07469524774551392,0.0679045786857605
67,0.07463027772903442,0.07555508470535278
68,0.07514681406021118,0.06453286361694335
69,0.07343807306289672,0.08213968515396118
70,0.07510541496276855,0.09940098142623902
71,0.0729355731010437,0.06888132286071777
72,0.07481533145904541,0.09128145790100098
73,0.07234967451095581,0.09340461158752442
74,0.07172435235977173,0.0673453369140625
75,0.07315124349594117,0.0763218059539795
76,0.07251197414398193,0.11284041213989258
77,0.07152501440048217,0.10239909219741822
78,0.07119157962799072,0.0673200421333313
79,0.07205407438278198,0.06438536739349365
80,0.07221541929244996,0.06714834451675415
81,0.06923854722976684,0.08365186071395873
82,0.07059715452194214,0.06994445419311524
83,0.07085565357208252,0.06536774778366089
84,0.07250471439361572,0.07542312097549439
85,0.07009500484466552,0.09678670740127564
86,0.06861068668365479,0.0642777705192566
87,0.0687368052482605,0.06635741186141968
88,0.07019147777557373,0.09623430156707764
89,0.0693160912513733,0.2700451765060425
90,0.07367195720672608,0.07310028839111328
91,0.06858705081939698,0.07323572397232056
92,0.0691285017967224,0.08823934841156006
93,0.06810992012023925,0.08042857885360717
94,0.06975831317901611,0.07569008016586304
95,0.0661408049583435,0.0825207166671753
96,0.06756766595840454,0.11258988380432129
97,0.07040316534042358,0.06293058443069457
98,0.06509258155822754,0.13811428117752075
99,0.06979561920166015,0.085165593624115
100,0.0694768307685852,0.0641807599067688
101,0.06712809610366821,0.07463910818099975
102,0.06897545680999756,0.09855087661743164
103,0.06800271005630493,0.06275789260864258
104,0.06699546661376952,0.07159991979599
105,0.0657426456451416,0.08097744369506836
106,0.0668365309715271,0.06751356649398804
107,0.06825382328033447,0.07322333192825317
108,0.0641887017250061,0.06204975318908691
109,0.06527674140930176,0.09831996440887451
110,0.06521155214309693,0.0796992506980896
111,0.06562932577133179,0.07283501958847045
112,0.06683905534744262,0.06271518135070801
113,0.0650731101989746,0.06341066789627076
114,0.06462951040267945,0.07579223012924194
115,0.0641030267715454,0.06232891798019409
116,0.0652554123878479,0.06175196933746338
117,0.06464015274047852,0.08626198387145996
118,0.06565425033569336,0.07882697010040284
119,0.06422786369323731,0.10339301919937134
120,0.06577260503768921,0.07057366275787354
121,0.06557513179779052,0.0964607539176941
122,0.0644279314994812,0.06899898242950439
123,0.0631025496482849,0.13726778650283813
124,0.0642877272605896,0.07058882856369018
125,0.0645570538520813,0.15767896556854247
126,0.06384504384994506,0.0680901436805725
127,0.06419059381484986,0.06945306348800659
128,0.06412791385650635,0.06054261207580566
129,0.06342662744522094,0.06711429786682128
130,0.06347691297531127,0.07025353956222534
131,0.06376164321899414,0.08075152492523194
132,0.06324968814849853,0.0766624779701233
133,0.06385240125656128,0.07305007076263428
134,0.06393010120391845,0.07376615190505982
135,0.0624125470161438,0.0635654582977295
136,0.0626072868347168,0.07993426609039307
137,0.06361355133056641,0.072668869972229
138,0.06195492639541626,0.07493587636947632
139,0.06137813844680786,0.10016051149368287
140,0.06407514963150024,0.0715093674659729
141,0.06318735799789428,0.07204927349090576
142,0.06092326965332031,0.09545771598815918
143,0.06379054384231568,0.06809524869918823
144,0.06047779598236084,0.07616434383392334
145,0.06202161684036255,0.07777176094055176
146,0.06117808294296265,0.06225945520401001
147,0.06195593738555908,0.08835479545593261
148,0.06141219491958618,0.06956975317001343
