epoch,loss,val_loss
0,0.6236435402870179,0.5259497771263123
1,0.36315898113250733,0.28966019487380984
2,0.25450394821166994,0.19511721467971802
3,0.22185508632659912,0.2166856646537781
4,0.20056225938796998,0.15883180522918702
5,0.19265915746688841,0.20471956968307495
6,0.18257338132858275,0.14020996856689452
7,0.16872568101882934,0.13421138286590575
8,0.16259190158843995,0.15183992910385133
9,0.15990131139755248,0.13390885210037232
10,0.15651397800445557,0.23321094942092896
11,0.15439317092895508,0.12066953563690186
12,0.14851039304733277,0.12228889322280884
13,0.14719397706985474,0.14057162523269653
14,0.13909765453338624,0.12313559341430665
15,0.1397322262763977,0.1104721646308899
16,0.136233464717865,0.11261520481109619
17,0.1313323161125183,0.3235692663192749
18,0.13442581720352173,0.2168986496925354
19,0.1321172836303711,0.15627668333053588
20,0.12954503717422486,0.18676534843444825
21,0.1236170708656311,0.13495208263397218
22,0.12363117113113403,0.14513613271713258
23,0.1248603349685669,0.11194813632965088
24,0.11701278734207153,0.10652868604660035
25,0.11415184183120727,0.09765024280548096
26,0.11696943130493163,0.10503854608535766
27,0.11497308473587037,0.11138408851623535
28,0.12021546173095703,0.1494972357749939
29,0.1148195351600647,0.14858277130126954
30,0.10878459482192993,0.12670954990386962
31,0.1137446273803711,0.17575290060043336
32,0.10953757886886596,0.10824368524551392
33,0.11043757848739624,0.1303481345176697
34,0.10346348028182983,0.10695716428756714
35,0.10978481111526489,0.11034759998321533
36,0.10529585771560669,0.12555961132049562
37,0.1047165608406067,0.0904779839515686
38,0.10349470958709717,0.10091631984710693
39,0.10198793029785157,0.11730038738250732
40,0.10358251686096191,0.13066045475006102
41,0.10580771293640137,0.08885460042953491
42,0.1016054072380066,0.1141937289237976
43,0.10129065074920654,0.17014200019836426
44,0.10112241764068604,0.09582424926757813
45,0.0989864634513855,0.09367756748199463
46,0.09730870809555053,0.13148349571228027
47,0.09393441619873047,0.08661457061767579
48,0.1004702220916748,0.08436107683181762
49,0.09960469026565552,0.11218789672851562
50,0.09707479457855224,0.11381941223144532
51,0.09749075746536255,0.08921958303451538
52,0.09279850416183472,0.08454641580581665
53,0.09228282766342163,0.12293200254440308
54,0.09307508420944213,0.1324670729637146
55,0.0956068636894226,0.14500559282302855
56,0.09652910890579224,0.08675356817245483
57,0.09176482858657838,0.09379022645950318
58,0.09334411993026734,0.09370216608047485
59,0.08894739294052124,0.25651260995864866
60,0.09637824411392212,0.09510514116287232
61,0.09163862953186035,0.08455284452438354
62,0.0903756308555603,0.08192995977401733
63,0.08650028285980224,0.09479409742355346
64,0.09141618518829346,0.1762060046195984
65,0.08909109010696412,0.08210496377944947
66,0.08768700332641602,0.11374731349945068
67,0.08704234199523926,0.08561017513275146
68,0.0864923924446106,0.1257806878089905
69,0.09027134265899658,0.09473049163818359
70,0.0851802212715149,0.08981840181350707
71,0.08521138229370118,0.0880615177154541
72,0.08763590602874756,0.1254540123939514
73,0.08718087568283081,0.07975098752975464
74,0.08457872524261474,0.08198984003067017
75,0.08473063974380493,0.08482683038711548
76,0.08512941360473633,0.10246200609207154
77,0.08331693229675292,0.08555393123626709
78,0.0809036937713623,0.14221726989746095
79,0.08560659914016723,0.08025762271881104
80,0.08108443212509155,0.09795564603805541
81,0.08476986618041993,0.08303375101089477
82,0.08463832654953003,0.10004851770401
83,0.08134984283447266,0.15473903703689576
84,0.08400642366409301,0.08041847515106201
85,0.08375985336303711,0.08325466251373291
86,0.08014288177490235,0.07995664978027343
87,0.08073846778869628,0.08182816219329835
88,0.08038622207641602,0.07932278251647949
89,0.07877437448501587,0.08298053789138794
90,0.08200028705596923,0.07947549867630005
91,0.08024180583953858,0.0829757194519043
92,0.07967121391296386,0.08620534420013427
93,0.07874322481155395,0.07749091053009033
94,0.07800543813705445,0.07789826011657715
95,0.07878569307327271,0.08594982433319091
96,0.08288320760726929,0.07942470741271973
97,0.0768324969291687,0.07802336406707763
98,0.08045429906845093,0.09507973003387452
99,0.0798912742614746,0.08609352731704711
100,0.07792638826370239,0.09470141744613647
101,0.07640930891036987,0.08123026943206788
102,0.07906312828063965,0.07714024782180787
103,0.07515608224868775,0.07924390316009522
104,0.07696321201324463,0.08665037393569947
105,0.07583090257644653,0.0865466332435608
106,0.07834107284545898,0.08724523496627808
107,0.07702199878692627,0.07923853826522827
108,0.07448809623718261,0.07852905702590943
109,0.07612200450897216,0.08277341508865356
110,0.07593801164627076,0.08135333347320557
111,0.07385524272918702,0.24122220039367676
112,0.08007174892425536,0.12877562618255614
113,0.07499315958023071,0.09258439016342163
114,0.07598618192672729,0.08791965293884277
115,0.07493870086669922,0.08216950798034668
116,0.07446192970275879,0.07654438209533691
117,0.07591504411697388,0.08085963487625122
118,0.07571266965866089,0.07826669359207153
119,0.07352165756225586,0.08081460475921631
120,0.07328502311706543,0.08479958295822143
121,0.07369850673675538,0.08628398180007935
122,0.07355748672485352,0.07893660449981689
123,0.07293168153762818,0.07931782627105713
124,0.0724024941444397,0.10847590351104737
125,0.07668313617706299,0.07944491004943847
126,0.07093992137908936,0.0865996732711792
127,0.07407173824310302,0.09016594219207763
128,0.0744751049041748,0.07929551839828491
129,0.074016042137146,0.09287063932418824
130,0.0713021146774292,0.0800205717086792
131,0.0737265793800354,0.10804902696609497
132,0.07026604528427124,0.08177288341522217
