epoch,loss,val_loss
0,0.9750944860458374,0.9720414543151855
1,0.9295949821472168,0.9764993300437927
2,0.9088699766159057,0.9095180778503418
3,0.9004662217140198,0.8957257494926453
4,0.8973548109054565,0.917077474117279
5,0.8937936155319214,0.9074760360717773
6,0.8914050296783447,0.8880331473350525
7,0.8910455982208252,0.8944461727142334
8,0.8900449554443359,0.8922920475006103
9,0.8894378702163697,0.8892203578948975
10,0.8886977935791016,0.8873017044067383
11,0.8886369862556458,0.8947505369186401
12,0.8887343803405762,0.8990359454154968
13,0.886387984085083,0.8926443891525269
14,0.8866002254486084,0.9179805850982666
15,0.8871852101325989,0.8934804077148437
16,0.8867658984184266,0.8817832574844361
17,0.8863280235290527,0.9263994064331055
18,0.886001181602478,0.882999762058258
19,0.8855532293319702,0.8888600602149963
20,0.8846373384475708,0.882432743549347
21,0.8858620445251465,0.9048040032386779
22,0.88425514793396,0.8956769089698792
23,0.8847143690109253,0.8874386110305786
24,0.8836936191558837,0.8851903915405274
25,0.8847382971763611,0.8914007115364074
26,0.8842985990524292,0.8907913694381714
27,0.883749216556549,0.881138943195343
28,0.8842853708267212,0.8825320544242858
29,0.8836531848907471,0.8912842016220093
30,0.8835695861816406,0.8909471559524537
31,0.8839333497047425,0.884506404876709
32,0.8844184134483337,0.8988875393867493
33,0.8833786979675293,0.8824680471420288
34,0.8827250504493713,0.8926425437927246
35,0.8840390731811524,0.886626841545105
36,0.8841371544837952,0.8811923823356629
37,0.8830684891700744,0.8805030155181884
38,0.8826869578361511,0.880223578453064
39,0.8826053827285767,0.8821573266983033
40,0.882685612487793,0.8844892148971557
41,0.8821309426307679,0.8805552272796631
42,0.8827152967453002,0.8851547770500183
43,0.8830983323097229,0.8839455037117004
44,0.8827428834915161,0.8812090544700623
45,0.8814373081207275,0.9160841917991638
46,0.8831811110496521,0.8848125677108765
47,0.8826530042648315,0.8806521110534667
48,0.8819795198440552,0.8797409868240357
49,0.8821223266601562,0.8844282774925232
50,0.8817459632873536,0.881370765209198
51,0.8821759881019592,0.8832811784744262
52,0.8814480953216552,0.8816076827049255
53,0.8816727258682251,0.8823529939651489
54,0.8821225419998169,0.8812984309196472
55,0.8816681211471558,0.8945903730392456
56,0.8811242540359497,0.8802393651008606
57,0.8815319592475891,0.9055022807121277
58,0.8811512049674988,0.8861312699317933
59,0.8821949531555175,0.880721510887146
60,0.8807606966972351,0.8810981988906861
61,0.881102322769165,0.8855933113098144
62,0.8800390340805053,0.8847695684432983
63,0.8810604115486145,0.8850081391334533
64,0.880867098236084,0.8848427152633667
