epoch,loss,val_loss
0,0.547547939491272,0.3691253252029419
1,0.27579464559555056,0.2057965531349182
2,0.2000915005683899,0.22860085916519166
3,0.17149903345108033,0.11369847965240479
4,0.15347635564804077,0.1064656047821045
5,0.13972282752990722,0.1367734661102295
6,0.12870626087188722,0.16206205320358277
7,0.11958492946624756,0.10026113319396973
8,0.11484891939163208,0.09767396402359009
9,0.10471999998092651,0.19307780265808105
10,0.10219961824417115,0.09324087190628051
11,0.0945432258605957,0.0681180682182312
12,0.08929760208129883,0.09404602670669555
13,0.08558018894195557,0.06549067544937134
14,0.08832287511825561,0.07947177267074584
15,0.08231288862228393,0.08149365377426147
16,0.08069825067520142,0.0739319405555725
17,0.07817848768234253,0.06165413379669189
18,0.07570060844421386,0.06572401189804077
19,0.0774991587638855,0.07636328935623168
20,0.07376962308883667,0.08189295530319214
21,0.07374296369552612,0.06289147090911865
22,0.07310223827362061,0.05630133438110352
23,0.07007763242721557,0.05660908889770508
24,0.06798945970535278,0.05405795764923096
25,0.07082547597885132,0.06416377496719361
26,0.06913073720932007,0.08294919347763062
27,0.06497930297851562,0.06307327461242676
28,0.06597583312988281,0.06407681703567505
29,0.06691678504943847,0.055689696311950684
30,0.0655200424194336,0.06245549583435059
31,0.06598871068954468,0.055679645538330075
32,0.06411680040359496,0.08053597736358642
33,0.06465839986801147,0.1053080620765686
34,0.06356124572753906,0.05668697357177734
