epoch,loss,val_loss
0,0.5896956030845643,0.4551302523612976
1,0.35363174591064456,0.408213222026825
2,0.25964043340682985,0.28762931299209593
3,0.2280914647102356,0.1992282485961914
4,0.21146561603546143,0.17446379518508912
5,0.19721461353302003,0.24976594352722167
6,0.18610339126586914,0.36942778205871585
7,0.1760421856880188,0.1649988613128662
8,0.16904662189483644,0.12853933191299438
9,0.16651573190689087,0.22300135135650634
10,0.157118777179718,0.42032495737075803
11,0.15212690534591675,0.11685334253311157
12,0.14750747890472413,0.1950564012527466
13,0.14069500007629396,0.17321438837051392
14,0.13876460752487182,0.10620215892791748
15,0.1347629490852356,0.0973928656578064
16,0.12452411127090454,0.22622182369232177
17,0.12569395990371704,0.11167936754226684
18,0.1158914900779724,0.16322304105758667
19,0.12161177921295166,0.09706776189804077
20,0.11297491512298584,0.1306733603477478
21,0.11023603658676147,0.1824811029434204
22,0.11588436088562011,0.1693174533843994
23,0.10798832988739014,0.08748361110687256
24,0.10765731382369995,0.08850130701065063
25,0.10515245952606202,0.08616425848007202
26,0.10549341745376586,0.0827219500541687
27,0.10064194040298462,0.11292054700851441
28,0.09696526489257813,0.09553948545455933
29,0.1009039421081543,0.08590454053878784
30,0.09514300031661987,0.06941914796829224
31,0.09504276885986328,0.08410132598876953
32,0.09489944829940795,0.08645210266113282
33,0.093245725440979,0.08365780973434449
34,0.09428083915710449,0.08267947149276733
35,0.09138703279495239,0.13670776033401488
36,0.08921218814849853,0.1373158745765686
37,0.08800569524765015,0.13757494831085204
38,0.08524103927612305,0.07406224489212036
39,0.0870489107131958,0.0741078872680664
40,0.08659882955551147,0.1118739104270935
41,0.08540628366470338,0.07546798992156982
42,0.08444078454971314,0.19255558586120605
43,0.08721316652297974,0.14063903045654297
44,0.08250653696060181,0.07675416994094848
45,0.08199081201553345,0.10483523797988892
46,0.08026010732650757,0.090028000831604
47,0.07987844161987305,0.08907748985290527
48,0.08160010423660279,0.08387266588211059
49,0.08159801263809204,0.07716401863098145
50,0.07852782487869263,0.12176398706436158
