epoch,loss,val_loss
0,0.8344313306808472,0.730717495918274
1,0.7459695041656494,0.7197524261474609
2,0.7243063572883606,0.7095467419624328
3,0.7180675596237183,0.6991465749740601
4,0.7108871413230896,0.6956110043525696
5,0.7098609981536865,0.7029716563224793
6,0.7080450375556946,0.6991877040863037
7,0.7071205304145813,0.7054319458007813
8,0.7064577389717102,0.6957101879119874
9,0.7022715926170349,0.7300422868728638
10,0.7038135864257813,0.694355920791626
11,0.7006873188018798,0.6957065539360047
12,0.702334359073639,0.700991153717041
13,0.700031882762909,0.6970709166526794
14,0.7019840460777282,0.694226713180542
15,0.7011114130020142,0.6926083250045776
16,0.6979107145309448,0.6912121896743775
17,0.7020846143722534,0.7082317876815796
18,0.6980275609970092,0.6915095710754394
19,0.6977423389434815,0.6955705261230469
20,0.6971154624938964,0.7368374037742614
21,0.6976242692947388,0.6993784246444702
22,0.6989121121406555,0.7065343208312989
23,0.69736259765625,0.6900522737503052
24,0.6982330068588257,0.6935225114822388
25,0.6967740931510925,0.6868084630966187
26,0.6962244178771972,0.6876089081764222
27,0.6973269515037537,0.7743220248222351
28,0.697679105758667,0.6904223575592041
29,0.6961986183166504,0.6868072748184204
30,0.696563243484497,0.6954790143966675
31,0.6962618185043334,0.6947315320968628
32,0.6963067897796631,0.7095031089782715
33,0.6955319587707519,0.6883331747055054
34,0.6961100626945496,0.6893542399406433
35,0.6943490808486938,0.6852285766601562
36,0.6947053564071656,0.6898188562393188
37,0.6947889369964599,0.7092119221687316
38,0.6944686365127564,0.7072975540161133
39,0.6941109333992005,0.7026721839904785
40,0.6944610353469849,0.6985359621047974
41,0.6943798435211181,0.688891044139862
42,0.6941875387191773,0.6967677564620972
43,0.6939726272583008,0.6840749025344849
44,0.6936830186843872,0.7869521098136902
45,0.6941005558013916,0.6871226410865784
46,0.6940308946609497,0.7356698527336121
47,0.6943299776077271,0.7122464570999145
48,0.6930463502883911,0.6838323459625244
49,0.6933714105606079,0.6865645389556885
50,0.6925117416381836,0.6850411767959594
51,0.6921082454681396,0.8262534627914428
52,0.6953066421508789,0.6900584259033203
53,0.6921131563186645,0.7063628993034363
54,0.692951720905304,0.6982664394378663
55,0.6918198686599731,0.6833182649612427
56,0.6911759236335754,0.6958587427139282
57,0.6924315561294556,0.6837076601982117
58,0.6918592514038086,0.6824419193267822
59,0.6920716821670532,0.7022805504798889
60,0.6923549370765686,0.7065352907180786
61,0.692197506904602,0.683156569480896
62,0.6904921688079834,0.7243487329483033
63,0.6918546438217164,0.6853548965454102
64,0.6911859086990356,0.6841917657852172
65,0.6918034621238709,0.6916877126693726
66,0.6906037282943726,0.7049096069335937
67,0.6918835436820984,0.6829401082992553
68,0.6905503750801086,0.6873151350021363
