epoch,loss,val_loss
0,0.7496584293365478,0.5934782590866089
1,0.49753310232162473,0.45654474782943727
2,0.35596233758926393,0.37555317449569703
3,0.29281444826126096,0.25679814529418943
4,0.2659996283531189,0.2729617438316345
5,0.24741081838607787,0.20875127458572387
6,0.2348652274131775,0.2417202000617981
7,0.22779261398315429,0.18137787866592409
8,0.21654451141357423,0.17252247667312623
9,0.20697438678741456,0.17556053781509398
10,0.21054941396713256,0.30503669834136965
11,0.20387320613861085,0.15877959823608398
12,0.1926994514465332,0.17576221084594726
13,0.1877182297706604,0.2395306830406189
14,0.18746234188079833,0.16982191610336303
15,0.18401104469299318,0.16796338844299316
16,0.17446875886917115,0.504962031364441
17,0.1761249309539795,0.14514039373397827
18,0.17241499214172362,0.12781932973861695
19,0.16524801836013794,0.15799926900863648
20,0.159811577129364,0.12167726135253906
21,0.1586880223274231,0.20204115438461304
22,0.1564501636505127,0.11596818876266479
23,0.1468385416984558,0.16454737043380738
24,0.1415077847480774,0.15291368579864503
25,0.14669112386703492,0.12528968858718872
26,0.139695849609375,0.11585872220993042
27,0.14002713384628296,0.31774689674377443
28,0.1384519274711609,0.19884128427505493
29,0.13293454751968384,0.10917082595825195
30,0.12941639947891234,0.3522857446670532
31,0.13095146617889405,0.12103204298019409
32,0.12688738126754762,0.11641424655914306
33,0.13030060358047485,0.21152915477752685
34,0.12294437322616578,0.10100368785858155
35,0.12309400148391723,0.10626368236541749
36,0.11948326768875123,0.10264076662063598
37,0.11695527229309081,0.2043412084579468
38,0.11855243406295776,0.12031428623199462
39,0.11479940195083618,0.12891528034210206
40,0.11501605310440063,0.14231756019592284
41,0.10949832611083984,0.255591299533844
42,0.11377551679611206,0.13125762176513672
43,0.11199958229064941,0.16704106426239013
44,0.10885355052947998,0.08879929208755494
45,0.11087508497238159,0.24594735145568847
46,0.11301331415176391,0.11881842374801636
47,0.10636573677062988,0.0815726146697998
48,0.10566971492767334,0.13306085777282714
49,0.10309616222381592,0.09929169702529907
50,0.1067848560333252,0.09487140321731567
51,0.10242666959762574,0.12844214820861816
52,0.10242748289108276,0.09114964914321899
53,0.09513007049560547,0.08793736839294433
54,0.10200874691009522,0.08416758012771607
55,0.09615663318634034,0.08234128999710083
56,0.09597397518157959,0.08096932315826416
57,0.09735110607147217,0.08558582925796508
58,0.09776582746505737,0.1085393419265747
59,0.09504627332687378,0.1318009295463562
60,0.0993804817199707,0.10674443292617798
61,0.09336950464248657,0.09616616010665893
62,0.09413598012924194,0.11170442342758179
63,0.09219707517623901,0.08495505285263062
64,0.08922394752502441,0.13789514636993408
65,0.09309460954666138,0.07797158050537109
66,0.08742991857528687,0.11775402784347534
67,0.0874513214111328,0.10660808134078979
68,0.09294770374298096,0.07979563045501709
69,0.08767015562057495,0.08616330623626708
70,0.09064985504150391,0.08825917100906372
71,0.0879983907699585,0.1329720139503479
72,0.08728829479217529,0.07277015352249146
73,0.08920457601547241,0.07260186386108398
74,0.08527174291610717,0.09780694103240967
75,0.08565768547058106,0.08351977872848511
76,0.08506150283813477,0.08574711036682128
77,0.08418131685256958,0.2552832145690918
78,0.08682880802154541,0.1040955319404602
79,0.08476469087600708,0.08594939374923706
80,0.08222719478607178,0.13695862579345702
81,0.08278101758956909,0.08287527322769166
82,0.08234378337860107,0.09811911821365356
83,0.07844133310317992,0.09162587070465088
84,0.08044456663131713,0.19908748054504394
85,0.08226791324615479,0.09443263387680054
86,0.0787261531829834,0.10466005325317383
87,0.08064701700210572,0.08756208038330078
88,0.07971017560958862,0.0746119647026062
89,0.07950733728408814,0.07879937887191772
90,0.08088376684188843,0.08906244802474976
91,0.07687255811691285,0.08069478321075439
92,0.07675672025680542,0.13403094863891601
93,0.07838364992141723,0.07950179052352906
