epoch,loss,val_loss
0,0.6230498226165772,0.5039866228103638
1,0.3827840697288513,0.24852767086029054
2,0.2839798160552979,0.2336085958480835
3,0.24705416173934935,0.1911317820549011
4,0.2289176654815674,0.17859887886047363
5,0.21188644094467163,0.15665569067001342
6,0.20784879693984987,0.2942780427932739
7,0.1909136043548584,0.1473292555809021
8,0.18742053384780885,0.15593309259414673
9,0.184513321018219,0.16763583707809449
10,0.17574381628036498,0.20137782430648804
11,0.16858236932754517,0.2193901309967041
12,0.16170608282089233,0.14754232358932495
13,0.15720888166427613,0.3489731764793396
14,0.15080252742767333,0.17692954111099243
15,0.14592075204849242,0.2037232050895691
16,0.1423346305847168,0.1116985092163086
17,0.14208681201934814,0.12261438941955566
18,0.13407241735458375,0.13146611261367797
19,0.1287440770149231,0.24696227025985718
20,0.13112246379852294,0.4292610559463501
21,0.13517889795303345,0.16097108602523805
22,0.12306350593566895,0.09373669385910034
23,0.11995772895812988,0.10146125030517578
24,0.11660708208084107,0.12011137914657592
25,0.11613539514541626,0.1307586236000061
26,0.11760958557128906,0.10692711067199707
27,0.11274684534072876,0.16418095874786376
28,0.11176191177368164,0.30834835386276244
29,0.11231478099822997,0.16846304702758788
30,0.1044498969078064,0.19213308811187743
31,0.10308612813949584,0.12535627222061158
32,0.10594008111953736,0.0865168890953064
33,0.10202804317474365,0.09961725616455078
34,0.09970695152282714,0.08603474903106689
35,0.09791818389892579,0.16907723093032836
36,0.09726401262283325,0.1529128270149231
37,0.09949452266693115,0.08445964241027833
38,0.09973874807357788,0.0804308009147644
39,0.09549237127304078,0.07289315462112426
40,0.09588596391677856,0.18971899700164796
41,0.0977964659690857,0.08842384624481202
42,0.09092434902191163,0.16380710363388062
43,0.0933685655593872,0.09116752958297729
44,0.09222615671157837,0.09546818256378174
45,0.08930154991149902,0.10443757867813111
46,0.08926225061416626,0.09212993717193603
47,0.08731674642562866,0.07605948352813721
48,0.08922209205627442,0.10408941125869751
49,0.08649011955261231,0.06934647226333618
50,0.08706493005752564,0.07139503955841064
51,0.08709298429489136,0.14832842493057252
52,0.08922505455017089,0.08492434406280518
53,0.08540422315597535,0.07089531135559082
54,0.08464388771057128,0.08575061511993408
55,0.08349120779037475,0.20169949436187745
56,0.08403183212280274,0.08342990779876709
57,0.08548730211257935,0.11941404533386231
58,0.08403259420394897,0.07951227951049805
59,0.08247098484039307,0.07402949953079224
60,0.07887321767807007,0.07840771675109863
61,0.0805922245979309,0.08452880668640136
62,0.08163257369995117,0.07183419609069824
63,0.07975567398071289,0.16110126543045045
64,0.0790101671218872,0.06968124151229858
65,0.07676731805801391,0.1061827597618103
66,0.08039384212493897,0.08517675685882568
67,0.07944309797286987,0.06715281391143799
68,0.07780408964157104,0.16921317625045776
69,0.07674474000930787,0.06976772499084473
70,0.07695954217910767,0.09627566719055176
71,0.07819378623962403,0.09937275791168212
72,0.07890797939300537,0.08372047328948974
73,0.07725694818496705,0.07315918779373169
74,0.07447110300064087,0.0845612063407898
75,0.07582312049865722,0.08658261108398438
76,0.07392548055648804,0.1383482551574707
77,0.07351417818069458,0.0702045726776123
78,0.07438872966766358,0.06932728338241577
79,0.07448645515441894,0.06887432432174682
80,0.07300152807235717,0.0779061255455017
81,0.07211005249023437,0.09395851039886474
82,0.07501650037765503,0.08104658794403076
83,0.07067471475601196,0.06585311651229858
84,0.0727392827987671,0.06432520151138306
85,0.07061046705245971,0.0748629298210144
86,0.07326522407531738,0.06949410724639893
87,0.07106544408798218,0.07495034408569336
88,0.07009291486740113,0.07434540462493897
89,0.07214859619140625,0.1008042631149292
90,0.0699380208015442,0.179472243309021
91,0.07552643785476684,0.06708346319198609
92,0.07047815389633179,0.07823410749435425
93,0.07007340154647827,0.13194061470031737
94,0.0695385760307312,0.09006547689437866
95,0.07051614379882812,0.07455864763259888
96,0.07130034189224244,0.06522367477416992
97,0.06775009851455688,0.1830870361328125
98,0.07144317150115967,0.0727839217185974
99,0.06816632919311523,0.0748655858039856
100,0.0696536114692688,0.06555085372924804
101,0.06845323295593261,0.06665333318710327
102,0.06979885272979737,0.07738795232772827
103,0.06755992774963379,0.08044651746749878
104,0.06694890813827514,0.06961978149414062
