epoch,loss,val_loss
0,0.9715887860298157,0.9789649701118469
1,0.9314931797981262,0.9046576628684998
2,0.9048993452072144,0.8971933779716492
3,0.8991923239707946,0.9133546252250672
4,0.8967510940551758,0.9309256229400634
5,0.8952782494544983,0.8885508227348328
6,0.8918366147994995,0.900862506389618
7,0.892374940776825,0.8854030590057373
8,0.8913088224411011,0.8859516272544861
9,0.8898373436927796,0.8864887275695801
10,0.8898081340789795,0.9001854710578918
11,0.8890022763252259,0.886783456325531
12,0.8882842336654663,0.9481689872741699
13,0.8887479420661927,0.9070307636260986
14,0.8878044847488403,0.8896163988113404
15,0.8863819931983947,0.8891529688835144
16,0.8872203718185425,0.8886418943405151
17,0.8866606185913086,0.887100947380066
18,0.8858580987930298,0.8911720099449157
19,0.8857553755760192,0.8875631828308106
20,0.8859398184776306,0.8827676191329956
21,0.8868926568031311,0.8872375535964966
22,0.88585662317276,0.8875883259773254
23,0.8850935657501221,0.9049729814529419
24,0.8855454772949218,0.8844282011985779
25,0.8852734241485596,0.8995888071060181
26,0.8851061285972596,0.8887492432594299
27,0.8849725742340088,0.8823712439537048
28,0.8842864862442017,0.9010795078277588
29,0.8844784620285034,0.8825976009368897
30,0.8836095338821411,0.8897748436927796
31,0.8844188133239747,0.8810823163986206
32,0.8835948402404785,0.8930663704872132
33,0.8846359981536865,0.9081583456993103
34,0.8845141373634339,0.8816228656768799
35,0.8838065930366517,0.8938184933662414
36,0.8845194048881531,0.8919972991943359
37,0.8825341149330139,0.8862990522384644
38,0.8830189840316772,0.8845993642807006
39,0.8836105803489686,0.8846105222702026
40,0.8832369899749756,0.8836224403381348
41,0.8830101484298706,0.8811164608001709
42,0.8834640626907349,0.8866622381210327
43,0.883005162525177,0.8823239207267761
44,0.8836319154739379,0.8832407932281494
45,0.8836556156158447,0.8832983717918396
46,0.8826167253494263,0.8880105319023133
47,0.8834369007110596,0.8808661313056946
48,0.882445094871521,0.8800582776069641
49,0.8838826105117797,0.8865778059959412
50,0.8825396430969238,0.8808032150268554
51,0.8821062746047974,0.8980299830436707
52,0.8826203750610352,0.8885348873138428
53,0.8827816096305847,0.8804963312149048
54,0.8826469578742981,0.9317903466224671
55,0.8835682613372803,0.8843279314041138
56,0.8815339056015015,0.8804055347442626
57,0.882049737739563,0.8798157911300659
58,0.8832232157707214,0.8900853137969971
59,0.8823644496917724,0.8804324612617492
60,0.8816694094657898,0.8937332854270935
61,0.8815655769348144,0.882815957069397
62,0.8813254526138306,0.9074344573020935
63,0.883434552192688,0.880327639579773
64,0.8811358033180237,0.8839858784675598
65,0.8825013669013977,0.8811559481620789
66,0.8818074550628662,0.883574969291687
67,0.882031237411499,0.8807778005599975
68,0.8804862336158752,0.8834999074935913
69,0.8815148118972779,0.89144939661026
70,0.8809587846755982,0.8813085250854492
71,0.8808472003936768,0.9218076701164246
72,0.8813090870857239,0.8913730502128601
73,0.8811644784927368,0.879827880859375
