epoch,loss,val_loss
0,0.7256960879325867,0.8943106842041015
1,0.3585746466636658,0.14328903436660767
2,0.16032434043884278,0.12783766412734984
3,0.12034223222732544,0.14733055448532104
4,0.10476015481948853,0.08460741853713989
5,0.09004772062301636,0.06529482412338257
6,0.08249587860107421,0.08317037630081177
7,0.07728917179107667,0.04965565872192383
8,0.06810912008285522,0.08895454406738282
9,0.07221421918869018,0.057485968112945554
10,0.06680509519577027,0.07574767160415649
11,0.06108872556686401,0.04898432540893555
12,0.05767406940460205,0.046667487144470214
13,0.05206274194717407,0.06411592006683349
14,0.052879825305938724,0.05075974702835083
15,0.048978157901763915,0.04455256175994873
16,0.0499347188949585,0.03824804735183716
17,0.049104923820495604,0.06356716728210449
18,0.04617024822235107,0.06847529983520508
19,0.04614963436126709,0.038245201587677004
20,0.04255415496826172,0.032270180225372314
21,0.045169047641754154,0.06958777046203614
22,0.042626861095428466,0.03368804407119751
23,0.0397412672996521,0.040985579013824464
24,0.03917522201538086,0.0801073842048645
25,0.04171398515701294,0.06531363821029663
26,0.040396147155761716,0.03299106788635254
27,0.037339881801605225,0.03681673049926758
28,0.03934263029098511,0.030088836193084716
29,0.035713015270233156,0.028093670845031737
30,0.03442339334487915,0.027304652214050294
31,0.0360699140548706,0.028100972175598146
32,0.03625114126205444,0.04081202840805054
33,0.03649766778945923,0.027465967655181885
34,0.03489602174758911,0.0287327938079834
35,0.031324081039428714,0.03763409376144409
36,0.03308144416809082,0.04895660972595215
37,0.03349900932312012,0.03270903491973877
38,0.029709556198120116,0.02411913013458252
39,0.03225407209396362,0.09784871530532836
40,0.02988741989135742,0.02487723636627197
41,0.030470700550079347,0.02703010368347168
42,0.02824865961074829,0.02624649477005005
43,0.029913431358337402,0.02313007116317749
44,0.027979867935180664,0.027934286117553712
45,0.028833295822143553,0.02263559055328369
46,0.026738757228851318,0.026199800968170164
47,0.02807452526092529,0.04132561731338501
48,0.02861575689315796,0.030268345832824707
49,0.025997129821777345,0.027216084003448486
50,0.028144377422332764,0.02214535331726074
51,0.02443246030807495,0.07779547023773194
52,0.02862797679901123,0.023980534076690672
53,0.025512538146972658,0.028413358211517335
54,0.02574167890548706,0.020842538833618165
55,0.025317663478851317,0.026145912647247315
56,0.023563712406158448,0.10807611513137817
57,0.02587967824935913,0.05934005165100097
58,0.026032861709594728,0.01865674638748169
59,0.02157118330001831,0.019563847064971922
60,0.02404179849624634,0.021942825317382814
61,0.02282166213989258,0.01924170160293579
62,0.02304376754760742,0.017918554306030274
63,0.022493880462646484,0.01973320198059082
64,0.02186911268234253,0.017882874965667726
65,0.022453363704681397,0.017874211311340333
66,0.02103487386703491,0.01752531862258911
67,0.020967322158813476,0.025211979389190675
68,0.02326351795196533,0.020200171947479247
69,0.020294080924987794,0.018495901107788086
70,0.020991032695770264,0.016538656711578368
71,0.02074258108139038,0.028865745067596437
72,0.02299390878677368,0.0179091157913208
73,0.020353417682647704,0.016465606689453124
74,0.018749869441986085,0.05130744028091431
75,0.021952867794036865,0.017473325729370118
76,0.018315411281585692,0.0173680624961853
77,0.01989532766342163,0.016594502449035646
78,0.019303824043273927,0.016849971294403077
79,0.019132528209686278,0.017679796695709227
80,0.01938556089401245,0.01790440797805786
81,0.01691963987350464,0.017648112297058104
82,0.016908554935455324,0.026029104709625245
83,0.019110499572753906,0.016972508430480957
84,0.01889597854614258,0.015575724601745606
85,0.01770041275024414,0.032895265579223634
86,0.019048333358764647,0.016496397018432616
87,0.01910161714553833,0.020459445476531984
88,0.018513169097900392,0.02524552011489868
89,0.017022106552124022,0.04264958763122559
90,0.01797355842590332,0.056927316188812256
91,0.018702250862121583,0.01438596248626709
92,0.017096552562713623,0.014043810367584229
93,0.01574837875366211,0.02003043270111084
94,0.01631105480194092,0.016717206001281737
95,0.015696064281463622,0.014290590286254883
96,0.015716404247283936,0.014780598163604736
97,0.01606942358016968,0.015563014507293702
98,0.014963299942016601,0.013683264255523681
99,0.01588682527542114,0.01880316162109375
100,0.01682120294570923,0.016915325164794923
101,0.017673477268218996,0.013724074363708497
102,0.01525478401184082,0.02504426431655884
103,0.017033154678344726,0.013622215747833252
104,0.015357619762420654,0.02032416820526123
105,0.015413325309753418,0.013079357147216798
106,0.014998968601226806,0.013992856025695801
107,0.014070545482635498,0.013340667247772216
108,0.013324749374389648,0.016890830516815187
109,0.015555594253540039,0.012882131576538086
110,0.014481089782714843,0.013691370964050292
111,0.013783471393585205,0.03468964672088623
112,0.015623038959503174,0.027383954048156738
113,0.014838352298736573,0.01560992193222046
114,0.014448551845550536,0.012379132270812988
115,0.014824273014068603,0.013054320812225342
116,0.012868133926391601,0.013140885829925538
117,0.014104028987884522,0.013841084957122803
118,0.014357384490966798,0.013113575458526611
119,0.01332004919052124,0.012948208332061768
120,0.013563042163848876,0.013085715770721436
121,0.01202818832397461,0.015059453010559082
122,0.0145379168510437,0.012726265907287598
123,0.012404730129241943,0.01296326494216919
124,0.013382734870910644,0.04210705137252808
125,0.01371238784790039,0.014838494777679444
126,0.01311704454421997,0.017950293064117433
127,0.012502481174468994,0.011777614116668701
128,0.0122276611328125,0.012659429550170898
129,0.01143037815093994,0.015274853229522704
130,0.0123597749710083,0.011809316635131836
131,0.013604132843017577,0.014228880405426025
132,0.01331431303024292,0.013003267288208008
133,0.011860730648040772,0.01849515676498413
134,0.011805752182006836,0.01159078311920166
135,0.012981031322479249,0.011411987781524658
136,0.011508118152618409,0.01241914701461792
137,0.012569271850585937,0.012518608570098877
138,0.012877356433868408,0.011281353950500488
139,0.011742591762542725,0.011671441555023193
140,0.0112784517288208,0.015648614406585694
141,0.012739455795288086,0.01643444299697876
142,0.011724295616149903,0.011088620185852051
143,0.011696686935424805,0.012002984046936034
144,0.012821479225158692,0.0142122163772583
145,0.011178625869750977,0.012488680362701416
146,0.011368357181549072,0.019987928867340087
147,0.012303217506408691,0.012687435626983642
148,0.01204495611190796,0.011700176239013671
149,0.010889849185943604,0.018817600727081298
150,0.010646016883850098,0.017667777061462404
151,0.011722188186645508,0.027410250186920167
152,0.011970379161834717,0.013325623512268066
153,0.011176214981079102,0.017906665802001953
154,0.012423370170593261,0.011389852046966553
155,0.010935572242736816,0.012819865226745605
156,0.010294482612609863,0.0109687819480896
157,0.01155763521194458,0.011909756660461426
158,0.010706390190124511,0.011526177406311035
159,0.010630506134033203,0.011273931503295899
160,0.011282457828521728,0.015948407173156737
161,0.01071181936264038,0.01123256778717041
162,0.009296230602264404,0.011433286190032959
163,0.009704085731506348,0.022480100154876708
164,0.011416942691802979,0.015228100299835205
165,0.011388271522521972,0.011679497718811035
166,0.009305894088745117,0.01190593433380127
167,0.010355600452423095,0.010741249561309814
168,0.009944314289093018,0.010821524620056153
169,0.009919150733947753,0.012406304359436035
170,0.010095839786529542,0.01011356544494629
171,0.010529476737976074,0.01354394245147705
172,0.008858663940429688,0.010170927047729492
173,0.010885189151763916,0.012935294151306152
174,0.009141625308990478,0.2872227921485901
175,0.028352463340759276,0.013904921531677246
176,0.012672522830963135,0.013368055820465088
177,0.011153411293029785,0.01705043363571167
178,0.010276527690887452,0.011436169147491454
179,0.009864748668670655,0.01072132396697998
180,0.00977713689804077,0.010501361846923829
181,0.01007713689804077,0.010676942348480224
182,0.008881616306304931,0.01916969108581543
183,0.009928186225891113,0.011097972869873046
184,0.008625031280517578,0.010135709285736084
185,0.009449566841125488,0.012414503097534179
186,0.009249207973480224,0.010995574474334717
187,0.009675978469848632,0.009849386215209961
188,0.009593141555786134,0.010903786659240723
189,0.009889743614196778,0.009941848278045654
190,0.00858843994140625,0.010159926891326904
191,0.008595384502410888,0.009728068351745606
192,0.008720561408996581,0.020941580295562746
193,0.009133512020111085,0.012059628963470459
194,0.00844004020690918,0.019033926486968993
195,0.009706944370269775,0.010036255836486816
196,0.009980983638763428,0.010105276107788086
197,0.00874647970199585,0.010405796527862549
198,0.008498597049713135,0.010825850009918214
199,0.009640896511077881,0.009782809257507324
200,0.008852568626403809,0.009377171516418457
201,0.007736389350891114,0.009527288436889648
202,0.008658772277832032,0.009461774826049804
203,0.009205202960968018,0.009436990737915039
204,0.008945838260650634,0.01883018684387207
205,0.008150057220458985,0.01815354108810425
206,0.008529741001129151,0.010805851936340332
207,0.009346781921386719,0.08500896167755127
208,0.008694865036010743,0.012565542221069335
209,0.008630518817901611,0.009593891620635986
210,0.007421381568908691,0.009775387287139893
211,0.008595692920684815,0.011341392993927002
212,0.008583511257171631,0.009225196838378906
213,0.00802392520904541,0.009395946025848388
214,0.00794478702545166,0.011746397018432617
215,0.00872054214477539,0.011494971752166749
216,0.008100115108489991,0.009258656024932862
217,0.008754882526397705,0.009380287647247314
218,0.008017362308502198,0.009794121742248535
219,0.008262586402893067,0.012282584190368652
220,0.007319395065307617,0.01756321668624878
221,0.00833053207397461,0.009660400390625
222,0.009462577819824219,0.010227566242218017
223,0.007544644069671631,0.009406425952911378
224,0.010271934795379639,0.009034553050994872
225,0.007266794300079346,0.011794972896575927
226,0.008996055793762206,0.01043797492980957
227,0.007698888492584229,0.009605562210083008
228,0.0077500483512878415,0.013075012683868409
229,0.0079424147605896,0.011743751525878907
230,0.00754251070022583,0.009478471755981445
231,0.007890584659576415,0.014218990325927734
232,0.007568649864196778,0.010254363059997558
233,0.008685580158233643,0.009414080142974854
234,0.007406205463409424,0.04365717315673828
235,0.008325284290313721,0.010774279594421387
236,0.008116513633728027,0.011406375408172607
237,0.007153182125091553,0.01042149019241333
238,0.007557329845428467,0.013982017993927003
239,0.0076844173431396484,0.011186822414398194
240,0.008679716205596924,0.009573914527893067
241,0.006994722747802735,0.009208692550659179
242,0.007384843921661377,0.008930885314941406
243,0.009333015060424804,0.008954094409942628
244,0.007716544818878174,0.011021766185760498
245,0.007675804710388184,0.009607473373413085
246,0.006965022563934326,0.01030195665359497
247,0.00776740255355835,0.008883724689483643
248,0.007463559627532959,0.009077573776245117
249,0.008020824527740479,0.010235597610473633
250,0.00750663480758667,0.008670521736145019
251,0.008542848682403565,0.008986111164093018
252,0.006577619838714599,0.008924006938934326
253,0.006551908588409424,0.00939374303817749
254,0.00835931043624878,0.008537235260009766
255,0.006897403335571289,0.009060129642486573
256,0.006728523349761963,0.009065944194793701
257,0.007166755104064941,0.008859877586364745
258,0.006459135913848877,0.008615941047668456
259,0.007019473361968994,0.01075121545791626
260,0.007484099769592285,0.008593657016754151
261,0.006441537094116211,0.012248280048370362
262,0.008990802764892579,0.008878342628479004
263,0.008065297889709472,0.008785276412963868
264,0.007226608562469482,0.008551859378814697
265,0.0063308779716491695,0.010093822479248046
266,0.0074636752128601075,0.009068620681762696
267,0.007155953407287597,0.012247668743133546
268,0.006695838451385498,0.008669617176055909
269,0.006895889377593994,0.008946354866027833
270,0.007942751979827882,0.009300882816314698
271,0.008158848476409911,0.008540928840637207
272,0.00693133955001831,0.008940570831298828
273,0.006746339988708496,0.008517717361450195
274,0.0073832274436950686,0.009272218704223633
275,0.007049802017211914,0.008318557262420654
276,0.007506367015838623,0.009291956424713135
277,0.006295069980621338,0.01826503562927246
278,0.00783779468536377,0.009580670833587646
279,0.0069224860191345215,0.008500230312347413
280,0.006479466819763183,0.009303245544433594
281,0.006035391235351562,0.00840010929107666
282,0.007264050483703613,0.009130153179168701
283,0.0067891185760498044,0.008597684383392335
284,0.006072450351715088,0.009231668472290039
285,0.006989146995544433,0.008553735256195068
286,0.006267734146118164,0.010251842498779296
287,0.007792147541046143,0.009910346031188965
288,0.007457738590240478,0.008499085426330566
289,0.006337723255157471,0.008847352981567382
290,0.007920877456665039,0.008586150646209717
291,0.007550865459442138,0.008393919467926026
292,0.005994950485229492,0.01066093111038208
293,0.006455908966064453,0.008567522048950196
294,0.007364210796356201,0.008405234336853027
295,0.006111526012420655,0.008328652381896973
