epoch,loss,val_loss
0,0.5970548143386841,0.5756975164413453
1,0.39713111095428466,0.28136105060577393
2,0.29819077796936033,0.2703946352005005
3,0.24731670894622804,0.1833649435043335
4,0.22354447507858277,0.18753230905532836
5,0.20817530241012575,0.20964583444595336
6,0.1993000747680664,0.151978440284729
7,0.19199584264755248,0.1905245966911316
8,0.17605250205993653,0.23892897081375122
9,0.17610467653274536,0.18808616399765016
10,0.16023226623535156,0.1337785940170288
11,0.16070946369171143,0.15871585273742675
12,0.1499538953781128,0.3215445213317871
13,0.14509658527374267,0.17854004240036012
14,0.13943797340393066,0.2432328281402588
15,0.14197009077072142,0.11788948297500611
16,0.13103482341766357,0.1302400770187378
17,0.13340905389785768,0.1099875636100769
18,0.12653907461166383,0.09394517183303833
19,0.11972265224456786,0.1289942946434021
20,0.12312848253250122,0.10356272268295288
21,0.11919708623886108,0.16043338060379028
22,0.1169308648109436,0.12489896297454833
23,0.11233663148880005,0.10461423540115357
24,0.11543534107208252,0.09012740230560302
25,0.10863718347549438,0.18212068796157838
26,0.10896649475097656,0.09539459180831909
27,0.10621349983215332,0.17700420665740968
28,0.10143155431747436,0.08193410158157349
29,0.10448100261688233,0.08655726432800293
30,0.10269764890670777,0.09789809370040893
31,0.0983690546989441,0.0941291265487671
32,0.09813829622268677,0.09223403120040893
33,0.09780809516906738,0.1548955044746399
34,0.0942128791809082,0.09665712404251099
35,0.0936386962890625,0.07214903163909912
36,0.09417201795578004,0.08689293575286865
37,0.08962865915298462,0.09401851987838745
38,0.09352172574996949,0.07288003492355347
39,0.08911056928634643,0.17991866588592528
40,0.08610273027420044,0.0768012776374817
41,0.08907134475708008,0.09264786434173584
42,0.08541296434402466,0.08457356405258179
43,0.08493763408660888,0.07166788387298584
44,0.08560212450027466,0.12949036121368407
45,0.08556583499908448,0.10311152839660645
46,0.0831986855506897,0.08750879621505737
47,0.08547812557220459,0.08643775081634522
48,0.08379815139770508,0.06883792209625245
49,0.08167724571228027,0.06699771881103515
50,0.07885444631576538,0.13245001220703126
51,0.08218245391845704,0.0706227388381958
52,0.07730163564682006,0.06182876443862915
53,0.0775033715248108,0.07591996765136719
54,0.0763129970550537,0.09457758045196533
55,0.08068710746765137,0.06482288408279419
56,0.07700538702011109,0.10122224140167237
57,0.07535127878189087,0.0687939534187317
58,0.0754430980682373,0.10078631687164306
59,0.07451206007003784,0.07747402095794678
60,0.07514038496017456,0.07953892993927002
61,0.07600521211624145,0.10487943029403686
62,0.07523211479187011,0.06561320161819457
63,0.07011233873367309,0.06524652719497681
64,0.07237547311782837,0.15717725992202758
65,0.07333461894989014,0.08976086711883545
66,0.07345387983322144,0.06745519161224366
67,0.07229286603927612,0.06379494142532349
68,0.07239301853179932,0.08196104431152344
69,0.06947825059890747,0.07886885833740234
70,0.0706786247253418,0.08271368885040284
71,0.06806280088424682,0.13355379104614257
72,0.06773311109542847,0.06496499252319336
