epoch,loss,val_loss
0,0.8323997838973999,0.7036787400245667
1,0.6964172721862792,0.6390335645675659
2,0.6426164520263672,0.6255719094276428
3,0.6197948886871338,0.6076383838653564
4,0.6054478856086731,0.5917659893035888
5,0.5984088546752929,0.6049522786140442
6,0.58907509765625,0.5837878394126892
7,0.5827137962341309,0.6258495182991027
8,0.5749409949302673,0.568834545135498
9,0.5726927362442017,0.5782797904014587
10,0.5642877183914184,0.6120829200744629
11,0.5614465091705322,0.7663242197036744
12,0.5571231428146363,0.576356734752655
13,0.5489702427864075,0.5844399523735047
14,0.5469839858055114,0.6009460620880127
15,0.5432474387168884,0.5412632331848145
16,0.5379543995857239,0.5720714592933654
17,0.536525129032135,0.5446932215690613
18,0.5326785047531128,0.5533675451278687
19,0.5322017331123352,0.6139043650627136
20,0.529007237625122,0.5526217546463013
21,0.5272233409881592,0.5270665683746338
22,0.5218229370117188,0.5230374183654786
23,0.5212888055801391,0.5346476325988769
24,0.5182230157852172,0.5535607180595398
25,0.5191432430267334,0.5865851192474365
26,0.5185996904373169,0.5690708227157593
27,0.5149235892295837,0.5234520268440247
28,0.5150470388412476,0.5326952924728393
29,0.5124916802406311,0.5182619943618775
30,0.5095320274353027,0.529695616722107
31,0.5106462965011597,0.5731062459945678
32,0.5093631048202515,0.5271696891784668
33,0.5076283304214477,0.523690915107727
34,0.5074270233154297,0.5276381068229675
35,0.5065588047981262,0.595789119720459
36,0.5073981659889221,0.559395616531372
37,0.5071107032775879,0.507186918258667
38,0.5057355741500854,0.5331424837112426
39,0.5042975095748902,0.5471230773925781
40,0.5039048301696777,0.5477503318786621
41,0.5030235387802124,0.5322154841423035
42,0.5035535684585571,0.5156673121452332
43,0.5046548719406128,0.5075657782554627
44,0.5006592830657959,0.5470289306640626
45,0.5005707151412964,0.5188026189804077
46,0.5026650245666504,0.5563969202041626
47,0.49941794595718386,0.5389376630783081
48,0.499463397026062,0.5237401928901673
49,0.49907856225967406,0.524544867515564
50,0.49871599321365356,0.5504152336120606
51,0.49956284379959104,0.5399557762145996
52,0.49869624185562134,0.5318148193359375
53,0.4992757143974304,0.5876424951553345
