epoch,loss,val_loss
0,0.5478665042877198,0.38019399881362914
1,0.31450595664978026,0.22920765924453734
2,0.22716459779739379,0.242193368434906
3,0.20226993684768677,0.20180979681015015
4,0.18024851970672606,0.3468581099510193
5,0.1730216944694519,0.26908006954193114
6,0.161415567111969,0.1503184914588928
7,0.15018310604095458,0.1998107886314392
8,0.1448384838104248,0.11881505918502808
9,0.13752334928512575,0.1322361011505127
10,0.13182202043533325,0.30906612777709963
11,0.12769142923355103,0.1075590476989746
12,0.12633338508605957,0.19377254104614258
13,0.11994154357910156,0.13086423444747924
14,0.11675046825408936,0.09848923349380494
15,0.11438290147781371,0.09428898859024047
16,0.1120646637916565,0.10001861238479615
17,0.11062978477478028,0.08809172487258911
18,0.10631987476348877,0.32666108703613284
19,0.10871703414916992,0.09812736701965331
20,0.1059644965171814,0.08925498485565185
21,0.10408547821044922,0.09210961580276489
22,0.09937054510116577,0.09994953966140747
23,0.10084188423156738,0.09789227056503295
