epoch,loss,val_loss
0,0.8140906264305114,0.7363684425354003
1,0.7016653712272644,0.6950362610816956
2,0.6852450263977051,0.6771113843917846
3,0.6769568475723267,0.711389916419983
4,0.6710545183181763,0.7605056591033935
5,0.6658444561004638,0.7700243263244629
6,0.6672145907402038,0.6713796977996827
7,0.6633538440704345,0.6652650318145752
8,0.6599276260375977,0.6823077487945557
9,0.6583400289535523,0.6866165027618408
10,0.6624420536994934,0.6913142213821412
11,0.6578345838546753,0.6695677270889282
12,0.6575284536361694,0.6783024959564209
13,0.6565876761436462,0.7162674388885498
14,0.6571798763275146,0.6627973961830139
15,0.6544979731559754,0.6687440719604493
16,0.6534954332351685,0.6645560531616211
17,0.6545192573547364,0.6760300874710083
18,0.6539369119644165,0.6616146249771118
19,0.6520014801025391,0.679626461982727
20,0.6551366275787354,0.6595983452796936
21,0.6504751445770264,0.6688826723098755
22,0.6524418206214905,0.6607385606765747
23,0.652944939994812,0.6687812685966492
24,0.6509683296203613,0.6668337182998657
25,0.6504983219146728,0.7425525178909301
26,0.6548807065963745,0.6687030386924744
27,0.6495927143096923,0.6784966897964477
28,0.650443119430542,0.6844223074913025
29,0.6501590357780457,0.6623255186080933
30,0.6492931425094605,0.6618014583587647
31,0.650945470237732,0.6615482778549194
32,0.6509297452926636,0.6709873180389404
33,0.6501082138061524,0.6606405830383301
34,0.648528772354126,0.6650325932502746
35,0.6487848443031311,0.8194288077354431
36,0.6521649781227112,0.6594679899215699
37,0.647653305721283,0.6993977680206299
38,0.647563391494751,0.6636068415641785
39,0.6483527713775635,0.6684124879837036
40,0.6477232736587525,0.6571143054962159
41,0.6501550482749939,0.6604450254440307
42,0.6470237438201905,0.6677318172454834
43,0.6480856524467469,0.6599022521972656
44,0.6474179784774781,0.65838277053833
45,0.6472834192276001,0.6566982421875
46,0.645972010231018,0.6558339333534241
47,0.6461779163360596,0.6609390449523925
48,0.6460339719772339,0.6574239377975464
49,0.6454212480545044,0.6557671175003051
50,0.6469981449127197,0.66205970287323
51,0.646269362449646,0.6709762444496155
52,0.6468594325065613,0.6562103781700134
53,0.6459508728027343,0.6558594293594361
54,0.6464238848686218,0.6585200748443604
55,0.6445652841567994,0.6632380542755127
56,0.6451774980545044,0.6612445049285889
57,0.6469581800460815,0.6564475440979004
58,0.6440953470230103,0.655751253604889
59,0.6449204570770264,0.6631230707168579
60,0.6443073687553406,0.6585898857116699
61,0.6432453523635864,0.6682658615112305
62,0.6436805450439453,0.6653215494155884
63,0.6449218522071838,0.6589073028564453
64,0.6437416155815124,0.6621976647377014
65,0.6438987879753113,0.6577278151512146
66,0.6441210859298706,0.7283686447143555
67,0.644464341545105,0.6577161502838135
68,0.6433590469360352,0.6649657287597657
69,0.6436240028381348,0.7208435401916504
70,0.6446242851257324,0.6850682611465454
71,0.6427554684638978,0.657964949131012
72,0.6424948078155518,0.6698403635025024
73,0.6441425107955933,0.6595407667160034
74,0.6415922943115234,0.6582018384933471
75,0.643810167503357,0.6593707818984985
76,0.6423089469909667,0.6565409445762634
77,0.642739356803894,0.666552209854126
78,0.6424505730628968,0.6582813282012939
