epoch,loss,val_loss
0,0.6081755694389344,0.5855168142318725
1,0.34517055912017824,0.2174937572479248
2,0.2467009153366089,0.29322999477386474
3,0.2143914936065674,0.1654974732398987
4,0.19729375104904176,0.2218007764816284
5,0.1849983925819397,0.2646337342262268
6,0.17859481706619262,0.14767108345031738
7,0.16981056327819824,0.1548778076171875
8,0.1634328384399414,0.16217213773727418
9,0.15789551916122435,0.20192803239822388
10,0.15154625606536865,0.15699733400344848
11,0.15292534799575805,0.13213208532333373
12,0.14830172271728514,0.14099883222579956
13,0.1415734356880188,0.1291941351890564
14,0.14092661571502685,0.12130638837814331
15,0.14061650018692018,0.14754336309432983
16,0.13602382688522338,0.17742711448669435
17,0.1365132785797119,0.15675686502456665
18,0.13374872770309448,0.16006228399276734
19,0.13060671911239624,0.12467568492889404
20,0.13258970098495484,0.17602627038955687
21,0.12895241613388062,0.17269313526153565
22,0.12461116466522217,0.11472945690155029
23,0.12633382034301757,0.12897748947143556
24,0.12716145610809326,0.11614642143249512
25,0.12247541294097901,0.10923244142532348
26,0.12339839124679565,0.11275779914855957
27,0.12137139892578125,0.12444437456130981
28,0.11940806665420532,0.10948748111724854
29,0.1185610613822937,0.14442784976959228
30,0.11962410440444947,0.10616588115692138
31,0.11839549779891968,0.12222074317932129
32,0.11724426641464233,0.12622231864929198
33,0.11935140743255615,0.13282990980148315
34,0.1160198977470398,0.11190414142608643
35,0.11571256685256957,0.10946184730529786
36,0.11342813062667846,0.10953130292892456
37,0.1135470685005188,0.10553425073623657
38,0.11354841041564942,0.10155802774429322
39,0.1130422511100769,0.16673776388168335
40,0.1119787745475769,0.10081192255020141
41,0.11028447532653808,0.1037173728942871
42,0.11128938970565797,0.11538078165054322
43,0.10938679809570312,0.11059235668182373
44,0.10885002965927124,0.10613215351104736
45,0.10952145414352417,0.22538870525360108
46,0.10686966953277588,0.12232894134521484
47,0.10697310791015625,0.10299587678909301
48,0.10529389533996582,0.09581940317153931
49,0.10441443166732788,0.1227375373840332
50,0.10608557281494141,0.1311171979904175
51,0.10641649866104126,0.18453919553756715
52,0.10595982732772827,0.10492389965057373
53,0.10170706729888916,0.10471966314315796
54,0.10285061340332032,0.10072877740859985
55,0.10282452592849732,0.09408946323394775
56,0.10125485963821411,0.10271063709259033
57,0.09988102474212647,0.10208954286575317
58,0.0984770323753357,0.11869838905334473
59,0.10260749883651733,0.0951507339477539
60,0.09821908645629883,0.10280027961730957
61,0.09827248315811157,0.09849246406555176
62,0.09808110418319702,0.11339039945602417
63,0.09675542726516724,0.11144748735427856
64,0.09671791028976441,0.0970751256942749
65,0.09926461524963379,0.10013770198822021
66,0.09673840675354003,0.09566620779037475
67,0.0981455620765686,0.09585685682296753
68,0.09508785495758057,0.09267890071868896
69,0.09297041711807251,0.090853684425354
70,0.09439330587387085,0.0892811245918274
71,0.09555508422851562,0.10011710500717164
72,0.09350870370864868,0.10778046131134034
73,0.09293082218170166,0.09459571027755738
74,0.09189618320465087,0.08748732376098632
75,0.09147561798095703,0.08962522459030152
76,0.09243238258361816,0.10430002212524414
77,0.0908199764251709,0.10515661096572876
78,0.09179470500946045,0.08907909727096558
79,0.08941387538909912,0.09404131078720093
80,0.09236635942459107,0.09420378684997559
81,0.0887962516784668,0.09292898511886596
82,0.08865410232543945,0.15312417459487915
83,0.09316188535690308,0.09820139408111572
84,0.08636382684707641,0.09463614749908447
85,0.08900616331100464,0.1986844973564148
86,0.0865352858543396,0.08622958946228028
87,0.0880637186050415,0.09287911796569824
88,0.08785474252700806,0.08939330148696899
89,0.08898582067489624,0.11472456693649292
90,0.08844100351333618,0.1003973388671875
91,0.08703073863983155,0.10335321474075318
92,0.08345434846878051,0.1026094241142273
93,0.08581024284362793,0.0845888991355896
94,0.08237726964950562,0.15377468967437743
95,0.08602976112365723,0.09046449899673462
96,0.08512563743591309,0.09513580894470215
97,0.08433531837463379,0.09031499576568604
98,0.0856741729736328,0.09878763055801391
99,0.08270273704528809,0.1469766778945923
100,0.08262032175064087,0.1198800687789917
101,0.08308720083236694,0.12573369598388673
102,0.08699173021316528,0.09991468238830567
103,0.08218232250213622,0.08579753065109252
104,0.08207456684112549,0.09836779737472534
105,0.08424749488830566,0.25648528146743776
106,0.08382601099014282,0.0832540078163147
107,0.07987262125015258,0.12001475429534912
108,0.08213773927688599,0.09148187303543091
109,0.0819422158241272,0.10338815641403198
110,0.08127478179931641,0.08961072254180909
111,0.08116164245605469,0.0996240587234497
112,0.07970036935806274,0.08860031843185424
113,0.07990336971282959,0.08094346809387207
114,0.07953311767578125,0.1000025782585144
115,0.07758591680526733,0.08258232641220092
116,0.07995922260284424,0.09346524047851562
117,0.07995147399902344,0.09295203161239624
118,0.07762761850357056,0.10973470830917359
119,0.07807861709594727,0.09543422079086304
120,0.07697443599700927,0.0866375846862793
121,0.07761266584396362,0.08221347904205323
122,0.0746464033126831,0.11771222114562989
123,0.07755756092071533,0.0958871259689331
124,0.07725024452209472,0.08489509344100953
125,0.07607251281738281,0.09744021368026734
126,0.07858978605270386,0.08543368482589722
127,0.07711046504974366,0.07928728771209717
128,0.07422376308441161,0.12065916109085083
129,0.0772124345779419,0.09486966037750244
130,0.0762365891456604,0.08440974473953247
131,0.07576060781478881,0.0858274130821228
132,0.07427588720321655,0.0852915153503418
133,0.07407436304092407,0.09620328569412231
134,0.07723257389068604,0.08286382007598878
135,0.0734555396080017,0.14923750257492066
136,0.07373100118637085,0.10837171173095703
137,0.07376238965988159,0.0915039348602295
138,0.07255756521224975,0.0799236946105957
139,0.07424751510620117,0.0893846926689148
140,0.07077644414901733,0.08857958221435547
141,0.07592960596084594,0.13713426399230957
