epoch,loss,val_loss
0,0.6816835292816162,0.4879328355789185
1,0.3885759922027588,0.22250053548812868
2,0.22709776573181154,0.151882616519928
3,0.18588458852767945,0.15891948604583742
4,0.1636245183944702,0.19413928413391113
5,0.15131109952926636,0.16534109449386597
6,0.14270222835540772,0.11794121551513671
7,0.12926436853408813,0.17614529085159303
8,0.12412270650863648,0.08972747039794922
9,0.12455581016540528,0.17567114353179933
10,0.11495297784805297,0.11104319000244141
11,0.10873662719726562,0.07458110046386719
12,0.10483166856765747,0.22362443685531616
13,0.10471873407363892,0.08358672904968262
14,0.09528345155715942,0.07342406940460205
15,0.09457542171478271,0.11336845302581787
16,0.09032679424285889,0.0765670247077942
17,0.08975755224227905,0.16967608308792115
18,0.09054843578338623,0.08686645269393921
19,0.08490961904525757,0.1976014175415039
20,0.0871178318977356,0.07568081283569336
21,0.0783573371887207,0.1124373540878296
22,0.07865171060562134,0.17293942975997925
23,0.0808955759048462,0.061098276138305666
24,0.0748074875831604,0.07673002767562866
25,0.07265530185699463,0.09419573020935058
26,0.07404047441482543,0.07038248825073243
27,0.07421926050186158,0.09363367414474487
28,0.07209352979660034,0.069012535572052
29,0.06883156375885009,0.06371793365478516
30,0.06911829118728638,0.08054626369476318
31,0.06829558162689209,0.17378901433944702
32,0.07009667806625366,0.06081777191162109
33,0.06517589569091797,0.06991425943374634
34,0.06348503484725952,0.05125721979141235
35,0.06082347621917725,0.055570781707763674
36,0.06369969873428345,0.17162064361572266
37,0.0653813681602478,0.06988449144363404
38,0.06223727197647095,0.11295310544967652
39,0.06305967044830323,0.05843377685546875
40,0.0616248327255249,0.07245402908325195
41,0.05960992965698242,0.052481866836547854
42,0.06253718585968017,0.04876876449584961
43,0.059056789588928224,0.052494072437286377
44,0.058086680698394774,0.05858872652053833
45,0.058136056900024415,0.04959422492980957
46,0.056357986068725587,0.054603817462921145
47,0.054671696281433105,0.06095154047012329
48,0.05790913190841675,0.0453686728477478
49,0.054859345722198485,0.05543673133850097
50,0.05360189323425293,0.04550503873825073
51,0.05633551168441772,0.0668115782737732
52,0.05528705854415893,0.053165881633758544
53,0.054830432987213136,0.04869161510467529
54,0.05192023935317993,0.07105014371871948
55,0.05508612155914307,0.12539401483535767
56,0.05396608142852783,0.06885765981674194
57,0.052002302360534665,0.04576656627655029
58,0.05144466457366943,0.0461752290725708
59,0.05112614555358887,0.04411517906188965
60,0.05211303663253784,0.04698793268203735
61,0.04969294652938843,0.05008244276046753
62,0.049976232814788815,0.05206409502029419
63,0.050596881008148194,0.05390292167663574
64,0.050165063858032224,0.050813416481018066
65,0.04978207149505615,0.06231988048553467
66,0.05282312526702881,0.05314673042297363
67,0.049596098709106445,0.06801448154449463
68,0.047902244091033934,0.04706350517272949
69,0.04844544382095337,0.04187690544128418
70,0.04854749345779419,0.05285037565231323
71,0.04727178115844727,0.05636043119430542
72,0.049745081901550296,0.050387245178222656
73,0.048116862297058104,0.04214803743362427
74,0.04646641607284546,0.07412955379486084
75,0.04806560430526734,0.047408037185668946
76,0.04809563798904419,0.04351458692550659
77,0.046099916458129886,0.04526686429977417
78,0.047921904087066654,0.0505863823890686
79,0.04526427173614502,0.06823234510421752
80,0.04675112752914429,0.06809688901901245
81,0.04644152784347534,0.05385241889953613
82,0.04780221748352051,0.045831263542175295
83,0.0454233232498169,0.056716338634490965
84,0.04661581144332886,0.05452219295501709
85,0.04370709257125854,0.04342105484008789
