epoch,loss,val_loss
0,0.723688872718811,0.5991605463027954
1,0.4924873463630676,0.45269525241851805
2,0.43297157697677613,0.3978407797813416
3,0.4072437985420227,0.3966914839744568
4,0.3941315711021423,0.3807690305709839
5,0.389929563999176,0.3781887888908386
6,0.384919344329834,0.3763833723068237
7,0.37871934089660647,0.3918797903060913
8,0.37750325956344605,0.38024952554702757
9,0.37263457250595095,0.3779823112487793
10,0.37013666124343875,0.37678917932510375
11,0.37101581115722654,0.3760162706375122
12,0.36821985454559325,0.37135409116744994
13,0.3680308935165405,0.3830070877075195
14,0.3658215061187744,0.36523524618148806
15,0.36253552465438843,0.38276952219009397
16,0.36234818143844605,0.37091158723831175
17,0.36131468353271484,0.43757374095916746
18,0.36590097789764403,0.3629733014106751
19,0.3589024622917175,0.37256679010391236
20,0.3578599021911621,0.3623947157859802
21,0.36119422483444213,0.3828581428527832
22,0.3603583909034729,0.3768811526298523
23,0.35683422384262087,0.37046122598648074
24,0.35531415376663206,0.3864783706665039
25,0.35923131856918333,0.3596289834976196
26,0.3553754858970642,0.3587461848258972
27,0.35680474271774293,0.365571448802948
28,0.35656961488723754,0.3609743576049805
29,0.3532722770690918,0.3905966205596924
30,0.35653352222442625,0.5557596292495728
31,0.36061830348968504,0.3663910245895386
32,0.3531671183586121,0.3564222025871277
33,0.3519022545814514,0.39432622051239014
34,0.3563748643875122,0.41590496492385864
35,0.3509899699211121,0.36005326795578
36,0.35171246185302735,0.366175190448761
37,0.351950354385376,0.35798097705841064
38,0.34968764925003054,0.37264102935791016
39,0.351495548248291,0.3536495609283447
40,0.35117639408111573,0.37235121011734007
41,0.3503959980010986,0.3958313059806824
42,0.3502886549949646,0.36391626214981077
43,0.3533836669921875,0.3783246068954468
44,0.3520363838195801,0.38982220363616943
45,0.34869283628463743,0.3862097773551941
46,0.35117081022262575,0.3696792230606079
47,0.34953644275665285,0.35483861684799195
48,0.35006719341278075,0.36215624475479125
49,0.34723779611587524,0.35391867876052857
50,0.34773883628845215,0.40737849998474124
51,0.35151597661972045,0.37115423917770385
52,0.35010822715759277,0.35169153261184694
53,0.3479440112113953,0.35735635471343996
54,0.34644485597610475,0.35665656566619874
55,0.3490285140037537,0.3532723135948181
56,0.34637250213623044,0.35313457107543944
57,0.34676911954879763,0.3618535861968994
58,0.3468104051589966,0.3621438374519348
59,0.3466174674987793,0.35177978467941284
60,0.34665540018081664,0.38924240636825563
61,0.34661958408355714,0.3606190333366394
62,0.3450648564338684,0.3557986044883728
63,0.3474425311088562,0.3748973054885864
64,0.34604362688064577,0.4025518674850464
65,0.346740637588501,0.3522732028961182
66,0.3441571834564209,0.4091115193367004
67,0.34885320615768434,0.36298033475875857
68,0.34451799812316897,0.35179312419891356
69,0.3448374273300171,0.35378614854812623
70,0.3462628924369812,0.35198442220687864
71,0.343867383480072,0.3789168109893799
72,0.34325944271087644,0.35188136768341066
