epoch,loss,val_loss
0,0.6580754623413086,0.380897141456604
1,0.4028199372291565,0.2952770376205444
2,0.28220553493499756,0.28295914936065675
3,0.24314403820037842,0.1880272240638733
4,0.2240007677078247,0.23640474319458007
5,0.2072080768585205,0.23762111806869507
6,0.2003118082046509,0.270118736743927
7,0.18874416284561157,0.14768282842636107
8,0.18210336351394654,0.1651662230491638
9,0.17978683567047118,0.13747281074523926
10,0.17015113277435304,0.15353165340423583
11,0.16798596887588502,0.18135923576354981
12,0.15966202001571655,0.15693158578872682
13,0.16091318006515504,0.15424762630462646
14,0.15669487657546996,0.21110413599014283
15,0.1497131067276001,0.11744241380691528
16,0.1486452862739563,0.11558588123321534
17,0.1422396640777588,0.10666297817230225
18,0.14229473524093628,0.11811416053771973
19,0.13566922302246093,0.1202920527458191
20,0.13122695379257202,0.1263349542617798
21,0.1345420760154724,0.1411963438987732
22,0.12834903049468993,0.10125254392623902
23,0.12421956596374512,0.24957974720001222
24,0.12999478693008423,0.09710434913635253
25,0.12504287967681885,0.11640330696105958
26,0.12472944326400758,0.1267067894935608
27,0.11940760879516601,0.11930330657958985
28,0.1172929627418518,0.1593705143928528
29,0.1193123013496399,0.13458404064178467
30,0.11642392587661743,0.1365797185897827
31,0.11565710830688476,0.0922978916168213
32,0.11387196893692017,0.08425834369659424
33,0.10731458492279053,0.23963596534729004
34,0.11077619066238403,0.13240512895584106
35,0.10654993381500244,0.10645743608474731
36,0.10271099748611451,0.10252625370025635
37,0.1006046636581421,0.18158599138259887
38,0.1022284906387329,0.08570492553710937
39,0.10219209260940552,0.08540703058242798
40,0.0990491907119751,0.08776173686981201
41,0.09836142292022705,0.09565790033340454
42,0.09839118576049805,0.08551857948303222
43,0.09626338729858398,0.08933597326278686
44,0.09779015121459961,0.08095571899414063
45,0.09473716096878051,0.07600461339950562
46,0.09502886610031128,0.12016308164596558
47,0.09350008268356323,0.08638080596923828
48,0.09122815036773682,0.08267078447341919
49,0.09201074733734131,0.08194017267227173
50,0.08721578483581544,0.19249133777618407
51,0.09038979864120483,0.07506170320510865
52,0.08887567901611328,0.09981767463684083
53,0.09141411638259887,0.07857740306854248
54,0.09252745571136474,0.07781534719467163
55,0.08644677400588989,0.07070629405975341
56,0.08500566902160644,0.1446656789779663
57,0.08629488954544068,0.0710205774307251
58,0.08533792352676392,0.08374430894851685
59,0.08716707515716553,0.06818500709533691
60,0.0831877007484436,0.08065550374984741
61,0.08477137746810913,0.10174443244934082
62,0.08354109258651733,0.08261097621917725
63,0.08145694894790649,0.06943487167358399
64,0.08365817213058471,0.07218068170547486
65,0.07938289079666137,0.07149734592437744
66,0.07819014892578124,0.0763698320388794
67,0.07992269344329835,0.06565315818786621
68,0.07889329719543457,0.08679875040054322
69,0.081799480342865,0.0888408989906311
70,0.08063120470046997,0.08275309991836548
71,0.07825791759490967,0.12811755752563478
72,0.0760459981918335,0.08465546607971192
73,0.07806636276245117,0.07190081977844238
74,0.07810576829910278,0.07084826755523682
75,0.07463989686965943,0.06813912391662598
76,0.0762632384300232,0.14999267864227295
77,0.07589499387741089,0.07699248504638671
78,0.07463331975936889,0.12373877429962159
79,0.07599373331069946,0.1751047697067261
80,0.07482502431869507,0.07862092828750611
81,0.07198477258682251,0.12930782127380372
82,0.07600345516204834,0.06687896156311035
83,0.07309933614730835,0.06920989084243774
84,0.07120758590698242,0.08515959501266479
85,0.07354614238739014,0.07401546525955201
86,0.07117587604522706,0.09051014947891235
87,0.07337723340988159,0.06627888917922974
