epoch,loss,val_loss
0,0.5462800853729248,0.5548447742462158
1,0.36629615688323974,0.3076571292877197
2,0.29136570434570314,0.2210819730758667
3,0.2547607907295227,0.22187316036224367
4,0.2355376085281372,0.19937895488739013
5,0.22076181602478026,0.25517207384109497
6,0.2088772918701172,0.18921912097930907
7,0.2020106797218323,0.3392691068649292
8,0.19454397287368774,0.15993167686462403
9,0.19065469055175782,0.21423838472366333
10,0.18207166519165038,0.1456656608581543
11,0.1723618173599243,0.1897941951751709
12,0.17446761388778687,0.22572095012664795
13,0.16616570110321044,0.16924872159957885
14,0.15883300857543944,0.1476822409629822
15,0.15162399368286134,0.125009192943573
16,0.15985914888381958,0.11342937803268432
17,0.14198037099838257,0.5936393179893493
18,0.15286967811584473,0.11682828521728515
19,0.1345410863876343,0.11347293281555176
20,0.13521169052124024,0.11324034547805786
21,0.13618385753631593,0.12704811573028565
22,0.12897691383361817,0.10226138639450073
23,0.12462141847610474,0.11394821071624756
24,0.12011653842926025,0.13743513822555542
25,0.11990939655303955,0.09260003757476806
26,0.11652460842132568,0.09720643043518067
27,0.11278294115066528,0.18521889448165893
28,0.11531006021499633,0.16237866353988648
29,0.11020858526229858,0.11277717924118041
30,0.10927298259735108,0.18992687511444092
31,0.10907216348648072,0.0979117636680603
32,0.1033987431526184,0.10987247610092163
33,0.10070620336532593,0.1296011505126953
34,0.10349375925064087,0.09625322294235229
35,0.09827472286224365,0.21318160200119018
36,0.10344845314025879,0.14134150695800782
37,0.09532523193359375,0.07699944162368774
38,0.1001725546836853,0.14890132522583008
39,0.09626908693313599,0.08521665763854981
40,0.09467325172424317,0.07750488328933716
41,0.08984731283187866,0.19096439933776854
42,0.09034529581069946,0.15392743968963624
43,0.09145007047653199,0.10405515050888062
44,0.08792374248504639,0.09059037208557129
45,0.08942957744598388,0.1473140435218811
46,0.0851778473854065,0.09563188362121582
47,0.08626988172531128,0.0834180784225464
48,0.08775116453170777,0.12569047737121583
49,0.08764930305480957,0.1306939630508423
50,0.08906735954284668,0.09064449405670166
51,0.08424567937850952,0.07391395235061646
52,0.08152320079803467,0.15972672080993652
53,0.08219372358322144,0.08709025192260743
54,0.08088740873336792,0.08691757678985595
55,0.07839257507324218,0.08213692283630371
56,0.08286416006088257,0.07924384737014771
57,0.08137428407669067,0.11443517351150513
58,0.08036395645141602,0.07327903747558594
59,0.0778673698425293,0.07790507936477661
60,0.07751719932556152,0.09158664655685425
61,0.07741410417556763,0.1455181269645691
62,0.08026017293930053,0.18741845083236694
63,0.07783600749969483,0.06969504642486572
64,0.07943329648971557,0.08725149869918823
65,0.07560322065353393,0.08020150423049927
66,0.07544254674911499,0.09149102020263672
67,0.07836893243789674,0.1608077607154846
68,0.07577717475891113,0.07534859991073609
69,0.07531809072494507,0.09470362091064453
70,0.07294047193527221,0.10084778928756714
71,0.07365519294738769,0.1651419816017151
72,0.07864182691574097,0.14291468715667724
73,0.07356878805160523,0.15018492126464844
74,0.07573668975830078,0.07959012460708619
75,0.06951007461547852,0.061108078956604
76,0.07260628252029419,0.10730769634246826
77,0.06950444746017456,0.08724101877212524
78,0.07027780389785766,0.10841441440582275
79,0.07082918577194214,0.07935201597213745
80,0.06990739297866821,0.10890362882614135
81,0.07341179389953613,0.0695607771873474
82,0.06864380159378052,0.15120327758789062
83,0.07079713640213013,0.10486776113510132
84,0.06865181169509887,0.07120465469360351
85,0.06823846168518066,0.07489235830307008
86,0.06972483959197998,0.08124432992935181
87,0.06875749635696411,0.10739638376235962
88,0.06762132225036621,0.06441288375854493
89,0.06681231956481934,0.08555240869522095
90,0.06803475103378295,0.06361488199234008
91,0.06599505052566529,0.07705927276611328
92,0.0689577039718628,0.06446215724945069
93,0.06556088409423828,0.06925827360153199
94,0.06680311231613159,0.09786699295043945
95,0.06887712888717651,0.07729871320724488
