epoch,loss,val_loss
0,0.6449198068618774,0.4141585326194763
1,0.33431292037963867,0.3282779016494751
2,0.20669333944320678,0.1829252600669861
3,0.17311213417053223,0.1407065167427063
4,0.1549408736228943,0.12846926975250245
5,0.13940785074234008,0.10458872079849243
6,0.1268209566116333,0.14798270988464354
7,0.1217422248840332,0.2471073031425476
8,0.11894446477890015,0.09571651887893677
9,0.11127462339401245,0.176327196598053
10,0.11139876899719238,0.12466205072402954
11,0.1052727541923523,0.08607558345794677
12,0.10089029159545898,0.09372524738311767
13,0.09667624959945678,0.1790334520339966
14,0.10119943408966064,0.07946686744689942
15,0.0964567096710205,0.10898356819152832
16,0.0911188714981079,0.08234501886367798
17,0.09156527442932129,0.07683661937713623
18,0.09088505010604858,0.08548492765426635
19,0.08723747243881226,0.07798938608169556
20,0.08894345893859863,0.0857851300239563
21,0.08883709678649902,0.16505166101455687
22,0.08592434253692627,0.07478186750411987
23,0.08577572317123414,0.095882071018219
24,0.08521057348251343,0.08023841142654418
25,0.0835952073097229,0.078002534866333
26,0.08414680604934692,0.07561391544342042
27,0.08316431875228882,0.07046596574783325
28,0.08388171634674073,0.07589451885223389
29,0.07925173692703247,0.07096771430969238
30,0.08086393213272094,0.0792762508392334
31,0.08083924798965454,0.08121663045883179
32,0.08128889093399048,0.07455247402191162
33,0.07879370574951172,0.07095651817321777
34,0.07961502313613891,0.07554432487487793
35,0.07807296924591065,0.07956880950927735
36,0.0791710150718689,0.06959148454666138
37,0.07699764575958253,0.06840862464904786
38,0.07829934921264649,0.07089072418212891
39,0.07808095569610596,0.07787565565109253
40,0.07646973714828491,0.21446070528030395
41,0.07583983736038208,0.09147094869613648
42,0.07590764513015746,0.06843140697479248
43,0.07555430002212525,0.10241264295578002
44,0.07536619215011597,0.06865034961700439
45,0.0748702621459961,0.0989940266609192
46,0.07798695001602172,0.07579052543640137
47,0.07558696689605712,0.07808919715881348
48,0.07598132352828979,0.0729861240386963
49,0.07396742553710937,0.0974364309310913
50,0.07437526302337646,0.08606438398361206
51,0.07378213720321655,0.06987019872665405
52,0.07538889665603637,0.06768046236038208
53,0.07282900485992432,0.0686468653678894
54,0.07374749507904053,0.07562114191055298
55,0.07360635776519775,0.0674079246520996
56,0.07406693744659423,0.06918516874313355
57,0.0723755714416504,0.09204281520843506
58,0.07319587230682373,0.12645624494552613
59,0.07378673086166382,0.06890796661376954
60,0.07148210277557374,0.0773835153579712
61,0.07187168560028076,0.0777418303489685
62,0.0724280839920044,0.06878983783721924
63,0.0736465220451355,0.06815313243865967
64,0.06955126371383667,0.06933659982681274
65,0.07171068572998048,0.07460685157775879
66,0.07282547969818115,0.06573280382156373
67,0.07088235569000244,0.09697283554077149
68,0.07434499969482422,0.06715711164474487
69,0.06965144128799439,0.06984715223312378
70,0.07002267580032348,0.06916073894500732
71,0.07176403198242187,0.07283963966369629
72,0.07130563249588012,0.07088601350784302
73,0.07086157760620117,0.06914887952804566
74,0.0701351092338562,0.08618816566467286
75,0.0710457010269165,0.06603063154220581
76,0.06928160552978516,0.06794466543197632
77,0.0703245020866394,0.06433591699600219
78,0.07083988647460937,0.06559284257888794
79,0.06835506744384766,0.07410423707962036
80,0.07136747007369995,0.07292046594619751
81,0.0708120940208435,0.07091621065139771
82,0.06874620733261108,0.066034104347229
83,0.06892636623382568,0.06735074806213379
84,0.06953435001373291,0.07351380014419556
85,0.06998647298812866,0.06542282867431641
86,0.06799124946594239,0.06573666667938233
87,0.06978358907699585,0.10592284488677979
88,0.0677721785545349,0.08312957096099853
89,0.06863051538467407,0.06958975887298584
90,0.07024038982391358,0.07561997890472412
91,0.06984738101959229,0.07646993398666382
92,0.06755891466140747,0.07302601146697998
93,0.06953029623031616,0.06439174938201904
94,0.06801812467575073,0.110043447971344
95,0.06831917352676392,0.078422616481781
96,0.06773242692947387,0.07228977680206299
97,0.06968032398223876,0.1936048970222473
