epoch,loss,val_loss
0,0.7805994562149048,0.7054867215156555
1,0.6668031841278076,0.6416554675102234
2,0.6475296509742737,0.6280813689231872
3,0.6372614568710327,0.6311006698608398
4,0.6317293575286865,0.6155707015991211
5,0.6238071012496949,0.6188819460868835
6,0.6285806364059449,0.6105548486709594
7,0.6244053142547608,0.6882624206542969
8,0.6201269301414489,0.6099531922340393
9,0.6182513648986816,0.6222683219909668
10,0.620902522277832,0.6312711124420166
11,0.6162512261390686,0.6512416114807129
12,0.6185525690078736,0.6060964727401733
13,0.6157630187988281,0.6133693370819092
14,0.6133346614837647,0.6050739898681641
15,0.6160693954467773,0.6107456016540528
16,0.6131988088607788,0.6109863548278809
17,0.6151684063911438,0.6041779727935791
18,0.6110630885124206,0.6037838468551636
19,0.6140359276771545,0.6026957454681396
20,0.6098662755966187,0.6016547222137452
21,0.6103759311676026,0.6130628671646118
22,0.609985164642334,0.6654441394805908
23,0.6105538011550903,0.6153640842437744
24,0.6124873888015747,0.6037617855072022
25,0.6105493495941162,0.603079867362976
26,0.6084129224777222,0.6105500612258911
27,0.6112798293113708,0.6191077919006348
28,0.6097721449851989,0.6090808730125428
29,0.6093132284164429,0.6262303991317749
30,0.6088635726928711,0.5995727653503418
31,0.6080090892791749,0.6484424877166748
32,0.6089453931808472,0.6166553974151612
33,0.6068738439559936,0.6041456532478332
34,0.6080677278518677,0.6334130907058716
35,0.6076853118896485,0.5992502088546753
36,0.6047254568099976,0.6104662604331971
37,0.6088277102470397,0.6014084711074829
38,0.605642670917511,0.6039650716781616
39,0.606491251373291,0.5966891121864318
40,0.6068220047950744,0.6052375326156616
41,0.6045043243408204,0.6039284372329712
42,0.6069352848052979,0.6801417856216431
43,0.607160187625885,0.6109170203208923
44,0.6041617706298829,0.620699966430664
45,0.6060300080299378,0.6007311553955078
46,0.6048341130256653,0.6281757526397705
47,0.6055901165008545,0.6027032842636109
48,0.6042981016159058,0.601011248588562
49,0.6047649652481079,0.5994701719284058
