epoch,loss,val_loss
0,0.7028551750183105,0.6180803966522217
1,0.3162383605003357,0.2297409634590149
2,0.17775060720443725,0.16878796529769896
3,0.1375004238128662,0.1145443344116211
4,0.11634538078308106,0.1228615608215332
5,0.10937157554626464,0.0863381175994873
6,0.09899142446517945,0.08603932237625123
7,0.09212171182632446,0.1026505126953125
8,0.08785084972381592,0.07775731182098389
9,0.08312077188491822,0.1752021551132202
10,0.08278320903778076,0.0705933656692505
11,0.07912240571975708,0.0744096097946167
12,0.07700625009536743,0.06880449056625366
13,0.07237145767211914,0.10135634231567382
14,0.0718696641921997,0.06633910989761352
15,0.07147079334259034,0.13064743995666503
16,0.06990052337646484,0.07059419870376588
17,0.0696590518951416,0.06101858472824097
18,0.06693250350952148,0.11423055315017701
19,0.06748810920715333,0.07592163372039795
20,0.06572569646835327,0.07037098979949952
21,0.06508714799880981,0.0637649712562561
22,0.06473768739700317,0.0605692195892334
23,0.06457790775299073,0.11125185537338257
24,0.06314482536315918,0.06176510763168335
25,0.06256237401962281,0.06162225341796875
26,0.06121304864883423,0.09871128940582276
27,0.062288746643066405,0.05761264562606812
28,0.060160954284667965,0.06309322309494018
29,0.06266439380645752,0.10228180360794067
30,0.05996702699661255,0.09296278667449952
31,0.061665154647827146,0.05916125583648681
32,0.05984870958328247,0.07519663858413696
33,0.059757678985595704,0.07182566928863525
34,0.058354110908508304,0.09181728553771973
35,0.05826879186630249,0.09534732341766357
36,0.0599798770904541,0.09764245080947875
37,0.05816878328323364,0.06348428249359131
