epoch,loss,val_loss
0,0.6682074560165405,0.6391979570388794
1,0.3202341899871826,0.26966198778152467
2,0.19283477182388306,0.19883355283737184
3,0.16340882835388185,0.2186566324234009
4,0.1483105339050293,0.15892424535751343
5,0.13810530052185058,0.12345720911026001
6,0.13476031761169432,0.12227136659622193
7,0.13095967779159545,0.1414189772605896
8,0.12555169486999512,0.1544692692756653
9,0.12159682378768921,0.1121335530281067
10,0.11763221778869629,0.10910095787048339
11,0.11589742450714112,0.12881629514694215
12,0.11415011377334594,0.10592891693115235
13,0.11346172437667847,0.12221322965621949
14,0.11033501749038696,0.10594857406616211
15,0.10820314273834228,0.10089799118041992
16,0.10476119089126587,0.09916792440414429
17,0.10394820127487182,0.09960402631759643
18,0.10492730102539062,0.10207469224929809
19,0.10178035306930543,0.13418260765075685
20,0.10265240926742554,0.09949787139892578
21,0.0999977068901062,0.09947067022323608
22,0.10102857685089112,0.09388252067565918
23,0.09836721820831298,0.1222449541091919
24,0.09803371725082398,0.09591176080703735
25,0.09799387435913086,0.10599755525588989
26,0.09836504039764404,0.10422029447555542
27,0.0951515832901001,0.09484847116470337
28,0.09661819734573364,0.09899567556381225
29,0.09391380786895752,0.10122681522369385
30,0.09463793668746948,0.10165872812271118
31,0.09456290550231934,0.09536066579818725
32,0.09420360450744629,0.09225556087493897
33,0.09327724571228027,0.09099401712417603
34,0.09324700536727905,0.09107478380203247
35,0.09287280607223511,0.11281421422958374
36,0.09259890604019165,0.0878512601852417
37,0.09023285827636719,0.09098905611038208
38,0.0919171709060669,0.09967957305908202
39,0.09221254587173462,0.09286705207824707
40,0.09058661613464355,0.0954166865348816
41,0.09002211313247681,0.0935045108795166
42,0.09077776679992676,0.09167214250564575
43,0.09025813045501709,0.09869724893569946
44,0.08967096843719483,0.08742534017562867
45,0.089215673828125,0.09592521810531617
46,0.088329274559021,0.08534880590438843
47,0.08873038244247436,0.09645429134368896
48,0.09032465782165527,0.08761917114257813
49,0.0880082067489624,0.09440605401992798
50,0.08832186298370362,0.08638685655593872
51,0.08879484186172486,0.2455982460975647
52,0.09073067331314087,0.13721790170669557
53,0.08725205593109131,0.09794667959213257
54,0.08759076356887817,0.08692528057098389
55,0.08957909278869629,0.11214859867095947
56,0.08651961002349853,0.08998463678359986
