epoch,loss,val_loss
0,0.6022676783561707,0.591995418548584
1,0.2182780529022217,0.25080094337463377
2,0.11752039642333985,0.0695065245628357
3,0.09129508810043335,0.09554757642745972
4,0.08413455085754394,0.05857457971572876
5,0.0681308687210083,0.04445954370498657
6,0.06757290315628052,0.044610114574432376
7,0.05928114833831787,0.03943223381042481
8,0.059274635887145995,0.04071889114379883
9,0.052229804706573485,0.0403594970703125
10,0.04731618270874023,0.03112758159637451
11,0.045085887241363524,0.0524614028930664
12,0.04259456291198731,0.037895516872406006
13,0.04123818817138672,0.032626301765441894
14,0.03724325513839722,0.02729529047012329
15,0.03487610883712768,0.02335503578186035
16,0.035885311889648434,0.030270031452178957
17,0.0333822868347168,0.02892851972579956
18,0.0318335298538208,0.02517980146408081
19,0.03141928663253784,0.02673215913772583
20,0.029792251491546632,0.02047659683227539
21,0.02680810308456421,0.020925739288330077
22,0.027208903312683105,0.023953429222106935
23,0.028144245529174803,0.035374791622161866
24,0.026149902248382567,0.04463273859024048
25,0.024442939567565918,0.023330352306365966
26,0.02700448122024536,0.02868365287780762
27,0.022468683338165284,0.01600202465057373
28,0.021890027904510497,0.017378385543823243
29,0.02266130838394165,0.02221072816848755
30,0.0212373251914978,0.04020206165313721
31,0.019233632659912108,0.022746156692504883
32,0.020949849700927736,0.0604619140625
33,0.02004726905822754,0.05777318525314331
34,0.01881658878326416,0.026505614757537842
35,0.0183862398147583,0.025372379302978514
36,0.018513053703308104,0.013491937637329102
37,0.017870265579223634,0.11401243305206299
38,0.020314692401885985,0.01739624786376953
39,0.01718526496887207,0.022078615665435793
40,0.016457424259185793,0.019484138011932373
41,0.01623654556274414,0.012646878242492676
42,0.01731783847808838,0.015450232028961182
43,0.015303104972839356,0.012712897777557373
44,0.015186211776733398,0.026109628200531004
45,0.01466107110977173,0.014454795360565185
46,0.01455445032119751,0.012514918804168702
47,0.014298511505126952,0.02556382417678833
48,0.013957536697387696,0.015870043277740477
49,0.01571091365814209,0.011102855682373047
50,0.013794750595092773,0.008645156860351562
51,0.013157630729675292,0.01021297836303711
52,0.013656034660339355,0.014846551895141601
53,0.013056829071044922,0.009752516746520995
54,0.013035800647735596,0.00967728328704834
55,0.013151374912261963,0.009044499397277831
56,0.01140962085723877,0.009238286018371582
57,0.011837406730651855,0.015156875610351563
58,0.01094404525756836,0.01778507375717163
59,0.011172719573974609,0.00984495735168457
60,0.011792015647888184,0.006576259613037109
61,0.010367309188842773,0.027447789192199708
62,0.010283807945251465,0.03466489696502686
63,0.010709053516387939,0.011223023891448974
64,0.009017243480682374,0.006577796936035156
65,0.011029457378387451,0.006712239265441894
66,0.008621023464202881,0.009453765392303467
67,0.009579952430725097,0.009144752025604249
68,0.009364933586120606,0.006676492214202881
69,0.009018493938446046,0.005650766372680664
70,0.008408633422851563,0.040425908088684084
71,0.009191467571258546,0.00863631534576416
72,0.009155803108215331,0.00843333387374878
73,0.008348735618591308,0.006516128063201904
74,0.00847462682723999,0.005366673946380615
75,0.00795972375869751,0.008615633487701417
76,0.008669856834411621,0.022339075088500977
77,0.008086973285675049,0.021335014820098877
78,0.007752915859222412,0.005152608394622803
79,0.00740762825012207,0.005877357006072998
80,0.0076590526580810545,0.005312668323516846
81,0.007105322456359863,0.004540820598602295
82,0.006949388790130615,0.005202573776245117
83,0.007384159278869629,0.004456459522247314
84,0.008034064197540283,0.01712919235229492
85,0.008328534126281739,0.012083014011383057
86,0.006330818176269531,0.008271029472351074
87,0.006900267505645752,0.0038130574226379393
88,0.006546548271179199,0.05325053882598877
89,0.007304727077484131,0.007170127868652344
90,0.005633620738983154,0.003994589805603028
91,0.009162721920013427,0.0044072585105896
92,0.006620254135131836,0.004499720096588135
93,0.005381121826171875,0.0043379092216491695
94,0.003977910614013672,0.006575958251953125
95,0.006000875759124756,0.004913005828857422
96,0.005812794971466064,0.003926015853881836
97,0.0069830226898193355,0.007062352180480957
98,0.006507122898101807,0.0040495977401733396
99,0.006048725891113281,0.009067135810852051
100,0.005998205661773681,0.004455420017242431
101,0.005347875690460205,0.012296734809875488
102,0.005841286945343018,0.005351408958435059
103,0.005745986652374267,0.003544339179992676
104,0.004933628749847412,0.015479698657989501
105,0.004849815082550049,0.002586034297943115
106,0.004854911518096924,0.003631352424621582
107,0.00498168363571167,0.0033498969078063967
108,0.005523930358886719,0.011836458206176757
109,0.005586732006072998,0.0034923200607299807
110,0.005035465335845948,0.0027781319618225097
111,0.005323222255706787,0.00410316801071167
112,0.00442942943572998,0.014497462749481202
113,0.004807582378387451,0.010995546340942382
114,0.005034780883789063,0.01897723913192749
115,0.006395094680786133,0.00435493278503418
116,0.004266520118713379,0.0026254177093505858
117,0.0043736812591552736,0.013122825622558594
118,0.005807233142852784,0.005183844089508056
119,0.005237251377105713,0.003892582416534424
120,0.004400471019744873,0.005213999271392823
121,0.004552982902526856,0.0901978178024292
122,0.00563497371673584,0.017300677299499512
123,0.005467098331451416,0.0033783740997314453
124,0.004865149784088135,0.00728591251373291
125,0.004056905460357666,0.0026313610076904295
