epoch,loss,val_loss
0,0.8000318237304688,0.6533432912826538
1,0.642090428352356,0.6531835489273071
2,0.5903774585723877,0.5813274850845337
3,0.56003760471344,0.5736402335166931
4,0.5439465394020081,0.5553859434127808
5,0.5348614937782288,0.5648209619522094
6,0.5229349866867066,0.6019069585800171
7,0.5129444073677063,0.6592252912521362
8,0.5064154885292054,0.5914034748077392
9,0.4964127968788147,0.5482083129882812
10,0.4883944702148437,0.5562026791572571
11,0.48677710933685303,0.4776909747123718
12,0.478460663318634,0.5253283553123475
13,0.4703352235794067,0.5209405145645142
14,0.4669166271209717,0.584349425315857
15,0.46385451955795287,0.48398345899581907
16,0.4546186617851257,0.46774448585510253
17,0.4496798520088196,0.4640788354873657
18,0.44283244695663454,0.4672669448852539
19,0.44336692295074465,0.5036636953353881
20,0.4341792483329773,0.4522764911651611
21,0.4316520131111145,0.45687713861465457
22,0.4273871907234192,0.5013117427825928
23,0.42764314699172973,0.4476323232650757
24,0.42555648174285887,0.5477696437835693
25,0.42149578771591184,0.4774644594192505
26,0.42097305641174315,0.5250130367279052
27,0.42145679874420167,0.46158924674987795
28,0.4178831897735596,0.4612329726219177
29,0.4185785668373108,0.41413407897949217
30,0.4111202821731567,0.5010413675308227
31,0.4145423619270325,0.4828108005523682
32,0.4131128306388855,0.4532612309455872
33,0.4123267666816711,0.4180577292442322
34,0.4102153673171997,0.4344369964599609
35,0.4072782353401184,0.4383477506637573
36,0.4090579891204834,0.41618770456314086
37,0.40533439321517944,0.43278224658966064
38,0.406976718044281,0.45622609996795654
39,0.40535854663848875,0.5457020502090454
40,0.4100443895339966,0.44148468589782713
41,0.4032506196975708,0.5085464854240418
42,0.40344059829711915,0.48362040662765504
43,0.40307231330871585,0.43383992481231687
44,0.40201138277053833,0.43337320947647096
45,0.4017359850883484,0.4986417803764343
