epoch,loss,val_loss
0,0.6210455388069153,0.37662884998321533
1,0.36699673318862913,0.2337488842010498
2,0.25074069108963015,0.31702816581726073
3,0.21486288871765136,0.1962201542854309
4,0.19954737691879273,0.1809526219367981
5,0.18175451450347901,0.17820050048828126
6,0.1716531636238098,0.14435654306411744
7,0.16767734594345093,0.2087910804748535
8,0.1601843804359436,0.25305947065353396
9,0.1557392924308777,0.23172773599624633
10,0.1504221513748169,0.12647086429595947
11,0.14458389644622802,0.19978750658035277
12,0.14244276914596557,0.17721698141098022
13,0.14184727611541748,0.17924068307876587
14,0.13860791311264037,0.11939054632186889
15,0.1344116349220276,0.13260177564620973
16,0.13345430431365968,0.12004523086547851
17,0.13021097707748414,0.14984584665298462
18,0.126160569190979,0.119272301197052
19,0.126524552154541,0.1268184485435486
20,0.12500112257003784,0.16443020486831664
21,0.12093462429046631,0.11782279872894287
22,0.12796324100494386,0.12800154495239258
23,0.12210733947753906,0.17768999433517457
24,0.12104400720596313,0.235204571723938
25,0.120226446723938,0.20491181325912475
26,0.11823270864486694,0.13483857107162475
27,0.11574650135040283,0.10400164222717286
28,0.11836557712554932,0.11986230659484863
29,0.11203112907409668,0.10457564401626587
30,0.11463801536560059,0.12899463844299316
31,0.11573214588165283,0.1005330605506897
32,0.10821964330673217,0.13381431674957275
33,0.11246826705932617,0.13851151275634765
34,0.11071670265197754,0.10569451808929443
35,0.10991972274780273,0.12206935787200927
36,0.10895804109573365,0.09903355455398559
37,0.10951151447296142,0.10799155187606811
38,0.1073536828994751,0.11517224788665771
39,0.10677382841110229,0.12662483787536621
40,0.10639816513061523,0.10735097551345825
41,0.10501677761077881,0.09513963603973388
42,0.1055707893371582,0.09267115640640258
43,0.1058292727470398,0.11866207218170166
44,0.10191719799041749,0.1071107325553894
45,0.10524486474990845,0.09750437450408936
46,0.10344608564376831,0.13469870042800902
47,0.10011960916519165,0.0901612787246704
48,0.1002780571937561,0.09234106588363647
49,0.09863856143951416,0.14378296852111816
50,0.10099099760055542,0.0917781720161438
51,0.09985083246231079,0.11106417274475097
52,0.09991816911697388,0.09081375360488891
53,0.09647233238220215,0.09522601699829102
54,0.09885838670730591,0.1144764928817749
55,0.09661655387878418,0.10321065330505372
56,0.0961469877243042,0.1086705732345581
57,0.09431507434844971,0.09507139348983765
58,0.09450446329116821,0.09225756788253785
59,0.09601786136627197,0.09318027114868165
60,0.09300687980651856,0.12917128324508667
61,0.09530842065811157,0.09235577774047851
62,0.0949440071105957,0.08677123928070068
63,0.09067243347167969,0.12804748916625977
64,0.09430188493728638,0.08993274641036987
65,0.09320479984283447,0.0984270100593567
66,0.0889753755569458,0.09624757432937622
67,0.09149399070739746,0.17258995485305786
68,0.09370716590881348,0.08584063625335693
69,0.09027035274505615,0.08678001737594604
70,0.09003619136810302,0.13315018510818483
71,0.09165637836456299,0.08612319374084473
72,0.090196764087677,0.09626514577865601
73,0.08818579597473145,0.0852835521697998
74,0.08728226547241211,0.0856707239151001
75,0.08874013929367065,0.10706517124176025
76,0.08745010709762573,0.12542557191848755
77,0.08653664035797119,0.11125626850128174
78,0.08650541944503784,0.11291407489776611
79,0.08622285680770873,0.08871120262145996
80,0.08356050052642822,0.09679105758666992
81,0.08586071834564209,0.14118100690841676
82,0.08478343229293824,0.12612734508514403
83,0.08601528425216674,0.09419377803802491
84,0.08413337926864624,0.2127725009918213
85,0.08660703411102295,0.10458311939239502
86,0.08269292545318603,0.09572895193099976
87,0.08343351964950561,0.08299916267395019
88,0.08100063638687134,0.12131727981567383
89,0.08285706071853638,0.08616975688934327
90,0.08188967018127441,0.13084161806106567
91,0.08160959539413452,0.2868306512832642
92,0.08762285108566284,0.10062168407440185
93,0.07817626743316651,0.09210535335540772
94,0.08122856979370117,0.08336291170120239
95,0.0799691909790039,0.1445131974220276
96,0.08280321311950684,0.10006675338745118
97,0.0777414023399353,0.10318040418624878
98,0.08090698375701905,0.0849556679725647
99,0.07750681695938111,0.09666517829895019
100,0.07851312227249145,0.08181105327606202
101,0.07766400680541992,0.1112357954978943
102,0.07839390316009522,0.07799168968200684
103,0.07509687595367431,0.08177486324310303
104,0.07993827743530274,0.08554258632659913
105,0.07648013534545899,0.08184437274932861
106,0.07442376785278321,0.10146603870391846
107,0.07514513425827027,0.08058530473709107
108,0.0756214994430542,0.09236414098739625
109,0.07367230777740479,0.08094321727752686
110,0.07481938409805299,0.09607253885269165
111,0.07429329290390015,0.08509208393096925
112,0.07395652723312378,0.0823785572052002
113,0.07478984756469727,0.08872342538833618
114,0.07384774160385132,0.08220873022079468
115,0.07240668144226074,0.1041039228439331
116,0.07202986516952514,0.08530283355712891
117,0.07428922958374023,0.1689933123588562
118,0.07364032506942748,0.0868581199645996
