epoch,loss,val_loss
0,0.8895986534118653,0.8633771996498107
1,0.8134128177642822,0.8081594285964966
2,0.795522841835022,0.7935053243637085
3,0.7903189267158508,0.7957368888854981
4,0.7831745396614075,0.7964794354438782
5,0.7834809805870057,0.7866229481697082
6,0.7802663346290588,0.791870346546173
7,0.7798615628242492,0.8374885115623474
8,0.7795768109321595,0.7896129989624023
9,0.7764812751770019,0.7956335501670837
10,0.7754417847633361,0.7977934970855712
11,0.7767362529754639,0.8004389753341675
12,0.7770132192611694,0.7832734565734863
13,0.775612095451355,0.8183744778633117
14,0.7744785177230835,0.7912836894989014
15,0.7751699184417724,0.7808510866165161
16,0.7739069630622863,0.7991440410614014
17,0.7739711358070374,0.7885064644813538
18,0.7727063488960266,0.7803961791992188
19,0.773037128162384,0.7804823112487793
20,0.7733840940475464,0.7817008991241455
21,0.7720510076522827,0.7802568726539612
22,0.7719076257705688,0.7876650114059448
23,0.7714953556060791,0.7798988833427429
24,0.7725922231674194,0.8166769695281982
25,0.772668878364563,0.7861897659301758
26,0.7719638765335083,0.7915698175430298
27,0.7711299116134643,0.7927678818702698
28,0.772422473526001,0.7799341669082641
29,0.7708538246154785,0.7842913599014282
30,0.7711148286819458,0.7981808929443359
31,0.7709055418014527,0.7783677115440368
32,0.7699695595741272,0.7841765251159668
33,0.7709013287544251,0.7797500400543212
34,0.7700726675033569,0.784908136844635
35,0.7713905624389649,0.7939082660675049
36,0.7702487199783326,0.7779672832489014
37,0.7695686511039734,0.7782278413772583
38,0.7694656554222107,0.7911970806121826
39,0.77033029794693,0.7922020578384399
40,0.7699222814559936,0.7929454617500306
41,0.7695227415084839,0.8283655710220337
42,0.7703639307022094,0.7897924885749817
43,0.7693627338409423,0.7794016537666321
44,0.7694495530128479,0.7769254012107849
45,0.7692923630714417,0.779599139213562
46,0.7686823856353759,0.7775722932815552
47,0.768871727848053,0.7784425458908081
48,0.7687879068374633,0.7869030017852783
49,0.7693380771636963,0.791524920463562
50,0.7678454061508179,0.7776577663421631
51,0.7689487788200379,0.7971117296218873
52,0.7685097477912903,0.7819244589805603
53,0.7671905244827271,0.7961316127777099
54,0.7685051106452941,0.7803843159675599
