epoch,loss,val_loss
0,0.5925807090759277,0.2971162700653076
1,0.23881923637390137,0.18615647029876708
2,0.1447944212913513,0.24611098003387452
3,0.11417997655868531,0.06543763256072999
4,0.09295918531417846,0.14286819171905518
5,0.08165485820770264,0.044076486587524416
6,0.07171402530670166,0.04878517532348633
7,0.0649336630821228,0.04360724925994873
8,0.05949503803253174,0.03265787935256958
9,0.05154743070602417,0.039143887042999266
10,0.04752498931884765,0.07595424318313598
11,0.04785180940628052,0.12798022174835205
12,0.042979938983917235,0.3138167624473572
13,0.045464456367492675,0.022072464942932128
14,0.039682200622558596,0.021565884113311767
15,0.035798348331451416,0.02240580368041992
16,0.03541240797042847,0.1435937695503235
17,0.03440558595657349,0.02724174928665161
18,0.03183976621627808,0.08908945178985596
19,0.03308696880340576,0.039110270500183106
20,0.031122498321533205,0.01808715581893921
21,0.029157348728179933,0.023174955368041993
22,0.03030872325897217,0.02096219730377197
23,0.026330748748779297,0.02430644464492798
24,0.027782888507843016,0.02158577299118042
25,0.025168143463134767,0.01971134328842163
26,0.026527033042907714,0.016648147106170654
27,0.026918856239318847,0.01463254976272583
28,0.02224434289932251,0.021126535415649413
29,0.024127195739746095,0.03508159017562866
30,0.02381495189666748,0.0239269700050354
31,0.023996415424346922,0.014149763584136964
32,0.020940102100372313,0.031907068729400634
33,0.0210449875831604,0.034279324531555175
34,0.024065867519378663,0.09565486669540406
35,0.02187449951171875,0.013996274471282958
36,0.02078500165939331,0.013669910430908204
37,0.019193391799926757,0.014242117404937743
38,0.018365056800842286,0.030686241626739504
39,0.01905992126464844,0.035592779636383055
40,0.020059461212158205,0.011509206295013428
41,0.016031820392608642,0.013565500259399415
42,0.016820908641815187,0.0852003779411316
43,0.0166673978805542,0.009978368759155273
44,0.016696666622161866,0.10616153669357299
45,0.01609444646835327,0.0166989688873291
46,0.015982022285461427,0.01477071714401245
47,0.012878879261016846,0.009762205123901368
48,0.015776191902160643,0.013894833087921143
49,0.014682995700836182,0.0255810604095459
50,0.013254516983032226,0.008359146595001221
51,0.012431873321533202,0.010336289405822754
52,0.015426849174499511,0.01634197664260864
53,0.011916550827026367,0.015525447368621827
54,0.012781367588043213,0.008993774890899657
55,0.01327407341003418,0.008220416069030761
56,0.01255473346710205,0.016843056201934815
57,0.011739706039428711,0.012752602100372315
58,0.011938489627838134,0.007265211582183838
59,0.012141648101806641,0.011163313865661622
60,0.011707594203948974,0.026315436840057372
61,0.01048067855834961,0.007669442176818848
62,0.011264221000671386,0.006886874675750733
63,0.009553095531463622,0.00750267744064331
64,0.010105091381072998,0.006438372611999511
65,0.011683717918395996,0.008188405990600585
66,0.011665464973449707,0.00849692726135254
67,0.008300485038757324,0.008094513893127441
68,0.010230457019805909,0.007271642684936523
69,0.010336132526397705,0.007145023822784423
70,0.008557299327850341,0.00897903537750244
71,0.007461850261688233,0.0068298721313476566
72,0.011412051010131836,0.005684061527252197
73,0.00910190076828003,0.005753712177276611
74,0.007983511352539063,0.023568914890289307
75,0.009396101093292236,0.01104703664779663
76,0.00786365327835083,0.0063644471168518065
77,0.007502888298034668,0.008839870929718018
78,0.007060322952270508,0.006849413871765137
79,0.00583759593963623,0.007370356559753418
80,0.00871626377105713,0.006583076953887939
