epoch,loss,val_loss
0,0.6509910367965698,0.4447124900817871
1,0.37425222148895265,0.2630952425003052
2,0.2366619767189026,0.22709740209579468
3,0.18973110237121582,0.15945490980148316
4,0.1649739996910095,0.12534225177764893
5,0.15273508338928224,0.10183281373977661
6,0.14454180936813354,0.1399027943611145
7,0.13102893896102905,0.19263043260574342
8,0.12743601551055908,0.1283966326713562
9,0.12425571813583373,0.0932621021270752
10,0.11529188385009766,0.08979492568969727
11,0.11375149583816528,0.21285418844223022
12,0.10514263458251953,0.10741439008712769
13,0.10523273448944091,0.07901596021652221
14,0.0968277834892273,0.08929688262939453
15,0.09922265615463256,0.0859637393951416
16,0.0959782091140747,0.10240540981292724
17,0.0936024624824524,0.07443793153762818
18,0.08947751369476319,0.07791221046447754
19,0.08726142539978027,0.11393485260009766
20,0.08723692865371704,0.07696108055114746
21,0.0843188292503357,0.07071064949035645
22,0.08500568180084228,0.0784553017616272
23,0.0852783800125122,0.09461841201782227
24,0.08144059314727783,0.07672721433639526
25,0.08122663669586182,0.07527507543563842
26,0.08001325826644898,0.07361772012710571
27,0.07834621677398682,0.11130178451538086
28,0.07673668584823608,0.11899054527282715
29,0.07618661708831787,0.06876260375976563
30,0.07743461303710937,0.09919075107574463
31,0.07499242515563964,0.07546946001052857
32,0.07333457498550415,0.0688222336769104
33,0.07176889896392823,0.06761229991912841
34,0.0724861891746521,0.08744242811203003
35,0.0720667064666748,0.07007057905197143
36,0.07434772176742553,0.06279649686813354
37,0.06957281103134155,0.06888742256164551
38,0.06970813283920288,0.06786006879806518
39,0.06821311197280884,0.06891049242019653
40,0.07058946170806885,0.06619648170471192
41,0.06766796779632568,0.06190723943710327
42,0.06821602592468262,0.09995488500595093
43,0.06721807737350464,0.06060344743728638
44,0.06785338459014893,0.06605982828140258
45,0.0675712700843811,0.09122887897491455
46,0.0672038275718689,0.0626263747215271
47,0.06841236782073974,0.06408672285079955
48,0.06737055673599243,0.08150792121887207
49,0.06568157005310059,0.07865600061416626
50,0.0654267071723938,0.20125116539001464
51,0.06684671030044556,0.06335061645507813
52,0.0645466121673584,0.0666779637336731
53,0.0635640630722046,0.07270731449127198
