epoch,loss,val_loss
0,0.5507142614364624,0.3588570685386658
1,0.3756029250144958,0.3527587537765503
2,0.3075804847717285,0.25774000215530396
3,0.27774933881759645,0.23828388357162475
4,0.2600101273536682,0.23017026329040527
5,0.24186029624938965,0.19684262132644653
6,0.2353790184020996,0.23551197481155395
7,0.23084719934463502,0.20027642440795898
8,0.21339754781723022,0.2439595627784729
9,0.21559839248657225,0.2890802297592163
10,0.20498015098571779,0.21677733612060546
11,0.201111478805542,0.17057709789276124
12,0.19943048486709594,0.16390992736816407
13,0.1986958004951477,0.20465058612823486
14,0.18723382997512816,0.14792430830001832
15,0.1795913332939148,0.15555234479904176
16,0.1732471577644348,0.2054182744026184
17,0.17312287788391112,0.1886266140937805
18,0.16530182065963744,0.19493891859054566
19,0.17250800609588623,0.1406474599838257
20,0.1577127854347229,0.23272653484344483
21,0.1635682993888855,0.2446435809135437
22,0.1526410912513733,0.2045819182395935
23,0.15308307571411134,0.19739110326766968
24,0.14837378015518188,0.12102961015701294
25,0.14648657150268554,0.1266609869003296
26,0.1465225374221802,0.4052730679512024
27,0.14491555070877074,0.12289122581481933
28,0.13930905694961548,0.13471793174743651
29,0.1397931227684021,0.1348839626312256
30,0.13802236700057982,0.15255465793609618
31,0.13337644720077516,0.1064232873916626
32,0.13194416761398314,0.14121229457855225
33,0.13092154693603517,0.14941636514663698
34,0.1322741328239441,0.13088995790481567
35,0.12486603059768676,0.12007368755340576
36,0.12538285427093507,0.10960288190841674
37,0.12128833274841308,0.1740372018814087
38,0.12039466123580933,0.12422646570205688
39,0.12469537467956543,0.10480945873260498
40,0.12154377489089965,0.1138289532661438
41,0.11847307710647582,0.16359145259857177
42,0.1132356704711914,0.15762968921661377
43,0.11576791162490845,0.1787506070137024
44,0.11566997213363647,0.12555367612838744
45,0.11391374826431275,0.13814990711212158
46,0.10966051988601684,0.3661541271209717
47,0.11543138446807862,0.11607874298095704
48,0.10737812356948853,0.24080474996566772
49,0.10947086496353149,0.09947696638107299
50,0.10703241577148437,0.1201336030960083
51,0.10625417594909668,0.1162753586769104
52,0.105472603225708,0.248539146900177
53,0.10866820631027221,0.11790909051895142
54,0.10153256721496583,0.10912132787704468
55,0.1023529559135437,0.12334598922729492
56,0.10068707847595215,0.1034850263595581
57,0.10258783292770386,0.10456069803237915
58,0.10098592472076416,0.17080371522903443
59,0.09921347208023071,0.09231654262542724
60,0.09996096696853637,0.1245656795501709
61,0.09994395122528076,0.20605521821975709
62,0.09907909688949584,0.11829687213897705
63,0.09747563037872314,0.11780271244049072
64,0.09643475904464721,0.09304211521148682
65,0.09810210990905761,0.145641752243042
66,0.09691515350341796,0.17957788467407226
67,0.09405147314071655,0.11957899379730225
68,0.09680545883178711,0.10595693397521973
69,0.09148293504714966,0.09098107194900512
70,0.09401307592391968,0.09838319683074952
71,0.09031367921829224,0.10084482431411743
72,0.09240169057846069,0.0909633264541626
73,0.09048222131729126,0.10554847431182861
74,0.09193808183670044,0.08847195720672607
75,0.09072644309997559,0.09070831680297851
76,0.08956465406417846,0.09788651609420776
77,0.08825412998199463,0.08659935140609741
78,0.08989711532592773,0.10557107353210449
79,0.08728255319595336,0.09648956394195557
80,0.08769592294692993,0.08937103271484376
81,0.0861208345413208,0.13054641962051391
82,0.08651600275039673,0.12365739727020264
83,0.08818079786300659,0.08556464052200317
84,0.08766740999221802,0.08912998533248902
85,0.0840436406135559,0.1048802375793457
86,0.08393073902130127,0.09080719232559203
87,0.08202276554107667,0.1663884344100952
88,0.08477735538482666,0.0928589859008789
89,0.0824445795059204,0.13228644466400147
90,0.08385787553787231,0.08839094972610474
91,0.08090737257003784,0.12237375354766845
92,0.08340814895629883,0.09364379215240479
93,0.08283187465667724,0.11589670753479003
94,0.08208390274047851,0.09612514925003052
95,0.08083977670669555,0.11382177352905273
96,0.08078625707626343,0.09089539480209351
97,0.07808603267669678,0.10918931674957276
98,0.07925719203948975,0.09393402767181397
99,0.08029857530593872,0.1618137664794922
100,0.07873330574035645,0.1019235463142395
101,0.07913336572647095,0.08062500762939454
102,0.0778129755973816,0.095865891456604
103,0.07901974592208862,0.09351544523239136
104,0.07757431735992432,0.11762392520904541
105,0.07837607173919678,0.10412941455841064
106,0.07544805936813355,0.10744408559799194
107,0.07779200134277343,0.09447320985794068
108,0.07611917171478272,0.08491804122924805
109,0.07510481052398682,0.08444315481185913
110,0.07573655128479004,0.094270263671875
111,0.07580186262130738,0.13234141540527344
112,0.07437388010025024,0.1117351861000061
113,0.07607451162338257,0.08949195623397826
114,0.07431276626586913,0.11546425342559814
115,0.0765864345550537,0.08793347454071045
116,0.07306374254226684,0.0939442162513733
117,0.0736331690788269,0.09163439416885376
118,0.07186196184158325,0.08741484117507935
119,0.07262464485168457,0.08788369226455689
120,0.07207263698577882,0.17139301919937133
121,0.07548035907745361,0.08382298946380615
