epoch,loss,val_loss
0,0.6439476188659667,0.36043875074386594
1,0.3821922739982605,0.3226154747009277
2,0.24900075187683104,0.18192645931243898
3,0.20956059474945068,0.31082633209228516
4,0.18727358264923097,0.19730050420761108
5,0.17222989826202392,0.46765052604675295
6,0.16283788290023804,0.20070741510391235
7,0.15872069673538208,0.19073600053787232
8,0.147306130695343,0.11292977762222291
9,0.1429762285232544,0.2186398639678955
10,0.13906755599975587,0.12050235033035278
11,0.13270262928009033,0.10475548028945923
12,0.12952770318984985,0.12131988430023194
13,0.12319470329284668,0.10300381803512573
14,0.12109199018478393,0.2027899498939514
15,0.12260448999404908,0.08847517728805541
16,0.11397726850509643,0.0921536865234375
17,0.11274211978912353,0.09109633302688598
18,0.10777514686584473,0.11217336559295654
19,0.10682552471160889,0.10080812454223632
20,0.10122282829284668,0.15370218229293822
21,0.1037168683052063,0.09998253870010376
22,0.09991273698806763,0.09660439157485962
23,0.09888726739883423,0.08752284908294677
24,0.09398067216873168,0.08514722108840943
25,0.09796093893051147,0.08358408832550049
26,0.09223336963653564,0.14561355209350585
27,0.09081107378005981,0.08013159036636353
28,0.08748178462982177,0.0836165361404419
29,0.09084899587631226,0.08197008800506592
30,0.0932802303314209,0.11969358539581298
31,0.08716895236968994,0.1339527416229248
32,0.08284437074661255,0.10511872625350951
33,0.08719952402114868,0.06709120464324951
34,0.0853607756614685,0.1029335069656372
35,0.08611160373687744,0.15461399126052858
36,0.08567352466583252,0.13884286403656007
37,0.08119448766708375,0.06455452871322633
38,0.08086383905410767,0.06332777976989747
39,0.0785422287940979,0.06420216131210327
40,0.07899722242355346,0.09291651344299316
41,0.07785068283081055,0.11820985841751099
42,0.07739544334411622,0.06975028705596924
43,0.0765854920387268,0.09132550287246705
44,0.08113265390396118,0.1361283664703369
45,0.07522372474670411,0.06799827861785888
46,0.07316242847442626,0.1348590474128723
47,0.07719189023971558,0.27921869468688965
48,0.07823436346054077,0.08542425441741944
49,0.07489004440307617,0.07656541585922241
50,0.07399681978225708,0.0647995171546936
51,0.0722944580078125,0.062029371738433835
52,0.07163721151351929,0.06641678857803344
53,0.0714240571975708,0.061245320320129394
54,0.07033710899353027,0.108258047580719
55,0.0705841859817505,0.0661833348274231
56,0.07106760530471802,0.07348188972473145
57,0.07124907865524292,0.0636213779449463
58,0.06825088634490967,0.15068416690826417
59,0.0694159291267395,0.08565355253219605
60,0.0679124490737915,0.10262983560562133
61,0.06729866104125977,0.19000519275665284
62,0.06893706331253052,0.10747028398513794
63,0.06636392660140991,0.0676469988822937
64,0.06792165365219116,0.07158613729476929
65,0.0661083324432373,0.06031793737411499
66,0.06748778162002564,0.05652133846282959
67,0.0664146713256836,0.09241645574569703
68,0.06739455890655517,0.05974483728408814
69,0.0648313702583313,0.06145353555679321
70,0.06590703401565552,0.06395951080322265
71,0.06482735834121704,0.0650126919746399
72,0.06526353101730346,0.06637216424942016
73,0.06529185085296631,0.12361988782882691
74,0.0667503701210022,0.05934368324279785
75,0.06442219619750976,0.09276432704925537
76,0.0660158950805664,0.06957099914550781
77,0.06209384078979492,0.07654808950424194
78,0.06444952993392944,0.05867965602874756
79,0.06236022968292236,0.06634539079666138
80,0.062258763313293455,0.06168097400665283
81,0.061445400333404544,0.05798710203170777
82,0.06175807209014893,0.05723925399780273
