epoch,loss,val_loss
0,0.5547743245124817,0.2582879409790039
1,0.20050950222015382,0.13218332147598266
2,0.11299300327301025,0.06138300991058349
3,0.08375933341979981,0.07885385656356811
4,0.07431168432235717,0.05861947250366211
5,0.06396860799789429,0.040808436393737796
6,0.059586250114440915,0.04200042009353638
7,0.052653257751464844,0.03408036422729492
8,0.04981848669052124,0.04155602407455444
9,0.047680826473236085,0.03185851335525513
10,0.04619451665878296,0.04201218414306641
11,0.04086286153793335,0.03629749774932861
12,0.04201914930343628,0.1437906436920166
13,0.037564312839508056,0.025961557388305665
14,0.03527991275787354,0.03929255247116089
15,0.03481641578674317,0.02461019229888916
16,0.033703341007232664,0.047468829154968264
17,0.029755687713623045,0.027123723030090332
18,0.03260418615341187,0.035600657939910886
19,0.02917600612640381,0.023728322982788087
20,0.02905553970336914,0.01955010509490967
21,0.026357854175567626,0.025308059215545655
22,0.023459959030151366,0.018198349475860597
23,0.025691673755645753,0.034801732063293456
24,0.025818470287323,0.03820950746536255
25,0.024131384563446046,0.14161049604415893
26,0.027663925075531007,0.04210190725326538
27,0.02433778715133667,0.02004667615890503
28,0.023623661994934084,0.015604219436645507
29,0.02291830463409424,0.05479209995269775
30,0.02274743318557739,0.036258917808532715
31,0.020954040336608887,0.014009101867675781
32,0.019724241828918458,0.014664740085601806
33,0.02015589933395386,0.016814734458923338
34,0.021326739501953126,0.021974786281585692
35,0.01914527473449707,0.017281234741210936
36,0.018929294776916503,0.06904798412322997
37,0.018279270458221437,0.012490527153015137
38,0.019645941543579102,0.02258909845352173
39,0.018039490222930908,0.012617910385131836
40,0.016603163528442384,0.02891131067276001
41,0.01737176704406738,0.014576673030853271
42,0.016894907093048094,0.030253045558929444
43,0.01903056812286377,0.1856670298576355
44,0.021062155437469483,0.012528926849365234
45,0.014269440174102784,0.04091087007522583
46,0.016094354820251466,0.015915117740631105
47,0.015961865615844728,0.01306804895401001
48,0.014589937019348145,0.01332187271118164
49,0.014198642826080323,0.038531205654144286
50,0.016159337997436525,0.010358325958251953
51,0.013161593627929688,0.010985682010650635
52,0.013450144004821777,0.009977008819580078
53,0.01546982774734497,0.021738815784454347
54,0.014397463703155517,0.019260205268859864
55,0.015465523719787598,0.010619173049926758
56,0.012012862014770509,0.013408687114715576
57,0.01319493350982666,0.013844127655029298
58,0.012338400650024414,0.011509931087493897
59,0.012972519302368164,0.015430685520172118
60,0.01426046199798584,0.009213424682617188
61,0.012901737117767334,0.008657767295837402
62,0.011281518745422364,0.009146914958953858
63,0.013254040813446045,0.027283679485321045
64,0.01069129819869995,0.009000750541687011
65,0.013540852546691894,0.0123207368850708
66,0.011231455898284911,0.007917705535888673
67,0.00999535903930664,0.012267232894897461
68,0.012281243419647217,0.00961290168762207
69,0.011143232154846191,0.011213800430297852
70,0.010844631385803223,0.009113360404968261
71,0.012396637630462646,0.01010756492614746
72,0.011268957424163818,0.009926634311676025
73,0.009382740116119385,0.008294389724731446
74,0.009861017036437988,0.009566747188568115
75,0.01178803071975708,0.008572903156280518
76,0.008681460666656494,0.007088850498199463
77,0.010445463752746582,0.013070920944213867
78,0.009932184410095215,0.00997782039642334
79,0.008790649127960204,0.006627206802368164
80,0.009158367156982422,0.009296312808990478
81,0.00916325511932373,0.0064864501953125
82,0.008834512710571289,0.007184321403503418
83,0.009094936847686768,0.010876790523529052
84,0.0071409875869750975,0.03347919082641602
85,0.010424169158935548,0.008020051002502441
86,0.00995444278717041,0.006879439830780029
87,0.009157569599151611,0.0096339111328125
88,0.0081590500831604,0.028552838325500488
89,0.008484767627716064,0.03246640014648437
90,0.008165368556976318,0.007277634143829346
91,0.00922631664276123,0.006924736976623535
92,0.00918129587173462,0.006027880191802978
93,0.0072638008117675784,0.005902415275573731
94,0.006676980304718017,0.013151381015777588
95,0.008441463851928711,0.009396528720855713
96,0.007797286987304687,0.005608632564544678
97,0.007870765209197998,0.006071702480316162
98,0.006651229286193848,0.005710050106048584
99,0.007047785377502442,0.006841503143310547
100,0.007390620613098145,0.006191514015197754
101,0.006562290287017822,0.01089260959625244
102,0.007226907920837402,0.008303514003753662
103,0.005700209808349609,0.006012066841125489
104,0.007155606079101562,0.007110725402832032
105,0.008940676307678223,0.006515477657318115
106,0.007073007202148438,0.010046985626220703
107,0.006624660205841065,0.004667708396911621
108,0.00592125244140625,0.009617066383361817
109,0.006503079414367676,0.004716881275177002
110,0.006941328048706055,0.005403162479400635
111,0.007390003681182861,0.005799454689025879
112,0.006265175437927246,0.016442824363708496
113,0.006446496295928955,0.004896953105926514
114,0.007158201789855957,0.004851436138153076
115,0.005090128231048584,0.006819804191589355
116,0.005477581119537354,0.013506583213806152
117,0.006056186771392822,0.005422473907470703
118,0.0055649412155151365,0.005049706935882569
119,0.006013243198394775,0.010285846710205078
120,0.004866783142089844,0.005998703479766845
121,0.005413658046722412,0.004240797996520996
122,0.006238003921508789,0.00778547191619873
123,0.006061643886566162,0.005984288215637207
124,0.00577744312286377,0.00452716064453125
125,0.005748434352874756,0.004295360565185547
126,0.00487950382232666,0.005850887298583985
127,0.005578580570220947,0.005422555446624756
128,0.006691444778442383,0.0070511364936828615
129,0.004999735069274903,0.0038095169067382815
130,0.004891515731811524,0.004023355007171631
131,0.004882398891448975,0.009426828384399413
132,0.005737221336364746,0.0038341712951660157
133,0.005164358139038086,0.004678112030029297
134,0.00526740779876709,0.00430409574508667
135,0.004341744327545166,0.0036579084396362303
136,0.0037764997482299806,0.0038002305030822754
137,0.0046827547073364255,0.004293216705322266
138,0.003451874351501465,0.006781790256500244
139,0.006238483524322509,0.00940120553970337
140,0.00420056037902832,0.06463865756988525
141,0.005897618865966797,0.0035450401306152345
142,0.0044429925918579105,0.16860812187194824
143,0.009838547992706299,0.005233867645263672
144,0.0037386809349060058,0.0036732501983642576
145,0.0036718947410583494,0.0034686431884765625
146,0.00398122673034668,0.003958613395690918
147,0.003565421390533447,0.005298144817352295
148,0.004689850521087647,0.004286077976226807
149,0.00451671552658081,0.004232107162475586
150,0.0030542912483215333,0.003766777515411377
151,0.005330598926544189,0.006383726119995117
152,0.0033733036994934083,0.005718983650207519
153,0.0036759655952453615,0.006171641826629638
154,0.005582312107086182,0.003559642791748047
155,0.0032784184455871583,0.003396805763244629
156,0.003614286708831787,0.004483655929565429
157,0.003981453800201416,0.004425714015960694
158,0.003612892150878906,0.0033399214744567873
159,0.003427187728881836,0.006047021389007568
160,0.00417970495223999,0.0036018919944763184
161,0.0037412194252014162,0.04844413328170776
162,0.004834400367736817,0.003569983959197998
163,0.004463206100463867,0.003428970813751221
164,0.0028414026260375974,0.01470708990097046
165,0.005890477657318116,0.009447004318237305
166,0.0029066638946533205,0.0035350270271301268
167,0.003112427043914795,0.003975889682769775
168,0.0045446443557739255,0.002998791217803955
169,0.003762279796600342,0.0059468460083007815
170,0.0034792736053466796,0.003381732940673828
171,0.0031334238052368162,0.0035247344970703127
172,0.0035073129653930665,0.0029079275131225586
173,0.004122123336791992,0.006218709468841553
174,0.0036721351623535156,0.003043981075286865
175,0.0036497140884399412,0.0036515946388244627
176,0.003649080181121826,0.0039045729637145997
177,0.003988453578948975,0.005999626159667969
178,0.0031445232391357422,0.002915781021118164
179,0.0028037187576293947,0.011494953155517578
180,0.004130589580535889,0.004183411121368408
181,0.0034043190002441405,0.0028446626663208006
182,0.003135187530517578,0.004779242038726807
183,0.0030018403053283693,0.004594587326049805
184,0.0049282313346862795,0.006177627563476563
185,0.00302198486328125,0.003346944808959961
186,0.00283104887008667,0.0030081143379211426
187,0.003302647113800049,0.0036627187728881837
188,0.002570377826690674,0.0040504889488220215
189,0.003252629470825195,0.0033434066772460936
190,0.0030195816040039063,0.003977696895599365
191,0.00408782205581665,0.0026946706771850586
192,0.002549405288696289,0.05710463571548462
193,0.004788196277618408,0.002680737018585205
194,0.0025147356986999513,0.00287334680557251
195,0.0028926063537597657,0.002649970054626465
196,0.0033757452964782715,0.0030318613052368166
197,0.004071567153930664,0.0032108359336853027
198,0.002869260597229004,0.011399386405944824
199,0.0031608841896057127,0.003071385860443115
200,0.0022424818992614745,0.0025705337524414063
201,0.0022507019996643065,0.002736340045928955
202,0.0020828432083129884,0.00292299222946167
203,0.003932182693481445,0.0026636157035827635
204,0.002864009380340576,0.002579803943634033
205,0.0024313645362854003,0.010695871829986572
206,0.0031338043212890626,0.004202511310577393
207,0.0028932256698608397,0.007493226051330566
208,0.0027281888008117675,0.0036341600418090822
209,0.003342880344390869,0.002570589542388916
210,0.0025047582626342773,0.0025302162170410154
211,0.003332269382476807,0.0026482901573181153
212,0.0030103346824645995,0.0032742185592651366
213,0.0029034307479858397,0.003946033000946045
214,0.0029789021492004396,0.003804705619812012
215,0.003345681095123291,0.002753560543060303
216,0.002580573844909668,0.014095572471618653
217,0.0032893671989440917,0.0032133426666259767
218,0.002132950210571289,0.0027996129989624023
219,0.0024527012825012206,0.004802487850189209
220,0.003115232467651367,0.00994540786743164
221,0.002743970775604248,0.0025547246932983397
222,0.0019397926330566406,0.004517104148864746
223,0.0036774980545043945,0.003342681884765625
224,0.002194686794281006,0.0024025964736938475
225,0.003037706184387207,0.008290730476379394
226,0.0031656164169311524,0.002477426528930664
227,0.00186231689453125,0.0030943059921264646
228,0.0023826144218444824,0.0030688891410827635
229,0.0034291616439819338,0.002323158264160156
230,0.0028138916015625,0.00283060359954834
231,0.002808577060699463,0.002438661098480225
232,0.0017224762916564942,0.0027713584899902344
233,0.003068577289581299,0.003077038288116455
234,0.0024932819366455077,0.002591120719909668
235,0.0022731517791748047,0.002395205020904541
236,0.003258522129058838,0.002379951000213623
237,0.002301205539703369,0.0022805418968200684
238,0.0024563773155212403,0.0030148224830627442
239,0.0030270928382873535,0.005713584423065185
240,0.003247447109222412,0.003620500087738037
241,0.0032329751014709474,0.0031553473472595217
242,0.0017730389595031737,0.002624180316925049
243,0.0018502039909362793,0.0022469811439514162
244,0.002117448139190674,0.0022663493156433105
245,0.001937116527557373,0.002242361068725586
246,0.0024985346794128417,0.0024460692405700686
247,0.00169728364944458,0.0024631338119506835
248,0.0022310437202453614,0.002891255855560303
249,0.002551005458831787,0.00696337080001831
250,0.0025537755012512205,0.002305759906768799
251,0.0018314187049865722,0.002605795383453369
252,0.0017597709655761719,0.009233292579650878
253,0.0032748470306396484,0.0024771299362182616
254,0.0027359384536743163,0.002381494045257568
255,0.001550416660308838,0.002340146541595459
256,0.0032316699981689454,0.003301295280456543
257,0.0018142668724060059,0.0021713557243347166
258,0.0020944537162780764,0.002542724132537842
259,0.0017870136260986328,0.0023959541320800783
260,0.0028542020797729492,0.008235167026519776
261,0.0019648152351379395,0.002371941566467285
262,0.0017745369911193849,0.0056292061805725095
263,0.002552349281311035,0.0024007773399353028
264,0.001774757957458496,0.0028711957931518554
265,0.0016538700103759765,0.003605741500854492
266,0.003798240280151367,0.00221956205368042
267,0.0022178010940551757,0.015212037086486817
268,0.002266334342956543,0.0022362122535705565
269,0.0030566347122192384,0.0021003413200378416
270,0.002692245006561279,0.0025892515182495118
271,0.0015081636428833007,0.0021536831855773924
272,0.001549379825592041,0.00212666654586792
273,0.0020964495658874513,0.002115689754486084
274,0.0029810330390930176,0.0021110849380493162
275,0.0019642047882080078,0.0024418354034423826
276,0.003039467144012451,0.002074017524719238
277,0.0021013065338134768,0.00202657413482666
278,0.001677217674255371,0.0027163310050964356
279,0.001454475975036621,0.0024577226638793945
280,0.0019190046310424804,0.0020291862487792967
281,0.001675497055053711,0.006339582920074463
282,0.0027258663177490232,0.002058389186859131
283,0.0018536355972290038,0.002092257022857666
284,0.001442559051513672,0.003012220859527588
285,0.00266961145401001,0.0020845727920532227
286,0.0014176408767700196,0.0020350351333618165
287,0.0020723177909851074,0.0022901172637939454
288,0.0021889938354492187,0.01876828479766846
289,0.0017181201934814453,0.002684695243835449
290,0.0014904056549072265,0.0021417131423950193
291,0.0021610014915466307,0.0031046385765075685
292,0.0026510412216186525,0.006192482471466064
293,0.001553338623046875,0.0038730001449584963
294,0.0019141755104064941,0.0019805316925048826
295,0.003144759750366211,0.002609447479248047
296,0.0016283141136169434,0.0033525948524475097
297,0.003178020191192627,0.0022313995361328124
298,0.001556064224243164,0.0025540127754211427
299,0.0015258265495300292,0.0023183140754699707
300,0.0015329015731811524,0.002754748821258545
301,0.0018336420059204101,0.002157724380493164
302,0.001442388153076172,0.002718217849731445
303,0.002527919578552246,0.00195798921585083
304,0.0013925528526306152,0.002004112720489502
305,0.0014811099052429199,0.002029581069946289
306,0.002211527347564697,0.0020432939529418945
307,0.0018063334465026855,0.0020269989967346192
308,0.001887101936340332,0.002083500385284424
309,0.001943004035949707,0.0021962790489196775
310,0.0015409732818603516,0.002283769130706787
311,0.0015245131492614746,0.006784030914306641
312,0.001590134906768799,0.0019857001304626463
313,0.0017115951538085937,0.006311105728149414
314,0.0020133437156677246,0.002133969783782959
315,0.0013006277084350586,0.0027059340476989747
316,0.002546827697753906,0.002121330738067627
317,0.0014489813804626464,0.002854321002960205
318,0.0028138723373413088,0.0021771821975708006
319,0.001269099235534668,0.0024913363456726075
320,0.0013732958793640138,0.003314210891723633
321,0.0019166571617126465,0.0018775758743286132
322,0.0012490902900695801,0.0025434713363647462
323,0.0017725464820861816,0.0028035168647766113
324,0.0028988053321838377,0.02756007719039917
325,0.0023054025650024413,0.0020518550872802733
326,0.001337725830078125,0.0019057474136352538
327,0.0014444002151489258,0.005344564914703369
328,0.001503934669494629,0.004624358177185059
329,0.0028978004455566405,0.0026140313148498534
330,0.0014724059104919433,0.0021935863494873045
331,0.0015436057090759277,0.005363809108734131
332,0.0021456521034240723,0.004061115741729736
333,0.0013413324356079102,0.0019000582695007323
334,0.0022762965202331544,0.0018245649337768554
335,0.0017590736389160157,0.001923518180847168
336,0.0016316078186035157,0.002055025577545166
337,0.0012997312545776367,0.0018372063636779784
338,0.0012420888900756836,0.004231241226196289
339,0.0020400495529174804,0.002510781764984131
340,0.0014926414489746093,0.008892402648925782
341,0.0014782266616821288,0.0021220664978027345
342,0.0013201162338256835,0.0018941006660461426
343,0.0011356385231018067,0.0019038968086242676
344,0.0015051244735717773,0.0017771134376525879
345,0.0013848365783691405,0.0018276562690734864
346,0.001444511890411377,0.00305834436416626
347,0.002015357971191406,0.0032006282806396483
348,0.0012828241348266602,0.0018263387680053712
349,0.0012370302200317383,0.0019034318923950196
350,0.0015307085990905762,0.015551316738128661
351,0.002058284854888916,0.0019056625366210937
352,0.001334110927581787,0.0025596113204956056
353,0.0019191102027893067,0.0018009347915649413
354,0.0013100170135498046,0.0018407144546508788
355,0.0012817241668701173,0.0019122848510742187
356,0.0032880617141723633,0.0017731127738952637
357,0.0014959348678588867,0.0018113698959350585
358,0.0013402174949645996,0.0025016927719116212
359,0.001201508617401123,0.002817833423614502
360,0.003261283588409424,0.004875114917755127
361,0.001550788688659668,0.0018006935119628906
362,0.002007077789306641,0.0021603007316589357
363,0.001119283676147461,0.0018415422439575196
364,0.0016090060234069824,0.00186837100982666
365,0.0012698596000671387,0.0018022518157958984
366,0.0025619954109191894,0.0026398043632507324
367,0.0018140775680541993,0.0017343401908874513
368,0.0011242714881896973,0.0027073807716369628
369,0.0016381441116333007,0.003085531711578369
370,0.0021543935775756836,0.0017748017311096191
371,0.0011294909477233886,0.0017705907821655273
372,0.0016949529647827149,0.001792990207672119
373,0.0011594911575317382,0.002249450206756592
374,0.0015509778022766113,0.0018870043754577637
375,0.0010833494186401368,0.0017470693588256835
376,0.0025144567489624025,0.002552089214324951
377,0.0011349830627441406,0.0017591562271118163
378,0.0012623909950256348,0.0024307122230529787
379,0.0014201425552368165,0.0017121520042419434
380,0.001172982120513916,0.0019243321418762208
381,0.0014515986442565918,0.002026639938354492
382,0.0013513063430786133,0.0023923931121826174
383,0.0018443058967590332,0.001892599105834961
384,0.0011569005012512206,0.002251732349395752
385,0.002028367805480957,0.002009751319885254
386,0.001355953311920166,0.0018227601051330566
387,0.0012567499160766602,0.00976224946975708
388,0.0012802710533142089,0.0017404823303222656
389,0.001209981346130371,0.03648869037628174
390,0.0031308560371398927,0.005550780773162842
391,0.002461510467529297,0.0018595709800720214
392,0.0011450017929077148,0.001694204330444336
393,0.0010719926834106446,0.0018962454795837403
394,0.001056607723236084,0.0027077832221984862
395,0.002235211944580078,0.0021293373107910156
396,0.0019823439598083497,0.0017654604911804199
397,0.0011121454238891602,0.0017527132034301758
398,0.0018953459739685058,0.0016947035789489746
399,0.0014386487007141114,0.001674191951751709
400,0.0017737488746643066,0.0031271371841430666
401,0.0011899011611938477,0.0016518783569335936
402,0.0012389060020446777,0.0022199931144714353
403,0.0010829889297485351,0.0016368989944458008
404,0.001074524974822998,0.0032216529846191408
405,0.0018402049064636231,0.0022892065048217775
406,0.0011896166801452636,0.0018989176750183105
407,0.0013166382789611816,0.0017754030227661133
408,0.001109183406829834,0.001690450668334961
409,0.0010019615173339845,0.0016727995872497558
410,0.0010985657691955566,0.001668004035949707
411,0.0010274724006652833,0.0018823604583740234
412,0.0011470666885375976,0.001628011703491211
413,0.0014227919578552247,0.002242510795593262
414,0.0010266562461853028,0.0017145481109619141
415,0.0022147643089294434,0.0016172642707824706
416,0.0012129535675048828,0.001809999942779541
417,0.0009954858779907226,0.0016671972274780273
418,0.0010680362701416017,0.0018695597648620606
419,0.0015448075294494628,0.0018100557327270508
420,0.0011371169090270996,0.0017337279319763184
421,0.0017362676620483399,0.0016590867042541504
422,0.0010620318412780762,0.0016017746925354004
423,0.0010544462203979491,0.0018679771423339843
424,0.0015209378242492676,0.0016807880401611328
425,0.0010233237266540527,0.0017225470542907716
426,0.0011084468841552734,0.0016647987365722655
427,0.001201817226409912,0.0017818536758422853
428,0.000987348461151123,0.0021194610595703127
429,0.0015472074508666993,0.0018475580215454102
430,0.0022524259567260744,0.0018312716484069824
431,0.0010377288818359375,0.0016731810569763183
432,0.001560092258453369,0.0020861849784851072
433,0.002806309700012207,0.0016502108573913574
434,0.0010388314247131347,0.0015893259048461914
435,0.001511042308807373,0.001714414119720459
436,0.0009505907058715821,0.001668259620666504
437,0.0010759535789489746,0.002338963031768799
438,0.001193947982788086,0.001554220676422119
439,0.0011632272720336913,0.0016501650810241699
440,0.0012952976226806641,0.00448093032836914
441,0.0013752885818481444,0.0015440917015075684
442,0.0009622712135314941,0.0015863022804260254
443,0.0010061434745788575,0.0019555225372314454
444,0.001594365978240967,0.005844621658325195
445,0.0012574394226074219,0.0015873656272888184
446,0.0015616106033325195,0.006774576663970947
447,0.001257865047454834,0.0016796097755432129
448,0.0010348517417907714,0.0015748701095581056
449,0.0016257770538330078,0.005815693378448486
450,0.0011847979545593261,0.0016961135864257812
451,0.0009430546760559082,0.001534996509552002
452,0.0013695615768432618,0.0017981657981872559
453,0.0009017407417297363,0.0015619034767150879
454,0.0009460942268371582,0.001636007785797119
455,0.00206588659286499,0.0016744046211242677
456,0.0017345148086547852,0.0016671829223632811
457,0.001097266387939453,0.0015328350067138673
458,0.0008812900543212891,0.0015322604179382323
459,0.0011118785858154298,0.0016022629737854003
460,0.0013714964866638184,0.0018092799186706543
461,0.0009060050010681152,0.0015298299789428711
462,0.0008699040412902832,0.0015813040733337403
463,0.0015190677642822265,0.0015446834564208985
464,0.001227742862701416,0.010913218021392822
465,0.0025971900939941407,0.0016056957244873046
466,0.0009387885093688965,0.0015654053688049317
467,0.001042332935333252,0.0015473008155822755
468,0.0017033428192138671,0.003831016540527344
469,0.0012316517829895019,0.0014978842735290528
470,0.0009163458824157715,0.001995394706726074
471,0.0014522711753845216,0.0020767631530761717
472,0.001643160343170166,0.0023749847412109374
473,0.0011420226097106933,0.0016274251937866211
474,0.0009889307975769043,0.0020512514114379883
475,0.001381658363342285,0.0015059804916381836
476,0.0011156383514404297,0.001581503391265869
477,0.0008969518661499023,0.0015159635543823243
478,0.0009115317344665527,0.0016228294372558595
479,0.0011427348136901856,0.001576742649078369
480,0.0014835296630859374,0.0020483670234680176
481,0.0024486591339111328,0.009383145809173585
482,0.0010684747695922851,0.001537806510925293
483,0.0008407832145690918,0.0015099849700927735
484,0.001416031551361084,0.002928502082824707
485,0.0011845431327819824,0.0014977622032165527
486,0.0012935980796813964,0.0015374341011047364
487,0.0008423286437988281,0.0017209043502807617
488,0.0016229735374450683,0.002127845287322998
489,0.0014967235565185547,0.0017447328567504882
490,0.0009653141021728516,0.0015844383239746094
491,0.0010037680625915528,0.0016630725860595703
492,0.0008380753517150879,0.0015793476104736328
493,0.0013363125801086426,0.004634811401367188
494,0.0009941299438476563,0.0017970027923583985
495,0.0009829391479492188,0.00164337158203125
496,0.0024846680641174316,0.0015409440994262696
497,0.0009316296577453613,0.0015707707405090332
498,0.0009942249298095704,0.0017352924346923828
499,0.0008715988159179687,0.0023911604881286623
500,0.0017842137336730958,0.0016059770584106446
501,0.0008651996612548829,0.0022720937728881838
502,0.0019418420791625977,0.0014546022415161133
503,0.0008731699943542481,0.0014493479728698731
504,0.0008433586120605469,0.001769752025604248
505,0.00110869140625,0.0016712474822998047
506,0.0010215510368347168,0.00569972038269043
507,0.0019737811088562014,0.0018694982528686523
508,0.0008935772895812988,0.001476921558380127
509,0.0008659845352172852,0.0015826940536499024
510,0.0012697647094726562,0.0014722585678100587
511,0.0009244425773620605,0.0022459444999694826
512,0.0010864572525024414,0.001500969409942627
513,0.0008392702102661133,0.0045562806129455565
514,0.001351568603515625,0.001690762996673584
515,0.0008756802558898926,0.0016997156143188476
516,0.0018407910346984863,0.0014757022857666015
517,0.0013407167434692383,0.002556983470916748
518,0.0009486414909362793,0.0015445485115051269
519,0.001256083869934082,0.0015263605117797853
520,0.0008798871040344239,0.0015352902412414551
521,0.0011702229499816895,0.0014797611236572266
522,0.0008196174621582031,0.001544020652770996
523,0.0015705665588378907,0.010124267101287842
