epoch,loss,val_loss
0,0.580978876876831,0.44118500137329103
1,0.3686632553100586,0.27924973583221435
2,0.29356344165802,0.24802040004730225
3,0.27017631225585936,0.24834612798690797
4,0.26163469228744507,0.23559502124786377
5,0.2459319402694702,0.2339906439781189
6,0.24280182905197142,0.2731666231155396
7,0.23944750318527222,0.22438534307479857
8,0.23415204153060912,0.2721660513877869
9,0.22876482973098755,0.33445417976379394
10,0.22940470094680787,0.22291453981399537
11,0.22475875024795533,0.21781173944473267
12,0.22215462837219238,0.2814911241531372
13,0.2223678744316101,0.22009802484512328
14,0.21968354454040528,0.2135873188972473
15,0.2195476840019226,0.21099068307876587
16,0.21536349143981934,0.20898517942428588
17,0.21546616344451905,0.21714702701568603
18,0.2117100935935974,0.24806300497055053
19,0.21362059621810914,0.21681911277770996
20,0.21178836259841918,0.20532485580444335
21,0.21153395833969116,0.20397144460678102
22,0.20743511447906493,0.21199336767196655
23,0.20847181777954102,0.22020705032348634
24,0.2112074242591858,0.21263327932357787
25,0.20561642780303954,0.25377941513061525
26,0.2077637300491333,0.20022813940048217
27,0.20677203435897828,0.20788424634933472
28,0.20597386837005616,0.23528967142105103
29,0.20632728338241577,0.2940097002983093
30,0.20193063125610353,0.209503604888916
31,0.20394608907699585,0.2089569239616394
32,0.20263544282913207,0.20732745361328125
33,0.2037297682762146,0.20477772283554077
34,0.19969507970809935,0.2142781467437744
35,0.19979743576049805,0.2155541706085205
36,0.20202088232040405,0.20014805030822755
37,0.19938041410446167,0.2113237533569336
38,0.19948925485610963,0.20544178295135498
39,0.19830663614273072,0.20216994094848634
40,0.19635000371932984,0.1946326789855957
41,0.1973871988296509,0.20329422235488892
42,0.19528909502029418,0.19321762228012085
43,0.19616383810043336,0.20765582466125487
44,0.19553726377487182,0.4546590943336487
45,0.20455353441238402,0.1934970211982727
46,0.19414810619354247,0.2196403636932373
47,0.19432748308181763,0.20312290763854982
48,0.19254619512557983,0.2162083625793457
49,0.19257663354873658,0.20728683376312257
50,0.1929010913848877,0.19806213188171387
51,0.19325078210830687,0.1918167815208435
52,0.1934731225013733,0.19848699235916137
53,0.19108644704818725,0.2023755931854248
54,0.18833444786071776,0.1976048369407654
55,0.19098837327957152,0.19873583889007568
56,0.1893994981765747,0.19022321033477782
57,0.19207674407958986,0.1907800235748291
58,0.18898402290344238,0.19272123908996583
59,0.19189695739746093,0.1917308487892151
60,0.18696836795806884,0.19393569946289063
61,0.18712170009613038,0.24225830125808717
62,0.18869304885864258,0.19705688953399658
63,0.18720577278137207,0.19748085355758668
64,0.18915259799957276,0.1869997420310974
65,0.18740864820480346,0.1894474630355835
66,0.1872181700706482,0.19395068550109865
67,0.18731647186279296,0.1850172882080078
68,0.18580711917877196,0.19644717502593995
69,0.18517621717453003,0.20001457691192626
70,0.18629214429855348,0.18616180467605592
71,0.18433531770706177,0.21875241708755494
72,0.18478901958465577,0.19506674385070802
73,0.18414353504180908,0.18424092102050782
74,0.18382795181274414,0.1873394021987915
75,0.18631911306381227,0.19097299766540526
76,0.1828814356803894,0.18630296468734742
77,0.18223280773162842,0.18985601043701172
78,0.18197736110687257,0.18444366407394408
79,0.18239423313140868,0.18571352863311769
80,0.18226715431213378,0.30491989898681643
81,0.1875340443611145,0.18679963493347168
82,0.18096573190689086,0.182591157913208
83,0.18234694452285766,0.2042210292816162
84,0.18175092182159425,0.19966300964355468
85,0.18096290874481202,0.1927776927947998
86,0.18104098863601684,0.18823970127105713
87,0.17997257652282714,0.24458458852767945
88,0.18027702074050903,0.1948526372909546
89,0.17840916233062745,0.18231924104690553
90,0.17950830373764037,0.18561077737808226
91,0.17786217813491823,0.1820897650718689
92,0.17685374088287353,0.17980485200881957
93,0.17942875862121582,0.18711203813552857
94,0.17748069200515748,0.18089703369140625
95,0.17713071842193603,0.2213147234916687
96,0.17790578565597534,0.1856068034172058
97,0.1783821792602539,0.1788464217185974
98,0.17877843675613403,0.18297906112670898
99,0.17587554082870482,0.18212431049346925
100,0.1762824722290039,0.19253340101242064
101,0.17585603017807006,0.17803451347351074
102,0.1740184937477112,0.187135338306427
103,0.17478876628875734,0.239363431930542
104,0.17748878564834594,0.32619416189193723
105,0.17951638250350951,0.18902677059173584
106,0.17414093694686889,0.1807187156677246
107,0.17259230737686157,0.17744573211669923
108,0.17347385549545288,0.1821047043800354
109,0.1755672169685364,0.20904555892944335
110,0.17242897806167604,0.18132573986053466
111,0.1727003454208374,0.19368469619750978
112,0.17343220453262329,0.18491161918640137
113,0.1735048334121704,0.1797414994239807
114,0.1733811777114868,0.18136276388168335
115,0.17171127920150756,0.19572287130355834
116,0.17229277744293212,0.18253348731994629
117,0.17288576307296752,0.1842569580078125
