epoch,loss,val_loss
0,0.7115947607040405,0.7429477429389953
1,0.36897102546691896,0.18045615673065185
2,0.18293646202087402,0.17668973684310912
3,0.145507594203949,0.10787988758087158
4,0.1279773497581482,0.17060193490982056
5,0.11968117361068725,0.10225219345092773
6,0.11241158742904662,0.08623171758651733
7,0.10223704175949097,0.10615281200408935
8,0.09930062093734741,0.0799462022781372
9,0.09241517019271851,0.09498187017440796
10,0.09403634223937989,0.16626728200912474
11,0.08994864559173583,0.12119448471069336
12,0.08842413854598999,0.08955192422866821
13,0.08633049945831299,0.08732465362548827
14,0.08635469427108765,0.07056300115585327
15,0.08284487352371216,0.07001129817962647
16,0.08072716131210327,0.08328607082366943
17,0.07911111192703248,0.07713425016403198
18,0.07693140754699707,0.12818003940582276
19,0.07993779048919677,0.08118519401550293
20,0.07899110975265503,0.06859482192993165
21,0.07558131322860717,0.07684993886947632
22,0.0738467942237854,0.07988768291473389
23,0.07649902620315552,0.06811318111419677
24,0.07394038867950439,0.0943128170967102
25,0.0752406189918518,0.06850806379318237
26,0.07160571794509887,0.09770922660827637
27,0.0733948179244995,0.07549250316619872
28,0.07222211151123047,0.067316312789917
29,0.07108539142608643,0.07101737308502197
30,0.07135151710510254,0.06725526428222656
31,0.07023947248458862,0.06828780364990235
32,0.07298218183517456,0.06402576732635498
33,0.06798514995574952,0.07153363037109375
34,0.07010984992980956,0.16947625589370727
35,0.06962662076950073,0.08905089282989502
36,0.06893372650146484,0.06362834310531616
37,0.06835514659881592,0.062309415817260745
38,0.06743736066818237,0.06492518615722656
39,0.06722807054519653,0.11466290140151977
40,0.06755809659957886,0.08766154909133911
41,0.0667440221786499,0.06486255311965942
42,0.06620812330245972,0.07204445075988769
43,0.0677772216796875,0.06090249967575073
44,0.0665012417793274,0.06566441011428834
45,0.06502718458175659,0.06089651393890381
46,0.0640539587020874,0.06704678678512574
47,0.06739251642227173,0.061065190315246584
48,0.06479292612075806,0.09634298467636108
49,0.06485801038742066,0.05939825773239136
50,0.0640567868232727,0.06790272045135498
51,0.0644245882987976,0.07535822916030883
52,0.06658433990478516,0.07107642126083374
53,0.0639198504447937,0.062234257221221924
54,0.06359586524963379,0.11907172060012818
55,0.06255134420394898,0.06510278129577637
56,0.06387658424377442,0.05907685089111328
57,0.06222871866226196,0.06504678344726562
58,0.06387127437591553,0.06160699462890625
59,0.06290883054733276,0.07786154079437256
60,0.06356093788146973,0.05860074806213379
61,0.061432175064086915,0.06897143745422363
62,0.06267363996505737,0.06397589874267579
63,0.06154183988571167,0.05886534881591797
64,0.062464727687835696,0.06833525896072387
65,0.061540532207489014,0.06494906616210938
66,0.06019253273010254,0.0602837085723877
67,0.0617582709312439,0.05840021467208862
68,0.061258415412902834,0.05784726095199585
69,0.06209048004150391,0.06169815015792847
70,0.05974936752319336,0.061068515300750734
71,0.06135154819488525,0.05951639699935913
72,0.06179631624221802,0.0625877137184143
73,0.06034076452255249,0.060494133472442625
74,0.06038018178939819,0.05842117166519165
75,0.060726037216186524,0.06021428394317627
76,0.06012675075531006,0.06324158525466919
77,0.059233575248718265,0.06395716857910157
78,0.060802191066741944,0.07383710098266602
79,0.060922336196899414,0.07667831420898437
80,0.06036918230056763,0.06321764755249024
81,0.059025797080993654,0.05993149089813232
82,0.058143966484069824,0.056801841735839846
83,0.059019802284240724,0.06198271322250366
84,0.060151941871643064,0.07883307790756225
85,0.05881128158569336,0.06216272306442261
86,0.05883477344512939,0.062348676204681396
87,0.05865530891418457,0.0573609881401062
88,0.05887068920135498,0.0672862548828125
89,0.06069347658157349,0.05636802911758423
90,0.05804242811203003,0.07490252923965454
91,0.05866978197097778,0.05730895471572876
92,0.058396510696411136,0.05938910579681397
93,0.057830166149139405,0.06448017120361328
94,0.058756202125549314,0.060702468872070314
95,0.05770001783370972,0.065195472240448
96,0.05804852294921875,0.10426207304000855
97,0.057923342609405515,0.05693289470672607
98,0.05765102710723877,0.05625164461135864
99,0.05675141706466675,0.06963452577590942
100,0.05916697673797607,0.057917158603668216
101,0.05720186376571655,0.05776909589767456
102,0.057324156188964845,0.059556176662445066
103,0.057801084804534913,0.08061413669586182
104,0.05786512947082519,0.056919488430023195
105,0.057026731204986573,0.06577352237701416
106,0.05754393482208252,0.05665707635879517
107,0.05780771141052246,0.07794713306427002
108,0.05647394733428955,0.05691865062713623
109,0.05733979225158691,0.056500611782073974
110,0.05705635108947754,0.06357580423355103
111,0.057882085132598876,0.05864786195755005
112,0.05530893602371216,0.05531110143661499
113,0.05578132629394531,0.057118095874786376
114,0.05663778476715088,0.055233606815338135
115,0.05696926174163818,0.06049921703338623
116,0.05663688955307007,0.09060950517654419
117,0.057734952640533445,0.05670167207717895
118,0.05646052598953247,0.0576768536567688
119,0.056691090393066405,0.05559254312515259
120,0.0556539794921875,0.05495889472961426
121,0.05648929901123047,0.05515019989013672
122,0.056566860103607175,0.05986869144439697
123,0.05599202079772949,0.05467543745040893
124,0.054984525775909426,0.07446402359008789
125,0.056504383468627926,0.06379836750030518
126,0.056320799446105956,0.05626880216598511
127,0.05579376964569092,0.06078841924667358
128,0.056252659225463866,0.06978712558746338
129,0.05613519420623779,0.056060811519622805
130,0.054658308506011964,0.05726480960845947
131,0.05558328018188476,0.05648964309692383
132,0.05524688396453858,0.0548439040184021
133,0.05629776210784912,0.0660563588142395
134,0.05473159399032593,0.06433160209655761
135,0.05518759288787842,0.06725610303878785
136,0.05495635290145874,0.057974108695983885
137,0.055260060501098635,0.05542003059387207
138,0.055294501399993895,0.05666648817062378
139,0.05507035083770752,0.06150500726699829
140,0.05512363195419311,0.06425096559524536
141,0.055963853931427,0.05538575172424316
142,0.055070648956298825,0.05562890720367432
143,0.05521102771759033,0.05489159965515137
