epoch,loss,val_loss
0,0.8500075713157654,0.9129321756362915
1,0.7278630983352661,0.6591068687438965
2,0.6519353025436402,0.6027323989868164
3,0.6215562227249145,0.6007867774963379
4,0.6032682466506958,0.5819210596084595
5,0.5900672470092774,0.5699931802749634
6,0.5814172548294068,0.597540328502655
7,0.5690246120452881,0.5535894694328308
8,0.5626193256378174,0.5468827929496766
9,0.5600283788681031,0.5600991220474243
10,0.5510551639556884,0.5821181778907776
11,0.5490213696479798,0.5431674208641052
12,0.5436537760734558,0.7319517655372619
13,0.5436887715339661,0.5413963260650635
14,0.536344248008728,0.541698392868042
15,0.5322155197143554,0.5424300870895385
16,0.5298005727767945,0.5374498529434204
17,0.5279066877365113,0.5176233811378479
18,0.5250330471038819,0.539046462059021
19,0.5247009712219238,0.5075457487106323
20,0.5166688780784607,0.5177301015853882
21,0.5148243748664856,0.5520535917282104
22,0.5139127579689026,0.5339474358558655
23,0.5143554569244385,0.5093503007888794
24,0.5133373970985413,0.4877768030166626
25,0.5081878673553467,0.5072672686576843
26,0.5091165941238404,0.47945926094055175
27,0.5098464290618896,0.4882578754425049
28,0.503943090724945,0.5992406911849976
29,0.5076925144195557,0.48910920000076297
30,0.5010812949180603,0.49796276235580444
31,0.5018126697540283,0.5291285581588745
32,0.5048673830032349,0.501445707321167
33,0.5022798524856568,0.5043072671890259
34,0.5017693730354309,0.5008866758346557
35,0.5003780031204224,0.5172589654922486
36,0.49902522850036624,0.5092236256599426
37,0.5015091346740723,0.5526791620254516
38,0.4976934893608093,0.616338282585144
39,0.5010939006805419,0.49125201082229614
40,0.49832136878967287,0.4930250220298767
41,0.4969356462478638,0.49454733228683473
42,0.4972227868080139,0.5081457095146179
