epoch,loss,val_loss
0,0.5461848521232605,0.25432621908187864
1,0.32200362348556516,0.33616507959365843
2,0.23666763439178468,0.20431190586090087
3,0.20330075874328613,0.19107282972335815
4,0.187629674911499,0.20172749328613282
5,0.17066409387588502,0.1422487955093384
6,0.16267186708450318,0.14486275100708007
7,0.15588800354003907,0.1610098056793213
8,0.14715056285858155,0.12475648403167724
9,0.14176375341415406,0.11998158693313599
10,0.1367245668411255,0.10037803411483764
11,0.12855057563781738,0.10125988340377808
12,0.12703377838134766,0.09523752117156982
13,0.12437917165756225,0.11534624910354614
14,0.12263760356903076,0.16940777921676636
15,0.11340583982467652,0.10472120475769044
16,0.11145596780776977,0.09158474493026733
17,0.10642991523742676,0.09736403274536133
18,0.10949027976989746,0.1000122365951538
19,0.10429699621200561,0.25605004596710207
20,0.10207832202911377,0.08978548669815063
21,0.106325528049469,0.09441620540618896
22,0.09923169355392455,0.08659464836120606
23,0.1008995002746582,0.0923995485305786
24,0.0991869782447815,0.11337252140045166
25,0.09490938167572022,0.08198642492294311
26,0.09547977590560913,0.07820447301864623
27,0.09274769849777222,0.07381475019454956
28,0.09088807277679443,0.11727574729919434
29,0.09351735334396362,0.1175609917640686
30,0.08782098999023437,0.15198099422454833
31,0.08705577087402344,0.07900342893600464
32,0.08974959087371827,0.08209026384353638
33,0.08583244943618774,0.07992512512207031
34,0.08581055030822754,0.07926948738098144
35,0.08749718227386474,0.07685184049606324
36,0.0852112021446228,0.06846617412567138
37,0.08455884666442871,0.08068643283843994
38,0.08101024084091187,0.09806939840316772
39,0.08130918712615967,0.08547359561920166
40,0.0828620306968689,0.1317018904685974
41,0.08339854640960694,0.06773504877090454
42,0.0783244116783142,0.07363908958435059
43,0.08103816204071045,0.12253199052810669
44,0.07846935501098633,0.07639445924758911
45,0.07972287330627441,0.07611943149566651
46,0.07841228485107422,0.07226007604599
47,0.07780248975753784,0.1466568818092346
48,0.07745950136184693,0.10386938953399658
49,0.07554602947235108,0.10881942367553711
50,0.07275149335861206,0.10559344911575318
51,0.0740207615852356,0.08540180730819702
52,0.07693585348129273,0.06328300046920776
53,0.07614597282409669,0.07190242910385132
54,0.07473841743469238,0.07137994956970214
55,0.07422747449874878,0.07615535259246826
56,0.07257566633224487,0.06589976072311401
57,0.07137412452697754,0.09901760625839233
58,0.07410979566574097,0.0833122010231018
59,0.07117234535217286,0.06696802139282226
60,0.0700439908027649,0.10147997283935548
61,0.07222091474533081,0.07124620294570923
62,0.06888885326385498,0.06595651388168335
63,0.06949186201095581,0.07604539012908935
64,0.06893770475387573,0.05893788051605225
65,0.07012607088088989,0.09803539752960205
66,0.06860304832458496,0.07148119497299195
67,0.06850646924972534,0.09321939897537232
68,0.06821612339019775,0.08977819538116455
69,0.06695290498733521,0.0643774652481079
70,0.06615694732666015,0.07001863193511963
71,0.06827417306900024,0.060006978511810305
72,0.06605512437820435,0.060443318367004395
73,0.06651908321380615,0.07410342359542847
74,0.06727641744613648,0.06190296268463135
75,0.06594384860992432,0.06166016674041748
76,0.06631914825439453,0.06042082357406616
77,0.06359114818572999,0.05781981801986694
78,0.06506229000091553,0.11428719758987427
79,0.06603432474136353,0.08596727418899536
80,0.06336731643676757,0.06280918931961059
81,0.06443323698043824,0.058018330574035645
82,0.06438537645339966,0.06398046922683716
83,0.06580502014160156,0.06027802610397339
84,0.06382356548309326,0.06476643991470336
85,0.06304154319763183,0.05893820476531982
86,0.06319756031036378,0.08594641923904418
87,0.0630765305519104,0.06078004932403564
88,0.06208154201507568,0.06876338529586792
89,0.06420727977752685,0.058366459369659424
90,0.06207198362350464,0.09007130765914917
91,0.06266429882049561,0.06880404567718505
92,0.062409903049468994,0.05619232797622681
93,0.059892255878448486,0.08237691926956177
94,0.06222438039779663,0.058031400680541995
95,0.06090416679382324,0.07356817197799682
96,0.0602634708404541,0.057522549152374265
97,0.061031906509399415,0.09248009729385376
98,0.06283564767837524,0.0550244140625
99,0.06290927076339722,0.07273135471343994
100,0.06177843294143677,0.0625140061378479
101,0.05964866847991943,0.0726918330192566
102,0.0603700740814209,0.05687882089614868
103,0.05865277252197266,0.06309503746032714
104,0.06043312559127808,0.05502160882949829
105,0.05982132520675659,0.06735178518295289
106,0.058020999431610105,0.09296752834320068
107,0.05932007560729981,0.05685866498947144
108,0.05991443395614624,0.060046583652496335
109,0.05824351587295532,0.1030082597732544
110,0.05969538869857788,0.05725421667098999
111,0.05838604888916016,0.08448818159103394
112,0.05757112512588501,0.06373694562911987
113,0.057915376758575436,0.0635704870223999
114,0.058623418426513675,0.05521184062957764
115,0.05621181554794311,0.06279868745803834
116,0.059001755428314206,0.05792365455627441
117,0.05526937274932861,0.06737914800643921
118,0.05652005186080933,0.06754820203781128
119,0.05893096952438354,0.054641222953796385
120,0.055033952808380124,0.10090305423736572
121,0.05914800148010254,0.07041699457168579
122,0.05602125101089477,0.06061611652374268
123,0.057359488010406495,0.06568921518325806
124,0.057126491260528565,0.05516617393493652
125,0.058037555408477784,0.05954113578796387
126,0.05585856456756592,0.06075616502761841
127,0.05671862649917603,0.05455848550796509
128,0.054122594356536866,0.05373009872436523
129,0.05672655010223389,0.05698327589035034
130,0.05521370315551758,0.05862143468856811
131,0.05689393539428711,0.06640292024612426
132,0.05580570583343506,0.06329941987991333
133,0.056094342231750485,0.056107282161712645
134,0.05581787261962891,0.057899669647216795
135,0.054596064186096194,0.08886249017715454
136,0.055593664646148684,0.05429602098464966
137,0.05580256118774414,0.05827884292602539
138,0.055941544818878176,0.06165150260925293
139,0.054119529819488525,0.054084202766418454
140,0.053560159015655515,0.05764387273788452
141,0.055619465446472165,0.06677085590362548
142,0.05346537036895752,0.055508710861206054
143,0.056055841636657715,0.05615045166015625
144,0.053069648838043215,0.08602331161499023
145,0.05460425910949707,0.053149216651916506
146,0.05225497188568115,0.11935091400146484
147,0.05530439863204956,0.07661206007003785
148,0.05488086566925049,0.08628495311737061
149,0.055108545875549315,0.07209792804718018
150,0.05481588277816773,0.0542767744064331
151,0.05382871589660645,0.10966974258422851
152,0.05386459951400757,0.056037717819213864
153,0.05323268232345581,0.059635790824890136
154,0.05230037431716919,0.06449429368972778
155,0.051661762905120846,0.06282300424575805
156,0.05485906057357788,0.054496971607208254
157,0.0522145544052124,0.05650727128982544
158,0.05406874713897705,0.05949377727508545
159,0.052715927505493164,0.05385589838027954
160,0.052843735885620115,0.05777106046676636
161,0.051826727867126464,0.07175661563873291
162,0.05292052526473999,0.06283306455612182
163,0.05323224773406982,0.058079505443573
164,0.05370425100326538,0.05579639720916748
165,0.05136267337799072,0.05869457197189331
