epoch,loss,val_loss
0,0.7129037655830384,0.8614886021614074
1,0.4171584140777588,0.23286544370651246
2,0.21477340517044066,0.17309795475006104
3,0.16196441354751587,0.12464972162246704
4,0.14368378009796143,0.10912549448013306
5,0.1303784243583679,0.10732784748077392
6,0.1229881630897522,0.11693898248672485
7,0.11751439275741578,0.09286315727233886
8,0.11091732149124145,0.09850653886795044
9,0.10856938591003418,0.10084146451950073
10,0.10421916856765748,0.1036965789794922
11,0.10336540327072144,0.09364282131195069
12,0.09979200248718262,0.08294742441177368
13,0.0994010570526123,0.09769250011444092
14,0.09454294290542603,0.0825331745147705
15,0.09213747854232789,0.11045557165145874
16,0.09332293167114258,0.12639853668212891
17,0.0942587944984436,0.08025890016555787
18,0.08973635044097901,0.07979860591888428
19,0.09024743280410767,0.1689081892967224
20,0.08774356298446655,0.1332799186706543
21,0.08754929008483887,0.08605095624923706
22,0.08829612665176391,0.08451063203811646
23,0.08644561719894409,0.07487921190261841
24,0.08525419874191284,0.07600879764556885
25,0.08311186790466309,0.07492525339126586
26,0.08547846755981445,0.08769823455810546
27,0.08496368970870971,0.07733206319808959
28,0.08229772071838379,0.08456568813323975
29,0.08195789375305176,0.07201524019241333
30,0.08134919767379761,0.09791707468032837
31,0.08323741321563721,0.09849131107330322
32,0.08154863557815552,0.0716565899848938
33,0.08255363864898682,0.07198685312271118
34,0.07864569282531739,0.0895448956489563
35,0.07836003446578979,0.0704587950706482
36,0.07919419260025025,0.07835833263397217
37,0.08084001398086547,0.07049712896347046
38,0.07895836458206176,0.12492836666107178
39,0.07906301641464233,0.07640514945983887
40,0.07728974380493164,0.07028548097610474
41,0.0788575927734375,0.07375899600982666
42,0.07526804666519166,0.09468591451644898
43,0.0772529372215271,0.0859679970741272
44,0.07832463970184327,0.07637402296066284
45,0.07825915403366089,0.07022804021835327
46,0.07568943710327149,0.0722166805267334
47,0.07594280424118043,0.07017870378494263
48,0.07561528902053832,0.07274550437927246
49,0.07432311506271362,0.0760360770225525
50,0.07477720956802368,0.20425326919555664
51,0.0746850308418274,0.0981917142868042
52,0.0770281678199768,0.1762028465270996
53,0.07610371980667115,0.07766583299636841
54,0.07445168066024781,0.0857467360496521
55,0.0738769606590271,0.08003863286972046
56,0.07634109659194946,0.10399847888946533
57,0.0735013554573059,0.10917569065093995
58,0.07416396684646606,0.08307298612594605
59,0.07406372814178466,0.07192158317565918
60,0.07473909893035889,0.09871674013137817
61,0.07349432621002197,0.07132359075546264
62,0.07263127517700195,0.0679190468788147
63,0.07304512577056885,0.07221575546264648
64,0.07339087476730347,0.07686609315872192
65,0.07377673330307007,0.06936609125137329
66,0.07287547025680542,0.07382288789749146
67,0.07099956569671631,0.06798774003982544
68,0.07318348751068116,0.07468158054351806
69,0.07118075532913208,0.1064414005279541
70,0.07202614126205445,0.0840863881111145
71,0.07409973430633544,0.07040840482711792
72,0.0710195647239685,0.07620366096496582
73,0.07073640727996826,0.06705149602890015
74,0.07189765090942382,0.07422182512283325
75,0.07147168169021606,0.06770652294158935
76,0.071312317943573,0.07448857641220093
77,0.07078124933242798,0.07168591928482056
78,0.07136494636535645,0.06714438915252685
79,0.07061906690597534,0.07386102294921874
80,0.07026631355285645,0.0741445722579956
81,0.07072674922943115,0.0693349232673645
82,0.07023822841644287,0.06972759437561035
83,0.07036210250854492,0.08151823425292969
84,0.07188862066268921,0.0678123550415039
85,0.0712362009048462,0.06653587818145752
86,0.06968226013183594,0.08595134067535401
87,0.07004649820327759,0.06674203729629516
88,0.06937746057510376,0.10025984907150269
89,0.07119932956695557,0.07359766340255737
90,0.07031931180953979,0.06883404874801635
91,0.06958204183578491,0.08757262325286866
92,0.06991258850097656,0.08310730075836181
93,0.0700432225227356,0.07063459300994873
94,0.06944924478530884,0.06848873901367188
95,0.06844282093048096,0.06755452537536621
96,0.06726575613021851,0.0780543737411499
97,0.06891364450454712,0.06844013166427612
98,0.07192527074813843,0.06681710767745971
99,0.06910660676956176,0.07297551202774048
100,0.06891571760177612,0.08085484266281127
101,0.07022821292877197,0.06745955610275269
