epoch,loss,val_loss
0,0.9363521683692932,0.9669987516403198
1,0.8659537456512452,0.845781023979187
2,0.8468478978157044,0.8358625144958496
3,0.8424751828193665,0.8386352081298828
4,0.8392403659820556,0.8416810598373413
5,0.8360031265258789,0.8252710642814636
6,0.8352325742721558,0.8868363962173462
7,0.8342928617477418,0.8243602809906005
8,0.8329181237220764,0.8250495929718018
9,0.8316121127128601,0.8365182070732117
10,0.8310083402633667,0.823084852695465
11,0.8295719291687011,0.8483604278564453
12,0.8308733444213867,0.8450035004615783
13,0.8305962950706481,0.826960569858551
14,0.8288952632904053,0.8216319041252136
15,0.8287162837028503,0.840666528224945
16,0.829185013961792,0.8912084941864014
17,0.829420703792572,0.8238577160835266
18,0.8277021115303039,0.8428033094406128
19,0.8284627231597901,0.8211290645599365
20,0.8271372776985169,0.8276267099380493
21,0.828040006160736,0.8210544452667237
22,0.8274192222595215,0.820938925743103
23,0.8271048057556152,0.820459391117096
24,0.8270461442947388,0.8561150155067444
25,0.8264470026016235,0.8282806673049927
26,0.8267688678741455,0.8205504102706909
27,0.8256793877601624,0.8214198279380799
28,0.8260380187034607,0.9066063227653504
29,0.827440174293518,0.8264285626411438
30,0.826005442237854,0.8305360288619995
31,0.826328953742981,0.8202882175445556
32,0.826085151386261,0.8201865601539612
33,0.8265475514411926,0.820972511291504
34,0.8253257617950439,0.8534738068580627
35,0.8270190071105957,0.840292025566101
36,0.8252628855705261,0.8219475202560425
37,0.8258050645828247,0.8580280685424805
38,0.8257732844352722,0.8459213075637817
39,0.8256163989067078,0.8230364532470703
40,0.8246348226547241,0.8254027404785156
41,0.8244899645805359,0.8203977560997009
42,0.8247614612579346,0.820432101726532
43,0.8237295425415039,0.82290882730484
44,0.824332563495636,0.8287042751312256
45,0.8247137865066528,0.819111053943634
46,0.8241938215255737,0.8205006899833679
47,0.8238721457481384,0.8193332614898682
48,0.8243892188072205,0.8981720080375671
49,0.8251921752929687,0.8206007552146911
50,0.823983734703064,0.899165506362915
51,0.8241160091400146,0.8211489200592041
52,0.8234124702453613,0.8197737302780151
53,0.823647671508789,0.8237521796226501
54,0.8248306639671326,0.826499062538147
55,0.8239286796569825,0.823672203540802
56,0.8235244577407836,0.8194480075836181
57,0.8237759512901306,0.822721848487854
58,0.8233238609313965,0.8299391269683838
59,0.8233409645080566,0.8229642715454102
60,0.8229842371940613,0.8305955972671509
61,0.8233299383163453,0.819046935081482
62,0.8230241349220276,0.8203115644454956
63,0.8238965612411498,0.820792311668396
64,0.824149792957306,0.8216758341789245
65,0.8233092485427856,0.8374026737213135
66,0.8224649521827698,0.8228699350357056
67,0.8238155103683472,0.8195623793601989
68,0.8221441871643066,0.8204284930229186
69,0.8229262895584106,0.8227943325042725
70,0.8229259746551514,0.8213384428024292
71,0.8218627807617187,0.820161828994751
72,0.8225437942504883,0.828827965259552
73,0.8231916090965271,0.8203485889434814
74,0.82202164478302,0.8277230353355408
75,0.8222371760368348,0.8205033631324768
76,0.8216485999107361,0.819101348400116
77,0.8208934419631958,0.8193903198242187
78,0.8214281994819641,0.819503743171692
79,0.8215535326004029,0.8217861757278443
80,0.8217751938819885,0.8223544254302978
81,0.8221801198959351,0.8204149436950684
