epoch,loss,val_loss
0,0.605208952140808,0.3004228897094727
1,0.3457759486198425,0.22059120798110962
2,0.23984368047714233,0.3511190819740295
3,0.21270154695510865,0.14895348978042602
4,0.1814124496459961,0.13877986192703248
5,0.17420842266082764,0.30502632093429566
6,0.16369478635787965,0.1334664726257324
7,0.15296231756210327,0.1693853144645691
8,0.14661264505386354,0.11062816095352172
9,0.13781133584976196,0.13124836540222168
10,0.12616912422180177,0.10294016885757447
11,0.12306032600402832,0.13431162405014038
12,0.1234889889717102,0.1553715362548828
13,0.11063044805526734,0.10984008026123047
14,0.11570551109313965,0.08119577884674073
15,0.10668896808624267,0.16933353757858277
16,0.104442307472229,0.19343610286712645
17,0.10226904487609863,0.07576850366592407
18,0.10018777170181274,0.07044626474380493
19,0.0974804144859314,0.09761305665969848
20,0.09175148048400879,0.06746966934204102
21,0.09309434604644776,0.1882968740463257
22,0.09049455003738403,0.06774141693115235
23,0.08824767646789551,0.06473754596710204
24,0.09058929586410522,0.07689901733398438
25,0.08486670045852661,0.11535733604431152
26,0.08372974166870117,0.09911789226531982
27,0.08406424922943115,0.11659160566329956
28,0.07967119674682617,0.08086856174468994
29,0.0798177487373352,0.06840220975875855
30,0.07991834344863892,0.07118283653259277
31,0.07615765075683593,0.08053878545761109
32,0.07542265729904175,0.09202298927307129
33,0.07490723419189453,0.07920168018341064
34,0.07708893127441406,0.09228861093521118
35,0.07503247156143189,0.14483106803894044
36,0.07328921098709107,0.08278189039230346
37,0.07356782627105712,0.09297686529159546
38,0.07106402158737182,0.08091925954818725
39,0.07125391664505006,0.06639279317855835
