epoch,loss,val_loss
0,0.5756475820541381,0.6536752095222473
1,0.3322669222831726,0.23230976819992066
2,0.23723653974533082,0.25073351430892943
3,0.20303055353164673,0.14306195974349975
4,0.18631518049240112,0.13810268878936768
5,0.16825195379257202,0.308028461933136
6,0.16318040046691895,0.23875456809997558
7,0.15430072984695434,0.16309077930450439
8,0.15090798206329345,0.11174970626831054
9,0.13812953567504882,0.15587958240509034
10,0.13549938936233522,0.09433832836151124
11,0.12787524213790893,0.33570869302749634
12,0.1291906319618225,0.14462839889526366
13,0.12125128679275513,0.11172248411178588
14,0.12010680255889893,0.08236474609375
15,0.11498670692443848,0.10292070770263671
16,0.1095616985321045,0.09902358913421631
17,0.1046311152458191,0.08914260721206665
18,0.10502448234558105,0.2655913553237915
19,0.10506088418960571,0.08944557762145997
20,0.09882261066436768,0.09435665702819825
21,0.09417674798965454,0.25138053512573244
22,0.09706510286331177,0.20930925512313842
23,0.09717135906219482,0.08949324083328247
24,0.08960954036712647,0.11956945037841797
25,0.08728328866958618,0.07988053178787231
26,0.09004061012268066,0.07946030282974244
27,0.08451531744003296,0.09966884326934815
28,0.08372089176177978,0.11754736709594726
29,0.08546155052185059,0.07718703889846802
30,0.08389560098648072,0.1511541690826416
31,0.08402271013259888,0.09471490526199342
32,0.08088390588760376,0.0822244987487793
33,0.07766723937988282,0.061401947498321535
34,0.08043773965835571,0.09723310565948487
35,0.07997156066894531,0.07752411317825317
36,0.07885725736618042,0.06873164749145508
37,0.0754404559135437,0.22001023387908936
38,0.07691329469680785,0.06637998056411744
39,0.07535859003067016,0.08366698598861694
40,0.07496434869766236,0.06561059188842773
41,0.07554311399459838,0.13850766706466675
42,0.0748091100692749,0.07030459928512574
43,0.07377115697860717,0.06637009286880494
44,0.07062148847579956,0.06148950910568237
45,0.07207769832611084,0.07836521339416504
46,0.07119659929275512,0.08234874057769775
47,0.06949608001708985,0.057002854347229
48,0.07137718601226807,0.05604135322570801
49,0.0689942771911621,0.0633743290901184
50,0.06983871068954468,0.05805371856689453
51,0.06821371164321899,0.08885347414016724
52,0.07183385782241822,0.08105048227310181
53,0.0676768931388855,0.10340826749801636
54,0.06768153314590454,0.06300622463226319
55,0.06800158319473266,0.08993115615844727
56,0.06750440769195556,0.05907419395446777
57,0.06727701692581177,0.05889686727523804
58,0.06532217121124267,0.05985153865814209
59,0.06756910877227783,0.06903770875930786
60,0.0681119743347168,0.08118397188186645
61,0.06362680206298828,0.05618029451370239
62,0.06542174444198609,0.062344761848449705
63,0.06421800708770752,0.05802981948852539
64,0.06421118984222413,0.05905978775024414
