epoch,loss,val_loss
0,0.5548965908050537,0.38360230922698973
1,0.34585369834899904,0.3458703861236572
2,0.2715739559173584,0.24866648054122925
3,0.23305811052322387,0.3597272844314575
4,0.21968218879699708,0.23043774318695068
5,0.19926422300338745,0.29293902158737184
6,0.19453093128204346,0.13805360221862792
7,0.18101766347885132,0.1597220244407654
8,0.17045189733505248,0.14957467174530029
9,0.17146058444976806,0.12733031272888184
10,0.15811717443466186,0.23611932706832886
11,0.15843433380126953,0.14436765575408936
12,0.14796643199920653,0.14954865455627442
13,0.147759432888031,0.10735251903533935
14,0.13954625663757325,0.12515011644363402
15,0.13352606410980225,0.12347208213806152
16,0.1308217809677124,0.08315086936950683
17,0.12091294584274292,0.10357317781448364
18,0.11775466613769531,0.10230164766311646
19,0.11064916534423828,0.15495072317123412
20,0.11552790508270264,0.11374661111831665
21,0.10942865991592407,0.09391966581344605
22,0.10783377733230591,0.08545569610595703
23,0.1067004508972168,0.17427368783950806
24,0.09926225328445434,0.1411407895088196
25,0.1039985104560852,0.07391073036193847
26,0.09794410257339478,0.22301797008514404
27,0.09721412811279297,0.11352918577194214
28,0.09475384197235108,0.0703137412071228
29,0.08881692724227905,0.10232918453216552
30,0.09123812007904053,0.06285819435119629
31,0.09088427228927612,0.07177896308898926
32,0.0856240122795105,0.07365802478790283
33,0.08531274938583375,0.10072141361236572
34,0.08787396593093873,0.06518177413940429
35,0.08090937566757202,0.08586903715133667
36,0.08364588871002197,0.09700976991653443
37,0.0790213233947754,0.055398632526397706
38,0.07634892597198487,0.19175062465667725
39,0.08022981271743775,0.08036554098129273
40,0.07655130920410157,0.08079419755935668
41,0.07539402351379394,0.08423053407669068
42,0.07314728784561157,0.06843167018890381
43,0.07303770189285279,0.05536943960189819
44,0.07148589611053467,0.059055992603302
45,0.07364393529891967,0.07788001632690429
46,0.06992177391052246,0.15126131582260133
47,0.07102843952178955,0.06691026830673218
48,0.06933409671783447,0.046804625034332276
49,0.06827465324401856,0.0770032877922058
50,0.06996238412857056,0.07689241981506348
51,0.06585001964569091,0.08458177757263184
52,0.06923752536773682,0.10221243381500245
53,0.06744361038208008,0.06431675148010253
54,0.06753373651504517,0.057797898769378665
55,0.06727360296249389,0.06212752676010132
56,0.06522573528289795,0.08955674505233764
57,0.0652881986618042,0.05262424993515015
58,0.06447946224212646,0.0947410249710083
59,0.06314956493377685,0.11894821739196777
60,0.06354445390701294,0.045406510829925535
61,0.06290871181488038,0.08082819986343384
62,0.062415965461730956,0.04532206583023071
63,0.0626747239112854,0.055317880630493164
64,0.0616998254776001,0.06261123514175415
65,0.0591905855178833,0.09897928476333619
66,0.061639718341827396,0.14745302438735963
67,0.06154370012283325,0.10626434087753296
68,0.05931067724227905,0.057434582233428955
69,0.058450206756591794,0.0695479736328125
70,0.05818538913726807,0.10566601133346558
71,0.06032677946090698,0.04981657028198242
72,0.056571999263763426,0.10898168611526489
73,0.05740608177185059,0.07213050127029419
74,0.057804902267456056,0.11048232221603393
75,0.058864827919006345,0.06699605321884156
76,0.0560124192237854,0.08437324142456054
77,0.05780871343612671,0.07815764093399048
78,0.05824484376907348,0.044823876857757565
79,0.056762130165100094,0.05823564243316651
80,0.057460164070129396,0.16099274015426634
81,0.06062048292160034,0.06282029294967652
82,0.05301909599304199,0.06565614461898804
83,0.057529620265960695,0.06109559965133667
84,0.05522618036270142,0.07630760145187378
85,0.0542704176902771,0.05223452806472778
86,0.05375284662246704,0.09063336658477783
87,0.05585396614074707,0.04582223558425903
88,0.05537039937973023,0.07001122617721557
89,0.05563858976364136,0.08483998346328735
90,0.05285346574783325,0.04914195394515991
91,0.05474068393707275,0.048862417697906495
92,0.0543533465385437,0.044097247123718264
93,0.05240519104003906,0.05703783559799194
94,0.05346053094863892,0.05888881540298462
95,0.05275484113693237,0.056145927906036376
96,0.05345676069259644,0.08876718044281005
97,0.05155971689224243,0.04930353021621704
98,0.05277674417495728,0.05903796815872192
99,0.05248421802520752,0.1023746371269226
100,0.05115567102432251,0.11174158859252929
101,0.05187013874053955,0.04158063650131225
102,0.052622285079956053,0.07034224939346313
103,0.05195182180404663,0.05006984996795654
104,0.05246799983978272,0.05893250560760498
105,0.05160463256835938,0.04215437364578247
106,0.051933163738250736,0.0716337490081787
107,0.05261261692047119,0.04287409019470215
108,0.049760601139068605,0.04871284532546997
109,0.0513092695236206,0.041935385227203366
110,0.05061658029556274,0.0492478199005127
111,0.0500905891418457,0.04800981569290161
112,0.05041390390396118,0.04832946014404297
113,0.051019096755981444,0.08984013175964356
114,0.05010574903488159,0.05195945262908935
115,0.05026715803146362,0.06888780069351197
116,0.050186491298675535,0.047478228569030764
117,0.04973572444915771,0.05420963191986084
118,0.0501283239364624,0.06260686111450195
119,0.05017614603042603,0.04176496744155884
120,0.04886253404617309,0.12217481279373169
121,0.05078548927307129,0.04204540681838989
