epoch,loss,val_loss
0,0.6672198097229004,0.7143754181861878
1,0.3969742432594299,0.5750668992996216
2,0.27089393463134764,0.1929709038734436
3,0.22416765956878662,0.3927563490867615
4,0.2025915283203125,0.158837158203125
5,0.18251911430358886,0.17082775545120238
6,0.17041913652420043,0.13540396547317504
7,0.17232686805725098,0.12001794528961182
8,0.1559263916015625,0.14878837394714356
9,0.14997477083206176,0.11755752611160278
10,0.14568729648590087,0.16019165134429933
11,0.13274647884368895,0.11494786357879638
12,0.13021254806518553,0.5751544151306153
13,0.1384365177154541,0.15406827878952026
14,0.12431150760650635,0.1302154049873352
15,0.13160958700180053,0.28614042949676516
16,0.12365078792572022,0.09582911920547485
17,0.11572582082748413,0.09142672395706176
18,0.10919611015319824,0.11579929447174073
19,0.10892682075500489,0.10830925941467286
20,0.10447901248931885,0.09930105686187744
21,0.103013205909729,0.09135870218276977
22,0.1014192575454712,0.09384456062316894
23,0.1004552043914795,0.0981737699508667
24,0.09990958099365234,0.09726456117630004
25,0.1005405966758728,0.11001393222808838
26,0.09534538669586182,0.08424149799346924
27,0.09167499275207519,0.1011318941116333
28,0.09514286489486694,0.1385708713531494
29,0.08863016376495361,0.09500531435012817
30,0.09489098377227784,0.09775081539154053
31,0.08911220216751099,0.07975463771820068
32,0.08697777881622315,0.07071062421798706
33,0.09088269834518432,0.08656974506378173
34,0.09016968784332276,0.07496944189071655
35,0.08572508220672607,0.12390511894226074
36,0.08535049352645874,0.07206437110900879
37,0.08056440525054932,0.13019613170623778
38,0.08479375696182251,0.0678110933303833
39,0.08126143245697022,0.0866701250076294
40,0.08211044006347656,0.08388403511047363
41,0.08113661861419677,0.06841383838653564
42,0.07849427909851074,0.07078403234481812
43,0.07609961194992065,0.06923436546325684
44,0.07641189966201782,0.1154772367477417
45,0.07513739595413207,0.07421428632736206
46,0.07366660709381104,0.09264446592330933
47,0.07729854011535645,0.07047364664077758
48,0.07422933835983277,0.08566845989227295
49,0.07230650186538697,0.08417350435256958
50,0.07453827323913574,0.06332213306427002
51,0.07274227533340454,0.07129063558578491
52,0.073371311378479,0.08278260135650635
53,0.0736459400177002,0.10575165510177613
54,0.07049674530029297,0.07834883308410645
55,0.07281272382736206,0.08725137329101562
56,0.07134201745986939,0.071730637550354
57,0.07233636779785156,0.07416121149063111
58,0.06956845502853394,0.06978235816955566
59,0.07042522296905518,0.0767319564819336
60,0.0679872368812561,0.11506049251556397
61,0.06839852199554443,0.0798944935798645
62,0.0689350170135498,0.07267906522750854
63,0.06769288063049317,0.10518237447738647
64,0.0690509635925293,0.06726963949203492
65,0.06637971448898315,0.06222883367538452
66,0.06655971822738647,0.06266108131408692
67,0.06830724020004272,0.06686584043502808
68,0.06554130973815918,0.0677390160560608
69,0.0654986379623413,0.05910856771469116
70,0.06601243333816528,0.11691530418395996
71,0.06604968004226684,0.06323254442214966
72,0.06412314071655273,0.0782141580581665
73,0.06383082704544067,0.06040743446350098
74,0.06404505949020385,0.0824285168647766
75,0.06623492422103881,0.05919891500473023
76,0.06447457609176636,0.10249611186981201
77,0.06329787244796753,0.061440162181854246
78,0.061327087116241456,0.06181254005432129
79,0.06416240367889404,0.0575226263999939
80,0.06418150386810302,0.17019355249404908
81,0.06669275074005127,0.09279068660736084
82,0.06185222320556641,0.07342363405227662
83,0.06161551399230957,0.07112094736099243
84,0.06146241044998169,0.07531022214889527
85,0.06188714647293091,0.061262621879577636
86,0.06257644987106323,0.06897052335739136
87,0.06100401029586792,0.06797683191299439
88,0.05963054523468018,0.20935145235061645
89,0.0645106523513794,0.08629952716827392
90,0.05940194969177246,0.09633261966705323
91,0.05933274049758911,0.05827465200424194
92,0.05845849313735962,0.12639911031723022
93,0.06267896499633789,0.06397585678100585
94,0.05973204107284546,0.11382760286331177
95,0.05998558931350708,0.09159346103668213
