epoch,loss,val_loss
0,0.6209777663230897,0.5887221660614014
1,0.39324876680374143,0.24341541147232057
2,0.28301953706741334,0.30481672763824463
3,0.24142328071594238,0.1847641110420227
4,0.21757245903015138,0.19521758317947388
5,0.2045201786994934,0.21387369060516356
6,0.1948380609512329,0.21569221544265746
7,0.18474874162673952,0.20346866655349732
8,0.1766809645652771,0.18730468273162842
9,0.17130640678405762,0.14016344738006592
10,0.1611490601539612,0.23423050594329833
11,0.15893319082260132,0.1274095058441162
12,0.15703099699020387,0.1253044605255127
13,0.14839465923309325,0.11427641201019287
14,0.1436109848022461,0.14020645809173585
15,0.14291625719070433,0.1581093807220459
16,0.14280980100631713,0.15362233448028564
17,0.13482338762283325,0.16822440004348754
18,0.12846802654266357,0.23406830883026122
19,0.1307930157661438,0.16939430332183839
20,0.12506621112823485,0.10899179649353027
21,0.1237417202949524,0.1953982310295105
22,0.12384514141082764,0.1561984839439392
23,0.12368140697479248,0.11629813814163208
24,0.11836497144699097,0.10656594228744506
25,0.11713681392669678,0.09358693933486939
26,0.11464246740341187,0.12176095056533813
27,0.10912613124847412,0.11757263040542602
28,0.11116414594650269,0.17041689252853393
29,0.1110344931602478,0.11273144721984864
30,0.1079416745185852,0.1251247181892395
31,0.1044320348739624,0.101212073802948
32,0.10532256126403809,0.10941014289855958
33,0.10507726716995239,0.11178418159484864
34,0.1023032953262329,0.0983316707611084
35,0.09711008672714233,0.10000261116027832
36,0.1019137053489685,0.08641094446182251
37,0.10243397483825684,0.1669741244316101
38,0.0983239188194275,0.10852236795425416
39,0.09686273174285889,0.17758158493041992
40,0.09767320184707641,0.26392995166778566
41,0.09828528823852539,0.10092981910705566
42,0.09442316036224366,0.07815699195861817
43,0.09303266458511353,0.1449814715385437
44,0.09453135223388671,0.08787006378173828
45,0.09185219402313233,0.13551931476593018
46,0.08997029695510864,0.17936794090270997
47,0.09182794437408447,0.0770502724647522
48,0.09177996835708618,0.10523213148117065
49,0.08669229259490967,0.07332830810546875
50,0.0874665732383728,0.11803067636489868
51,0.08954708681106567,0.08056026983261108
52,0.08580556421279907,0.0946152458190918
53,0.08774248085021973,0.09017074012756347
54,0.08626497220993042,0.14128462314605714
55,0.08317935991287231,0.10954135465621949
56,0.08920338382720948,0.08191462135314942
57,0.08642258749008179,0.07526332378387451
58,0.07984054365158082,0.12395698356628418
59,0.08518939876556396,0.08938974142074585
60,0.08414703416824341,0.10417918395996094
61,0.08340611104965209,0.08327602767944337
62,0.07871590242385865,0.12115997171401978
63,0.08135628824234009,0.11813639736175537
64,0.08085671167373658,0.10309883213043212
65,0.07850505228042602,0.07353583812713622
