epoch,loss,val_loss
0,0.564243710231781,0.4287330369949341
1,0.31294558420181273,0.3329879193305969
2,0.22280460615158082,0.366527268409729
3,0.19671281719207764,0.1491017656326294
4,0.18223875589370728,0.1314560914039612
5,0.16699527645111084,0.27031990718841553
6,0.16169799222946166,0.2783326687812805
7,0.1491192394256592,0.10676869344711304
8,0.1390706283569336,0.26835950899124145
9,0.13844127626419067,0.12334575366973877
10,0.1329239025115967,0.12065111064910888
11,0.12328435821533203,0.10563635206222534
12,0.13676062107086182,0.10455258655548096
13,0.12640455732345582,0.18048222160339356
14,0.11439800090789795,0.14429573917388916
15,0.11443622007369995,0.10117514085769654
16,0.11130167064666747,0.10399284410476685
17,0.11132437658309936,0.08580485200881958
18,0.10253447704315186,0.11274443483352661
19,0.10176938610076905,0.07997316169738769
20,0.1020411973953247,0.08052143764495849
21,0.10103243618011475,0.12059524869918824
22,0.09809112310409546,0.13332739067077637
23,0.10015222244262695,0.08073737478256225
24,0.09387207012176514,0.07812219333648682
25,0.09100890159606934,0.08417416763305664
26,0.09807142124176026,0.09993367910385131
27,0.09331311435699463,0.08108380174636841
28,0.09110108442306518,0.08938371181488038
29,0.09035289497375489,0.15150211668014527
30,0.0931851752281189,0.0727742691040039
31,0.0885456729888916,0.08999767208099366
32,0.08663285369873047,0.07858183240890503
33,0.08789362144470216,0.08011995553970337
34,0.08572791080474854,0.07103915166854859
35,0.08724750814437866,0.07297936105728149
36,0.08769615230560303,0.13126359272003174
37,0.08249550457000733,0.07418505382537842
38,0.08181593399047851,0.07240354824066163
39,0.0823227728843689,0.09524661684036255
40,0.08154949541091919,0.09387810707092285
41,0.08218611373901367,0.08859731101989746
42,0.08128519248962403,0.13946432638168335
43,0.08136953420639038,0.12339936208724976
44,0.08075412282943725,0.08533562278747558
45,0.07853345985412598,0.07469455289840699
46,0.07882324867248536,0.08144988441467285
47,0.07962444763183593,0.07903885746002197
48,0.07971191186904908,0.071523934841156
49,0.07600950841903686,0.26202410173416135
50,0.08347217407226562,0.07333493041992188
