epoch,loss,val_loss
0,0.6519558892250061,0.6628050136566163
1,0.37899557342529294,0.35911314153671264
2,0.24107228145599366,0.20164563941955566
3,0.1991600814819336,0.1958279719352722
4,0.17665186233520508,0.13136555719375612
5,0.16596180782318115,0.2923023076057434
6,0.15744848709106446,0.12554639959335326
7,0.14672201261520385,0.13095562887191772
8,0.14231807651519776,0.11843348693847656
9,0.12832073831558227,0.23448833274841308
10,0.13309197721481322,0.0995881462097168
11,0.12427463989257813,0.10930459403991699
12,0.12313253831863404,0.09662008380889893
13,0.11826999101638794,0.16312751293182373
14,0.11834966945648194,0.10052682065963744
15,0.10992176637649537,0.10939806318283081
16,0.1106265902519226,0.12536804389953612
17,0.10889049673080445,0.18997195959091187
18,0.10798726024627686,0.13242198038101197
19,0.10584745798110962,0.09415536737442017
20,0.10214141492843629,0.16254208564758302
21,0.09953624639511108,0.11431482791900635
22,0.09883422594070435,0.12493666315078736
23,0.10085949296951294,0.0853718695640564
24,0.09726483297348022,0.07774989318847657
25,0.09175759525299072,0.07787094402313233
26,0.0952360390663147,0.10429013204574585
27,0.09340404653549195,0.09123911619186402
28,0.08861639108657837,0.07710961484909058
29,0.09440584106445313,0.08714943408966064
30,0.09330500288009644,0.0871306529045105
31,0.0903342453956604,0.08830588626861573
32,0.08439988508224487,0.22164968729019166
33,0.08914571933746337,0.09113514852523803
34,0.08806937923431396,0.09612344789505005
35,0.08501834573745727,0.09471436405181885
36,0.08366883602142335,0.09658914279937744
37,0.0832925108909607,0.07512433290481567
38,0.08209443407058716,0.07535795164108276
39,0.08111782722473145,0.07671267652511597
40,0.08280956964492797,0.0702464189529419
41,0.07949418268203735,0.07684278202056885
42,0.0807735613822937,0.0720013017654419
43,0.07680481157302857,0.07080620098114014
44,0.07863576259613037,0.07259743452072144
45,0.07751805515289306,0.08069712972640991
46,0.08002707414627075,0.0739763321876526
47,0.07699279279708862,0.13071758127212524
48,0.07589210243225097,0.07114783906936646
49,0.07639024114608764,0.09117376852035522
50,0.07577474794387817,0.06768648862838746
51,0.07320813989639283,0.12849735307693483
52,0.07631861438751221,0.06911672019958497
53,0.07374561414718628,0.08737024593353271
54,0.07453268423080445,0.08867656421661377
55,0.07187008504867554,0.0708633861541748
56,0.07418272609710694,0.0677297797203064
57,0.07285397129058838,0.1140396146774292
58,0.0730025291442871,0.07513880157470704
59,0.07363405637741088,0.09942640113830567
60,0.07116522569656372,0.06961325407028199
61,0.07065832071304322,0.06834312343597412
62,0.06955203170776367,0.07971208477020264
63,0.07236554260253907,0.06509758281707764
64,0.0710464958190918,0.06915953350067139
65,0.0711639991760254,0.0938241639137268
66,0.06732134714126586,0.06971823740005494
67,0.07020209836959838,0.06412170839309693
68,0.0675682939529419,0.21620827627182007
69,0.06979300565719604,0.06828894424438477
70,0.06972355632781982,0.07074289560317994
71,0.0686082823753357,0.06767455530166626
72,0.06869739971160889,0.0800546646118164
73,0.0671035948753357,0.07213688516616822
74,0.06689621162414551,0.06489565134048463
75,0.06676768798828125,0.13209844064712525
76,0.06826363010406494,0.08229899501800537
77,0.06807940788269043,0.07000843238830566
78,0.06576563158035278,0.09602483606338501
79,0.06707788734436035,0.06638132810592651
80,0.06500670680999755,0.06562833213806152
81,0.06629338674545288,0.13455730628967286
82,0.06462559452056885,0.06437137365341186
83,0.06462295846939087,0.07072896575927734
