epoch,loss,val_loss
0,0.8741658732414246,0.767706536769867
1,0.7223725553512573,0.6636743936538696
2,0.6677890313148499,0.6718969697952271
3,0.64464368019104,0.7209263496398925
4,0.6330554653167725,0.6358874731063843
5,0.6201496178627014,0.6603138360977173
6,0.6120739862442016,0.6019888496398926
7,0.6024625602722168,0.587185332775116
8,0.5976291780471802,0.6243030862808228
9,0.5912658929824829,0.5732767372131348
10,0.58649497756958,0.7443288254737854
11,0.5864631910324096,0.5929264779090881
12,0.579144040775299,0.5717127728462219
13,0.5755171867370605,0.570174144744873
14,0.5717227920532226,0.7365206432342529
15,0.5702444573402404,0.558120635509491
16,0.5669658977508545,0.6130985016822815
17,0.5639039749145508,0.6319749813079834
18,0.5632751377105712,0.6029722247123718
19,0.5605519134521484,0.5524468264579773
20,0.558475669670105,0.5500785880088807
21,0.5581774395942688,0.5664492683410645
22,0.5534840101242066,0.5889521412849427
23,0.5543059741973877,0.5331344718933105
24,0.5515553193092346,0.5390272312164307
25,0.5496296195983886,0.5811900615692138
26,0.5482030155181885,0.5821721906661987
27,0.5519180006980896,0.6148213930130005
28,0.5489492074966431,0.5574921569824218
29,0.54724013671875,0.5333664426803589
30,0.5440424016952514,0.5521417427062988
31,0.5480852471351624,0.6117555952072143
32,0.5466793197631836,0.5427244815826416
33,0.5447916916847229,0.5366914954185485
