epoch,loss,val_loss
0,0.5856243858337402,0.33578839206695554
1,0.3869298901557922,0.37516424322128294
2,0.29912386140823366,0.2417287564277649
3,0.2734589444160461,0.3594418263435364
4,0.25095752849578856,0.2568738832473755
5,0.24467961444854736,0.1970886640548706
6,0.23169705572128296,0.4254585785865784
7,0.22000229110717773,0.25807105731964114
8,0.2104057421684265,0.2135832052230835
9,0.1983301830291748,0.408534366607666
10,0.19646309480667115,0.1741455888748169
11,0.19062583503723143,0.15330689239501955
12,0.1891059952735901,0.1768889455795288
13,0.17857532758712769,0.17141574954986571
14,0.1694916392326355,0.1695228753089905
15,0.171166783618927,0.4932154383659363
16,0.17194468488693238,0.1523791732788086
17,0.16609156827926636,0.22632517290115356
18,0.16563018465042115,0.1859630856513977
19,0.15717587432861327,0.14692714881896973
20,0.15427693510055543,0.15958034753799438
21,0.15473629808425904,0.20144310188293457
22,0.1522637164115906,0.12745811367034912
23,0.14439864397048952,0.1868891167640686
24,0.14898253183364868,0.16324671840667723
25,0.1456872465133667,0.1354614510536194
26,0.14544140386581422,0.12657211637496948
27,0.14117249984741212,0.1242434549331665
28,0.13912944498062133,0.13872881269454956
29,0.13934275741577148,0.1392459750175476
30,0.13845394830703736,0.14200566720962524
31,0.1347854323387146,0.21506937217712402
32,0.134898055934906,0.19566873121261597
33,0.13137441024780275,0.1501719083786011
34,0.12975870265960693,0.11131918382644654
35,0.12755178852081298,0.12908331966400147
36,0.12832070150375366,0.1272462992668152
37,0.12774281730651854,0.17131140089035035
38,0.12735731430053712,0.14539012813568114
39,0.12434312019348144,0.1420458059310913
40,0.12448287734985351,0.17879006528854371
41,0.124896724319458,0.13610029458999634
42,0.11956947841644287,0.132873863697052
43,0.1229868878364563,0.11913299322128296
44,0.1184785002708435,0.19615354585647582
45,0.11727466011047363,0.12392765855789184
46,0.11698160371780396,0.11399764966964722
47,0.11540834636688233,0.19378180027008057
48,0.11703706207275391,0.11140733861923217
49,0.11343910503387451,0.1469550747871399
50,0.11236681623458862,0.13407286977767943
51,0.11239335298538208,0.10986750221252442
52,0.11150202865600586,0.13003204679489136
53,0.1082815978050232,0.10427728223800659
54,0.10880885124206544,0.16666906881332397
55,0.10785552158355713,0.14351149082183837
56,0.1051436058998108,0.17439491510391236
57,0.10799418287277222,0.12333513069152832
58,0.10610357036590576,0.10685711717605591
59,0.10671605033874512,0.12581889343261718
60,0.10399361639022828,0.11022865962982177
61,0.10673713121414184,0.13928577804565428
62,0.10183325309753417,0.10935357570648194
63,0.10517603483200073,0.18550355768203736
64,0.1060558632850647,0.19669139909744263
65,0.10374626913070678,0.22631301212310792
66,0.10855581493377686,0.12468346643447877
67,0.09949409017562866,0.09959412860870362
68,0.1019360429763794,0.09771758222579956
69,0.09789225406646729,0.16684647178649903
70,0.0999615538597107,0.1487673544883728
71,0.09983679990768432,0.11857927942276
72,0.09927079792022706,0.10942609071731567
73,0.09836661376953125,0.11409196138381958
74,0.09547390565872192,0.11418833494186402
75,0.09665441274642944,0.23347326564788817
76,0.09713024368286133,0.11164423608779907
77,0.09451962203979491,0.10501691293716431
78,0.09581742095947265,0.09932595586776734
79,0.0969583514213562,0.10931050968170165
80,0.0919636134147644,0.22769759798049927
81,0.09767394514083862,0.1131823649406433
82,0.092123832321167,0.201186598777771
83,0.09425231685638427,0.1274120635986328
84,0.09336639852523804,0.23016870546340942
85,0.09611631002426148,0.10283561134338379
86,0.09183228521347046,0.14580305910110475
87,0.0903142783164978,0.09284800004959107
88,0.09048942365646362,0.1133433837890625
89,0.08946203117370606,0.12792578411102296
90,0.09091250658035278,0.11046630859375
91,0.09150698976516723,0.09005477428436279
92,0.08920843801498413,0.10594274997711181
93,0.08956031141281127,0.09749054718017579
94,0.08938273944854737,0.10539289855957032
95,0.0890103133201599,0.09995817232131958
96,0.08590976257324219,0.09806103324890136
97,0.08626951637268067,0.10776917266845704
98,0.08725069856643677,0.09291507530212402
99,0.08559570255279542,0.09101195096969604
100,0.08571554508209228,0.08881022787094116
101,0.08585321187973022,0.09063751983642578
102,0.08571043672561646,0.11656662511825562
103,0.08513567838668823,0.09840819025039672
104,0.0847480372428894,0.10346629190444946
105,0.08592817659378052,0.08806024312973022
106,0.08617235927581787,0.10244936513900757
107,0.08454661417007446,0.18123845863342286
108,0.08743147554397583,0.08963385009765625
109,0.0837467601776123,0.15369784784317017
110,0.0821545648574829,0.1359795422554016
111,0.08713476486206055,0.10202863597869873
112,0.08354814291000366,0.1116162133216858
113,0.08162439155578613,0.10634098672866821
114,0.08276207008361816,0.11133639001846314
115,0.08266539030075074,0.10470975065231324
116,0.08048261814117431,0.0870391845703125
117,0.07966137256622315,0.10047571754455567
118,0.08281575069427491,0.08997558546066284
119,0.08127798223495483,0.12390606498718262
120,0.08040442867279053,0.12986504459381104
121,0.07910020732879638,0.10733135271072387
122,0.07968969144821167,0.1122694091796875
123,0.07814705076217651,0.0937364149093628
124,0.07909273691177368,0.09146671342849731
125,0.07692712879180909,0.11067207050323487
126,0.08061807365417481,0.09787999868392944
127,0.0759409215927124,0.1498348021507263
128,0.07857267999649048,0.11187709045410156
129,0.0784357946395874,0.09575319623947144
130,0.07922258348464965,0.0959670181274414
131,0.07676496953964233,0.11127112913131713
132,0.07805349283218384,0.0948046522140503
133,0.07631393766403198,0.09414026498794556
134,0.07574446821212769,0.09107621479034424
135,0.0778336127281189,0.08966845035552978
136,0.07607088041305542,0.08890915155410767
