epoch,loss,val_loss
0,0.9999878261566162,0.9999877281188965
1,0.9999877933502197,0.9999876837730408
2,0.9999877587318421,0.9999876546859742
3,0.9999877202033997,0.9999876165390015
4,0.9999876907348633,0.9999875798225403
5,0.9999876420021057,0.9999875431060791
6,0.9999876147270202,0.9999874987602234
7,0.9999875693321228,0.9999874620437622
8,0.9999875312805175,0.9999874238967895
9,0.9999874966621399,0.9999873795509339
10,0.9999874543190003,0.9999873428344727
11,0.9999874029159546,0.9999872984886169
12,0.9999873703002929,0.9999872465133667
13,0.9999873246192932,0.9999872174263
14,0.999987279510498,0.9999871792793273
15,0.9999872393608094,0.9999871273040771
16,0.9999871923446655,0.9999870753288269
17,0.9999871459007263,0.9999870386123657
18,0.999987101840973,0.99998699426651
19,0.9999870564460754,0.9999869422912597
20,0.9999870009422303,0.999986882686615
21,0.999986958026886,0.9999868307113647
22,0.9999869032859803,0.9999868016242981
23,0.9999868563652039,0.9999867420196533
24,0.9999868016242981,0.9999866976737976
25,0.9999867486000061,0.9999866380691528
26,0.9999867045402527,0.999986578464508
27,0.9999866423606872,0.9999865126609803
28,0.9999865769386291,0.9999864606857299
29,0.9999865298271179,0.9999864010810852
30,0.9999864729881287,0.999986349105835
31,0.9999864137649536,0.9999862895011902
32,0.9999863550186158,0.9999862298965454
33,0.9999862962722779,0.9999861640930175
34,0.9999862295150757,0.9999860968589783
35,0.9999861702919006,0.9999860372543335
36,0.9999861022949219,0.9999859714508057
37,0.9999860315322876,0.9999859042167664
38,0.9999859628677368,0.9999858446121216
39,0.9999858950614929,0.9999857788085937
40,0.9999858267784119,0.99998570394516
41,0.9999857502937317,0.9999856152534485
42,0.9999856790542603,0.9999855480194092
43,0.9999856033325195,0.9999854745864868
44,0.9999855224609375,0.9999853935241699
45,0.9999854409217834,0.9999853110313416
46,0.9999853641510009,0.9999852223396302
47,0.9999852737426758,0.9999851489067078
48,0.9999851961135864,0.9999850511550903
49,0.9999851047515869,0.9999849700927734
50,0.9999850122451782,0.9999848737716674
51,0.9999849279403686,0.999984785079956
52,0.9999848313331604,0.999984673500061
53,0.9999847370147705,0.9999845924377442
54,0.9999846257209778,0.9999844884872436
55,0.9999845330238343,0.9999843692779541
56,0.999984432888031,0.9999842805862427
57,0.9999843246459961,0.9999841690063477
58,0.9999842045783996,0.9999840512275696
59,0.9999840954780579,0.9999839396476745
60,0.9999839827537537,0.999983820438385
61,0.9999838530540466,0.9999836950302124
62,0.9999837350845336,0.9999835758209229
63,0.9999836046218872,0.9999834351539612
64,0.9999834703445435,0.9999833021163941
65,0.9999833367347717,0.9999831614494323
66,0.9999832062721252,0.9999830207824707
67,0.9999830528259277,0.9999828724861145
68,0.9999829067230225,0.9999827165603637
69,0.9999827554702759,0.9999825682640076
70,0.999982592868805,0.9999823894500732
71,0.9999824201583862,0.9999822273254394
72,0.9999822539329529,0.9999820485115051
73,0.9999820781707763,0.9999818634986878
74,0.9999818964004517,0.9999816784858704
75,0.9999817074775695,0.9999814705848694
76,0.9999815090179444,0.999981285572052
77,0.9999812994003295,0.9999810547828675
78,0.9999810888290406,0.999980854511261
79,0.9999808632850647,0.9999806175231933
80,0.9999806397438049,0.9999803729057312
81,0.9999803820610046,0.999980128288269
82,0.9999801384925843,0.9999798760414124
83,0.9999798624992371,0.9999795794487
84,0.9999795896530151,0.9999792981147766
85,0.9999793034553528,0.9999789938926696
86,0.999978990650177,0.9999786820411682
87,0.9999786789894104,0.9999783563613892
88,0.9999783299446106,0.9999780001640319
89,0.9999779808044433,0.9999776363372803
90,0.999977614402771,0.9999772357940674
91,0.9999772104263306,0.9999768290519714
92,0.9999767935752869,0.9999763751029969
93,0.9999763373374939,0.9999759163856506
94,0.999975869846344,0.9999754118919373
95,0.9999753497123718,0.9999749011993408
96,0.9999748046875,0.9999743065834046
97,0.9999742231369019,0.9999736919403076
98,0.9999736075401306,0.9999730238914489
99,0.9999729309082032,0.9999723191261292
100,0.9999721971511841,0.9999715332984924
101,0.9999713969230651,0.9999706878662109
102,0.9999705048561096,0.9999697461128235
103,0.9999695427894593,0.9999687156677246
104,0.9999684837341308,0.9999675812721253
105,0.9999672982215881,0.9999662985801697
106,0.9999659869194031,0.999964873790741
107,0.9999645041465759,0.9999632501602173
108,0.9999628112792969,0.9999614109992981
109,0.9999608695030212,0.9999592828750611
110,0.9999586442947388,0.9999568138122559
111,0.9999560329437256,0.9999539213180542
112,0.9999529677391052,0.9999504814147949
113,0.999949293422699,0.9999463353157043
114,0.9999448034286499,0.9999411969184876
115,0.9999391917228698,0.999934633731842
116,0.9999319331169129,0.9999260325431824
117,0.9999221587181091,0.9999140849113465
118,0.9999080614089966,0.9998960127830505
119,0.9998856932640076,0.9998656935691833
120,0.9998448481559753,0.9998046202659607
121,0.9997478611946106,0.9996249446868897
122,0.999122086429596,0.9899933309555053
123,0.049040526580810546,6.127357482910156e-06
124,6.134109497070313e-05,2.350807189941406e-06
125,3.671131134033203e-05,1.2903213500976562e-06
126,2.5661659240722657e-05,8.487701416015625e-07
127,2.0024871826171874e-05,6.189346313476563e-07
128,1.58966064453125e-05,4.749298095703125e-07
129,1.325531005859375e-05,3.7384033203125e-07
130,1.1298370361328126e-05,2.880096435546875e-07
131,9.781646728515625e-06,2.4509429931640626e-07
132,8.727264404296874e-06,2.17437744140625e-07
133,7.749176025390625e-06,1.86920166015625e-07
134,6.928253173828125e-06,1.5926361083984376e-07
135,6.29425048828125e-06,1.4400482177734375e-07
136,5.78155517578125e-06,1.163482666015625e-07
137,5.35430908203125e-06,1.163482666015625e-07
138,4.91943359375e-06,1.010894775390625e-07
139,4.67681884765625e-06,1.010894775390625e-07
140,4.2205810546875e-06,1.010894775390625e-07
141,3.99017333984375e-06,7.343292236328125e-08
142,3.80096435546875e-06,7.343292236328125e-08
143,3.570556640625e-06,7.343292236328125e-08
144,3.36761474609375e-06,5.817413330078125e-08
145,3.15399169921875e-06,5.817413330078125e-08
146,3.01971435546875e-06,5.817413330078125e-08
147,2.8553009033203127e-06,5.817413330078125e-08
148,2.73284912109375e-06,4.291534423828125e-08
149,2.6092529296875e-06,4.291534423828125e-08
150,2.50396728515625e-06,4.291534423828125e-08
151,2.39410400390625e-06,4.291534423828125e-08
152,2.288818359375e-06,4.291534423828125e-08
153,2.21710205078125e-06,4.291534423828125e-08
154,2.1209716796875e-06,4.291534423828125e-08
155,2.1026611328125e-06,4.291534423828125e-08
156,1.9927978515625e-06,4.291534423828125e-08
157,1.91192626953125e-06,3.0517578125e-08
158,1.85546875e-06,3.0517578125e-08
159,1.7791748046875e-06,3.0517578125e-08
160,1.71966552734375e-06,3.0517578125e-08
161,1.67388916015625e-06,3.0517578125e-08
162,1.64031982421875e-06,3.0517578125e-08
163,1.5716552734375e-06,3.0517578125e-08
164,1.5380859375e-06,3.0517578125e-08
165,1.4862060546875e-06,3.0517578125e-08
166,1.45263671875e-06,3.0517578125e-08
167,1.44195556640625e-06,3.0517578125e-08
168,1.373291015625e-06,3.0517578125e-08
169,1.35345458984375e-06,3.0517578125e-08
170,1.3092041015625e-06,3.0517578125e-08
171,1.29241943359375e-06,3.0517578125e-08
172,1.251220703125e-06,3.0517578125e-08
173,1.21002197265625e-06,1.52587890625e-08
174,1.1932373046875e-06,1.52587890625e-08
175,1.17034912109375e-06,1.52587890625e-08
176,1.15966796875e-06,0.0
177,1.12457275390625e-06,0.0
178,1.09405517578125e-06,0.0
179,1.0589599609375e-06,0.0
180,1.06353759765625e-06,0.0
181,1.02386474609375e-06,0.0
182,9.94873046875e-07,0.0
183,1.007080078125e-06,0.0
184,9.735107421875e-07,0.0
185,9.3994140625e-07,0.0
186,9.3231201171875e-07,0.0
187,9.2010498046875e-07,0.0
188,8.97216796875e-07,0.0
189,8.8043212890625e-07,0.0
190,8.72802734375e-07,0.0
191,8.4991455078125e-07,0.0
192,8.392333984375e-07,0.0
193,8.2550048828125e-07,0.0
194,8.209228515625e-07,0.0
195,7.965087890625e-07,0.0
196,7.781982421875e-07,0.0
