epoch,loss,val_loss
0,0.8334291183471679,0.6010131487846374
1,0.5879551536560058,0.37326960563659667
2,0.3854633039474487,0.2863551139831543
3,0.2839731213569641,0.343608455657959
4,0.2503509575843811,0.2362340168952942
5,0.2325442051887512,0.2215059838294983
6,0.2208203079223633,0.19269463968276979
7,0.21562555999755859,0.19990869855880739
8,0.2087127368927002,0.18864945888519288
9,0.2024583688735962,0.19310212230682372
10,0.19892571382522584,0.17921043729782105
11,0.19256527118682862,0.20850814247131347
12,0.19256129083633422,0.18721552371978759
13,0.18940496435165405,0.18506128883361816
14,0.18599582061767578,0.19620263624191284
15,0.18353339519500733,0.1743405432701111
16,0.1812950839996338,0.2059399104118347
17,0.17963650102615356,0.17009957933425904
18,0.17768171663284302,0.18304786729812622
19,0.17760892972946166,0.18189667892456055
20,0.17488438329696654,0.8692456722259522
21,0.18278621015548707,0.1703093547821045
22,0.17585410509109498,0.17377544450759888
23,0.17098442144393922,0.1625839056968689
24,0.1708895429611206,0.16680245876312255
25,0.17010304231643678,0.1636412148475647
26,0.16733732528686523,0.1718299870491028
27,0.1666351254463196,0.16208852577209473
28,0.16850545816421508,0.239047034740448
29,0.16915517072677613,0.166145188331604
30,0.1668299485206604,0.16816067552566527
31,0.16525394334793092,0.23089559698104858
32,0.1681305543899536,0.1585985870361328
33,0.16400412292480468,0.15914785861968994
34,0.1647584529876709,0.15662882328033448
35,0.16440374269485475,0.1725732684135437
36,0.16340042276382447,0.15998757886886597
37,0.1644075798034668,0.18156002616882325
38,0.16295642766952514,0.1688624725341797
39,0.16064846715927125,0.18100929498672486
40,0.15828403720855713,0.2394940366744995
41,0.1612615930557251,0.1569846978187561
42,0.1609969326019287,0.16382912635803223
43,0.16000036029815673,0.21134388399124146
44,0.16174923009872436,0.18121341705322266
45,0.1605550130844116,0.17161180114746094
46,0.15790823669433593,0.17897328996658327
47,0.1574101396560669,0.18220925712585448
48,0.15644041023254396,0.16959786891937256
49,0.15810820693969727,0.1968349542617798
50,0.1561845916748047,0.16025360345840453
