epoch,loss,val_loss
0,0.5657680404663086,0.2708903360366821
1,0.33329255208969116,0.2337148084640503
2,0.2506777889251709,0.23253388643264772
3,0.2161108250617981,0.30302726554870607
4,0.19270636548995973,0.14600374031066896
5,0.17802253112792968,0.20377826356887818
6,0.16579521503448486,0.20395672512054444
7,0.16129295244216918,0.17614013051986693
8,0.1536720326423645,0.11339258337020874
9,0.142289554977417,0.48909117698669435
10,0.14308049383163451,0.10287617921829223
11,0.1304923668861389,0.14246962738037108
12,0.12990335273742676,0.1286405324935913
13,0.1256862473487854,0.18735226011276246
14,0.11740644807815552,0.11425778102874756
15,0.11474637966156005,0.10811070203781128
16,0.1128092448234558,0.08480199766159058
17,0.10980467748641967,0.11490665912628174
18,0.1049202452659607,0.10995434522628784
19,0.10380040121078492,0.07922222757339478
20,0.10169128170013428,0.11743406867980957
21,0.09941887826919556,0.12422622060775756
22,0.0978120379447937,0.08953755474090576
23,0.10077430009841919,0.1023250789642334
24,0.09325261516571044,0.09403351211547852
25,0.09427950296401978,0.08815475559234619
26,0.08787059698104858,0.14968877744674683
27,0.08981022939682007,0.13928911209106445
28,0.08693700132369996,0.13553729009628296
29,0.0873948748588562,0.13338186073303224
30,0.08444361982345581,0.08363257122039795
31,0.08427624816894531,0.15478150606155394
32,0.0845275990486145,0.10421322345733643
33,0.08305620861053467,0.07118263626098632
34,0.08284097623825074,0.0636975040435791
35,0.07941305856704711,0.07007253646850586
36,0.07723892574310302,0.06408612728118897
37,0.07927253007888795,0.0607286171913147
38,0.07475943813323975,0.07160932111740112
39,0.07695089178085328,0.11953743124008179
40,0.07439367094039917,0.0578718581199646
41,0.07874714450836182,0.1033658938407898
42,0.07262884969711304,0.174848566532135
43,0.07466325416564941,0.14888001680374147
44,0.0719172251701355,0.07175244760513305
45,0.07154802503585815,0.05774525785446167
46,0.06630242338180542,0.09427858781814576
47,0.07093037157058715,0.06920538091659546
48,0.07061720209121704,0.09589344358444214
49,0.07197115125656128,0.06417475318908691
50,0.06709998083114624,0.06655475330352784
51,0.06798627052307128,0.09542507123947143
52,0.06578172950744629,0.06044005012512207
53,0.06770639476776123,0.05587495470046997
54,0.06509876270294189,0.06063587713241577
55,0.06399180183410645,0.06645845985412598
56,0.06637442350387573,0.060071938037872315
57,0.06442987842559815,0.05960295057296753
58,0.06393855180740357,0.08388751935958862
59,0.06215983514785767,0.08018644809722901
60,0.06304127416610718,0.1442127227783203
61,0.06440995035171508,0.0688970685005188
62,0.06310233697891235,0.17180859661102296
63,0.06482574272155761,0.0720625238418579
64,0.06215139465332031,0.058604172706604
65,0.06032519979476929,0.05461688756942749
66,0.06008201322555542,0.05637031030654907
67,0.060467536067962645,0.05717582416534424
68,0.060315316295623776,0.06785066509246826
69,0.05955755233764649,0.14286657905578612
70,0.05981740665435791,0.05577380132675171
71,0.059239013862609866,0.10678528690338135
72,0.057489522647857665,0.33720969915390014
73,0.06557899236679077,0.0759735689163208
74,0.05814513807296753,0.0829534707069397
75,0.0574358847618103,0.06303375053405762
76,0.057373982429504394,0.08166585302352905
77,0.05713811655044556,0.0671197419166565
78,0.05721779727935791,0.05143340635299683
79,0.05550202665328979,0.053365423202514646
80,0.05606443099975586,0.05374403476715088
81,0.05490459127426148,0.11476066827774048
82,0.05898498706817627,0.054646578788757325
83,0.05676518030166626,0.07485015296936035
84,0.054798901176452634,0.05066406011581421
85,0.05489807081222534,0.06413778924942017
86,0.05501378860473633,0.09258932065963744
87,0.05658269920349121,0.060473060131072995
88,0.05524861221313476,0.051650900840759274
89,0.05515587739944458,0.052074992656707765
90,0.055445711898803714,0.06037145709991455
91,0.05418781156539917,0.05292850351333618
92,0.05503457508087158,0.07121369218826294
93,0.05245681791305542,0.05600986289978027
94,0.05555700969696045,0.07969324827194214
95,0.053671854400634766,0.0767369532585144
96,0.05359909372329712,0.0611534833908081
97,0.05305931644439697,0.05401483535766602
98,0.052600190830230716,0.07991724634170533
99,0.053311939907073974,0.0514099497795105
100,0.052353373718261716,0.09469936561584473
