epoch,loss,val_loss
0,0.8326130299568176,0.9068258333206177
1,0.44097916259765624,0.2668115677833557
2,0.24884717779159546,0.39033195686340333
3,0.18522678480148316,0.21386452388763427
4,0.17017150220870972,0.1408974838256836
5,0.15136535139083862,0.1079586935043335
6,0.13587244510650634,0.09112661409378052
7,0.12655318117141723,0.10696217823028564
8,0.11652802953720093,0.14826671981811523
9,0.10906397743225098,0.08408452272415161
10,0.10423516254425048,0.15734363412857055
11,0.09934380846023559,0.06673860073089599
12,0.0956995327949524,0.07032968902587891
13,0.09017581186294556,0.06467519760131836
14,0.08514926643371581,0.06493521595001221
15,0.08208689155578613,0.05964463901519775
16,0.08057864379882812,0.07482991600036622
17,0.08041045122146606,0.05775364398956299
18,0.07701142997741699,0.09816313409805298
19,0.07421202116012574,0.12288611793518066
20,0.07226665458679199,0.05622109985351562
21,0.07253389768600464,0.06706834077835083
22,0.07010345096588134,0.07613122749328613
23,0.069584681224823,0.10402445316314697
24,0.06981603212356567,0.05764986181259155
25,0.06767299814224244,0.058045042037963866
26,0.06583466863632202,0.10945998048782349
27,0.06528774976730346,0.0760904974937439
28,0.06459270753860473,0.05921293640136719
29,0.06549763011932373,0.0555392894744873
30,0.06195265636444092,0.053828349113464354
31,0.06164963216781616,0.06836146402359009
32,0.0609442551612854,0.047826234340667725
33,0.06120365028381348,0.055901317596435546
34,0.059674003887176516,0.056243581771850584
35,0.0600346076965332,0.05531809854507446
36,0.05940367069244385,0.04840809440612793
37,0.0590776123046875,0.06479779624938965
38,0.05884973077774048,0.05253440380096436
39,0.058268041229248044,0.05266454410552979
40,0.05804584007263184,0.05159527206420898
41,0.05795597248077393,0.04786766004562378
42,0.05779225435256958,0.045916470050811765
43,0.0564928768157959,0.0803639497756958
44,0.05616056327819824,0.04924208688735962
45,0.054032415866851806,0.053762564659118654
46,0.05588045692443848,0.12201010608673096
47,0.0574043270111084,0.07046675300598144
48,0.05380285148620605,0.06453251123428344
49,0.054706588459014896,0.05788666868209839
50,0.05433187685012817,0.05622951459884644
51,0.054982666301727295,0.048060657024383543
52,0.053111949729919436,0.04770240879058838
