epoch,loss,val_loss
0,0.5556168313026428,0.23345051717758178
1,0.27852530841827394,0.25960684394836425
2,0.19260085821151735,0.13217738914489746
3,0.1594222333908081,0.1244638934135437
4,0.13938518037796022,0.09423674488067627
5,0.12668088464736937,0.26711075735092166
6,0.11783125429153442,0.18128634309768676
7,0.11194440412521363,0.13120701217651368
8,0.10483536605834962,0.33111134338378906
9,0.09883707008361817,0.28817048740386964
10,0.09257980432510377,0.10761012649536132
11,0.08586481647491455,0.08520836162567139
12,0.08355089607238769,0.060657874584197996
13,0.07870776357650756,0.09756364297866821
14,0.0775201205253601,0.06601430463790893
15,0.07390075044631958,0.0910700716972351
16,0.07181152257919311,0.053988533973693846
17,0.06859606037139893,0.05930468559265137
18,0.07077923498153686,0.05328323936462402
19,0.06612688665390015,0.057845659732818605
20,0.06671598052978515,0.1651883249282837
21,0.06579956188201905,0.08868184900283814
22,0.061964488220214844,0.06491784048080444
23,0.06334004573822022,0.049681766510009766
24,0.06158097743988037,0.049841932773590086
25,0.060453293704986574,0.049018054008483886
26,0.059628341579437256,0.047448513984680175
27,0.0581156494140625,0.07570204401016235
28,0.057983128547668454,0.05487825775146484
29,0.05651996831893921,0.053119670391082764
30,0.05676515226364136,0.059544598579406735
31,0.05392440795898437,0.06584358644485473
32,0.05601643648147583,0.06680793666839599
33,0.05487463874816895,0.05992200231552124
34,0.05497823572158814,0.043451118469238284
35,0.05139290933609009,0.04814067268371582
36,0.0526649471282959,0.04357733345031738
37,0.0532807993888855,0.04917704486846924
38,0.051311579895019534,0.06615317487716675
39,0.05148265428543091,0.04312032508850098
40,0.05048699264526367,0.07002071380615234
41,0.05224159202575684,0.0717764811515808
42,0.05170406312942505,0.04150792694091797
43,0.05078142442703247,0.054481735706329346
44,0.04827551155090332,0.052544666767120364
45,0.05050297842025757,0.03992539596557617
46,0.04946603841781616,0.06595013570785523
47,0.050490712070465085,0.07195125102996826
48,0.04848654670715332,0.15709424877166747
49,0.0503306736946106,0.05316023349761963
50,0.04761774339675903,0.05644322729110718
51,0.049244937229156495,0.08562158250808716
52,0.045945958709716794,0.05968703985214233
53,0.04736010475158691,0.058475103855133055
54,0.04620867700576782,0.07213703680038452
55,0.045859497165679934,0.04357824420928955
56,0.04713750505447388,0.0465054235458374
57,0.046229360103607176,0.04551402521133423
58,0.046959082794189456,0.08596333789825439
59,0.0475126877784729,0.06612280607223511
60,0.0459601713180542,0.04223681116104126
61,0.046767347717285156,0.03839899253845215
62,0.04639746913909912,0.041944622039794925
63,0.0457932297706604,0.040417243003845214
64,0.04509089031219483,0.05081564044952393
65,0.04456335287094116,0.05127183961868286
66,0.04511800184249878,0.04105116844177246
67,0.045044240760803225,0.04682604074478149
68,0.04478117475509644,0.041197330474853515
69,0.04279204435348511,0.041548773765563964
70,0.044914057350158694,0.04124202394485474
71,0.04420150461196899,0.04019226312637329
72,0.04310707693099976,0.04367262697219849
73,0.04450079717636109,0.040528240203857424
74,0.043974420166015625,0.04264066457748413
75,0.04378263950347901,0.04378210163116455
76,0.043433919429779054,0.10717261838912964
77,0.04359329195022583,0.043999688625335695
