epoch,loss,val_loss
0,0.6797150614738464,0.49981420135498045
1,0.3888326585769653,0.33736738443374636
2,0.2656437099456787,0.19803011655807495
3,0.22615206813812255,0.26849750375747683
4,0.20745395164489747,0.1575111975669861
5,0.18996447191238403,0.190863290309906
6,0.18416618719100952,0.2015207509994507
7,0.1752757724761963,0.13242250490188598
8,0.16679740476608276,0.14054120588302613
9,0.163968035030365,0.20304745864868165
10,0.15596724128723144,0.16856481313705443
11,0.15618084392547607,0.21234637260437011
12,0.1476610474586487,0.1366156678199768
13,0.15087647953033448,0.12291241598129272
14,0.1446464814186096,0.12335058403015137
15,0.14170222845077515,0.1135106725692749
16,0.1388888313293457,0.21937211418151856
17,0.13793760995864868,0.10563122844696045
18,0.1297769193649292,0.11687378311157226
19,0.13453209047317505,0.11100585794448853
20,0.1316794102668762,0.12259864139556885
21,0.12843419008255005,0.22593423318862915
22,0.12949118967056275,0.10465894651412964
23,0.1232332592010498,0.19722165775299072
24,0.12208659524917602,0.10275211954116821
25,0.12139643001556397,0.12908049583435058
26,0.11892974262237549,0.17719025897979737
27,0.11896825761795043,0.0960789065361023
28,0.11207938432693482,0.14923539257049562
29,0.1177620701789856,0.17755161905288697
30,0.11758933095932007,0.10295796966552734
31,0.11014661598205566,0.12851075363159178
32,0.1083027642250061,0.09641865682601929
33,0.11118713865280151,0.09113954782485961
34,0.10816934413909912,0.0958817114830017
35,0.10538402938842774,0.1305209140777588
36,0.10686176538467407,0.15848329734802247
37,0.10201457252502441,0.1275023717880249
38,0.10445040254592895,0.13421880531311034
39,0.10413791017532349,0.10931055688858032
40,0.10429264612197876,0.09396530294418334
41,0.10529331474304199,0.09172602224349975
42,0.10074862442016602,0.08931404304504395
43,0.09878435945510865,0.19779582166671753
44,0.1002764549255371,0.08863707685470582
45,0.10052212762832642,0.10497700357437134
46,0.09910681285858154,0.08866182231903076
47,0.09993038625717163,0.08960810995101928
48,0.09588231811523437,0.10779470157623292
49,0.09507192344665527,0.08362481355667115
50,0.0968361400604248,0.08617718696594238
51,0.09808956823349,0.13291169929504396
52,0.09360897626876831,0.08414416742324829
53,0.09127548732757568,0.10820733261108398
54,0.09405042724609375,0.09134717273712158
55,0.09412076654434204,0.09422251272201539
56,0.08882202091217041,0.14367086172103882
57,0.0920026346206665,0.07899395704269409
58,0.0915543228149414,0.08685870313644409
59,0.08896214694976806,0.1318535861968994
60,0.09111382694244385,0.08074472618103028
61,0.09133424348831176,0.17554969215393065
62,0.0894266939163208,0.08099337577819825
63,0.08776625089645386,0.16594344091415406
64,0.09037848052978516,0.08010986661911011
65,0.0868701057434082,0.07605505084991455
66,0.08754597215652465,0.08622759294509888
67,0.08627936220169068,0.12532565784454347
68,0.08514616184234619,0.07804258155822753
69,0.08641810894012451,0.0861016526222229
70,0.0848725209236145,0.0815277328491211
71,0.08520483703613281,0.09122590065002441
72,0.08496727313995361,0.0925977258682251
73,0.0848370418548584,0.09492900228500366
74,0.08197258262634277,0.09168432569503784
75,0.08489730110168457,0.08195021486282349
76,0.08431022720336914,0.11731414079666137
77,0.08638289222717285,0.0753039026260376
78,0.07960159349441528,0.07686839485168458
79,0.08065782451629638,0.1303859705924988
80,0.08215046482086182,0.0778784670829773
81,0.08073185548782348,0.1375834608078003
82,0.081184206199646,0.07675151252746581
83,0.08136705055236816,0.09226789951324463
84,0.08184439039230347,0.09829296064376832
85,0.08017635354995728,0.08601916027069091
86,0.08068271245956421,0.0979987497329712
87,0.0799790057182312,0.10893173313140869
88,0.08032802848815918,0.07643041944503784
89,0.0797540680885315,0.07520370244979858
90,0.07882156963348388,0.10431169080734252
91,0.07902318143844604,0.09250725555419922
92,0.07453148927688599,0.07616664123535156
93,0.07834476404190063,0.07748978185653686
94,0.07867325458526611,0.082480140209198
95,0.07770379438400268,0.1258446865081787
96,0.0801152572631836,0.07579159450531006
97,0.07615733737945557,0.09363543510437011
98,0.07572340116500854,0.24486263370513917
99,0.08212601003646851,0.09136802911758422
100,0.076349560546875,0.09742417049407959
101,0.07364125595092773,0.0880421962738037
102,0.0788788010597229,0.09189679718017578
103,0.07458692378997803,0.08071859169006347
104,0.07404673118591308,0.07890933895111084
105,0.07360317878723145,0.0867539038658142
