epoch,loss,val_loss
0,0.5619621410369873,0.45717864751815795
1,0.38024275245666506,0.29499887084960935
2,0.3178312188148499,0.3710330481529236
3,0.28572670764923097,0.2782078099250793
4,0.26862578268051146,0.2790241317749023
5,0.25156673755645753,0.36654847431182863
6,0.24186615734100342,0.20388244199752809
7,0.22875734596252442,0.18171494531631469
8,0.22814038066864015,0.20375081539154052
9,0.21561512718200684,0.2022973699569702
10,0.21079993782043457,0.16266968965530396
11,0.19891139583587647,0.15580249309539795
12,0.19467649250030516,0.16453559255599975
13,0.1914872477531433,0.16708394145965577
14,0.18632847995758056,0.16150853109359742
15,0.17680489444732667,0.1379426784515381
16,0.1648056336402893,0.198268253326416
17,0.16936903018951416,0.16448075199127196
18,0.15935490350723266,0.21071033668518066
19,0.1539752233505249,0.13039653396606446
20,0.14617185459136964,0.14182827615737914
21,0.14973725671768187,0.14124063205718995
22,0.14672145729064942,0.12014217472076416
23,0.14074573631286622,0.13734777021408082
24,0.14017806997299195,0.1623116102218628
25,0.1382558979034424,0.14754243326187133
26,0.1354975555419922,0.16824242448806762
27,0.12804333658218384,0.12596847915649415
28,0.1313829065322876,0.13129912757873535
29,0.1238039571762085,0.12123552751541138
30,0.12254093542099,0.13604412317276002
31,0.11873408470153808,0.1062990779876709
32,0.11909684000015258,0.13737587213516236
33,0.11193648147583007,0.09741266536712646
34,0.11020927991867066,0.11194192457199097
35,0.10840494117736817,0.09878117561340333
36,0.1091326379776001,0.08481640672683716
37,0.10957251443862916,0.11895673561096191
38,0.10499811267852784,0.0920401201248169
39,0.10589703369140625,0.09968392944335938
40,0.10281037817001343,0.10597344398498536
41,0.10361603555679322,0.10834414529800415
42,0.09926270160675049,0.08600086498260498
43,0.10056965837478637,0.08913827323913574
44,0.09906534824371338,0.09202622699737549
45,0.09265626249313355,0.10819955730438233
46,0.09467453022003174,0.10394466114044189
47,0.09344273519515991,0.11538955116271973
48,0.0959207326889038,0.09851115369796754
49,0.0919592740058899,0.0857598476409912
50,0.08932187356948852,0.08381984663009644
51,0.08884392461776733,0.16481921577453612
52,0.09045013980865478,0.11418701219558716
53,0.0888022165298462,0.1519839096069336
54,0.08767321319580078,0.12069787788391113
55,0.08590542593002319,0.08107877731323242
56,0.08292222394943237,0.11826493406295777
57,0.08294643564224242,0.08462628364562988
58,0.08168826131820679,0.07632958316802979
59,0.08213436241149902,0.10420199728012085
60,0.08364480657577515,0.08083075284957886
61,0.08138857440948487,0.08449437427520752
62,0.08059279499053955,0.07427865266799927
63,0.07789394903182983,0.08838994121551513
64,0.07616877288818359,0.13707311296463012
65,0.07763905639648437,0.07888982009887695
66,0.0770782603263855,0.10824270963668824
67,0.07891429748535156,0.08739879846572876
68,0.07773192987442017,0.08648667240142822
69,0.07685810899734496,0.09776355028152466
70,0.07459163742065429,0.08526187992095947
71,0.07237679738998413,0.10310363912582397
72,0.07225741481781006,0.14075639057159423
73,0.07317335653305054,0.07256866931915283
74,0.07431706409454346,0.09464899253845215
75,0.07339571952819825,0.07825395298004151
76,0.07200560216903687,0.07641615438461304
77,0.07140075263977051,0.07959295558929444
78,0.07087120790481567,0.10140068626403809
79,0.07140510091781616,0.08280182933807373
80,0.0709520191192627,0.08037210035324097
81,0.06924380474090576,0.07394682216644287
82,0.06953602533340454,0.07558555555343628
83,0.06902784051895142,0.1175403470993042
84,0.06955467138290405,0.10919640398025512
85,0.06823431015014648,0.12099331617355347
86,0.06582196769714356,0.07282987546920776
87,0.06753377294540405,0.06705187368392944
88,0.0650700309753418,0.10459350681304931
89,0.0675123948097229,0.12276012134552002
90,0.06549562339782715,0.0772303056716919
91,0.06189537973403931,0.1403012490272522
92,0.06749308958053589,0.06990284776687622
93,0.06584359874725342,0.07466726779937743
94,0.06474076509475708,0.07935043239593506
95,0.06396080560684204,0.0703217806816101
96,0.06365404319763183,0.06211888122558594
97,0.06517279481887818,0.07842930984497071
98,0.0626893723487854,0.07760700893402099
99,0.0631339903831482,0.10638833475112915
100,0.062104860019683836,0.07931910562515258
101,0.06380301532745361,0.0652266092300415
102,0.06194553194046021,0.07898046445846557
103,0.06126530532836914,0.05443185567855835
104,0.062020297145843506,0.16120693349838258
105,0.06106110801696777,0.06642239236831665
106,0.06143701305389404,0.13298059463500977
107,0.06262337322235108,0.13276297092437744
108,0.060070069599151614,0.08410560750961303
109,0.06130127878189087,0.0725486798286438
110,0.06021826629638672,0.062280227184295656
111,0.06035397176742554,0.08167702388763427
112,0.05926330785751343,0.10742955589294434
113,0.05776140661239624,0.07222782182693481
114,0.06020236768722534,0.057982394695281984
115,0.05791019058227539,0.06586386775970458
116,0.059428402709960935,0.06262368392944336
117,0.05843535327911377,0.0852753677368164
118,0.057610523223876955,0.07791507053375245
119,0.05842487106323242,0.06447117567062378
120,0.05676553869247437,0.07415770864486694
121,0.05666885223388672,0.08833068323135376
122,0.059831025886535646,0.09247571229934692
123,0.05684027652740479,0.07730640363693238
