epoch,loss,val_loss
0,0.7620107488632202,0.5347606220245361
1,0.3468514631271362,0.13836499166488647
2,0.15231454944610595,0.1838579297065735
3,0.11402002210617065,0.061888418197631835
4,0.09496554689407348,0.05479878377914429
5,0.08033365869522095,0.16285592031478882
6,0.06755000286102295,0.12307699012756347
7,0.0598688871383667,0.07530820560455322
8,0.05619041385650635,0.031113760948181152
9,0.04792178554534912,0.06720080757141113
10,0.04588053636550903,0.027005509853363037
11,0.04254463195800781,0.03863841533660889
12,0.041183721923828125,0.024386742115020753
13,0.035147625637054446,0.0217454514503479
14,0.03885774526596069,0.15646451711654663
15,0.03459390621185303,0.023382774353027345
16,0.035427549076080325,0.0238852424621582
17,0.03362506580352783,0.02479192304611206
18,0.029374946308135988,0.02129726266860962
19,0.029101436424255372,0.11346472072601319
20,0.02715488386154175,0.07214414548873901
21,0.02850165491104126,0.027133915901184084
22,0.02661278648376465,0.019205366134643555
23,0.027881373023986817,0.028151710510253905
24,0.026513927841186523,0.01677337121963501
25,0.022568171215057373,0.015619133472442627
26,0.02324207983016968,0.01520873260498047
27,0.024697937107086183,0.02330355453491211
28,0.02418519344329834,0.01559015703201294
29,0.023457328987121582,0.015839320182800293
30,0.022426044845581056,0.015581156730651856
31,0.020967749118804932,0.013936446189880372
32,0.022333495903015137,0.014120926856994629
33,0.019932954883575438,0.01537866735458374
34,0.022601349544525147,0.015761035919189453
35,0.021842958450317383,0.035151383399963376
36,0.020412480068206788,0.02084057855606079
37,0.020058217906951906,0.013008777618408202
38,0.018398486137390136,0.013387859344482422
39,0.019717770957946777,0.030626704216003418
40,0.02021383180618286,0.01506917953491211
41,0.017544745826721192,0.018476701259613038
42,0.0207112850189209,0.03148193359375
43,0.018733733367919923,0.01796271562576294
44,0.015419186305999756,0.01412847375869751
45,0.017718195152282713,0.013035069465637207
46,0.018872158432006837,0.018577131271362304
47,0.016195635318756105,0.03196776056289673
48,0.016939170169830323,0.01720821762084961
