epoch,loss,val_loss
0,0.7720082395553589,0.6448598222732544
1,0.55004342212677,0.4510836162567139
2,0.48600438318252565,0.4114191999435425
3,0.45884774494171143,0.4851347780227661
4,0.4391691851615906,0.44446912145614625
5,0.41924009132385254,0.4280310974121094
6,0.4105563416481018,0.39944024848937987
7,0.39917629566192625,0.4559682021141052
8,0.39075935888290403,0.3715384998321533
9,0.3834056449890137,0.43832203865051267
10,0.37777253103256225,0.4429071035385132
11,0.37582515077590944,0.36066418313980103
12,0.36922511548995973,0.3427577829360962
13,0.3659177144050598,0.3356460509300232
14,0.3626634810447693,0.34362468671798707
15,0.36224117555618285,0.3392026867866516
16,0.357314438533783,0.3538779253959656
17,0.35299906911849976,0.4461400942802429
18,0.35249398517608643,0.3379831771850586
19,0.34967484159469603,0.32554701566696165
20,0.3482304919242859,0.3815727496147156
21,0.3440085129737854,0.3217072296142578
22,0.3440606553077698,0.3307902264595032
23,0.34309694814682007,0.3492239465713501
24,0.33937331886291505,0.34652315139770506
25,0.33981604509353636,0.32475987195968625
26,0.33874597654342653,0.32434269857406617
27,0.3360245987892151,0.32523590660095214
28,0.33157794828414916,0.3365108118057251
29,0.33433732538223265,0.3136026458740234
30,0.3345861632347107,0.3138828229904175
31,0.3272993816375732,0.31216520500183104
32,0.3312230701446533,0.3219599137306213
33,0.3308599826812744,0.3324580373764038
34,0.3261586037635803,0.34829589223861696
35,0.32696138982772827,0.3072914414405823
36,0.32585996475219725,0.3042922563552856
37,0.32369146032333374,0.3362218732833862
38,0.32473964071273803,0.349157958984375
39,0.3222480637550354,0.3477468447685242
40,0.3242068112373352,0.30270976972579955
41,0.31941216974258424,0.3091892113685608
42,0.3195631264686584,0.3069230809211731
43,0.318447110748291,0.3589754376411438
44,0.32153855018615723,0.3413502869606018
45,0.3185983799934387,0.3422335867881775
46,0.31685477867126466,0.31515811061859134
47,0.31275317192077634,0.312359956741333
48,0.3200141467094421,0.3025617461204529
49,0.31573225879669187,0.2997599215507507
50,0.3129343353271484,0.3036075291633606
51,0.31394822769165037,0.31874703931808474
52,0.31565222997665404,0.29550596141815183
53,0.31523169050216676,0.3410031657218933
54,0.31145259532928465,0.3093104791641235
55,0.311624999332428,0.33648381328582766
56,0.3112041264533997,0.31544765663146973
57,0.309257897567749,0.3572955856323242
58,0.30966234102249146,0.3891377387046814
59,0.3070108623504639,0.30558545684814453
60,0.30926705904006957,0.29592653703689575
61,0.30715187969207763,0.33684051370620727
62,0.3069680018424988,0.3248233046531677
63,0.30886912021636964,0.29643610858917235
64,0.30452598571777345,0.2948064970970154
65,0.30796319999694827,0.3018431873321533
66,0.30277086410522464,0.3171283793449402
67,0.30524442567825316,0.31946166753768923
68,0.30692438650131226,0.30243271923065185
69,0.3041721585273743,0.2961281361579895
70,0.3037071061134338,0.38078533840179446
71,0.30405721302032473,0.37948127555847166
72,0.3031812750816345,0.28966217613220213
73,0.30253996658325194,0.29005291509628295
74,0.3022109221458435,0.3000782961845398
75,0.30089767894744873,0.32711411571502685
76,0.3049094250679016,0.3299499821662903
77,0.3012950389862061,0.3054043617248535
78,0.3014665886878967,0.29079279708862305
79,0.30207231407165525,0.32250223112106324
80,0.29987066259384154,0.3058362059593201
81,0.29788502044677734,0.32941642236709595
82,0.29945839042663575,0.30857995986938475
83,0.2994771100997925,0.31926264333724974
84,0.2975881923675537,0.30023619413375857
85,0.3000241906166077,0.2891659169197083
86,0.2997838641166687,0.3674182653427124
87,0.3020204376220703,0.2955189118385315
88,0.2995278519630432,0.29430350065231325
89,0.2998446573257446,0.3050075144767761
90,0.3011918257713318,0.31466414403915405
91,0.29829699821472166,0.4246158390045166
92,0.2972284841537476,0.3520440492630005
93,0.2971607250213623,0.2964959816932678
94,0.29700224266052244,0.29000214767456056
95,0.29665859632492064,0.2881709418296814
96,0.2975116223335266,0.33758600187301635
97,0.2956594741821289,0.28691222620010376
98,0.29324019289016723,0.2907371888160706
99,0.296324245929718,0.30252719116210935
100,0.29431574001312255,0.41679355430603027
101,0.29592904195785524,0.2962094874382019
102,0.29354168109893797,0.2919396195411682
103,0.29376600284576415,0.28804860305786134
104,0.29326602210998537,0.2889750828742981
105,0.29278145866394045,0.295047064781189
106,0.29219534196853636,0.43192305469512937
107,0.2950795657157898,0.2913800096511841
108,0.2948202091217041,0.28829249382019045
109,0.29024039211273195,0.30657043123245237
110,0.2912441774368286,0.30433065700531003
111,0.2939144755363464,0.2903529324531555
112,0.2921998032569885,0.28365927982330325
113,0.29114011640548704,0.2848091368675232
114,0.2911594255447388,0.30690593576431274
115,0.2918583045005798,0.31053677320480344
116,0.29120162076950074,0.2946380376815796
117,0.29067527961730955,0.3282355937957764
118,0.28991879148483274,0.3755528450012207
119,0.2910955315589905,0.3269793391227722
120,0.2893811812400818,0.2897599425315857
121,0.28783925018310547,0.2896810331344605
122,0.2914250415802002,0.31665846395492553
123,0.28904084968566895,0.2869093351364136
124,0.288731547832489,0.2929829444885254
125,0.28830044584274295,0.29643462896347045
126,0.2878518675804138,0.30787115621566774
127,0.2858192982673645,0.28810594749450685
128,0.29046880645751955,0.2843424663543701
129,0.28670942096710206,0.29367200994491577
130,0.288596270275116,0.3029526495933533
131,0.28742012958526614,0.2925235724449158
132,0.28785298204422,0.29621276235580446
