epoch,loss,val_loss
0,0.6203906618118286,0.28678814125061036
1,0.3623627329826355,0.34641108655929564
2,0.24512047548294066,0.23758863782882692
3,0.20972822942733765,0.2313553605079651
4,0.18751695337295532,0.14136195755004882
5,0.17675242223739623,0.12701025915145875
6,0.16329771690368652,0.1624186692237854
7,0.14851838359832764,0.15542770195007324
8,0.15101689310073851,0.1587447600364685
9,0.1372564691543579,0.11991704273223877
10,0.13261548471450807,0.10014598608016968
11,0.1327023540496826,0.08984407424926757
12,0.1263217992782593,0.09476099920272828
13,0.11865371341705322,0.1454005970954895
14,0.12372450828552246,0.0827603850364685
15,0.11561837491989135,0.08311348152160644
16,0.1078323145866394,0.08959389400482178
17,0.11094589824676514,0.174706214427948
18,0.10823099765777588,0.14099385356903077
19,0.10361513242721558,0.08740600156784058
20,0.10093599882125855,0.07860634756088257
21,0.10097613792419434,0.10364349031448364
22,0.09550156803131103,0.308702082157135
23,0.10015067777633667,0.09246138906478882
24,0.0941335696220398,0.11820218849182129
25,0.09223111581802368,0.10924854850769043
26,0.09084840383529663,0.08462951135635376
27,0.08744862670898437,0.12753980493545533
28,0.08867688426971436,0.09986325073242187
29,0.08397171792984008,0.12289901685714721
30,0.08081171798706055,0.08074722337722778
31,0.08493589143753051,0.06525851678848267
32,0.08330226802825928,0.06659938955307007
33,0.07861293640136718,0.07959709692001343
34,0.08252271785736084,0.0703892149925232
35,0.07893739013671874,0.1326713891029358
36,0.07834280109405517,0.08507174491882324
37,0.07815523319244384,0.06580736827850342
38,0.07870095510482789,0.06950582885742188
39,0.07591147527694703,0.09102059078216553
40,0.07388573036193848,0.08498234844207764
41,0.07867026681900025,0.07422970914840699
42,0.07506590719223022,0.07521708583831788
43,0.07489796581268311,0.06785986089706421
44,0.07278918867111206,0.09630218124389649
45,0.07296974086761475,0.06887570667266846
46,0.07401979789733887,0.06649346256256103
47,0.07054970302581787,0.06441310691833496
48,0.07180252885818482,0.05612173461914063
49,0.06853419666290284,0.10700839996337891
50,0.07255211992263794,0.0804091911315918
51,0.07080044260025024,0.0643471007347107
52,0.0718492790222168,0.056674578189849854
53,0.06718405704498291,0.07341404008865357
54,0.06785413703918457,0.06446468257904053
55,0.0665165295600891,0.10460667943954467
56,0.06779751214981079,0.057128049850463866
57,0.06921818189620972,0.07930124187469482
58,0.0676492823600769,0.06334098625183106
59,0.06822655210494995,0.058755520343780517
60,0.06554781703948975,0.05842311000823975
61,0.06586976289749145,0.062288517475128174
62,0.06713475179672242,0.055316743850708006
63,0.06643696069717407,0.0594515118598938
64,0.06419855146408081,0.05906934976577759
65,0.06465834245681763,0.05644796180725098
66,0.06673825407028199,0.05759891223907471
67,0.0648765453338623,0.059384330749511716
68,0.06415527772903443,0.05883161878585815
69,0.06408128051757812,0.07367927360534668
70,0.06433514814376831,0.08025267219543457
71,0.06313281145095825,0.085405686378479
72,0.06311667652130126,0.05665037679672241
73,0.061209720706939696,0.08296326017379761
74,0.0633389931678772,0.05705331373214722
75,0.06359740915298462,0.08605127048492432
76,0.061199999523162844,0.05711465835571289
77,0.06274370307922364,0.061717410564422606
78,0.060863784408569335,0.058139721393585204
