epoch,loss,val_loss
0,0.6536482421875,0.4591374864578247
1,0.3764323893547058,0.2770827383995056
2,0.2704120672225952,0.28872348499298095
3,0.23714175157546996,0.21448963594436646
4,0.21703726654052735,0.25211904335021973
5,0.20616785125732423,0.5530783252716065
6,0.19697319612503053,0.19099487829208375
7,0.18427014303207398,0.15905953645706178
8,0.1763619875907898,0.14184895753860474
9,0.1748024835586548,0.13603894233703615
10,0.16769682607650757,0.1687677049636841
11,0.1628627639770508,0.2567579698562622
12,0.16084540357589722,0.15353255844116212
13,0.15756039066314698,0.14185495138168336
14,0.1502926317214966,0.19850715255737306
15,0.14747686405181884,0.1204769811630249
16,0.14623336124420167,0.11828002071380615
17,0.14000443353652955,0.14369261741638184
18,0.14276149921417236,0.14444843244552613
19,0.1342078288078308,0.10843298864364624
20,0.13547727699279785,0.11235108709335327
21,0.13900330286026,0.11171150588989258
22,0.12354113960266114,0.12826086711883544
23,0.12809959936141968,0.1012357873916626
24,0.12185695924758912,0.12718977403640747
25,0.12384641237258912,0.10215479993820191
26,0.12540353746414185,0.103150390625
27,0.11629359254837036,0.09541758728027344
28,0.11767227210998535,0.0958076982498169
29,0.11584065780639649,0.1114409637451172
30,0.11505944910049438,0.12360402917861939
31,0.11392251224517823,0.09954877758026123
32,0.11502658271789551,0.13084465312957763
33,0.11153135461807251,0.17188845443725587
34,0.11069819736480713,0.09988653373718262
35,0.10958785047531128,0.0914683814048767
36,0.10514235286712646,0.13158159494400024
37,0.10739947366714478,0.09430885791778565
38,0.10302848300933838,0.14272318935394288
39,0.10485896949768067,0.08610545635223389
40,0.10326048488616943,0.15202285718917846
41,0.10240148000717163,0.09242833662033081
42,0.10152671518325805,0.216603910446167
43,0.10496037292480469,0.1582014775276184
44,0.09978057689666749,0.14805169916152955
45,0.09699440803527833,0.10310523748397828
46,0.0953902310371399,0.3063772497177124
47,0.09912610588073731,0.08702387952804566
48,0.09290233793258668,0.08247242641448975
49,0.09467917547225953,0.09168558692932129
50,0.0941159366607666,0.10298937320709228
51,0.09325102329254151,0.07983045148849487
52,0.08930071964263916,0.08660831117630005
53,0.09219867763519288,0.09292166996002198
54,0.09040425720214844,0.0932066068649292
55,0.09010683116912842,0.08287365531921387
56,0.09005086221694947,0.11252296924591064
57,0.0903009835243225,0.07918516159057618
58,0.08631087198257446,0.08903876495361328
59,0.08736881275177003,0.3368400149345398
60,0.09681281490325928,0.09647033929824829
61,0.08659905252456665,0.08618711042404174
62,0.08567335329055786,0.1183544144630432
63,0.08730866394042969,0.08577581977844238
64,0.08649857597351074,0.1282523694038391
65,0.08443254079818725,0.26191784143447877
66,0.08834584178924561,0.1048875846862793
67,0.08499647808074952,0.0720639247894287
68,0.08391301469802856,0.07257351207733154
69,0.08056796865463257,0.08397671556472779
70,0.08277013273239135,0.0865822196006775
71,0.08339607152938842,0.0749370470046997
72,0.08077093963623047,0.08782481336593628
73,0.08211210098266601,0.07963585662841798
74,0.08205757904052734,0.07444134998321533
75,0.08081854724884033,0.07496891403198243
76,0.08066833009719848,0.07545404434204102
77,0.078422935962677,0.1399077157974243
78,0.08177228841781616,0.07949382162094117
79,0.07989571666717529,0.09353610515594482
80,0.07831470069885253,0.08246929788589477
81,0.07937269668579101,0.21405132150650025
82,0.08417503423690796,0.07106149339675903
83,0.07767356901168823,0.08214432954788208
84,0.0792558708190918,0.1188999629020691
85,0.07652001876831055,0.30227710390090945
86,0.08029125089645386,0.07905568599700928
87,0.07568517198562622,0.09387189865112305
88,0.07500585136413575,0.08323069620132446
89,0.07836215324401856,0.07072885274887085
90,0.07464699840545655,0.075517578125
91,0.07573659229278565,0.10578771352767945
92,0.07849539642333984,0.08074265623092651
93,0.07535075273513794,0.0866614203453064
94,0.07509065418243409,0.08252739715576173
95,0.0741811074256897,0.08085028314590455
96,0.07387892847061157,0.09567912340164185
97,0.076643505859375,0.07929945135116577
98,0.07289594459533691,0.09056430530548096
99,0.07532851943969726,0.07471868801116943
100,0.07006621208190918,0.09490451622009277
101,0.07456804580688477,0.0710674614906311
102,0.07317903184890748,0.07694466495513916
103,0.07317713108062744,0.07985296869277954
104,0.07285135478973388,0.09552302646636963
105,0.07315708637237549,0.0800644588470459
106,0.07120174779891968,0.07110374355316162
107,0.07152984638214112,0.06765532493591309
108,0.07059705619812012,0.08515922689437866
109,0.07137261724472047,0.08330092859268189
110,0.06967445793151855,0.08562399482727051
111,0.07179757537841797,0.09843435764312744
112,0.07174849729537963,0.07707252264022828
113,0.07132899332046509,0.12075850105285645
114,0.07090949573516846,0.12636862993240355
115,0.07091310787200927,0.08723649501800537
116,0.07123591728210449,0.0853822512626648
117,0.06971153955459594,0.07124413204193115
118,0.07002094078063965,0.14031938076019287
119,0.06941709032058715,0.069616370677948
120,0.0700886622428894,0.07578204298019409
121,0.07025064363479615,0.06987547397613525
122,0.06818494243621827,0.08285823488235473
123,0.06850673017501831,0.07436045694351197
124,0.06602271823883056,0.07336301565170288
125,0.0696591121673584,0.09441574048995972
126,0.06477938585281372,0.07056995582580566
127,0.06851798639297485,0.07280470895767212
