epoch,loss,val_loss
0,0.548458194732666,0.3903080163002014
1,0.33196713209152223,0.2693384857177734
2,0.25065225591659546,0.291447940826416
3,0.2218947215080261,0.2984182357788086
4,0.2032454517364502,0.21156221771240236
5,0.19361576347351075,0.17552572917938233
6,0.17573739910125732,0.15206276893615722
7,0.1718096683502197,0.1687794990539551
8,0.1650960997581482,0.42795922136306763
9,0.15403243141174316,0.13342912530899048
10,0.15490714778900147,0.11367817831039428
11,0.14204941205978394,0.1479310212135315
12,0.1468573027610779,0.1144246425628662
13,0.13074457683563231,0.1895645980834961
14,0.125895237159729,0.08805991411209106
15,0.12780640611648558,0.08422663688659668
16,0.12323379974365234,0.12251203870773315
17,0.12007415695190429,0.11853438091278076
18,0.11462221794128417,0.1210326247215271
19,0.1132209282875061,0.08558842611312867
20,0.11018821926116944,0.18903718996047975
21,0.11045573692321778,0.079440438747406
22,0.104537841796875,0.26309364080429076
23,0.10746257181167602,0.09062228345870972
24,0.10126638059616089,0.08464385986328125
25,0.09321334104537964,0.10101911067962646
26,0.09681910705566406,0.08290040159225463
27,0.09398795375823975,0.09771742248535156
28,0.0923479118347168,0.06706082487106323
29,0.09030545148849488,0.13394566249847412
30,0.09111031637191773,0.06297776460647583
31,0.08721733417510986,0.0612846851348877
32,0.08563885669708252,0.10574631023406983
33,0.09021184930801392,0.09340277814865112
34,0.08482090291976929,0.09276945447921753
35,0.08354278907775879,0.13538858985900878
36,0.07998613834381103,0.10197144079208374
37,0.07862930593490601,0.19970420694351196
38,0.08247615270614624,0.07360428476333618
39,0.07633663568496704,0.09229659557342529
40,0.0774152536392212,0.14300086641311646
41,0.07752729301452636,0.07870320081710816
42,0.07723011445999145,0.06702289533615112
43,0.07733185195922851,0.06400504302978516
44,0.07452787199020386,0.07843039655685424
45,0.0736621090888977,0.0669153971672058
46,0.07236084928512573,0.07604693412780762
47,0.07290905866622925,0.05923388814926148
48,0.06976478691101075,0.5381648654937744
49,0.07775288314819336,0.07498863506317138
50,0.07050798187255859,0.05336078453063965
51,0.06654820671081543,0.07446599102020264
52,0.06799885635375977,0.054630319118499755
53,0.06744591131210327,0.08756677055358887
54,0.06752865915298462,0.11816000318527221
55,0.0686669412612915,0.06579151678085327
56,0.06618908939361572,0.058912880420684814
57,0.06516640968322754,0.05211853694915772
58,0.06753090305328369,0.08852334690093994
59,0.06501159601211548,0.10916486358642578
60,0.06445419158935548,0.05655353879928589
61,0.06321103677749634,0.11321859121322632
62,0.06591144409179688,0.0668871169090271
63,0.06408145027160644,0.06931015157699585
64,0.061967082023620605,0.06123453426361084
65,0.06397200622558594,0.059147842407226564
66,0.059712935829162594,0.05204645538330078
67,0.0606477463722229,0.05672473430633545
68,0.061098869800567626,0.05871705675125122
69,0.06155740919113159,0.06221920394897461
70,0.06233021869659424,0.0721273865699768
71,0.06048994274139404,0.05169645643234253
72,0.05936352567672729,0.09739689397811889
73,0.059943432903289795,0.058151395320892335
74,0.05961655797958374,0.15906350564956664
75,0.06134058561325073,0.0605626654624939
76,0.05836373443603515,0.06880203151702881
77,0.05914441423416138,0.06334007692337036
78,0.057337939834594724,0.06617195272445679
79,0.057549907970428464,0.06399627876281738
80,0.05821315393447876,0.06719123983383178
81,0.05674316415786743,0.0767430682182312
82,0.05709472713470459,0.07226981735229492
83,0.054942369747161865,0.056521188735961916
84,0.05653535280227661,0.06143694829940796
85,0.0567674973487854,0.049297801971435545
86,0.055549880599975586,0.059243807792663576
87,0.05573550968170166,0.050423168659210205
88,0.05581618347167969,0.0887915244102478
89,0.05432200984954834,0.08510021877288819
90,0.05415752487182617,0.06849299144744873
91,0.05326535148620606,0.09819668292999267
92,0.05583402814865112,0.05173243761062622
93,0.05471709108352661,0.056762861251831054
94,0.05269380569458008,0.049666795253753664
95,0.05426854667663574,0.07481246328353881
96,0.05394877405166626,0.14183732843399047
97,0.054980940532684326,0.055316829204559326
98,0.054518279838562014,0.05738801670074463
99,0.05320256853103638,0.050556523323059085
100,0.052393757152557376,0.0966821494102478
101,0.05384881381988525,0.1552676019668579
