epoch,loss,val_loss
0,0.6085640382766724,0.4888090763092041
1,0.21804439325332642,0.08431272029876709
2,0.1089310206413269,0.090642822265625
3,0.07980972948074341,0.46262576055526733
4,0.07711497726440429,0.048823874950408935
5,0.059647727298736575,0.037508158206939694
6,0.052924623203277586,0.09644489526748658
7,0.04991370716094971,0.03473040819168091
8,0.045871304416656496,0.08510089015960694
9,0.042793019580841064,0.04814188289642334
10,0.04189711608886719,0.03159326696395874
11,0.037881593227386476,0.026183159351348878
12,0.03867069454193115,0.02610058879852295
13,0.03636212072372436,0.043924022197723386
14,0.03608223066329956,0.0689460015296936
15,0.035284263324737546,0.28435669898986815
16,0.037471240139007565,0.030332993507385254
17,0.03169365196228027,0.021906936168670656
18,0.031186614322662353,0.020868946075439453
19,0.029526794147491455,0.029564513683319093
20,0.030757986450195313,0.028509174823760985
21,0.029755580520629883,0.07952226448059083
22,0.028029146099090577,0.03797971439361572
23,0.02915016088485718,0.06775686073303222
24,0.028079294300079344,0.018138717174530028
25,0.024656161212921142,0.02395260763168335
26,0.02650958547592163,0.01661687469482422
27,0.027261986255645753,0.06403556251525878
28,0.023895474529266356,0.03455272006988525
29,0.0229407133102417,0.029597137928009033
30,0.0255578311920166,0.023019615650177003
31,0.021935748863220215,0.03015476131439209
32,0.025309766387939452,0.014981245040893555
33,0.023019640827178955,0.017344932079315187
34,0.021314909839630126,0.02329885005950928
35,0.021658188343048095,0.015558609962463379
36,0.020625745582580568,0.016423800468444823
37,0.02046981029510498,0.01286629819869995
38,0.02027179183959961,0.06299623870849609
39,0.021159836864471437,0.012642258167266846
40,0.021240979385375978,0.024995079994201662
41,0.01930098991394043,0.04558881711959839
42,0.019654892349243162,0.05064517831802368
43,0.0199060170173645,0.019466824531555176
44,0.019003073787689208,0.012749900341033935
45,0.01738557252883911,0.026450457096099854
46,0.01824557304382324,0.020460941791534425
47,0.018414733219146728,0.024438064575195314
48,0.017965605258941652,0.013643991470336915
49,0.017099724674224853,0.012933879852294923
50,0.01760286359786987,0.01395527219772339
51,0.01582196340560913,0.013510217189788818
52,0.016325672340393067,0.013085115432739257
53,0.016116981601715086,0.01151334285736084
54,0.01642254047393799,0.010495396137237548
55,0.015286352729797363,0.012967305660247803
56,0.01636536817550659,0.018231728076934815
57,0.015913718223571776,0.03745170927047729
58,0.015498953342437744,0.04009019660949707
59,0.015189997577667237,0.013317322254180908
60,0.015837492847442628,0.014123920440673829
61,0.015242965507507325,0.011617483139038086
62,0.013237063312530517,0.017532029151916505
63,0.014957942390441894,0.04258441352844238
64,0.013737135410308838,0.014002560138702392
65,0.014192180633544922,0.022754655838012696
66,0.013310866928100585,0.010255391597747803
67,0.013218221950531005,0.018666563510894775
68,0.013895624351501466,0.019413745880126954
69,0.014061156368255615,0.011458284854888916
70,0.01340434808731079,0.010657679557800294
71,0.012957618236541749,0.009484622001647949
72,0.013338953971862792,0.0094412260055542
73,0.013145165538787841,0.015361334323883057
74,0.0130788724899292,0.009932777881622314
75,0.012777096271514892,0.009611401557922363
76,0.012514823818206787,0.009644309520721435
77,0.011425697326660156,0.015806662082672118
78,0.012422330665588378,0.011505047798156738
79,0.012231720638275146,0.008440486431121826
80,0.012025296592712403,0.02616249179840088
81,0.012750330448150635,0.008601033687591552
82,0.011825703716278077,0.012802907466888428
83,0.011918994331359864,0.008771554470062256
84,0.011934306144714356,0.008915282249450684
85,0.011563988208770751,0.008208267211914063
86,0.012489506721496582,0.018837052345275877
87,0.011662908554077148,0.009585579872131348
88,0.011228133010864259,0.012785946369171143
89,0.012361946105957032,0.009520342350006103
90,0.01161919002532959,0.009517282962799072
91,0.01183508472442627,0.019019270896911623
92,0.010280031967163086,0.0176047682762146
93,0.011541471481323243,0.014046572685241699
94,0.011125673198699951,0.01847367763519287
95,0.011729818534851074,0.00889515256881714
96,0.01098388147354126,0.011041635036468506
97,0.01173054895401001,0.007843020915985108
98,0.010456304836273193,0.007356707572937012
99,0.009317419624328614,0.009487070560455323
100,0.010000958919525146,0.008988008975982667
101,0.010779933834075928,0.008574932098388673
102,0.010654820442199706,0.0372760591506958
103,0.01155349817276001,0.022489243507385254
104,0.009806982326507568,0.007358841896057129
105,0.010735034370422364,0.00788371753692627
106,0.010452222347259522,0.00843215274810791
107,0.009674979305267334,0.013304546356201171
108,0.010542239093780518,0.01144764232635498
109,0.010505908393859863,0.008323371410369873
110,0.00966093044281006,0.009773635864257812
111,0.010031580352783204,0.01674005699157715
112,0.009956954669952393,0.011265073299407959
113,0.009687694549560547,0.027559428215026854
114,0.009840790557861329,0.021369481563568115
115,0.010645769023895264,0.007577664375305175
116,0.009305998420715332,0.0076790528297424315
117,0.009610855293273926,0.0070332417488098145
118,0.009733056163787841,0.007054520606994629
119,0.009917792320251464,0.020197754383087158
120,0.009467493152618408,0.007905481338500976
121,0.009006269454956055,0.006711240291595459
122,0.01010399799346924,0.016345734119415284
123,0.009578352737426759,0.007597271919250488
124,0.009940297317504882,0.008302860736846924
125,0.011174603843688964,0.008143792152404785
126,0.009276890563964843,0.0089167742729187
127,0.00830890769958496,0.009570337295532227
128,0.00892855453491211,0.009731767654418945
129,0.009887046718597413,0.009042098522186279
130,0.008729992580413818,0.010843168735504151
131,0.008586119079589843,0.007233602046966553
132,0.009496571731567384,0.01196445894241333
133,0.009209647369384765,0.006884829521179199
134,0.009036297988891601,0.006575963497161865
135,0.008569152355194091,0.009170502185821534
136,0.008370506763458251,0.03565152072906494
137,0.008763794898986816,0.006574864387512207
138,0.008321722793579102,0.006451404571533203
139,0.008360389041900635,0.018977349281311034
140,0.00838927698135376,0.00883969259262085
141,0.008102663230895996,0.006123198986053467
142,0.00877246160507202,0.013986793994903565
143,0.009268748188018799,0.037400352954864505
144,0.008472143745422364,0.0072044506072998045
145,0.0089824143409729,0.025705435276031495
146,0.008908685874938965,0.006376801490783691
147,0.008219797420501709,0.006807713985443115
148,0.007633053779602051,0.010582624435424804
149,0.008496638679504395,0.00598880672454834
150,0.007045715236663818,0.006360881328582764
151,0.00965001049041748,0.007116909503936768
152,0.007845406532287597,0.006339249610900879
153,0.007633367156982422,0.006394099235534668
154,0.008144866752624512,0.043852903366088866
155,0.009129421997070312,0.007119963169097901
156,0.00852208194732666,0.007918272018432617
157,0.008046032524108886,0.005979847908020019
158,0.008107222366333008,0.006089192867279053
159,0.008428892612457276,0.01923950386047363
160,0.0087569354057312,0.00843389368057251
161,0.008075608348846436,0.006728070259094238
162,0.007470756530761719,0.006101724147796631
163,0.007089473342895508,0.008118887424468995
164,0.008142923164367676,0.005981091499328613
165,0.007807550525665283,0.006455902099609375
166,0.00818982801437378,0.010677794456481933
167,0.007433687400817871,0.005879837512969971
168,0.008144168281555175,0.006740987300872803
169,0.007822356510162354,0.0057193622589111325
170,0.008140425395965576,0.0068435993194580075
171,0.007984788608551025,0.008819997310638428
172,0.006876656818389892,0.006722219944000244
173,0.007877666091918945,0.023465139865875242
174,0.007414558506011963,0.007737489700317382
175,0.007939153575897216,0.009151867389678955
176,0.008913706302642823,0.008924674510955811
177,0.006887481498718262,0.006124189853668213
178,0.00791494846343994,0.006083961009979248
179,0.007500916957855225,0.005646353244781494
180,0.007639473247528076,0.007687641143798828
181,0.006366246604919434,0.007870975017547608
182,0.008025472259521485,0.012400288105010987
183,0.006616757011413574,0.009448596000671387
184,0.007119793605804443,0.006355314254760742
185,0.0071260616302490235,0.007081704139709473
186,0.007349205493927002,0.006380477905273438
187,0.007727567291259766,0.006879705905914307
188,0.007965243148803711,0.01422699499130249
189,0.007400737857818604,0.0654008560180664
190,0.009071947860717773,0.0056100993156433104
191,0.006988731670379639,0.03261299180984497
192,0.007293986415863037,0.009073076725006103
193,0.007142455387115478,0.006109614372253418
194,0.007139179706573486,0.007323486328125
195,0.007801949691772461,0.005353621482849121
196,0.006258252811431885,0.012053839683532715
197,0.007501978397369385,0.005501007080078125
198,0.005822445487976074,0.0076974697113037106
199,0.007468686676025391,0.010179184436798095
200,0.007266715621948242,0.007159581184387207
201,0.0061800403594970705,0.006394580841064453
202,0.007542361164093018,0.007652729988098145
203,0.006884431266784668,0.009272456169128418
204,0.0071052170753479,0.005862682342529297
205,0.007044609069824219,0.00625265645980835
206,0.00692491512298584,0.005399507999420166
207,0.006708546924591064,0.008544490337371827
208,0.006396634101867676,0.006141965866088867
209,0.0067618565559387205,0.007098720073699951
210,0.006852119541168213,0.006506752490997314
211,0.007244768714904785,0.007304142951965332
212,0.006446478462219238,0.006128850936889648
213,0.007300740814208984,0.00539730167388916
214,0.006785625457763672,0.005951991558074951
215,0.006329607582092285,0.005911033630371093
