epoch,loss,val_loss
0,0.9697322907447815,0.9463407454490662
1,0.9316904878616333,0.9074158334732055
2,0.9094359140396118,0.8975020208358765
3,0.902936459350586,0.8879988903999328
4,0.8991089776039124,0.8909721097946167
5,0.8992421686172485,0.8856817269325257
6,0.8970338281631469,0.8916601343154907
7,0.8940322930335999,0.8794954404830932
8,0.8928665377616882,0.9279840703010559
9,0.8928813579559326,0.878107437133789
10,0.8922872012138366,0.8836332378387451
11,0.8923825485229492,0.8795023493766785
12,0.8897816217422485,0.8861793403625489
13,0.889883620262146,0.9042767515182495
14,0.8895275270462036,0.8852245512008667
15,0.8895971653938294,0.896768666267395
16,0.8890782047271728,0.8991608834266662
17,0.8900536768913269,0.8919350461959838
18,0.888282594871521,0.8779750394821167
19,0.8871039491653442,0.8778030467033386
20,0.8876830406188965,0.8770428729057312
21,0.88809309425354,0.8769616751670838
22,0.8873698207855225,0.8945636558532715
23,0.8888103427886963,0.8801533374786377
24,0.888066117477417,0.876758740901947
25,0.8877606908798218,0.8766833610534668
26,0.8878703000068665,0.8780026454925537
27,0.8873002432823182,0.8793913488388061
28,0.8867665531158447,0.8796387181282044
29,0.8875226732254028,0.8772998924255371
30,0.8884139911651612,0.8817737703323364
31,0.8865281957626343,0.879373523235321
32,0.8861703302383422,0.8764499168395996
33,0.8873414451599121,0.8779953813552857
34,0.8864374927520752,0.8770520257949829
35,0.886399988079071,0.8793966121673584
36,0.8861448434829712,0.910106870174408
37,0.8860192866325378,0.8819912738800049
38,0.8855726573944092,0.9303460130691529
39,0.886586061668396,0.8894427762031555
40,0.8864222322463989,0.8814307894706727
41,0.8851666350364685,0.8781835122108459
42,0.8846265035629273,0.882338632106781
43,0.8853030715942383,0.8768029837608338
44,0.8850111492156982,0.8800508408546448
45,0.8848446795463561,0.8903229031562805
46,0.8849687895774841,0.8775091128349304
47,0.8841789655685425,0.884670572757721
48,0.8854609175682068,0.8764649209976196
49,0.8839538133621215,0.8780496945381164
50,0.8847858376502991,0.8825612421035767
51,0.8852023908615112,0.8776675019264221
52,0.8842112378120423,0.8826403036117554
