epoch,loss,val_loss
0,0.872572814655304,0.7864001188278198
1,0.7806626438140869,0.7728891935348511
2,0.7619327228546142,0.782372905254364
3,0.754625968170166,0.8246671557426453
4,0.7489797439575195,0.7530547723770141
5,0.7473746208190918,0.7500776886940003
6,0.745248628616333,0.759328782081604
7,0.7430617840766907,0.7470522508621216
8,0.7399815885543823,0.74509361410141
9,0.7414434801101685,0.7548818855285645
10,0.7393353868484497,0.7529985666275024
11,0.738420791053772,0.7465384826660156
12,0.7407317551612854,0.7454447002410889
13,0.7400896270751953,0.7446292896270752
14,0.7381136236190796,0.7605410299301147
15,0.7381467742919922,0.7440543670654297
16,0.7375783520698548,0.7438124809265136
17,0.7371395055770874,0.7468056483268738
18,0.7367608835220337,0.7466552042961121
19,0.7354218182563782,0.7428369379043579
20,0.7354853036880493,0.8374165735244751
21,0.7376021612167358,0.7478630609512329
22,0.7359593334197998,0.7548622131347656
23,0.7379847076416015,0.758962116241455
24,0.7348735415458679,0.7423619174957276
25,0.735739940738678,0.7465757827758789
26,0.7336577798843383,0.7766915817260742
27,0.7347925436973571,0.7401677408218383
28,0.7341280670166016,0.7416669263839721
29,0.7334911778450012,0.747383529663086
30,0.7344822124481201,0.7495526356697082
31,0.7334562526702881,0.7417933349609375
32,0.7333625567436218,0.7491851968765258
33,0.7328323873519897,0.7399789724349976
34,0.7323801944732666,0.7440543174743652
35,0.7341732652664185,0.7444674568176269
36,0.7335308030128479,0.7405502271652221
37,0.7326042517662048,0.7536084809303284
38,0.7322973922729492,0.7684649510383605
39,0.7335340426445007,0.746583155632019
40,0.7316084378242492,0.7412214727401734
41,0.7315999571800232,0.7549057474136353
42,0.7319514656066894,0.7400495471954346
43,0.7320990285873413,0.7516212158203125
44,0.7316625083923339,0.7437959852218627
45,0.7308748238563537,0.7440351390838623
46,0.7320846069335938,0.7432722806930542
47,0.7315808609008789,0.7555236382484436
48,0.7319205488204956,0.7492021484375
49,0.7311940414428711,0.7450242385864257
50,0.7312772668838501,0.7434785423278809
51,0.7304133754730224,0.7418515319824219
52,0.730427903175354,0.7399836311340332
53,0.7298671628952026,0.7412362899780274
