epoch,loss,val_loss
0,0.5424218994140625,0.3838029317855835
1,0.3730515214920044,0.3311368680000305
2,0.31147262020111083,0.252947687625885
3,0.2872695890426636,0.22618991661071777
4,0.2603498987197876,0.22122881031036376
5,0.24557255039215087,0.24850592088699341
6,0.23813941774368286,0.1827582507133484
7,0.2237053084373474,0.20549199342727661
8,0.22406650581359863,0.23175430393218993
9,0.20673338546752928,0.19157734870910645
10,0.20406312294006348,0.2428392491340637
11,0.20214749536514282,0.22526116800308227
12,0.18759372882843017,0.16636678886413575
13,0.1878801827430725,0.2502843232154846
14,0.18044591236114502,0.14179762077331542
15,0.1709358238220215,0.15826801109313965
16,0.16932431468963624,0.18412904357910156
17,0.16010435285568236,0.1184338960647583
18,0.15848728218078614,0.11305787944793701
19,0.15630289545059203,0.5708622245788574
20,0.15813224792480468,0.13114844036102294
21,0.14803928356170654,0.13700642967224122
22,0.13661864376068114,0.11567970323562622
23,0.14211319856643675,0.1229293212890625
24,0.13677595176696777,0.09259253978729248
25,0.13041665019989013,0.2370736508369446
26,0.1317437928199768,0.21470165824890136
27,0.12609485807418824,0.08793960237503051
28,0.11812706823348999,0.25943497276306154
29,0.11841900930404663,0.08161917686462403
30,0.11980409336090088,0.10232118701934814
31,0.11647633743286133,0.08661846446990967
32,0.11341700067520141,0.07903243160247803
33,0.10966121416091919,0.0924175009727478
34,0.10965014057159424,0.10929075145721436
35,0.10882165822982788,0.08435554218292236
36,0.1043086012840271,0.16227749872207642
37,0.10844099588394165,0.15601655340194703
38,0.10202401285171508,0.0795741572380066
39,0.10110513792037965,0.07310285091400147
40,0.09804052228927612,0.13891799068450927
41,0.09900048542022705,0.08708763647079468
42,0.09676066904067993,0.16871910285949707
43,0.09770137071609497,0.07699437093734741
44,0.09094711561203003,0.12527145910263063
45,0.09335234899520874,0.1365750584602356
46,0.09246518859863281,0.07766558027267456
47,0.08862074279785156,0.07526986646652221
48,0.0900624939918518,0.12176586723327637
49,0.08916354160308838,0.10534668779373169
50,0.08714546127319336,0.09649016427993774
51,0.08398347482681275,0.07690917110443116
52,0.09055651559829712,0.07627775907516479
53,0.08363970794677734,0.08672727537155152
54,0.08523704290390015,0.06647503900527954
55,0.0807188063621521,0.10817188024520874
56,0.08229602165222168,0.17703664827346802
57,0.0858442726135254,0.12072971391677856
58,0.08102478017807006,0.07953122425079345
59,0.0795580807685852,0.07311530780792236
60,0.08120683956146241,0.09238227033615112
61,0.0776573558807373,0.0939817385673523
62,0.08139509983062744,0.10151519346237182
63,0.07877061576843261,0.0950457501411438
64,0.07760650634765626,0.08774016189575196
65,0.07964982738494873,0.1676824016571045
66,0.0768050684928894,0.06955648708343506
67,0.0794294116973877,0.06764697265625
68,0.07562179613113404,0.11721368026733399
69,0.07726883878707885,0.09797758865356446
70,0.0757657961845398,0.07748442888259888
71,0.07672944135665893,0.0638337926864624
72,0.07309262523651124,0.09960096359252929
73,0.07436622991561889,0.14557465648651122
74,0.0751357219696045,0.06376033306121826
75,0.07286162538528443,0.1082896900177002
76,0.07215538129806519,0.08587074565887451
77,0.07272027511596679,0.07102388715744018
78,0.07135655822753906,0.09362464094161987
79,0.07327828769683838,0.06563885116577148
80,0.07212007694244385,0.07149771928787231
81,0.06944607257843018,0.08955984163284302
82,0.0727573546409607,0.0627265248298645
83,0.06817060403823852,0.07842102527618408
84,0.07040717115402222,0.10461310768127441
85,0.06910308237075806,0.11337018918991089
86,0.07099008626937867,0.08016951656341553
87,0.07243496141433715,0.061123120784759524
88,0.06789778366088867,0.08465366458892823
89,0.06728256788253784,0.09386054944992066
90,0.0693082260131836,0.121911949634552
91,0.06930531282424927,0.0672353515625
92,0.06700317392349243,0.07308185434341431
93,0.06692086820602416,0.12147395372390747
94,0.06637150163650513,0.08077199983596801
95,0.06654867305755616,0.06156767702102661
96,0.06357376689910889,0.07170929050445557
97,0.06665406541824341,0.08190089941024781
98,0.06636431465148926,0.061148617267608646
99,0.06352889814376832,0.08311015510559082
100,0.06378648557662964,0.08477092647552491
101,0.06690457286834717,0.08585912847518921
102,0.0663289291381836,0.06968758344650268
103,0.06498225708007813,0.0961869239807129
104,0.06692751712799072,0.08326033115386963
105,0.0650617935180664,0.059969276428222654
106,0.06332543964385987,0.10463678550720215
107,0.06407102136611939,0.055535733222961424
108,0.06296521272659301,0.06258310413360596
109,0.06445268602371215,0.06926434135437012
110,0.0609121880531311,0.12960691833496094
111,0.06337960214614868,0.06097930860519409
112,0.06026342239379883,0.08582308673858642
113,0.06262457990646363,0.09169603252410889
114,0.06275605478286743,0.05404618406295776
115,0.060574482822418216,0.07055960845947265
116,0.062065268516540525,0.1820962142944336
117,0.06517445726394654,0.06187036180496216
118,0.060356529426574705,0.08418607473373413
119,0.06154503908157349,0.06526838541030884
120,0.05866929502487182,0.06257154273986816
121,0.06164411067962647,0.09120645093917847
122,0.061664214706420896,0.09256275606155395
123,0.05992713861465454,0.09535630559921264
124,0.06177203998565674,0.07415711975097657
125,0.06021105833053589,0.06886921167373657
126,0.05868550176620484,0.060473546028137204
127,0.05937916564941406,0.0840127763748169
128,0.06258518981933593,0.060137176036834716
129,0.05984649019241333,0.07122662210464478
130,0.060570757961273196,0.07098038148880005
131,0.060518428707122804,0.07326887130737304
132,0.05896294412612915,0.11858680629730224
133,0.05893487195968628,0.1087303614616394
134,0.05933757038116455,0.05716523599624634
