epoch,loss,val_loss
0,0.7114869596481324,0.4742766375541687
1,0.4164321131706238,0.2792258877754211
2,0.2494810745239258,0.23093174600601196
3,0.20850978689193725,0.20805338048934938
4,0.18874649047851563,0.14786194229125976
5,0.17732267894744874,0.13863528871536254
6,0.16539664039611818,0.1384038109779358
7,0.16031656332015992,0.16618128967285156
8,0.1538973680496216,0.126453369140625
9,0.15036579360961913,0.19295215702056884
10,0.14508263864517212,0.1255739302635193
11,0.1416067355155945,0.19983140420913698
12,0.14014451818466186,0.28444388961791994
13,0.13938516664505005,0.38547124528884885
14,0.1320220573425293,0.18863555669784546
15,0.12924415731430053,0.13811106729507447
16,0.12742233228683472,0.12144875383377075
17,0.12588203353881836,0.12854830932617187
18,0.1233193868637085,0.11927630376815795
19,0.12522711811065673,0.1241245059967041
20,0.1224173864364624,0.12183883476257325
21,0.11897379693984986,0.11135055875778198
22,0.11999720306396484,0.2307869381904602
23,0.1202705286026001,0.12412903213500977
24,0.11561670751571655,0.10406646585464477
25,0.11455768489837646,0.16122902584075927
26,0.11578506860733032,0.20063344478607179
27,0.11126058235168457,0.1072820930480957
28,0.11414044885635376,0.1091959023475647
29,0.11141423845291137,0.09660342693328858
30,0.11124625730514526,0.0946077766418457
31,0.11080558862686157,0.16648259687423705
32,0.11053932514190674,0.16791066694259643
33,0.10920363693237305,0.10545454788208007
34,0.10868808689117432,0.12730452108383178
35,0.10560999555587769,0.106766357421875
36,0.10381395883560181,0.09892865657806396
37,0.10430655584335327,0.0957986454963684
38,0.10424312553405762,0.11869482231140137
39,0.10177449741363526,0.1021082272529602
40,0.1016888822555542,0.095663978099823
41,0.10589128570556641,0.11754890584945679
42,0.10393018074035644,0.10187980365753174
43,0.1008596962928772,0.12181156301498414
44,0.10036929359436035,0.09332368087768554
45,0.0984180676460266,0.15908533668518066
46,0.10109085578918457,0.09811338138580322
47,0.09929279975891113,0.1439313178062439
48,0.09948680171966552,0.09503037309646606
49,0.09863559017181396,0.09304710721969604
50,0.09690884475708007,0.11198878192901611
51,0.10072186374664306,0.0905653715133667
52,0.09971695594787598,0.09942172384262085
53,0.09639477748870849,0.11883467960357666
54,0.09628501415252685,0.10432946252822876
55,0.09770611867904663,0.15015106391906738
56,0.09385726947784424,0.08801621913909913
57,0.09543453254699708,0.10465768527984619
58,0.09634121723175049,0.08553995943069458
59,0.09150510530471802,0.11240831470489501
60,0.09495023441314697,0.14786854219436646
61,0.09154671630859375,0.08790855550765991
62,0.0903660698890686,0.0857470760345459
63,0.09512671041488648,0.11655890846252441
64,0.09336462984085082,0.10048295688629151
65,0.09277696208953858,0.0876224970817566
66,0.09184827566146851,0.12855590057373048
67,0.0924411551475525,0.112682776927948
68,0.09188701944351196,0.14701306295394898
69,0.09267702865600586,0.10189465713500977
70,0.09088650588989258,0.09338285160064698
71,0.08724603118896485,0.0858148422241211
72,0.09018416843414306,0.09313147068023682
73,0.08997606163024903,0.09828886604309083
74,0.09189627418518066,0.13533861303329467
75,0.08859238920211791,0.09682407999038696
76,0.08925582818984985,0.1076515908241272
77,0.08997650289535522,0.08300938415527344
78,0.0905979232788086,0.08654572486877442
79,0.08791017551422119,0.09779998064041137
80,0.08395990781784057,0.09299008178710938
81,0.08912783527374267,0.1340723114013672
82,0.08778847227096558,0.08900305938720703
83,0.08741658954620361,0.14167855310440064
84,0.0865840991973877,0.08242281579971314
85,0.08626370182037353,0.14101087760925293
86,0.08811772937774658,0.08497907400131226
87,0.08693496141433715,0.0809352879524231
88,0.0863707501411438,0.08419121408462524
89,0.08628020715713501,0.08068359994888305
90,0.08528919506072997,0.0865491886138916
91,0.0861470498085022,0.08201899480819702
92,0.08657946500778198,0.08275702381134033
93,0.08461450414657593,0.08274047136306763
94,0.08399573917388917,0.10284574460983277
95,0.08425123891830444,0.08492750406265259
96,0.08458547639846802,0.08017724514007568
97,0.08422599363327027,0.13363994646072389
98,0.08587721939086915,0.0882068281173706
99,0.08216661424636841,0.07954938650131226
100,0.08090690641403198,0.09935271453857422
101,0.08365258073806763,0.1211978940963745
102,0.08427078161239623,0.09065171384811402
103,0.08292215309143067,0.08631547832489014
104,0.08369041404724122,0.09945288038253784
105,0.08358414487838745,0.1149350347518921
106,0.08442843160629272,0.07924089813232423
107,0.0799844407081604,0.08451080656051636
108,0.08228766450881958,0.09737292671203614
109,0.08047306232452392,0.1286396713256836
110,0.08052099828720093,0.12026037263870239
111,0.08129743251800538,0.08697732543945312
112,0.08272043180465698,0.08398752212524414
113,0.08009497032165527,0.11345019197463989
114,0.08166411170959473,0.08109400844573975
115,0.08231449213027954,0.07944633913040161
116,0.08150008010864258,0.08061699914932251
117,0.07922342090606689,0.08434108495712281
118,0.08067490453720093,0.0982088189125061
119,0.07919753904342651,0.08324271535873413
120,0.07779430027008057,0.0858669810295105
121,0.08084009428024291,0.10311548137664794
122,0.08099913520812989,0.0832752628326416
123,0.08099185285568238,0.08806488275527954
124,0.08066121788024902,0.08196232652664184
125,0.07799893093109131,0.07947388744354247
126,0.07821702852249146,0.0794767336845398
