epoch,loss,val_loss
0,0.5405690839767456,0.4252763295173645
1,0.3040587963104248,0.24509654808044434
2,0.2189383297920227,0.15573643493652345
3,0.18834616737365723,0.2649778480529785
4,0.16647756929397584,0.3967877941131592
5,0.15942765321731567,0.1253487539291382
6,0.1483054573059082,0.12305356359481812
7,0.13457455730438234,0.12935501432418822
8,0.13008276538848876,0.16891413307189942
9,0.11900778112411499,0.4977208023071289
10,0.14401623468399047,0.08812043142318726
11,0.12285444984436035,0.21821589040756226
12,0.11619608020782471,0.09670576763153076
13,0.10993474550247193,0.07725503826141357
14,0.10637603874206543,0.1697810115814209
15,0.10199376382827759,0.06845015478134155
16,0.10275378122329712,0.27825828075408937
17,0.096422718334198,0.08487314224243164
18,0.09900891218185424,0.07657727098464966
19,0.0884723349571228,0.07008968448638916
20,0.09173560371398926,0.0715545744895935
21,0.09217153263092041,0.06421939992904663
22,0.08784579267501831,0.07499521446228027
23,0.08422960910797118,0.0724317479133606
24,0.08081495075225831,0.05921554470062256
25,0.08324412145614624,0.08813890790939331
26,0.08171411447525025,0.06263238620758056
27,0.07936031084060668,0.0571672568321228
28,0.07599636726379394,0.06790001440048218
29,0.07611473541259765,0.08960429143905639
30,0.07621817445755005,0.07632682371139526
31,0.07411273689270019,0.08733019161224365
32,0.0690593849182129,0.057402740001678464
33,0.0729655683517456,0.15796006870269774
34,0.07049668474197388,0.12218561029434204
35,0.06916888227462768,0.16393768072128295
36,0.07019921503067017,0.05106986713409424
37,0.06663727827072144,0.05684027862548828
38,0.06837008962631226,0.05027376747131348
39,0.06571277379989623,0.04860702514648438
40,0.06660453329086304,0.048959835052490235
41,0.06459953441619873,0.057133925914764405
42,0.06434832611083985,0.1237946047782898
43,0.06431436471939087,0.05434096097946167
44,0.06286399717330933,0.0920970287322998
45,0.06373318481445313,0.06232569408416748
46,0.06407477798461914,0.05089661455154419
47,0.06372166757583618,0.05459153175354004
48,0.05926653633117676,0.06541962146759034
49,0.06556400623321533,0.04747119951248169
50,0.06197532148361206,0.09958618593215943
51,0.06176779556274414,0.05020675563812256
52,0.060984670066833495,0.09287953662872314
53,0.061012545871734616,0.16366150331497192
54,0.060638581657409665,0.0556669340133667
55,0.0608243052482605,0.08027970123291016
56,0.05872821664810181,0.0494358868598938
57,0.055697632884979247,0.05178200244903564
58,0.06045382137298584,0.07700735998153686
59,0.05774257173538208,0.05553990888595581
60,0.05777110414505005,0.10034147882461548
61,0.059102590465545654,0.04972326564788818
62,0.05843789758682251,0.05623553848266601
63,0.056959263801574705,0.07540519809722901
