epoch,loss,val_loss
0,0.5600397830963135,0.4494221887588501
1,0.31447811403274534,0.25226306009292604
2,0.23382918834686278,0.25028936815261843
3,0.20845986404418945,0.20647279691696166
4,0.1922968741416931,0.20208109045028685
5,0.1811256073951721,0.24709977054595947
6,0.17751292610168456,0.16972913122177125
7,0.17251522512435913,0.1654677848815918
8,0.16654618263244628,0.18762925481796264
9,0.16115540504455567,0.1480610728263855
10,0.15829322299957274,0.1844112515449524
11,0.15759042024612427,0.14317056465148925
12,0.15341111869812013,0.15791835641860963
13,0.1522331090927124,0.1502205810546875
14,0.14839651126861572,0.16204257345199585
15,0.14803536338806153,0.13240088176727294
16,0.14742641716003418,0.13211781024932862
17,0.14444790773391725,0.1326678261756897
18,0.1419470845222473,0.19997090911865234
19,0.14131897869110108,0.13504108190536498
20,0.14041773862838744,0.15720902729034425
21,0.13833511667251586,0.12904376649856567
22,0.13689360427856445,0.13325127696990965
23,0.13489205837249757,0.1377186827659607
24,0.13406157646179198,0.13833387327194213
25,0.13257301692962647,0.12405940771102905
26,0.1340302306175232,0.12791460514068603
27,0.13147932968139647,0.12616236400604247
28,0.13047219800949098,0.12240003681182861
29,0.12903004159927367,0.2002062931060791
30,0.13059824953079224,0.2871030640602112
31,0.13059273414611816,0.13999541521072387
32,0.12796772756576538,0.1305963125228882
33,0.126834108543396,0.11591808319091797
34,0.126456831073761,0.11731488943099976
35,0.12328758058547974,0.1196045503616333
36,0.1254068465232849,0.15121350383758544
37,0.12317211437225342,0.11537416982650757
38,0.12264121408462525,0.12101849985122681
39,0.12056598052978515,0.15490415143966674
40,0.1210119541168213,0.13575144386291504
41,0.12161810464859009,0.14885316371917726
42,0.12005166234970092,0.13916782903671265
43,0.12066425409317016,0.11290159797668457
44,0.11918767280578613,0.12399877595901489
45,0.11849588756561279,0.11203611993789672
46,0.11694967155456543,0.13612316513061523
47,0.11917117071151734,0.1091053671836853
48,0.11569481658935547,0.11461341094970703
49,0.11756663999557496,0.17154731225967407
50,0.11774803867340088,0.11599630260467529
51,0.11527106475830078,0.11116942977905274
52,0.113196773147583,0.12112202835083008
53,0.11456050004959106,0.16262994241714476
54,0.11418531484603882,0.11964863872528077
55,0.11297300262451172,0.1427744026184082
56,0.11363876266479492,0.11213065004348755
57,0.11224893093109131,0.10599014091491699
58,0.11060956802368165,0.11633339977264404
59,0.11222746658325196,0.11860906124114991
60,0.11110099182128906,0.10612274932861328
61,0.10850026588439941,0.10434361219406128
62,0.11104372959136963,0.12068078947067261
63,0.1099827974319458,0.10403075075149536
64,0.108895934009552,0.1437286033630371
65,0.10804950914382934,0.12488949728012085
66,0.10998910398483276,0.1498907914161682
67,0.10731911144256592,0.12129793405532836
68,0.10879802532196045,0.1346387948989868
69,0.1079716607093811,0.12916712427139282
70,0.1065078857421875,0.10779312658309936
71,0.10689225969314575,0.10708980655670167
72,0.10739046459197998,0.12469144487380981
73,0.10486005744934082,0.10224599504470826
74,0.10479684143066406,0.20762195205688477
75,0.10831094427108764,0.10380150127410889
76,0.10622222414016724,0.15678010368347167
77,0.103447496509552,0.12410319757461548
78,0.10344319248199463,0.10363857746124268
79,0.10511899824142457,0.10093292570114136
80,0.10123749809265137,0.10320232105255127
81,0.10301115036010743,0.12103951358795166
82,0.10294613008499146,0.11679291915893554
83,0.10151147632598877,0.0991316556930542
84,0.10053948402404785,0.10211806297302246
85,0.10380520372390747,0.1157647352218628
86,0.10215408048629761,0.10184765529632568
87,0.10075185174942017,0.10551850938796997
88,0.10065639429092407,0.1028331789970398
89,0.09931355972290039,0.11379689598083496
90,0.09934022569656373,0.09970471715927123
91,0.0981555884361267,0.10357048177719116
92,0.10024095430374146,0.12404621219635009
93,0.09896453933715821,0.09717947053909302
94,0.09767288761138916,0.195875545501709
95,0.10128017501831055,0.11524791145324707
96,0.09672605533599854,0.1010187611579895
97,0.09668412885665893,0.11093464612960816
98,0.09747539281845093,0.09901560449600219
99,0.09675120401382446,0.10580646514892578
100,0.09689681987762451,0.09942713689804077
101,0.09697643575668335,0.23373486232757568
102,0.09698287143707275,0.0967973837852478
103,0.0964751277923584,0.10639635515213013
104,0.09617514314651489,0.09646081495285035
105,0.09348076581954956,0.09728493595123291
106,0.09434667415618897,0.09576090431213378
107,0.0956299165725708,0.10042932176589967
108,0.09278446960449219,0.0963016095161438
109,0.09439792985916137,0.10310372638702392
110,0.092528560256958,0.11796923685073853
111,0.09255322122573853,0.09448908996582031
112,0.09194192562103272,0.1149284324645996
113,0.09350568494796753,0.10084853792190551
114,0.09197624063491822,0.1319253330230713
115,0.09167970209121704,0.09454912233352661
116,0.09017078104019165,0.10382028770446777
117,0.0907925669670105,0.1075696587562561
118,0.09073960103988647,0.09409864377975465
119,0.0909928894996643,0.1005162205696106
120,0.0894820086479187,0.12302819681167602
121,0.09141214418411255,0.09937600803375245
122,0.08905880212783814,0.10195077896118164
123,0.09072634916305541,0.0932370810508728
124,0.09071672267913819,0.09235420799255371
125,0.08864257106781005,0.09452711439132691
126,0.08737807731628418,0.10034738111495972
127,0.0892530550956726,0.1049732437133789
128,0.09148996086120606,0.13412326240539552
129,0.08981802597045899,0.0919142837524414
130,0.08870797443389893,0.10074281215667724
131,0.08600492134094238,0.10006637334823608
132,0.08656893501281739,0.09513381338119507
133,0.08668565034866332,0.09321850395202637
134,0.08625562095642089,0.15100984525680541
135,0.08767803258895875,0.1204766297340393
136,0.08835360832214355,0.1190689353942871
137,0.08762838439941406,0.1219099612236023
138,0.08567154273986817,0.09479894638061523
139,0.08752449626922608,0.09219869899749755
140,0.08592137823104859,0.09853245210647583
141,0.08294208078384399,0.09025930452346802
142,0.08506772012710571,0.12517765378952025
143,0.08367535915374756,0.10492648649215698
144,0.08652519607543946,0.09273852109909057
145,0.08361939067840576,0.11339315795898437
146,0.08403396978378296,0.09061658191680909
147,0.08092236166000366,0.08998375129699707
148,0.08539524393081666,0.09383424854278564
149,0.08038384037017822,0.09347595643997192
150,0.08285417013168335,0.16583293867111207
151,0.08355895519256591,0.11571722507476806
152,0.08448466320037842,0.09076765871047973
153,0.08179746160507202,0.09552753639221191
154,0.08035209884643554,0.26440881395339966
155,0.08767938051223755,0.10535692930221557
156,0.08232937965393067,0.10524007081985473
157,0.08144507007598877,0.09497314357757568
158,0.08012829751968384,0.09570497083663941
159,0.08323008966445923,0.09267185020446778
160,0.08123730030059814,0.09524531078338623
161,0.08093387050628661,0.10190489864349365
162,0.08184494380950928,0.0944397988319397
163,0.07805871562957764,0.09480669784545899
164,0.07918991479873658,0.09648179769515991
165,0.08024062538146973,0.10100069999694825
166,0.07930051755905151,0.1008870358467102
167,0.08017259426116943,0.09499113464355469
