epoch,loss,val_loss
0,0.5276887238502502,0.3499249496459961
1,0.3846335000038147,0.35641014289855955
2,0.3377325911521912,0.2738190245628357
3,0.3137790462493896,0.3757288737297058
4,0.2929183967590332,0.22995183420181275
5,0.27321858615875244,0.2741056370735169
6,0.25995193977355957,0.26788705682754516
7,0.24890133199691772,0.3451914210319519
8,0.24428871192932128,0.2271021842956543
9,0.22859929285049438,0.1738491487503052
10,0.23090088243484497,0.2158676986694336
11,0.21905073547363282,0.23959539890289305
12,0.2158687828063965,0.15231607007980347
13,0.20067102193832398,0.17395184755325319
14,0.19235222940444946,0.1824834966659546
15,0.18252920389175414,0.18507564210891725
16,0.18010085248947144,0.28165881633758544
17,0.17664169692993165,0.14501330137252808
18,0.16948674583435058,0.13908737993240355
19,0.1640372194290161,0.2316777353286743
20,0.1671584942817688,0.26071126556396484
21,0.15816900424957275,0.12208257484436034
22,0.15892029008865358,0.13218357181549073
23,0.1445704529762268,0.17343962383270264
24,0.1456086420059204,0.22045450353622437
25,0.14588564453125,0.1761940312385559
26,0.14208561162948607,0.15759385108947754
27,0.13498849878311156,0.11742869567871093
28,0.13557849941253663,0.13042403602600097
29,0.13511837129592896,0.10404705715179444
30,0.1342191785812378,0.15424805402755737
31,0.1308769335746765,0.10803514575958252
32,0.12309919109344482,0.11011285686492919
33,0.12184350452423096,0.175459792137146
34,0.12380050268173218,0.10320333671569824
35,0.12184323081970215,0.18052497100830078
36,0.1200643063545227,0.08497663307189941
37,0.11717459840774536,0.09745851230621339
38,0.11262428550720215,0.091225754737854
39,0.11050599622726441,0.168770751953125
40,0.10935028266906738,0.12077077388763428
41,0.10649750375747681,0.08871226406097413
42,0.10854360342025757,0.10799488782882691
43,0.10431883401870727,0.13776605463027955
44,0.10155889291763305,0.09019605875015259
45,0.10274474782943725,0.09519105434417724
46,0.10236031618118287,0.17648825883865357
47,0.10152669372558594,0.10705326461791992
48,0.09914406452178955,0.13986394548416137
49,0.10025454940795898,0.08403221559524536
50,0.0975763132095337,0.13242974519729614
51,0.09544712915420532,0.09088145732879639
52,0.09575187215805053,0.15210356855392457
53,0.09473889007568359,0.17372094058990478
54,0.09370079097747802,0.079250732421875
55,0.08967685794830323,0.07500043106079102
56,0.0902072491645813,0.17091842365264892
57,0.09329836168289185,0.087145339012146
58,0.09046128177642822,0.1440922374725342
59,0.09200866966247559,0.07892513799667358
60,0.08802510709762573,0.11942150497436524
61,0.08888374052047729,0.08759508848190307
62,0.08509594049453735,0.16245133352279664
63,0.08698198738098145,0.13021330881118776
64,0.0851304560661316,0.09629729557037353
65,0.08632975959777832,0.07794174098968507
66,0.08455574464797974,0.09121388387680053
67,0.08475481052398681,0.07915162229537964
68,0.08225013704299927,0.13399636507034302
69,0.08389001359939575,0.08005373573303223
70,0.08186859998703003,0.08356223821640014
71,0.08270163793563842,0.07580318593978883
72,0.07894413995742798,0.10581380796432495
73,0.08298140916824341,0.13799870157241823
74,0.07843414230346679,0.07615657901763916
75,0.07930133438110351,0.07579062461853027
