epoch,loss,val_loss
0,0.5802558006286621,0.4161463069915772
1,0.3183057403564453,0.19191159868240357
2,0.22532699451446533,0.1552016954421997
3,0.19684273109436035,0.21393865394592285
4,0.17788493070602418,0.1379413275718689
5,0.16635846853256225,0.21441831254959107
6,0.1616624879837036,0.12784790897369386
7,0.14555211181640626,0.13825687503814696
8,0.14132286310195924,0.2306059160232544
9,0.14279941806793212,0.1887916431427002
10,0.13150896587371827,0.11132317590713502
11,0.12490631437301636,0.2128457074165344
12,0.11823382158279419,0.1892558641433716
13,0.11852968959808349,0.18313752031326294
14,0.11596295223236083,0.10029994773864746
15,0.10964600095748901,0.1009234380722046
16,0.10908801946640015,0.11126532506942749
17,0.10540394735336303,0.0836912202835083
18,0.1034111927986145,0.14960222721099853
19,0.10140715227127076,0.1086146788597107
20,0.09945741147994995,0.08944820356369018
21,0.0992349928855896,0.1578217430114746
22,0.10103489170074463,0.08880266904830933
23,0.09830788631439209,0.09260734319686889
24,0.09307229280471802,0.08736760330200195
25,0.09423007507324219,0.09795075941085815
26,0.0939481424331665,0.07884405088424683
27,0.09113813199996948,0.1317529249191284
28,0.09137570314407349,0.10562482500076294
29,0.08848995361328126,0.08104600048065186
30,0.09019121341705322,0.07959090423583984
31,0.08778080511093139,0.10488186073303223
32,0.08493908605575562,0.08406049919128418
33,0.0849493769645691,0.0836902813911438
34,0.08532882604598999,0.11541862010955811
35,0.08557478351593018,0.13709568834304808
36,0.08398263845443725,0.08595936298370362
37,0.08300260725021362,0.07365451669692993
38,0.08171876058578491,0.07705661916732788
39,0.0816307391166687,0.08273851251602173
40,0.08043337812423706,0.06664115333557129
41,0.07900852785110474,0.1453526210784912
42,0.07909106845855712,0.08425782346725463
43,0.07824502611160278,0.10907638072967529
44,0.07953854494094849,0.0840177025794983
45,0.07866937074661255,0.09152617120742798
46,0.07749861736297607,0.06843269395828247
47,0.07859026517868042,0.06496392011642456
48,0.07542081718444824,0.07118846273422241
49,0.07699161376953124,0.11354933500289917
50,0.07509004821777343,0.06557167434692383
51,0.07472001514434815,0.08708912754058838
52,0.0743694483757019,0.06481283903121948
53,0.07493594226837158,0.07187758636474609
54,0.07481328496932983,0.1148877992630005
55,0.07403681468963623,0.07628800630569459
56,0.07096446475982666,0.06577851963043213
57,0.07269945812225342,0.0707269721031189
58,0.0714402424812317,0.06441449975967407
59,0.07211023664474488,0.06129926204681396
60,0.07017914428710938,0.07295989084243774
61,0.07097826747894287,0.0640518274307251
62,0.06960771541595459,0.06956185913085937
63,0.07031810178756714,0.0748463077545166
64,0.06971803398132324,0.10070561456680298
65,0.0698905728340149,0.08220778274536132
66,0.0703615831375122,0.06300030994415283
67,0.06776460065841675,0.13473116970062257
68,0.06880881795883179,0.07393596267700195
69,0.06828920640945435,0.07062336683273315
70,0.06847673959732056,0.06029553413391113
71,0.06821584625244141,0.09080240583419799
72,0.06482032880783081,0.07235352039337158
73,0.06767030487060546,0.06362163591384888
74,0.06757862634658814,0.19457037019729614
75,0.07116192216873168,0.0625647087097168
76,0.06681055192947388,0.058934898376464845
77,0.06480131921768188,0.10414470195770263
78,0.06738535079956055,0.08684129619598388
79,0.06458000268936158,0.07827151012420654
80,0.06495083932876587,0.06451485776901245
81,0.06466757488250732,0.060524036407470706
82,0.06459483766555786,0.06254675006866454
83,0.06273455848693847,0.06564771509170532
84,0.06548266000747681,0.07854581737518311
85,0.06354830465316773,0.11916339731216431
86,0.06462955884933472,0.06206850671768188
87,0.06418671998977661,0.06812625694274903
88,0.06415919799804687,0.057212249279022215
89,0.06185260419845581,0.1237436237335205
90,0.0643530520439148,0.23004988718032837
91,0.06581906881332397,0.0591017632484436
92,0.06210247678756714,0.062138972282409666
93,0.062161676025390626,0.08442082595825195
94,0.06301963710784912,0.07441896915435792
95,0.060165835189819335,0.06569371509552002
96,0.06076901121139527,0.05855127143859863
97,0.06271593599319458,0.059753534317016604
98,0.059788705921173094,0.05783857107162475
99,0.061513356685638426,0.06677061414718628
100,0.05950520534515381,0.08363386869430542
101,0.0641669340133667,0.06575785827636718
102,0.06161850309371948,0.06258409070968628
103,0.060845491123199466,0.06924647951126099
104,0.0607103964805603,0.0689002571105957
105,0.059433698558807375,0.0865883297920227
106,0.05885145349502564,0.06677956819534302
107,0.06110344886779785,0.1012821536064148
108,0.061920947933197024,0.08652589082717896
