epoch,loss,val_loss
0,0.587919640827179,0.3921470975875854
1,0.35997139472961426,0.2829485020637512
2,0.2605062642097473,0.18565245866775512
3,0.22655095634460448,0.1892627444267273
4,0.2028230444908142,0.27888294506072997
5,0.1962212869644165,0.1778721089363098
6,0.17738780069351195,0.4008330907821655
7,0.17477486753463745,0.15482662296295166
8,0.16884287700653075,0.1278232092857361
9,0.1589409719467163,0.14894671678543092
10,0.15105908288955688,0.11661078405380249
11,0.1411111844062805,0.2519763169288635
12,0.1419257565498352,0.11988090324401855
13,0.12693927564620971,0.267310986995697
14,0.12601036081314088,0.11312405347824096
15,0.1265927532196045,0.3259651846885681
16,0.12231740999221802,0.09835295152664185
17,0.11355696516036988,0.2361565489768982
18,0.11645111560821533,0.12344324207305908
19,0.10900632524490357,0.27553923082351683
20,0.1090505446434021,0.09977634143829346
21,0.10549473237991333,0.07669568252563476
22,0.1032085783958435,0.21969667911529542
23,0.0980118052482605,0.07606146812438964
24,0.09519193897247315,0.07447323942184449
25,0.09546548547744751,0.08629527473449707
26,0.09515132484436035,0.08083546590805053
27,0.09336243886947632,0.09113722324371337
28,0.093762149143219,0.08570393800735474
29,0.08949583168029786,0.13555821895599365
30,0.08964019632339477,0.10102037954330444
31,0.08996592016220092,0.08025956010818482
32,0.08417524490356446,0.08585236549377441
33,0.08095412712097168,0.09396538686752319
34,0.08282763442993164,0.08902173376083374
35,0.0801002501487732,0.08861089897155762
36,0.08118264837265014,0.07177189445495605
37,0.081274107837677,0.06831609058380127
38,0.0780611888885498,0.06275888299942016
39,0.07874299135208129,0.08754532384872436
40,0.0789995400428772,0.0680042119026184
41,0.07370504007339478,0.08398193645477295
42,0.07633767642974854,0.06827422380447387
43,0.0713239854812622,0.06972033596038818
44,0.07288914203643798,0.13288100004196168
45,0.07157208585739136,0.0846202540397644
46,0.07151449365615845,0.061741125106811526
47,0.07225254878997803,0.0810289626121521
48,0.07103558731079102,0.0735076141357422
49,0.06996004791259766,0.07084470272064208
50,0.06818883514404298,0.06034822797775269
51,0.06971905107498169,0.0503686580657959
52,0.06787244424819946,0.0736844162940979
53,0.06616501874923707,0.05940345525741577
54,0.06700116786956788,0.059171810150146484
55,0.06961710720062256,0.05251454257965088
56,0.06364797019958496,0.08593889236450196
57,0.06501657857894898,0.06162601900100708
58,0.0655015396118164,0.07955244350433349
59,0.06347656059265137,0.05205475521087646
60,0.06444549102783204,0.08193768548965454
61,0.0648524751663208,0.08594152450561524
62,0.06497362194061279,0.09523676204681396
63,0.06330936059951782,0.05204525279998779
64,0.062494236278533934,0.05995805263519287
65,0.05991251239776611,0.06730988883972168
66,0.062207037448883055,0.08383212661743164
67,0.06030537967681885,0.14249444818496704
68,0.06133601884841919,0.055798453330993654
69,0.06078607168197632,0.05521666669845581
70,0.06086869688034058,0.0501451096534729
71,0.060111879920959475,0.049717044830322264
72,0.059216238784790036,0.07637598276138306
73,0.05986374454498291,0.08305962657928467
74,0.05927444744110107,0.05192286157608032
75,0.059022239875793456,0.0611003885269165
76,0.05766758441925049,0.05591218423843384
77,0.05782002372741699,0.060966725826263425
78,0.055958879470825194,0.152144166469574
79,0.06021603956222534,0.0556962251663208
80,0.05711413650512695,0.05339013004302978
81,0.05620388097763061,0.06115822076797486
82,0.05752562704086304,0.07326640462875367
83,0.05747275714874268,0.05596903991699219
84,0.056333263301849366,0.04770284795761109
85,0.05428214950561523,0.05294802141189575
86,0.054891578006744386,0.0867102255821228
87,0.05621224212646484,0.05207643127441406
88,0.054372043418884276,0.07240782976150513
89,0.05411841564178467,0.09050474691390992
90,0.05484487419128418,0.10069470596313476
91,0.05504724349975586,0.06905289125442506
92,0.052795314121246335,0.052288214683532716
93,0.053015072536468505,0.08513212394714355
94,0.05534997053146362,0.07726430988311768
95,0.05201944808959961,0.10464406156539917
96,0.05466557731628418,0.05678997182846069
97,0.05248797998428345,0.05040735292434692
98,0.0550516372680664,0.052280149459838866
99,0.05367967462539673,0.15655418014526368
100,0.05483503046035767,0.06266230869293213
101,0.05101288385391235,0.09024781131744385
102,0.05439837436676025,0.08968130254745484
103,0.051467221927642824,0.045720536708831784
104,0.052742714881896975,0.07876690435409546
105,0.05287882881164551,0.05425754022598266
106,0.051820432472229006,0.07006880187988282
107,0.05102322263717651,0.0448466215133667
108,0.05043996706008911,0.05360172986984253
109,0.05159899616241455,0.05066582155227661
110,0.04944721002578736,0.06982933568954468
111,0.05114863166809082,0.0635019612312317
112,0.051539654636383055,0.0701971607208252
113,0.05035957183837891,0.07259569883346557
114,0.05004167509078979,0.07145661640167236
115,0.050746196937561036,0.07255186605453491
116,0.048830193614959716,0.054524123191833494
117,0.050936301803588865,0.05770553922653198
118,0.048185181427001955,0.07086225271224976
119,0.048831973552703856,0.045564648628234866
120,0.050364435672760006,0.0592042498588562
121,0.04844669847488403,0.05026353788375854
122,0.04889480085372925,0.047533976554870606
123,0.04762741804122925,0.051323573589324954
124,0.04836692237854004,0.05178505325317383
125,0.04806737670898437,0.04867721843719482
126,0.048304085159301756,0.05314162111282349
127,0.04664497776031494,0.0603814058303833
