epoch,loss,val_loss
0,0.605624716758728,0.45344523668289183
1,0.35791476964950564,0.2748751692771912
2,0.25287659425735476,0.19072922134399414
3,0.210776753616333,0.29186368227005005
4,0.19496336297988892,0.16957117986679077
5,0.18054821338653565,0.13671495580673218
6,0.17067709980010987,0.2736082501411438
7,0.16029808244705201,0.25695755863189695
8,0.1532511191368103,0.44172211980819703
9,0.15188966073989868,0.14093734502792357
10,0.14333215408325195,0.09921635150909423
11,0.13875703096389772,0.10707737159729004
12,0.13652730655670167,0.1476557421684265
13,0.12501899490356444,0.12001215553283691
14,0.12452773103713989,0.2382604079246521
15,0.12635652141571044,0.08826844644546508
16,0.11825306568145752,0.40904649257659914
17,0.1186399471282959,0.11295419692993164
18,0.10838500137329102,0.07930037450790406
19,0.10566431169509888,0.11224174785614013
20,0.11054198865890504,0.11264759492874145
21,0.10298532218933105,0.0847892518043518
22,0.10288913221359253,0.11658931970596313
23,0.10292529697418212,0.07269597578048706
24,0.10085085735321045,0.11862186241149902
25,0.1001442491531372,0.07869168567657471
26,0.09476956520080566,0.0902454776763916
27,0.09211573686599732,0.10725822496414185
28,0.09334125843048095,0.08476535844802856
29,0.09131234121322632,0.09970770597457886
30,0.0923466736793518,0.2227666802406311
31,0.08838951034545899,0.12182428169250488
32,0.0863691559791565,0.09076395463943482
33,0.08523701171875,0.06822410678863525
34,0.08686212673187256,0.06573563528060913
35,0.08211369066238404,0.12202884101867675
36,0.0865073076248169,0.06716379022598266
37,0.08244899187088013,0.07227919101715088
38,0.08140841588973999,0.11932571744918823
39,0.08522510099411011,0.0659218454360962
40,0.07919881029129028,0.07275349378585816
41,0.07698647708892822,0.08753701066970825
42,0.07423415231704712,0.08632481718063355
43,0.07683894786834716,0.05865224075317383
44,0.07594423618316651,0.06177216386795044
45,0.07525106496810913,0.07509216785430908
46,0.07609274702072144,0.05655846548080444
47,0.07284291725158691,0.06582140922546387
48,0.07335964136123657,0.06082307577133179
49,0.07273408117294311,0.12315665721893311
50,0.07533993473052979,0.07705813932418823
51,0.07162780323028564,0.053421300888061525
52,0.07218169622421265,0.06250660419464112
53,0.06756581439971923,0.06904400777816773
54,0.07287418394088745,0.06693380737304687
55,0.06986465044021606,0.06373610210418701
56,0.0692769850730896,0.07446504640579224
57,0.07026142272949219,0.060187708377838135
58,0.06701830825805664,0.06181689643859863
59,0.06803425235748291,0.06539465522766114
60,0.06543669471740722,0.084966872215271
61,0.0642343584060669,0.06658791399002076
62,0.06692866249084473,0.10895855569839477
63,0.06403176555633545,0.06465870380401612
64,0.06532904300689697,0.057335734844207766
65,0.06554656352996827,0.06269955015182495
66,0.06650053901672363,0.0762697434425354
67,0.06392383813858032,0.08886676311492919
