epoch,loss,val_loss
0,0.8691147459030152,0.833810444355011
1,0.5973488757133484,0.41254804944992063
2,0.3022253960609436,0.3269772381782532
3,0.22209225149154663,0.16515255069732665
4,0.19328822565078735,0.155053071975708
5,0.18015469598770142,0.1210964069366455
6,0.16884302062988282,0.11903535652160645
7,0.15418851337432862,0.25102203559875486
8,0.15210786924362182,0.23673852682113647
9,0.14576583528518677,0.10806525993347169
10,0.1378309094429016,0.22578287982940673
11,0.13312124214172363,0.10286148309707642
12,0.12800937280654906,0.09924441146850586
13,0.12043605728149415,0.15277614450454713
14,0.11940285215377808,0.10366179895401001
15,0.1181997917175293,0.0905138840675354
16,0.11394053745269775,0.39165281343460084
17,0.11997575073242188,0.0998242416381836
18,0.11199285469055176,0.09382258367538453
19,0.10766139869689942,0.10067607545852661
20,0.10275760173797607,0.14639300966262817
21,0.10702996492385865,0.09474619674682618
22,0.10153974914550781,0.09635077857971192
23,0.09942406911849976,0.08551302099227906
24,0.09763990736007691,0.09133936214447022
25,0.0973278205871582,0.08365223169326783
26,0.09681613645553588,0.0893737382888794
27,0.09606353998184204,0.09774678945541382
28,0.09159828739166259,0.10619753122329711
29,0.09450324687957763,0.1002355899810791
30,0.09343842420578002,0.0893021183013916
31,0.0928156527519226,0.08084413194656372
32,0.0936156907081604,0.11658540344238282
33,0.09027694320678711,0.08267183208465576
34,0.09158768835067749,0.08389392566680909
35,0.08894471035003662,0.10057636404037476
36,0.09034318742752075,0.08816712903976441
37,0.08787917699813842,0.08239145421981811
38,0.08737778396606445,0.07971741151809693
39,0.08601621599197387,0.08116225385665894
40,0.08685899972915649,0.12341419410705566
41,0.08520984210968018,0.07826853942871094
42,0.08636176462173462,0.08152369022369385
43,0.08590205793380737,0.1221806378364563
44,0.08671829967498779,0.08190896892547607
45,0.08327964191436768,0.07779322338104248
46,0.08355072498321534,0.08863801145553589
47,0.08451018028259277,0.07576568460464478
48,0.08189208717346191,0.0745154447555542
49,0.08527277011871338,0.08489346551895141
50,0.08176024360656738,0.07806057929992676
51,0.08088608112335205,0.10127013731002808
52,0.08220108957290649,0.08249622201919556
53,0.07972505893707275,0.07636332130432129
54,0.08202388830184937,0.08173317861557007
55,0.08058436832427979,0.07638357734680176
56,0.07819282617568969,0.08447608423233033
57,0.0810429087638855,0.09372515773773193
58,0.08069655685424805,0.07278418636322022
59,0.07979472665786744,0.0770613932609558
60,0.07664253158569335,0.08218143463134765
61,0.07661467523574829,0.09651370906829834
62,0.07823381452560425,0.07366224813461304
63,0.07693135862350464,0.08036597537994385
64,0.07663847074508667,0.0834928731918335
65,0.07766745824813842,0.07323967742919922
66,0.07621587362289428,0.07705946683883667
67,0.07610959119796754,0.11490329837799072
68,0.07774321136474609,0.0742217288017273
69,0.07361488552093506,0.08993783473968506
70,0.07669649057388306,0.07757089424133301
71,0.07702673606872558,0.07745763397216797
72,0.07656885747909546,0.09194018459320068
73,0.07387396841049194,0.0775635437965393
74,0.07743988771438598,0.08345720911026001
