epoch,loss,val_loss
0,0.6491011547088623,0.31992918729782105
1,0.36429099731445314,0.25717552471160887
2,0.22758167085647582,0.3089805774688721
3,0.1916623254776001,0.16357325458526611
4,0.17112388010025023,0.3320143165588379
5,0.16000374116897584,0.12023444318771362
6,0.14881154823303222,0.11360144329071045
7,0.14194316635131837,0.1012368540763855
8,0.13463549375534056,0.0979142255783081
9,0.1301988341331482,0.11204075765609742
10,0.12300604209899903,0.1039098072052002
11,0.1163840069770813,0.13312636518478393
12,0.11452373695373536,0.0990511016845703
13,0.10970689868927001,0.08561965084075927
14,0.11098634595870972,0.12546904373168946
15,0.10462575769424438,0.08066910171508788
16,0.10355503101348877,0.08046182632446289
17,0.09872632036209106,0.08613496351242066
18,0.09432590999603271,0.1235591893196106
19,0.09495010566711426,0.08308760833740235
20,0.09267491998672485,0.08767878150939941
21,0.09274055118560791,0.08115449857711791
22,0.0924490159034729,0.08735739374160767
23,0.08911228256225585,0.07729403972625733
24,0.08857655992507935,0.11304626178741455
25,0.08745468492507935,0.18802235460281372
26,0.08612472438812256,0.07548556709289551
27,0.08809290199279785,0.08588532447814941
28,0.0857902379989624,0.07256549644470214
29,0.08332140674591064,0.12281651210784912
30,0.08124174013137818,0.076925705909729
31,0.08198714179992676,0.1117201533317566
32,0.08056873178482056,0.10573458290100098
33,0.08086878280639648,0.07942723083496094
34,0.07855934648513795,0.07870102977752685
35,0.07896556816101075,0.07304174137115478
36,0.0792438554763794,0.24084187459945677
37,0.08080190057754516,0.0855703206062317
38,0.078370920753479,0.116105309009552
39,0.07524876375198364,0.09837533950805664
40,0.0770096531867981,0.08061138677597046
41,0.07598598222732544,0.07198570060729981
42,0.07460651369094849,0.08442769765853882
43,0.07751593418121337,0.06814084100723267
44,0.07309555263519286,0.07798033475875854
45,0.07335066204071045,0.0959774136543274
46,0.07425120267868042,0.07574801540374757
47,0.07120858440399169,0.07126842021942138
48,0.07196837892532348,0.07626164197921753
49,0.07542499198913574,0.07160755109786987
50,0.0711326397895813,0.07383208894729615
51,0.07057259044647217,0.07400080347061157
52,0.07206281805038452,0.0964069766998291
53,0.0708011393547058,0.07274565887451172
54,0.06995475683212281,0.0650479655265808
55,0.0699876425743103,0.07805765628814697
56,0.06985344285964966,0.06647829055786132
57,0.0684757306098938,0.06775262308120727
58,0.07026676912307739,0.06631720542907715
59,0.06940069942474365,0.07340382146835327
60,0.06844447088241577,0.06437413120269775
61,0.06804228429794311,0.0675466136932373
62,0.06767090835571289,0.0666529598236084
63,0.06924466924667358,0.0733392882347107
64,0.0668817135810852,0.06600148582458495
65,0.06770997438430786,0.0764153962135315
66,0.06799540672302246,0.06776353502273559
67,0.06795775299072265,0.0720699291229248
68,0.0665864372253418,0.07820106649398803
69,0.06467898044586182,0.06450145816802978
70,0.06555125951766967,0.09316636037826538
71,0.0647145043373108,0.07559769201278686
72,0.06677803840637207,0.0630256838798523
73,0.06679966602325439,0.0677436933517456
74,0.06527372493743896,0.0655408239364624
75,0.06585702438354492,0.07259604692459107
76,0.06635055513381959,0.06667826890945434
77,0.06341461210250854,0.10085037326812744
78,0.06435386657714844,0.07818620538711547
79,0.06657449216842651,0.06457221174240112
80,0.06436828346252442,0.06442801952362061
81,0.06512218933105468,0.06277292108535766
82,0.06457306871414184,0.08085859727859497
83,0.06337016363143921,0.06979168176651002
84,0.06361366844177246,0.09599823236465455
85,0.06357939825057983,0.06460116004943847
86,0.06311653213500977,0.09678462886810303
87,0.06471527233123779,0.06587247133255004
88,0.06349124002456664,0.06403615379333497
89,0.06324136343002319,0.07634138965606689
90,0.06312558059692383,0.08821034145355225
91,0.06400197677612304,0.06666381025314332
92,0.06264714164733887,0.06768609857559205
93,0.06251293535232544,0.06429938364028931
94,0.06010323219299316,0.06322907876968384
95,0.06269063806533813,0.11115112018585205
96,0.06097147560119629,0.07847886657714843
97,0.06374663763046265,0.08035501623153686
