epoch,loss,val_loss
0,0.656203762435913,0.4558724384307861
1,0.410825404548645,0.3600983166694641
2,0.29665627756118773,0.2100477843284607
3,0.2470402141571045,0.4031610217094421
4,0.2234626371383667,0.28986726570129395
5,0.20792593154907227,0.18740828132629395
6,0.19910138578414918,0.3717137112617493
7,0.1921673632621765,0.17288556098937988
8,0.179318798160553,0.13649011611938477
9,0.17663894681930542,0.25848520851135254
10,0.16767315111160278,0.14771554470062256
11,0.16759123754501343,0.12429625129699708
12,0.15843898401260376,0.14752252292633056
13,0.15989244546890258,0.14535009717941283
14,0.14981118659973144,0.1282379183769226
15,0.14855750741958618,0.12150798559188843
16,0.14787721157073974,0.1754162621498108
17,0.14154008178710936,0.14618491792678834
18,0.13448838396072388,0.12591721248626708
19,0.1352589319229126,0.1304381594657898
20,0.1334337327003479,0.10477306175231933
21,0.1299961501121521,0.10611686182022095
22,0.12377965230941773,0.12226206636428832
23,0.12337960290908813,0.1061115322113037
24,0.11833461608886718,0.17300608587265015
25,0.11976382331848144,0.10146444940567016
26,0.11953556823730468,0.10011348581314086
27,0.11641045475006104,0.1274274435043335
28,0.11306003637313843,0.10306324195861817
29,0.11086282052993775,0.11710931777954102
30,0.11412907724380493,0.10237660408020019
31,0.10895731334686279,0.09920700407028198
32,0.10685893049240112,0.109164053440094
33,0.10652738914489746,0.08629877948760986
34,0.10446305932998658,0.11973025751113892
35,0.10002174730300903,0.1142575364112854
36,0.10552514915466309,0.07929853057861327
37,0.09704192056655883,0.14133251571655273
38,0.10228992843627929,0.07700147151947022
39,0.09659738206863404,0.0727509183883667
40,0.09623804969787597,0.17501967811584473
41,0.0976438232421875,0.07753346157073975
42,0.09265580883026123,0.11365302848815918
43,0.09486769666671753,0.07885159206390381
44,0.09479731884002686,0.09914035844802857
45,0.09189782209396362,0.07029330396652221
46,0.08951479339599609,0.07272802495956421
47,0.08968108043670654,0.11303313350677491
48,0.09187389163970948,0.16799897146224976
49,0.08872951021194458,0.1358435173034668
50,0.08762214241027833,0.26974642181396485
51,0.08897143449783325,0.08141394805908203
52,0.08957354288101196,0.07338340473175049
53,0.08449310026168823,0.2212743010520935
54,0.08811128721237182,0.07316772317886353
55,0.08406473226547241,0.16410024547576904
56,0.08536382780075073,0.07299053478240967
57,0.0827184308052063,0.06759690427780152
58,0.07838053102493286,0.08334456825256348
59,0.08223710012435913,0.11746382474899292
60,0.08024901819229126,0.09724670886993408
61,0.08098307857513427,0.08136239957809448
62,0.08080072069168091,0.07331858158111572
63,0.07714657011032104,0.06873323202133179
64,0.07690133609771728,0.07630384254455566
65,0.0779365756034851,0.10673082208633423
66,0.07854101991653442,0.10060900115966796
67,0.07937101888656616,0.08886095428466798
68,0.07642278804779053,0.10317053174972535
69,0.07538763608932496,0.06701005935668945
70,0.074615655708313,0.09870106601715088
71,0.07640644102096558,0.0688000512123108
72,0.0724932144165039,0.06952984571456909
73,0.07089380531311035,0.08711577224731445
74,0.07413273754119873,0.10134716653823853
75,0.06858398342132568,0.127807279586792
76,0.07341919670104981,0.06473772764205933
77,0.07181620225906372,0.08301795196533203
78,0.07065236291885375,0.07561822557449341
79,0.0715232286453247,0.08403933715820312
80,0.06987539014816284,0.08084905672073364
81,0.07020892496109009,0.09894629573822021
82,0.07219285182952881,0.09378963518142701
83,0.06911818437576293,0.0760818076133728
84,0.06650336256027221,0.07123615550994873
85,0.06804224891662598,0.06543795156478882
86,0.06776491069793701,0.059404396533966064
87,0.06923829927444458,0.15313441276550294
88,0.06808561449050904,0.0593026795387268
89,0.06816661796569824,0.06453245782852172
90,0.06666974487304687,0.06373759555816651
91,0.06830110445022583,0.08346161842346192
92,0.0693141035079956,0.07378211545944213
93,0.06600797719955444,0.05890034675598144
94,0.06424228925704956,0.07746932697296142
95,0.06720228605270386,0.0638558087348938
96,0.0642731276512146,0.05671383142471313
97,0.06681850719451904,0.12682502269744872
98,0.0669511658668518,0.10885602807998657
99,0.06438279256820678,0.05785662746429444
100,0.06426262645721435,0.0601483097076416
101,0.06286672325134278,0.06126003885269165
102,0.06446995067596435,0.07243984460830688
103,0.06421476068496704,0.06926449346542358
104,0.06420613813400268,0.07404095792770386
105,0.0632255467414856,0.1026345043182373
106,0.06380103340148925,0.0695002670288086
107,0.06198300657272339,0.05772352504730224
108,0.06042352743148804,0.0646257152557373
109,0.06095883207321167,0.0644079213142395
110,0.06356543436050414,0.06378372716903687
111,0.06295142164230347,0.06897854137420655
112,0.060855710315704345,0.08960783433914185
113,0.06277315826416016,0.0956875581741333
114,0.05949355030059814,0.05921700239181518
115,0.06007253465652466,0.0704365062713623
116,0.0604333963394165,0.11844792556762695
