epoch,loss,val_loss
0,0.7089186902999878,0.31139790201187134
1,0.3643438624382019,0.23828204441070558
2,0.19936306247711183,0.2058918414115906
3,0.15674278678894044,0.15444731903076173
4,0.13631332292556764,0.19714776182174681
5,0.12271711950302124,0.09143895769119263
6,0.1117261510848999,0.08908490324020386
7,0.10814578409194946,0.09342487239837646
8,0.10021841068267823,0.10253982877731323
9,0.10041195983886719,0.0861997103691101
10,0.09009736251831055,0.07897382116317749
11,0.09110276584625245,0.10674484062194824
12,0.0865439347267151,0.0862034888267517
13,0.08669119548797607,0.10104270648956298
14,0.08301144742965698,0.07222809076309204
15,0.07948432025909424,0.07745715045928955
16,0.08140196466445923,0.12244375705718995
17,0.08027567863464355,0.08578930187225342
18,0.07784347410202026,0.06675167846679687
19,0.07689420404434204,0.06969236278533936
20,0.07383076038360596,0.07067000865936279
21,0.07529550828933716,0.07888903903961182
22,0.07438130378723144,0.08987155055999756
23,0.07458400049209594,0.06602722454071044
24,0.07289039096832275,0.10587108087539673
25,0.06893411293029786,0.09454538536071777
26,0.07308271493911743,0.06215722608566284
27,0.06909519758224487,0.14651430130004883
28,0.07090837440490723,0.06255203485488892
29,0.06911340713500977,0.10272855710983277
30,0.07192385864257812,0.06587086534500122
31,0.06622178077697755,0.07191190385818481
32,0.06700392227172852,0.07516687440872193
33,0.06567750825881959,0.061307435512542724
34,0.06519962816238403,0.07838502502441407
35,0.06563858804702759,0.08529359674453735
36,0.06476858987808227,0.060787353992462156
37,0.06604419469833374,0.06037763833999634
38,0.0650827386856079,0.09554487657546996
39,0.06704420509338378,0.06661934280395508
40,0.062228702354431155,0.07474884748458863
41,0.06262199935913086,0.06437756443023682
42,0.06319059581756592,0.05801878309249878
43,0.061328471851348876,0.06261205720901489
44,0.06231683006286621,0.07198231506347656
45,0.061373883247375485,0.06261356115341186
46,0.06141048221588135,0.06772633314132691
47,0.06260746402740479,0.07525322961807251
48,0.060906760787963865,0.06678230905532836
49,0.060657095527648926,0.09924352931976319
50,0.06155659103393555,0.06052313184738159
51,0.0607149977684021,0.05876566791534424
52,0.06015968608856201,0.06387525415420532
53,0.05977590379714966,0.06326513195037842
54,0.060436713314056395,0.06856504058837891
55,0.06039806613922119,0.05855909824371338
56,0.057669332313537595,0.05787247610092163
57,0.05976125974655151,0.07033197832107543
58,0.059442918300628665,0.06440977668762207
59,0.05926709146499634,0.05580256223678589
60,0.057508401107788085,0.07838605070114135
61,0.058190380191802976,0.05747774648666382
62,0.05857403106689453,0.057749638557434084
63,0.05941990222930908,0.0579383020401001
64,0.057958842563629154,0.056829195976257324
65,0.05798066158294678,0.057500588417053224
66,0.05736776351928711,0.05493006753921509
67,0.0584249752998352,0.05629335498809814
68,0.057492188262939455,0.062330017566680905
69,0.05640665340423584,0.05672290277481079
70,0.05560097818374634,0.056985579490661624
71,0.05765333528518677,0.05926523303985596
72,0.05608497161865234,0.11149026536941528
73,0.058420553588867184,0.054687718868255616
74,0.05519416923522949,0.09233933687210083
75,0.057615673828125,0.058170223712921146
76,0.05577395544052124,0.05619096326828003
77,0.056779329681396484,0.060394838809967044
78,0.056701984405517575,0.059157553672790526
79,0.05572182331085205,0.05457785511016846
80,0.05481699447631836,0.0600265679359436
81,0.0548423900604248,0.05401627683639526
82,0.05560266227722168,0.055904768466949466
83,0.056635855674743656,0.05435517120361328
84,0.05253789005279541,0.058565638542175294
85,0.05528813390731811,0.05630672597885132
86,0.0552392373085022,0.05802126264572144
87,0.05279162530899048,0.053325409412384034
88,0.05526874837875366,0.054721503257751464
89,0.05456121234893799,0.07969487810134887
90,0.05483886528015137,0.05421899127960205
91,0.054430119800567625,0.053954712867736815
92,0.05348800287246704,0.05443142032623291
93,0.054091971492767336,0.05978864002227783
94,0.05543048334121704,0.058800989627838134
95,0.05355981960296631,0.09646578121185302
96,0.053050850582122805,0.053867871761322024
97,0.05526248550415039,0.05321858835220337
98,0.05532072582244873,0.06304077672958373
99,0.052741509437561035,0.05425512504577637
100,0.053655218315124514,0.055756263732910157
101,0.05398379249572754,0.056640219688415525
102,0.054418268203735354,0.05470400905609131
103,0.053419312191009524,0.06220340442657471
104,0.05333827714920044,0.053319901466369626
105,0.052352796459198,0.052784848213195804
106,0.052930845546722415,0.05455454206466675
107,0.05334659948348999,0.05565764951705933
108,0.0532905445098877,0.05568250370025635
109,0.052867797756195066,0.054319319248199466
110,0.05153165712356567,0.05539154672622681
111,0.05364520053863525,0.053355650901794435
112,0.05279706964492798,0.05919452714920044
113,0.05369480895996094,0.056550488471984864
114,0.05261408357620239,0.05348916864395142
115,0.05220212697982788,0.057199999332427975
116,0.05062452650070191,0.05204626989364624
117,0.05243962688446045,0.05286066246032715
118,0.05226119213104248,0.05469240856170654
119,0.050979500484466554,0.05487406873703003
120,0.05248334398269653,0.05318431663513184
121,0.052306373977661136,0.05617085838317871
122,0.05136306495666504,0.059676996707916256
123,0.051917209434509275,0.05305105876922608
124,0.053301589012145996,0.05493383884429932
125,0.05183760375976563,0.05247571659088135
126,0.05184208736419678,0.059624404907226564
127,0.05173878755569458,0.05450066614151001
128,0.05095733833312988,0.052328827381134035
129,0.05072961101531982,0.051906625270843505
130,0.0523700288772583,0.05907718563079834
131,0.05188185501098633,0.06508899974822999
132,0.05225867338180542,0.05494940710067749
133,0.05011167097091675,0.05185336208343506
134,0.050369222927093504,0.06895126295089722
135,0.05113244800567627,0.05529014873504639
136,0.05062551317214966,0.05490160846710205
137,0.05108043928146362,0.05540857553482056
138,0.05085500545501709,0.07653029680252076
139,0.05115826797485352,0.06842655420303345
140,0.05004654626846314,0.07559403800964355
141,0.050983480072021484,0.06106381750106812
142,0.050923094177246095,0.054651211261749266
143,0.049836725425720214,0.05157866048812866
144,0.050160889530181885,0.05199082899093628
145,0.0508551064491272,0.053056278228759766
146,0.05106203908920288,0.07472310924530029
147,0.05040374145507812,0.0747169599533081
148,0.050151888942718506,0.05484392309188843
149,0.0504729172706604,0.05246823501586914
150,0.049218867874145505,0.05951426362991333
151,0.05167607221603394,0.053624573707580565
152,0.049863433742523194,0.06085352230072021
153,0.05035796670913696,0.05407385015487671
154,0.05081756610870361,0.061087445259094236
155,0.05035664510726929,0.05126800966262817
156,0.04972497577667236,0.05450957632064819
157,0.05024738254547119,0.05444958591461182
158,0.049893406105041505,0.05440885972976685
159,0.04952874345779419,0.05917711973190307
160,0.050025941753387454,0.05377524566650391
161,0.050990527725219725,0.05266626787185669
162,0.049411534595489505,0.05462344551086426
163,0.04971602811813355,0.05250217580795288
164,0.04818914575576782,0.052863573551177975
165,0.050502246952056885,0.05372863292694092
166,0.04838446578979492,0.054355060577392575
167,0.049862288093566895,0.05929665565490723
168,0.04983705749511719,0.06361421775817871
169,0.048678812313079835,0.05256727647781372
170,0.05023794202804566,0.05485767698287964
171,0.04839338712692261,0.05279497528076172
172,0.04833385524749756,0.05186185932159424
173,0.0492582555770874,0.058353904724121095
174,0.04789211626052856,0.056207409381866455
175,0.04720700035095215,0.05408761262893677
