epoch,loss,val_loss
0,0.7994215179443359,0.6590879936218261
1,0.5664216449737549,0.6360342116355896
2,0.49051783618927003,0.44769013118743894
3,0.4492151809692383,0.3839263525009155
4,0.421599502658844,0.45037108755111693
5,0.40706940097808836,0.37108414459228517
6,0.39227873935699464,0.38712602233886717
7,0.3784732551574707,0.3925530261993408
8,0.3707752926826477,0.34861755895614627
9,0.36268846702575686,0.3708025131225586
10,0.3590834229469299,0.34397746562957765
11,0.34811888780593875,0.4016919903755188
12,0.3464410782814026,0.33088647985458375
13,0.34078078842163084,0.3259676704406738
14,0.33798408422470094,0.33049894332885743
15,0.3275734475135803,0.29546274280548096
16,0.32687115831375124,0.3360006399154663
17,0.3213296682357788,0.3100285015106201
18,0.31762127180099486,0.2947800049781799
19,0.313285943031311,0.3086408324241638
20,0.31012993516922,0.3271746835708618
21,0.31059130964279175,0.2921923336982727
22,0.30033260927200317,0.2827287602424622
23,0.3025667092323303,0.28113805198669434
24,0.29657431011199953,0.3248791761398315
25,0.2972306025505066,0.2832908172607422
26,0.2963297963142395,0.278858048915863
27,0.28908852224349973,0.2959524483680725
28,0.28689836483001707,0.3789803423881531
29,0.2880319141387939,0.27137978935241697
30,0.2853737708091736,0.2911301836967468
31,0.28444959907531736,0.28629517221450806
32,0.2814701108932495,0.2684249596595764
33,0.2824261262893677,0.3032199478149414
34,0.2764924398422241,0.27071384954452515
35,0.2754621969223022,0.3204648756980896
36,0.27380794162750244,0.3104366159439087
37,0.2714416275978088,0.38164633560180666
38,0.27147158393859866,0.2644484930038452
39,0.2686889035224915,0.26439695024490356
40,0.2678009693145752,0.297570454120636
41,0.2673559872627258,0.33806877756118775
42,0.26714196128845213,0.2762203431129456
43,0.263033287525177,0.27696585035324095
44,0.26221865139007566,0.2836775007247925
45,0.26222205123901365,0.2732349786758423
46,0.26123231506347655,0.2752862935066223
47,0.25778980302810667,0.3274720335006714
48,0.25912475576400756,0.27752172470092773
49,0.25942155275344847,0.3114756488800049
50,0.2573361753463745,0.24711412525177
51,0.2569481635093689,0.27415784740447996
52,0.25467546434402466,0.23991827774047852
53,0.2536644500732422,0.2994336862564087
54,0.2544820258140564,0.2567065591812134
55,0.25056256303787233,0.22811244440078735
56,0.2508786106109619,0.2578458375930786
57,0.2532407366752625,0.2425443525314331
58,0.2507784852981567,0.242491455078125
59,0.2501563174247742,0.2553392949104309
60,0.25067884349823,0.25958914136886596
61,0.24908611764907837,0.27554356050491335
62,0.2494904079437256,0.23677659606933593
63,0.24796891870498658,0.24259271001815796
64,0.24311467990875243,0.2512235751152039
65,0.24861462411880494,0.259981294631958
66,0.24417926559448241,0.2663177556991577
67,0.24044501991271972,0.2923494038581848
68,0.2460862187385559,0.24014675855636597
69,0.2451519257545471,0.2278775987625122
70,0.24403904514312744,0.2366480393409729
71,0.24631866235733033,0.27625694751739505
72,0.2431676975250244,0.25466543531417846
73,0.24209423818588258,0.25392837762832643
74,0.2415184401512146,0.27079860544204715
75,0.2454948748588562,0.2635661997795105
76,0.23904325275421143,0.2248913083076477
77,0.24159884233474732,0.2639732151031494
78,0.2397901225090027,0.2950909190177918
79,0.2386237690925598,0.2367408971786499
80,0.24036136865615845,0.2826944737434387
81,0.24029472370147706,0.23368635654449463
82,0.24002252883911132,0.2401075520515442
83,0.23964343795776366,0.2344675989151001
84,0.23735814762115479,0.23787486457824708
85,0.23473838052749635,0.2712426128387451
86,0.23999685173034668,0.3077745108604431
87,0.24103632364273073,0.30128878498077394
88,0.23768455085754395,0.23292436122894286
89,0.23620388479232787,0.24449692058563233
90,0.23648384313583373,0.2738639121055603
91,0.2384032618522644,0.2299756169319153
92,0.23536918153762817,0.23700420093536376
93,0.23540172510147095,0.26490355157852175
94,0.23730400352478026,0.2295110731124878
95,0.23662208223342895,0.28181717872619627
96,0.23427419672012328,0.2265433201789856
