epoch,loss,val_loss
0,0.5480643335342408,0.41859587955474853
1,0.34773394947052,0.3262381711006165
2,0.2681965990066528,0.21627124929428101
3,0.23706140928268432,0.22952618932723998
4,0.21903448133468628,0.3004195251464844
5,0.20254651374816895,0.1892045259475708
6,0.19520337524414064,0.3219945216178894
7,0.18725833253860474,0.13515285778045655
8,0.17656699047088623,0.13140669775009156
9,0.17888498735427857,0.18296672248840332
10,0.17029837799072264,0.2198779239654541
11,0.15522123794555664,0.20652522706985474
12,0.15685053730010987,0.12400114727020263
13,0.14863593883514403,0.2108862271308899
14,0.14790667686462403,0.13828067445755005
15,0.13854940385818482,0.17591817617416383
16,0.13693092517852784,0.12583757829666137
17,0.1393973585128784,0.11059912633895874
18,0.1243793065071106,0.13850330448150636
19,0.12553128061294555,0.10352964353561402
20,0.12396039810180665,0.10457296323776245
21,0.12058099584579468,0.09433833932876587
22,0.11369046258926392,0.09044913387298584
23,0.12019417419433594,0.10559100151062012
24,0.11505654726028443,0.1007549729347229
25,0.10894388809204102,0.08750333786010742
26,0.11043678150177003,0.20365494775772094
27,0.11138341054916381,0.09968837642669678
28,0.10323442649841309,0.12280008220672607
29,0.10781886968612671,0.12886297416687012
30,0.10735612678527832,0.07697875022888184
31,0.10038537397384643,0.11280262565612793
32,0.10406296081542969,0.09860952234268189
33,0.10147799491882324,0.08494514226913452
34,0.09530181303024292,0.08677881336212158
35,0.09448154220581055,0.13369974994659423
36,0.09722468881607056,0.08856303405761719
37,0.09509391107559204,0.08410010290145874
38,0.09311948165893555,0.07376959228515625
39,0.09648309926986694,0.2932631649971008
40,0.09638272094726562,0.1168578667640686
41,0.08929433727264405,0.09280654001235962
42,0.08820395908355713,0.0847746262550354
43,0.0918954818725586,0.09283786344528198
44,0.08905297517776489,0.11449194765090942
45,0.08527319087982178,0.0763607783317566
46,0.08421366300582886,0.09552195310592651
47,0.08335742292404175,0.1602228627204895
48,0.08482884025573731,0.08444663095474243
49,0.08398474855422973,0.07371784687042236
50,0.0823793942451477,0.09147517347335815
51,0.08293206768035889,0.09545805597305299
52,0.08294951801300049,0.07695265197753906
53,0.08076309251785278,0.11188378524780274
54,0.08449135055541993,0.06583287048339843
55,0.07862986011505127,0.08086254549026489
56,0.07892633390426636,0.14261201000213622
57,0.07907675046920776,0.06589757347106934
58,0.0774443636894226,0.07872934150695801
59,0.0793274260520935,0.07808093738555909
60,0.07519540519714356,0.07465759420394898
61,0.07412653360366821,0.07413711977005005
62,0.0757321011543274,0.06457840776443481
63,0.07484702491760253,0.08741768503189087
64,0.07638678016662598,0.10051554298400879
65,0.07321901407241821,0.07015823268890381
66,0.07282708921432494,0.0918301649093628
67,0.07622445135116578,0.07742662477493287
68,0.07383688077926635,0.08834159040451049
69,0.07321162853240967,0.0694028902053833
70,0.0747376449584961,0.07346273803710937
71,0.0732831072807312,0.06555589723587037
72,0.07049644174575806,0.1205697627067566
73,0.0746176414489746,0.1320117506980896
74,0.07379086017608642,0.06506519460678101
75,0.07068065090179443,0.11688091564178467
76,0.07109253778457642,0.060700387001037595
77,0.07183723239898682,0.08262436389923096
78,0.06905345392227173,0.07250981903076172
79,0.06810024404525757,0.07806722021102905
80,0.06814723405838012,0.10752006959915161
81,0.07046292953491211,0.06951925563812256
82,0.068189049243927,0.0831731948852539
83,0.06858337306976318,0.07361827182769776
84,0.06702301626205444,0.07764114856719971
85,0.06755197687149048,0.06834943628311158
86,0.06760816211700439,0.07279360628128052
87,0.0690181318283081,0.06385823345184326
88,0.06956388454437255,0.05945553159713745
89,0.06551620292663574,0.06425504350662231
90,0.06681550340652466,0.05988350009918213
91,0.06774732227325439,0.06510354709625245
92,0.06736580820083618,0.07130961465835571
93,0.06654466857910156,0.05835907173156738
94,0.06582926511764527,0.06974767971038819
95,0.06634098663330078,0.060452718257904055
96,0.06422204170227051,0.06371934127807617
97,0.06553201761245728,0.07576169967651367
98,0.06229397878646851,0.10648924160003662
99,0.06383933000564575,0.11304640913009643
100,0.06521248226165771,0.06412669372558594
101,0.06635424947738647,0.06026010322570801
102,0.06367143039703368,0.11677006244659424
103,0.06531272583007812,0.06407178068161011
104,0.06265693674087525,0.06886526155471802
105,0.06293213310241699,0.13584908533096313
106,0.06278069009780884,0.06875223445892334
107,0.06413938980102539,0.059435734272003174
108,0.061205102348327635,0.10172251987457276
109,0.06431030912399292,0.06925233507156373
110,0.06164777345657348,0.058296947002410886
111,0.0629214687347412,0.0654439926147461
112,0.06308524379730225,0.0671902470588684
113,0.060706231689453126,0.0635927152633667
114,0.06225625038146973,0.09903541898727417
115,0.06149415369033814,0.05905564832687378
116,0.06088900547027588,0.058879212379455564
117,0.06162254314422608,0.06691429424285888
118,0.06093895797729492,0.05847881650924683
119,0.06134631900787354,0.07893297481536865
120,0.05923135604858398,0.058015384674072266
121,0.06135789337158203,0.0642432599067688
122,0.05888523588180542,0.09127762174606323
123,0.06040576066970825,0.07091129493713379
124,0.06064780569076538,0.05840701150894165
125,0.05883510274887085,0.07666951608657836
126,0.05989736108779907,0.06273271465301514
127,0.06066370153427124,0.07466147613525391
128,0.05923386096954346,0.057683712482452396
129,0.059003211975097655,0.07492603063583374
130,0.06018599090576172,0.06858251523971558
131,0.05929199237823486,0.05909584140777588
132,0.05698358058929443,0.05626176929473877
133,0.0578060791015625,0.06051442384719849
134,0.058730167961120607,0.07765614557266236
135,0.061695627880096436,0.06223275709152222
136,0.05812172641754151,0.05712127590179444
137,0.058984736061096193,0.0721963472366333
138,0.05741624412536621,0.1399567813873291
139,0.05880740995407104,0.056466814517974855
140,0.05698515701293945,0.06008747768402099
141,0.057866616535186766,0.0555840859413147
142,0.058481250667572024,0.06173871088027954
143,0.05843780899047851,0.060505874633789064
144,0.05690880994796753,0.0711791672706604
145,0.057412940216064454,0.07515375804901123
146,0.05544830112457275,0.05638517808914185
147,0.058413085556030274,0.05603668260574341
148,0.0549291036605835,0.06454491424560548
149,0.05660947885513306,0.06513517045974732
150,0.05587254934310913,0.0850438814163208
151,0.05482900161743164,0.058747714519500734
152,0.055302781295776364,0.0729181809425354
153,0.05634649839401245,0.07964287376403809
154,0.056352737140655515,0.06431306505203246
155,0.056575679302215576,0.22763582277297972
156,0.059391692543029784,0.0697909288406372
157,0.05680958042144776,0.06284793615341186
158,0.055615497875213624,0.06615184831619263
159,0.05480664119720459,0.06004792022705078
160,0.055096817779541014,0.09143044233322144
161,0.055254173469543456,0.0704930853843689
