epoch,loss,val_loss
0,0.6016662210464477,0.23365193700790404
1,0.2922678353309631,0.23237094020843505
2,0.17726367435455323,0.2059273328781128
3,0.15236102027893067,0.1913232045173645
4,0.13749008026123047,0.14355697250366212
5,0.1321261013031006,0.12142336559295654
6,0.12857744789123535,0.11566855239868164
7,0.12179714717864991,0.1381484661102295
8,0.1157568434715271,0.10693511819839477
9,0.11357854719161987,0.30198724460601806
10,0.11539139232635498,0.15886458158493041
11,0.10836055784225464,0.10128346109390259
12,0.10775947923660278,0.09838808870315552
13,0.11024808988571166,0.09506146430969238
14,0.10529406623840332,0.09536424350738526
15,0.10389120073318481,0.0950193247795105
16,0.10526265745162963,0.09195396280288697
17,0.09970010557174683,0.09767143726348877
18,0.10335869388580322,0.09158058214187623
19,0.10104392166137695,0.10018322658538818
20,0.10102202587127686,0.09433455419540406
21,0.09804824256896973,0.09635780572891235
22,0.0987290415763855,0.08943572568893432
23,0.09889388217926025,0.09993405675888062
24,0.09623389701843262,0.09796542596817016
25,0.09386725416183472,0.09458650875091552
26,0.0960198260307312,0.11636019706726074
27,0.09759952516555787,0.10603897190093994
28,0.09603886823654174,0.11893115043640137
29,0.09356845216751099,0.10025359964370728
30,0.09400955257415772,0.08955037450790405
31,0.09482585296630859,0.08639083766937256
32,0.09561517190933227,0.1572775044441223
33,0.09362720432281495,0.0961649055480957
34,0.09419738731384278,0.08557028913497924
35,0.09161042013168334,0.08777749681472778
36,0.09236738481521606,0.08519078540802003
37,0.091643447971344,0.10516813611984253
38,0.09227352361679077,0.0856503005027771
39,0.09180175352096558,0.09694619655609131
40,0.09279066400527954,0.10954645776748657
41,0.089732173538208,0.09360394668579101
42,0.09147200031280518,0.1387980098724365
43,0.08856802101135254,0.12637842893600465
44,0.09158115692138671,0.08410070514678955
45,0.08844519662857056,0.09888279867172241
46,0.09112563104629516,0.08536729001998901
47,0.0894246413230896,0.10752373552322388
48,0.08973045463562011,0.08490197706222534
49,0.0884492841720581,0.10448340940475463
50,0.08991199064254761,0.09103166151046753
51,0.08817882423400879,0.08636682510375976
52,0.09032407112121582,0.0921280198097229
53,0.08770471277236938,0.09382985639572143
54,0.08767477884292603,0.0866604266166687
55,0.08881192789077759,0.08457094860076904
56,0.08810585222244263,0.08148701047897339
57,0.08698272800445557,0.09793354320526124
58,0.08654962005615234,0.08486763954162597
59,0.08883436679840089,0.08738244724273682
60,0.0862211709022522,0.0826885461807251
61,0.08679337520599366,0.09558779954910278
62,0.08660260305404663,0.09709236288070679
63,0.08741831607818604,0.10557366752624511
64,0.08567610416412354,0.09779457521438599
65,0.08528887901306152,0.08269102573394775
66,0.0866667181968689,0.10507785081863404
67,0.08593171482086182,0.13861625242233278
68,0.08705725259780883,0.08626672744750977
69,0.08656207323074341,0.084822988986969
70,0.08726062097549439,0.08774753475189209
71,0.08618111000061035,0.08323024225234986
72,0.08652946538925171,0.08056463861465454
73,0.08493284978866578,0.09363187170028686
74,0.08591262159347535,0.08902033948898315
75,0.08372915115356445,0.08180876064300537
76,0.0850643536567688,0.08501028251647949
77,0.08392123050689697,0.08890431547164918
78,0.0858257043838501,0.08086487770080567
79,0.08276018447875977,0.10375751066207886
80,0.0847828387260437,0.08528907775878906
81,0.08445575551986695,0.09834269046783448
82,0.08516378517150879,0.0845253472328186
83,0.08412254734039307,0.10152845048904419
84,0.08465608520507813,0.09120325899124146
85,0.0840422248840332,0.08384891843795776
86,0.08318868913650512,0.08021834802627563
87,0.08379197082519531,0.08134146928787231
88,0.08351524219512939,0.08110435485839844
89,0.08368403005599975,0.08466473817825318
90,0.08374988536834717,0.0908892993927002
91,0.0824750735282898,0.08330991458892822
92,0.08358018264770507,0.08055799007415772
93,0.08209973669052124,0.0831199917793274
94,0.08415315952301025,0.09158786344528198
95,0.08303882455825806,0.0797222056388855
96,0.08270360097885132,0.07911218881607056
97,0.08331928672790527,0.15051022624969482
98,0.08329521827697754,0.08015705108642578
99,0.08306137237548829,0.0868039608001709
100,0.08299466762542725,0.08021406030654907
101,0.08483910245895386,0.08179568481445312
102,0.08153603372573852,0.11979168462753297
103,0.08366474609375,0.12401185035705567
104,0.08225492353439331,0.08152519798278808
105,0.0833317060470581,0.0862882719039917
106,0.08269382591247558,0.07977596282958985
107,0.08333564138412476,0.0784037504196167
108,0.0796211030960083,0.09056667518615723
109,0.08157234287261964,0.08089445066452026
110,0.08212084331512451,0.08090018081665039
111,0.0811504415512085,0.0785628399848938
112,0.08264390058517455,0.07908111333847045
113,0.08257988424301148,0.08471361875534057
114,0.0825003535270691,0.09179388236999511
115,0.08143134822845459,0.12019865655899048
116,0.08139141244888305,0.08003281736373902
117,0.08176990299224854,0.07853835201263427
118,0.08034917011260986,0.08275325775146485
119,0.08219451160430909,0.14306394910812378
120,0.08114120292663574,0.07995761680603028
121,0.0809558539390564,0.07868612480163574
122,0.08019776401519775,0.08865381383895873
123,0.08084903869628907,0.08147123336791992
