epoch,loss,val_loss
0,0.6224922251701355,0.5531430053710937
1,0.4307377455711365,0.3722402949333191
2,0.3522513412475586,0.3481464438438416
3,0.31336132249832155,0.2521709032058716
4,0.2856941535949707,0.23274917459487915
5,0.267885076713562,0.22075340938568117
6,0.25460996894836424,0.2271958861351013
7,0.24512632417678834,0.40923084259033204
8,0.24232844104766846,0.22175307750701903
9,0.23217591857910155,0.18961836338043214
10,0.22687810411453246,0.21103971338272096
11,0.21784407625198365,0.2152673134803772
12,0.21637879180908204,0.19787720966339112
13,0.19951782779693603,0.6049652814865112
14,0.2152309247970581,0.27195526933670044
15,0.1957803493499756,0.17290448141098022
16,0.18975395097732545,0.14413146877288818
17,0.18959505224227904,0.19529754781723022
18,0.17732694120407105,0.18291128015518188
19,0.1802480667114258,0.16613924598693847
20,0.17764836292266845,0.16424946403503418
21,0.16858105411529542,0.1594494743347168
22,0.16434144325256347,0.19768979120254518
23,0.1596306371688843,0.22242280912399293
24,0.1560647084236145,0.3036553182601929
25,0.160637428855896,0.1530803360939026
26,0.15413645763397216,0.13570336103439332
27,0.1493474754333496,0.21303952836990356
28,0.15061174087524415,0.10882974147796631
29,0.14105766391754151,0.10827180910110473
30,0.13782108526229858,0.29491911935806275
31,0.14081397304534912,0.11092002964019776
32,0.13508540029525756,0.12545031213760377
33,0.1364184289932251,0.11552491474151612
34,0.13096861610412597,0.1310998821258545
35,0.12594580202102662,0.14520477819442748
36,0.12516593437194823,0.10202072381973266
37,0.12232270803451538,0.13171196222305298
38,0.12626939582824706,0.1361129207611084
39,0.11842914085388184,0.17451386785507203
40,0.1240702031135559,0.14817953491210936
41,0.11706092319488526,0.1474519181251526
42,0.11719463672637939,0.09702281999588012
43,0.11182833623886108,0.0888826231956482
44,0.11146471347808838,0.13303500509262084
45,0.10886000785827636,0.16349719047546388
46,0.11010508251190186,0.11409774208068847
47,0.10961299266815186,0.10277141857147216
48,0.10685157403945923,0.11277131986618041
49,0.10677034387588501,0.08403500509262085
50,0.10917131443023681,0.11761499500274658
51,0.10394481630325317,0.11452491235733032
52,0.10438598890304565,0.12474221277236938
53,0.10337908716201782,0.17766709566116334
54,0.1024200026512146,0.11412942218780518
55,0.09688620080947875,0.11230194759368896
56,0.10020832700729371,0.09384122037887574
57,0.09907069845199586,0.09715721130371094
58,0.09564336996078492,0.10845997047424316
59,0.09688121185302734,0.08149034452438354
60,0.0976307993888855,0.08287221384048461
61,0.09620563154220581,0.14148242950439452
62,0.09265461225509644,0.11718621444702149
63,0.09699514379501342,0.1254006938934326
64,0.09358452987670898,0.08109500980377198
65,0.09097776708602905,0.10670051336288452
66,0.09034697675704956,0.0957334132194519
67,0.08929540529251098,0.1395070152282715
68,0.09043341922760009,0.14278140926361085
69,0.09111096086502075,0.10801550722122193
70,0.09094957857131958,0.09209566974639892
71,0.08848947582244873,0.10764370489120484
72,0.09038801002502442,0.07599584770202637
73,0.08795695676803589,0.0961486530303955
74,0.08460010890960694,0.14143010425567626
75,0.08788744525909424,0.09660855770111083
76,0.08543401098251342,0.07624013614654541
77,0.08191115503311157,0.08283077907562256
78,0.08407963228225708,0.09837502050399781
79,0.0848360164642334,0.15991757202148438
80,0.08289912242889404,0.07998669004440308
81,0.08130215320587159,0.07715766477584839
82,0.08268781118392944,0.07727810859680176
83,0.08071614322662353,0.13040614175796508
84,0.08195793237686157,0.12070967054367066
85,0.08275956077575683,0.07226961183547974
86,0.07990832729339599,0.10587500858306885
87,0.08185417184829712,0.07566781520843506
88,0.08158409481048584,0.07924730539321899
89,0.07865110960006715,0.07813989400863647
90,0.07994294185638427,0.1254865355491638
91,0.07999951171875,0.08987616395950318
92,0.07897585544586182,0.10869216203689575
93,0.0798346978187561,0.08043629121780395
94,0.07631781969070435,0.08045062208175659
95,0.07725553913116455,0.10541434383392334
96,0.0770040072441101,0.08105366659164429
97,0.07588786716461182,0.07555218839645386
98,0.07559976377487182,0.13459017086029051
99,0.07467190761566161,0.09293278646469116
100,0.07415207815170288,0.11195835065841675
101,0.07611764459609985,0.09262827920913697
102,0.07785986251831055,0.06658678197860718
103,0.07349911966323852,0.08783102989196777
104,0.07304380807876587,0.07108845233917237
105,0.07099744710922241,0.1042291202545166
106,0.07530065498352051,0.08613868093490601
107,0.07239265375137328,0.10922916126251221
108,0.07109510498046875,0.10658544111251832
109,0.07323853139877319,0.07422424793243408
110,0.07184155492782593,0.10049171352386474
111,0.07124072904586792,0.07410950231552124
112,0.07006634225845337,0.07645744132995605
113,0.07006047220230102,0.07854557991027832
114,0.07095518188476563,0.06820597791671754
115,0.06931648559570312,0.09279715013504028
116,0.07114984540939331,0.07988069772720337
117,0.07096848649978638,0.08883010721206665
118,0.06973377084732056,0.07484560823440552
119,0.06782647342681884,0.07412482595443726
120,0.06951495399475098,0.08166192960739135
121,0.0678989972114563,0.06782313013076782
122,0.06844527883529664,0.07845236396789551
