epoch,loss,val_loss
0,0.729647896194458,0.6994008421897888
1,0.4029047127723694,0.3455276598930359
2,0.24736192722320557,0.3254826331138611
3,0.208451598072052,0.19079783296585082
4,0.18460784482955933,0.16091748762130736
5,0.17479999170303345,0.13280073642730714
6,0.1682238917350769,0.12958392906188965
7,0.15462337627410888,0.13219253873825074
8,0.14771861085891724,0.12703586912155151
9,0.14405415058135987,0.14254319953918457
10,0.13967373790740967,0.22500492668151856
11,0.13727039070129393,0.11052284288406372
12,0.1348355248451233,0.2514048094749451
13,0.13331770143508911,0.24439969778060913
14,0.12793384428024293,0.12219335842132568
15,0.1258561297416687,0.10626449060440063
16,0.1243392315864563,0.11407988595962525
17,0.12196422872543335,0.10229774045944214
18,0.12081081256866455,0.10180869626998901
19,0.12050929021835327,0.10313818454742432
20,0.11722000932693481,0.10540901851654053
21,0.11692083129882813,0.09650820302963257
22,0.11379231433868409,0.10137671184539795
23,0.11200751657485962,0.11091406536102295
24,0.11026174106597901,0.2959300065040588
25,0.1126850489616394,0.11001992845535279
26,0.1073857105255127,0.11451004123687744
27,0.10592397994995117,0.09353526067733765
28,0.10415428552627563,0.09085178422927856
29,0.10737614412307739,0.11570714282989501
30,0.1023831563949585,0.08972478532791138
31,0.10501279697418213,0.09160699939727783
32,0.10294784631729126,0.12228628301620484
33,0.10277721643447876,0.09333387756347657
34,0.10383350992202758,0.1044889006614685
35,0.09985435333251953,0.26617190742492675
36,0.10415039539337158,0.12573144483566284
37,0.10036874151229859,0.1833276596069336
38,0.10030853509902954,0.12655542469024658
39,0.09857156057357788,0.08927415657043457
40,0.0993911862373352,0.13248076486587523
41,0.09686828880310058,0.10190148687362671
42,0.09667322692871094,0.08485386323928833
43,0.09593370208740234,0.11431786108016968
44,0.09752418603897095,0.16644908380508422
45,0.09322865676879882,0.09365997314453126
46,0.09476888427734376,0.11588462972640991
47,0.09335311698913575,0.08586521625518799
48,0.09357667322158814,0.08899391412734986
49,0.09293446817398071,0.0851629023551941
50,0.09296397104263306,0.1093798098564148
51,0.09272120904922486,0.15630186891555786
52,0.09243156156539917,0.09765701627731323
53,0.09272052173614502,0.12166366863250733
54,0.09342539319992066,0.08861579608917236
55,0.08927265186309814,0.09562247896194458
56,0.08971227560043335,0.08959458255767823
57,0.09028229160308839,0.08493359375
58,0.08973731241226196,0.08255076169967651
59,0.0891160490989685,0.08391538286209106
60,0.08777847909927368,0.09402541446685792
61,0.09020102777481079,0.09206901502609253
62,0.08927687072753906,0.11125514507293702
63,0.08728935165405273,0.08986639261245727
64,0.08927794189453125,0.08230495023727417
65,0.08805256271362305,0.08816680812835694
66,0.08758373117446899,0.08214359521865845
67,0.09017169017791749,0.08932558059692383
68,0.08636824989318848,0.08528364181518555
69,0.0867936131477356,0.07949785137176514
70,0.08851476526260375,0.10582227182388305
71,0.08637484827041626,0.09310191488265991
72,0.08752462558746338,0.08325815439224243
73,0.08480129442214966,0.09663731098175049
74,0.08708840866088867,0.09740984773635865
75,0.08512381563186645,0.13842229413986207
76,0.08486341915130616,0.08592997455596924
77,0.08430836935043334,0.1015973687171936
78,0.0870229977607727,0.11648423957824706
79,0.08177226181030274,0.08125988388061524
80,0.0836845796585083,0.08115080308914184
81,0.0829929012298584,0.08165424823760986
82,0.08249471960067749,0.07970475244522095
83,0.08751981649398803,0.08041917514801025
84,0.08205850591659546,0.08478610372543335
85,0.08242846956253051,0.12813538599014282
86,0.08348320064544677,0.09204363250732422
87,0.0844890022277832,0.15264377117156983
88,0.08534153938293457,0.07976390743255615
89,0.08421968240737915,0.08849519062042237
