epoch,loss,val_loss
0,0.5425079016685486,0.37836346912384033
1,0.3854832932472229,0.3443916006088257
2,0.3283105360984802,0.2786136260032654
3,0.2983944655418396,0.32621237325668334
4,0.27098892631530763,0.32381687927246094
5,0.2578390539169311,0.1992841844558716
6,0.24457980318069458,0.20434163188934326
7,0.2360454737663269,0.31509072399139404
8,0.23052486085891724,0.17263196849822998
9,0.21528795499801637,0.18994711637496947
10,0.2091451117515564,0.14934714794158935
11,0.20448843965530394,0.3283045701980591
12,0.19985967559814452,0.1543946189880371
13,0.18898304014205933,0.2329493589401245
14,0.1845264536857605,0.12957658195495605
15,0.17672186498641967,0.14737493228912354
16,0.17215717763900756,0.16290183591842652
17,0.16418806591033935,0.16577661895751952
18,0.15288281116485597,0.17340031909942627
19,0.15442574825286864,0.201009006023407
20,0.15425540857315065,0.13139104080200195
21,0.14708799905776979,0.15001266098022462
22,0.14499378690719605,0.1067891492843628
23,0.13933110780715943,0.10004270458221436
24,0.14086322059631348,0.20345030355453492
25,0.13831993131637574,0.2119409418106079
26,0.13121153602600097,0.1201955189704895
27,0.12982181911468507,0.20864065647125243
28,0.1271779553413391,0.12138110256195069
29,0.12516891813278197,0.1516261510848999
30,0.12249987220764161,0.38521848011016846
31,0.122747598361969,0.11918430757522583
32,0.11894441423416138,0.10677375173568726
33,0.1141389991760254,0.10902607345581054
34,0.11029520082473755,0.07994975996017456
35,0.10938629341125489,0.10261022520065308
36,0.1088143322944641,0.10292334651947022
37,0.10644337568283081,0.12009244298934936
38,0.10599765043258667,0.08165534925460816
39,0.1019838984489441,0.11257932901382446
40,0.10468238458633423,0.08794307994842529
41,0.09854850444793702,0.08859500980377197
42,0.09780181922912598,0.1166239309310913
43,0.09796177988052368,0.07321842098236084
44,0.09582560319900513,0.12943086862564088
45,0.09419304027557374,0.08689047336578369
46,0.09534255628585815,0.09738816976547242
47,0.09257872152328492,0.1664384694099426
48,0.09297486448287964,0.20020728778839111
49,0.09489421663284302,0.08693349409103393
50,0.08732833547592163,0.09779517316818237
51,0.08638349332809449,0.08109505319595336
52,0.08773105382919312,0.10387920713424682
53,0.08624468412399292,0.15325649976730346
54,0.08544772691726685,0.08764731979370118
55,0.08253480243682862,0.153004873752594
56,0.08747709970474243,0.08671159410476685
57,0.08509990043640137,0.0853424825668335
58,0.08351111068725586,0.0825849814414978
59,0.08203270635604859,0.09098338270187378
60,0.07979406642913818,0.13721249771118163
61,0.08073649530410766,0.0797639331817627
62,0.07881017112731933,0.06237831401824951
63,0.078747607421875,0.08527430248260498
64,0.0804401644706726,0.10758458137512207
65,0.07836687602996827,0.06267652368545532
66,0.07749057579040527,0.12034073781967163
67,0.07792743616104127,0.09156374025344849
68,0.07450618772506713,0.11989043045043946
69,0.0745637258529663,0.08764487934112548
70,0.07536751842498779,0.08128872394561767
71,0.0764062141418457,0.07044079065322877
72,0.07516059265136718,0.08210579872131347
73,0.07288553972244263,0.05986149549484253
74,0.07410758552551269,0.05789658546447754
75,0.07497411165237426,0.07826664876937867
76,0.07187924070358276,0.08660954761505127
77,0.07211169271469116,0.1001540403366089
78,0.07380402507781983,0.11915015316009521
79,0.07267736072540283,0.061292607307434084
80,0.07230294256210328,0.08235076856613159
81,0.0696727234840393,0.08814307641983032
82,0.06944481830596924,0.07942994070053101
83,0.06756460371017456,0.0687405571937561
84,0.07118163652420044,0.06366216421127319
85,0.06725730247497559,0.08368891382217407
86,0.06835833902359009,0.07559772777557373
87,0.06876535263061523,0.0754587082862854
88,0.06867323627471923,0.07218039178848266
89,0.06879406776428222,0.07400271463394165
90,0.06684302110671997,0.06283813428878784
91,0.0680884051322937,0.08557899713516236
92,0.06671515350341797,0.06256493473052979
93,0.06645425367355347,0.11973937940597534
94,0.06576740198135377,0.08591778087615967
