epoch,loss,val_loss
0,0.5687840594291687,0.4485504231452942
1,0.32570761337280274,0.25664519882202147
2,0.23280468349456787,0.16686083221435546
3,0.20319805965423585,0.2008089942932129
4,0.1854106258392334,0.13795263862609863
5,0.17200164575576782,0.12466898918151856
6,0.16254466857910158,0.1439029564857483
7,0.1529253044128418,0.14550851345062255
8,0.149326584148407,0.11914024972915649
9,0.14268763990402222,0.12391288089752198
10,0.13420704345703124,0.2446127610206604
11,0.1342388741493225,0.14207357263565062
12,0.1261833601951599,0.10317138719558716
13,0.1201430425643921,0.1757362837791443
14,0.12562023162841796,0.10393802690505981
15,0.12277145586013793,0.10129932355880737
16,0.11773598470687867,0.12647166442871094
17,0.1155674075126648,0.09415969657897949
18,0.11077173976898193,0.26339202833175657
19,0.1129057523727417,0.08889141368865967
20,0.10728587818145752,0.09684575653076172
21,0.10401520462036133,0.09960061931610108
22,0.10463914909362793,0.08724007034301758
23,0.10612177257537841,0.10980854606628418
24,0.10669576797485351,0.09973410177230835
25,0.10246732673645019,0.08910837173461914
26,0.1023293348312378,0.09379926156997681
27,0.10016510982513428,0.09858546257019044
28,0.0977430835723877,0.08616191864013673
29,0.10041055192947387,0.08273332405090332
30,0.09783866806030274,0.08334552955627442
31,0.09741474657058716,0.08712182092666626
32,0.09658002519607543,0.08939319705963135
33,0.09606743841171264,0.10191670417785645
34,0.09427985210418702,0.0981917462348938
35,0.09450488452911376,0.08456632661819458
36,0.09287562732696533,0.08385687255859375
37,0.09250473613739013,0.10054821348190307
38,0.09490642137527466,0.09457097482681275
39,0.09141581344604492,0.07907364559173584
40,0.09093035802841186,0.17806965827941895
41,0.09402616500854492,0.1365754508972168
42,0.08799959754943848,0.08315790414810181
43,0.0894478964805603,0.07715593671798707
44,0.09071935014724732,0.08948632669448853
45,0.08900169773101807,0.3140418457984924
46,0.09300385646820068,0.13561518812179565
47,0.08857238931655884,0.07835866117477416
48,0.08497369165420532,0.079069176197052
49,0.08914550037384034,0.08428722095489502
50,0.08839225406646728,0.07558284950256347
51,0.08504524726867675,0.09614945840835572
52,0.08779305667877198,0.07893267107009888
53,0.08555654325485229,0.07986341428756714
54,0.08604842405319214,0.1914269371032715
55,0.09057631254196168,0.08470271348953247
56,0.08594478511810302,0.08918740272521973
57,0.08450238265991211,0.07304349994659423
58,0.08372570753097534,0.07474308490753173
59,0.08370324125289917,0.12449634885787964
60,0.08610569009780884,0.08790328550338745
61,0.08279665613174439,0.07475476551055908
62,0.08302932405471802,0.1737982316017151
63,0.08373253860473633,0.07523179626464843
64,0.08351703538894653,0.08296653127670288
65,0.08214395837783814,0.08860680627822876
66,0.08166015882492066,0.07828294324874878
67,0.0821062557220459,0.1029025731086731
