epoch,loss,val_loss
0,0.896220062160492,0.7829285397529602
1,0.505939220237732,0.3514270415306091
2,0.2923970866203308,0.39210326480865476
3,0.22612605266571045,0.21090327787399293
4,0.19998426723480225,0.15922989749908448
5,0.180151216506958,0.4483812336921692
6,0.17368036184310914,0.2523647384643555
7,0.1596197813987732,0.11797070837020875
8,0.15466536331176758,0.29640890645980833
9,0.15055578298568725,0.2737665424346924
10,0.14609208040237426,0.11504107522964478
11,0.13221676502227783,0.22908480024337768
12,0.13339800281524658,0.10039433240890502
13,0.13845875339508057,0.12442726182937622
14,0.12433071279525756,0.09296464920043945
15,0.12312731485366821,0.12153504085540771
16,0.11936126375198364,0.1145950608253479
17,0.11529310855865478,0.12022310543060302
18,0.11525893869400024,0.1251403112411499
19,0.1108836682319641,0.09447149896621704
20,0.11146384286880494,0.1156702537536621
21,0.11202138023376465,0.2005875654220581
22,0.11076176805496216,0.1451913456916809
23,0.10862952642440796,0.08648591947555542
24,0.1036250825881958,0.10279855442047119
25,0.10265318441390991,0.09472138071060181
26,0.10509190225601196,0.1002310996055603
27,0.09929104919433594,0.15647759771347045
28,0.10327695245742798,0.1042312331199646
29,0.1007675124168396,0.12874427366256713
30,0.09591497592926025,0.16843138456344606
31,0.09725206604003907,0.08201843690872192
32,0.09359158086776734,0.08486496734619141
33,0.09403724498748779,0.08674847364425659
34,0.09365913066864014,0.07423529386520386
35,0.09225600900650024,0.07985290622711182
36,0.09147264862060547,0.07942525148391724
37,0.09153592395782471,0.07980471801757813
38,0.09146856670379638,0.15032219791412355
39,0.09274508152008057,0.1441653914451599
40,0.09111726875305176,0.11123347520828247
41,0.08937234983444214,0.07914684391021728
42,0.08654943590164185,0.10403735780715942
43,0.08652429723739624,0.08001066875457764
44,0.08577704429626465,0.07239657211303711
45,0.08444320907592773,0.09073939800262451
46,0.0842693416595459,0.07547190046310424
47,0.08430635042190551,0.08439156579971313
48,0.08676851167678833,0.07789597034454346
49,0.08049995985031128,0.07732775020599365
50,0.08043725233078003,0.07216153764724731
51,0.08283144798278809,0.07656809043884277
52,0.08344173974990844,0.0787379937171936
53,0.08432702789306641,0.11638626575469971
54,0.08098324108123779,0.06866024541854858
55,0.07802797365188599,0.0731803755760193
56,0.08112468748092651,0.0890779881477356
57,0.0779510124206543,0.08507924747467041
58,0.08054794225692749,0.09175878953933715
59,0.07878825416564941,0.07248378038406372
60,0.07581146850585938,0.11751441097259521
61,0.07927591600418091,0.0874332799911499
62,0.07773585691452026,0.0733887586593628
63,0.07579280242919922,0.12035786390304565
64,0.07802877397537232,0.09513919687271118
65,0.07676480655670166,0.07662714958190918
66,0.0760568099975586,0.09666304016113281
67,0.07555933961868286,0.06785762739181518
68,0.07551998023986817,0.11987860774993897
69,0.07428779439926148,0.06377110242843628
70,0.0751441017150879,0.08339352130889893
71,0.07216733293533326,0.06907886600494385
72,0.07500669441223144,0.06668589115142823
73,0.07289690885543823,0.10134687423706054
74,0.07344102411270141,0.0905472183227539
75,0.07335146493911743,0.06683400058746337
76,0.07675655546188355,0.06612185478210449
77,0.07271915779113769,0.07958106565475463
78,0.07260699863433838,0.06824744510650635
79,0.07155632791519165,0.0743710265159607
80,0.07057818622589111,0.07986210584640503
81,0.07060107641220092,0.07426428270339966
82,0.0694706784248352,0.08234940767288208
83,0.06948576135635376,0.06343474769592285
84,0.0718431300163269,0.06946421241760253
85,0.07157285461425782,0.06539980125427246
86,0.07006984081268311,0.07255470275878906
87,0.07110817804336547,0.06453413963317871
88,0.06975861396789551,0.0708220191001892
89,0.06906878681182861,0.06398167562484741
90,0.06887296161651611,0.0671846342086792
91,0.06856282720565796,0.1311419768333435
92,0.06964655961990357,0.06910037565231324
93,0.06671831026077271,0.1185892300605774
94,0.06901201848983765,0.06581407451629638
95,0.06731076307296753,0.07245735740661621
96,0.06837145938873292,0.06069296646118164
97,0.06779793796539306,0.06288583660125732
98,0.06635410852432251,0.07472608137130737
99,0.0696223162651062,0.07038796091079712
100,0.06754862461090087,0.06701350831985474
101,0.06674411201477051,0.08101276874542236
102,0.06758149213790894,0.08251599502563477
103,0.06779836854934693,0.07112913942337036
104,0.06668643903732299,0.06392485857009887
105,0.06501752281188965,0.08967458248138428
106,0.06799862365722656,0.08080335712432861
107,0.06593245096206665,0.20192762613296508
108,0.06895708360671997,0.06336594152450561
109,0.06601288681030273,0.06356254529953002
110,0.06493411560058594,0.06617695951461793
111,0.06557079849243164,0.0706124849319458
112,0.06522514095306396,0.07695209503173828
113,0.06329146404266357,0.08221714115142822
114,0.06547172784805298,0.11464952087402344
115,0.0655286075592041,0.07154191255569459
116,0.06548381204605103,0.0673053960800171
