epoch,loss,val_loss
0,0.5763040291786193,0.4758876724243164
1,0.3164148818016052,0.3240500354766846
2,0.2116985824584961,0.2704558205604553
3,0.18024639692306518,0.21202459096908569
4,0.1612763342857361,0.2561530256271362
5,0.15094288740158082,0.14267528009414673
6,0.14148345184326172,0.1115891146659851
7,0.13521606588363647,0.17378412532806398
8,0.12776699657440185,0.10949924898147582
9,0.12209924135208129,0.11272491216659546
10,0.118310085105896,0.23428848600387572
11,0.11990107650756836,0.10311488294601441
12,0.1120116307258606,0.10913369941711426
13,0.1113520133972168,0.09598426580429077
14,0.10838911256790161,0.09556378316879273
15,0.1078089129447937,0.1329550838470459
16,0.09947417917251587,0.11008192682266235
17,0.10340638418197631,0.0982179570198059
18,0.09993418951034545,0.10412841320037841
19,0.09687977132797242,0.08472241497039795
20,0.09518218650817871,0.10409636545181275
21,0.09699615249633789,0.0895477204322815
22,0.09370847644805909,0.08174189281463623
23,0.09472484083175658,0.08658839654922486
24,0.09093641290664672,0.09213339996337891
25,0.09021210479736329,0.08201350879669189
26,0.08704022359848022,0.07960776090621949
27,0.08809521083831787,0.11733099365234376
28,0.08721624212265015,0.0780692744255066
29,0.08790530204772949,0.08603280067443847
30,0.08539278182983398,0.34099220705032346
31,0.09165475778579713,0.08522392797470092
32,0.08459166946411133,0.10682256412506104
33,0.08407507524490357,0.08790502977371216
34,0.08318114824295043,0.11066848134994507
35,0.08255834274291993,0.0733154182434082
36,0.08305768737792969,0.07888274621963501
37,0.08213151407241821,0.08841795921325683
38,0.08076251373291016,0.08390271711349487
39,0.07898939971923828,0.07701770305633544
40,0.07982715950012206,0.07264005947113038
41,0.07826998739242554,0.07589301109313965
42,0.07727678499221802,0.10719891881942749
43,0.08026038818359375,0.10613181209564208
44,0.07785278339385987,0.07861990928649902
45,0.07806561832427979,0.08108799028396606
46,0.07697418804168701,0.07691754722595215
47,0.07568644390106201,0.07233584213256836
48,0.07539469413757324,0.0694649977684021
49,0.07402010374069214,0.08545634651184082
50,0.07669750289916992,0.07132524013519287
51,0.07542750282287598,0.08862101793289184
52,0.0764659610748291,0.12014394474029541
53,0.07261210842132568,0.08600830888748169
54,0.07293809623718261,0.07188786745071411
55,0.07315907497406006,0.07126267099380493
56,0.07209547452926636,0.16315871047973632
57,0.07252069444656373,0.06692326927185059
58,0.07009606428146363,0.0727104115486145
59,0.07120180912017822,0.09885219287872314
60,0.07149317388534546,0.11086979627609253
61,0.06970344743728638,0.06785180902481079
62,0.07164605417251586,0.06756641578674316
63,0.07018062419891358,0.0791925654411316
64,0.06985007696151734,0.07667565250396728
65,0.0696241901397705,0.09701856231689453
66,0.06960523109436036,0.10672983837127685
67,0.06937937660217285,0.06895324134826661
68,0.06879365777969361,0.10542631912231445
69,0.06867362051010131,0.0755541844367981
70,0.06906310625076294,0.07225492429733277
71,0.0674706847190857,0.06797173881530762
72,0.06627660140991211,0.07310591650009156
73,0.06829243431091309,0.07558965301513672
74,0.0690703519821167,0.07589013481140136
75,0.06673529710769653,0.07524769067764282
76,0.06673246412277221,0.09157385587692261
77,0.06643708419799804,0.07666853046417237
