epoch,loss,val_loss
0,0.5440631662368774,0.39380219507217407
1,0.3369094666481018,0.3053252296447754
2,0.25790496606826785,0.24798051786422728
3,0.22024026794433593,0.1561658625602722
4,0.1961701250076294,0.24160828495025635
5,0.19215022392272949,0.15315630960464477
6,0.17378377895355224,0.11278751039505006
7,0.1660186321258545,0.22942633533477783
8,0.15700465631484986,0.23698586845397948
9,0.15448876371383666,0.11120303726196289
10,0.1424237829208374,0.0931569972038269
11,0.13575273790359496,0.1310672526359558
12,0.12423574590682983,0.12994664907455444
13,0.11874375171661376,0.11132307386398316
14,0.12012671670913697,0.07542405843734741
15,0.11141188611984253,0.10045402431488037
16,0.11241016054153442,0.08096994495391846
17,0.10557401142120361,0.1339418182373047
18,0.10627413854599,0.12214874458312988
19,0.10274160957336426,0.0904785361289978
20,0.09781097202301026,0.09777560663223267
21,0.09663967599868774,0.08290831899642945
22,0.09797060804367065,0.10861586427688599
23,0.0911537405014038,0.1123545994758606
24,0.09426468706130982,0.10505347394943237
25,0.0871218523979187,0.08530454111099244
