epoch,loss,val_loss
0,0.5457748604774475,0.4190131230354309
1,0.38926027183532713,0.29765461587905884
2,0.32591172981262206,0.3004202857017517
3,0.2883407622337341,0.29902071285247805
4,0.271698584651947,0.2157004280090332
5,0.2550942028045654,0.25976779413223267
6,0.24719845504760743,0.2027267646789551
7,0.23616973543167114,0.22307146787643434
8,0.23076854057312013,0.16913675737380982
9,0.21916518201828003,0.22597444868087768
10,0.21272880067825317,0.20322441053390503
11,0.2149271273612976,0.15370543146133422
12,0.20466428852081298,0.36781748914718626
13,0.19897029914855957,0.142254225730896
14,0.1974864821434021,0.15533620309829713
15,0.19254007921218871,0.19294970989227295
16,0.18528070402145386,0.1570449333190918
17,0.1772909094810486,0.1352742586135864
18,0.17036749324798584,0.15358187103271484
19,0.16103535108566283,0.20259263944625855
20,0.1588322127342224,0.15727067947387696
21,0.15366665410995484,0.23185655117034912
22,0.14727101783752441,0.11821832084655762
23,0.1488339119911194,0.15669511461257934
24,0.14642975072860717,0.11820604133605957
25,0.14334599132537842,0.19719535541534425
26,0.13392832403182983,0.16002787399291993
27,0.13532181367874146,0.15722719287872314
28,0.13127994632720946,0.1124427080154419
29,0.12955086965560914,0.10059180068969727
30,0.12999939098358154,0.1516391839981079
31,0.12063972749710083,0.12588026428222657
32,0.11929360704421997,0.20170250415802002
33,0.11445804595947266,0.165005003452301
34,0.11992380657196045,0.11600317144393921
35,0.1128546654701233,0.11899618339538574
36,0.11349919290542602,0.09830005502700806
37,0.10949930152893067,0.16092894744873046
38,0.10834728412628174,0.12530662250518798
39,0.10527567052841187,0.10811070108413696
40,0.10992249965667725,0.09631171274185181
41,0.10340215826034546,0.10530570125579834
42,0.1068977933883667,0.10319760656356812
43,0.10151082305908203,0.07957537889480591
44,0.09942272634506226,0.10478981304168701
45,0.09924232425689697,0.08533200931549072
46,0.09611314544677735,0.16395813989639282
47,0.09621018018722534,0.09022536087036133
48,0.09289392080307007,0.1254905047416687
49,0.09440849809646606,0.10396098899841309
50,0.0928851676940918,0.07787054061889648
51,0.08928449621200561,0.09896547603607178
52,0.09163916778564453,0.08911208391189575
53,0.08964878787994385,0.08410886573791504
54,0.0875828495979309,0.0805284504890442
55,0.08607487363815308,0.11919543981552123
56,0.09074728889465332,0.16379830408096313
57,0.08604834814071655,0.1488864870071411
58,0.08651606330871582,0.092727135181427
59,0.08671145963668823,0.06695864582061768
60,0.08141161413192749,0.1411560649871826
61,0.08374872550964356,0.1154189305305481
62,0.08283100833892822,0.07276907682418823
63,0.08122233333587646,0.07177538299560547
64,0.08305032196044922,0.07382244110107422
65,0.07873674974441529,0.08593344402313233
66,0.08107840642929078,0.09214585018157959
67,0.0801964581489563,0.070733482837677
68,0.07815000677108765,0.07267740774154663
69,0.07862327089309692,0.08111596393585205
70,0.07867252779006959,0.09957184505462646
71,0.07537700214385987,0.10467553186416625
72,0.0755363974571228,0.1262649326324463
73,0.07731710567474365,0.1745454330444336
74,0.07692184629440307,0.10862110090255737
75,0.07579306554794311,0.09207904958724976
76,0.07384142169952393,0.08405417251586914
77,0.0735364414215088,0.08391350984573365
78,0.0730390489578247,0.09500112819671631
79,0.0734685061454773,0.07053108215332031
