epoch,loss,val_loss
0,0.7948285272598267,0.7636411247253418
1,0.575972848701477,0.4680421552658081
2,0.4966692131996155,0.4845314621925354
3,0.458698625087738,0.5003446354866028
4,0.43020734558105467,0.49552441596984864
5,0.4130638619422913,0.6001699786186219
6,0.4042086471557617,0.42007367849349975
7,0.39251527032852174,0.41002201223373413
8,0.3919213611602783,0.4173108992576599
9,0.382686496925354,0.41695117235183715
10,0.3728675151824951,0.35655112648010256
11,0.37509306716918944,0.42519326305389404
12,0.3626687882423401,0.4107460026741028
13,0.365937575340271,0.37870457887649533
14,0.36117152709960937,0.3506016960144043
15,0.35495303230285646,0.3346259694099426
16,0.3542393657684326,0.3448105139732361
17,0.3513665292739868,0.36272434425354005
18,0.3483420544624329,0.35827754402160644
19,0.3464924523353577,0.32297176074981687
20,0.3459071592330933,0.3688748559951782
21,0.3392537616729736,0.3648128242492676
22,0.33844633150100706,0.4464763035774231
23,0.34171609659194946,0.33355839157104494
24,0.33190886707305906,0.32704235696792605
25,0.33521949119567873,0.3196944026947022
26,0.33129112873077393,0.34852058267593383
27,0.3298969514846802,0.3531852488517761
28,0.32942659435272215,0.4274349389076233
29,0.3253623991012573,0.3137831540107727
30,0.3233509478569031,0.5489104146957398
31,0.3259901301383972,0.30352331638336183
32,0.319951535320282,0.3061615605354309
33,0.32028759117126465,0.30911225032806394
34,0.3178737637519836,0.3111757335662842
35,0.31854943056106566,0.3310010075569153
36,0.3152418690681458,0.30760325145721434
37,0.3142683653831482,0.29246887826919554
38,0.3088919054031372,0.3085819449424744
39,0.3116650094032288,0.3307129273414612
40,0.3114418384552002,0.3272371106147766
41,0.30684510974884033,0.3290281286239624
42,0.3104114909172058,0.28659997510910035
43,0.3028392120361328,0.3229478688240051
44,0.3068308546066284,0.29426724815368654
45,0.30110493364334107,0.3397536702156067
46,0.30167800931930544,0.3181285448074341
47,0.3043172403335571,0.2920169072151184
48,0.2980421865463257,0.3011366400718689
49,0.29826793756484987,0.29097430658340456
50,0.29850930910110474,0.3063661108016968
51,0.29802161235809327,0.2887935299873352
52,0.29845893659591677,0.28917239141464235
53,0.29616386165618896,0.2996110954284668
54,0.29537165155410766,0.3322963080406189
55,0.29290955734252927,0.28173784017562864
56,0.2941864802360535,0.2807724390029907
57,0.291883648109436,0.27567381477355957
58,0.29116813278198245,0.2711033616065979
59,0.2880099241256714,0.32526736450195315
60,0.2898392924308777,0.30963902950286865
61,0.28832472696304323,0.2792038025856018
62,0.28864981985092164,0.29603331232070923
63,0.2869372902870178,0.3096385159492493
64,0.2855385854721069,0.27799555444717405
65,0.2843669305801392,0.28385811042785647
66,0.2842219017982483,0.3197764325141907
67,0.28263329353332517,0.31923522424697875
68,0.28631086349487306,0.3212866168022156
69,0.2806928024291992,0.27055049419403077
70,0.28392295417785646,0.3543674330711365
71,0.2811478072166443,0.27533886432647703
72,0.2802764994621277,0.27102418518066407
73,0.2810242025375366,0.29055218172073366
74,0.2777876214027405,0.26427057790756225
75,0.278498597240448,0.25736198282241823
76,0.2771446026802063,0.3031525321006775
77,0.27932524642944334,0.31584499406814576
78,0.2730244020462036,0.3965780749320984
79,0.2809031293869019,0.30815710401535035
80,0.27735307817459104,0.2625660119056702
81,0.27527417669296267,0.32971841287612913
82,0.27640545597076416,0.31090427446365354
83,0.2768967032432556,0.2656604409217834
84,0.274702557182312,0.2980711269378662
85,0.2750192377090454,0.30810138607025145
86,0.27498024520874026,0.29314093112945555
87,0.27339181537628177,0.27147723293304443
88,0.2678198704719543,0.25718843841552735
89,0.2727962728500366,0.2765832371711731
90,0.2721648428916931,0.28503118085861207
91,0.27244402627944947,0.28192743301391604
92,0.27046743297576903,0.31028352308273316
93,0.27298033838272096,0.2868541359901428
94,0.26981132354736326,0.29979190826416013
95,0.2688046696662903,0.35579432582855225
96,0.2726696595191956,0.26919678258895874
97,0.27043871784210205,0.26318742990493776
98,0.26835123615264894,0.2580320615768433
99,0.2679157675743103,0.4284228239059448
100,0.2697267465591431,0.25853730964660643
101,0.2668928428649902,0.2669831156730652
102,0.2661388168334961,0.2667546248435974
103,0.26593661499023435,0.26606328535079954
104,0.2667290141105652,0.2928691973686218
105,0.26606313190460207,0.26779932832717895
106,0.26266172199249266,0.281485249042511
107,0.26630616970062254,0.2630401010513306
108,0.26495638284683226,0.2759419932365417
