epoch,loss,val_loss
0,0.535325028038025,0.3820077838897705
1,0.34983277559280396,0.2611804366111755
2,0.2703025146484375,0.22938132905960082
3,0.24322274045944214,0.18166181421279906
4,0.22277322826385498,0.278496723651886
5,0.21521414594650268,0.18649397706985474
6,0.20099692029953004,0.14244915771484376
7,0.19293017320632935,0.14630696296691895
8,0.18186178302764894,0.139309850692749
9,0.17511431970596314,0.1260336971282959
10,0.1656645601272583,0.1376585249900818
11,0.16065538854598999,0.18664277219772338
12,0.1446650203704834,0.12329395055770874
13,0.16059913625717162,0.17433369016647338
14,0.14450364341735839,0.12300977802276611
15,0.13689882230758668,0.16517660665512085
16,0.12868959188461304,0.1362650547027588
17,0.12362595720291138,0.17059239196777343
18,0.12214070863723756,0.11352161502838135
19,0.12093561916351318,0.10335682153701782
20,0.11505516595840454,0.1674663553237915
21,0.10998816032409668,0.20169274473190307
22,0.10431260938644409,0.08078656530380249
23,0.1091007869720459,0.0818978214263916
24,0.1008897087097168,0.16581978273391723
25,0.09887253227233887,0.0667387146949768
26,0.09659170989990234,0.160086998462677
27,0.09402584209442139,0.06803233432769776
28,0.09162443037033081,0.059199247360229496
29,0.08900774374008179,0.09810819387435914
30,0.08797344856262207,0.07888958883285523
31,0.08760273637771607,0.13517369842529298
32,0.0865881453514099,0.07641608238220216
33,0.08369360618591308,0.09429420900344848
34,0.08413002271652222,0.05676756572723389
35,0.07875328569412232,0.0661378664970398
36,0.07719097223281861,0.15901695680618286
37,0.07862054891586304,0.0806670937538147
38,0.07655028781890869,0.06285061693191528
39,0.07534098033905029,0.1031314401626587
40,0.07301252927780151,0.07009286212921143
41,0.07404612703323364,0.04896388149261475
42,0.07275011596679687,0.0750123519897461
43,0.07099537696838379,0.05905206680297852
44,0.071900648021698,0.06461603450775147
45,0.06732056913375854,0.07983366775512696
46,0.06909949722290039,0.12066371583938598
47,0.06894824180603028,0.0587128586769104
48,0.06610011024475097,0.07593911600112915
49,0.06832976665496826,0.1209117488861084
50,0.06604553136825561,0.08338844299316406
51,0.06587726202011109,0.1466153197288513
52,0.06592812795639039,0.0673943543434143
53,0.06667145261764526,0.04200474214553833
54,0.06148168182373047,0.06228747940063477
55,0.061263798904418944,0.11826984977722169
56,0.061329923248291014,0.05174866151809692
57,0.06254616365432739,0.04334088659286499
58,0.062425065994262695,0.07044052267074585
59,0.0599116021156311,0.0445584659576416
60,0.06033832912445068,0.11135311460494995
61,0.05994124488830566,0.05652459096908569
62,0.06126190824508667,0.05938915777206421
63,0.05936624460220337,0.051534849643707276
64,0.059231933975219725,0.1044398946762085
65,0.05640322036743164,0.11259993648529053
66,0.05872988052368164,0.08681107902526855
67,0.05700117902755737,0.06404248332977294
68,0.06062053575515747,0.04639951610565186
69,0.055299241733551024,0.04549122714996338
70,0.05651408710479736,0.04734350919723511
71,0.055848518562316894,0.06309624338150024
72,0.05511173219680786,0.05912561464309692
73,0.05411555223464966,0.06316820335388183
