epoch,loss,val_loss
0,0.5530242607116699,0.3985681381225586
1,0.3270273781776428,0.336008629322052
2,0.2374372166633606,0.18532225036621094
3,0.2041712423324585,0.2403814582824707
4,0.1816477059364319,0.14397556352615357
5,0.17300198926925658,0.12642952966690063
6,0.15773383359909057,0.24652740097045897
7,0.15245286512374878,0.23212192821502686
8,0.14303631496429442,0.12927557992935182
9,0.13740688934326173,0.12054220390319824
10,0.1314226028442383,0.1032586784362793
11,0.1264155900001526,0.1289700584411621
12,0.11946950044631958,0.1288367943763733
13,0.12033670845031738,0.09563971900939941
14,0.11352150707244874,0.09723060083389282
15,0.10400210781097412,0.2618058156967163
16,0.10870957403182983,0.0762050371170044
17,0.1008914122581482,0.08620326232910157
18,0.09958769025802612,0.09079230213165283
19,0.095637939453125,0.11414260339736938
20,0.09661700859069824,0.09550780248641967
21,0.09424941110610961,0.07910535717010499
22,0.09261600437164307,0.09576169872283935
23,0.09309058885574341,0.07584461307525635
24,0.08816738271713256,0.08050551652908325
25,0.08445160417556763,0.0725558271408081
26,0.08353179378509522,0.10845611667633057
27,0.08274137020111084,0.06767067766189575
28,0.0829833701133728,0.07578543186187744
29,0.08008546333312988,0.08673784017562866
30,0.07940196342468261,0.0819236478805542
31,0.08225392751693726,0.09072576093673707
32,0.07990352563858032,0.08106557321548462
33,0.07750681495666503,0.0729668002128601
34,0.0784905327796936,0.07141392660140991
35,0.07649940176010132,0.1778929901123047
36,0.07644332160949707,0.10191336107254029
37,0.07602138347625732,0.08149580097198486
38,0.07103738079071045,0.13103684043884278
39,0.07483620290756225,0.06429733276367187
40,0.07242616996765136,0.071676438331604
41,0.07201464147567749,0.13534292221069336
42,0.07233312540054321,0.0655509705543518
43,0.07073305740356445,0.07633885955810547
44,0.0704398756980896,0.14454238080978393
45,0.0722751805305481,0.06455152034759522
46,0.06946311979293823,0.06265441465377808
47,0.06882613477706909,0.16674272394180298
48,0.0709952265739441,0.06770433139801026
49,0.06795520896911621,0.08037098169326783
50,0.06826329460144043,0.06745134258270263
51,0.06658390398025513,0.06342961597442627
52,0.0652753345489502,0.0625184383392334
53,0.06538037910461426,0.07406702518463135
54,0.06489701757431031,0.061020901203155516
55,0.06573333168029785,0.21918746519088744
56,0.06884901247024536,0.06832657194137573
57,0.06360125970840454,0.06561248064041138
58,0.06546412744522094,0.05765422487258911
59,0.06493183641433715,0.0911179256439209
60,0.06432079648971557,0.06649617671966553
61,0.06190024251937866,0.0670129451751709
62,0.06342103900909424,0.06579413270950317
63,0.060957831573486325,0.05959551286697388
64,0.06414721231460571,0.06730141830444336
65,0.06301472673416138,0.08020868158340454
66,0.05932339448928833,0.06582311201095581
67,0.06193825912475586,0.06124134063720703
68,0.060660296630859374,0.06320420789718628
69,0.05889912433624268,0.05901211214065552
70,0.06044877700805664,0.06114339828491211
71,0.06028915090560913,0.06349734449386597
72,0.05853970365524292,0.06030665826797486
73,0.0600667444229126,0.07279015493392944
74,0.06052845945358276,0.05967361688613892
