epoch,loss,val_loss
0,0.5684022242546082,0.49346840620040894
1,0.37975850858688354,0.4772224946022034
2,0.28521994047164917,0.20050544691085814
3,0.2445390790939331,0.29972348690032957
4,0.22850101709365844,0.1661977758407593
5,0.21326841640472413,0.2465798134803772
6,0.2012797438621521,0.15616485166549682
7,0.19324941234588622,0.13275900316238404
8,0.17284587783813476,0.1538219618797302
9,0.17203946533203124,0.17026269960403442
10,0.16800367965698243,0.13543598556518555
11,0.15426793546676637,0.11085254001617431
12,0.16144555225372315,0.2672108635902405
13,0.15362697668075562,0.12583682346343994
14,0.1434234637260437,0.16339812755584718
15,0.14217615871429443,0.1480221199989319
16,0.13087657833099364,0.15152658081054687
17,0.13042215814590455,0.12487482500076294
18,0.1252040117263794,0.12388681554794312
19,0.12334985303878784,0.08896018886566162
20,0.11966279773712159,0.16229504442214965
21,0.11423685264587402,0.13424834489822388
22,0.11794932451248169,0.08930975675582886
23,0.11216742315292358,0.089985764503479
24,0.10923176736831665,0.13378059434890746
25,0.10681418361663818,0.08629281377792358
26,0.10302664108276367,0.08324340105056763
27,0.10300879802703858,0.09945735025405884
28,0.10729493494033814,0.08634024572372437
29,0.09809321489334107,0.07656382513046264
30,0.09746578989028931,0.08688395357131957
31,0.09613915462493897,0.0871959171295166
32,0.09208542861938476,0.1660080361366272
33,0.09374498281478882,0.08881036520004272
34,0.08906766300201416,0.23729600143432616
35,0.09260359468460083,0.08472743940353393
36,0.08616866846084595,0.07824761056900024
37,0.08555479078292846,0.09985947227478027
38,0.08592864046096801,0.07122750568389892
39,0.08340335245132446,0.08361705493927002
40,0.0823995072364807,0.08100744867324829
41,0.07994585189819337,0.07366145086288452
42,0.08001981611251831,0.10153499746322632
43,0.08018938665390014,0.07231388521194458
44,0.07720597848892212,0.06274483108520508
45,0.07828604421615601,0.06541071939468383
46,0.07909751691818237,0.06745743942260742
47,0.07657000875473022,0.07516512250900269
48,0.07695996990203857,0.06209231042861939
49,0.07355783500671387,0.08084221458435059
50,0.07351235132217407,0.07806073141098023
51,0.07329956846237183,0.06327693176269532
52,0.0708371446609497,0.09339590644836426
53,0.0742491665840149,0.0896387996673584
54,0.07042025966644287,0.059866786956787106
55,0.07188045244216919,0.060127112865448
56,0.06913769073486328,0.06764785718917847
57,0.06954492492675782,0.06671705722808838
58,0.07028534173965455,0.06662705087661744
59,0.06956672477722169,0.09119848203659058
60,0.06683938360214234,0.07717183208465576
61,0.06877596225738525,0.06503737688064576
62,0.06759448556900025,0.08609544801712037
63,0.06764851322174072,0.10795535898208618
64,0.06592486143112182,0.06098482179641724
65,0.06446874408721924,0.10139072847366333
66,0.0648641655921936,0.12430958175659179
67,0.06732935724258422,0.08813096809387207
68,0.06370800313949584,0.08930764961242675
69,0.06610270576477051,0.0597351770401001
70,0.06417334241867065,0.06090018033981323
71,0.06366288528442383,0.09865450859069824
72,0.06188160858154297,0.05638777589797973
73,0.06220467834472656,0.10201445055007935
74,0.06140668954849243,0.14548392724990844
75,0.06138415603637695,0.059621514320373534
76,0.06291484680175781,0.061322429180145265
77,0.0619538553237915,0.05235009908676148
78,0.06041359796524048,0.060985649585723875
79,0.061924124908447266,0.0613515133857727
80,0.05983737850189209,0.05853079652786255
81,0.05945492696762085,0.0713779354095459
82,0.0605396897315979,0.052547447681427
83,0.05914935178756714,0.10198768949508667
84,0.06019202661514282,0.06304497051239014
85,0.05915939464569092,0.0666367211341858
86,0.05917857522964477,0.04733721542358398
87,0.0561092022895813,0.10684619140625
88,0.059424845504760744,0.05587432193756103
89,0.05529100341796875,0.07232589769363404
90,0.05666653652191162,0.04648001480102539
91,0.05744197473526001,0.04861688423156738
92,0.05536983947753906,0.049611019134521483
93,0.056369516944885255,0.061210833549499515
94,0.05476322584152222,0.04857701683044434
95,0.05591958475112915,0.05126511287689209
96,0.0552118411064148,0.07576225852966309
97,0.05466761169433594,0.05178961277008057
98,0.053647656726837155,0.07010985374450683
99,0.0545838207244873,0.06672428560256959
100,0.05520871772766113,0.04540882730484009
101,0.05297366876602173,0.050247613430023194
102,0.054514741897583006,0.048032483100891116
103,0.05217994270324707,0.05335368299484253
104,0.05251220006942749,0.05066867733001709
105,0.052359236717224124,0.09216347885131836
106,0.05228417863845825,0.055660977363586425
107,0.05267304220199585,0.046594467639923094
108,0.05248337421417237,0.08189916419982911
109,0.0538582127571106,0.0579467453956604
110,0.051443781852722165,0.06572519969940185
111,0.05192070693969727,0.05205188512802124
112,0.051887741470336916,0.0641776156425476
113,0.052084541416168216,0.04400485897064209
114,0.052032110118865965,0.09217011117935181
115,0.05211861133575439,0.05473075389862061
116,0.05053366937637329,0.04565027952194214
117,0.05015882968902588,0.08914031839370727
118,0.049642947292327884,0.04393419122695923
119,0.05071385793685913,0.06103258323669434
120,0.049153785514831544,0.057423350811004636
121,0.04887842922210693,0.041826415061950686
122,0.049959626865386964,0.05875457334518432
123,0.05023649520874023,0.08230886507034302
124,0.0502521279335022,0.05780039978027344
125,0.049325885009765626,0.05504732465744019
126,0.049566035175323486,0.0801888747215271
127,0.049146374893188474,0.0477639217376709
128,0.04934357271194458,0.0548853554725647
129,0.048777783584594725,0.05191482830047607
130,0.04849257478713989,0.08240642881393433
131,0.04838429527282715,0.05127911376953125
132,0.04713914766311646,0.06646266317367554
133,0.04834869203567505,0.05543771409988403
134,0.048078300285339354,0.08146234035491944
135,0.04886486577987671,0.05626366758346558
136,0.04701334562301636,0.04657577276229859
137,0.04797146348953247,0.052063743591308595
138,0.04735503883361816,0.05201376008987427
139,0.046913665962219235,0.04061568880081177
140,0.047350248336791995,0.051274715900421146
141,0.04704248495101929,0.09724366760253907
142,0.04679296751022339,0.04765384769439697
143,0.04673863573074341,0.045413421630859374
144,0.04600803861618042,0.04399813652038574
145,0.04683521537780762,0.041677977085113525
146,0.045400176429748536,0.043869784832000734
147,0.045289610862731935,0.058979187488555906
148,0.04692724800109863,0.043844630241394046
149,0.04540273303985596,0.06865437984466553
150,0.04582105684280396,0.09771233606338502
151,0.045756310081481934,0.06371976089477539
152,0.04679527807235718,0.052664586544036864
153,0.04502178297042847,0.049545852184295656
154,0.04470951328277588,0.044042190551757815
155,0.045748617649078366,0.04181217336654663
156,0.04615523948669434,0.049358108043670655
157,0.04562683067321777,0.06088320207595825
158,0.04544938268661499,0.054836878299713135
159,0.045118270015716555,0.04321673536300659
