epoch,loss,val_loss
0,0.8059856881141663,0.5891933650970459
1,0.6126771495819092,0.5753187828063965
2,0.5673764638900757,0.5958845958709716
3,0.5358183058738708,0.49409587240219116
4,0.5077341846466065,0.47070253705978393
5,0.4920213068008423,0.5102988624572754
6,0.4779153721809387,0.4620449261665344
7,0.46791491508483884,0.451642560005188
8,0.46548549404144285,0.4941809778213501
9,0.4557584830284119,0.44712134265899656
10,0.4515438521385193,0.5303625526428223
11,0.443638058757782,0.5562384362220765
12,0.4458773488998413,0.44469211864471436
13,0.4398191610336304,0.4084591121673584
14,0.4374027868270874,0.4085897240638733
15,0.43389134578704835,0.4358565535545349
16,0.4282259231567383,0.44946156883239746
17,0.42809393844604493,0.43320263862609865
18,0.42503645153045655,0.5120340418815613
19,0.42517722511291506,0.43172866582870484
20,0.4229418356895447,0.39816071844100953
21,0.42099675970077516,0.5152827115058899
22,0.4174727019309998,0.40271767234802247
23,0.4159154395103455,0.4066238641738892
24,0.41393240728378294,0.3874193153381348
25,0.411431654548645,0.4047568464279175
26,0.41129631099700925,0.38312104749679565
27,0.4103749055862427,0.457194507598877
28,0.40790805673599245,0.3968264236450195
29,0.40659942779541014,0.38215639305114746
30,0.4027249755859375,0.38312780475616454
31,0.4044685523986816,0.3822553858757019
32,0.40481652526855466,0.38570566940307616
33,0.40190570278167725,0.4151808915138245
34,0.39942853593826294,0.39927614879608153
35,0.39898689661026,0.37796636629104613
36,0.39658819408416746,0.3955442581176758
37,0.3969567843437195,0.4244181532859802
38,0.3973784826278687,0.37633663511276244
39,0.3951973239898682,0.37899309062957764
40,0.3944029976844788,0.41556649827957154
41,0.3905801258087158,0.3865504412651062
42,0.3965127960205078,0.40522256374359134
43,0.3913828453063965,0.3811817789077759
44,0.3941367787361145,0.38633013916015624
45,0.38955314140319824,0.3824022836685181
46,0.38881601133346555,0.4707881140708923
47,0.38650739240646365,0.42917053890228274
48,0.3891055464744568,0.40213051652908327
49,0.3883430743217468,0.4004334816932678
50,0.38640143871307375,0.3718314905166626
51,0.38603614444732665,0.3742056360244751
52,0.3860610077857971,0.36997396993637083
53,0.38564323635101316,0.3968491921424866
54,0.3806144172668457,0.38986222553253175
55,0.38425170040130613,0.36865542125701906
56,0.3839348611831665,0.37962455224990843
57,0.3821502387046814,0.4316362648010254
58,0.3860365976333618,0.3658514766693115
59,0.38124267444610593,0.36285035943984983
60,0.3793531335830688,0.38004222106933594
61,0.3822874773979187,0.3753154010772705
62,0.3816664640426636,0.37033824014663697
63,0.37838816566467287,0.45118829822540285
64,0.38218334884643557,0.38005923557281496
65,0.3801702595710754,0.36849701166152954
66,0.37801267299652097,0.3622494468688965
67,0.3755135058403015,0.3814578971862793
68,0.37446970376968386,0.4412931761741638
69,0.38005215520858765,0.3890485520362854
70,0.37672684183120725,0.3700993275642395
71,0.37335937128067015,0.375285653591156
72,0.37502049779891966,0.43889083099365234
73,0.37842301778793336,0.39150788831710814
74,0.3754585852622986,0.38746463394165037
75,0.3752549551010132,0.35756821966171265
76,0.3753402697563171,0.4330530586242676
77,0.3729986276626587,0.3693398022651672
78,0.374618705368042,0.3784436430931091
79,0.37148730926513673,0.4596923131942749
80,0.3729749369621277,0.3700346894264221
81,0.37301362743377686,0.37719205713272097
82,0.37293732814788816,0.37885057973861697
83,0.37248766603469846,0.3656467847824097
84,0.36990819454193113,0.3829871520996094
85,0.37132041788101194,0.40191993141174315
86,0.36989639863967894,0.3604820079803467
87,0.37116617221832277,0.3935176830291748
88,0.3722915740966797,0.4537872223854065
89,0.37113716268539426,0.4337454376220703
90,0.3698402917861938,0.40172423696517945
91,0.3717270812034607,0.4040909457206726
92,0.3701351963043213,0.3558331594467163
93,0.36744816637039185,0.41641890001297
94,0.3719751414299011,0.38877856016159057
95,0.36955408363342285,0.4002010111808777
96,0.36879589433670046,0.3919575939178467
97,0.3695999116897583,0.36094284772872925
98,0.3690636224746704,0.35753330230712893
99,0.36683773212432863,0.38479693603515625
100,0.3664544598579407,0.36567741870880127
101,0.36686571893692016,0.3542700119018555
102,0.36758945055007936,0.3932680606842041
103,0.36832458238601684,0.3769137010574341
104,0.36622825746536253,0.3553174071311951
105,0.363911713218689,0.3705528211593628
106,0.3684700352668762,0.3673387837409973
107,0.36413400325775147,0.38936715936660765
108,0.3675587037086487,0.35356372690200805
109,0.3670740288734436,0.36108812475204466
110,0.3658032897949219,0.3701434507369995
111,0.36600198440551757,0.3846429786682129
112,0.36608779125213625,0.3555477180480957
113,0.36236421270370484,0.3633251247406006
114,0.36471346216201783,0.37137665843963624
115,0.3661513602256775,0.37580855512619016
116,0.36437247457504274,0.3596299962997436
117,0.3658732508659363,0.37085413932800293
118,0.3632142379760742,0.3711653904914856
119,0.3636691020965576,0.354814772605896
120,0.36395590562820435,0.36202626609802246
121,0.3620052183151245,0.35917048740386964
122,0.3641205943107605,0.35360098218917846
123,0.3595191056251526,0.35337506818771364
124,0.3662762806892395,0.38590312814712524
125,0.36343807983398435,0.36286989307403567
126,0.36397226524353027,0.3608647494316101
127,0.36227611141204835,0.39470673274993895
128,0.36646930351257323,0.3881685342788696
129,0.360905899810791,0.40379011011123656
130,0.3636650755882263,0.40901506090164186
131,0.36209839887619016,0.3833942618370056
132,0.3628392463684082,0.3596505880355835
133,0.36564769296646116,0.35300843238830565
134,0.35860235233306886,0.3778001999855041
135,0.3633191495895386,0.3873231191635132
136,0.3616333514213562,0.3825663995742798
137,0.35873130931854247,0.41150267934799195
138,0.3591944751739502,0.3519103789329529
139,0.3618332926750183,0.3620546712875366
140,0.3621589666366577,0.38052715253829955
141,0.3625254447937012,0.3693289122581482
142,0.35811223764419553,0.35999545526504517
143,0.36221744384765625,0.36531031465530395
144,0.36112348279953005,0.4192606782913208
145,0.35988474464416503,0.4377099585533142
146,0.35895176067352297,0.3618025703430176
147,0.36200287456512453,0.3716638245582581
148,0.36218335523605344,0.3651656861305237
149,0.36243897771835326,0.3933263845443726
150,0.3586046269416809,0.40802094173431397
151,0.36263190298080444,0.35353990507125854
152,0.356970442867279,0.3663960027694702
153,0.3588075283050537,0.3670679187774658
154,0.3597402364730835,0.3911030855178833
155,0.3606366602897644,0.38329262590408325
156,0.35831143684387207,0.39271491527557373
157,0.3597451431274414,0.3760020718574524
158,0.3586898810386658,0.4166680111885071
