epoch,loss,val_loss
0,0.5240337860107422,0.39432755708694456
1,0.37384432764053344,0.3352665963172913
2,0.32667351932525635,0.446352198600769
3,0.29634963998794556,0.237738507270813
4,0.2768305576324463,0.22123214864730836
5,0.260336745929718,0.21019394779205322
6,0.2532692442893982,0.330836142539978
7,0.24360832624435425,0.28217735862731935
8,0.23835509767532348,0.49600628900527954
9,0.22616314401626586,0.19852223443984984
10,0.21379372148513795,0.18356668567657472
11,0.21665151538848876,0.4275396542549133
12,0.2073725417137146,0.34305788946151733
13,0.19681756906509398,0.14447116231918336
14,0.19357804880142213,0.42659959936141967
15,0.18818803844451903,0.22842922306060792
16,0.18130162954330445,0.22804967498779297
17,0.16847900009155273,0.16160308122634887
18,0.16747526044845581,0.15346111631393433
19,0.16727695112228394,0.17519479608535768
20,0.15767196283340454,0.15276114416122435
21,0.15687467985153197,0.1875397024154663
22,0.1513189160346985,0.1345284471511841
23,0.14533675270080568,0.18907261323928834
24,0.14919057426452637,0.15881203079223633
25,0.14388576440811157,0.11271765327453613
26,0.13727789030075074,0.1093637261390686
27,0.13508747262954712,0.19885810422897338
28,0.1305798192024231,0.22941108083724976
29,0.13440502338409424,0.20987646102905275
30,0.1306493836402893,0.10872203636169434
31,0.12279931869506835,0.13942113542556764
32,0.12117749576568604,0.27986740493774415
33,0.12172712736129761,0.13806684732437133
34,0.11527911682128907,0.17706228971481322
35,0.11755237236022949,0.10708157205581666
36,0.11122109756469727,0.09247687005996705
37,0.10912863845825195,0.2173588914871216
38,0.11426473226547242,0.1962530369758606
39,0.10377889003753663,0.17293402814865114
40,0.10428827981948853,0.11841781044006347
41,0.10611241464614868,0.09411614322662354
42,0.10158762311935425,0.08717639446258545
43,0.10217172298431397,0.09359312963485718
44,0.09827794847488404,0.09021329402923584
45,0.09687924242019653,0.07548753213882446
46,0.09447630615234374,0.12464369201660157
47,0.09801636619567872,0.12867276334762573
48,0.09410719451904297,0.06822380113601685
49,0.0908103539466858,0.10635633993148803
50,0.09042868509292602,0.12866174268722536
51,0.09233356094360351,0.13235512018203735
52,0.08699452390670777,0.15143754005432128
53,0.09046721391677856,0.09672041034698486
54,0.08656523599624634,0.1497912654876709
55,0.0854154935836792,0.12656126546859742
56,0.08606248054504395,0.09819918775558471
57,0.08580159320831299,0.09853889751434326
58,0.0840001558303833,0.09165407228469849
59,0.08187901306152344,0.11847579717636109
60,0.0836969783782959,0.09397542238235473
61,0.08153234119415283,0.11978331518173217
62,0.07897983942031861,0.07755258512496949
63,0.0781228980064392,0.11700517463684082
64,0.07815887689590455,0.08641791152954102
65,0.0786662491798401,0.08352472162246705
66,0.07922633924484253,0.09920301437377929
67,0.07726436195373536,0.07830053949356079
68,0.07765637121200561,0.1461964168548584
