epoch,loss,val_loss
0,0.5256572816848755,0.45969582462310793
1,0.37615622034072876,0.2919300966262817
2,0.33235074367523193,0.3729971866607666
3,0.3070860883712769,0.23618780040740966
4,0.27976019678115843,0.3789202551841736
5,0.26647024927139285,0.2043934679031372
6,0.2533763139724731,0.20022474479675292
7,0.23317859678268432,0.18253787136077881
8,0.23030000448226928,0.24761424446105956
9,0.22478042764663697,0.24310952615737916
10,0.21285917291641235,0.20206989526748656
11,0.20960376253128052,0.15872356510162353
12,0.198631138420105,0.37171120405197144
13,0.19213299160003663,0.15585154247283936
14,0.18374414739608766,0.14080155658721924
15,0.17759036149978638,0.31482690715789796
16,0.1757617461204529,0.1953221859931946
17,0.16504449472427368,0.1271422529220581
18,0.16645528345108032,0.12335514640808105
19,0.15643049631118774,0.18066463375091552
20,0.15597094221115113,0.128751268863678
21,0.14346888599395752,0.21700307703018187
22,0.15048472967147827,0.09785627841949462
23,0.13945726823806762,0.19133054447174072
24,0.13620685901641846,0.09296851587295532
25,0.13540801973342895,0.1320522928237915
26,0.1294787284851074,0.09937212800979614
27,0.12997520713806152,0.15927569341659545
28,0.12880354251861573,0.1668735795021057
29,0.12153567028045655,0.1252782940864563
30,0.11951780776977539,0.1722978000640869
31,0.1165586030960083,0.0815759539604187
32,0.1113440972328186,0.118852933883667
33,0.11284230480194092,0.0942483983039856
34,0.10844530735015868,0.10736998653411865
35,0.11052930927276611,0.13268086957931519
36,0.10691361017227173,0.14963539171218873
37,0.10519821395874024,0.16977085828781127
38,0.10448303937911987,0.11790582752227784
39,0.09819901332855224,0.09147556400299073
40,0.0973651050567627,0.10856611156463623
41,0.09648061408996582,0.08087343120574951
42,0.09552957191467285,0.18480850791931153
43,0.09581010465621949,0.08218771505355835
44,0.09302180681228638,0.07304774093627929
45,0.09154815425872803,0.1606209011077881
46,0.0902808988571167,0.07523895406723022
47,0.09063532266616821,0.08912015056610108
48,0.0903818389892578,0.08583133268356323
49,0.09034806842803955,0.06753759860992431
50,0.08408544845581055,0.10504738092422486
51,0.08555344266891479,0.08214264678955079
52,0.08425039014816284,0.13855622577667237
53,0.08630417671203613,0.06551604557037354
54,0.08339212160110474,0.14364470911026
55,0.08012255744934083,0.07107831335067749
56,0.08274346351623535,0.14305134677886963
57,0.07905067157745362,0.10458130264282227
58,0.0803995906829834,0.09864335250854492
59,0.08016915073394776,0.1178666491508484
60,0.0739046311378479,0.06327184152603149
61,0.07495265941619873,0.07365582799911499
62,0.07599827785491943,0.07002739524841309
63,0.07580440034866333,0.10547848272323608
64,0.07384417037963867,0.09917229080200195
65,0.07443512325286865,0.07663699054718018
66,0.07132677507400513,0.07384642314910889
67,0.07361603097915649,0.07430917072296142
68,0.07051814966201782,0.061795461654663084
69,0.07371190252304077,0.08658422374725341
70,0.06965337762832642,0.0605332555770874
71,0.07142040500640869,0.116517560005188
72,0.06823676538467408,0.08376946973800659
73,0.06950980920791626,0.0800964331626892
74,0.06990695152282715,0.09281203079223632
75,0.06906350870132447,0.07562973308563233
76,0.06849480667114258,0.0925672025680542
77,0.06652316846847534,0.07471019220352172
78,0.06910419321060181,0.06044295835494995
79,0.06649838209152222,0.073162034034729
80,0.06526056594848632,0.11426817560195923
81,0.06683426151275634,0.07970987224578857
82,0.06634727754592895,0.06287445640563964
83,0.06495285091400146,0.09608585405349732
84,0.06408457641601563,0.12405556726455688
85,0.06590767211914063,0.08543462181091309
86,0.06509422216415406,0.09862848663330079
87,0.0639203763961792,0.05978760719299316
88,0.06187696590423584,0.09713239812850952
89,0.06419833068847657,0.07327044534683227
90,0.06276158542633056,0.11072615718841552
91,0.06355496520996094,0.0632881875038147
92,0.061116236591339114,0.07984442901611329
93,0.06239757461547851,0.08503343200683594
94,0.06419071931838989,0.09076981830596924
95,0.06259445285797119,0.053067503452301025
96,0.059635756015777586,0.05897611713409424
97,0.06102245025634766,0.05277304792404175
98,0.061451123428344724,0.07020557355880737
99,0.06087110795974732,0.06087619924545288
100,0.0592438346862793,0.08529065227508545
101,0.06173672351837158,0.07858210468292236
102,0.05848692607879639,0.07982497453689576
103,0.0597224061012268,0.0635654878616333
104,0.05874872446060181,0.13128359270095824
105,0.06011517572402954,0.0531775860786438
106,0.0596774395942688,0.0674249906539917
107,0.05796882200241089,0.06723385190963745
108,0.05920270891189575,0.07012853240966797
109,0.05840582456588745,0.056260995388031004
110,0.056819581031799314,0.10920204210281372
111,0.0561115650177002,0.07323549938201904
112,0.05882101993560791,0.06947464179992675
113,0.057594819259643555,0.07530385398864746
114,0.05757048854827881,0.08034470176696777
115,0.05816770153045654,0.07170236349105835
116,0.05638549242019653,0.0705805950164795
117,0.056490288543701174,0.046795174121856686
118,0.057456474781036375,0.06008325290679932
119,0.05594315376281738,0.09295219564437866
120,0.0554274112701416,0.08636377048492432
121,0.05598596124649048,0.0655777087211609
122,0.0566644603729248,0.11986424541473388
123,0.05569446220397949,0.0747626748085022
124,0.05619137907028198,0.0641006875038147
125,0.05637628126144409,0.07807506847381591
126,0.054905077266693116,0.08412105560302735
127,0.055585264492034915,0.06113949584960938
128,0.055358656311035155,0.05135595464706421
129,0.05444069108963013,0.08048359203338623
130,0.05472067003250122,0.09836554098129273
131,0.055090112590789796,0.06546040630340576
132,0.05373449125289917,0.0702928295135498
133,0.05411172800064087,0.04820092535018921
134,0.05321545944213867,0.05488755178451538
135,0.053050039863586425,0.0673159384727478
136,0.054339324188232424,0.06580248165130616
137,0.05323478841781616,0.04750904417037964
