epoch,loss,val_loss
0,0.8079380522727966,0.569677056312561
1,0.4065835388183594,0.2902443165779114
2,0.2364890350341797,0.1553898024559021
3,0.18164022750854492,0.25739455604553224
4,0.16130883235931395,0.2980042371749878
5,0.14109192686080932,0.12340779495239258
6,0.13705234375,0.09252063751220703
7,0.12243602666854858,0.08412608480453491
8,0.11736304559707642,0.12293615293502808
9,0.10856863355636596,0.17770860528945923
10,0.10584954710006714,0.08085085678100586
11,0.10015987567901612,0.19357516145706177
12,0.09732829904556274,0.11318260097503662
13,0.09201445665359496,0.0888708462715149
14,0.08347689161300659,0.13490682792663575
15,0.08225313396453858,0.06609406089782714
16,0.07733543615341186,0.07553292655944824
17,0.07871045036315918,0.08927609205245972
18,0.07454374942779542,0.07672347354888916
19,0.07135630626678467,0.09083716678619384
20,0.0707649543762207,0.05661032104492188
21,0.07075552291870117,0.055019310474395754
22,0.07001897344589234,0.07853365993499756
23,0.06800375299453736,0.1283378200531006
24,0.06607812910079956,0.053331767559051516
25,0.06669641160964966,0.04924209594726563
26,0.06284686059951783,0.06881580257415772
27,0.06295285387039184,0.05566470098495484
28,0.060552403926849366,0.059206377506256104
29,0.06215895662307739,0.04603555345535278
30,0.057159138774871825,0.06262067031860352
31,0.0596520206451416,0.04992254114151001
32,0.06013425455093384,0.04825515079498291
33,0.05690520277023316,0.05009854078292847
34,0.05832522344589233,0.04661925411224365
35,0.05614755439758301,0.05229552459716797
36,0.053755695056915284,0.07638937377929687
37,0.05510453014373779,0.05444287109375
38,0.0550944803237915,0.0495160813331604
39,0.05315870637893677,0.06323124551773071
40,0.0528784143447876,0.0536371808052063
41,0.05177261772155762,0.06635600996017456
42,0.05208867340087891,0.06218349599838257
43,0.050635936069488525,0.04535310363769531
44,0.05065599889755249,0.04877795505523681
45,0.0505499945640564,0.06523744773864747
46,0.04968268423080444,0.0709912405014038
47,0.04841916913986206,0.04714024019241333
48,0.04901739673614502,0.05832272386550903
49,0.04909218130111694,0.04125919914245606
50,0.048770553493499756,0.04261453104019165
51,0.04880463314056396,0.060581806182861325
52,0.047269313621520995,0.04207108163833618
53,0.04730011787414551,0.04567176580429077
54,0.047148308181762695,0.0701389513015747
55,0.04739374933242798,0.04167578029632568
56,0.04810330514907837,0.05586009073257446
57,0.045659141635894775,0.04627304553985596
58,0.045909807205200194,0.056913374423980714
59,0.04534483861923218,0.047994120121002196
60,0.04630854091644287,0.056352221965789796
61,0.044855915927886965,0.043529261589050294
62,0.043534285831451414,0.04165087699890137
63,0.044635503387451175,0.040679696083068845
64,0.044935384273529055,0.08244113683700562
65,0.04408001947402954,0.053699159622192384
66,0.04419841451644897,0.037053234577178955
67,0.04347150592803955,0.05714072132110596
68,0.043679448890686035,0.07179508018493652
69,0.0440401291847229,0.04213102102279663
70,0.04422803173065185,0.04084579801559448
71,0.042461912345886234,0.04282520532608032
72,0.0432274432182312,0.11939100170135498
73,0.043291166782379153,0.06879212713241577
74,0.04175138692855835,0.050556047916412356
75,0.04304504976272583,0.0463075737953186
76,0.042609347534179685,0.0385322642326355
77,0.041731836891174316,0.056783668041229245
78,0.041936064243316654,0.045870994567871096
79,0.04133233222961426,0.05206793594360352
80,0.04157711105346679,0.04652891063690186
81,0.040067938995361325,0.05088548755645752
82,0.041248772525787354,0.03437555265426636
83,0.04064890365600586,0.0483815655708313
84,0.04188676204681396,0.03563450574874878
85,0.04124763488769531,0.044441627502441405
86,0.0392776556968689,0.044072357654571535
87,0.04090517253875733,0.040600501537322996
88,0.04043951234817505,0.09945256805419922
89,0.03947353754043579,0.035353835105895993
90,0.04091661071777344,0.04799857902526856
91,0.04062003288269043,0.03829419755935669
92,0.03973831310272217,0.060789400100708005
93,0.04018647899627686,0.037167380332946774
94,0.039755100440979005,0.034312128067016605
95,0.03847829713821411,0.03570655870437622
96,0.039428676319122315,0.03866451120376587
97,0.03905635366439819,0.05624690055847168
98,0.039336197757720945,0.044707241535186765
99,0.03965920753479004,0.09583659410476685
100,0.03946305084228516,0.03679670095443725
101,0.0387499264717102,0.049608622074127195
102,0.0374187105178833,0.039368735790252685
103,0.03951764326095581,0.04101405191421509
104,0.0385111400604248,0.03515859317779541
105,0.038520222091674806,0.042737608432769775
106,0.038352420711517336,0.03775832748413086
107,0.03902638816833496,0.03591656970977783
108,0.03826055450439453,0.0446172981262207
109,0.03759470634460449,0.034636497497558594
110,0.038308674812316895,0.03614278364181518
111,0.037241134071350095,0.03697895336151123
112,0.039493499279022216,0.05378475952148438
113,0.0380002854347229,0.0479446816444397
114,0.03850130844116211,0.03519585514068604
