epoch,loss,val_loss
0,0.7660694520950317,0.5384402723312378
1,0.4499316295623779,0.40240863609313965
2,0.234390966129303,0.21857849502563476
3,0.18679238090515138,0.14341213989257812
4,0.16710206174850464,0.152826651096344
5,0.1543574810028076,0.12608393287658692
6,0.14132039079666137,0.12065515232086181
7,0.1382700963973999,0.11777951383590698
8,0.1309711254119873,0.11484468460083008
9,0.12888245496749878,0.1146799283027649
10,0.12062637662887574,0.1350859785079956
11,0.12610762786865234,0.14141233110427856
12,0.11879809970855713,0.09946193456649781
13,0.11381574039459229,0.2012179160118103
14,0.11457051935195924,0.12485997152328492
15,0.10887768383026122,0.10131829500198364
16,0.11259772748947143,0.10335635995864868
17,0.10582299489974975,0.10392864894866943
18,0.10434148120880127,0.1458399748802185
19,0.10784468584060669,0.09576613569259644
20,0.1038259262084961,0.09396646976470947
21,0.10408914051055908,0.12564021348953247
22,0.10176336212158203,0.0918296399116516
23,0.10051507148742676,0.09602046823501587
24,0.10106886711120605,0.09243307685852051
25,0.10028081912994385,0.09754607105255127
26,0.09877617492675782,0.1068092975616455
27,0.10024188947677612,0.11487488031387329
28,0.09702492837905884,0.1158519344329834
29,0.09741206512451171,0.08850331258773804
30,0.09680975542068482,0.09576738166809082
31,0.09481513280868531,0.12660741710662843
32,0.09449100112915039,0.14320199966430663
33,0.09463210821151734,0.0974880199432373
34,0.09492291917800903,0.09775071525573731
35,0.09781723556518555,0.09265256452560425
36,0.09173136367797852,0.08925393915176391
37,0.09303343868255615,0.11579748916625976
38,0.09402719297409058,0.09190356016159057
