epoch,loss,val_loss
0,0.5528389778137207,0.3345881156921387
1,0.3759383274078369,0.2849020142555237
2,0.3073252867698669,0.23443729448318482
3,0.2710751394271851,0.35145987415313723
4,0.25644343128204344,0.19469617462158204
5,0.24091812438964844,0.336698281288147
6,0.2290036724090576,0.312948616027832
7,0.22345524358749388,0.17988092947006226
8,0.21780129127502443,0.16638694715499877
9,0.20477585945129395,0.14988542366027832
10,0.1961840518951416,0.19199113607406615
11,0.19394065647125244,0.2602392158508301
12,0.1943021580696106,0.1603443989753723
13,0.17164728574752808,0.16883050870895386
14,0.17406026554107665,0.1477512879371643
15,0.17148348035812377,0.1937834939956665
16,0.16239725856781007,0.4387712602615356
17,0.1656333914756775,0.13076248931884765
18,0.15439587745666503,0.19883136653900146
19,0.15074843645095826,0.12088772487640381
20,0.14281419172286988,0.1371961703300476
21,0.14399443159103392,0.1071749210357666
22,0.1407175051689148,0.1218998441696167
23,0.14207741527557374,0.1334386167526245
24,0.1322659236907959,0.12428657865524292
25,0.13005524072647096,0.2312239146232605
26,0.1341600474357605,0.20136892700195314
27,0.12629063577651978,0.15836933135986328
28,0.12584381999969482,0.14474193000793456
29,0.1193911063194275,0.12786168241500853
30,0.11670200881958008,0.09588336372375489
31,0.11741602849960327,0.22923016977310182
32,0.12445673685073852,0.11064285278320313
33,0.1137048360824585,0.10308694124221801
34,0.11468655853271484,0.10094646501541138
35,0.11108810367584228,0.09780025434494019
36,0.10842257480621338,0.17199466848373413
37,0.11169921941757202,0.09112265777587891
38,0.10683140096664429,0.0951312894821167
39,0.10658771419525147,0.1017119927406311
40,0.10261927833557129,0.14319499492645263
41,0.10163867473602295,0.0969320592880249
42,0.10153037004470825,0.14304985523223876
43,0.10269781160354614,0.08770268154144287
44,0.10135300064086913,0.10716927909851075
45,0.09772591238021851,0.08014747858047486
46,0.10010585765838623,0.09454566097259522
47,0.09716683959960938,0.10885507583618165
48,0.09458292560577393,0.19274549913406372
49,0.09970676002502442,0.08100100755691528
50,0.09499949016571045,0.10216073894500732
51,0.09500783348083496,0.08615018415451049
52,0.09320764389038086,0.08439456462860108
53,0.09261916828155517,0.10611515712738037
54,0.09243512744903565,0.16744351148605346
55,0.09265478763580322,0.10778676319122314
56,0.09112103538513183,0.08004586839675903
57,0.08775823135375976,0.09015610647201538
58,0.09027371435165406,0.15286927604675293
59,0.08929465103149414,0.1494052734375
60,0.08684266843795777,0.11799525928497315
61,0.08790499906539917,0.11549893379211426
62,0.08894232244491578,0.11498800945281983
63,0.08416828746795654,0.09106872177124023
64,0.0860660548210144,0.19380595922470092
65,0.09053481969833374,0.07754340648651123
66,0.08317082204818725,0.10419692039489746
67,0.08825701179504394,0.15454664373397828
68,0.08299494895935058,0.07884836196899414
69,0.0818068284034729,0.18179228496551514
70,0.08733212461471558,0.100998366355896
71,0.08086291637420655,0.07963425922393799
72,0.08207581768035889,0.08590145683288575
73,0.08123671140670777,0.08638181591033936
74,0.08068699798583985,0.09030820274353027
75,0.07863002786636353,0.07456309223175049
76,0.08219319944381714,0.07301989650726318
77,0.07878870000839233,0.09069000244140625
78,0.08183982763290405,0.08623146057128907
79,0.07987627372741699,0.08275463342666627
80,0.08013853940963746,0.08376885271072387
81,0.0769612452507019,0.11739016151428222
82,0.07751847829818725,0.12257324743270874
83,0.07767791824340821,0.09152669143676757
84,0.07704217109680175,0.08816008138656616
85,0.07588738327026368,0.06904397821426392
86,0.07637811260223389,0.1433143696784973
87,0.0767452244758606,0.09667469882965088
88,0.07713319635391236,0.1396845030784607
89,0.0776625644683838,0.09355151414871216
90,0.07707864208221435,0.07447570085525512
91,0.07169245023727416,0.07910307407379151
92,0.0752596173286438,0.13022012853622436
93,0.07405526390075684,0.08214748668670654
94,0.07584750995635986,0.14425933027267457
95,0.07593753595352173,0.07156136512756348
96,0.0737140477180481,0.08914416837692261
97,0.07160476303100585,0.0862385368347168
98,0.07542701692581177,0.06932339525222778
99,0.0717773193359375,0.07887751674652099
100,0.07186414175033569,0.11922456979751588
101,0.07305762586593628,0.07510716438293458
102,0.07196101913452148,0.08201436614990235
103,0.07349710597991943,0.07397607660293579
104,0.07129218263626098,0.08464334344863891
105,0.07074583234786987,0.07402064895629883
