epoch,loss,val_loss
0,0.7082210614204407,0.782217134475708
1,0.42962709999084475,0.21081598138809204
2,0.23425468702316285,0.3071320309638977
3,0.18967152318954467,0.14156135272979736
4,0.16386141176223754,0.11548107004165649
5,0.15186215324401856,0.25870203351974486
6,0.1450012526512146,0.1166340970993042
7,0.13479585704803468,0.11486973905563355
8,0.12676557006835937,0.12122068786621094
9,0.12577196731567383,0.7359622669219971
10,0.1271765477180481,0.09024272727966308
11,0.11739266805648804,0.08665026760101319
12,0.11363796691894532,0.08289845085144043
13,0.10653407545089721,0.12277203464508056
14,0.10324081115722657,0.18066906690597534
15,0.10207857418060302,0.18922067880630494
16,0.10161314630508422,0.18895061111450195
17,0.09437788400650024,0.07703669881820678
18,0.09695422496795654,0.09196133756637573
19,0.09566744499206543,0.14924621200561525
20,0.09402626037597656,0.3658436598777771
21,0.09509114141464234,0.12463240861892701
22,0.09062467451095581,0.09402407264709473
23,0.08764841861724854,0.12426274013519287
24,0.08809133348464966,0.07503591680526733
25,0.08535809535980225,0.07516857957839966
26,0.08348964624404907,0.10306847858428955
27,0.08257475299835206,0.0844832820892334
28,0.07996124210357666,0.11865861701965331
29,0.08345464105606079,0.0666542501449585
30,0.07818114051818847,0.06966401100158691
31,0.07834583387374879,0.07953316926956176
32,0.07982548198699951,0.06351591205596924
33,0.07954615592956543,0.06560576725006104
34,0.07396445646286011,0.06753121423721313
35,0.07757332277297974,0.06387789630889892
36,0.07560977735519409,0.1174805850982666
37,0.07285861158370972,0.06223730850219727
38,0.07278746175765992,0.1760641646385193
39,0.07341541814804077,0.07731949520111084
40,0.07120172386169434,0.07834410667419434
41,0.06984298543930054,0.215509343624115
42,0.07320473461151122,0.23571928119659424
43,0.072711754322052,0.06601588535308837
44,0.07039940519332885,0.06330113077163696
45,0.06857141780853271,0.06541122961044311
46,0.06794409408569337,0.13474301242828368
47,0.06762967519760132,0.06176892614364624
48,0.06763144750595093,0.09140069389343261
49,0.06721757850646973,0.08868293523788452
50,0.06753423404693604,0.09127302980422973
51,0.0650334984779358,0.057388895511627194
52,0.06607329196929931,0.06483947324752808
53,0.06545965881347657,0.06424836492538452
54,0.06363633575439454,0.08039079523086548
55,0.06359353704452515,0.11330914545059204
56,0.06598294467926025,0.08888072729110717
57,0.0645222713470459,0.06129520559310913
58,0.06353328313827515,0.06324809265136719
59,0.06237328042984009,0.05568164443969727
60,0.06372679138183594,0.10000209522247315
61,0.062038261795043945,0.0753015022277832
62,0.062158446884155276,0.06868014001846313
63,0.06069346179962158,0.06185148811340332
64,0.06423261041641236,0.10517350769042969
65,0.06102098989486694,0.0674212441444397
66,0.05985428762435913,0.09000978803634643
67,0.06093270444869995,0.06611281776428223
68,0.06000271053314209,0.05623096513748169
69,0.05936238994598389,0.05592603921890259
70,0.060249955368041994,0.08195455408096314
71,0.05942941541671753,0.06949553918838501
72,0.05980342779159546,0.05415129995346069
73,0.05860111999511719,0.0637298493385315
74,0.05798112392425537,0.08787033700942994
75,0.0594088981628418,0.09122637414932251
76,0.05769657773971558,0.08189291858673095
77,0.05895620222091675,0.08585478782653809
78,0.05764114685058594,0.06267959785461426
79,0.055471188068389896,0.07228595876693726
80,0.05737315320968628,0.05812755441665649
81,0.05629693975448608,0.062477837085723874
82,0.05460331630706787,0.058246702671051025
83,0.055836019039154056,0.061144572734832765
84,0.05736362009048462,0.052445207595825195
85,0.056146794509887694,0.06478230619430542
86,0.05550361042022705,0.06312098884582519
87,0.054705751228332516,0.06186911153793335
88,0.05601160020828247,0.08318534135818481
89,0.05492091083526612,0.059276291847229004
90,0.05570046043395996,0.05550479412078858
91,0.054132499504089354,0.062291622638702394
92,0.05372153263092041,0.06368904590606689
93,0.05588915967941284,0.062105337619781494
94,0.055195063495635986,0.07216763687133788
95,0.05449182300567627,0.0518560471534729
96,0.05421118974685669,0.053843931674957275
97,0.05503135089874268,0.05304563808441162
98,0.054085041999816896,0.09612842273712158
99,0.05484258699417114,0.06334918880462646
100,0.052934012222290036,0.05573338365554809
101,0.05060028600692749,0.05717583084106445
102,0.05444531002044678,0.05090272188186645
103,0.05129585723876953,0.05829090166091919
104,0.052043336296081544,0.06716913652420044
105,0.05283664455413818,0.055441341400146484
106,0.05409181785583496,0.052208543300628664
107,0.052642453289031985,0.054429054737091066
108,0.05192272052764892,0.05653300666809082
109,0.052640822219848636,0.0675428900718689
110,0.0522408935546875,0.053352919578552246
111,0.05132562417984009,0.15000749063491822
112,0.05393362560272217,0.06932487106323242
113,0.051736099243164066,0.07941946649551392
114,0.05286246776580811,0.1195612096786499
115,0.05368917264938355,0.051199066162109376
116,0.05194412622451782,0.060750319480895994
117,0.05137619028091431,0.05171897745132446
118,0.0506380784034729,0.05462268781661987
119,0.050968855476379395,0.05509679651260376
120,0.051664195251464845,0.08562120294570923
121,0.051826728820800784,0.050764902591705324
122,0.05097599658966064,0.05225098085403442
123,0.05052391519546509,0.05948502588272095
124,0.04891889028549194,0.13639974880218506
125,0.05319005088806152,0.05813539791107178
126,0.050917180061340335,0.050362220287323
127,0.04841704549789429,0.05850105953216553
128,0.04824831953048706,0.068049569606781
129,0.050417113399505616,0.05555710744857788
130,0.04923280725479126,0.0536676664352417
131,0.048590663146972655,0.09907181787490844
132,0.04930445575714111,0.0506276535987854
133,0.04893196983337402,0.07077562141418457
134,0.051145571899414065,0.050972469806671146
135,0.04933430681228638,0.06550034046173096
136,0.0484874174118042,0.055117724895477296
137,0.04990942087173462,0.05633148670196533
138,0.04901896810531616,0.07261312437057495
139,0.04871866760253906,0.05551432180404663
140,0.04891442241668701,0.05202923965454102
141,0.05050589504241943,0.05456384134292602
142,0.04995992383956909,0.04988933897018433
143,0.04924251804351806,0.06136481285095215
144,0.04767643022537232,0.06405708503723144
145,0.047937150478363035,0.05384320640563965
146,0.04973286085128784,0.051943176746368405
147,0.047013490581512454,0.05439551877975464
148,0.04694916982650757,0.05353947353363037
149,0.04936009645462036,0.05240579652786255
150,0.048657119274139404,0.050936679840087894
151,0.047721097469329836,0.049678010940551756
152,0.047402992153167726,0.05582563209533691
153,0.04833972721099854,0.05542586088180542
154,0.04733515167236328,0.04953802728652954
155,0.0477157660484314,0.05495740127563477
156,0.04800922145843506,0.056438541889190674
157,0.04831339521408081,0.06930264043807983
158,0.048262879276275636,0.059037563800811765
159,0.05012609014511108,0.05491222381591797
160,0.04679794111251831,0.05174858665466309
161,0.047523416519165036,0.05883048868179321
162,0.046501809883117674,0.052622923374176026
163,0.04688306379318237,0.050176258087158206
164,0.046716543102264405,0.0538656907081604
165,0.04790392036437988,0.05470743465423584
166,0.04847508134841919,0.0776103835105896
167,0.04708129997253418,0.06862266445159912
168,0.04705583362579346,0.04988833999633789
169,0.04656604681015015,0.081520676612854
170,0.04731576261520386,0.056520140171051024
171,0.04558817024230957,0.0665973072052002
172,0.04709128046035767,0.04931822633743286
173,0.04684956941604614,0.1316827311515808
174,0.04803046245574951,0.06501314926147461
175,0.04579720096588135,0.05392898368835449
176,0.04700563116073608,0.050421692848205565
177,0.0465420636177063,0.05136625242233277
178,0.04610393238067627,0.06556584978103638
179,0.046440804958343504,0.050578240871429446
180,0.04743242530822754,0.05268130254745483
181,0.04484550619125366,0.04916458559036255
182,0.045158974838256837,0.05240843725204468
183,0.045471096992492674,0.05152038383483887
184,0.04504624691009521,0.05569248151779175
185,0.044980909824371335,0.05773884057998657
186,0.045502973556518556,0.05368444013595581
187,0.045825708293914795,0.05142363452911377
188,0.04533533411026001,0.058649735927581784
189,0.0464790994644165,0.050442346572875975
190,0.047368752384185794,0.056424470901489256
191,0.04425774898529053,0.11504398012161254
192,0.04657164211273193,0.0495800724029541
193,0.04540789098739624,0.06495355892181397
194,0.04606604089736938,0.05961462259292603
195,0.04460210027694702,0.07290767049789429
196,0.04650162324905396,0.05053102827072144
197,0.044208797454833984,0.07204469347000123
198,0.04442341365814209,0.05652978515625
199,0.04573146991729736,0.05166349458694458
200,0.0450880443572998,0.053310320854187014
201,0.04439350061416626,0.05037078475952148
