epoch,loss,val_loss
0,0.625637868976593,0.42674594259262083
1,0.3258779170036316,0.2828517870903015
2,0.21450380191802979,0.317146080493927
3,0.1749836992263794,0.1274838752746582
4,0.15692704629898072,0.3125315079689026
5,0.13920989332199096,0.11353291606903076
6,0.13317192373275757,0.15324597311019897
7,0.12104472665786743,0.1073081636428833
8,0.11617023859024048,0.10352092838287354
9,0.11001607761383056,0.0883102421760559
10,0.1030304633140564,0.2910304932594299
11,0.10621358070373535,0.22490406417846678
12,0.09901248655319214,0.07876703786849976
13,0.09397245597839356,0.1051010446548462
14,0.09331949911117554,0.08923544836044311
15,0.08943230686187745,0.08014886665344238
16,0.0890352162361145,0.10562121534347534
17,0.08610441064834595,0.06986157321929931
18,0.08274573974609375,0.10773124599456788
19,0.08106108999252319,0.0883655424118042
20,0.07900473985671998,0.07924038982391357
21,0.0812081865310669,0.12071366882324219
22,0.07585569334030151,0.06195941066741943
23,0.07672120819091797,0.06473386240005494
24,0.07326185913085938,0.07140905618667602
25,0.07224881000518799,0.10831406784057618
26,0.07230531024932861,0.0896420488357544
27,0.07313107833862305,0.06384489059448242
28,0.06863374137878418,0.07894890832901001
29,0.07287035465240478,0.08353446197509766
30,0.06910426778793335,0.06353385400772095
31,0.06861612749099731,0.06052297925949097
32,0.0672739444732666,0.06271407508850098
33,0.06730932168960571,0.058964555740356445
34,0.06462393703460693,0.06903666257858276
35,0.06564586639404296,0.07734494256973266
36,0.06483056917190552,0.05463105583190918
37,0.06473350973129273,0.062475050926208496
38,0.06572196493148803,0.13790174627304078
39,0.0633883843421936,0.08082532596588135
40,0.062248310947418214,0.053428675174713135
41,0.06317602710723877,0.06770310974121094
42,0.060871683406829837,0.0833086838722229
43,0.06323658428192139,0.06707399368286132
44,0.060430970001220705,0.07619583511352539
45,0.06080872573852539,0.08006574773788452
46,0.060602004718780515,0.06808060312271118
47,0.05844245347976684,0.05192724323272705
48,0.05818995962142944,0.05235608434677124
49,0.060374940776824954,0.06741117143630981
50,0.05843715906143188,0.05517691230773926
51,0.056998741912841794,0.0531408371925354
52,0.05782947111129761,0.052707293510437014
53,0.0569867075920105,0.10871919631958007
54,0.056817750072479245,0.06349994993209838
55,0.05781781768798828,0.08845670986175537
56,0.05644439249038696,0.05255058574676514
57,0.054025752449035645,0.05794457387924194
58,0.0564487512588501,0.07862704992294312
59,0.05601235980987549,0.05515194320678711
60,0.055301982879638674,0.261377601146698
61,0.059240968894958494,0.0641525068283081
62,0.05556929063796997,0.04977462100982666
63,0.052619988441467286,0.07633717584609985
64,0.05409222869873047,0.047544032096862796
65,0.054406483745574954,0.04876219177246094
66,0.053060030364990234,0.06409183454513549
67,0.05356948690414429,0.0483085732460022
68,0.05313502502441406,0.046990841388702395
69,0.053618058204650876,0.10978183507919312
70,0.05225412893295288,0.06113873338699341
71,0.05113997173309326,0.049529879093170165
72,0.05243604164123535,0.062187604904174805
73,0.05234794692993164,0.05990813636779785
74,0.053487749671936036,0.05494682502746582
75,0.05062096757888794,0.07190514850616456
76,0.0506603874206543,0.04790337419509888
77,0.051024398899078366,0.06130313634872436
78,0.050576665592193606,0.04778455352783203
79,0.05025012397766113,0.05315687036514282
80,0.050023230743408205,0.04593416357040405
81,0.050367049312591554,0.05088873338699341
82,0.051065828037261965,0.06488471508026122
83,0.04979762601852417,0.050075271129608155
84,0.04675410022735596,0.05850439882278442
85,0.051658274364471436,0.05169030809402466
86,0.04746371574401855,0.04818492555618286
87,0.04892461977005005,0.05308279323577881
88,0.04945755300521851,0.05333259534835815
89,0.04827432870864868,0.054756754398345944
90,0.04856391878128052,0.054674030780792235
91,0.04940248098373413,0.0600237603187561
92,0.050740633392333985,0.05021033334732056
93,0.047682374095916746,0.047947863101959226
94,0.04635630474090576,0.06834311962127686
95,0.04890820436477661,0.06155218648910522
96,0.048808747482299804,0.04858998155593872
97,0.047361557388305664,0.05216607904434204
98,0.048842968368530276,0.05351814031600952
99,0.046524087047576906,0.045223705768585205
100,0.045315478801727295,0.051300559520721434
101,0.0463809947013855,0.05580719900131226
102,0.047472237014770505,0.05121979808807373
103,0.04862876358032227,0.12900539684295653
104,0.047216402912139896,0.04821017265319824
105,0.0472532470703125,0.05696821451187134
106,0.04636138772964477,0.04579120826721191
107,0.04518564586639404,0.044159351825714115
108,0.045873109436035155,0.061210878372192384
109,0.047147323322296146,0.05777638101577759
110,0.04498946256637573,0.044295994758605954
111,0.046363469409942626,0.10628312778472901
112,0.046921176052093505,0.04686607789993286
113,0.04546982917785645,0.0771226863861084
114,0.0440967791557312,0.047582122802734376
115,0.04458455791473389,0.05883137845993042
116,0.044983164978027346,0.09339583635330201
117,0.04439805974960327,0.04665769481658936
118,0.04406360731124878,0.04633119058609009
119,0.04613534231185913,0.0771315040588379
120,0.043679963874816895,0.04849131965637207
121,0.044678090286254885,0.04450931692123413
122,0.04334710826873779,0.04550675582885742
123,0.04516540002822876,0.0457988600730896
124,0.04479703855514526,0.04467756223678589
125,0.044104800987243654,0.048950436115264895
126,0.04343164768218994,0.06429012584686279
127,0.04475350608825684,0.08261079692840576
