epoch,loss,val_loss
0,0.5459197704315185,0.3470827441215515
1,0.37634555234909056,0.29745032835006713
2,0.3156849711418152,0.2938287124633789
3,0.27840468673706054,0.2588941950798035
4,0.2540388708114624,0.21679535388946533
5,0.24485585536956786,0.23140966653823852
6,0.23469311571121215,0.23429724740982055
7,0.2279037356376648,0.18860463666915894
8,0.21514770154953003,0.15518841457366944
9,0.21195558252334595,0.1657610297203064
10,0.2024997540473938,0.15494331073760986
11,0.1933861584663391,0.3111209840774536
12,0.1927438910484314,0.25849812364578245
13,0.1855902585029602,0.17163807535171507
14,0.17508391513824462,0.13829150533676146
15,0.17924464960098266,0.41405400705337525
16,0.1761895525932312,0.21262262868881227
17,0.15740843229293824,0.1108603572845459
18,0.15807372732162475,0.16503644752502442
19,0.15122170219421388,0.1795773696899414
20,0.14774982337951661,0.1698950810432434
21,0.14677285280227662,0.19181111001968384
22,0.14343199834823608,0.13882549047470094
23,0.13846757946014404,0.139036367893219
24,0.13497496500015257,0.32444296216964724
25,0.13207465944290162,0.1423655319213867
26,0.12704681797027587,0.10670273256301879
27,0.12365434026718139,0.09338128614425659
28,0.12597913818359374,0.11050752115249633
29,0.1190320834159851,0.09454084777832031
30,0.11640443534851075,0.1113568263053894
31,0.11415020217895508,0.08561034917831421
32,0.11992669639587403,0.08025601959228515
33,0.10817931575775147,0.1445965600013733
34,0.11115322742462158,0.13035549306869507
35,0.10657537927627564,0.08166804361343384
36,0.10688457574844361,0.12744554948806763
37,0.10879769086837769,0.09166176891326905
38,0.10252164268493652,0.11272688436508178
39,0.10004901294708252,0.14809818172454833
40,0.10106038570404052,0.12309166097640992
41,0.0974514497756958,0.08623459959030151
42,0.09431721534729004,0.09517439317703247
43,0.09882542371749878,0.14735162210464478
44,0.095614124584198,0.07822355556488036
45,0.09437572498321534,0.07152732753753663
46,0.0927042098045349,0.08717947435379028
47,0.09589759960174561,0.08614662170410156
48,0.09116742839813233,0.11434634113311767
49,0.08954898109436035,0.09429983520507812
50,0.08736371583938599,0.11127377843856812
51,0.08785335283279419,0.12593626642227174
52,0.08749087381362915,0.08644573593139648
53,0.0841835174560547,0.06836408710479737
54,0.0843919322013855,0.12563325309753418
55,0.0845250675201416,0.10524502658843994
56,0.08689024772644043,0.0989637098312378
57,0.08504253988265992,0.11527080345153809
58,0.08622305603027344,0.0757938642501831
59,0.08278061866760254,0.07788685941696168
60,0.08179659872055053,0.09074465227127075
61,0.07959624872207642,0.12684579277038574
62,0.08179776296615601,0.09510888433456421
63,0.08186655778884888,0.08159336566925049
64,0.07834886350631713,0.06852244281768799
65,0.0792908670425415,0.07994249296188355
66,0.07969651851654053,0.2011625008583069
67,0.08357762374877929,0.06416639614105224
68,0.07853290891647338,0.08873225545883179
69,0.07593138294219971,0.0750927848815918
70,0.07631929216384888,0.08610974216461181
71,0.07733935232162475,0.06719233894348145
72,0.07732350254058838,0.05927355432510376
73,0.0761968071937561,0.06026777744293213
74,0.07555399312973023,0.10935563373565674
75,0.07482779998779297,0.06638181400299072
76,0.07201925973892212,0.10368183994293213
77,0.07638758897781373,0.09919096088409424
78,0.07639273910522461,0.0678347520828247
79,0.0722834189414978,0.06101643466949463
80,0.07291182384490967,0.08804779005050659
81,0.0736287733078003,0.07039455795288085
82,0.07391010112762451,0.07498574876785279
83,0.07161966171264648,0.10967133569717408
84,0.07079140138626099,0.12730315160751343
85,0.07178066091537476,0.10231859064102172
86,0.07326799898147583,0.062318023204803466
87,0.07044033861160279,0.15412196493148803
88,0.07230245904922486,0.07653742694854736
89,0.07135340633392334,0.07793964385986328
90,0.07096829805374145,0.08686369132995606
91,0.06886752395629883,0.0710377230644226
92,0.07068985452651977,0.08277001810073853
