epoch,loss,val_loss
0,0.6080648641586304,0.5164314069747925
1,0.38181866340637205,0.2585185785293579
2,0.2884093432426453,0.2845556139945984
3,0.25373582706451414,0.22229444932937623
4,0.22901569309234618,0.24007518196105956
5,0.22121889686584473,0.17967846822738648
6,0.20979463930130005,0.2978856143951416
7,0.2052049101829529,0.17060561180114747
8,0.19420629844665527,0.22214239072799682
9,0.19462418088912964,0.1651498031616211
10,0.1883264907836914,0.1687081389427185
11,0.17735730619430543,0.1689201030731201
12,0.1735624635696411,0.15072594928741456
13,0.1691037709236145,0.14610132455825806
14,0.16353085069656373,0.15194485950469971
15,0.1635480779647827,0.15509249401092529
16,0.16304943161010743,0.23821532726287842
17,0.15243840122222901,0.18388262176513673
18,0.1553805745124817,0.25038607835769655
19,0.14691794576644898,0.13737519884109498
20,0.14795372915267943,0.1236746768951416
21,0.14874250535964967,0.12887092208862305
22,0.1424466251373291,0.23375233793258668
23,0.14640015726089478,0.35059280586242675
24,0.14866280755996705,0.35183856534957886
25,0.142295543384552,0.12087293148040772
26,0.13696270895004273,0.13252486181259154
27,0.13789680423736572,0.1862794303894043
28,0.13709738988876344,0.1528387565612793
29,0.12904155626296998,0.11713196563720703
30,0.12874997539520264,0.11636737442016601
31,0.1336197081565857,0.12945734119415284
32,0.1280345088005066,0.18764106464385985
33,0.127247594165802,0.11855171918869019
34,0.12616959209442138,0.11678178787231445
35,0.12670599822998047,0.18391868495941163
36,0.12739255542755126,0.14665383577346802
37,0.12350313100814819,0.20532916975021362
38,0.12417449340820312,0.12269807767868042
39,0.12237669610977173,0.11473023748397827
40,0.12094022636413575,0.11597059345245361
41,0.11798749303817749,0.1163550066947937
42,0.1189596043586731,0.10791411447525025
43,0.12215411901473999,0.12848760223388672
44,0.11592542057037354,0.14002573394775392
45,0.1209770269393921,0.10307026767730713
46,0.11729587888717652,0.11679113626480103
47,0.114616796875,0.10656203174591064
48,0.11587107963562011,0.11088405799865722
49,0.11274210395812988,0.11049361276626588
50,0.11578907651901245,0.12552418327331544
51,0.11323005542755127,0.10454135799407958
52,0.11089186344146729,0.12179042243957519
53,0.11215617094039917,0.1525393829345703
54,0.11349907474517822,0.14141532468795776
55,0.10847222366333008,0.1194963846206665
56,0.10921462335586547,0.10042530727386474
57,0.10732026529312134,0.10282840538024902
58,0.10951648025512695,0.13257996320724488
59,0.10725606098175049,0.11783452558517456
60,0.10556840057373047,0.1081009955406189
61,0.10502972841262817,0.1078217077255249
62,0.10429336557388305,0.12665434598922728
63,0.10498920812606811,0.13690421772003175
64,0.1071619535446167,0.1106003155708313
65,0.1015188437461853,0.16197607946395873
66,0.1002957862854004,0.09679856300354003
67,0.1024961220741272,0.09892273998260498
68,0.10125857667922973,0.11203308963775635
69,0.10126066122055054,0.09503539133071899
70,0.10228565282821656,0.10096372413635255
71,0.09720778017044067,0.10118200588226318
72,0.10072917346954345,0.09376171731948853
73,0.09607047100067138,0.14210641193389892
74,0.10155043058395385,0.12127421808242798
75,0.09921142568588256,0.15314452075958251
76,0.09651528406143188,0.13632581186294557
77,0.09842793045043945,0.1026789288520813
78,0.09640231790542603,0.13284094333648683
79,0.09650108528137206,0.09483521938323974
80,0.09357406406402588,0.10308354473114013
81,0.09677731018066406,0.09832990789413452
82,0.09282252178192138,0.10603129720687866
83,0.09396078071594238,0.10503206300735474
84,0.09381900148391724,0.09669757127761841
85,0.09344929218292236,0.10864688062667846
86,0.09649413604736329,0.10431726503372192
87,0.09347250108718871,0.13836788702011107
88,0.09202625560760498,0.12081419944763183
89,0.09158077220916748,0.12602832555770874
90,0.09156588716506958,0.2549510803222656
91,0.09483705501556397,0.09271442461013794
92,0.08921944084167481,0.1329732756614685
93,0.09013115272521972,0.10895346450805664
94,0.08868255109786988,0.09887790346145629
95,0.09068044652938843,0.11497726917266846
96,0.08901700916290284,0.10237935972213745
97,0.08940346078872681,0.21037981510162354
98,0.08937245645523072,0.1112288098335266
99,0.08992924251556396,0.0956807050704956
100,0.08561831741333008,0.11057228994369507
101,0.08876572065353394,0.10060326766967774
102,0.08813827323913574,0.09402712440490722
103,0.08790046539306641,0.10893974828720093
104,0.08516314477920532,0.09879788732528687
105,0.08588482809066772,0.09399300384521485
106,0.08671357555389404,0.3098497562408447
107,0.0899162028312683,0.09204078722000122
108,0.08402770414352417,0.15492591094970704
109,0.08368712940216065,0.15551225662231447
110,0.08593634548187255,0.09306385517120361
111,0.08209464130401611,0.11592483854293824
112,0.08401701593399048,0.09396592569351196
113,0.0817224217414856,0.09627954769134521
114,0.08041583461761474,0.08774164485931396
115,0.08158730850219727,0.13168628454208375
116,0.0832679123878479,0.11814955997467042
117,0.0836362021446228,0.09432406663894653
118,0.07976092414855956,0.10599978685379029
119,0.08085399475097656,0.0938046464920044
120,0.08289458198547363,0.09455245637893676
121,0.08173627576828003,0.09352343940734863
122,0.07780099973678589,0.12545035552978515
123,0.0796771201133728,0.09173474884033203
124,0.07838742990493774,0.11137716579437255
125,0.08018639764785766,0.16429173231124877
126,0.07962582845687866,0.09996238374710083
127,0.07851031770706177,0.1224006519317627
128,0.07754036912918091,0.09039089107513427
129,0.08007578716278076,0.09184249019622803
130,0.07508935232162475,0.09927595043182373
131,0.07893429527282715,0.0888441309928894
132,0.07832899360656738,0.091413245677948
133,0.07779580545425414,0.08785685968399048
134,0.07672538967132568,0.1006170392036438
