epoch,loss,val_loss
0,0.5477851027488708,0.4692673597335815
1,0.3899708953857422,0.3962442560195923
2,0.3363114688873291,0.2745749659538269
3,0.3020810817718506,0.29574290466308595
4,0.2912514464378357,0.23895741510391236
5,0.2751320927619934,0.2258519458770752
6,0.2625163149833679,0.30285555601119996
7,0.25662772817611695,0.2621509380340576
8,0.2499470500946045,0.21065049695968627
9,0.24805874767303468,0.2906557002067566
10,0.233645779132843,0.28992461347579956
11,0.2287551671028137,0.20599011659622193
12,0.2290905270576477,0.22337978696823121
13,0.2178879967689514,0.22197554063796998
14,0.21883168697357178,0.371510281085968
15,0.213733629322052,0.3717649326324463
16,0.20175885438919067,0.22842377996444702
17,0.19732541027069092,0.15396717643737792
18,0.19505196952819825,0.17430283546447753
19,0.1924152769088745,0.16187612438201904
20,0.18431434764862062,0.20209583854675292
21,0.18137292079925538,0.21518409252166748
22,0.17861275596618653,0.20653071355819702
23,0.17199619331359864,0.15010553550720215
24,0.16959530353546143,0.17269904565811156
25,0.16072931566238402,0.17094329833984376
26,0.16595015182495118,0.17223398160934447
27,0.16145144729614258,0.2662112102508545
28,0.15487199926376344,0.1544521379470825
29,0.14847083911895753,0.2795244560241699
30,0.1491045930862427,0.1802380142211914
31,0.15011050968170167,0.1340910472869873
32,0.146181342792511,0.29963040733337404
33,0.14431208581924437,0.286106125831604
34,0.14115470190048218,0.1327586417198181
35,0.13691879196166992,0.12204512405395508
36,0.14020744752883912,0.3254228048324585
37,0.13696042404174805,0.1255415644645691
38,0.13526787824630737,0.10946039390563965
39,0.12731845655441285,0.12841178035736084
40,0.12394287481307983,0.17354606866836547
41,0.12379347724914551,0.13977159023284913
42,0.12840340299606323,0.20447404670715333
43,0.12299423542022705,0.15262458848953248
44,0.12060712327957153,0.1211455750465393
45,0.1160673565864563,0.14147634172439574
46,0.11695878744125367,0.14685970163345338
47,0.11623589372634888,0.11328236389160157
48,0.11149811773300171,0.17848706674575807
49,0.11445492258071899,0.1027621922492981
50,0.10873872194290161,0.11734223794937133
51,0.11258020372390747,0.21155678653717042
52,0.1096069990158081,0.14724857521057128
53,0.10979042682647705,0.22152149200439453
54,0.11069483919143677,0.13316542148590088
55,0.10521843452453614,0.13303833627700806
56,0.10383187551498413,0.10285923004150391
57,0.09997255659103393,0.09700059938430786
58,0.10036729669570923,0.100227698802948
59,0.10024658699035645,0.09558725166320801
60,0.09837838859558105,0.09785948467254639
61,0.09833384456634521,0.1984376153945923
62,0.10094517192840576,0.13361802005767823
63,0.09678744506835937,0.08914175128936767
64,0.09629854650497437,0.09770515441894531
65,0.0933024052619934,0.0955952844619751
66,0.0931227557182312,0.26521388483047487
67,0.0988162612915039,0.13049664783477782
68,0.09438621416091919,0.0969337854385376
69,0.09261688470840454,0.2187781047821045
70,0.09404669303894043,0.17491275930404662
71,0.08989889678955078,0.11093689298629761
72,0.08799828958511352,0.14751829814910888
73,0.08853371753692627,0.09244477987289429
74,0.08483534622192383,0.08121703481674195
75,0.08851269607543945,0.1430838475227356
76,0.0870558177947998,0.10090564823150634
77,0.08789403104782105,0.1082698163986206
78,0.08640200366973877,0.1305651969909668
79,0.08580008592605591,0.13408604955673217
80,0.08462241039276124,0.1424237232208252
81,0.08567338523864747,0.09183057355880737
82,0.08542588109970092,0.1396811604499817
83,0.08499213104248046,0.08413696813583374
84,0.0810746485710144,0.14970365238189698
85,0.08444437780380248,0.11898983860015869
86,0.08225269594192505,0.09312513446807862
87,0.08072643356323242,0.09560179805755616
88,0.08321962928771973,0.0882822813987732
89,0.0795020712852478,0.1629004945755005
90,0.07887575511932374,0.11465711212158203
91,0.07761967906951904,0.09168119859695435
92,0.08037734546661376,0.11924503087997436
93,0.08037050447463989,0.15980182790756225
94,0.07757243976593017,0.10025827741622925
