epoch,loss,val_loss
0,0.9247689989089966,0.7641367254257202
1,0.8107334095954895,0.7660882906913757
2,0.7656046566009521,0.803119966506958
3,0.7451546126365661,0.6979429864883423
4,0.719975846672058,0.6400363593101501
5,0.7012988511085511,0.6204646673202515
6,0.6754211185455322,0.709567494392395
7,0.6562101467132568,0.7161560792922974
8,0.6275141540527344,0.660869924545288
9,0.6090402165412903,0.5987636098861694
10,0.5833148481369018,0.522167507648468
11,0.5585973062515259,0.5199878129959107
12,0.5525851034164428,0.5593682661056518
13,0.5362850231170654,0.6043739671707153
14,0.5227060956954956,0.5451323337554932
15,0.5007398051261902,0.6410598134994507
16,0.5062080375671387,0.5735464029312134
17,0.4926934692382812,0.5061456670761109
18,0.4782013800621033,0.45504282903671267
19,0.4739572416305542,0.4175149941444397
20,0.4592076058387756,0.48038425159454345
21,0.45422609758377075,0.6365446014404297
22,0.45630762300491334,0.6525322589874267
23,0.44055207252502443,0.6636014366149903
24,0.43784191646575926,0.5766543979644776
25,0.4371072861671448,0.44552366828918455
26,0.4229973593711853,0.4324715428352356
27,0.4245981963157654,0.5265049095153809
28,0.418877437210083,0.5138278398513794
29,0.41732380475997927,0.6580034475326538
30,0.41120930585861204,0.3922348747253418
31,0.40041956462860107,0.46555070352554323
32,0.4042703890800476,0.4981818017959595
33,0.4018364281654358,0.45430082845687864
34,0.3938309194564819,0.5503689951896668
35,0.3995720727920532,0.3722322897911072
36,0.38633192472457883,0.38421710205078125
37,0.38376404638290407,0.38145748949050906
38,0.3812192012786865,0.40139940977096555
39,0.38481859617233277,0.4590087251663208
40,0.3766449722290039,0.5644036045074463
41,0.38062368183135986,0.5386743364334107
42,0.3785883708953857,0.7370789542198181
43,0.3887577344894409,0.48576983165740967
44,0.36483153743743896,0.4119772524833679
45,0.3678359178543091,0.4095675649642944
46,0.36361930437088014,0.4279090619087219
47,0.3677432029724121,0.4937940721511841
48,0.3617006845474243,0.41603706789016726
49,0.3656962719917297,0.6670943183898925
50,0.36760327711105345,0.5260742750167847
51,0.35727957582473757,0.351809314250946
52,0.3539535315513611,0.4908285322189331
53,0.3593392617225647,0.600431088924408
54,0.34687276096343994,0.552686619758606
55,0.36192314863204955,0.47244442081451415
56,0.3563820575714111,0.3693255319595337
57,0.34961907844543455,0.4083805823326111
58,0.34958268365859985,0.38690684700012207
59,0.3394840776443481,0.37063557624816895
60,0.3471178062438965,0.44068432950973513
61,0.34531971311569215,0.3880777955055237
62,0.33555307283401486,0.3579178876876831
63,0.3448621841430664,0.5649832363128662
64,0.33847819528579715,0.35491993474960326
65,0.34290795850753786,0.4510569796562195
66,0.3368894585609436,0.3703544535636902
67,0.3366878583908081,0.40393107509613035
68,0.3274239381790161,0.3542437424659729
69,0.3378260347366333,0.4145507764816284
70,0.3431474885940552,0.39587783432006834
71,0.3303815410614014,0.3938429274559021
