epoch,loss,val_loss
0,0.5985344183921814,0.4501487321853638
1,0.35237938575744626,0.28925621032714843
2,0.2580180884361267,0.21400294923782348
3,0.22462007331848144,0.1731064739227295
4,0.20772486400604248,0.15475580263137817
5,0.1904754952430725,0.27509321355819705
6,0.1833794020652771,0.13176436948776246
7,0.16744298677444458,0.14120422887802125
8,0.16191414194107057,0.2571721749305725
9,0.16032385005950928,0.27626379680633545
10,0.1503210249900818,0.1317417974472046
11,0.148683634185791,0.13554687356948852
12,0.1390957227706909,0.11327831554412841
13,0.13800897350311278,0.16127596998214722
14,0.13783574533462525,0.12364804887771606
15,0.13632491436004637,0.10847926664352417
16,0.127358518409729,0.15798384618759156
17,0.12364628419876099,0.11171996831893921
18,0.12061872682571412,0.12180648708343506
19,0.11919055604934692,0.10556819915771484
20,0.12195124263763428,0.11579218339920044
21,0.11338027601242065,0.1139548225402832
22,0.11172455682754516,0.08752496480941772
23,0.11203713169097901,0.43059415102005005
24,0.11915631637573242,0.1714338870048523
25,0.1084467664718628,0.1311293730735779
26,0.10821961965560913,0.13090409660339355
27,0.10813086376190185,0.0821418194770813
28,0.10244618330001831,0.08439509296417236
29,0.0997147783279419,0.10153105926513672
30,0.10238555450439453,0.08517901945114136
31,0.10203010406494141,0.13514052152633668
32,0.09590583267211913,0.12933601665496827
33,0.09801739540100098,0.07908792304992676
34,0.09637396869659424,0.10538667345046997
35,0.09763181009292603,0.08677336978912353
36,0.08995994348526001,0.12170564842224121
37,0.09124531602859497,0.07210578489303589
38,0.09249599523544312,0.09792285060882569
39,0.09195666732788085,0.08917441606521606
40,0.08919946718215942,0.138288161277771
41,0.08935410175323487,0.08472223329544068
42,0.08588167324066162,0.08027887105941772
43,0.08437571754455567,0.10331509447097778
44,0.08885830965042114,0.08976634073257446
45,0.08628288536071778,0.07863420391082764
46,0.08557983961105346,0.13620074462890625
47,0.08813818922042847,0.09481238174438476
48,0.0832199619293213,0.10355137586593628
49,0.08064881381988526,0.09884760999679565
50,0.08559280138015747,0.06852892589569091
51,0.08347764167785644,0.0754809856414795
52,0.07970360593795776,0.08580990123748779
53,0.0812093313217163,0.07212576770782471
54,0.07806386575698852,0.08090715074539184
55,0.07831483449935914,0.06606444311141968
56,0.07711245241165161,0.07416152095794677
57,0.07788132486343384,0.0724432201385498
58,0.07922570219039916,0.09627979421615601
59,0.07802770805358887,0.11468624973297119
60,0.07686425457000733,0.07331629419326782
61,0.07370431432723999,0.09727409982681275
62,0.07424154357910157,0.0928995041847229
63,0.07441041746139526,0.12663158082962037
64,0.07574798612594605,0.07818389415740967
65,0.07163718929290772,0.22682217502593993
66,0.07643037128448486,0.06771173143386841
67,0.07182131824493408,0.07623860692977905
68,0.07199465351104736,0.14540595388412475
69,0.07267387170791625,0.1389998211860657
70,0.0734052318572998,0.06656303882598877
71,0.06795444536209107,0.07001359128952027
