epoch,loss,val_loss
0,0.7449514803886413,0.31615677452087404
1,0.2974125717163086,0.17437257671356202
2,0.1533170683860779,0.1550782027244568
3,0.12210699119567871,0.10282256174087524
4,0.10150293741226196,0.14799411821365357
5,0.0981132194519043,0.061848580837249756
6,0.08182970094680786,0.09097537040710449
7,0.07876020164489746,0.08026095008850098
8,0.0669531759262085,0.03659212493896485
9,0.05951800813674927,0.11062737321853637
10,0.05589081230163574,0.02400726079940796
11,0.04512801389694214,0.05453275156021118
12,0.04674354734420776,0.03201825523376465
13,0.04395485343933105,0.03694801092147827
14,0.03862604389190674,0.03840095949172974
15,0.036441487503051755,0.06315355014801026
16,0.03160258054733276,0.019534109115600586
17,0.02811685962677002,0.018847356796264647
18,0.0262781813621521,0.022116689682006835
19,0.024143035030364992,0.053250817775726315
20,0.025471096992492677,0.00915226173400879
21,0.02157372179031372,0.03126091432571411
22,0.02075323257446289,0.011377824783325195
23,0.020238454151153565,0.010639230251312255
24,0.017295172119140625,0.01384522008895874
25,0.016597642040252686,0.01241993236541748
26,0.014795032501220703,0.00721977186203003
27,0.014924902725219727,0.01633716344833374
28,0.015052516651153565,0.010111681938171387
29,0.012494771575927734,0.011823973655700683
30,0.013363044071197509,0.015268576622009278
31,0.011383746147155762,0.017568166732788087
32,0.012325458812713623,0.007872095108032226
33,0.01050113868713379,0.005958415031433105
34,0.01145334300994873,0.00726409387588501
35,0.009768341636657714,0.009102841377258301
36,0.010262058258056641,0.006461416244506836
37,0.011090164375305175,0.0038691515922546385
38,0.008048719501495362,0.009815346240997315
39,0.008512934398651122,0.008964890956878663
40,0.008536359119415284,0.0029881510734558105
41,0.008934404277801514,0.003413332462310791
42,0.00737017126083374,0.002926725387573242
43,0.008637837791442872,0.007439252853393555
44,0.007368949508666992,0.00295950984954834
45,0.007432267570495606,0.007940158843994141
46,0.006731591320037842,0.003524017333984375
47,0.006555930519104004,0.010510294914245606
48,0.007937529754638671,0.019178128719329834
49,0.00774403657913208,0.007601559638977051
50,0.007430805206298828,0.03776443958282471
51,0.006660691261291504,0.01468902587890625
52,0.007736725997924804,0.007898951530456543
53,0.005590554237365723,0.005960585117340088
54,0.006395480251312256,0.006463373184204101
55,0.005330641937255859,0.0027300095558166503
56,0.0064895530700683594,0.00227996826171875
57,0.006610212421417236,0.0031391706466674806
58,0.005055783653259278,0.0033481192588806154
59,0.005864794921875,0.0025303287506103517
60,0.005447203826904297,0.005292012691497803
61,0.004995902252197266,0.00967299222946167
62,0.006379974269866943,0.0033028082847595215
63,0.005081863784790039,0.008551151275634765
64,0.006286345958709717,0.0019214558601379395
65,0.004723133182525634,0.004646487712860107
66,0.005322620964050293,0.002110707759857178
67,0.003768646144866943,0.027441192150115968
68,0.00629679126739502,0.000893686294555664
69,0.0039022906303405763,0.0023961596488952636
70,0.00512275915145874,0.0026365780830383302
71,0.00390027437210083,0.004810196876525879
72,0.004611458110809326,0.005182697772979737
73,0.004868573474884033,0.004792263507843017
74,0.004911444091796875,0.008037248611450195
75,0.004102357006072998,0.0070324974060058595
76,0.005025471973419189,0.0017418074607849121
77,0.0031155245780944826,0.002247610569000244
78,0.004490581607818603,0.0028649301528930666
79,0.0038705452919006347,0.009977248668670655
80,0.005651934146881104,0.002863051414489746
81,0.004449165058135986,0.00415848445892334
82,0.0035532965660095214,0.0032100677490234375
83,0.004897231388092041,0.008275603771209717
84,0.00389405574798584,0.0032128400802612306
85,0.00475109167098999,0.0020395870208740233
86,0.0028308874130249023,0.010390832901000976
87,0.004896860122680664,0.004650113582611084
88,0.003156029224395752,0.0059483819007873535
