epoch,loss,val_loss
0,0.5318391628265381,0.3453973560333252
1,0.39210840950012205,0.3735067367553711
2,0.34267425174713134,0.3880502142906189
3,0.31606655426025393,0.3597443118095398
4,0.30010198469161986,0.24993610525131227
5,0.2805652807235718,0.3655965747833252
6,0.26414083757400514,0.2301200714111328
7,0.255486589050293,0.21516790056228638
8,0.2475712950706482,0.21303158569335937
9,0.2380355689048767,0.18720800018310546
10,0.2345699191093445,0.19667570114135743
11,0.2305707992553711,0.1943769474029541
12,0.2192735997200012,0.2576714243888855
13,0.2155991502761841,0.26179888105392457
14,0.20631882677078248,0.1968300566673279
15,0.20154618186950685,0.18316701126098633
16,0.19730385599136352,0.2539579429626465
17,0.18735711288452148,0.18791922473907471
18,0.1879104426383972,0.15414303588867187
19,0.18151521577835084,0.14301053190231322
20,0.17636816101074218,0.1437844262123108
21,0.1690364645957947,0.1848470311164856
22,0.16823925409317017,0.27353793144226074
23,0.16276056623458862,0.24110700178146363
24,0.15808182888031005,0.40108522510528566
25,0.1628113260269165,0.14023956632614135
26,0.1510395824432373,0.1659889578819275
27,0.15211855297088622,0.13548970699310303
28,0.1478148018836975,0.29699828243255616
29,0.14456543197631835,0.1362551016807556
30,0.1411777379989624,0.25595555782318113
31,0.13773012981414795,0.13365631246566773
32,0.1414679799079895,0.1895770263671875
33,0.13191313848495484,0.1168227252960205
34,0.12696496038436889,0.11732562446594239
35,0.12572103691101075,0.1566948471069336
36,0.12329684419631957,0.10208071947097778
37,0.12013821716308594,0.13300382328033447
38,0.11847428255081177,0.10910789442062378
39,0.11981415767669677,0.12704208326339722
40,0.11526565074920654,0.15127763986587525
41,0.11828445291519166,0.14413955879211426
42,0.11505355548858642,0.10605737829208374
43,0.11436182260513306,0.10307858276367188
44,0.1075206859588623,0.15009153699874878
45,0.10936557703018189,0.13724414157867432
46,0.10589707612991334,0.09759624910354614
47,0.10753029470443726,0.07882761096954345
48,0.10559649791717529,0.09285467672348023
49,0.1054332950592041,0.09945189332962036
50,0.10034621057510376,0.11869116592407226
51,0.09843475456237794,0.12430739355087281
52,0.09986856832504272,0.11598955011367798
53,0.09734352073669433,0.10100279188156128
54,0.09787865953445435,0.08546913242340087
55,0.09439716787338256,0.13266607666015626
56,0.09241172456741333,0.19502338790893556
57,0.09335760335922241,0.16479994535446166
58,0.09173857851028443,0.16087616443634034
59,0.0906791527748108,0.09761435794830323
60,0.08841986045837402,0.11297794771194458
61,0.0906906792640686,0.07982959842681885
62,0.09020275545120239,0.09715563869476318
63,0.0872526252746582,0.0974545602798462
64,0.0860725643157959,0.09575242376327514
65,0.08791328172683716,0.12960335063934325
66,0.08535690841674805,0.07803965330123902
67,0.08486669969558716,0.07301081609725953
68,0.08180014562606812,0.2404385108947754
69,0.08473762140274048,0.09628811693191529
70,0.08153897972106934,0.06910435962677001
71,0.08124996347427368,0.0942103452682495
72,0.0783609408378601,0.09512188243865967
73,0.08025812501907349,0.13549834299087524
74,0.0784608491897583,0.09520799541473389
75,0.07786254949569703,0.0791779317855835
76,0.07949646625518798,0.0721459231376648
77,0.07812940139770508,0.10511831045150757
78,0.07732745933532714,0.13103283596038817
79,0.07829663066864014,0.1805982027053833
80,0.07774346008300781,0.11423393726348877
81,0.07355171718597413,0.1231004719734192
82,0.0760115831375122,0.07147632455825806
83,0.0751792742729187,0.09655361366271972
84,0.07403359832763672,0.09052568674087524
85,0.07282928314208985,0.1346307053565979
86,0.07311097249984741,0.10189973592758178
87,0.07054402437210083,0.06942120313644409
88,0.07126072826385497,0.10806052398681641
89,0.07223703060150147,0.09743339824676514
90,0.06956945858001709,0.09659899997711181
