epoch,loss,val_loss
0,0.580223083114624,0.30344319581985474
1,0.3122105260848999,0.21295800971984863
2,0.1974424489021301,0.12524728775024413
3,0.1560053469657898,0.12951680088043213
4,0.13950661535263062,0.2965964150428772
5,0.13123377504348754,0.233533878326416
6,0.12046578598022462,0.08829513597488403
7,0.112016304397583,0.07982390356063843
8,0.10549117803573609,0.07980820989608764
9,0.10280460271835327,0.23913819456100463
10,0.09959398040771485,0.12430641555786133
11,0.0954823977470398,0.07288643741607666
12,0.08947497262954712,0.07473050022125244
13,0.08900870399475097,0.13745198965072633
14,0.08566032781600952,0.06633199739456176
15,0.08317337255477905,0.07429496955871583
16,0.07841160764694213,0.06386356925964355
17,0.07522989702224732,0.08242633104324341
18,0.07680187740325928,0.09457984447479248
19,0.07487713890075684,0.08134877252578736
20,0.07428841304779053,0.06382392311096191
21,0.07144244918823242,0.09075790548324585
22,0.07115156364440918,0.06195734405517578
23,0.06861313962936401,0.1093044090270996
24,0.06862940187454224,0.06354626083374024
25,0.06753261108398438,0.08912470626831055
26,0.06564031162261963,0.10262073755264282
27,0.06578436336517333,0.058101478576660155
28,0.06686001119613648,0.06169145345687866
29,0.0652851016998291,0.056261335849761965
30,0.06499151802062988,0.09124027156829834
31,0.063583607006073,0.05769892740249634
32,0.062226462745666504,0.06096551370620727
33,0.06247322254180908,0.05470147037506103
34,0.06169929151535034,0.053017902851104734
35,0.06025542984008789,0.06251639890670777
36,0.06134883632659912,0.05362818002700806
37,0.059606382465362547,0.052350786209106444
38,0.06021741170883179,0.06794713878631592
39,0.06202472057342529,0.052672438144683836
40,0.05987227115631104,0.05292835807800293
41,0.05850716438293457,0.054251235961914064
42,0.05941710176467895,0.06531643390655517
43,0.06040794982910156,0.05538134527206421
44,0.05830490713119507,0.062220566272735596
45,0.05929367294311524,0.06766356325149536
46,0.05914019889831543,0.08884069585800171
47,0.059388756942749026,0.051996611595153806
48,0.05759830493927002,0.05141620874404907
49,0.05603230485916138,0.05039185667037964
50,0.05703240556716919,0.05135428476333618
51,0.05738486833572388,0.05558066177368164
52,0.056853626537322996,0.0845044674873352
53,0.055871747303009034,0.051898945808410646
54,0.05720178833007813,0.05896349000930786
55,0.05563219242095947,0.05117242622375488
56,0.054643069458007815,0.05615535974502563
57,0.0557748948097229,0.1274917712211609
58,0.05341801357269287,0.05122405576705932
59,0.05382789144515991,0.10011045265197754
