epoch,loss,val_loss
0,0.5789425014495849,0.537636568069458
1,0.344774827003479,0.2320278000831604
2,0.2593103819847107,0.2594684853553772
3,0.22862689638137818,0.23021175241470337
4,0.20850892429351806,0.18990970849990846
5,0.1947263967514038,0.1945411138534546
6,0.18816555099487306,0.215797972202301
7,0.17844204387664794,0.1837798218727112
8,0.17174404430389403,0.2636017541885376
9,0.17119415826797485,0.30480292892456057
10,0.1637202254295349,0.1504603910446167
11,0.15978881063461303,0.2646833267211914
12,0.15594482173919677,0.12786734294891358
13,0.15078666467666627,0.12393398380279541
14,0.14417229518890382,0.11946364498138427
15,0.13928262510299683,0.15978516149520874
16,0.14521901607513427,0.12008013296127319
17,0.13822317142486573,0.11614067792892456
18,0.1334840844154358,0.146660924911499
19,0.1323244683265686,0.14455325174331665
20,0.12989935159683227,0.12775352859497072
21,0.13100073232650758,0.13975454568862916
22,0.12846241550445556,0.10861872816085816
23,0.12160399923324584,0.11428620815277099
24,0.12396491813659669,0.13632387447357178
25,0.1207242042541504,0.14521225214004516
26,0.12066739435195922,0.12776144218444824
27,0.11919842157363891,0.11293104410171509
28,0.11734065418243408,0.10589122200012208
29,0.1102194564819336,0.13325881862640382
30,0.11045389347076416,0.19125778532028198
31,0.11384835338592529,0.09688519382476807
32,0.10941955709457397,0.11421266222000122
33,0.11135737447738647,0.0983767261505127
34,0.1074977626800537,0.09282011985778808
35,0.10591746244430542,0.11867940425872803
36,0.10691518840789795,0.1260596957206726
37,0.10476249046325684,0.08752652978897095
38,0.10866365528106689,0.08798654508590699
39,0.10728393659591674,0.10168869304656983
40,0.10166493816375732,0.1294095573425293
41,0.10206352891921996,0.10268917274475098
42,0.10093730173110962,0.08870522451400757
43,0.10246033611297607,0.10729310941696167
44,0.1011879207611084,0.1373855929374695
45,0.09854479246139526,0.10148268556594849
46,0.09939410209655762,0.1001442084312439
47,0.09956059617996216,0.08359780454635621
48,0.09812384729385376,0.09208498191833496
49,0.09751681766510009,0.22031827259063722
50,0.09690756044387817,0.12842125844955443
51,0.09814428129196166,0.11956599473953247
52,0.09540896091461182,0.1253697690963745
53,0.09572042951583862,0.10238266658782959
54,0.09275154066085815,0.08791294431686401
55,0.09597014446258545,0.10583875894546509
56,0.09451201953887939,0.10036361169815064
57,0.09270067863464355,0.09987656641006469
58,0.09389508304595948,0.08249934148788453
59,0.08932924528121948,0.08454789733886718
60,0.09277033386230468,0.1983600444793701
61,0.09203813734054565,0.10757588291168213
62,0.08750589790344239,0.10309038543701173
63,0.08748020420074464,0.09791649150848389
64,0.09046671113967895,0.08655332565307618
65,0.0873440712928772,0.1151156301498413
66,0.0887699444770813,0.1571051597595215
67,0.08883201427459717,0.08611353206634521
68,0.08619693794250488,0.0831909418106079
69,0.08828185615539551,0.08464768123626709
70,0.08651241607666016,0.10140583658218384
71,0.08640664033889771,0.2973692741394043
72,0.09013321619033814,0.0857327847480774
73,0.08539734840393066,0.08980429649353028
74,0.08544108428955079,0.08819432306289673
75,0.08103064470291138,0.09934779071807862
76,0.08389232606887817,0.10428593444824219
77,0.08330904512405396,0.08255631494522095
78,0.08478755464553833,0.08740272569656372
