epoch,loss,val_loss
0,0.6926111617088317,0.6345996856689453
1,0.3535380074501038,0.19812139940261841
2,0.20264805545806885,0.2897034163475037
3,0.16353384475708008,0.19889972114562987
4,0.14851774568557738,0.16189131402969362
5,0.13529297122955322,0.10677966928482055
6,0.12605559978485106,0.11801304769515991
7,0.1183903021812439,0.09540120744705201
8,0.11530719757080078,0.11088970232009887
9,0.10909018516540528,0.1724490885734558
10,0.1088466290473938,0.15288272190093993
11,0.10486560707092285,0.25898400545120237
12,0.10145309152603149,0.1047208776473999
13,0.09671073179244995,0.1883367257118225
14,0.10136403102874755,0.10724112367630005
15,0.09662236309051514,0.08057161521911621
16,0.09337928686141968,0.09517290592193603
17,0.09407316598892213,0.08239421367645264
18,0.08788254547119141,0.09882246923446655
19,0.09081588773727417,0.08452050256729125
20,0.08968615732192993,0.07715186500549316
21,0.09064740362167359,0.09050524854660034
22,0.08739846372604371,0.0791295804977417
23,0.08585794229507446,0.10806472730636597
24,0.08535592679977418,0.09910513496398926
25,0.08658941745758057,0.07950133466720581
26,0.0854452181816101,0.15919426584243773
27,0.08253221454620362,0.07786445617675782
28,0.08360161781311035,0.08516926908493042
29,0.08360586805343628,0.07624539947509766
30,0.0821040843963623,0.15383077478408813
31,0.08115388031005859,0.07363497686386108
32,0.08035943260192871,0.1747308750152588
33,0.08260910196304322,0.07266395473480225
34,0.07964053134918213,0.07653646326065064
35,0.078215545463562,0.10890024328231812
36,0.07886082620620727,0.13213087797164916
37,0.08182920932769776,0.08385528659820557
38,0.07849276723861694,0.06972603940963745
39,0.07724914512634277,0.06975109910964966
40,0.07880313034057618,0.07114998722076415
41,0.07485636949539184,0.06945275211334229
42,0.07679497575759887,0.08594773197174073
43,0.07935037727355956,0.07317405843734741
44,0.07768917808532715,0.07368598461151123
45,0.0788652798652649,0.07808602809906005
46,0.07680475378036498,0.07248180532455445
47,0.07707226696014405,0.0820506935119629
48,0.07478389501571656,0.07030412006378174
49,0.07574737911224365,0.06872239112854003
50,0.0763161756515503,0.08240933799743652
51,0.07268951597213745,0.18699410152435303
52,0.07599833269119263,0.08059693956375122
53,0.07788933629989624,0.06877764511108399
54,0.07419670639038085,0.07048181390762329
55,0.07466970806121827,0.07164229249954224
56,0.07357726917266846,0.077195641040802
57,0.07564707021713257,0.14987499713897706
58,0.07448767108917237,0.13041191101074218
59,0.07339351892471313,0.07255914974212646
60,0.07403334302902222,0.08738365936279296
61,0.07491114377975464,0.06800537204742432
62,0.07271499786376953,0.07511243200302124
63,0.0727024362564087,0.0748592495918274
64,0.07074959526062012,0.06927891635894776
65,0.07242265930175781,0.07155090951919556
66,0.07267031545639038,0.06793720769882203
67,0.07312006883621215,0.07339317464828492
68,0.07352579717636108,0.07828948783874512
69,0.07062453708648682,0.09037669610977173
70,0.07304513912200927,0.07033826160430909
71,0.07184665575027466,0.06771183490753174
72,0.0708527750968933,0.07053372573852539
73,0.07289895124435425,0.06632145023345948
74,0.07002395477294922,0.07074618101119995
75,0.07232130546569825,0.07993615531921387
76,0.07084640417098999,0.10332826519012452
77,0.07051803216934203,0.06631574344635009
78,0.0703037714958191,0.07925101232528686
79,0.06940009727478028,0.06854023170471192
80,0.071098397731781,0.06989555644989014
81,0.06974931058883667,0.06843578386306763
82,0.0712762680053711,0.06743079662322998
83,0.07047121248245239,0.06754989719390869
84,0.07118238382339477,0.06812465906143189
85,0.06886689252853394,0.06668512487411499
86,0.07077609910964966,0.0657911400794983
87,0.07025599269866943,0.07601930427551269
88,0.06871236295700073,0.06826611042022705
89,0.06845762977600098,0.06651462268829346
90,0.06861570234298706,0.0660436029434204
91,0.07041381387710571,0.06617553853988647
92,0.06937708578109741,0.07904046869277954
93,0.07020312185287475,0.06584368324279785
94,0.06903212881088257,0.08136477947235107
95,0.06925811576843262,0.06858149480819702
96,0.06814721727371216,0.0703161964416504
97,0.06924667110443115,0.07028358602523804
98,0.07036178379058838,0.07033059930801391
99,0.06834354209899902,0.06921693468093872
100,0.06783894357681275,0.06770678663253785
101,0.06759328184127808,0.06752824640274048
102,0.06905776586532593,0.0687823371887207
103,0.06985986909866333,0.09378847980499268
104,0.0687902717590332,0.06519740676879883
105,0.06722219896316528,0.06592095518112183
106,0.06741895170211792,0.0991481761932373
107,0.06828299179077149,0.12276702070236206
108,0.07022217674255371,0.0758571343421936
109,0.06825450859069825,0.07539779329299927
110,0.06801246070861816,0.07197517251968384
111,0.06726045751571655,0.06904635858535767
112,0.07033208980560303,0.06742341041564942
113,0.06703798017501832,0.06707835006713868
114,0.06860351715087891,0.06962877082824707
115,0.06682438383102417,0.10064035129547119
116,0.06655900764465332,0.06614666748046875
117,0.06586860694885253,0.06735220575332641
118,0.06809810781478882,0.12072896194458008
119,0.06757481956481934,0.06487887620925903
120,0.06640114841461181,0.07401255321502685
121,0.06827434177398682,0.0689237585067749
122,0.06569814672470092,0.06508919763565063
123,0.06643455171585083,0.07094613695144654
124,0.06767242317199706,0.06670056200027466
125,0.06602316932678223,0.06508731842041016
126,0.06733048658370971,0.07497259140014649
127,0.06740126132965088,0.0687371826171875
128,0.06506969442367554,0.07033660459518433
129,0.06781316928863525,0.06550498533248901
130,0.0655722092628479,0.07136417245864868
131,0.06757043170928954,0.07264194202423095
132,0.06496415452957154,0.07401106834411621
133,0.06584976835250854,0.07085497570037842
134,0.06526153736114503,0.06687833452224731
135,0.06635022392272949,0.06617569017410278
136,0.0667156949043274,0.06555602264404296
137,0.06426268014907836,0.08199733257293701
138,0.06692561626434326,0.06624383878707886
139,0.06506336450576783,0.086366614818573
