epoch,loss,val_loss
0,0.5769747744560242,0.4920361609458923
1,0.3578669382095337,0.2269877119064331
2,0.253350857257843,0.19332574939727784
3,0.21615450668334962,0.1580655789375305
4,0.19776095781326294,0.19115106296539305
5,0.1732734064102173,0.45748010873794553
6,0.17269671564102174,0.2216080107688904
7,0.16413037176132203,0.1169271240234375
8,0.15412421598434448,0.12675113105773925
9,0.1423603882789612,0.11042149448394775
10,0.1429791729927063,0.11047039461135864
11,0.1321627953529358,0.24895516633987427
12,0.13141486148834228,0.15881468391418457
13,0.12773645915985107,0.24646877241134643
14,0.12774240112304688,0.11901329803466797
15,0.11064418210983276,0.09569033813476563
16,0.11146025772094727,0.127710298538208
17,0.10823197450637817,0.12549001836776733
18,0.11211680631637573,0.08838527774810791
19,0.10322640352249146,0.10694622802734376
20,0.09967054529190063,0.0789987587928772
21,0.0957448317527771,0.08272031497955322
22,0.09609167957305909,0.10127188110351562
23,0.0973707363128662,0.07620794582366944
24,0.09408400239944457,0.1634022569656372
25,0.09262871780395508,0.11800556135177612
26,0.08898720455169677,0.08972573566436767
27,0.0900379970550537,0.0761358380317688
28,0.08822245025634766,0.11290875387191772
29,0.0857598840713501,0.07211521530151367
30,0.08637975101470947,0.06869756603240967
31,0.08174490661621094,0.10259023094177246
32,0.08162019119262695,0.09321601343154907
33,0.08119305925369262,0.22896035957336425
34,0.08278446025848389,0.09049432468414306
35,0.07825387687683105,0.062279661178588866
36,0.07893073854446411,0.08483731794357299
37,0.0752620976448059,0.1708728199005127
38,0.0783183346748352,0.1726565022468567
39,0.07497204675674439,0.08314889144897461
40,0.07515377559661865,0.09694163131713868
41,0.07601040086746216,0.06488039588928222
42,0.06971285171508788,0.055736243724823
43,0.07173206243515015,0.07245816659927368
44,0.07276005182266235,0.07683384704589843
45,0.07086669969558716,0.05657144355773926
46,0.0689127709388733,0.05632054662704468
47,0.06833163719177246,0.06962618112564087
48,0.06671733312606812,0.05427500247955322
49,0.0664728735923767,0.05591820287704468
50,0.06574019346237182,0.10898483085632324
51,0.065967022895813,0.05804997205734253
52,0.06502435913085937,0.14294183588027953
53,0.06923943576812744,0.0685194878578186
54,0.06547665920257568,0.056063196659088134
55,0.06480323505401611,0.07527741622924805
56,0.06266887559890746,0.08645429658889771
57,0.06582101831436157,0.12187908124923706
58,0.06318445978164673,0.09401747989654541
59,0.06441860342025757,0.0612794771194458
60,0.06201886539459228,0.07387292051315307
61,0.060409615421295165,0.05695041370391846
62,0.06105669174194336,0.08613280868530274
63,0.0618930139541626,0.17174845933914185
64,0.060166839599609376,0.05461203908920288
65,0.05960203237533569,0.08123897266387939
66,0.058881583213806155,0.05245928955078125
67,0.05909305286407471,0.07855162191390991
68,0.05908653621673584,0.05532730054855347
69,0.06055630664825439,0.048553906440734866
70,0.05852632007598877,0.059081931591033934
71,0.057035594272613524,0.04869647741317749
72,0.05613142023086548,0.05368939733505249
73,0.054506659507751465,0.045462132930755614
74,0.057325749206542966,0.065951678276062
75,0.056965773105621335,0.07456673955917359
76,0.05541857442855835,0.04760965919494629
77,0.055471485519409176,0.056501795768737796
78,0.05368985891342163,0.058417444229125974
79,0.055509936618804934,0.04736217927932739
80,0.054340146446228026,0.04975437307357788
81,0.05663537845611572,0.04999946546554566
82,0.054690968894958496,0.046270171642303466
83,0.051723729038238526,0.04669171237945557
84,0.05381091175079346,0.04974093055725098
85,0.05453798379898071,0.057558903694152834
86,0.05459567461013794,0.05662696313858032
87,0.05536548385620117,0.07406166410446167
88,0.05405362281799316,0.06877604484558106
89,0.05264134140014649,0.04687926197052002
90,0.05185103330612183,0.049832786560058594
91,0.05395957126617432,0.051120882987976075
92,0.05097897720336914,0.09568666076660157
93,0.05238166103363037,0.0596095404624939
