epoch,loss,val_loss
0,0.5940404518127441,0.36749807262420653
1,0.3486012403488159,0.22383226728439332
2,0.2500579221725464,0.19685940170288085
3,0.21917769298553466,0.17476806926727295
4,0.1985942846298218,0.16128158378601073
5,0.18913005819320677,0.16834158849716185
6,0.1781465721130371,0.18621714878082277
7,0.17280266389846802,0.14630627059936524
8,0.164575604057312,0.17580350399017333
9,0.16028489942550658,0.1392584557533264
10,0.15416790018081666,0.14017937326431273
11,0.14917795095443726,0.1988219289779663
12,0.14621328344345091,0.12860379266738892
13,0.14644216365814208,0.14297916555404663
14,0.1416951105117798,0.13867043113708497
15,0.13920822553634643,0.1270550389289856
16,0.13669857864379883,0.3352749252319336
17,0.1393619086265564,0.13870140981674195
18,0.13251021070480345,0.12799876546859743
19,0.13045374507904053,0.11796695137023926
20,0.12907252197265626,0.14150529956817626
21,0.12915373067855834,0.13120886993408204
22,0.12622948360443115,0.21082847499847412
23,0.12888161497116088,0.13476057481765746
24,0.125543301486969,0.17467277479171753
25,0.12336588726043701,0.1198385829925537
26,0.12412376337051391,0.18751229429244995
27,0.1211379168510437,0.1556204481124878
28,0.11735986232757568,0.10547184133529663
29,0.11876925249099732,0.11907703161239624
30,0.11429997673034668,0.17466362953186035
31,0.1203595588684082,0.10647114706039429
32,0.11637628831863403,0.12207296037673951
33,0.1154071174621582,0.11168246126174927
34,0.1151787407875061,0.10073336696624756
35,0.11234877233505249,0.10249042081832886
36,0.11204363470077515,0.19670756864547728
37,0.11648881492614746,0.09814544582366944
38,0.10989853553771972,0.10835527849197388
39,0.1098711051940918,0.1117776746749878
40,0.11260329809188843,0.10611033582687378
41,0.10687029581069946,0.09582608604431152
42,0.10569182758331298,0.16553218793869018
43,0.11108182935714722,0.10870273351669311
44,0.10970381069183349,0.16822039318084717
45,0.11011523389816284,0.10515377473831176
46,0.10524289064407348,0.09908077669143676
47,0.1042908769607544,0.09511686229705811
48,0.10315682067871093,0.11370038652420043
49,0.10317790117263793,0.09696257781982422
50,0.10115689105987549,0.12944038248062134
51,0.10240933284759521,0.1066806755065918
52,0.10320399551391601,0.1427929449081421
53,0.10186052532196045,0.12353157329559326
54,0.10041981000900269,0.11973589324951171
55,0.10087423229217529,0.09651067209243774
56,0.0991448673248291,0.10475876379013062
57,0.10150450286865234,0.09630613708496094
58,0.09816291275024414,0.1011387095451355
59,0.09692074880599975,0.11019382333755492
60,0.09827868089675904,0.11706817197799682
61,0.0989920789718628,0.10603286790847778
62,0.09503810472488404,0.11025305604934692
63,0.09537714776992798,0.11132187604904174
64,0.0971432593345642,0.08826066923141479
65,0.09529225511550904,0.10924471044540406
66,0.09394309959411622,0.10388586902618409
67,0.09262969655990601,0.11490182733535767
68,0.09313984050750733,0.08961723756790162
69,0.09135525646209716,0.1383554286956787
70,0.09360438079833984,0.24623420047760008
71,0.09689634866714478,0.16044312810897826
72,0.09296259765625,0.08891582870483399
73,0.09015967817306518,0.1305327877998352
74,0.09146436080932617,0.09205494499206543
75,0.08858908176422119,0.0870256838798523
76,0.09023563451766968,0.0836200065612793
77,0.09071421966552734,0.2219771819114685
78,0.09423489036560058,0.08422204256057739
79,0.08926305704116821,0.08527465152740478
80,0.08641541185379029,0.08829615688323975
81,0.0868418348312378,0.08580443811416626
82,0.0857697154045105,0.08649642992019653
83,0.08628397121429443,0.11642952537536622
84,0.08726658506393432,0.08321753072738647
85,0.08570733032226563,0.16036007165908814
86,0.0851345500946045,0.08331702756881713
87,0.08583289680480957,0.08816910648345948
88,0.08239177083969117,0.08417992544174194
89,0.08384741458892822,0.08781293106079102
90,0.08242445449829101,0.101853684425354
91,0.08428004922866822,0.13596543598175048
92,0.08312005081176758,0.09987954044342041
93,0.08247854766845703,0.07924082803726196
94,0.08481518754959107,0.08838738012313843
95,0.08148243961334228,0.08002825212478638
96,0.08162021913528443,0.0938293046951294
97,0.0799604645729065,0.08082491064071655
98,0.0796031150817871,0.10894242858886719
99,0.08331667575836181,0.18908541870117188
100,0.08182371664047242,0.11673999118804931
101,0.0798706958770752,0.09271951055526734
102,0.07806340017318726,0.07954157829284668
103,0.08040563077926635,0.11403624868392945
104,0.07867871990203858,0.09392120885849
105,0.07852501173019409,0.07740534973144532
106,0.07917882413864136,0.08382033014297485
107,0.07683057308197022,0.08067669296264648
108,0.07987152261734008,0.08999040222167969
109,0.07684101123809814,0.11340970659255982
110,0.07942185115814208,0.0770232515335083
111,0.07491987323760986,0.08281832695007324
112,0.07634471826553345,0.08040666151046753
113,0.07423586196899414,0.08238862466812134
114,0.07573065919876099,0.14142317628860473
115,0.07692182331085205,0.07985868453979492
116,0.0772909441947937,0.08677666187286377
117,0.07475554971694946,0.07994464635849
118,0.07390255355834961,0.07956929016113282
119,0.07378289470672607,0.08649668312072754
120,0.07423525524139404,0.08648738050460815
121,0.07353523931503296,0.2057490358352661
122,0.07744377784729004,0.08069919824600219
123,0.0746435432434082,0.07925985527038575
124,0.07335787305831909,0.07902093839645385
125,0.06979657831192017,0.08011996793746948
126,0.06931644983291627,0.08647875785827637
127,0.07274494905471801,0.09696830844879151
128,0.07160245990753174,0.07878453063964844
129,0.0719292495727539,0.0884816780090332
130,0.07196814346313476,0.17559484100341796
