epoch,loss,val_loss
0,0.9707188608169556,0.9376869659423828
1,0.9323461835861206,0.9063847193717957
2,0.9057924472808838,0.9064677429199218
3,0.9009249484062195,0.8958935809135437
4,0.8975674149513244,0.9155864214897156
5,0.8934072503089905,0.9336130671501159
6,0.8916802841186523,0.9078570547103881
7,0.8920388537406921,0.8872058157920837
8,0.890402371788025,0.9011854248046876
9,0.8892791542053222,0.9004701719284057
10,0.8885561546325683,0.8983825778961182
11,0.8894312714576721,0.9076589894294739
12,0.8887715077400208,0.8938962149620057
13,0.8878247977256775,0.8866196541786194
14,0.8880900689125061,0.9166692247390748
15,0.888102681350708,0.8879866199493408
16,0.8866558278083801,0.9066863327026368
17,0.8864091804504395,0.898898093700409
18,0.8859708923339844,0.8890541701316833
19,0.8858426735877991,0.9218591012954712
20,0.8857645204544068,0.8830960650444031
21,0.8845390829086304,0.8925706095695496
22,0.8849850180625916,0.8833498778343201
23,0.8857478252410889,0.8825359516143799
24,0.8848737602233887,0.8856701283454895
25,0.8849329839706421,0.8970689573287964
26,0.8846576483726502,0.8908159289360046
27,0.8859213806152344,0.88250314950943
28,0.8847398586273193,0.8834243659973144
29,0.8851911414146423,0.8812425174713134
30,0.8842491847991943,0.8899393401145935
31,0.8838530628204345,0.8850571579933166
32,0.8844396434783935,0.8808245530128479
33,0.8843163771629333,0.8901810607910157
34,0.8834082514762879,0.8839300422668457
35,0.8839007355690003,0.8806024599075317
36,0.8839551551818847,0.8824603905677796
37,0.8836564693450928,0.8855148825645447
38,0.883898074054718,0.8840309457778931
39,0.8828286858558655,0.8858801474571228
40,0.8831732918739319,0.8801333317756653
41,0.883644213104248,0.8941912069320679
42,0.8833818231582642,0.8922069954872132
43,0.88303213596344,0.9030569076538086
44,0.8834003483772278,0.8845763440132142
45,0.8832393730163575,0.8816808271408081
46,0.8821180844306946,0.9029979839324951
47,0.8823960689544678,0.8859249868392944
48,0.883030327129364,0.8820657539367676
49,0.8822143541336059,0.8862356958389283
50,0.882381196975708,0.8808116846084595
51,0.8823505842208862,0.888711015701294
52,0.882984959602356,0.8895974369049072
53,0.8822236132621765,0.8967376117706298
54,0.8822701398849487,0.8879329271316528
55,0.882437797164917,0.9371605811119079
56,0.8840089330673218,0.8823368797302246
