epoch,loss,val_loss
0,0.5730634761810303,0.3040519843101501
1,0.2811559775352478,0.18952242612838746
2,0.18318057012557984,0.18235834074020385
3,0.15429602451324462,0.14349675226211547
4,0.13731648998260498,0.13576143741607666
5,0.12448702154159545,0.08572496128082276
6,0.11828116493225098,0.1134432692527771
7,0.10913862609863281,0.07642295217514038
8,0.10282658071517944,0.2642038130760193
9,0.09933143348693847,0.13409202432632447
10,0.09695417985916138,0.06848272132873535
11,0.09119536113739014,0.06755053853988648
12,0.08863474016189575,0.1004499683380127
13,0.08489353332519531,0.13138258028030395
14,0.07977480173110962,0.060289011001586915
15,0.07923940906524658,0.08242665004730225
16,0.07823273410797119,0.10327778434753418
17,0.07511039304733276,0.0726863694190979
18,0.07383319664001464,0.06003516244888306
19,0.07194757699966431,0.05863824462890625
20,0.07048739490509033,0.05871355152130127
21,0.0694327018737793,0.05541120433807373
22,0.06768138208389282,0.08075738668441773
23,0.06933677368164062,0.060540124416351315
24,0.06599609651565552,0.06688583421707153
25,0.0655872486114502,0.11709819602966308
26,0.06412716646194458,0.0657722463607788
27,0.06297907257080078,0.05429660987854004
28,0.06367994909286499,0.05143097114562988
29,0.0619539174079895,0.04949726724624634
30,0.06212684383392334,0.14883785200119018
31,0.06216280364990234,0.06274014520645142
32,0.06179869050979614,0.0738023509979248
33,0.0596200834274292,0.10576870918273926
34,0.05963541889190674,0.04928230237960816
35,0.05869067049026489,0.057779765129089354
36,0.05704617223739624,0.06883094501495361
37,0.058811662769317624,0.05085160970687866
38,0.05689333267211914,0.07511864328384399
39,0.05603462724685669,0.07991674518585205
40,0.05705449361801147,0.05564278078079224
41,0.05550248279571533,0.06386722040176392
42,0.05734831562042236,0.0663992919921875
43,0.05645545835494995,0.05464629411697388
44,0.05488812370300293,0.06422290420532227
45,0.0549006365776062,0.054845865726470946
46,0.05541819086074829,0.06742479801177978
47,0.05428687582015991,0.05363783597946167
48,0.053981630039215085,0.053789167404174804
49,0.0551294602394104,0.06322872686386108
50,0.0543486644744873,0.05656310510635376
