epoch,loss,val_loss
0,0.9036912109375,0.9252201838493347
1,0.8125099041938781,0.7837515563964844
2,0.782403128528595,0.7958582820892334
3,0.7737416832923889,0.7927442932128906
4,0.7633820917129517,0.8381157665252685
5,0.7594937229156494,0.7609718103408813
6,0.7566746376991272,0.7895045299530029
7,0.7501408160209656,0.7619581937789917
8,0.7483990912437439,0.7400846166610717
9,0.743190768814087,0.745792926311493
10,0.7448148956298828,0.7472448754310608
11,0.7395892291069031,0.7623996105194092
12,0.7382952073097229,0.7471421556472778
13,0.7385272006988526,0.7528415431976319
14,0.7353954696655274,0.7413201160430908
15,0.7325879095077514,0.7712252826690674
16,0.7314878705978394,0.755030562877655
17,0.7306412216186523,0.7317443103790283
18,0.7297443696975708,0.7651543245315552
19,0.7275643140792847,0.7247370042800904
20,0.7258179727554321,0.7570244216918945
21,0.7263499801635742,0.7555344047546386
22,0.7251739339828491,0.7751769132614136
23,0.7257530780792236,0.7826230978965759
24,0.7247800018310547,0.7955939259529113
25,0.7244394980430603,0.7277029013633728
26,0.7240347869873047,0.7230167999267578
27,0.722618839931488,0.7341234722137451
28,0.7215293889045715,0.7506880521774292
29,0.7218438893318176,0.7686395626068115
30,0.7202028365135192,0.7337892007827759
31,0.7199779235839844,0.7286765823364257
32,0.7194573863983155,0.7244026842117309
33,0.7185301742553711,0.7502051076889038
34,0.7207323495864868,0.7201295385360718
35,0.7175589907646179,0.71994948387146
36,0.7175660855293274,0.71955619430542
37,0.7172553142547607,0.7190734758377075
38,0.7167778125762939,0.7379926614761353
39,0.7168493602752686,0.7161674013137818
40,0.7160091809272766,0.7177019267082214
41,0.7149292181968689,0.7647388753890991
42,0.71661744556427,0.7192480726242065
43,0.71444392786026,0.7221123356819152
44,0.714711635017395,0.7786947469711304
45,0.715148669052124,0.7161225090026856
46,0.7142911089897156,0.726541823387146
47,0.7128866544723511,0.763066987991333
48,0.7154693452835083,0.7246312980651856
49,0.7139112998962402,0.7233986759185791
50,0.7128314767837525,0.7471905946731567
51,0.7133537334442138,0.7220017495155334
52,0.7135637601852417,0.7200355310440063
53,0.7123474454879761,0.7188317074775695
54,0.7127231298446656,0.7185353803634643
55,0.7112026903152466,0.7243980855941773
56,0.7119037145614624,0.7341924457550049
57,0.7116561420440674,0.715041823387146
58,0.7110183340072632,0.7294294958114624
59,0.7135838119506835,0.7194962930679322
60,0.7118504322052002,0.7299410085678101
61,0.7121718229293823,0.7255589628219604
62,0.7106915437698365,0.7368278107643127
63,0.7121013803482056,0.7574952297210693
64,0.7117701593399048,0.7252876539230346
65,0.7112255692481995,0.7242998065948486
66,0.7107296613693237,0.7123890957832336
67,0.7104309492111206,0.7351423048973084
68,0.7103978776931763,0.715994062423706
69,0.7102589763641357,0.7159532647132874
70,0.7098222004890442,0.7301949682235718
71,0.7114296884536743,0.7258358316421509
72,0.7109768142700196,0.7302139110565186
73,0.7116346925735474,0.7297964410781861
74,0.7096269844055175,0.7349214091300964
75,0.7099359930038452,0.7260805158615112
76,0.7101287672042846,0.721534200668335
77,0.7100204565048218,0.7134305191040039
78,0.7094125771522521,0.7226026697158814
79,0.7097499252319336,0.7263223114013672
80,0.7105830814361572,0.7221563444137573
81,0.709831741809845,0.7532279410362244
82,0.7103022981643676,0.7745843629837036
83,0.7092351978302002,0.7152943048477173
84,0.7079837327957154,0.7309713196754456
85,0.7092383785247802,0.7654371223449707
86,0.7099486113548279,0.718209376335144
