epoch,loss,val_loss
0,0.6156106043815612,0.5298600292205811
1,0.37743299837112426,0.24439058208465575
2,0.2651914026260376,0.24345624828338622
3,0.2278302011489868,0.27253100299835203
4,0.207749746799469,0.15692252063751222
5,0.19546798658370973,0.14954064464569092
6,0.18804374799728393,0.16331310415267944
7,0.17645367975234985,0.5900060691833496
8,0.17919471015930175,0.1346277961730957
9,0.16833573112487793,0.13492889738082886
10,0.15467040195465087,0.11609531593322754
11,0.15616360416412353,0.12641704607009888
12,0.15153943176269533,0.12664541053771972
13,0.14614865427017212,0.16592148208618165
14,0.14319006071090698,0.14486133909225463
15,0.13425253648757934,0.26792191696166995
16,0.14044475955963134,0.12857328033447266
17,0.13099782266616822,0.14817199325561523
18,0.12817379598617554,0.1403666000366211
19,0.12470254793167114,0.10976789665222168
20,0.1223816798210144,0.23119276332855224
21,0.12231584396362305,0.12384473133087158
22,0.12160299110412598,0.10238532209396363
23,0.12015850868225098,0.12311532926559449
24,0.11763925352096558,0.10973845767974853
25,0.11508200950622559,0.08407329320907593
26,0.11261816520690918,0.11255441617965699
27,0.10801642017364502,0.10840436410903931
28,0.10657873764038087,0.08423343133926392
29,0.10285992813110352,0.10466562557220459
30,0.102196417427063,0.09192065334320068
31,0.10346387491226196,0.12395953702926636
32,0.10284837942123413,0.13070403718948365
33,0.09961213502883912,0.14613239002227782
34,0.10216151561737061,0.20873014402389525
35,0.09960153656005859,0.08119885969161987
36,0.09637216463088989,0.08318559026718139
37,0.09600076026916504,0.0806741018295288
38,0.08947604522705079,0.12009945869445801
39,0.09480327558517455,0.08341579055786133
40,0.09362433128356934,0.11972080993652344
41,0.09028554248809814,0.09796299791336059
42,0.08922468938827514,0.13765143060684204
43,0.08978566541671754,0.08131388664245605
44,0.08953438920974731,0.10078229570388794
45,0.08632175540924072,0.11608186769485473
46,0.08678723278045654,0.07156571769714355
47,0.08682926969528199,0.07747805118560791
48,0.08485952186584472,0.06592503213882446
49,0.08437648153305054,0.10142386865615845
50,0.08330127525329589,0.07292359209060668
51,0.08278749494552612,0.07741021060943604
52,0.08060272331237793,0.14106160402297974
53,0.07920213584899902,0.08607552480697632
54,0.07852515869140625,0.07154481410980225
55,0.080628755569458,0.07032530498504638
56,0.07887445764541626,0.06479596614837646
57,0.07835406990051269,0.08704819393157959
58,0.07548512554168701,0.07022702980041504
59,0.07710419464111327,0.07946282577514649
60,0.07531795110702515,0.09991274070739746
61,0.07719470748901368,0.13496771430969237
62,0.0779899435043335,0.11811392450332642
63,0.07226459245681763,0.07435834550857544
64,0.07408986616134644,0.0651824140548706
65,0.0740467345237732,0.05860145282745361
66,0.07381218633651733,0.10811137008666992
67,0.07181273546218872,0.06063728141784668
68,0.0719186562538147,0.06845262145996094
69,0.07086177034378052,0.056995291233062746
70,0.07190692358016967,0.0665178565979004
71,0.07084718093872071,0.10541098213195801
72,0.07103979310989379,0.06597760391235352
73,0.06812690258026123,0.06498615741729737
74,0.06856445264816284,0.08999102783203125
75,0.07006847219467163,0.07586598062515258
76,0.0679015362739563,0.06507652568817139
77,0.06918043251037598,0.0597454309463501
78,0.06513399620056153,0.09120039558410645
79,0.06838898344039918,0.060141921043395996
80,0.06918475675582886,0.0924022765159607
81,0.06769512767791748,0.06561973762512208
82,0.06657598896026612,0.06270038318634033
83,0.0656233985900879,0.07946981239318848
84,0.06673679857254028,0.06176436948776245
85,0.06414135427474976,0.060836612701416014
86,0.06537438879013062,0.08374286031723023
87,0.06515389051437379,0.05827817440032959
88,0.06443266372680664,0.06524573373794555
89,0.06709592723846436,0.06365142011642456
