epoch,loss,val_loss
0,0.5369110986709594,0.45033036613464356
1,0.32874344701766967,0.33931569528579714
2,0.25863068923950194,0.20771823358535765
3,0.22935734567642213,0.33612224769592286
4,0.20479091634750365,0.2862100706100464
5,0.19635974464416503,0.47344254779815675
6,0.19205888891220094,0.18498398876190186
7,0.17842598218917846,0.1424586338996887
8,0.1686827703475952,0.13945507955551148
9,0.163374089717865,0.17383957004547118
10,0.15454018754959106,0.24063515996932983
11,0.15259408168792724,0.11638125562667846
12,0.14443147115707397,0.16595664072036742
13,0.13323026781082153,0.216015691280365
14,0.13039440383911133,0.10163943147659302
15,0.12863505964279176,0.11064766359329224
16,0.12748330898284913,0.11907219409942627
17,0.12014052677154541,0.09946524429321289
18,0.11746316947937012,0.11398834753036499
19,0.11454815740585327,0.12136022663116455
20,0.10537886066436768,0.08721982955932617
21,0.10781258335113525,0.0949472804069519
22,0.09953908653259277,0.17472436237335204
23,0.10541524648666382,0.10818606805801391
24,0.10183829975128174,0.12277348899841309
25,0.09625272331237793,0.09969581985473633
26,0.09808348760604858,0.13234372043609618
27,0.09315299587249756,0.0922350525856018
28,0.09556082048416138,0.07169774150848389
29,0.0903335654258728,0.09632730293273926
30,0.09126278066635132,0.10893561124801636
31,0.08562311277389527,0.1615222954750061
32,0.08763062934875489,0.1037973256111145
33,0.08662087001800538,0.11557344961166381
34,0.08427708377838135,0.06910169982910157
35,0.07975283212661743,0.08548494625091553
36,0.07963046913146973,0.06628476333618163
37,0.07826947050094604,0.07583326435089112
38,0.08130106983184815,0.07241581916809083
39,0.07764082460403443,0.06981264781951904
40,0.07838602676391601,0.06187168121337891
41,0.07487517356872558,0.13072514486312867
42,0.0757314419746399,0.06792791271209717
43,0.07352536773681641,0.06096867322921753
44,0.0744981972694397,0.09375038290023804
45,0.07248695878982545,0.07595780420303344
46,0.06993224363327026,0.05917223262786865
47,0.06902921199798584,0.06797985982894897
48,0.07015956735610962,0.06321001148223877
49,0.06913658447265625,0.08087726879119873
50,0.07065560998916626,0.0694367322921753
51,0.06736901178359986,0.06642685222625733
52,0.06842125778198242,0.09324211740493775
53,0.06791523628234863,0.06136446285247803
54,0.06543944396972656,0.058601342678070066
55,0.06488285837173462,0.07825934648513794
56,0.06345101413726807,0.05802461194992065
57,0.06268587093353271,0.053527302742004394
58,0.06187185869216919,0.0704069480895996
59,0.062272298526763914,0.060482399463653566
60,0.06323756208419799,0.06037989187240601
61,0.061101121997833255,0.06268601179122925
62,0.06267080974578858,0.08128426504135132
63,0.06113738565444946,0.05170113754272461
64,0.05976742639541626,0.0803912901878357
65,0.059720364093780516,0.09799081039428711
66,0.059209241580963134,0.0798602180480957
67,0.058944835662841796,0.05474863338470459
68,0.05733011054992676,0.06818122816085816
69,0.057754642963409424,0.10206182241439819
70,0.05851244401931763,0.05611389446258545
71,0.0563224160194397,0.08476720190048218
72,0.05873282680511475,0.07808305501937866
73,0.05626961441040039,0.1019224853515625
74,0.056449267578125,0.05558287000656128
75,0.05522853593826294,0.0558017144203186
76,0.056109092235565185,0.10593680953979492
77,0.05535405693054199,0.052508403778076175
78,0.0537027587890625,0.058089629650115965
79,0.05725118598937988,0.053479440689086916
