epoch,loss,val_loss
0,0.5345307965278625,0.49257763671875
1,0.3649684905052185,0.27522023344039914
2,0.301188254070282,0.3802657537460327
3,0.27498337497711184,0.34409520149230954
4,0.256105792427063,0.21651176261901856
5,0.23950077247619628,0.19408394193649292
6,0.23262120962142943,0.3014574699401856
7,0.22487914352416993,0.26517003870010375
8,0.21406399984359742,0.17653827238082886
9,0.19689465351104737,0.25751487255096434
10,0.2018909423828125,0.1783238706588745
11,0.196296440410614,0.17891558361053467
12,0.18559893741607666,0.1390460057258606
13,0.18123190183639526,0.1675753927230835
14,0.173926815700531,0.15744369268417358
15,0.171488210105896,0.16250527477264404
16,0.16945577821731567,0.1268115406036377
17,0.15507293462753297,0.12020995187759399
18,0.15231554250717164,0.13475111770629883
19,0.1477850956916809,0.13881442785263062
20,0.14484355039596558,0.16227152061462402
21,0.1418977466583252,0.25274097537994383
22,0.13629714622497557,0.11721762228012085
23,0.13496707935333252,0.11997230482101441
24,0.13393286895751952,0.13083607244491577
25,0.13232583904266357,0.12604159259796144
26,0.12844401330947877,0.15280225563049316
27,0.12900149536132813,0.12293848705291748
28,0.12066463966369628,0.17684532928466798
29,0.12260978670120239,0.21545065069198607
30,0.12337241506576538,0.14834298658370973
31,0.11269005012512207,0.09457340669631958
32,0.11591539897918701,0.11705658578872681
33,0.11030010051727294,0.08130701541900635
34,0.11023862619400024,0.10428387784957886
35,0.1049967918395996,0.08963815546035767
36,0.10831910190582275,0.19921280670166017
37,0.10755941572189331,0.10616898775100708
38,0.1029582555770874,0.10131283903121949
39,0.1033339783668518,0.10289256000518798
40,0.09968832206726075,0.10147862148284913
41,0.09977551517486573,0.09866920900344849
42,0.09759785575866699,0.10826428413391113
43,0.09839824180603027,0.08106531763076782
44,0.09573049201965332,0.07309573554992675
45,0.09159878101348877,0.07382240533828735
46,0.0925620732307434,0.08451929664611817
47,0.09208055725097657,0.12094498348236084
48,0.09469489612579346,0.07995511484146119
49,0.09109153652191163,0.0943723258972168
50,0.08720316801071167,0.10152090454101563
51,0.09046003732681275,0.1083474006652832
52,0.08910451459884644,0.12761376810073852
53,0.08646279106140137,0.08544434118270874
54,0.08628610353469848,0.0861339635848999
55,0.08485669145584107,0.09940434503555298
56,0.08557886400222778,0.15840875577926636
57,0.08099154624938965,0.12357813215255738
58,0.08535223541259766,0.08080576992034912
59,0.08226708126068115,0.1517421941757202
60,0.08315301733016968,0.07972344446182252
61,0.07969075393676758,0.09977595376968383
62,0.08131810779571533,0.0827980055809021
63,0.08025128202438354,0.08071085119247437
64,0.07913159093856811,0.07019293498992919
65,0.08030938577651978,0.13581583786010742
66,0.07719693841934204,0.10713990497589111
67,0.07919178371429443,0.10944836568832397
68,0.07741269731521606,0.08171638441085816
69,0.07673320150375366,0.09374678039550781
70,0.07382982530593872,0.09567312479019165
71,0.07606887474060059,0.10481302070617676
72,0.07604018917083741,0.08561752414703369
73,0.07644179782867432,0.13469586849212647
74,0.07724675216674805,0.0708192892074585
75,0.07176495676040649,0.13665121030807495
76,0.07587972202301026,0.08125942468643188
77,0.07252011499404908,0.09231875801086425
78,0.07332621612548829,0.09705359315872192
79,0.07165497751235962,0.06890669202804565
80,0.0706404824256897,0.07983373498916627
81,0.07456933717727661,0.06929452133178711
82,0.07158501558303833,0.07633139133453369
83,0.06984518785476684,0.07640279340744019
84,0.07044404544830322,0.11910398244857788
85,0.0695474100112915,0.06504398488998413
86,0.06893099536895753,0.0968233904838562
87,0.0692191123008728,0.07975330495834351
88,0.06882308158874512,0.08225883865356445
89,0.0676413212776184,0.08594379949569703
90,0.06744465322494507,0.09551014375686645
91,0.0693928713798523,0.07436969614028931
92,0.06787350959777833,0.08836215925216674
93,0.06606745033264161,0.06599903154373168
94,0.0676688247680664,0.06804408502578735
95,0.06512152109146119,0.07033145666122437
96,0.06709252891540528,0.07214709520339965
97,0.06795083503723144,0.06620203590393066
98,0.06491157093048096,0.06911458396911621
99,0.06691368761062622,0.06761355876922608
100,0.06354869832992553,0.10935795831680298
101,0.06541245889663697,0.07059589147567749
102,0.06558119983673096,0.08119272851943969
103,0.06292997837066651,0.06774188566207885
104,0.06323695573806763,0.07685499048233033
105,0.06543680534362793,0.06042852067947388
106,0.06167127313613892,0.07129496049880982
107,0.06304154386520386,0.1957118101119995
108,0.06613719205856324,0.11857797574996948
109,0.06191863899230957,0.1421190013885498
110,0.06356079921722411,0.07708009672164917
111,0.0626816933631897,0.0760761923789978
112,0.06263065671920777,0.06845333480834961
113,0.06061837406158447,0.0542555947303772
114,0.06280272026062012,0.0815530891418457
115,0.060008047103881836,0.08072743463516235
116,0.06029674634933472,0.11531402635574341
117,0.06248891859054565,0.061639990806579587
118,0.061699368858337406,0.0868684639930725
119,0.06302521581649781,0.07884204244613648
120,0.06016701602935791,0.06514718866348267
121,0.05975096492767334,0.09270989513397217
122,0.061489684867858885,0.06854788875579834
123,0.06055491218566895,0.06371110248565674
124,0.05972030382156372,0.09013442993164063
125,0.05964529428482056,0.06899027109146118
126,0.05805838584899902,0.11472589778900147
127,0.058434889030456544,0.06880897617340088
128,0.05920160055160523,0.08843785524368286
129,0.05915620164871216,0.06577576637268066
130,0.059220984649658207,0.06433691787719727
131,0.05848365736007691,0.06624931335449219
132,0.05751212167739868,0.06664297485351563
133,0.056864932346343995,0.0700669527053833
