epoch,loss,val_loss
0,0.8889858286857605,0.8242032399177551
1,0.8124710790634155,0.8264664144515991
2,0.7930500185012818,0.7946893577575683
3,0.7872323640823364,0.7834437999725342
4,0.782575541305542,0.8225102987289429
5,0.7817319633483887,0.7873997592926025
6,0.7802414945602417,0.7855267910957336
7,0.7788146477699279,0.7803386859893798
8,0.7784813718795777,0.7876455631256104
9,0.7758512103080749,0.7819520168304444
10,0.7746547138214112,0.8313066029548645
11,0.7785787281036377,0.834107162952423
12,0.7752331483840942,0.7785260276794433
13,0.7736654193878174,0.7826035737991333
14,0.7757299823760986,0.7814988303184509
15,0.7737585629463196,0.7781809105873108
16,0.7738874395370483,0.7764430513381958
17,0.7737551365852356,0.778153238773346
18,0.7739167569160461,0.9091158862113953
19,0.776907458782196,0.7758529419898987
20,0.7726203453063964,0.7784887785911561
21,0.7722720313072204,0.7773753118515014
22,0.7716302564620972,0.8183109688758851
23,0.7722227669715881,0.7808658990859986
24,0.7712495708465577,0.7779217958450317
25,0.7711007381439209,0.7778510446548462
26,0.7714330514907837,0.7777523045539856
27,0.7722863012313843,0.7756112384796142
28,0.7705953357696533,0.7783876729011535
29,0.770489824295044,0.778785315990448
30,0.7702119156837464,0.7793801565170289
31,0.7705760400772095,0.7745311765670776
32,0.7706945249557495,0.775395604133606
33,0.769437033367157,0.7766935205459595
34,0.7718164262771606,0.7756955456733704
35,0.7704307482719421,0.7770857181549072
36,0.7698731344223022,0.896700385093689
37,0.7709038565635681,0.7813027610778809
38,0.7697936807632446,0.7764625926017761
39,0.7691482780456543,0.781015781879425
40,0.7687181189537048,0.7944519567489624
41,0.7689836883544922,0.7758231902122498
42,0.7696626591682434,0.825157642364502
43,0.7700046899795532,0.7741034183502197
44,0.7681699035644531,0.773898136138916
45,0.7688097615242004,0.7771860604286194
46,0.768780979347229,0.7734087543487549
47,0.7697392358779908,0.7875748281478882
48,0.7687158961296081,0.778747905254364
49,0.769004125213623,0.7771912965774536
50,0.7683860651016235,0.7801645159721374
51,0.7676723432540894,0.7751923398971557
52,0.7685173225402832,0.7791535654067994
53,0.7677329616546631,0.7852906560897828
54,0.7674285907745362,0.7732819080352783
55,0.7670344980239868,0.7742296867370605
56,0.7674747156143189,0.8151106538772583
57,0.7682740816116334,0.7725677299499512
58,0.7672420575141907,0.775078814983368
59,0.7676682487487793,0.7785856857299804
60,0.7671087175369262,0.7735075025558472
61,0.7665143100738525,0.7755310688018798
62,0.7670868618011475,0.7755654287338257
63,0.7671138126373291,0.7726286253929138
64,0.7672976188659668,0.7845451731681824
65,0.7666007432937622,0.7751812438964844
66,0.7664279462814331,0.7781973476409912
67,0.7671626687049866,0.7740385870933533
68,0.7668822746276855,0.7762489280700684
69,0.7673492334365845,0.7736895008087158
70,0.7658019248008728,0.7717333941459655
71,0.7660037317276001,0.7743460297584533
72,0.7661540241241455,0.7728890495300293
73,0.7668190738677979,0.7742010402679443
74,0.7659973326683045,0.7727190914154053
75,0.7666361337661743,0.7768299422264099
76,0.7662693097114563,0.7803153233528137
77,0.7666117149353028,0.7716547284126282
78,0.7658835474967957,0.7847574224472046
79,0.7658329520225525,0.7801956052780151
80,0.7658440913200378,0.7776311683654785
81,0.7657559173583984,0.7755906558036805
82,0.7656662861824035,0.7767292137145996
83,0.7657087453842163,0.7732210178375244
84,0.7656066592216492,0.7939669342041016
85,0.7659269813537598,0.7760558204650879
86,0.7651244438171386,0.7741399955749512
87,0.7655139507293701,0.8690840401649476
88,0.7671082912445069,0.7741267948150635
89,0.7651035606384278,0.7742749843597412
90,0.7651755912780762,0.7808681120872497
91,0.7646177508354187,0.7775048942565917
92,0.7646974946975708,0.8397209811210632
93,0.7659633790969849,0.7791946501731872
94,0.7646548066139222,0.7712345066070556
95,0.7646918900489807,0.7707766809463501
96,0.7638103959083558,0.8007385263442993
97,0.7646530570030212,0.7722084431648254
98,0.7645759936332702,0.7753495111465454
99,0.7642325487136841,0.7742554783821106
100,0.7642796237945557,0.7796283903121948
101,0.7642792986869812,0.7764938230514526
102,0.7641585453033447,0.7800338339805603
103,0.7636249450683594,0.7709973831176757
104,0.7635994157791137,0.7788426961898803
105,0.7639148321151733,0.7746084747314453
106,0.763746159362793,0.7739940104484558
107,0.763360958480835,0.7746961393356323
108,0.7636227582931518,0.7714697837829589
109,0.7651730218887329,0.7739872245788574
110,0.7633813138961792,0.780662919998169
111,0.7643727543830872,0.7723554668426513
112,0.7629151742935181,0.7749331750869751
113,0.7644505017280578,0.7713027377128601
114,0.7628171258926392,0.7758934979438782
115,0.7618732543945312,0.8684937973022461
