epoch,loss,val_loss
0,0.5501396063804627,0.4140189728736877
1,0.3866898600578308,0.31663826465606687
2,0.33762871618270873,0.30034317636489866
3,0.3100658338546753,0.23880218553543092
4,0.2908665639877319,0.33459297704696656
5,0.27448313512802125,0.2519274368286133
6,0.26176303415298463,0.23119321393966674
7,0.2464986409187317,0.30858620882034304
8,0.24593940324783325,0.2317895712852478
9,0.2303458969116211,0.1868371934890747
10,0.22515298824310304,0.1860421919822693
11,0.21868571062088013,0.18981741619110107
12,0.20847204217910767,0.17715871000289918
13,0.20427476243972778,0.3091113920211792
14,0.19976427602767943,0.17733431577682496
15,0.19101474227905274,0.14828744173049926
16,0.18162827377319335,0.1493664689064026
17,0.18133643827438353,0.1884445219039917
18,0.17865199365615844,0.16287567853927612
19,0.17053067483901976,0.15070760202407837
20,0.16628862056732177,0.18895004940032958
21,0.16413853425979613,0.1361476273536682
22,0.15853129291534424,0.14003539323806763
23,0.15314720287322997,0.269526515007019
24,0.15802556743621826,0.12246856498718262
25,0.14640733823776245,0.15836596155166627
26,0.14583124732971192,0.13232114315032958
27,0.14436847438812256,0.24812698221206664
28,0.14770324716567992,0.12262024021148682
29,0.13657037296295166,0.382092791557312
30,0.13880441331863402,0.11263205051422119
31,0.13229974317550658,0.11498928880691528
32,0.1303617956161499,0.16316206884384155
33,0.12651788215637208,0.3643704948425293
34,0.13020501708984375,0.11117540025711059
35,0.12405706548690795,0.11310455513000488
36,0.12386329355239868,0.13064140605926514
37,0.12318171739578247,0.15560137701034546
38,0.12062451286315919,0.129391206741333
39,0.11713423318862914,0.13385662174224852
40,0.11588711223602295,0.15980255889892578
41,0.11540370492935181,0.2713884162902832
42,0.11619934949874879,0.12262390518188476
43,0.112133877658844,0.13123294639587402
44,0.1123884958267212,0.0963395414352417
45,0.10845759143829346,0.11097629451751709
46,0.10732385578155518,0.08812714862823487
47,0.10311117897033692,0.10728855657577514
48,0.10323186893463135,0.11168664169311524
49,0.10344095268249512,0.0855780782699585
50,0.10392723588943481,0.11358818340301513
51,0.0995811806678772,0.09893500280380249
52,0.09870275382995605,0.08218672847747803
53,0.10069354763031006,0.09972806453704834
54,0.09851205348968506,0.1103955717086792
55,0.09787483386993408,0.087152663230896
56,0.09646569900512696,0.08851128053665161
57,0.09579453983306885,0.08178373956680297
58,0.09354530210494995,0.11861769247055054
59,0.09445041675567627,0.11293681001663208
60,0.09250622138977051,0.19143939113616942
61,0.0934918743133545,0.1045590591430664
62,0.09035761642456054,0.09957058143615723
63,0.08924798192977905,0.08592618417739868
64,0.08678786201477051,0.08699970149993896
65,0.0902940203666687,0.09424730825424195
66,0.0849686716079712,0.10467956352233887
67,0.08798190412521362,0.10246491575241089
68,0.08619994859695435,0.07766597461700439
69,0.08526885652542114,0.11939725780487061
70,0.08431529445648193,0.08804549026489258
71,0.0840664176940918,0.13694225215911865
72,0.08632755575180054,0.0935690369606018
73,0.08282152738571168,0.11485375356674195
74,0.08205162439346314,0.11187391090393066
75,0.0803663402557373,0.07189445447921752
76,0.07954236640930176,0.10452652978897095
77,0.07927100973129272,0.08919662284851074
78,0.07932906255722046,0.10051074743270874
79,0.08144375200271606,0.10420251512527466
80,0.07990222597122193,0.12168766117095947
81,0.07864598779678345,0.11697743368148804
82,0.07892063026428223,0.08161709642410278
83,0.07626391038894653,0.11433433961868286
84,0.07875901660919189,0.08223383808135987
85,0.07670866317749024,0.10348345613479615
86,0.07776840877532959,0.07490357208251953
87,0.0753850697517395,0.12139971542358398
88,0.0746189531326294,0.09174436712265015
89,0.07355957012176513,0.06537618780136109
90,0.07219280786514282,0.14519388341903686
91,0.0753839617729187,0.11069123888015747
92,0.07269108247756959,0.09157244443893432
93,0.07344931726455689,0.07312040376663208
94,0.07292500591278075,0.09486799860000611
95,0.07175591402053833,0.08917160034179687
96,0.07188448114395142,0.08847314691543579
97,0.06922994928359985,0.09357636070251465
98,0.07017902145385742,0.10614876890182495
99,0.07261293411254882,0.0814453125
100,0.06937469844818116,0.10415674257278443
101,0.07232461853027344,0.07094189214706421
102,0.06988510284423828,0.07617484140396118
103,0.06764509677886962,0.08078880071640014
104,0.06889294672012329,0.06734422063827515
105,0.06680138025283813,0.08701518821716309
106,0.06670393753051758,0.07333845758438111
107,0.0667152512550354,0.07498041868209838
108,0.06636679363250732,0.06741811180114746
109,0.06698621988296509,0.06333486604690551
110,0.06671385040283204,0.06537766027450562
111,0.06485564270019531,0.07659607696533204
112,0.06696473417282105,0.0751149673461914
113,0.06450699291229248,0.10272887086868286
114,0.06544750661849975,0.08313440227508545
115,0.06511285285949707,0.07418451261520385
116,0.06473348817825317,0.10139222526550293
117,0.06381826982498169,0.08070082139968872
118,0.06277379055023194,0.06231680297851563
119,0.06506703968048096,0.0919563775062561
120,0.06496265153884888,0.09969921350479126
121,0.062318296146392824,0.08072624588012696
122,0.06367200469970703,0.06368523406982422
123,0.06331471796035766,0.07437886381149292
124,0.0629327187538147,0.09899717617034912
125,0.06228944768905639,0.08795215749740601
126,0.06256621923446655,0.16154776859283448
127,0.06477520418167114,0.06723562288284302
128,0.05924290351867676,0.0999601936340332
129,0.0615802604675293,0.07905915689468383
130,0.05919335918426514,0.09957147979736328
131,0.06139063720703125,0.09390495538711548
132,0.062036465167999266,0.0809575834274292
133,0.05961488218307495,0.07573066186904907
134,0.05977202425003052,0.10000287055969238
135,0.06075934448242187,0.06490976476669312
136,0.058722135734558104,0.07311571598052978
137,0.06080593633651733,0.11272636795043946
138,0.05944830579757691,0.06596030187606812
