epoch,loss,val_loss
0,0.5858502097129822,0.48184258604049685
1,0.26319194412231445,0.13671106338500977
2,0.16172714157104492,0.14081701564788818
3,0.13398713121414185,0.1203828158378601
4,0.12293095941543579,0.16203426408767702
5,0.1142135277748108,0.10992254734039307
6,0.10795073900222778,0.10779252815246582
7,0.10544510498046875,0.13667180967330933
8,0.10366303195953369,0.0930691900253296
9,0.09867144832611084,0.0994886884689331
10,0.09692946681976318,0.08955971479415893
11,0.09353711948394776,0.13393822145462037
12,0.09103927888870239,0.08775385761260987
13,0.09179359216690064,0.08803613948822021
14,0.08827199668884278,0.09070221042633056
15,0.08659351043701172,0.08318411779403687
16,0.08590671072006226,0.08272263717651367
17,0.08476762561798096,0.0948814115524292
18,0.08382252445220947,0.08085516595840454
19,0.08187595148086547,0.08588680458068848
20,0.080984343624115,0.08597961568832398
21,0.08085049877166749,0.08584315395355224
22,0.07846814451217651,0.07727037572860718
23,0.08009268741607665,0.07890839862823486
24,0.07923504571914673,0.09680996417999267
25,0.07960856494903565,0.08124081230163574
26,0.07764203853607178,0.09088590717315674
27,0.07660582637786865,0.08721265077590942
28,0.07751510095596313,0.1285123653411865
29,0.07686035060882568,0.07979191255569458
30,0.07486169557571411,0.13023206520080566
31,0.07703729600906373,0.15658005905151368
32,0.07635361375808716,0.08885839509963989
