epoch,loss,val_loss
0,0.5281810007095337,0.38335700130462647
1,0.3987254457473755,0.34427260446548463
2,0.34329290685653685,0.3461812119483948
3,0.31907721338272094,0.2618244562149048
4,0.29747215929031373,0.3009845376014709
5,0.27622872972488405,0.3897881603240967
6,0.2647966047286987,0.19901438903808594
7,0.2511837001800537,0.20213422870635986
8,0.2466390573501587,0.2174873013496399
9,0.24208587131500245,0.196633225440979
10,0.2262442416191101,0.2596840305328369
11,0.22738532104492187,0.19340215396881102
12,0.21981747131347656,0.16884194469451905
13,0.21237725229263305,0.4783820638656616
14,0.20948820600509643,0.18512710618972777
15,0.20093588752746583,0.1706362795829773
16,0.19290170249938965,0.22842786073684693
17,0.19081035108566285,0.1409105143547058
18,0.17815840368270874,0.16835488080978395
19,0.17645342779159545,0.2161751389503479
20,0.1718685076713562,0.146116868019104
21,0.17291893835067748,0.14334169960021972
22,0.16654141569137573,0.1434014301300049
23,0.15874168424606322,0.12152662181854249
24,0.16546814126968384,0.22264940404891967
25,0.15867623138427733,0.1353839907646179
26,0.14842262353897095,0.8469773926734925
27,0.15641919393539427,0.15842348766326905
28,0.14821859521865846,0.15354265928268432
29,0.13891703262329103,0.1620840106010437
30,0.13869313287734986,0.1769009780883789
31,0.13019156894683837,0.11394345235824585
32,0.13068033342361451,0.18040287113189699
33,0.13133917026519776,0.17920497512817382
34,0.13319078369140624,0.1026851053237915
35,0.12824644412994385,0.13889380979537963
36,0.12865196046829225,0.13892210626602172
37,0.12083541612625122,0.12063969469070435
38,0.12030060758590698,0.10082924795150756
39,0.11469580707550049,0.12010298490524292
40,0.11291481981277465,0.19980432987213134
41,0.11464299116134644,0.1143877878189087
42,0.11264845752716064,0.1074305076599121
43,0.1084518530845642,0.2095961618423462
44,0.10853321523666382,0.08940013885498047
45,0.10823157472610474,0.0740990252494812
46,0.10808752527236938,0.1340450210571289
47,0.09894436235427856,0.11118458509445191
48,0.10474968881607055,0.10028306293487549
49,0.10310301580429077,0.08703020620346069
50,0.09935599584579467,0.11308913946151733
51,0.09870603542327881,0.08686710214614868
52,0.09436143960952759,0.07570433568954468
53,0.09444305486679078,0.15377794313430787
54,0.09486894598007202,0.1316397500038147
55,0.09490059537887573,0.08219468784332275
56,0.09067825927734376,0.06795926332473755
57,0.08841239051818847,0.08256009721755982
58,0.09150576477050781,0.15813300466537475
59,0.09132176799774169,0.11007476758956909
60,0.08808258056640625,0.1638763828277588
61,0.09049943828582764,0.06322121191024781
62,0.08674462957382202,0.08511342287063599
63,0.08664278926849366,0.08049407196044922
64,0.08381864557266236,0.08810890817642211
65,0.0862104998588562,0.10360797023773194
66,0.08503661079406738,0.10636331844329834
67,0.08343204984664918,0.09936027956008911
68,0.08337001752853393,0.1286789197921753
69,0.08002934331893921,0.09223310804367066
70,0.08476468915939331,0.09441666841506959
71,0.08329112367630005,0.08778825950622558
72,0.07937313079833984,0.10751740503311157
73,0.0826132462501526,0.09855611562728882
74,0.08099912872314453,0.10950675344467163
75,0.07929957418441773,0.0669743447303772
76,0.07479070672988891,0.06927917814254761
77,0.07991465654373169,0.08328728437423706
78,0.07568246002197265,0.0822482852935791
79,0.07498301849365234,0.06217278480529785
80,0.07602383823394776,0.1141818175315857
81,0.07358947935104371,0.06893928861618041
82,0.07396772985458375,0.07388866090774536
83,0.07301864080429077,0.09604215049743653
84,0.07264859809875489,0.10856341743469239
85,0.07364327535629273,0.06269048595428467
86,0.07474004392623901,0.1440074200630188
87,0.07388848686218262,0.13377778577804567
88,0.0741518343925476,0.08011457061767578
89,0.07251904001235962,0.14273660373687744
90,0.07251418209075927,0.09238372087478637
91,0.07118142175674438,0.1641962718963623
92,0.06999476594924926,0.07070758438110351
93,0.07029689273834229,0.07676894807815551
94,0.07178317384719848,0.11241846084594727
95,0.06903779163360596,0.10515070533752441
96,0.06865330696105958,0.07142844295501709
97,0.06799866495132446,0.07181835174560547
98,0.06760802679061889,0.06721330118179321
99,0.06853281860351562,0.06990253686904907
