epoch,loss,val_loss
0,0.6533286294937134,0.3505191159248352
1,0.38286568489074707,0.27063689041137695
2,0.2592710862159729,0.2091099581718445
3,0.22052464208602907,0.19512721633911131
4,0.20103737802505492,0.1552673282623291
5,0.18768981466293336,0.14781350517272948
6,0.17494816913604735,0.1682522830963135
7,0.1714316677093506,0.16969611883163452
8,0.16215800771713257,0.13613566970825194
9,0.15775093936920165,0.13197100496292113
10,0.14953527507781983,0.14973953771591186
11,0.1511574836730957,0.20506317377090455
12,0.14517862100601198,0.1251131534576416
13,0.14648584842681886,0.14504054355621337
14,0.1352446138381958,0.11978579568862915
15,0.13804532079696655,0.19152262592315675
16,0.13513017902374266,0.1110192413330078
17,0.13365810270309447,0.10886541080474854
18,0.1351625352859497,0.1204391417503357
19,0.12967628173828125,0.11214031171798707
20,0.124880637550354,0.10598366355895997
21,0.12654379863739013,0.10719418907165527
22,0.13009559202194215,0.11438277673721313
23,0.1234005823135376,0.10421379709243775
24,0.12021361141204834,0.11186829042434693
25,0.12356180324554443,0.11316215991973877
26,0.12372242507934571,0.15347531127929687
27,0.1180663857460022,0.10353408622741699
28,0.11580471029281617,0.11105751752853393
29,0.11340146074295043,0.10758321571350098
30,0.11896017990112305,0.15037324523925782
31,0.11595527048110962,0.10114149093627929
32,0.10948930253982544,0.19872892475128173
33,0.11422972421646119,0.14764263725280763
34,0.11396786603927613,0.11195246028900147
35,0.11214691314697266,0.12733862400054932
36,0.10824744071960449,0.12783265113830566
37,0.10757011442184448,0.12403201580047607
38,0.10785477905273437,0.11422371196746826
39,0.10806142797470093,0.10648706245422364
40,0.105871803855896,0.10434174776077271
41,0.10508282127380371,0.09906553983688354
42,0.10526112365722656,0.09753024291992188
43,0.10760255498886108,0.09346734714508056
44,0.1031296166419983,0.09784072542190551
45,0.10553439350128174,0.17697276258468628
46,0.10379748334884643,0.09326339960098266
47,0.10032102756500244,0.10606682586669922
48,0.10080280809402466,0.1458951096534729
49,0.10091837892532349,0.14721310186386108
50,0.10246394338607788,0.09949711656570434
51,0.10146096076965332,0.09283622503280639
52,0.09894806566238404,0.09641804695129394
53,0.09901897983551025,0.10001169681549073
54,0.0987970672607422,0.1546103916168213
55,0.0983178373336792,0.09243827152252197
56,0.10012821273803711,0.08786528587341308
57,0.09604246768951416,0.09846214532852172
58,0.09614144859313965,0.10216975259780883
59,0.09805151062011719,0.17489421892166138
60,0.10051193189620972,0.10949989843368531
61,0.09507523946762085,0.09036768817901611
62,0.09095563068389892,0.10780547952651978
63,0.09420898675918579,0.09849968147277832
64,0.09147360181808471,0.09213056182861327
65,0.09094257106781006,0.08466929054260254
66,0.09173939151763916,0.08723329448699951
67,0.09191089410781861,0.12209509563446044
68,0.09364449825286865,0.09586601972579956
69,0.09153795013427735,0.0917690167427063
70,0.08963599786758422,0.09199779510498046
71,0.09119540281295777,0.11280079460144044
72,0.09151725673675537,0.14454584836959838
73,0.09080926170349121,0.08409778594970703
74,0.08943780364990235,0.10552152395248413
75,0.0892596960067749,0.16181879997253418
76,0.09496711463928223,0.08592260789871216
77,0.08997460575103759,0.09426297616958618
78,0.0876366696357727,0.08458975219726562
79,0.09067829761505126,0.08666995573043823
80,0.08701328105926513,0.08876927518844605
81,0.0878318021774292,0.084234290599823
82,0.08659697360992431,0.08968348169326783
83,0.08653378801345825,0.09247721433639526
84,0.08778118104934693,0.10379887628555298
85,0.08424659633636475,0.08160436344146728
86,0.08472372798919678,0.11388094425201416
87,0.08600505657196045,0.14033391332626344
88,0.08551006183624267,0.09112883853912354
89,0.08613364067077636,0.10388754653930664
90,0.08498702964782714,0.09699515724182128
91,0.08663036985397339,0.08450079250335693
92,0.08509055480957031,0.13236243534088135
93,0.08650415000915528,0.08786402797698975
94,0.08421638450622558,0.09089579010009766
95,0.08301840572357178,0.09639324760437011
96,0.08332714624404908,0.08619746780395508
97,0.082423108959198,0.08100926637649536
98,0.08392131614685058,0.08675329971313477
99,0.08196216573715209,0.10409268856048584
100,0.08223632087707519,0.0796265287399292
101,0.081316219997406,0.09445713996887208
102,0.08056184644699096,0.08719283533096313
103,0.08275903415679932,0.08321273326873779
104,0.08079391450881958,0.10219025754928589
105,0.07981134042739868,0.14281130075454712
106,0.08206809759140014,0.08429176759719849
107,0.07884844818115234,0.08999767351150513
108,0.0805558027267456,0.10954439496994019
109,0.08165531740188599,0.10265585279464721
110,0.07988720836639404,0.08895492696762085
111,0.07942279109954833,0.1282789168357849
112,0.08359103441238404,0.08891113138198853
113,0.07926594533920288,0.09020279312133789
114,0.08089774017333984,0.08362707662582397
115,0.08013301134109498,0.08468672227859497
116,0.08045283756256104,0.08163024473190307
