epoch,loss,val_loss
0,0.6645500274658203,0.7162058453559875
1,0.33267271451950076,0.24587673330307006
2,0.203589595413208,0.21919148302078248
3,0.16318685054779053,0.16775946044921874
4,0.14411029415130616,0.13284112215042115
5,0.13009353647232055,0.09505832242965698
6,0.11767243671417237,0.08268725490570068
7,0.11072354507446289,0.09963332128524781
8,0.10205792789459228,0.07879425477981568
9,0.09629629364013671,0.08719651651382446
10,0.09303770618438721,0.18149879169464112
11,0.09196401205062867,0.06676181411743164
12,0.0842441162109375,0.062201003551483156
13,0.07989766654968261,0.22523213958740235
14,0.07832009325027466,0.07800351190567016
15,0.07632471961975097,0.059810128211975094
16,0.07449197616577148,0.08796253299713135
17,0.0697971318244934,0.07550200033187866
18,0.06848891906738282,0.05780506181716919
19,0.06607055377960205,0.07023042726516723
20,0.06577806329727173,0.07185775136947632
21,0.06561506023406982,0.061142932891845705
22,0.0631689579963684,0.08444094800949097
23,0.062397842502593996,0.04959137058258057
24,0.06149470615386963,0.05820391082763672
25,0.06108189096450806,0.06388513231277466
26,0.06109871702194214,0.04746567726135254
27,0.05798296184539795,0.061045593738555906
28,0.057645745277404785,0.04731836223602295
29,0.05797648611068726,0.04929597663879395
30,0.056709147644042966,0.0467343430519104
31,0.0532529408454895,0.0664768123626709
32,0.055418785381317136,0.0491607460975647
33,0.05503829593658447,0.04981830835342407
34,0.05373604507446289,0.05315959787368774
35,0.052818144512176514,0.043098588943481446
36,0.051947412490844724,0.06433713531494141
37,0.051723763465881346,0.09198968505859376
38,0.05363330078125,0.08469856834411621
39,0.05197831268310547,0.06478529453277587
40,0.05122336730957031,0.04528338766098022
41,0.05159128065109253,0.042707819938659665
42,0.048818363952636716,0.04882503175735474
43,0.05104310274124146,0.07145314407348632
44,0.04897182445526123,0.04622894525527954
45,0.04982483444213867,0.0458931393623352
46,0.04804901542663574,0.04326667070388794
47,0.04852514038085937,0.043706892490386964
48,0.048678842639923094,0.05992668867111206
49,0.04744117965698242,0.059706298828125
50,0.047789993858337404,0.040629276275634764
51,0.04677056112289429,0.039282992362976075
52,0.046059600734710694,0.0587667498588562
53,0.047906455230712894,0.06128484630584717
54,0.04635395908355713,0.04536352825164795
55,0.04662532339096069,0.053030951976776125
56,0.04637072620391846,0.05938160228729248
57,0.04735154218673706,0.057018574714660646
58,0.045223242855072024,0.22161336851119995
59,0.04891919193267822,0.05035610294342041
60,0.044610839080810545,0.08334892749786377
61,0.04537736825942993,0.04532666015625
62,0.04532722806930542,0.05584928178787232
63,0.04431308164596558,0.042408164978027345
64,0.0450518497467041,0.04218163251876831
65,0.04479579696655273,0.06773536205291748
66,0.04518210754394531,0.03886976957321167
67,0.0432252459526062,0.09764361763000488
68,0.04425779838562012,0.04657247591018677
69,0.044335136222839355,0.04220943689346313
70,0.0421524169921875,0.04424375343322754
71,0.04453204641342163,0.04341607904434204
72,0.041715767383575436,0.04218253040313721
73,0.042375732707977294,0.06137942171096802
74,0.04220844430923462,0.03874029636383056
75,0.04385069828033447,0.04019247055053711
76,0.04252960557937622,0.03923000144958496
77,0.0415747724533081,0.045272908210754394
78,0.04248160181045532,0.04997296380996704
79,0.0424560079574585,0.050086678981781006
80,0.04227814846038818,0.08674449634552002
81,0.04322888097763061,0.03982104444503784
82,0.041359173488616945,0.06025935935974121
83,0.04127163391113281,0.055049644947052
84,0.04194548568725586,0.03894033670425415
85,0.041422052097320555,0.04891266965866089
86,0.041563983535766603,0.052373647689819336
87,0.0405014310836792,0.040540976524353026
88,0.040731827068328855,0.04270247316360474
89,0.04121599187850952,0.04782641887664795
90,0.04001758689880371,0.04415144824981689
