epoch,loss,val_loss
0,0.8731067184448242,0.8475169229507447
1,0.7680666296005249,0.7601945114135742
2,0.7254280145645141,0.698348328113556
3,0.7075109121322631,0.6890408267974854
4,0.6926556573867798,0.6819488172531127
5,0.6878973946571351,0.6883023204803467
6,0.6810474355697632,0.7124209060668946
7,0.6751055751800538,0.665451566696167
8,0.6704864189147949,0.7192430658340454
9,0.6672921701431275,0.6684519815444946
10,0.6632284158706665,0.6879121637344361
11,0.6590075531005859,0.6731846060752869
12,0.6563765264511109,0.6710722365379334
13,0.6585943017005921,0.6589313926696777
14,0.6535315162658691,0.6877738742828369
15,0.6518221067428589,0.7289326572418213
16,0.6533447308540344,0.6596762828826904
17,0.6502569450378418,0.651036072731018
18,0.6491318254470825,0.6491958446502686
19,0.6493345252990723,0.6793051013946533
20,0.6492413311004639,0.6623953399658203
21,0.6492877891540527,0.6534757928848267
22,0.6472201700210571,0.6456077890396118
23,0.6455274241447448,0.6541234569549561
24,0.6475740772247315,0.6793140306472778
25,0.6468374328613281,0.6530486016273499
26,0.6445364147186279,0.6671707620620727
27,0.6454343086242675,0.6822596960067749
28,0.6440792310714721,0.6575035071372985
29,0.6442112266540527,0.6647166533470154
30,0.6442935572624207,0.6868385663032531
31,0.6427838303565979,0.6552708921432495
32,0.6449708296775818,0.6813231630325317
33,0.6425134009361267,0.6522872648239135
34,0.6407081132888794,0.6985639171600342
35,0.6428647705078125,0.6716624617576599
36,0.6435203729629516,0.6471835012435914
37,0.6412021738052368,0.6453577032089234
38,0.641753050994873,0.6620366344451905
39,0.641594375705719,0.6638573579788208
40,0.6416161067962647,0.6727281832695007
41,0.6423915126800537,0.6465310492515564
42,0.6413154687881469,0.699058406829834
43,0.6405716089248658,0.6421639685630798
44,0.6405222625732422,0.6545012598037719
45,0.6396496726989747,0.6590076532363892
46,0.6400250946044922,0.654294298171997
47,0.640013260269165,0.6481551327705384
48,0.6406626478195191,0.6597926120758056
49,0.6404614711761475,0.6454871006011963
50,0.6400184245109558,0.6433754119873046
51,0.639583645248413,0.683774167060852
52,0.6404759469985962,0.6800673160552978
53,0.6400886034011841,0.6607654628753662
54,0.6400521741867066,0.643827299118042
55,0.6390733841896057,0.6615094184875489
56,0.639641457939148,0.6533257999420166
57,0.6414429071426392,0.6788974285125733
58,0.6392916124343873,0.6584248385429382
59,0.6380931510925293,0.6531638369560242
