epoch,loss,val_loss
0,0.8161322965621948,0.41584852838516234
1,0.43334586582183837,0.18287962007522582
2,0.15522065439224242,0.13655597400665284
3,0.1008346347808838,0.1834242115020752
4,0.08669602060317994,0.06620908308029175
5,0.07291037368774414,0.04425936269760132
6,0.06249257621765137,0.035369772911071774
7,0.054434610176086425,0.03141583919525146
8,0.049865763473510745,0.03469700384140015
9,0.05183211402893066,0.028020634174346925
10,0.04674188899993897,0.05767094564437866
11,0.04745538291931152,0.03194097709655762
12,0.04368576507568359,0.03058307361602783
13,0.03744885530471802,0.07671215105056763
14,0.04127031335830689,0.04108699703216553
15,0.03574540424346924,0.029977674007415772
16,0.03704359693527222,0.201339599609375
17,0.036883313274383545,0.02259647750854492
18,0.0372101146697998,0.03027284908294678
19,0.034333669090270996,0.10147461414337158
20,0.032468132877349856,0.023591853618621827
21,0.03189523096084595,0.04804527330398559
22,0.031892805576324464,0.07396311950683594
23,0.030803027057647706,0.02155353355407715
24,0.032898790073394774,0.02517137145996094
25,0.02798387975692749,0.020899651050567628
26,0.03043201446533203,0.1610398473739624
27,0.027218116092681884,0.025238872528076172
28,0.03108189458847046,0.017637677192687988
29,0.028746802616119383,0.025553549766540527
30,0.026568741989135742,0.03799222850799561
31,0.028521770858764648,0.027227769374847412
32,0.028096364212036134,0.0187332878112793
33,0.025417295932769774,0.02078975534439087
34,0.027676598167419433,0.01641490840911865
35,0.025972601222991942,0.016542563438415526
36,0.025867740631103517,0.03115118646621704
37,0.02684153814315796,0.03492672109603882
38,0.02757887544631958,0.021471523761749267
39,0.020439935493469237,0.01714733839035034
40,0.025755169010162355,0.01631213665008545
41,0.025421113872528076,0.020644338607788085
42,0.024115367221832277,0.030276494026184084
43,0.02316951789855957,0.031787747383117675
44,0.02483332042694092,0.01716390037536621
45,0.023304028701782227,0.015269831657409668
46,0.02376484842300415,0.018468958377838136
47,0.02275875015258789,0.032418972969055174
48,0.022964128971099854,0.027598699569702147
49,0.021430867290496827,0.015683644294738768
50,0.02194510269165039,0.01598128271102905
51,0.022160308647155763,0.021427021980285645
52,0.02183769779205322,0.04111005973815918
53,0.023009056186676025,0.016893967628479004
54,0.021403427124023437,0.015400535106658935
55,0.02128719253540039,0.017350468635559082
56,0.020589555072784423,0.013625168323516845
57,0.022111438274383544,0.023363648414611818
58,0.01967824754714966,0.01798669385910034
59,0.01971067543029785,0.022634371280670165
60,0.022668612384796144,0.054651753425598144
61,0.01985806541442871,0.019140610694885252
62,0.020725218391418457,0.012767308712005616
63,0.020010474300384523,0.015791450977325438
64,0.020070084381103515,0.016301602363586427
65,0.01950794973373413,0.013886533260345458
66,0.022119400024414062,0.013526945590972901
67,0.01805091724395752,0.03355721950531006
68,0.019767510509490965,0.013322642803192139
69,0.019655987167358398,0.01594543743133545
70,0.019830836296081542,0.017241735458374024
71,0.019470200920104982,0.04096171140670776
72,0.01952156047821045,0.07142185831069946
73,0.018744189929962157,0.014199094295501709
74,0.019559707736968995,0.017738622665405275
75,0.01867049560546875,0.018734678745269774
76,0.017910523891448975,0.015319450378417969
77,0.01894871244430542,0.015735612869262696
78,0.021217370414733885,0.016862914562225342
79,0.018251683712005615,0.018965199947357177
80,0.019340899181365966,0.013786641597747803
81,0.017761998748779297,0.01765175724029541
82,0.01826138963699341,0.01114051103591919
83,0.019500146675109863,0.012605215549468994
84,0.018206257438659668,0.01855519723892212
85,0.01907593584060669,0.012097896575927735
86,0.017723812198638916,0.013549407005310059
87,0.017553086948394775,0.01683841609954834
88,0.01823041009902954,0.011039752006530762
89,0.01628307361602783,0.01636156463623047
90,0.01713433256149292,0.025372695922851563
91,0.0191053635597229,0.019933645725250245
92,0.016200915241241454,0.011857372760772705
93,0.020485386085510253,0.011521577835083008
94,0.01667871675491333,0.01484872579574585
95,0.01473487663269043,0.0450671443939209
96,0.01937653350830078,0.01307950258255005
97,0.01704754114151001,0.011458634853363037
98,0.016982321548461913,0.014134926319122314
99,0.018170389461517333,0.013733555793762207
100,0.017754001903533937,0.01098529863357544
101,0.017122990131378173,0.012042403221130371
102,0.015817535495758057,0.012853897094726563
103,0.017314464378356934,0.012162431716918946
104,0.016585138034820555,0.014818246364593507
105,0.01651928291320801,0.0130180983543396
106,0.015789651107788086,0.010518638610839844
107,0.016855327606201172,0.013072947978973388
108,0.015012127590179444,0.012523964881896972
109,0.01641710329055786,0.05514028167724609
110,0.017113259315490723,0.010536734104156495
111,0.01668184232711792,0.017141955852508543
112,0.01539331111907959,0.012403664588928222
113,0.016533163166046142,0.009823525428771972
114,0.016894934940338134,0.009761380195617677
115,0.017059496688842775,0.010076862335205078
116,0.014971467590332032,0.010284211158752441
117,0.016359809303283693,0.010396482944488526
118,0.013756265258789063,0.009896141529083252
119,0.01710312614440918,0.013855317592620849
120,0.014432864952087402,0.013946708679199218
121,0.01689488525390625,0.010718663215637208
122,0.015216520500183106,0.04143450689315796
123,0.01538218765258789,0.010721083164215089
124,0.01590486011505127,0.010356402397155762
125,0.015703456401824953,0.012099767684936523
126,0.015692363834381103,0.012266006469726563
127,0.015323880195617676,0.011248578548431396
128,0.015684720611572264,0.04209963178634644
129,0.017221411514282227,0.01586492156982422
130,0.015430798625946046,0.009608248233795165
131,0.01340282974243164,0.013478271961212158
132,0.013356536102294921,0.010887440681457519
133,0.015668265724182128,0.011837961196899414
134,0.01581307373046875,0.009777471542358399
135,0.014688061332702637,0.02327545118331909
136,0.014307501316070557,0.01119861364364624
137,0.015572517585754394,0.009087400913238525
138,0.0153575044631958,0.009359936714172363
139,0.01596594247817993,0.009068028450012207
140,0.013267781162261964,0.03393369674682617
141,0.01208839750289917,0.039440805435180665
142,0.01730469217300415,0.10897435522079468
143,0.015208009719848634,0.022972497940063476
144,0.015861351013183592,0.01617131519317627
145,0.014107022857666015,0.021913958549499513
146,0.014620487117767334,0.008605745315551758
147,0.015827573680877685,0.009494476318359375
148,0.012912139129638673,0.018884311199188233
149,0.014299811840057373,0.010555659770965576
150,0.014849082660675049,0.015471501350402832
151,0.014969371032714843,0.015275743961334229
152,0.01450541124343872,0.03071473264694214
153,0.014076951885223388,0.009311968803405762
154,0.014782098293304444,0.04060071516036987
155,0.014589791202545166,0.01702645492553711
156,0.015050249481201173,0.020657914638519285
157,0.012250636196136474,0.00823664951324463
158,0.01463882360458374,0.008340549468994141
159,0.014353885173797607,0.009599635601043701
160,0.012898323822021484,0.011682743549346924
161,0.015490530014038086,0.017815454483032227
162,0.014345575046539306,0.014110540866851807
163,0.016940589523315428,0.010072237968444824
164,0.01126039056777954,0.023580695152282716
165,0.013670628356933594,0.007938722610473632
166,0.013876761245727539,0.00876788091659546
167,0.015289013957977295,0.008574103832244873
168,0.012971341037750245,0.030280972957611084
169,0.012886596488952637,0.013108184814453125
170,0.013443153476715089,0.0079887056350708
171,0.014529300212860108,0.010362322807312013
172,0.012942255973815918,0.017584113121032714
173,0.013855824851989745,0.00851572036743164
174,0.013208525562286378,0.007945980072021484
175,0.014194789505004883,0.015796483516693115
176,0.01423487024307251,0.01367651653289795
177,0.012805143070220947,0.00993508768081665
178,0.01371928777694702,0.0094756121635437
179,0.013782686042785644,0.01539941120147705
180,0.01292093391418457,0.03913502264022827
181,0.01333707857131958,0.007683420658111572
182,0.012835116386413574,0.007713613033294678
183,0.014236790084838868,0.010366241931915283
184,0.014334414386749268,0.009775433540344238
185,0.012904642200469971,0.0148623309135437
186,0.013392695140838623,0.011183416843414307
187,0.013593770980834962,0.009703505992889404
188,0.013936132431030273,0.019709910869598387
189,0.013251745414733887,0.009202854633331299
190,0.011226325416564941,0.02326769685745239
191,0.01483777208328247,0.009753307342529298
192,0.01284490442276001,0.00908364725112915
193,0.013489921188354492,0.00804426383972168
194,0.012839858341217042,0.04924348783493042
195,0.013174266815185546,0.00867727518081665
196,0.012621969604492187,0.007722289562225342
197,0.013483880615234376,0.022501898288726806
198,0.013968268013000489,0.00940324068069458
199,0.011217445468902588,0.012841153144836425
200,0.013825185871124267,0.01018861198425293
201,0.012582353019714356,0.010930501461029052
