epoch,loss,val_loss
0,0.5626825731277466,0.3417121186256409
1,0.37801431455612183,0.2871209979057312
2,0.3048598720550537,0.38434171867370603
3,0.26956768398284914,0.2532931180000305
4,0.2471488823890686,0.3702451057434082
5,0.2399481484413147,0.17855281066894532
6,0.2222366014480591,0.2042297134399414
7,0.21788584814071654,0.3291233239173889
8,0.21212830562591553,0.18539223718643189
9,0.19997851514816284,0.1558722996711731
10,0.19892836761474608,0.15255556631088257
11,0.18723288927078247,0.23516639947891235
12,0.18306463060379027,0.4952159538269043
13,0.17711615085601806,0.200511483669281
14,0.17601204280853272,0.12743972635269166
15,0.16127082920074462,0.20597998905181886
16,0.16028807287216187,0.15582805585861206
17,0.15498057889938355,0.22492143201828002
18,0.14775307264328003,0.21419469213485717
19,0.14770379219055177,0.16793219518661498
20,0.1411591305732727,0.18396867704391479
21,0.14850237216949463,0.15392700004577636
22,0.13861011304855347,0.20387403011322022
23,0.1358133387565613,0.1561308693885803
24,0.12546110563278198,0.09807485723495483
25,0.12993912649154662,0.13909701442718506
26,0.12987728300094603,0.3837432818412781
27,0.1263314600944519,0.09628659152984619
28,0.11917838048934937,0.11791422462463379
29,0.1144056043624878,0.09123131608963013
30,0.11344944458007812,0.20648845291137696
31,0.11385774555206299,0.12354511308670044
32,0.11239088468551636,0.09449230241775512
33,0.10966280345916748,0.1547474150657654
34,0.10949715557098388,0.2073481454849243
35,0.10512957220077515,0.14249775886535646
36,0.10686957187652588,0.07930971002578735
37,0.1045873830795288,0.11315045166015625
38,0.10059557523727417,0.12914277172088623
39,0.10149199829101563,0.14856935119628906
40,0.1008740888595581,0.10808182287216186
41,0.09842672386169433,0.07315994787216186
42,0.09653489770889283,0.07649232673645019
43,0.0946167119026184,0.10009096813201904
44,0.09404461212158204,0.1814680633544922
45,0.0963914794921875,0.10036337375640869
46,0.09220619077682495,0.12570061254501344
47,0.0903629355430603,0.12112945032119751
48,0.09196417360305786,0.06797212219238281
49,0.08877449493408203,0.07325150346755982
50,0.08490298728942872,0.1011021990776062
51,0.09029479284286498,0.12699056768417358
52,0.08597870721817016,0.08420417642593384
53,0.08842553796768189,0.0751891794204712
54,0.08368700981140137,0.11903302049636841
55,0.08996739664077759,0.07529114627838135
56,0.08442391958236695,0.07144535779953003
57,0.08351876792907714,0.1342721757888794
58,0.08269197874069213,0.09312047863006592
59,0.08147260541915893,0.07436381673812867
60,0.08354771842956543,0.0772288203239441
61,0.08612526636123657,0.08394859075546264
62,0.0805992109298706,0.06967347002029418
63,0.07853058595657349,0.159616868019104
64,0.0823991681098938,0.11296501398086548
65,0.08055325927734375,0.13069589328765868
66,0.07818766260147095,0.09669086694717408
67,0.08062254076004029,0.07217057657241821
68,0.07956890411376953,0.07519224691390991
