epoch,loss,val_loss
0,0.5702600269317627,0.6208020243644714
1,0.33460232315063476,0.21039833736419677
2,0.24660734891891478,0.23299398803710938
3,0.2186895544052124,0.17086099863052367
4,0.19653991117477418,0.26047028398513794
5,0.18383418798446655,0.25260169887542727
6,0.17740319852828978,0.15284151983261107
7,0.16162043085098265,0.18578648281097412
8,0.16026414346694945,0.12268244695663452
9,0.148989497756958,0.14984743118286134
10,0.15261539182662964,0.12725104427337647
11,0.15030890674591063,0.22010857248306273
12,0.13957467851638794,0.1423475399017334
13,0.12927720336914061,0.36556799459457395
14,0.13112838048934936,0.17770820713043212
15,0.12708511123657226,0.13933277893066406
16,0.12400195102691651,0.09907685041427612
17,0.11766144132614136,0.10619924688339233
18,0.1169047474861145,0.09547022676467895
19,0.11259641857147216,0.11175463676452636
20,0.11359787006378173,0.0991507740020752
21,0.10725896797180176,0.2017356128692627
22,0.10546365537643433,0.20808340406417847
23,0.11084631252288818,0.16155835676193236
24,0.10107418870925904,0.3485825982093811
25,0.10946543645858765,0.09412078380584717
26,0.10345013313293457,0.10132730197906493
27,0.0974570692062378,0.10654113340377808
28,0.09692153635025025,0.07431687355041504
29,0.09421490411758422,0.09863967561721802
30,0.09418625936508179,0.07784370040893554
31,0.09029149160385132,0.08360728025436401
32,0.09297894201278686,0.0867438349723816
33,0.09168451499938965,0.11059536266326904
34,0.09228903608322143,0.10900873947143555
35,0.08943586854934693,0.11727127170562744
36,0.08929834613800049,0.07942176580429078
37,0.08687871236801148,0.12097328233718872
38,0.08924498739242553,0.07467948341369629
39,0.08457613191604614,0.1320960144996643
40,0.08561891832351684,0.07569379663467407
41,0.08174434747695923,0.1569270315170288
42,0.08454384784698486,0.08505823373794556
43,0.0830411732673645,0.09518020629882812
44,0.08152672786712646,0.21134435176849364
