epoch,loss,val_loss
0,0.5649875998497009,0.4261830034255981
1,0.39194215059280396,0.30450828552246095
2,0.32436876430511474,0.3184619688987732
3,0.28994534521102905,0.22170212936401368
4,0.2664107319831848,0.21070757389068603
5,0.249082017993927,0.26780229663848876
6,0.23873224439620971,0.19823084449768066
7,0.23240479707717895,0.26925872325897215
8,0.23004159755706788,0.42914112854003905
9,0.21553355112075806,0.18303887367248536
10,0.2096587899208069,0.16634788608551027
11,0.20346550149917603,0.1694989137649536
12,0.19741631755828856,0.21900340843200683
13,0.19290657424926758,0.1689410457611084
14,0.18386222591400148,0.13538316202163697
15,0.1825140100479126,0.2454497308731079
16,0.1811859136581421,0.11908412647247314
17,0.1694182954788208,0.15089326906204223
18,0.1618665937423706,0.1830630235671997
19,0.15852854681015013,0.2628187713623047
20,0.15628358888626098,0.22802400732040407
21,0.15057612781524657,0.10908280086517334
22,0.14265566749572753,0.12973720121383667
23,0.13900691976547241,0.14347445392608643
24,0.13989042177200317,0.09876471567153931
25,0.13496897525787355,0.16105137968063354
26,0.1332488060951233,0.12242739248275757
27,0.12867407884597779,0.17222980642318725
28,0.13177773542404175,0.11101368141174317
29,0.12193634433746338,0.18201370191574096
30,0.11893006172180176,0.22458131408691406
31,0.1187058542251587,0.10931185293197632
32,0.11542245512008667,0.0910118465423584
33,0.11383862380981445,0.119070321559906
34,0.11024873685836792,0.08711953735351563
35,0.10893910942077636,0.13368989944458007
36,0.11051933822631836,0.08464613962173462
37,0.10392666034698486,0.16322669076919555
38,0.10606934661865235,0.18574338817596436
39,0.10697627611160278,0.0853780689239502
40,0.09878477449417114,0.1128927617073059
41,0.10000998725891114,0.09238142919540406
42,0.0972806113243103,0.11168642854690551
43,0.09206822118759156,0.08864993572235108
44,0.09555578603744506,0.0710601921081543
45,0.0984484299659729,0.09939177465438843
46,0.09373346786499023,0.15561612367630004
47,0.09511326942443847,0.09971693134307862
48,0.09330935153961181,0.07571028041839599
49,0.08784111623764038,0.06596898651123047
50,0.08827102241516113,0.07818209886550903
51,0.09192134046554565,0.1274143271446228
52,0.0889177414894104,0.08838538789749145
53,0.08704392490386963,0.0879969220161438
54,0.08593130378723145,0.16818384122848512
55,0.08457689189910889,0.10970094585418701
56,0.08562331953048706,0.11391322040557861
57,0.08477787017822265,0.1444325852394104
58,0.08685501651763916,0.0749620566368103
59,0.08559765949249268,0.1350646815299988
60,0.08156544981002807,0.12214741659164428
61,0.08505626602172851,0.09519488859176636
62,0.08193806829452514,0.0658490629196167
63,0.08141758613586426,0.08160852146148681
64,0.07975120239257813,0.08509805250167847
65,0.07903492813110352,0.0617414083480835
66,0.07825192041397094,0.06604712963104248
67,0.078409192943573,0.07349915647506713
68,0.07689583730697631,0.10857028150558472
69,0.07899404726028443,0.0774865689277649
70,0.07796261100769043,0.07218801069259644
71,0.07770937910079956,0.0728316683769226
72,0.07513427906036377,0.06085673999786377
73,0.07535825452804565,0.1628595871925354
74,0.0766122314453125,0.17367275714874267
75,0.07421217594146728,0.08744697999954223
76,0.07390895614624024,0.096333740234375
77,0.07312349891662598,0.09940809106826783
78,0.07350785503387451,0.07308069562911987
79,0.0721617642402649,0.09319494962692261
80,0.07325102491378783,0.12947504806518556
81,0.07227647361755371,0.059489728450775145
82,0.07295609884262085,0.0632639102935791
83,0.06962089099884033,0.14643419075012207
84,0.07215265588760376,0.07841647815704346
85,0.06950169706344604,0.15660831451416016
86,0.07216221647262573,0.07324382209777833
87,0.07045315656661988,0.06412538719177246
88,0.06949797105789185,0.09352811288833618
89,0.07058325710296631,0.09350162220001221
90,0.07116813097000121,0.06425053119659424
91,0.06980790281295776,0.09274665546417236
92,0.06949840021133423,0.07602535963058471
93,0.06775273284912109,0.08697726964950561
94,0.06813108644485473,0.10601880550384521
95,0.07016341285705567,0.07207527685165405
96,0.06853234519958495,0.061334059715271
97,0.06493288831710815,0.08673640251159669
98,0.06733487577438355,0.06418664836883545
99,0.06608144626617432,0.061964078426361084
100,0.06618203802108764,0.08881485080718994
101,0.06854697647094726,0.07026156568527221
