epoch,loss,val_loss
0,0.6666590444564819,0.5084156765937805
1,0.43406973180770875,0.33263369035720824
2,0.358038694858551,0.35980744981765744
3,0.33794698066711426,0.34740887355804445
4,0.321353239440918,0.3997190475463867
5,0.3213465566635132,0.2968590297698975
6,0.31090020933151247,0.29830212736129763
7,0.30434277334213256,0.3275872030258179
8,0.30170826692581176,0.2827734360694885
9,0.29634716482162476,0.306241418838501
10,0.2981596677780151,0.29001685762405394
11,0.2930647584915161,0.2764575366973877
12,0.29201975173950195,0.3566538653373718
13,0.2895093078613281,0.4551783351898193
14,0.28983613376617434,0.2947027502059937
15,0.2904763729095459,0.3374549527168274
16,0.2886311922073364,0.2898937544822693
17,0.2862277351379395,0.27320309162139894
18,0.2838671361923218,0.43010269832611087
19,0.28267045011520386,0.27938903617858885
20,0.28639082832336427,0.27060971736907957
21,0.2833589849472046,0.2744526176452637
22,0.28215872678756715,0.28134635591506957
23,0.28212560262680053,0.26828426885604856
24,0.2835055516242981,0.26929566049575804
25,0.2770052353858948,0.2684190707206726
26,0.27993121891021727,0.27127786922454833
27,0.2793541757583618,0.29715834951400755
28,0.27812660617828366,0.2644806571006775
29,0.27470588645935057,0.27855963039398196
30,0.27675983629226686,0.2718252511024475
31,0.2766068195343018,0.26430138540267945
32,0.2778222952842712,0.2660207643508911
33,0.2775875247955322,0.2631980891227722
34,0.27648257722854613,0.2626174869537353
35,0.27479448671340945,0.26284691858291626
36,0.27427512617111205,0.26883912944793703
37,0.27570295810699463,0.2618207240104675
38,0.27351351137161256,0.26568166303634644
39,0.272993980884552,0.2733233799934387
40,0.2734443699836731,0.2861847515106201
41,0.2729315460205078,0.26871045303344726
42,0.2725437079429626,0.2693600845336914
43,0.2711998044967651,0.2874449095726013
44,0.27327900838851926,0.2797292685508728
45,0.2732908880233765,0.2653108720779419
46,0.2706938829421997,0.2957211790084839
47,0.27381160459518433,0.28857013082504274
48,0.27054670543670656,0.26374265146255493
49,0.2690240330696106,0.2649106922149658
50,0.26903681077957153,0.26324425983428956
51,0.26842592735290527,0.26646334409713746
52,0.2697999468803406,0.27478632020950317
53,0.2702482931137085,0.35110969829559324
54,0.26879801864624026,0.26903926134109496
55,0.26624924659729005,0.2575012822151184
56,0.26760838680267335,0.277585985660553
57,0.2680675470352173,0.26333596277236937
58,0.2661412652015686,0.261569993019104
59,0.2667687894821167,0.264130316734314
60,0.2679668288230896,0.3144210228919983
61,0.26636491861343387,0.2709062705039978
62,0.2659920649528503,0.2559822759628296
63,0.26638556594848634,0.2613838744163513
64,0.26600700588226317,0.36869935607910154
65,0.2676501588821411,0.2646047034263611
66,0.26653679037094113,0.2892776641845703
67,0.2670033959388733,0.25815448665618895
68,0.26460032215118406,0.2651028504371643
69,0.2651575037956238,0.2591335906982422
70,0.2615694483757019,0.28101673984527586
71,0.2636506896972656,0.26055148458480837
72,0.26534537324905394,0.2575363068580627
73,0.2658702164649963,0.30862887573242187
74,0.2654473126411438,0.27706744956970214
75,0.2637964434623718,0.3298923764228821
76,0.26642202043533325,0.26004418849945066
77,0.2624597800254822,0.2692893581390381
78,0.2617998538017273,0.2735759744644165
79,0.2623825582504272,0.29548485898971555
80,0.26291761751174925,0.26272187089920046
81,0.2622213848114014,0.2623465270996094
82,0.26103656730651853,0.28425644540786743
