epoch,loss,val_loss
0,0.6777971504211425,0.6641835284233093
1,0.4315322540283203,0.265001145362854
2,0.27752606592178347,0.23676268672943115
3,0.22155792207717895,0.2860315809249878
4,0.2054186544418335,0.24846018743515014
5,0.19220904035568237,0.17227289724349976
6,0.18215988969802857,0.2288473963737488
7,0.17329442234039308,0.21222440481185914
8,0.16977032051086427,0.13912649202346802
9,0.1580700259208679,0.2576581048965454
10,0.15939043455123902,0.13878558921813966
11,0.15652227935791016,0.1380649914741516
12,0.14996114778518677,0.14216417694091796
13,0.1532271683692932,0.1309497857093811
14,0.1455805968284607,0.12795370388031005
15,0.14364525680541992,0.1433974642753601
16,0.1450634545326233,0.12192585515975952
17,0.141128134059906,0.2718501453399658
18,0.1401534571647644,0.1350196189880371
19,0.13439042301177978,0.26160023069381716
20,0.1382834412574768,0.11745902061462403
21,0.13238202142715455,0.14388222122192382
22,0.13443209085464478,0.16889570903778076
23,0.12941273317337035,0.11429103708267212
24,0.1325305510520935,0.11820681619644165
25,0.12715999069213868,0.11622982501983642
26,0.12802468233108522,0.12218911170959473
27,0.12506504945755004,0.12020691394805909
28,0.1270062433242798,0.20507017087936402
29,0.12464084663391113,0.13708052158355713
30,0.12421126003265381,0.11455717992782592
31,0.12407128658294678,0.14164052295684815
32,0.12154096231460572,0.29249699068069457
33,0.12394120197296142,0.11252090072631836
34,0.12033917102813721,0.143380774974823
35,0.12082994403839112,0.10705004405975342
36,0.1178231367111206,0.11181700897216797
37,0.12115031728744508,0.10658775281906128
38,0.11693969249725342,0.10893214321136474
39,0.11743329296112061,0.2601967535018921
40,0.11643082838058472,0.11284683418273926
41,0.11667496623992919,0.1040814299583435
42,0.11179080057144165,0.2376688952445984
43,0.11597432022094727,0.13988168907165527
44,0.11891398296356201,0.10831939697265625
45,0.11423238897323608,0.11383429050445557
46,0.11347342853546143,0.11071987438201904
47,0.11108177938461304,0.14042019271850587
48,0.1134316330909729,0.09939483594894409
49,0.10949943552017212,0.12595015239715576
50,0.11056300468444824,0.12623643398284912
51,0.11112905435562134,0.11448461198806763
52,0.11074067201614379,0.14175226068496705
53,0.1083171802520752,0.09916504383087159
54,0.10693542709350586,0.1578736047744751
55,0.10953801765441895,0.09703208112716674
56,0.10861710968017578,0.11827476501464844
57,0.1074256962776184,0.09925744962692261
58,0.10705208702087403,0.13725690460205078
59,0.10878214740753174,0.10418345546722411
60,0.10585254955291748,0.1716509966850281
61,0.10712104721069336,0.0949036922454834
62,0.10513133211135864,0.09824141359329223
63,0.10469987449645995,0.1729907398223877
64,0.10717456922531128,0.09757648468017578
65,0.10474769659042359,0.1190911283493042
66,0.10581658086776734,0.1020167293548584
67,0.10408736000061035,0.17865789127349854
68,0.10532373323440551,0.09788532972335816
69,0.10341961755752563,0.1679318652153015
70,0.10536628303527833,0.10298308753967285
71,0.10246599311828614,0.09571835041046142
