epoch,loss,val_loss
0,0.8674041606903076,0.7563872184753418
1,0.7606633315086365,0.7288194608688354
2,0.7159448125839233,0.7741690530776978
3,0.6941519088745117,0.6825137243270875
4,0.6824684774398804,0.6751062073707581
5,0.6726608554840088,0.7115175724029541
6,0.6682735189437866,0.6571720390319824
7,0.6611743797302246,0.7267002172470093
8,0.6572282751083374,0.6634469366073609
9,0.651428048324585,0.7604879608154297
10,0.6496305265426636,0.643895453453064
11,0.6438040180206299,0.6623874020576477
12,0.6457747026443481,0.6435112857818603
13,0.6400263383865357,0.6518163003921509
14,0.6422799106597901,0.637336320400238
15,0.6356694794654846,0.6455579671859741
16,0.636789200592041,0.6502385063171386
17,0.6358973411560058,0.6488309144973755
18,0.634420679283142,0.6473388633728028
19,0.6331910282135009,0.6604814720153809
20,0.633200038909912,0.6407764120101929
21,0.6306836215972901,0.6686152892112732
22,0.6335606903076172,0.6296640000343323
23,0.6297083557128906,0.632990550994873
24,0.6301434891700745,0.6923147969245911
25,0.6267925258636474,0.6338770570755005
26,0.6282464395523071,0.7074131603240967
27,0.627885022354126,0.6308451633453369
28,0.6282286499023437,0.6295405645370483
29,0.626384872341156,0.6484697036743164
30,0.6258808145523072,0.631712550163269
31,0.6266720509529113,0.6350795912742615
32,0.6261155508041382,0.6405745906829834
33,0.6279019533157348,0.6316960854530335
34,0.6247092908859253,0.698707293510437
35,0.6257595691680908,0.6317520775794983
36,0.6239966381072998,0.6288278641700744
37,0.6255948125839234,0.6578076858520507
38,0.6239372299194336,0.6355281429290771
39,0.6252465034484863,0.6429573955535889
40,0.6245541067123414,0.6279797859191895
41,0.6236073974609375,0.6427805500030518
42,0.6232253702163696,0.6471481704711914
43,0.6227345804214478,0.6362437047958374
44,0.622199529838562,0.6334052753448486
45,0.6243398021697998,0.6488060660362244
46,0.6226230108261108,0.652192352771759
47,0.6225595759391784,0.6499074583053589
48,0.6237375834465027,0.6345301947593689
49,0.6225527547836304,0.6409660682678223
50,0.6220801050186158,0.6361065330505371
51,0.6208511398315429,0.6279344663619996
52,0.6211392958641052,0.6410228562355041
53,0.6211547289848328,0.649429612159729
54,0.6225544380187988,0.6537957663536071
55,0.6211662929534912,0.6650199823379517
56,0.6219067846298217,0.6480225372314453
57,0.6206515892028809,0.6359085488319397
58,0.6198355553627014,0.6277719621658325
59,0.620022813987732,0.7465524506568909
60,0.6232628358840943,0.6287660589218139
61,0.6194253434181214,0.6363746542930603
62,0.6201092935562134,0.6472303104400635
63,0.6205876696586609,0.6334450101852417
64,0.620798317527771,0.6309181537628173
65,0.6195097730636596,0.650808027267456
66,0.6212595574378967,0.6334391489028931
67,0.6192599523544311,0.6371552181243897
68,0.6194246034622193,0.6452346677780152
69,0.6196798892974853,0.6331282081604004
70,0.6194094247817993,0.6327173237800598
71,0.6200387306213379,0.6483639135360718
72,0.6189723411560059,0.6663236064910889
73,0.6187204093933105,0.6271089153289795
74,0.6173706848144531,0.6246237869262695
75,0.6174252206802369,0.6265833950042725
76,0.6198921175003052,0.6350685648918152
77,0.6186742048263549,0.6600419182777405
78,0.6192517653465271,0.6324876003265381
79,0.6191813480377197,0.6534187002182007
80,0.6190345203399659,0.6397424721717835
81,0.6196293115615845,0.6555171256065369
82,0.6181689025878906,0.6562496891021729
83,0.6174923522949218,0.645959424495697
84,0.6171296421051026,0.6420633878707885
85,0.6186549850463867,0.6304509902000427
86,0.6180705965042115,0.6348907556533814
87,0.6191233730316162,0.6564220042228699
88,0.6178362314224243,0.6590720992088318
89,0.6175044589042663,0.6612035393714905
90,0.6179709930419922,0.6591134510040283
