epoch,loss,val_loss
0,0.6205344081878662,0.42359033823013303
1,0.29709341278076173,0.41118425750732424
2,0.20010239667892457,0.22451687622070313
3,0.1723834493637085,0.12124295949935913
4,0.15543803091049194,0.13208994674682617
5,0.14535931215286255,0.10452888107299804
6,0.1376034712791443,0.10610701608657837
7,0.12602409353256225,0.21046653270721435
8,0.12277355260848999,0.14534461116790773
9,0.11487957534790039,0.12173799419403077
10,0.11566124362945557,0.3046249799728394
11,0.11192547597885132,0.11530640316009522
12,0.10956358261108398,0.09614629745483398
13,0.10259690446853638,0.08270128965377807
14,0.09769077634811402,0.08549843072891235
15,0.09891412210464477,0.1344682002067566
16,0.09790894422531128,0.07528048419952392
17,0.09249275741577148,0.07713577985763549
18,0.09378457260131835,0.19629997205734254
19,0.09115835933685303,0.07500790119171143
20,0.09226611223220825,0.0823524146080017
21,0.08571054286956788,0.12945765542984009
22,0.08646790714263916,0.07493059635162354
23,0.08519573230743409,0.07637180852890015
24,0.08345033617019654,0.07980996465682984
25,0.08381505498886109,0.09753871726989746
26,0.08049174814224243,0.0724896969795227
27,0.08127402963638305,0.07398735427856445
28,0.08092305164337159,0.11242747020721436
29,0.0807118233680725,0.07108896064758301
30,0.07581769561767578,0.0689311842918396
31,0.07985014333724975,0.07058982706069947
32,0.07587829704284668,0.20064728021621703
33,0.07853038911819459,0.0705932731628418
34,0.0760499568939209,0.0728854250907898
35,0.0750179934501648,0.07470333337783813
36,0.07404148025512695,0.08138914060592652
37,0.07474080400466919,0.0804534592628479
38,0.07501565046310425,0.10847723627090454
39,0.07288650770187378,0.06350338697433472
40,0.07092047643661499,0.08019559955596924
41,0.07428195867538452,0.12460849952697754
42,0.07254591312408447,0.07336568069458008
43,0.07017529191970825,0.07740494060516358
44,0.07182770042419434,0.09721169805526733
45,0.07113219003677368,0.0724834566116333
46,0.07101540374755859,0.061742180347442624
47,0.06905390453338624,0.06967548036575318
48,0.06829621992111207,0.061917725086212155
49,0.07013525466918945,0.1733323073387146
50,0.07074048385620117,0.06200898694992065
51,0.06840497159957885,0.07113603258132935
52,0.06832710762023926,0.06416834211349487
53,0.06902007122039795,0.06142270612716675
54,0.06681222305297851,0.06749761772155762
55,0.06746124925613403,0.0635961217880249
56,0.0650795789718628,0.07422158050537109
57,0.06673269529342651,0.06925868177413941
58,0.06655715408325195,0.06098363208770752
59,0.06518051872253418,0.0672801489830017
60,0.0644836238861084,0.06368969678878784
61,0.0652037281036377,0.06265747499465943
62,0.06287567567825317,0.061846385478973386
63,0.064242809009552,0.08704889917373657
64,0.06479867992401123,0.07930134725570678
65,0.06530831155776977,0.05797779560089111
66,0.06319847135543823,0.06159033060073853
67,0.06457372770309448,0.06065017890930176
68,0.0637267840385437,0.08407139730453492
69,0.06358590602874756,0.09922448778152466
70,0.06348592290878297,0.06886336994171142
71,0.06292543621063232,0.07616690063476562
72,0.06319964208602906,0.06768004751205445
73,0.06139399604797363,0.06065330266952515
74,0.06379205999374389,0.07086039924621582
75,0.06274043846130371,0.06314220380783081
76,0.06186400804519653,0.07514343214035034
77,0.06375615434646606,0.05896051549911499
78,0.06158095808029175,0.07055772256851196
79,0.061759134006500245,0.058321537017822264
80,0.06031001501083374,0.05677078199386597
81,0.061206908702850345,0.07913568639755249
82,0.06088119049072266,0.05889637279510498
83,0.0608772554397583,0.05811338138580322
84,0.06099804220199585,0.08347179841995239
85,0.06112836589813232,0.07027864265441895
86,0.06040056571960449,0.05810584878921509
87,0.0593443169593811,0.07490068006515503
88,0.06024478187561035,0.057977022171020506
89,0.05962135362625122,0.06955953454971313
90,0.060806738662719725,0.061027777671813964
91,0.059959531211853025,0.1369671998023987
92,0.06113604602813721,0.062259312152862546
93,0.06042905540466308,0.06653210973739623
94,0.06083790216445923,0.13717214965820312
95,0.060119499492645265,0.05840724611282349
96,0.05819412412643433,0.09855848836898803
