epoch,loss,val_loss
0,0.9699879032135009,0.9650342049598694
1,0.9265967903137207,0.9288239331245423
2,0.9035461948394775,0.9323995857238769
3,0.8969922298431396,0.9150677318572998
4,0.8976674418449402,0.9106281590461731
5,0.8915294152259826,0.904218891620636
6,0.8914450464248658,0.9064475879669189
7,0.8896911197662354,0.9049616885185242
8,0.8884330347061157,0.9061298189163208
9,0.8888274291992188,0.9012445454597473
10,0.8892390477180481,0.9001812434196472
11,0.8878942708015441,0.9180160427093506
12,0.8880201636314392,0.9003848962783814
13,0.8864601855278015,0.9189439096450805
14,0.8863795070648194,0.8997397274971008
15,0.8867163049697876,0.9002538385391236
16,0.8859446560859681,0.8995267338752747
17,0.8854645683288574,0.9001070723533631
18,0.8853491575241089,0.9042952818870544
19,0.8859276908874512,0.8988104305267334
20,0.8855636668205261,0.9089752264022827
21,0.8855802636146546,0.9005194568634033
22,0.8842307800292969,0.9021435098648072
23,0.8848085567474365,0.8984116373062134
24,0.8834689067840577,0.9573067746162415
25,0.8848365282058716,0.8991993231773376
26,0.8839949605941773,0.9093142237663269
27,0.883877502822876,0.8985689067840577
28,0.8834001763343811,0.8988407979011536
29,0.8831935787200927,0.8995196886062622
30,0.8825686869621276,0.9033924617767334
31,0.8833822261810302,0.9322897644042969
32,0.8825309098243713,0.9024971323013306
33,0.8828297281265258,0.911963285446167
34,0.8838752453804016,0.949341459274292
35,0.884623637676239,0.9004068675041199
36,0.8817494498252869,0.9054107608795166
37,0.8818079872131348,0.9001552524566651
38,0.8818625600814819,0.8983834018707275
39,0.8814950974464416,0.8988107380867004
40,0.8817044267654419,0.9086343035697937
41,0.8816969137191772,0.8978577160835266
42,0.8818438673973084,0.8991234574317932
43,0.8816930304527283,0.9072322664260865
44,0.8820642030715943,0.9086506657600403
45,0.8814365243911744,0.9014427547454834
46,0.881553521823883,0.8975886793136597
47,0.8811005749702454,0.8956941947937012
48,0.8810438376426697,0.8977614107131958
49,0.8805874103546143,0.9047222867012024
50,0.8808604974746704,0.8963167638778686
51,0.8814369684219361,0.8983597836494446
52,0.8810909450531006,0.9002356414794922
53,0.8823599833488465,0.898448832988739
54,0.8812180936813354,0.8996350092887878
55,0.8807327455520629,0.8972479810714722
56,0.8792344277381897,0.9003828830718994
57,0.879836993598938,0.9122343344688415
58,0.8800920882225036,0.8970044465065002
59,0.8792539235115051,0.9065798907279968
60,0.8805877782821655,0.8982741341590882
61,0.8796762271881103,0.9364644365310669
62,0.8804758323669434,0.9078321280479431
63,0.8797347049713135,0.901917911529541
64,0.8785444133758545,0.8998310213088989
65,0.8781295596122741,0.8985642285346985
66,0.8788240789413452,0.9152503862380982
67,0.8780475018501281,0.8962657866477967
