epoch,loss,val_loss
0,0.5709200164794922,0.5433690099716186
1,0.29908430290222165,0.18473043489456176
2,0.2056848415374756,0.13350393199920654
3,0.17336664018630982,0.16865789031982423
4,0.1554467498779297,0.19580747270584106
5,0.14373291606903077,0.2687484078407288
6,0.13878753204345703,0.09648098087310791
7,0.12405581741333008,0.09140381002426147
8,0.11680804071426391,0.10145872116088867
9,0.11415341796875,0.177495192527771
10,0.10911694860458374,0.09203358411788941
11,0.10171199741363525,0.08750953912734985
12,0.09968181581497193,0.07682718467712403
13,0.09431513767242432,0.21586241579055787
14,0.09294235525131225,0.14801319313049316
15,0.09083402833938599,0.07094202756881714
16,0.08653702049255371,0.06352807426452636
17,0.08652578926086425,0.08548736667633057
18,0.08299633646011352,0.06485231685638428
19,0.07846899576187134,0.06500604391098022
20,0.07809422864913941,0.12870929050445556
21,0.0769962121963501,0.07459423351287842
22,0.07625035572052002,0.06153292989730835
23,0.07466552324295044,0.0724524564743042
24,0.07227534608840942,0.15357439708709716
25,0.07341383810043335,0.10536133766174316
26,0.06911870441436768,0.05221929883956909
27,0.07053571405410766,0.05541773223876953
28,0.06908541212081909,0.05360917615890503
29,0.06950199089050293,0.0547155294418335
30,0.06697765798568725,0.07842429208755493
31,0.06567421379089355,0.08417281770706177
32,0.06631131181716919,0.07030994653701782
33,0.06362423315048218,0.05900645160675049
34,0.0654857871055603,0.05551009559631347
35,0.06445991468429565,0.06154830312728882
36,0.062049214935302736,0.05140740394592285
37,0.06522809743881225,0.05802618789672852
38,0.06256749153137207,0.08456970596313476
39,0.063526784324646,0.14139716148376466
40,0.062382250499725345,0.06123270606994629
41,0.06054475336074829,0.05808258581161499
42,0.06101399984359741,0.07407433652877808
43,0.060977963924407956,0.09041107606887817
44,0.05892743101119995,0.05798034572601318
45,0.05878873529434204,0.047319385051727295
46,0.059863278675079346,0.04770557498931885
47,0.056584339809417725,0.13888281869888305
48,0.05938380441665649,0.0704075231552124
49,0.05758138751983643,0.04778572130203247
50,0.05756244287490845,0.04570581817626953
51,0.05835580053329468,0.05484202861785889
52,0.057245644950866696,0.06829736948013305
53,0.05673660249710083,0.06742162084579467
54,0.05562065906524658,0.049536412715911866
55,0.055257779693603515,0.07929825639724732
56,0.05766873579025269,0.04703766107559204
57,0.055483227252960204,0.04983530235290527
58,0.053309491348266604,0.04420354461669922
59,0.0551232385635376,0.05483387231826782
60,0.05255036249160767,0.09063096761703492
61,0.055703844833374025,0.0469704270362854
62,0.053608531093597415,0.04755553245544433
63,0.053522258853912354,0.04295936822891235
64,0.053384714031219485,0.053337683200836185
65,0.05423103923797607,0.06022990131378174
66,0.05327457313537598,0.11404179430007935
67,0.05226227474212646,0.06624597692489624
68,0.053638387870788576,0.046129703521728516
69,0.05224304895401001,0.05394281101226807
70,0.05352301063537598,0.04694785118103027
71,0.051796249771118165,0.05180398416519165
72,0.05224497127532959,0.05978457975387573
73,0.05262555074691772,0.056961277484893796
74,0.05207424354553223,0.13261619758605958
75,0.054181794548034665,0.044903163433074954
76,0.0511277738571167,0.05352750396728516
77,0.051366827964782716,0.11343638563156128
78,0.05287365570068359,0.09992222356796264
79,0.052493212699890136,0.05110478448867798
