epoch,loss,val_loss
0,0.87536337556839,0.7548001918792725
1,0.7286093988418579,0.6795237612724304
2,0.6721519859313965,0.7157405104637146
3,0.6445072027206421,0.6502685251235962
4,0.6303729425430298,0.6566018295288086
5,0.6140226754188538,0.589956506729126
6,0.6060878865242004,0.6684196672439575
7,0.6040547287940979,0.6627147569656372
8,0.5906771919250489,0.6005698170661926
9,0.5827300348281861,0.598090341091156
10,0.5770524076461792,0.6059232416152954
11,0.5751186117172241,0.6171055355072022
12,0.5745396566390991,0.6400445957183838
13,0.5706776650428772,0.5918751173019409
14,0.5640800157546997,0.6024912509918213
15,0.5657127817153931,0.5534292869567871
16,0.5595771164894104,0.5787624835968017
17,0.5583649581909179,0.565686803817749
18,0.5576926456451416,0.5441052703857422
19,0.5556803016662598,0.5464765686988831
20,0.5556955015182495,0.5910489621162415
21,0.554756120300293,0.5510296726226807
22,0.5538311212539673,0.6133578419685364
23,0.5528338368415833,0.5989684982299804
24,0.5519216125488281,0.5666072216033936
25,0.551712338924408,0.5472514400482178
26,0.5492752703666687,0.5521561203002929
27,0.5520257955551148,0.5679365382194519
28,0.5480360704421997,0.5261601619720458
29,0.5502265180587769,0.5435365462303161
30,0.5489604028701782,0.6311488456726074
31,0.5489847862243652,0.5765530796051025
32,0.5487027963638306,0.5360640983581543
33,0.547735974407196,0.5292789134979248
34,0.547435398197174,0.5574648509025574
35,0.5490391319274902,0.546179636478424
36,0.5464545349121094,0.5993065485954284
37,0.5491988864898681,0.5354638433456421
38,0.545231457901001,0.5376457872390747
