epoch,loss,val_loss
0,0.5264047109603882,0.3002866978645325
1,0.19912151718139648,0.1335406126976013
2,0.11609145727157592,0.0737685580253601
3,0.0872392629623413,0.06398583507537842
4,0.08078110942840576,0.07372261095046997
5,0.06939210453033447,0.07140003252029418
6,0.06159937858581543,0.03975834321975708
7,0.05419683218002319,0.03384504795074463
8,0.05279504137039184,0.056891104221344
9,0.04501436710357666,0.03234814643859863
10,0.0447326169013977,0.02921241331100464
11,0.04292544393539429,0.02925300931930542
12,0.0402220308303833,0.06202320146560669
13,0.0400727071762085,0.0347717547416687
14,0.03839471845626831,0.02808627510070801
15,0.03335177145004273,0.02279221200942993
16,0.03413726682662964,0.02542355442047119
17,0.03437734813690185,0.055612797737121585
18,0.03045730037689209,0.020563977241516113
19,0.031033287143707275,0.06079052829742432
20,0.02775720043182373,0.05027956676483154
21,0.027249583435058594,0.019421226978302
22,0.027459928703308104,0.021594260692596436
23,0.027618587684631348,0.023177359580993654
24,0.027150222301483153,0.019530317783355712
25,0.02325612907409668,0.020368085861206055
26,0.023983518028259276,0.018728384494781494
27,0.02436310739517212,0.019729230403900146
28,0.020999280643463136,0.018167033195495605
29,0.02418851089477539,0.01861099910736084
30,0.01917626485824585,0.04791559886932373
31,0.021697467136383056,0.01759654235839844
32,0.01945263147354126,0.04492811727523804
33,0.020828381729125975,0.015370417594909667
34,0.019517893505096435,0.014704784393310548
35,0.01963762664794922,0.018578634738922118
36,0.018773091793060304,0.04420030689239502
37,0.020166301727294923,0.0141830415725708
38,0.01811487674713135,0.01810647106170654
39,0.018936872482299805,0.03359749984741211
40,0.01640286102294922,0.01933348560333252
41,0.017073820686340332,0.030402597427368165
42,0.018574986457824707,0.013783531188964844
43,0.017991197395324707,0.014512687206268311
44,0.016763650226593017,0.01341460084915161
45,0.017917411327362062,0.020850836277008056
46,0.017799104499816896,0.013200852394104004
47,0.016376022243499756,0.013988301277160645
48,0.015551101779937744,0.018898287296295165
49,0.01570928010940552,0.023706634998321534
50,0.016255186748504638,0.015377706050872802
51,0.014533240985870362,0.013442639350891114
52,0.015775594329833983,0.012316929817199706
53,0.014351721286773683,0.029412397861480713
54,0.015239596366882324,0.01465696096420288
55,0.014437887477874755,0.07037261581420898
56,0.014274671936035157,0.018672900676727295
57,0.013816250324249267,0.011963062286376953
58,0.015110936546325683,0.014325203895568848
59,0.013591057872772217,0.020517774105072023
60,0.01428194465637207,0.018769789695739746
61,0.014853482055664063,0.018800880432128905
62,0.013241582107543946,0.013330311775207519
63,0.015231237983703613,0.014505373001098634
64,0.014040803813934325,0.30896644449234006
65,0.022745456981658935,0.012418549060821533
66,0.012333672428131104,0.015089035034179688
67,0.012957637596130372,0.01159332847595215
68,0.012104261493682862,0.01558213186264038
69,0.013764998626708984,0.013293769359588623
70,0.012383599853515625,0.012001710891723633
71,0.012159777641296386,0.010865976810455322
72,0.01203373680114746,0.011288016319274903
73,0.011418541431427003,0.022326700687408448
74,0.014126725292205811,0.010520236015319824
75,0.012682036972045898,0.010620434761047364
76,0.012720137691497803,0.010900124073028565
77,0.01247178258895874,0.011148550510406495
78,0.011650691032409668,0.01036623191833496
79,0.01202224531173706,0.010280185699462891
80,0.012541996574401856,0.010206642150878907
81,0.011265264797210694,0.014665061473846436
82,0.011108080196380616,0.012893933296203614
83,0.013031414985656738,0.010797980785369874
84,0.011195870971679688,0.010565770149230958
85,0.012063743686676025,0.011560216903686523
86,0.011565160655975341,0.010129019737243653
87,0.01147422456741333,0.012938179016113282
88,0.011682175827026367,0.011105433464050293
89,0.011237167930603028,0.01032097339630127
90,0.011530057621002197,0.01163418197631836
91,0.010346679782867432,0.017291306972503664
92,0.011632277774810792,0.009654616355895996
93,0.012201370620727538,0.009652289390563965
94,0.011037777519226074,0.012344902992248535
95,0.010137536907196045,0.009648946285247803
96,0.011454343223571778,0.00954471492767334
97,0.010318131732940675,0.009633558750152588
98,0.010805212593078614,0.009774081707000733
99,0.012181629657745361,0.009825561046600342
100,0.010692285346984864,0.009565935611724854
101,0.009904366970062256,0.01533632755279541
102,0.010838700199127197,0.00956439733505249
103,0.009972776889801025,0.00961319875717163
104,0.01044262294769287,0.009197670459747315
105,0.011229441261291504,0.009763757228851318
106,0.010390644645690918,0.009561078071594238
107,0.009706106281280517,0.01123532247543335
108,0.011275625133514404,0.012228707313537597
109,0.010315354824066161,0.011989168643951416
110,0.009690469837188721,0.010037357330322266
111,0.01125892333984375,0.030622491359710693
112,0.010829150009155273,0.00998727321624756
113,0.009667644214630127,0.009860545635223388
114,0.009657765007019044,0.012886515617370605
115,0.0100405930519104,0.008932339191436768
116,0.01095992431640625,0.009101599216461182
117,0.009800251770019532,0.011165496826171874
118,0.009917280960083008,0.008797926902770996
119,0.009357670402526856,0.009056817531585694
120,0.010906543064117431,0.01065342903137207
121,0.008725622653961181,0.008830978393554687
122,0.009463608646392823,0.00864324951171875
123,0.009687344646453858,0.011613608837127686
124,0.009792040157318115,0.008947574615478515
125,0.009492408657073974,0.008630366325378417
126,0.009204369735717774,0.009951159000396729
127,0.009308641815185547,0.008557114124298095
128,0.010555019855499267,0.008560243606567383
129,0.008667209148406983,0.010088504791259766
130,0.010066427040100098,0.01320177412033081
131,0.010111560916900636,0.008683466911315918
132,0.00989759283065796,0.008605021476745606
133,0.009796198749542236,0.011386889934539795
134,0.009019024467468263,0.013967480659484863
135,0.008408740901947022,0.010253841876983643
136,0.009106363964080811,0.008403995037078858
137,0.00918724184036255,0.018580417156219484
138,0.008661432075500488,0.008310068130493163
139,0.00952600326538086,0.008693400382995606
140,0.00887572088241577,0.028997161865234374
141,0.008737730503082275,0.009484757900238037
142,0.007736263275146485,0.008145962238311768
143,0.009288846874237061,0.02287983560562134
144,0.009958590126037597,0.008251475334167481
145,0.008980938911437988,0.023420000076293947
146,0.00882919454574585,0.008138026714324951
147,0.008920380592346192,0.010004581451416016
148,0.00912615327835083,0.008098392963409425
149,0.008015212154388428,0.00877860164642334
150,0.00963096227645874,0.008627458095550537
151,0.008595249843597412,0.00999137783050537
152,0.008451535606384277,0.011586697578430175
153,0.008087795734405517,0.007885462760925293
154,0.009689411067962646,0.012215942859649657
155,0.008870188522338868,0.008272188663482666
156,0.008299110221862792,0.008064760208129882
157,0.008184990882873534,0.02520330047607422
158,0.008741300201416016,0.008926370620727538
159,0.009290609741210938,0.00820323085784912
160,0.00850812177658081,0.008116176128387451
161,0.008637598896026612,0.007755059242248535
162,0.008347901821136474,0.007770304203033447
163,0.007910875797271729,0.013945371150970458
164,0.00841143627166748,0.009740699768066406
165,0.008139015007019043,0.007839128017425537
166,0.008249849033355712,0.008329458236694336
167,0.008692681407928466,0.008041628360748291
168,0.008484285926818848,0.008158196926116943
169,0.007901620197296143,0.008266080856323242
170,0.008491203212738037,0.007897881031036377
171,0.007300179386138916,0.008098785400390624
172,0.008291085529327393,0.011714596748352051
173,0.00971521978378296,0.007830505847930908
174,0.00731181173324585,0.00765145206451416
175,0.008265773868560792,0.007719144821166992
176,0.007979644966125488,0.010481551647186279
177,0.00801243133544922,0.008634514808654785
178,0.008114729404449463,0.007539244651794433
179,0.007989060115814208,0.007659444332122803
180,0.008129593563079834,0.007496675491333008
181,0.008333833885192871,0.008215171813964844
182,0.008030182075500488,0.014602383613586426
183,0.009017838859558105,0.00731126880645752
184,0.0074653838157653805,0.00793628215789795
185,0.0077795403480529785,0.009726088523864746
186,0.008293055057525634,0.007289920330047607
187,0.007725833511352539,0.007854219436645507
188,0.007281077861785889,0.009345539569854736
189,0.00843154525756836,0.011166785717010498
190,0.00843839635848999,0.008782233715057373
191,0.007634808444976807,0.0072595572471618654
192,0.007409645175933838,0.008480960845947266
193,0.007355618381500244,0.013642904758453369
194,0.007389756584167481,0.007829887390136719
195,0.007377372646331787,0.0112393536567688
196,0.007220904350280762,0.009148372173309325
197,0.00759028902053833,0.01169677495956421
198,0.008080783557891845,0.007525789737701416
199,0.008144026374816895,0.0071652960777282716
200,0.006988716983795166,0.008658127307891846
201,0.007800533866882324,0.007121481895446777
202,0.007838149070739747,0.008889414787292481
203,0.00725651159286499,0.01083689308166504
204,0.007448997020721436,0.0081344952583313
205,0.007637725925445557,0.007047188282012939
206,0.007113844585418701,0.010214200019836426
207,0.007616388607025146,0.007245816707611084
208,0.008141359615325928,0.007153971195220947
209,0.007336496353149414,0.00785726261138916
210,0.007611327743530273,0.007028259754180908
211,0.007336784267425537,0.00710322904586792
212,0.0070361220359802246,0.0070268077850341795
213,0.007251232814788819,0.007013458251953125
214,0.0076420197486877445,0.007839284420013427
215,0.006735178279876709,0.007032557487487793
216,0.007115958023071289,0.010326736927032471
217,0.007391584682464599,0.007835054397583007
218,0.007128445243835449,0.006812942981719971
219,0.0076066271781921385,0.007901790618896485
220,0.006767594718933106,0.0067546811103820804
221,0.007224947643280029,0.00725029993057251
222,0.006710569286346436,0.007346636295318604
223,0.007446371269226074,0.00679469347000122
224,0.006546842193603516,0.006743868350982666
225,0.006481751060485839,0.0158484787940979
226,0.0074465428352355955,0.010871344089508057
227,0.007733666706085205,0.006656777858734131
228,0.006859201908111573,0.007213668346405029
229,0.006785322284698486,0.00718929386138916
230,0.007798046016693115,0.006838476657867432
231,0.006905528736114502,0.006795455932617187
232,0.00665790023803711,0.007276128768920898
233,0.006758047580718994,0.006895574569702148
234,0.007360046100616455,0.007625067234039306
235,0.0063422385215759275,0.006932812213897705
236,0.0063547924041748045,0.008269547462463379
237,0.0065139513969421385,0.009619719505310058
238,0.007915677165985107,0.006981585025787353
239,0.0070777502059936525,0.00671284818649292
240,0.006309329700469971,0.009491283416748047
241,0.006841356658935547,0.011407227993011474
242,0.0073737064361572265,0.02195102071762085
243,0.006533385944366455,0.006668754577636719
244,0.006975660514831543,0.007239122390747071
245,0.007562777805328369,0.006867591857910156
246,0.006170330429077149,0.00662869119644165
247,0.007140531063079834,0.006521546840667724
248,0.006061402320861817,0.007102053165435791
249,0.00669705286026001,0.006475568294525147
250,0.00681957778930664,0.007276828289031982
251,0.006782402324676514,0.0064767408370971676
252,0.006710273933410645,0.006877832889556885
253,0.006227906608581543,0.0071081709861755375
254,0.006718200397491455,0.006498106956481934
255,0.007093390846252441,0.0067187819480896
256,0.006816143321990967,0.006488783359527588
257,0.006475633335113525,0.006748174667358399
258,0.006778881454467774,0.00646709394454956
259,0.006142779159545898,0.012554278373718262
260,0.008436548709869384,0.00788707733154297
261,0.00590333251953125,0.008018739223480224
262,0.0061515460968017575,0.0065336813926696775
263,0.006659006118774414,0.006658764839172363
264,0.006102437877655029,0.00784811782836914
265,0.006838065814971924,0.009445458889007568
266,0.007012928581237793,0.0067344985008239745
267,0.005735079383850097,0.006552336215972901
268,0.006561565017700196,0.007542905807495118
269,0.007213265419006348,0.006213984489440918
270,0.0065138649940490725,0.006278563499450684
271,0.005750207233428955,0.007770136833190918
272,0.006516806316375732,0.0075200295448303225
273,0.007093018913269043,0.00692070484161377
274,0.006312210655212402,0.010619492530822753
275,0.0061876216888427735,0.017148236751556398
276,0.007091517829895019,0.006218357086181641
277,0.005793112850189209,0.006751948833465576
278,0.006330894947052002,0.006142860889434815
279,0.006396227550506592,0.006169066905975342
280,0.006552477169036865,0.007164011955261231
281,0.007996019840240478,0.008543838024139404
282,0.005802679443359375,0.0061941127777099605
283,0.0061416093826293944,0.006512472152709961
284,0.005763916778564453,0.007805112838745117
285,0.00655482702255249,0.009189972877502442
286,0.00679885196685791,0.0062049636840820314
287,0.0061427923202514645,0.006264508724212647
288,0.00754594087600708,0.008662293434143067
289,0.005976735782623291,0.0062491421699523925
290,0.00558939037322998,0.006442935466766358
291,0.006207767677307129,0.008767352104187012
292,0.007144155216217041,0.006656017780303955
293,0.005990584850311279,0.006348426818847656
294,0.005665529727935791,0.007417625904083252
295,0.006198284816741943,0.006476335525512696
296,0.006187928199768066,0.006014112949371338
297,0.005873197650909424,0.010848913669586182
298,0.00747055492401123,0.01078157615661621
299,0.00624989881515503,0.006322924137115478
300,0.007100257301330566,0.039098416328430176
301,0.006245823097229004,0.006171321392059326
302,0.005920489692687989,0.007102518558502197
303,0.00566312370300293,0.0062489500045776365
304,0.00588041000366211,0.006190591335296631
305,0.006633887386322022,0.012555619716644288
306,0.006704164218902588,0.006437108993530273
307,0.0059868380546569825,0.0066847939491271975
308,0.005463929653167725,0.007373244285583496
309,0.0062343247413635255,0.005990160942077637
310,0.005509475135803223,0.006027475833892822
311,0.0061362134933471675,0.00665553092956543
312,0.006250853157043457,0.0059655971527099606
313,0.006078023624420166,0.006378551483154297
314,0.005385692405700683,0.0062142438888549804
315,0.0060132255554199215,0.009795613765716553
316,0.00679467544555664,0.006092588901519775
317,0.006468122673034668,0.0063825778961181644
318,0.006350872707366943,0.005942593574523926
319,0.005701473236083984,0.006257251739501953
320,0.005718823719024658,0.007109332084655762
321,0.00594935884475708,0.005757323741912842
322,0.005499354457855225,0.01644566297531128
323,0.005960621166229248,0.005755458354949951
324,0.005538887023925782,0.00580989408493042
325,0.0060978339195251465,0.005908567905426026
326,0.006526299953460693,0.006442514419555664
327,0.005220800399780273,0.005793319702148437
328,0.006231692218780518,0.005809850692749023
329,0.005294574546813965,0.006061659336090088
330,0.005989716053009033,0.007245904922485351
331,0.00592569694519043,0.005704338550567627
332,0.005817733001708985,0.0059695010185241695
333,0.006108267211914062,0.0063115029335021975
334,0.006119075298309326,0.007592146873474121
335,0.006872999858856201,0.007271407604217529
336,0.005837802886962891,0.006099514961242676
337,0.005270640182495117,0.005763803005218506
338,0.005615445232391357,0.006174675464630127
339,0.00849407501220703,0.005866328716278076
340,0.005716234493255615,0.007014364242553711
341,0.005073713588714599,0.005818093299865722
342,0.005752883815765381,0.005849608421325684
343,0.005693041896820068,0.006236859321594238
344,0.006236021232604981,0.005809037685394287
345,0.005170456314086914,0.0058582286834716795
346,0.005306764698028564,0.006456549644470215
347,0.00552247428894043,0.006292088031768799
348,0.006181929206848145,0.005685249328613281
349,0.0058178822517395016,0.005685442447662353
350,0.005252784061431885,0.006657976627349854
351,0.005514848709106446,0.005776977062225342
352,0.005200134944915772,0.005567483425140381
353,0.005713090133666992,0.0060491180419921875
354,0.005664321422576904,0.006020403385162353
355,0.005862242412567139,0.005620094299316406
356,0.005664130592346191,0.005859014511108399
357,0.004934451866149902,0.005490736961364746
358,0.005598642539978028,0.0055601468086242676
359,0.0056866139411926265,0.00621435022354126
360,0.006044650745391846,0.007143380165100098
361,0.005664453506469726,0.006332616806030273
362,0.005971126461029053,0.011073210239410401
363,0.006100740337371826,0.006065033912658692
364,0.005687986660003662,0.006296681880950928
365,0.005926316928863525,0.005835123062133789
366,0.006103066062927246,0.006006578922271729
367,0.004987075233459473,0.005742827415466309
368,0.0054767617225646974,0.006902985572814942
369,0.004960374069213867,0.00583246374130249
370,0.005949266910552978,0.006509582042694092
371,0.005566749382019043,0.008635706901550293
372,0.0052875007629394535,0.005742255687713623
373,0.005696081256866455,0.0061120386123657226
374,0.00548773365020752,0.01161734676361084
375,0.005612108325958252,0.006285142421722412
376,0.004972175693511963,0.009413516521453858
377,0.006458526134490967,0.005970044612884522
