epoch,loss,val_loss
0,0.7867912481307984,0.6113040080070495
1,0.5658607542037963,0.5271297345161438
2,0.5049824467658997,0.5137557649612426
3,0.4665169051170349,0.5196020607948303
4,0.44181744146347046,0.4013338146209717
5,0.42823376502990723,0.3821169576644897
6,0.4156212447166443,0.4979360499382019
7,0.4084940888404846,0.40750109148025515
8,0.4029263211250305,0.3827466344833374
9,0.39663927965164186,0.3648671112060547
10,0.38815622930526733,0.3902126660346985
11,0.3826506927490234,0.371508074760437
12,0.37898839111328125,0.39872649574279784
13,0.3764385009765625,0.3783978233337402
14,0.37150664863586425,0.47815301752090456
15,0.3715356747627258,0.3638726525306702
16,0.36332449741363526,0.34536993932723997
17,0.36263701734542847,0.375643394947052
18,0.36298756523132325,0.3351253366470337
19,0.3520987126350403,0.3729783892631531
20,0.3552055280685425,0.34683770370483397
21,0.3492770320892334,0.3402333912849426
22,0.3488526948928833,0.3740093832015991
23,0.34868823843002317,0.36741769409179686
24,0.3444514267921448,0.3815252251625061
25,0.34477675380706785,0.31971685218811036
26,0.34139000911712647,0.3594483795166016
27,0.3376990655899048,0.32320667457580565
28,0.34091145124435424,0.33261259698867796
29,0.33323650732040405,0.31599788665771483
30,0.33676766996383667,0.32415200233459474
31,0.33070894994735717,0.32823905229568484
32,0.33145796976089476,0.3112833209037781
33,0.3329617198944092,0.4533945722579956
34,0.32814438552856445,0.33201558828353883
35,0.32684235992431643,0.3283646950721741
36,0.32502168712615964,0.3196915235519409
37,0.3259302053451538,0.3060782299041748
38,0.32380990676879884,0.3621024627685547
39,0.3237338028907776,0.31973239278793336
40,0.32026704769134523,0.30662731885910033
41,0.3208425532341003,0.304276515007019
42,0.318123424243927,0.3140135974884033
43,0.315810971736908,0.32043637561798094
44,0.31914380350112914,0.3648081822395325
45,0.3144484580039978,0.3042888603210449
46,0.31644928646087644,0.33651390886306765
47,0.31319928312301637,0.31488306903839114
48,0.31235116987228395,0.3853264579772949
49,0.3136992980003357,0.3206110329627991
50,0.3119612373352051,0.3186101145744324
51,0.30935916547775266,0.31461579179763793
52,0.3055175410270691,0.3086231813430786
53,0.3088622279167175,0.34244580459594726
54,0.30793570289611816,0.3108277144432068
55,0.3068316201210022,0.3071526107788086
56,0.3059274308204651,0.2859213547706604
57,0.3037154440879822,0.3152209076881409
58,0.3043529999732971,0.35264246034622193
59,0.3050518298149109,0.3388769564628601
60,0.29981958198547365,0.2911475648880005
61,0.30200732679367065,0.3005175952911377
62,0.30149796686172486,0.31449892330169676
63,0.30222040996551514,0.3463843183517456
64,0.2993666647911072,0.2940229535102844
65,0.3003746645927429,0.2987388653755188
66,0.2958700716018677,0.28716866588592527
67,0.29411642751693723,0.30498332405090334
68,0.29913943395614623,0.38622026109695434
69,0.29472433128356934,0.2840677375793457
70,0.2971434337615967,0.31184261894226073
71,0.2917465009689331,0.28460371255874634
72,0.2945041642189026,0.31535796022415163
73,0.2943316849708557,0.3006478123664856
74,0.29363495092391967,0.37284171295166013
75,0.29244703092575075,0.32185877847671507
76,0.2927816846847534,0.2875990886688232
77,0.2915403065681458,0.28624802207946776
78,0.29096084623336793,0.2979463167190552
79,0.28997257165908813,0.2877178511619568
80,0.28752921314239505,0.2731237983703613
81,0.2890888025283814,0.3658381261825562
82,0.2896468656539917,0.3045759654045105
83,0.28838630170822144,0.2825570864677429
84,0.28669029626846315,0.3179768486022949
85,0.28945921401977537,0.2914094715118408
86,0.28811695890426636,0.32519754219055175
87,0.28689114961624146,0.2882532081604004
88,0.2854722876548767,0.29558835220336915
89,0.28540669260025026,0.2827401905059814
90,0.28067639245986936,0.2924733862876892
91,0.28417259387969973,0.2859629974365234
92,0.28448709802627564,0.29606436014175413
93,0.28310593338012696,0.2804942331314087
94,0.2821587275505066,0.27342005157470706
95,0.28178465824127197,0.29710555028915403
96,0.2832967981338501,0.31082662963867186
97,0.2819736575126648,0.2759623064994812
98,0.2820872917175293,0.28853777837753297
99,0.2815494186401367,0.2729827136993408
100,0.2808392062187195,0.3096836109161377
101,0.28275706033706666,0.27795623683929443
102,0.2786456876754761,0.28523949241638186
103,0.28165498847961423,0.3167333388328552
104,0.28075782680511474,0.30217637062072755
105,0.2786634250640869,0.26622872304916384
106,0.2796330198287964,0.30518494462966916
107,0.2756480489730835,0.32118236923217774
108,0.28096453609466554,0.2943398041725159
109,0.27903443641662595,0.3008600749969482
110,0.28018359165191653,0.2745602869987488
111,0.2763828165054321,0.31702838516235354
112,0.2775852520942688,0.28146981143951416
113,0.2763026378631592,0.26870309114456176
114,0.27710794677734374,0.28727618980407715
115,0.27730109786987306,0.2671502676010132
116,0.2736298270225525,0.28290907669067383
117,0.27492791318893434,0.2870504140853882
118,0.2757190294265747,0.2739415497779846
119,0.27562139291763305,0.28010811710357664
120,0.27617762241363525,0.27215526247024535
121,0.27316252870559693,0.2995945472717285
122,0.27366034469604494,0.2858755044937134
123,0.2736779915809631,0.28232929277420044
124,0.27394988021850586,0.28590926551818846
125,0.2698708010673523,0.30796944952011107
