epoch,loss,val_loss
0,0.562970369052887,0.5065756855010987
1,0.30277046098709104,0.3696494727134705
2,0.20931442880630494,0.14840725660324097
3,0.18001917448043822,0.22195863246917724
4,0.16263686656951903,0.12003540658950805
5,0.1527201024055481,0.11294915771484375
6,0.14248932914733886,0.11402238321304321
7,0.12876096878051757,0.18828014039993285
8,0.13194547929763795,0.20555504179000855
9,0.11982003746032714,0.10808858060836792
10,0.11855294857025146,0.16746658849716187
11,0.11548323535919189,0.09543485021591186
12,0.11064461517333984,0.4106280822753906
13,0.10911079511642456,0.24600195837020875
14,0.10385807123184204,0.07933308029174804
15,0.09923571338653564,0.08666552019119263
16,0.09757541513442994,0.07807950639724731
17,0.0947039457321167,0.07679042863845825
18,0.0935688045501709,0.08495276451110839
19,0.0906023738861084,0.0871950192451477
20,0.08970823154449463,0.11379579687118531
21,0.08765637950897216,0.12809125518798828
22,0.08968273735046386,0.10432267618179321
23,0.08340730695724487,0.08558174514770509
24,0.08314251689910888,0.09538141584396362
25,0.08234739074707031,0.1223704800605774
26,0.0869499481201172,0.11303575372695923
27,0.08154179019927979,0.07160220813751221
28,0.08019306106567382,0.07960491228103637
29,0.07878020238876343,0.1260144567489624
30,0.0792125901222229,0.10424451637268066
31,0.07788654279708862,0.06624929761886597
32,0.07725292720794678,0.10860969018936158
33,0.07745262727737427,0.13480864000320433
34,0.07625521812438965,0.14336196184158326
35,0.07970073108673095,0.06847358894348145
36,0.07259505453109741,0.2570181336402893
37,0.07571902074813842,0.12675851249694825
38,0.07580873012542724,0.07785617017745972
39,0.07356032037734986,0.061524521350860596
40,0.07039809417724609,0.07937006282806397
41,0.07427230005264282,0.10129525995254517
42,0.07135883207321167,0.08819302940368652
43,0.0705140832901001,0.0638689661026001
44,0.07133989191055298,0.06883776426315308
45,0.0693847508430481,0.06484205389022828
46,0.07152590389251709,0.06766825151443481
47,0.0698499891281128,0.10230330038070679
48,0.07137436809539795,0.061443888664245605
49,0.06938114013671876,0.05985321569442749
50,0.06923664960861206,0.07621077728271484
51,0.06897630786895752,0.057601983070373536
52,0.06693358926773071,0.13692954635620116
53,0.06953698606491089,0.059322991847991946
54,0.06522444353103637,0.07066909456253052
55,0.06540091981887818,0.06118385267257691
56,0.06740798120498658,0.0668119125366211
57,0.06389752006530762,0.05748507499694824
58,0.06666261005401611,0.06486541223526
59,0.06553365020751953,0.05873801898956299
60,0.06434994039535523,0.0733822784423828
61,0.0657628770828247,0.058217113494873046
62,0.06513655662536622,0.06058624505996704
63,0.06462117929458618,0.07104805040359496
64,0.06502477016448975,0.06057609796524048
65,0.06371195297241211,0.06978867197036744
66,0.06366282835006713,0.14902248477935792
67,0.06626753664016724,0.05622604131698608
68,0.061723446083068845,0.05600432777404785
69,0.06268292636871338,0.07587372493743896
70,0.06475794906616211,0.08001133012771607
71,0.06317663278579712,0.06801930713653564
72,0.06275873384475708,0.05612239217758179
73,0.06202854127883911,0.06797726392745972
74,0.061000014114379886,0.06985320949554444
75,0.05999028749465942,0.08419570112228393
76,0.059733254051208495,0.08661825132369995
77,0.061472036457061764,0.06517607688903809
78,0.06302218580245972,0.05676978826522827
79,0.061701834678649904,0.16291997385025025
80,0.06160865278244019,0.058358729362487795
81,0.061162194728851316,0.10155879783630371
82,0.05983364381790161,0.06143342161178589
83,0.058723111057281493,0.09568925809860229
84,0.062379221534729,0.056720201969146726
85,0.060707331466674806,0.08111052179336548
86,0.06018716974258423,0.0617007360458374
87,0.05968507528305054,0.05905103063583374
88,0.05932005891799927,0.056094048023223875
