epoch,loss,val_loss
0,0.699847581577301,0.47785770845413206
1,0.49594878597259523,0.5660643515586853
2,0.4545380789756775,0.4352744746208191
3,0.43826654148101807,0.42727678298950195
4,0.4251599042892456,0.45857811546325683
5,0.4253189420700073,0.4366148061752319
6,0.41901102075576785,0.4603171072006226
7,0.41964349689483643,0.4117466459274292
8,0.4085377363204956,0.4055426902770996
9,0.40704896945953367,0.4405051336288452
10,0.4112579268455505,0.40329025602340696
11,0.4061545861244202,0.41955689001083374
12,0.4044689544677734,0.40325852632522585
13,0.402571203994751,0.4286810903549194
14,0.40432779865264895,0.3990915102958679
15,0.401158735370636,0.5151672854423522
16,0.406409463596344,0.3996220512390137
17,0.40152933673858643,0.40935281848907473
18,0.40103809423446657,0.4002980031967163
19,0.39750033884048463,0.4807988934516907
20,0.4004093056678772,0.4256341872215271
21,0.39831610116958616,0.39851773929595946
22,0.3977138091087341,0.39510920238494873
23,0.3959751194953918,0.396217791557312
24,0.39639281806945803,0.3953128995895386
25,0.39554235591888426,0.40886725854873657
26,0.3960598624229431,0.49759828186035154
27,0.39745772008895874,0.4693826932907105
28,0.3968767317771912,0.44043253803253174
29,0.3918166925430298,0.3934284930229187
30,0.3921364670753479,0.39695344877243044
31,0.39483260765075684,0.43550948858261107
32,0.3920579536437988,0.42658376455307007
33,0.39279779672622683,0.39610340309143066
34,0.39085741271972657,0.4083999409675598
35,0.391049266910553,0.40687458753585815
36,0.39069376611709594,0.39108755922317506
37,0.3918573702812195,0.3971491565704346
38,0.39090117101669314,0.4017069425582886
39,0.39102864627838135,0.3909724712371826
40,0.39103028860092165,0.49236737298965455
41,0.3905450764656067,0.40744437408447265
42,0.39110462055206296,0.3930227475166321
43,0.39055789337158203,0.3966095643043518
44,0.3891836112976074,0.44028682136535646
45,0.38943211393356325,0.4243177886009216
46,0.38861176385879515,0.40066885375976563
47,0.39054222383499143,0.3990712537765503
48,0.3884540601730347,0.3894529266357422
49,0.3889741244316101,0.3918659310340881
50,0.3866400108337402,0.39627353286743167
51,0.38702637596130374,0.3989156360626221
52,0.3875870506286621,0.38955579805374146
53,0.3871090180397034,0.40899817991256715
54,0.387135671043396,0.39551075601577756
55,0.38633782529830935,0.3943462586402893
56,0.38488920116424563,0.39202448892593383
57,0.38752101583480836,0.39384749507904054
58,0.38494594507217406,0.40637696266174317
59,0.3864304991722107,0.4232345290184021
60,0.3849936722755432,0.39466193151474
61,0.38396936340332033,0.4087695016860962
62,0.38369590644836427,0.3878029847145081
63,0.38529746828079225,0.42944395637512206
64,0.38214807176589966,0.42388925075531003
65,0.38337574310302736,0.45566506719589234
66,0.38741394214630126,0.3996191244125366
67,0.38256486835479736,0.3854336018562317
68,0.38258937044143676,0.38540512323379517
69,0.38370957441329956,0.39117763757705687
70,0.38182172536849973,0.40733335876464843
71,0.3842864433288574,0.3880462279319763
72,0.3814928693771362,0.4128798809051514
73,0.38222347269058227,0.4218919858932495
74,0.3825345492362976,0.3874288721084595
75,0.3811386359214783,0.38607833480834963
76,0.38101035776138303,0.3924023380279541
77,0.3823241701126099,0.3886127123832703
78,0.3818512655258179,0.39347846984863283
79,0.38006247129440307,0.39023868560791014
80,0.3806235270500183,0.3881911044120789
81,0.37985731716156007,0.40222345781326296
82,0.3790472127914429,0.39706896924972535
83,0.3797810097694397,0.3947749695777893
84,0.3793556169509888,0.4276640796661377
85,0.381818435382843,0.38785016965866087
86,0.3783751554489136,0.40570959758758546
87,0.37799840211868285,0.38800332164764406
88,0.37974481525421144,0.43055633068084714
