epoch,loss,val_loss
0,0.6626852787017822,0.39732516145706176
1,0.3539269574165344,0.17855545234680176
2,0.2078011326789856,0.1467137851715088
3,0.17505435132980346,0.2536903476715088
4,0.15773586797714234,0.12168795919418335
5,0.14458381757736205,0.15333905267715453
6,0.1306546277999878,0.1178290843963623
7,0.1265969388961792,0.09985840272903443
8,0.1236248498916626,0.10186921072006226
9,0.11301717557907104,0.13061154222488403
10,0.1154893711090088,0.10548716020584106
11,0.11137030992507935,0.09448162269592285
12,0.10687139472961425,0.09308306074142456
13,0.10761260604858398,0.08858982610702515
14,0.10443163099288941,0.0875520133972168
15,0.10161115064620972,0.10924866771697998
16,0.09977012100219726,0.08753733158111572
17,0.10224744987487792,0.08685949373245239
18,0.09720854473114014,0.08666866254806518
19,0.09564035835266113,0.08300241756439208
20,0.09652053985595703,0.14484403800964354
21,0.09726408567428589,0.08571181344985962
22,0.09155294790267944,0.0796719741821289
23,0.09128417158126831,0.0831087622642517
24,0.09246564016342163,0.07789367723464966
25,0.08957931909561158,0.15396517944335938
26,0.09053635931015015,0.08141162729263306
27,0.08908743906021119,0.08081310224533081
28,0.08766100397109985,0.10104871273040772
29,0.08750246706008911,0.08487313222885132
30,0.08742419967651367,0.11133976459503174
31,0.08849104442596435,0.07482932806015015
32,0.08533893251419067,0.07676853656768799
33,0.08327464923858642,0.0789328441619873
34,0.08517076263427735,0.07642865800857544
35,0.08560921525955201,0.08170246696472168
36,0.08227740621566773,0.0853050241470337
37,0.08152037801742554,0.07750882577896118
38,0.08091168298721313,0.08245883750915527
39,0.08342098722457886,0.08289929533004761
40,0.08212302856445312,0.09881935501098633
41,0.08205025148391723,0.08735632991790772
42,0.08115207586288452,0.07508139038085937
43,0.08136535968780517,0.07388599205017089
44,0.07913395328521729,0.14061859941482543
45,0.08004190311431884,0.08314159822463989
46,0.07972153825759888,0.07996653366088867
47,0.07884884252548217,0.10634926414489745
48,0.07911287298202514,0.07638844776153564
49,0.07826315383911132,0.1482065315246582
50,0.08085950345993043,0.07154178142547607
51,0.0783629542350769,0.07282669687271118
52,0.07820151863098145,0.09342863893508911
53,0.07628228349685669,0.06978789234161377
54,0.07653085756301879,0.07527270317077636
55,0.07493649311065674,0.07349790287017822
56,0.07582283229827881,0.10495841979980469
57,0.07826757354736329,0.07848453187942504
58,0.07760799827575683,0.078390615940094
59,0.0755230863571167,0.07790447807312012
60,0.07832229804992676,0.07300719690322877
61,0.07509621486663819,0.0715432333946228
62,0.07577545728683471,0.07907019233703613
63,0.07409414911270142,0.07861956119537354
64,0.07485894966125488,0.07096713638305664
65,0.0751965334892273,0.07029813051223754
66,0.07288129014968872,0.06875705766677856
67,0.07588964719772338,0.08185589838027954
68,0.07461446981430053,0.08110474586486817
69,0.07508482933044433,0.11742879056930541
70,0.07602567777633668,0.07215299224853515
71,0.07270803604125976,0.07117439842224121
72,0.07440113172531128,0.079261549949646
73,0.07473641834259033,0.06951888847351075
74,0.0723616849899292,0.07061403036117554
75,0.07205735597610474,0.06820469617843627
76,0.07261963806152344,0.07206181716918945
77,0.07444967613220214,0.0712028284072876
78,0.0716457272529602,0.07240983152389527
79,0.07226220235824585,0.06810895299911499
80,0.07357961483001708,0.07187134838104248
81,0.07207385301589966,0.0708735089302063
82,0.07458204650878907,0.07557080173492432
83,0.0733022777557373,0.08217159032821655
84,0.07188633880615235,0.06999655437469482
85,0.07107708921432496,0.06787532138824463
86,0.07243895645141601,0.07053994989395142
87,0.07213791418075562,0.06756975936889649
88,0.06931770725250244,0.0676279821395874
89,0.07241972370147705,0.07876073122024536
90,0.070201611328125,0.06796994876861573
91,0.07136858901977539,0.06792622566223144
92,0.07235141191482544,0.0733231325149536
93,0.0728411605834961,0.0729431734085083
94,0.07033164348602294,0.06838395452499389
95,0.06917515535354614,0.07122857046127319
96,0.07157649917602539,0.07343879747390747
97,0.07060443677902221,0.07788479804992676
98,0.07074117984771729,0.06731047487258911
99,0.06991106824874878,0.06958594608306885
100,0.0699248649597168,0.08783559703826904
101,0.07046826639175414,0.06693247652053833
102,0.07005447397232056,0.07239214277267456
103,0.0694738603591919,0.1381231322288513
104,0.07244946317672729,0.06928281259536744
105,0.06904752979278564,0.0677126259803772
106,0.06816468229293823,0.07608980894088745
107,0.06922259168624878,0.06728300714492798
108,0.06732330312728882,0.06718856525421142
109,0.06985272331237793,0.06722745275497437
110,0.07026559419631959,0.0732862515449524
111,0.06943886260986327,0.09205273485183715
112,0.06818576374053956,0.10573226308822632
113,0.06787049055099487,0.06877634954452515
114,0.06794835186004639,0.06829705619812011
115,0.0698424072265625,0.06877142190933228
116,0.06956667470932007,0.07437189483642578
117,0.06666196146011352,0.06789567327499389
