epoch,loss,val_loss
0,0.5906921353340149,0.4909281177520752
1,0.3067611217498779,0.3455450668334961
2,0.2020415753364563,0.20765918827056884
3,0.16372659215927124,0.23801130056381226
4,0.14836660261154175,0.12949271392822265
5,0.135881893825531,0.11432811021804809
6,0.12801526756286621,0.09349078273773194
7,0.11944637308120727,0.34853454542160034
8,0.11423827896118165,0.0833519549369812
9,0.10867529916763306,0.09374174070358277
10,0.1053256160736084,0.1009300594329834
11,0.1043633978843689,0.09439062356948852
12,0.10103590440750122,0.22101512002944945
13,0.09725572509765625,0.07886441707611085
14,0.092153023147583,0.07786936712265015
15,0.09162770252227784,0.07433542394638061
16,0.08860143766403199,0.08569887065887451
17,0.08660051136016846,0.09975244998931884
18,0.08547839622497559,0.08420037460327148
19,0.0839662166595459,0.0731163535118103
20,0.08301255826950073,0.07624512672424316
21,0.0804674235343933,0.1309894051551819
22,0.07892342872619629,0.07470074701309204
23,0.077028510761261,0.07181906747817993
24,0.07627716655731201,0.07580237913131714
25,0.07591438331604004,0.06664599227905274
26,0.07367587718963622,0.08475033664703369
27,0.07278104333877564,0.12028498935699462
28,0.073082119846344,0.06461423873901367
29,0.07364588680267334,0.06498656606674194
30,0.07115518646240235,0.07057176399230956
31,0.07038495531082153,0.1387563042640686
32,0.06940244302749633,0.06581877136230468
33,0.06869053735733033,0.10049309730529785
34,0.06853441457748413,0.07859520959854126
35,0.06916609869003296,0.10717406892776489
36,0.06738475198745728,0.06081787490844726
37,0.0661694821357727,0.08893871402740479
38,0.06304642429351806,0.06289486455917358
39,0.06577721786499023,0.06258944082260132
40,0.06509952735900879,0.06162945604324341
41,0.06367037191390991,0.07892974519729615
42,0.06465272264480591,0.05783670902252197
43,0.062130004119873045,0.07573180150985717
44,0.06416858625411988,0.06163941621780396
45,0.0631926025390625,0.07003660678863526
46,0.0614463716506958,0.09718953418731689
47,0.061453826427459717,0.05739141702651977
48,0.06306275701522827,0.06309136629104614
49,0.05754756460189819,0.0699630799293518
50,0.060656968021392824,0.05587105035781861
51,0.05962193145751953,0.06033698511123657
52,0.0588812050819397,0.07956568145751954
53,0.059506588077545164,0.07117820453643799
54,0.05882770595550537,0.06149649429321289
55,0.05964930429458618,0.06455117416381836
56,0.05938307094573975,0.06868137454986573
57,0.057705812358856204,0.056258059978485105
58,0.05817395162582398,0.06149346399307251
59,0.0578832013130188,0.15128002882003785
60,0.057501402282714845,0.062000433921813966
61,0.05855208330154419,0.058664866447448734
62,0.056978881740570066,0.08151167869567871
63,0.057622407054901126,0.056908720016479494
64,0.0562218502998352,0.057827330112457276
65,0.057022383403778076,0.060830896377563476
66,0.05608755884170532,0.0564918646812439
