epoch,loss,val_loss
0,0.7604783192634582,0.8003436069488525
1,0.6386779184341431,0.6326041655540466
2,0.6167216495513916,0.6319671316146851
3,0.6065841270446777,0.6064267778396606
4,0.5993103145599366,0.612297209739685
5,0.5953272692680359,0.6083793087005616
6,0.5926913637161255,0.6158013892173767
7,0.5906324660301209,0.6054286885261536
8,0.5886440914154053,0.6181987571716309
9,0.5882127481460572,0.6060055241584777
10,0.5843260494232178,0.601093457698822
11,0.5867924057960511,0.6073621149063111
12,0.5830248834609986,0.5963591194152832
13,0.5802507859230042,0.6141128678321839
14,0.5833408882141113,0.6681824569702148
15,0.5837507272720337,0.5999507560729981
16,0.5774936947822571,0.5967441821098327
17,0.5837544470787048,0.6201825046539307
18,0.5791898363113404,0.5959561738967896
19,0.5780002427101135,0.5929431428909302
20,0.5774092834472656,0.6454838914871216
21,0.5817450321197509,0.5971737942695617
22,0.5762115302085876,0.599224570274353
23,0.5753044493675232,0.6104836921691894
24,0.5773614557266236,0.5971908798217773
25,0.576795202255249,0.6043037014007568
26,0.5761267051696778,0.5890295000076294
27,0.5754232820510864,0.5919411268234253
28,0.5764878787994385,0.6347073211669921
29,0.5748693887710571,0.6106463422775269
30,0.5735570023536682,0.619487952709198
31,0.5755467702865601,0.6007217392921448
32,0.5722809597969055,0.5930850915908813
33,0.5726760204315186,0.6039213190078735
34,0.572701043510437,0.6422614660263062
35,0.5742018808364868,0.5961745376586914
36,0.5732376195907593,0.589071834564209
37,0.572691704750061,0.5906589040756226
38,0.5709506780624389,0.5992552552223206
39,0.5706225149154663,0.5866913166046143
40,0.5730014614105224,0.5982061576843262
41,0.5720410031318665,0.5997592453956604
42,0.5713367393493652,0.5976981592178344
43,0.573658559703827,0.5867820658683777
44,0.570215717124939,0.5937920484542847
45,0.571093748664856,0.6021070156097412
46,0.5716441274642944,0.5980447082519531
47,0.5705572358131409,0.5932249994277954
48,0.5718079832077027,0.586351279258728
49,0.5691440340042114,0.5901249608993531
50,0.5710970494270324,0.5900774221420289
51,0.5673636947631836,0.5859097852706909
52,0.5712029726028443,0.588241888999939
53,0.5681316473960877,0.604453489780426
54,0.5687172191619873,0.5873026142120361
55,0.5683359427452087,0.5963892416954041
56,0.5683140649795532,0.5940246896743775
57,0.5675078035354614,0.5994367256164551
58,0.5670052194595336,0.6127333645820617
59,0.5682544332504272,0.5893327159881592
60,0.5667765946388245,0.5863452882766723
61,0.5671543885231018,0.5896538400650024
62,0.5664937654495239,0.5989048204421997
63,0.5678698649406433,0.598183277130127
64,0.5669032711029053,0.5930042428970337
65,0.5656976053237915,0.5873545398712158
66,0.5665809982299804,0.5884661560058594
67,0.5659717760086059,0.5863161926269531
68,0.56588167552948,0.591845627784729
69,0.5663279460906983,0.595787853717804
70,0.5652883427619934,0.5838456993103027
71,0.56605931930542,0.5842070302963257
72,0.5648297316551208,0.5998127751350403
73,0.5655164922714233,0.5889145708084107
74,0.5664965381622314,0.5905760426521302
75,0.5644363752365112,0.5887844676971435
76,0.5658071128845215,0.5889177861213684
77,0.564271771621704,0.5835603790283204
78,0.5651607883453369,0.6033597135543823
79,0.5652803045272827,0.5843486704826355
80,0.5644858791351318,0.5897069072723389
81,0.5653308475494385,0.6346375088691711
82,0.5646830067634583,0.6314708414077759
83,0.5636346939086914,0.5973637952804566
84,0.5644426483154297,0.5916642065048218
85,0.5631956502914429,0.6026711025238037
86,0.5645258080482483,0.5986877460479736
87,0.5650546075820922,0.5864920063018799
88,0.5645785568237305,0.5911436395645142
89,0.5627239379882812,0.5976626801490784
90,0.5634678233146667,0.5915464210510254
91,0.5635392196655273,0.5886135377883911
92,0.5627647913932801,0.5885899615287781
93,0.5623526795387268,0.5866923213005066
94,0.5618366751670837,0.5940149397850036
95,0.5619616260528565,0.6046910400390625
96,0.5612784266471863,0.598575852394104
97,0.5635852696418763,0.7138356304168701
