epoch,loss,val_loss
0,0.608437075996399,0.3136837205886841
1,0.28261801319122315,0.3167814450263977
2,0.1686483416557312,0.20572205018997192
3,0.1392571457862854,0.10465220785140991
4,0.12405551404953002,0.10590058898925782
5,0.11544835662841797,0.13848987674713134
6,0.10758314542770386,0.13990471076965333
7,0.10265803108215332,0.12686296701431274
8,0.0995695954322815,0.08419387245178223
9,0.09462907724380493,0.08957921028137207
10,0.09098749752044678,0.08302577209472656
11,0.0884634217262268,0.0982156810760498
12,0.08805061140060425,0.07839858770370484
13,0.0850321876525879,0.08785788536071777
14,0.08414886760711669,0.0759331545829773
15,0.0803430097579956,0.07217382526397705
16,0.07923544921875,0.07786970853805542
17,0.07792078170776368,0.08113464546203614
18,0.07812328958511353,0.07248158359527587
19,0.07667841501235961,0.07223944854736328
20,0.07507602596282958,0.07417175149917603
21,0.07565270080566407,0.07920867109298706
22,0.07674670314788819,0.08326486349105836
23,0.07366419067382812,0.06947335243225097
24,0.07290078325271607,0.17724778985977171
25,0.07625759515762329,0.07294281530380249
26,0.07445968294143676,0.06918967294692993
27,0.06993740367889405,0.07398256587982177
28,0.07159166431427003,0.08377218437194824
29,0.0715698239326477,0.09616999101638794
30,0.07075692720413208,0.08111386060714722
31,0.06962152404785156,0.08309920692443848
32,0.06984357528686523,0.07192603778839111
33,0.06993608665466308,0.07230764007568359
34,0.06825322866439819,0.0847979245185852
35,0.06827316484451294,0.06717733240127563
36,0.06976078338623047,0.07129685068130494
37,0.06802257099151611,0.06565757846832275
38,0.06939745197296143,0.06914369630813598
39,0.0670593635559082,0.07981749439239502
40,0.0675969009399414,0.07148069095611573
41,0.06790372467041016,0.07051971626281739
42,0.06762961721420288,0.06855331945419312
43,0.06653515100479127,0.0717585940361023
44,0.06767678632736206,0.06879267454147339
45,0.06723326768875122,0.08296985387802124
46,0.06741863231658936,0.07350021648406982
47,0.06465541830062867,0.06998486042022706
