epoch,loss,val_loss
0,0.5455676003456116,0.39319711065292356
1,0.38733758125305173,0.32287775707244876
2,0.329670715713501,0.289098867893219
3,0.29928163356781007,0.26696904182434084
4,0.27812682428359986,0.30502666425704955
5,0.2569842628479004,0.3640743365287781
6,0.24462443885803223,0.19261031436920167
7,0.2379379337310791,0.2882254734039307
8,0.23183401689529418,0.1808672556877136
9,0.22521437282562257,0.2167741780281067
10,0.21033545026779174,0.1877319931983948
11,0.2151675866127014,0.20472730588912963
12,0.20351692752838135,0.2110844678878784
13,0.20290032386779785,0.18321728897094727
14,0.18722044486999512,0.2378059072494507
15,0.18390179023742675,0.13459531021118165
16,0.1748352358818054,0.14942311429977417
17,0.17355152034759522,0.14062742662429809
18,0.16718555250167846,0.13350802946090698
19,0.1611725172996521,0.1565159282684326
20,0.1542803010940552,0.15650562953948974
21,0.1551213131904602,0.13846068048477173
22,0.147558029460907,0.11863075590133668
23,0.143721803855896,0.12986768865585327
24,0.13957616567611694,0.15510252332687377
25,0.1362431287765503,0.10464540147781372
26,0.1337378493309021,0.10604854965209962
27,0.13011296977996825,0.09556510734558106
28,0.12216898069381714,0.2517441725730896
29,0.12576439790725708,0.2058267831802368
30,0.12048274841308594,0.09477972745895386
31,0.11678246622085571,0.11664240312576293
32,0.11467038688659668,0.10597021627426148
33,0.11261877508163452,0.10818322277069092
34,0.10671947650909423,0.09841569709777832
35,0.10550016527175904,0.08247480249404907
36,0.1053217149734497,0.10864177322387696
37,0.10404328870773315,0.14400854778289796
38,0.10084887399673462,0.1146696720123291
39,0.10024493684768676,0.0854084620475769
40,0.09293247919082642,0.12783447456359864
41,0.09701034145355225,0.0867543683052063
42,0.09469351387023926,0.11109856414794922
43,0.09185573091506959,0.07920071792602539
44,0.09136212120056153,0.07452350807189942
45,0.09156077690124512,0.0971745285987854
46,0.09065775232315064,0.08101694250106811
47,0.08352111568450928,0.08163781785964966
48,0.08540011358261108,0.08585941076278686
49,0.0820181752204895,0.08610272312164306
50,0.08349119319915771,0.09704718065261841
51,0.08100231199264527,0.09152680110931397
52,0.08025195722579956,0.06256585359573365
53,0.08009998340606689,0.08158754205703736
54,0.0807627254486084,0.08335327577590942
55,0.07806032991409302,0.07785966682434083
56,0.07633158340454102,0.1572220344543457
57,0.0803620343208313,0.07180361604690552
58,0.07352894105911255,0.0799771385192871
59,0.07447981805801392,0.06792596530914306
60,0.07175158987045288,0.11501180410385131
61,0.0746913673400879,0.08958518743515015
62,0.07193037910461426,0.07249236679077148
63,0.07357167310714721,0.07354202508926391
64,0.073112894821167,0.11348817873001099
65,0.07192893590927124,0.13412474203109742
66,0.06896185245513917,0.07818226480484008
67,0.0711030047416687,0.09875012063980103
68,0.0694303614616394,0.05626520538330078
69,0.06688346042633056,0.06350180912017822
70,0.06835563917160034,0.08842911243438721
71,0.06859828615188598,0.08292384433746337
72,0.06766091899871826,0.09842289161682129
73,0.0667950192451477,0.05892288208007813
74,0.06727275371551514,0.06759097862243653
75,0.06590536375045776,0.08072970724105835
76,0.06395429544448852,0.06924938869476319
77,0.06621750106811523,0.08990643453598023
78,0.06617115316390991,0.08516136121749877
79,0.06509733648300171,0.08063034343719483
80,0.06442235631942748,0.09638221597671509
81,0.06396853981018066,0.07194331836700439
82,0.06268169260025025,0.0684968318939209
83,0.06202676992416382,0.06292146921157837
84,0.06204352054595947,0.06331637620925903
85,0.06369502773284912,0.05181833362579346
86,0.06123600692749023,0.05088301038742066
87,0.06170261096954346,0.09674247312545776
88,0.061077337741851805,0.08534697818756104
89,0.06094890632629395,0.11311157989501953
90,0.0600155104637146,0.07081073951721191
91,0.06102874126434326,0.09536642169952393
92,0.05932487573623657,0.06651070880889892
93,0.05996162099838257,0.054652817726135255
94,0.05876214418411255,0.09255369329452515
95,0.06044424018859863,0.0546113338470459
96,0.057634386348724365,0.06854945611953735
97,0.05663300399780274,0.099765540599823
98,0.05897563009262085,0.07371977710723877
99,0.05731623945236206,0.06349477863311767
100,0.057927541828155515,0.05118367004394531
101,0.05739674882888794,0.0481374192237854
102,0.057101848793029784,0.05755641984939575
103,0.05766065788269043,0.06124625635147095
104,0.05664666137695312,0.06548119974136353
105,0.057317496967315675,0.09114037132263184
106,0.056102905750274656,0.0688353180885315
107,0.05656545543670654,0.060323556423187256
108,0.055175585651397706,0.06049229621887207
109,0.05565122880935669,0.05717803430557251
110,0.05416390619277954,0.07575472545623779
111,0.05664403066635132,0.07031599950790406
112,0.05598125448226929,0.07236585140228272
113,0.05539325408935547,0.054611310482025145
114,0.05312951211929321,0.08226479053497314
115,0.056261675548553464,0.05632184743881226
116,0.05356743144989014,0.04548104286193848
117,0.05237112169265747,0.07207912588119507
118,0.05422123098373413,0.07919537544250488
119,0.0540317289352417,0.06512298774719238
120,0.05305203447341919,0.0437463903427124
121,0.05061592273712158,0.0651314835548401
122,0.05323562679290771,0.07698107099533082
123,0.05326134128570557,0.06121195554733276
124,0.051737740707397464,0.06561408758163452
125,0.054133897113800046,0.07212171077728272
126,0.0532907374382019,0.04686013793945312
127,0.05190033655166626,0.05896062803268433
128,0.05127249011993408,0.06467249155044556
129,0.05130228338241577,0.07981326293945312
130,0.05279256649017334,0.07100578880310059
131,0.052235649490356445,0.058111827850341795
132,0.050647586631774905,0.06015325689315796
133,0.05123027114868164,0.06811077451705932
134,0.05140447731018066,0.060284187316894534
135,0.051329241275787356,0.05433113574981689
136,0.050912944889068605,0.05290175199508667
137,0.04913410940170288,0.08224962663650513
138,0.04945052347183228,0.13029280662536621
139,0.051623092079162596,0.06849142932891845
140,0.0523212794303894,0.10159653759002686
