epoch,loss,val_loss
0,0.8846972064971924,0.8042981128692627
1,0.762452958869934,0.8279084157943726
2,0.7008651909828186,0.6668880548477173
3,0.6737821691513062,0.7109181261062623
4,0.6577595568656921,0.6563260326385498
5,0.6453830820083618,0.6685435905456543
6,0.6435547595977783,0.6975201520919799
7,0.6362264209747315,0.6571900305747986
8,0.635172045326233,0.6716390786170959
9,0.6253133541107178,0.6444477233886718
10,0.6233100444793701,0.6126071467399598
11,0.6196291040420532,0.6411264100074768
12,0.6146990379333496,0.6714245052337646
13,0.6125939084053039,0.6371872510910034
14,0.6118914719581604,0.622638931274414
15,0.604422231388092,0.7265029592514038
16,0.60869988155365,0.6085534534454345
17,0.6015454743385314,0.5992091970443726
18,0.5997767081260681,0.7200323872566223
19,0.5992107210159302,0.6385012950897216
20,0.6004119065284729,0.6754708423614502
21,0.5950606495857239,0.5980116491317748
22,0.5913667533874511,0.6054296283721924
23,0.594683777809143,0.585941321849823
24,0.591876289653778,0.5927603006362915
25,0.5885619922637939,0.591748381614685
26,0.5864354598045349,0.5996682410240173
27,0.5887253562927246,0.583075101852417
28,0.586976473236084,0.5685144786834717
29,0.5848941128730774,0.6113346033096313
30,0.5853840803146362,0.5977424974441529
31,0.5856532274246216,0.5731738014221192
32,0.5808962177276611,0.7934528369903564
33,0.5870160202026368,0.5730792160034179
34,0.5799698234558105,0.6225921602249146
35,0.5792669703483582,0.7452959470748901
36,0.5822975461006165,0.5757939620018006
37,0.5807790032386779,0.5955674209594727
38,0.5773303911209107,0.6317192740440368
39,0.578195032119751,0.5734532117843628
40,0.5767831313133239,0.6096159448623657
41,0.5788193342208863,0.6278816895484924
42,0.5760294815063477,0.5753041477203369
43,0.5760500330924988,0.5830749230384826
44,0.5729169361114502,0.6286036224365235
