epoch,loss,val_loss
0,0.5544464929580688,0.4646613984107971
1,0.38704985580444334,0.2873520317077637
2,0.31481856136322023,0.24968369674682617
3,0.27790830068588257,0.21967350816726686
4,0.2527538837432861,0.21327103281021118
5,0.24099539308547974,0.20281061840057374
6,0.23038834171295167,0.5265183639526367
7,0.22526778221130372,0.4088602089881897
8,0.21255837059020996,0.23072908115386964
9,0.20509702796936036,0.21333871603012086
10,0.2022058518409729,0.14805331659317017
11,0.19614536600112914,0.2321238784790039
12,0.18264598989486694,0.19415992498397827
13,0.18783711833953856,0.13726184940338135
14,0.175601140499115,0.3404251298904419
15,0.16809083089828492,0.1229201898574829
16,0.16961404523849488,0.2252950859069824
17,0.16042883920669557,0.30173339366912844
18,0.15858529081344605,0.15031907081604004
19,0.14794849729537965,0.1453145351409912
20,0.1470864038467407,0.22267323875427247
21,0.14494141120910645,0.0999022822380066
22,0.14083326120376588,0.22965331888198853
23,0.13679287281036376,0.11162009000778199
24,0.13230058670043945,0.1009647765159607
25,0.13012056055068968,0.10615905857086182
26,0.12855186080932618,0.10091422510147095
27,0.12419131774902344,0.10273863554000855
28,0.12217323570251465,0.253927393913269
29,0.13075172729492188,0.09031530857086181
30,0.12008192329406739,0.09365683698654174
31,0.11296691226959228,0.09410305547714233
32,0.11501712064743042,0.10722512531280518
33,0.11434339990615845,0.08390903615951538
34,0.11283064727783203,0.1300239863395691
35,0.1080032073020935,0.1028698763847351
36,0.11153150596618652,0.19850024127960206
37,0.10573759927749633,0.1424570655822754
38,0.09957562198638915,0.09342158651351928
39,0.1025106011390686,0.09743517589569092
40,0.09961376676559448,0.14793694639205932
41,0.099198717212677,0.10571251630783081
42,0.09844276371002197,0.22977027416229248
43,0.0979804090499878,0.0747671537399292
44,0.09542334785461426,0.1181939549446106
45,0.09197062711715698,0.0783839840888977
46,0.09042243843078614,0.09408940315246582
47,0.0931219443321228,0.1302735824584961
48,0.09175170450210571,0.2181220998764038
49,0.09084900045394897,0.26308718490600586
50,0.09340522747039795,0.11573804664611817
51,0.0850054895401001,0.08318325090408325
52,0.08707056560516357,0.07619453477859497
53,0.08553751115798951,0.11316234111785889
54,0.08346840734481811,0.12297064781188966
55,0.08739355554580688,0.10039562320709229
56,0.08559423885345459,0.09100623416900634
57,0.08317450160980225,0.09335143423080444
58,0.08335215692520141,0.12220769309997559
59,0.08254949426651001,0.1699086890220642
60,0.08068666820526123,0.12980237245559692
61,0.08254391040802002,0.0756756329536438
62,0.08115599393844604,0.0720537428855896
63,0.07977575445175171,0.1066214246749878
64,0.07771996049880982,0.09396847820281982
65,0.0793042007446289,0.06387352371215821
66,0.07847041616439819,0.14379696464538574
67,0.07876942873001098,0.1096823287010193
68,0.07951203880310058,0.0756778154373169
69,0.08072595682144165,0.1055547432899475
70,0.07563525495529175,0.07740417146682739
71,0.07189998016357421,0.12905184507369996
72,0.07583844594955444,0.09653884983062744
73,0.07669198389053344,0.061735350131988526
74,0.07419655570983887,0.0646792426109314
75,0.07371809101104736,0.0820807557106018
76,0.07447305059432983,0.07056726503372192
77,0.07448000450134278,0.06683313703536987
78,0.07042013654708862,0.06632161283493042
79,0.0730507248878479,0.1004023904800415
80,0.0725187123298645,0.06593589162826538
81,0.07088755187988281,0.11026317024230957
82,0.07274232320785523,0.08626893663406372
83,0.07249946966171264,0.0793901629447937
84,0.06916978683471679,0.06746926498413086
85,0.07166569118499756,0.08159131336212158
86,0.07197826299667358,0.15635737085342408
87,0.06968570051193237,0.2029278292655945
88,0.07196444616317749,0.08246984624862672
89,0.06998395376205445,0.09515565490722656
90,0.06980426836013794,0.09780376243591309
91,0.06899692010879517,0.07232024717330933
92,0.06915667667388917,0.1041666898727417
93,0.06846535501480103,0.0673320951461792
