epoch,loss,val_loss
0,0.5342874654769898,0.4183585615158081
1,0.38366018896102905,0.35902371883392337
2,0.3216645709991455,0.24269293689727783
3,0.2868708310127258,0.3883746681213379
4,0.2675195123672485,0.22724713230133056
5,0.25473517179489136,0.22588048505783082
6,0.24513014192581176,0.1839121084213257
7,0.22940030031204223,0.20516605854034423
8,0.22464228353500365,0.2134024658203125
9,0.2157921594619751,0.2753281006813049
10,0.2092905143737793,0.19083882522583007
11,0.2028774640083313,0.16173693895339966
12,0.2008270173072815,0.2814882707595825
13,0.18263739404678345,0.23645790338516234
14,0.1871463194847107,0.2939729514122009
15,0.1785027681350708,0.16748170328140258
16,0.16724227695465088,0.14668848943710328
17,0.16704941568374634,0.12352722787857055
18,0.15880789213180543,0.13058480834960937
19,0.15044132051467896,0.1388659119606018
20,0.1578170506477356,0.1324365749359131
21,0.14625752801895142,0.1328880772590637
22,0.1425843668937683,0.12886452579498292
23,0.14355230894088744,0.22010922956466675
24,0.1368587760925293,0.14922485303878785
25,0.13198850402832032,0.10255498027801514
26,0.13210376625061035,0.11182506513595582
27,0.12676539192199707,0.13132588958740235
28,0.12246075992584228,0.15296032810211183
29,0.12102399339675904,0.2090705189704895
30,0.11901417884826661,0.09607500982284546
31,0.11783634109497071,0.10681047916412353
32,0.11254979372024536,0.15777361249923705
33,0.11375104179382324,0.13372382593154908
34,0.10553992834091186,0.13946073484420776
35,0.10836847219467163,0.205514865398407
36,0.10879517908096313,0.12976011419296266
37,0.1038140456199646,0.09166601371765137
38,0.10239885320663453,0.09612053871154785
39,0.09874734392166137,0.09515280485153198
40,0.09633442258834839,0.13663380432128908
41,0.0963060089111328,0.08386626911163331
42,0.09632794542312623,0.075139479637146
43,0.0950328106880188,0.09633166122436523
44,0.09287573852539062,0.18637740755081178
45,0.09130966625213623,0.08690298509597778
46,0.09262922439575196,0.08219819355010986
47,0.08647934284210206,0.103264310836792
48,0.08902564821243286,0.07495756340026856
49,0.08626673183441162,0.08762858057022095
50,0.09020906324386596,0.06968349361419678
51,0.08259873790740967,0.09605902862548828
52,0.08319019317626954,0.07635216617584228
53,0.08476441383361816,0.06679566812515259
54,0.08163189516067505,0.168749192237854
55,0.08297985973358155,0.166576491355896
56,0.08432008810043334,0.13004095697402954
57,0.07930031652450562,0.07330051279067994
58,0.08170147905349731,0.19076247024536133
59,0.08250859622955323,0.08659773874282838
60,0.07989635305404663,0.0696124029159546
61,0.08011090564727784,0.11117426156997681
62,0.07706326580047608,0.08555702686309814
63,0.07461341161727905,0.061844481468200686
64,0.07528970031738282,0.10096431827545166
65,0.07450285730361939,0.08192831325531005
66,0.07599876737594605,0.12015882921218872
67,0.07604607305526734,0.08921784830093384
68,0.07453541955947876,0.07157746171951294
69,0.07663413877487182,0.10156953239440918
70,0.07301514682769776,0.07575110673904419
71,0.07443375492095947,0.10095156335830688
72,0.07600981731414795,0.07850001764297486
73,0.07345640172958375,0.0697077226638794
74,0.0717964204788208,0.11206099128723145
75,0.07142687330245971,0.0693940191268921
76,0.07258621654510498,0.09981466722488404
77,0.0714467493057251,0.10153692483901977
78,0.06979535837173462,0.15504519939422606
79,0.07205317678451538,0.05636072540283203
80,0.06750946054458618,0.061859703540802
81,0.06755536127090454,0.08022706937789917
82,0.06831322917938232,0.09281106853485108
83,0.06721850271224976,0.09927058506011963
84,0.06630298299789429,0.06971921920776367
85,0.06835551252365113,0.05596811771392822
86,0.0661003191947937,0.12470932006835937
87,0.06859866094589233,0.10249661493301392
88,0.06692716808319092,0.09330593633651733
89,0.06779866409301757,0.08180348873138428
90,0.06759795932769776,0.08750021314620972
91,0.06450086612701417,0.1270629725456238
92,0.0653380814552307,0.0726967806816101
93,0.06559226865768433,0.06121573972702026
94,0.06543600273132325,0.08817755842208862
95,0.06487964162826539,0.08059036159515381
96,0.06424338283538818,0.06916974020004273
97,0.06339104642868042,0.07878393030166626
98,0.06416933794021606,0.0803208270072937
99,0.06348268661499024,0.06323972129821777
100,0.06307879915237427,0.07651181650161744
101,0.062376800060272214,0.07264189767837524
102,0.06390024137496948,0.08274943828582763
103,0.061098219394683836,0.0795500545501709
104,0.06076745090484619,0.06985394239425659
105,0.06155865650177002,0.06551539993286133
