epoch,loss,val_loss
0,0.5788257095336914,0.28905473709106444
1,0.31674663534164427,0.20780937242507935
2,0.23363605575561525,0.20485315752029418
3,0.20199285764694214,0.16423857975006104
4,0.18356944494247437,0.16739548397064208
5,0.17109372806549072,0.2750727667808533
6,0.1625285017967224,0.1443603105545044
7,0.15097494106292725,0.18796168279647826
8,0.15014471015930175,0.1321259026527405
9,0.1443761637687683,0.1246495852470398
10,0.14031845645904542,0.1848632869720459
11,0.13523497714996338,0.1918337526321411
12,0.13606543855667114,0.11405393171310425
13,0.13215890865325927,0.13578038597106934
14,0.13071280488967896,0.11614640474319458
15,0.12847647094726564,0.11358269166946411
16,0.12342972888946534,0.12328326082229614
17,0.12161026315689087,0.1362746410369873
18,0.11789390296936035,0.13864072132110597
19,0.12474873352050782,0.11356460666656494
20,0.1203592610359192,0.13926465272903443
21,0.11613215084075927,0.10850142621994019
22,0.11380379838943482,0.15200041723251342
23,0.11191034498214722,0.12477966785430908
24,0.11448125324249267,0.10810262966156006
25,0.10860593671798706,0.12178838205337525
26,0.11083842134475708,0.29610227870941164
27,0.11537411165237427,0.10619346952438355
28,0.10781827077865601,0.0999541096687317
29,0.10839346561431885,0.10081849336624145
30,0.10615830879211426,0.2536753578186035
31,0.10583145151138305,0.2473735704421997
32,0.11239797220230102,0.09397838497161866
33,0.1023608302116394,0.09551811075210571
34,0.10619267063140869,0.1077200665473938
35,0.10197720165252686,0.11218232870101928
36,0.1021057746887207,0.09414020442962646
37,0.0998458773612976,0.12090260171890259
38,0.10155547876358033,0.0991364860534668
39,0.10122779579162598,0.10909616708755493
40,0.09836412439346313,0.20404654788970947
41,0.1005532525062561,0.12568671941757203
42,0.0981858211517334,0.10764444637298584
43,0.09716709308624268,0.11380517292022706
44,0.0965661636352539,0.11101017665863037
45,0.09502492551803589,0.10148153400421142
46,0.09823807058334351,0.12144167232513428
47,0.0937456048965454,0.10930064105987548
48,0.09378385953903198,0.08620520401000976
49,0.09633219509124756,0.08870706796646118
50,0.0935384153366089,0.09238287210464477
51,0.09342985763549805,0.09265796852111817
52,0.0928297402381897,0.12480701875686645
53,0.0931198938369751,0.1465269660949707
54,0.09028745527267457,0.08904329061508179
55,0.0920214225769043,0.08506119251251221
56,0.09179098606109619,0.08974901247024536
57,0.08725810070037841,0.08880168342590332
58,0.08901238451004029,0.10607096576690674
59,0.09020398082733154,0.14281888341903687
60,0.09119308891296386,0.08268492937088012
61,0.08861411933898926,0.09021174812316894
62,0.08726728801727295,0.08115375280380249
63,0.08809876976013184,0.09032556247711182
64,0.0878991289138794,0.09093398237228394
65,0.09062184600830078,0.10338328123092651
66,0.08485192213058472,0.17256040239334106
67,0.08936989307403564,0.08182036113739014
68,0.08388092155456543,0.0988328251838684
69,0.08566425361633301,0.08144107389450073
70,0.08499705247879029,0.07893259525299072
71,0.08238589429855346,0.09098012971878051
72,0.0845758204460144,0.11746971893310547
73,0.08340442352294922,0.08689343309402466
74,0.08530620222091675,0.1055800895690918
75,0.08312017545700073,0.08191689968109131
76,0.08149935903549195,0.17711412906646729
77,0.08240797462463378,0.08514956045150757
78,0.08232176036834717,0.08973317050933838
79,0.08192107276916503,0.07906930685043335
80,0.08249057025909423,0.07771701145172119
81,0.07974213275909424,0.08085686349868774
82,0.07968474292755127,0.07985382699966431
83,0.08195856218338013,0.08522488975524903
84,0.07829801568984986,0.08426100587844848
85,0.0814207480430603,0.08084231185913086
86,0.08017261600494385,0.11966121864318847
87,0.08020548000335694,0.10489505767822266
88,0.07871979475021362,0.07907654428482055
89,0.07824629878997803,0.08060802555084229
90,0.07728695230484009,0.08212685823440552
91,0.07687947273254395,0.07503536748886108
92,0.07873782262802125,0.08652534151077271
93,0.07635689163208008,0.08781469678878784
94,0.07610341386795044,0.0902152714729309
95,0.07733523559570313,0.08301439523696899
96,0.07556505975723267,0.0809668436050415
97,0.07698997173309326,0.08058378171920777
98,0.0769658528327942,0.0924885778427124
99,0.0754294358253479,0.0841773624420166
100,0.07478787813186645,0.08293035078048706
101,0.07392593011856079,0.07599788570404052
102,0.07533650274276733,0.08357275629043578
103,0.07399678745269775,0.10297171258926392
104,0.07386334161758423,0.07222363138198852
105,0.07325723724365234,0.08215933895111084
106,0.0734905722618103,0.07875972843170166
107,0.072454852104187,0.08332276201248169
108,0.0749125376701355,0.10137950372695922
109,0.07159733743667603,0.07291044425964356
110,0.07365026788711548,0.08754760122299195
111,0.07503496170043945,0.07562070560455322
112,0.0726761375427246,0.07503695344924927
113,0.0720284236907959,0.07584588146209717
114,0.07099609451293945,0.07719960451126098
115,0.07079574356079102,0.0747130765914917
116,0.07298320064544678,0.07745404005050659
117,0.0718384202003479,0.08118417501449585
118,0.07046923503875732,0.07268076467514038
119,0.07091755886077881,0.0726623215675354
120,0.07121985149383545,0.11978137397766113
