epoch,loss,val_loss
0,0.8420673259735107,0.6501927304267884
1,0.6657285313606263,0.5812911539077759
2,0.6086161428451539,0.6000704202651977
3,0.5922781561851501,0.5764597301483154
4,0.5730861034393311,0.5647925920486451
5,0.5596321999549866,0.5274297733306885
6,0.5464271512985229,0.5549244165420533
7,0.5430230058670044,0.5008996434211731
8,0.53291985912323,0.5055837383270264
9,0.5240076105117798,0.5094373893737792
10,0.5189811760902405,0.5079256625175476
11,0.514270150566101,0.5239145822525024
12,0.5090615175247193,0.5693899989128113
13,0.5052921789169311,0.47492209005355834
14,0.5044210921287536,0.5363532056808472
15,0.4975076647758484,0.49896941423416136
16,0.49575553483963014,0.481884681224823
17,0.48912373456954955,0.4916696133613586
18,0.4900338254928589,0.4642503113746643
19,0.4845963685035706,0.4665235052108765
20,0.4828952404022217,0.4949436955451965
21,0.4824778432846069,0.5817305889129639
22,0.4807054992675781,0.5085244636535644
23,0.4798835259437561,0.4853611888885498
24,0.4754482934951782,0.5190989632606506
25,0.4764758897781372,0.47022672986984254
26,0.4721278081893921,0.4863897862434387
27,0.47287969131469726,0.47004645824432373
28,0.4727051607131958,0.5220927443504334
29,0.47212370853424074,0.44952886724472046
30,0.4656072082519531,0.4685886125564575
31,0.4685406248092651,0.490482647895813
32,0.46561692943572996,0.44399296951293943
33,0.4655101192474365,0.46615056371688846
34,0.46262702894210816,0.4669040217399597
35,0.4627381391525269,0.4631472511291504
36,0.4613527627944946,0.4685738821029663
37,0.4614519193649292,0.47075155448913575
38,0.46034368839263917,0.440809193611145
39,0.46018735761642454,0.44264468240737914
40,0.45881725215911867,0.4502239565849304
41,0.4574391264915466,0.4662706332206726
42,0.45757226676940915,0.44269092655181885
43,0.4531210735321045,0.47088879203796385
44,0.4573105577468872,0.5113739013671875
45,0.4548952914237976,0.44594450616836545
46,0.4566976007461548,0.4368101167678833
47,0.4514089909553528,0.5104077129364014
48,0.45281550102233886,0.436140341758728
49,0.45306712350845335,0.44847499561309817
50,0.4516856243133545,0.43856111907958983
51,0.44974211978912354,0.48735246658325193
52,0.4513763585090637,0.4866210026741028
53,0.45396921100616455,0.45030620622634887
54,0.4495205739021301,0.46003366804122925
55,0.450779473400116,0.46105280780792235
56,0.44743308000564574,0.46243369722366334
57,0.44797246923446654,0.4429347991943359
58,0.44250000610351564,0.4910900583267212
59,0.44836107969284056,0.4588218336105347
60,0.45178206872940063,0.47482148694992066
61,0.4466115421295166,0.44537190198898313
62,0.442902264213562,0.46878866910934447
63,0.4468837815284729,0.47363366508483884
64,0.44382755880355834,0.45580584001541136
65,0.4470747230529785,0.43778773403167726
66,0.44511565837860106,0.44355647039413454
67,0.44461971101760867,0.4537089343070984
68,0.44460583839416506,0.44665061712265014
