epoch,loss,val_loss
0,0.6687260172843933,0.3631173686981201
1,0.34965008773803713,0.1985954303741455
2,0.19841473817825317,0.1292286148071289
3,0.15913949947357178,0.21764228820800782
4,0.13818919372558594,0.2416167893409729
5,0.12857345275878906,0.09701262092590332
6,0.11839827165603638,0.1378333339691162
7,0.11333265829086303,0.11471346282958984
8,0.10843809061050415,0.13477211332321168
9,0.10336346187591552,0.0816291675567627
10,0.10105352392196655,0.08459686088562011
11,0.09831307697296142,0.09987274074554443
12,0.09489060697555542,0.08027321004867553
13,0.09438007574081421,0.19793552923202515
14,0.09331095447540283,0.08376898765563964
15,0.0917114441871643,0.15548450803756714
16,0.08705180683135987,0.10057003593444824
17,0.08806537303924561,0.09049902582168579
18,0.08680531578063964,0.0941925663948059
19,0.08507127532958984,0.08696372318267823
20,0.08493785314559936,0.07455283975601196
21,0.07960405759811401,0.07046790218353272
22,0.0854261004447937,0.07455792331695557
23,0.08234476356506348,0.07236420249938964
24,0.0797365005493164,0.07389409351348877
25,0.08095799646377563,0.07086110019683838
26,0.08042338466644287,0.11364940643310546
27,0.08065286874771119,0.07110093307495118
28,0.07875139999389648,0.07138623952865601
29,0.07958701229095459,0.07030544424057007
30,0.07597736701965332,0.0690742130279541
31,0.0776428092956543,0.08736759328842163
32,0.07787764682769775,0.07124453735351563
33,0.07634665975570679,0.06921661853790283
34,0.0759344165802002,0.0668097915649414
35,0.07468564920425415,0.07263583660125733
36,0.07640397424697876,0.0738982834815979
37,0.0759453055381775,0.08977250242233277
38,0.07390341777801514,0.06550019264221191
39,0.07286428146362305,0.07068512439727784
40,0.07521608219146729,0.07080129528045655
41,0.07321312808990478,0.0655253758430481
42,0.07194478950500488,0.07462744235992431
43,0.07297002592086792,0.07610289812088013
44,0.0741552339553833,0.0859029860496521
45,0.07226269340515137,0.07411790609359742
46,0.07154913787841796,0.0761140775680542
47,0.07347252006530762,0.08658940124511719
48,0.0705534553527832,0.08625747585296631
