epoch,loss,val_loss
0,0.5027604325294495,0.3643846116065979
1,0.3179006454467773,0.23921815729141235
2,0.257814315700531,0.2476416325569153
3,0.22960095062255859,0.17972659492492676
4,0.20728704023361205,0.33976722383499147
5,0.19456364707946777,0.2596646795272827
6,0.17442488088607788,0.37874833345413206
7,0.16838955078125,0.11355006456375122
8,0.15963565425872803,0.1198461036682129
9,0.13972961387634278,0.09336340236663819
10,0.14348530464172363,0.11802951860427856
11,0.129099596118927,0.11081447172164917
12,0.1244535807609558,0.11576545572280884
13,0.11774534492492676,0.16749899911880492
14,0.11871868448257446,0.07274461698532105
15,0.10622278213500977,0.12795369625091552
16,0.10625996723175049,0.17141052675247193
17,0.10681862297058105,0.16990180921554565
18,0.0997537070274353,0.1016654863357544
19,0.09880836877822875,0.0994035210609436
20,0.09853120250701904,0.11481752586364746
21,0.09389041976928711,0.05576560401916504
22,0.0928060878753662,0.05815276098251343
23,0.09294914770126343,0.20286536836624144
24,0.09019869756698608,0.09417161226272583
25,0.08845238065719604,0.12400532817840576
26,0.0883896385192871,0.155353262424469
27,0.0877465835571289,0.06372239494323731
28,0.08223390493392944,0.08115559434890747
29,0.08296254816055298,0.051232541084289554
30,0.08198874444961547,0.07178366994857788
31,0.07970602722167969,0.05619516706466675
32,0.07873241233825684,0.13188676977157593
33,0.07663880157470702,0.08448769617080688
34,0.078984743309021,0.07089835691452026
35,0.07870754375457764,0.05035657787322998
36,0.07566415872573852,0.07753076601028443
37,0.07631683044433593,0.08978998947143554
38,0.07579761419296265,0.07315240478515625
39,0.07570305824279785,0.1288654956817627
40,0.07533622360229492,0.10361799001693725
41,0.07573045101165772,0.055415706157684326
42,0.07369680757522583,0.09628460359573364
43,0.07469276523590088,0.07980906629562377
