epoch,loss,val_loss
0,0.6762149032592774,0.2289735097885132
1,0.24778055171966554,0.16347613763809205
2,0.14742156581878663,0.10075022840499878
3,0.12056202754974366,0.1274743332862854
4,0.10978623161315917,0.10628877449035644
5,0.09700686511993409,0.09160748958587646
6,0.09422550811767579,0.08184553146362304
7,0.08708406229019165,0.06221903038024902
8,0.08434795417785644,0.058608068466186526
9,0.07940307626724243,0.1217203631401062
10,0.07667848348617554,0.054608370780944826
11,0.07348754568099976,0.050253021240234376
12,0.0691305253982544,0.07377193355560303
13,0.06498509407043457,0.057779590606689454
14,0.06067598257064819,0.04525256633758545
15,0.06185321731567383,0.08099380207061768
16,0.06052529792785644,0.043751311779022216
17,0.05909589605331421,0.055507738590240475
18,0.05525496215820312,0.04420376348495483
19,0.0568813946723938,0.05756365728378296
20,0.053516913890838624,0.0612126350402832
21,0.05412831926345825,0.03872487688064575
22,0.048707588481903076,0.07457831621170044
23,0.05052265348434448,0.037145241260528566
24,0.04958488426208496,0.09038584280014038
25,0.050317345905303956,0.046417487621307374
26,0.05058466739654541,0.03506555938720703
27,0.044332791805267335,0.03390326070785522
28,0.046704402446746826,0.03648221254348755
29,0.0410280951499939,0.032522783756256106
30,0.04268816728591919,0.03675320243835449
31,0.04507049427032471,0.032259876728057864
32,0.04299678430557251,0.03585757780075073
33,0.042794925498962404,0.034683587074279786
34,0.040257120513916014,0.05957649803161621
35,0.03832287540435791,0.03164437770843506
36,0.04136937618255615,0.030049967765808105
37,0.04034779071807861,0.07893802213668823
38,0.03957327270507813,0.03975439834594727
39,0.04065757942199707,0.07010309886932373
40,0.04038009195327759,0.030476291179656983
41,0.03853298387527466,0.05047284173965454
42,0.03744052104949951,0.045506218433380125
43,0.0371722014427185,0.0438903341293335
44,0.03567755031585693,0.029050540924072266
45,0.03686715536117554,0.03149698543548584
46,0.035223823928833005,0.06967677068710328
47,0.03558810577392578,0.03469379711151123
48,0.032632493019104,0.06059780931472778
49,0.033959133625030516,0.07604579019546509
50,0.034966785526275634,0.026403441429138183
51,0.035023253726959226,0.026599617004394532
52,0.03310745506286621,0.028752185344696046
53,0.031933405208587645,0.06293747282028198
54,0.03410643787384033,0.02544335460662842
55,0.029035171222686767,0.029675950050354005
56,0.03380278873443603,0.02618531560897827
57,0.03292003974914551,0.047155696392059326
58,0.03325886354446411,0.02831348371505737
59,0.03175092735290527,0.027107163429260252
60,0.03160892782211304,0.028120458602905272
61,0.030882593536376953,0.05015942716598511
62,0.031923223114013674,0.02757251501083374
63,0.031961288928985594,0.025457041263580324
64,0.029765489768981933,0.024195772171020508
65,0.028068059635162353,0.07025725173950195
66,0.031191025257110597,0.024256083011627197
67,0.0295289776802063,0.023877506732940673
68,0.02713260364532471,0.023717852115631103
69,0.027976882553100584,0.02881566095352173
70,0.030718171882629396,0.024435070514678955
71,0.02948433618545532,0.022919832706451416
72,0.028944877433776856,0.27667918252944945
73,0.03336993818283081,0.03328032493591308
74,0.02721523447036743,0.06827485752105712
75,0.02772362699508667,0.032474161148071286
76,0.027985793685913085,0.023249849319458008
77,0.027744631576538087,0.022595975399017334
78,0.027253504943847658,0.02565794563293457
79,0.027180680751800537,0.02258026170730591
80,0.02687290096282959,0.025772152423858642
81,0.026612614250183107,0.04022219228744507
82,0.031001237392425537,0.024361680030822754
83,0.026309557342529297,0.0526168909072876
84,0.028336679458618164,0.02250793504714966
85,0.026163156700134277,0.021600961208343507
86,0.026936998558044434,0.023514649391174317
87,0.027417142486572267,0.029758863925933837
88,0.0252255051612854,0.021763498306274415
89,0.028562148094177245,0.022656495571136474
90,0.025548694133758546,0.024569793701171874
91,0.0257200382232666,0.021163211822509766
92,0.026080665683746337,0.042173582553863526
93,0.02701165771484375,0.02149765157699585
94,0.023839939403533936,0.0207883563041687
95,0.024675361156463623,0.04561845779418945
96,0.024948592567443847,0.027564542293548586
97,0.024172733211517333,0.022017581462860106
98,0.0241848970413208,0.023486895084381103
99,0.02687004270553589,0.020769616603851317
100,0.02591026840209961,0.026845866680145263
101,0.023329509830474854,0.04166879987716675
102,0.024090787410736083,0.02686016321182251
103,0.026556569290161133,0.025577269554138183
104,0.026308917331695558,0.02351280641555786
105,0.02166800775527954,0.02160436964035034
106,0.023715622615814207,0.020774190425872804
107,0.02583437271118164,0.020461633205413818
108,0.023416758251190186,0.02621835994720459
109,0.02434677400588989,0.021166126251220704
110,0.021978784370422364,0.02026218128204346
111,0.024716779994964598,0.01991052484512329
112,0.024118729972839356,0.02222324800491333
113,0.023734492588043214,0.025974042415618896
114,0.024430509853363036,0.023659326553344726
115,0.023031460094451905,0.032251121044158934
116,0.024328426551818848,0.028168564796447755
117,0.02250949230194092,0.02148244619369507
118,0.023724923610687256,0.04194412088394165
119,0.022713663482666017,0.024818238258361817
120,0.023673746013641358,0.07603625679016113
121,0.02425854539871216,0.025048072814941407
122,0.023144571590423584,0.03008870840072632
123,0.02298182821273804,0.02414591073989868
124,0.022750686740875246,0.0215478138923645
125,0.022097489166259764,0.02774667739868164
126,0.02113747863769531,0.019325294017791747
127,0.023424101734161377,0.022760164260864257
128,0.023193372058868407,0.01923150634765625
129,0.02249608507156372,0.03520131206512451
130,0.021325999069213866,0.09302311038970948
131,0.02236400842666626,0.02340765047073364
132,0.0217079665184021,0.028465431213378908
133,0.02370896759033203,0.04180575227737427
134,0.022562745857238768,0.04856834077835083
135,0.02374056854248047,0.020944283485412597
136,0.02109299478530884,0.032943959712982175
137,0.022447033309936523,0.021441506862640382
138,0.021487837791442872,0.020630468368530275
139,0.020600636100769044,0.02305788564682007
140,0.02200193319320679,0.03397713708877564
141,0.022049838829040526,0.02788590431213379
142,0.020428907203674317,0.02506251859664917
143,0.019511866664886475,0.022255779266357422
144,0.02165405673980713,0.019205661296844482
145,0.019901482009887696,0.022427366733551026
146,0.01931388301849365,0.020097704410552978
147,0.021047128582000734,0.03488886499404907
148,0.020915733432769774,0.03062379026412964
149,0.02015732192993164,0.01834847927093506
150,0.020289665126800537,0.021715488910675047
151,0.020809743976593017,0.023987439632415772
152,0.022206028938293456,0.03404990530014038
153,0.02001991682052612,0.01983016300201416
154,0.01981166181564331,0.026777822971343995
155,0.02269424171447754,0.02670761489868164
156,0.020728003025054932,0.030275754451751707
157,0.02081269702911377,0.018997464656829836
158,0.02062228002548218,0.019085978984832764
159,0.01979757375717163,0.0205449275970459
160,0.017892117309570313,0.023221156120300294
161,0.020641586685180666,0.01840601396560669
162,0.018792218780517577,0.017663154125213625
163,0.020654555320739745,0.02394143581390381
164,0.02011060981750488,0.026701288223266603
165,0.021537043285369872,0.020110512256622314
166,0.018766201305389404,0.017615435123443605
167,0.018968852043151855,0.034807686805725095
168,0.019998945808410645,0.017812230587005616
169,0.01871932849884033,0.017521857738494875
170,0.020068089294433593,0.022468992233276367
171,0.020925837135314942,0.01901380252838135
172,0.017998492240905762,0.0174963116645813
173,0.018644009590148926,0.0328924674987793
174,0.01985126037597656,0.0367815842628479
175,0.020017708492279053,0.022044733047485353
176,0.01918203067779541,0.035005637645721434
177,0.0204190993309021,0.017862688541412354
178,0.020185391426086427,0.02155035400390625
179,0.01820596227645874,0.017503020763397218
180,0.018054090881347656,0.019672561645507812
181,0.017542725372314452,0.01849714469909668
182,0.019557858848571776,0.023302578926086427
183,0.019782658481597902,0.019016382694244386
184,0.0171086594581604,0.017427104949951172
185,0.018924803352355957,0.018893890380859375
186,0.01883632650375366,0.036284154891967776
187,0.01999960136413574,0.017300634384155272
188,0.018386373901367187,0.017803258419036867
189,0.016297620010375977,0.018271005630493165
190,0.019117959213256836,0.017547454833984375
191,0.01921969347000122,0.027207457065582277
192,0.019336266231536864,0.01707161569595337
193,0.017965785217285157,0.018201611042022704
194,0.018088482093811035,0.019585202693939208
195,0.017467275047302246,0.017602283000946045
196,0.01816922912597656,0.01833501625061035
197,0.01891403474807739,0.07490982532501221
198,0.018763455867767335,0.01758383321762085
199,0.017436640644073485,0.019437164306640626
200,0.019383676528930666,0.024743611812591552
201,0.017564910316467286,0.0337960786819458
202,0.01840419216156006,0.040484177112579345
203,0.01739569501876831,0.019392095565795898
204,0.01703696165084839,0.017247478008270263
205,0.018535161781311035,0.08683680772781371
206,0.01868503761291504,0.01779962110519409
207,0.0172101655960083,0.017541224002838134
208,0.0195767333984375,0.016654820919036865
209,0.01843330955505371,0.01667246961593628
210,0.01666111478805542,0.016437145233154298
211,0.01751309862136841,0.035922987461090086
212,0.017890284633636476,0.01662507486343384
213,0.017531682205200197,0.0676823697090149
214,0.019923271942138672,0.023137378692626952
215,0.01738100061416626,0.016732969760894775
216,0.016485306930541992,0.01667777681350708
217,0.018802778911590576,0.017953686714172364
218,0.01675902557373047,0.03183529758453369
219,0.018032000827789305,0.0208216814994812
220,0.019391263008117676,0.01707055425643921
221,0.014897921752929687,0.019031221866607665
222,0.016565815734863282,0.017647408962249755
223,0.016627722930908202,0.017186870574951173
224,0.017234656810760498,0.025802850246429445
225,0.016993952465057374,0.06865184879302978
226,0.019943642711639405,0.017280826568603514
227,0.016519244289398192,0.016607258319854736
228,0.016167956447601318,0.052530487060546874
229,0.01859279651641846,0.019736973762512208
230,0.01605611629486084,0.021988680839538574
