epoch,loss,val_loss
0,0.7516469898223876,0.3023311419487
1,0.28434728727340697,0.13142080450057983
2,0.13000887145996093,0.11010238027572632
3,0.09053132076263427,0.09433917331695557
4,0.07523579683303833,0.04461979150772095
5,0.062320252990722656,0.03687278127670288
6,0.0546390157699585,0.06120052576065063
7,0.04981124868392944,0.056897685050964354
8,0.04202601795196533,0.02539447546005249
9,0.039786263751983644,0.07915670013427735
10,0.043415475368499754,0.2681279215812683
11,0.038887150287628174,0.021948647022247313
12,0.03177973861694336,0.024707159042358397
13,0.027984916305541993,0.02065668773651123
14,0.025583701515197753,0.013831781864166259
15,0.024149714756011964,0.04626098108291626
16,0.02431325149536133,0.021479895114898683
17,0.02291543684005737,0.04398266744613648
18,0.021276466178894043,0.03318474292755127
19,0.022081393241882324,0.05710612964630127
20,0.018202150917053222,0.01687749671936035
21,0.018498672676086427,0.012881107330322265
22,0.01736921148300171,0.08595413827896119
23,0.016841718292236327,0.02647147989273071
24,0.01690669460296631,0.009833640098571777
25,0.016256074905395507,0.037512141227722166
26,0.015584863662719727,0.010073176383972168
27,0.014418113803863526,0.02470896816253662
28,0.014699026107788086,0.01173466157913208
29,0.014050092792510986,0.010473827838897705
30,0.012704848289489746,0.01290791654586792
31,0.011179949569702148,0.06639134979248047
32,0.011831858539581299,0.006333729267120361
33,0.011523989295959472,0.029449994564056396
34,0.012635574531555175,0.007984779357910156
35,0.010825475692749024,0.006240757942199707
36,0.010720214748382568,0.05251902770996094
37,0.011532236194610596,0.026722968101501463
38,0.010925228881835938,0.005304432392120361
39,0.007809154987335205,0.009998372554779053
40,0.011149356365203858,0.00642306661605835
41,0.00944007272720337,0.005181626796722412
42,0.010137633419036866,0.0299995174407959
43,0.009023453903198243,0.00807027769088745
44,0.00881979866027832,0.011458336353302002
45,0.009264723300933838,0.0041450982093811034
46,0.007777994155883789,0.02232650899887085
47,0.0075553143501281735,0.004518456935882568
48,0.009266186809539795,0.008200174331665038
49,0.007781013584136963,0.007216797351837158
50,0.0077976293563842775,0.003562751770019531
51,0.00864932565689087,0.007992241859436035
52,0.005718110466003418,0.01999111557006836
53,0.007736257839202881,0.00426153564453125
54,0.006029656314849853,0.008883708000183106
55,0.00554416275024414,0.003614370346069336
56,0.0066405632972717284,0.00509069299697876
57,0.006776790618896484,0.0052324504852294925
58,0.005744176483154297,0.0034776091575622558
59,0.0070133918762207035,0.0028978586196899414
60,0.006225820255279541,0.003425412654876709
61,0.005888886547088623,0.002773198127746582
62,0.004656469345092774,0.007006686210632324
63,0.005302446842193604,0.013909135818481445
64,0.0055089210510253905,0.003345450401306152
65,0.005447747611999512,0.006466419696807862
66,0.004630888748168946,0.002268263816833496
67,0.004880521392822266,0.004081832408905029
68,0.004590987396240235,0.0072403278350830075
69,0.0059348560333251955,0.004369327545166016
70,0.003971776390075683,0.0043835783004760745
71,0.005782003021240234,0.002380340576171875
72,0.003489330005645752,0.0026012229919433593
73,0.004195789623260498,0.003155159950256348
74,0.004415312862396241,0.0019474711418151856
75,0.0036445582389831544,0.0027286481857299806
76,0.0055814294815063475,0.0019585041999816894
77,0.004287986946105957,0.0018952584266662598
78,0.004125400733947754,0.0038588528633117674
79,0.0026821081161499025,0.003291943073272705
80,0.0048969695091247555,0.0017702555656433105
81,0.004172440624237061,0.003189554691314697
82,0.003742302131652832,0.0020379085540771485
83,0.005477768993377686,0.0018274364471435546
84,0.004337918472290039,0.0055448017120361326
85,0.004885697174072266,0.0017488579750061036
86,0.0035862582206726075,0.0018074913024902343
87,0.0045415850639343265,0.0017524080276489257
88,0.003055382823944092,0.0015954289436340332
89,0.0036564029693603515,0.0016665205955505372
90,0.0033757698059082033,0.0016501703262329101
91,0.004112362670898437,0.0018100247383117675
92,0.00510510778427124,0.004525742053985596
93,0.003969190502166748,0.001631192684173584
94,0.003682160758972168,0.0016762509346008301
95,0.0031252612113952635,0.001708925247192383
96,0.0024539918899536134,0.002562748908996582
