epoch,loss,val_loss
0,0.6026098840713501,0.3048998589515686
1,0.3517760806083679,0.22432039976119994
2,0.24831535444259645,0.2661486763954163
3,0.22135313158035277,0.20808660840988158
4,0.20203829517364502,0.2789838471412659
5,0.18944212131500243,0.14162744569778443
6,0.17787605819702149,0.4074483118057251
7,0.16776267242431642,0.24578744125366211
8,0.16728296003341675,0.12516960477828978
9,0.1575595582962036,0.13072049951553344
10,0.14948255310058595,0.16001666212081908
11,0.1561086706161499,0.12246360158920289
12,0.14318638639450074,0.11319321918487549
13,0.1435360692024231,0.19841142225265504
14,0.13553821830749513,0.14440436077117919
15,0.1338487349510193,0.22221762228012085
16,0.1340879937171936,0.12732885885238648
17,0.12504044876098633,0.14202994489669798
18,0.1250080617904663,0.09876116800308228
19,0.12401653261184692,0.207221688747406
20,0.1196927140235901,0.17619770336151122
21,0.11846760349273681,0.0973973741531372
22,0.11425740766525269,0.11403415155410766
23,0.11329726247787475,0.0940147180557251
24,0.11292735528945923,0.09587628698348999
25,0.10971033115386963,0.1400585994720459
26,0.1129954792022705,0.10974105596542358
27,0.10700521726608277,0.10111775588989258
28,0.1091236343383789,0.09441166353225708
29,0.10508196926116943,0.2682708134651184
30,0.10738725385665894,0.11171953725814819
31,0.10471710386276245,0.08847687482833862
32,0.09836692457199096,0.1043499755859375
33,0.10249155588150025,0.08736246156692505
34,0.0972167028427124,0.10032526350021362
35,0.10010083103179931,0.08589273977279663
36,0.09802679023742676,0.08972136211395264
37,0.09756280403137207,0.11271082210540771
38,0.100489972782135,0.12475616455078126
39,0.09428073930740356,0.09729538059234619
40,0.09640901737213135,0.08839114904403686
41,0.0941486481666565,0.16292171669006347
42,0.09486264057159424,0.08307054328918458
43,0.09512195920944214,0.2105661964416504
44,0.09678076496124267,0.12970578145980835
45,0.09519734001159667,0.08524220657348633
46,0.08840277938842774,0.09827552938461304
47,0.09078328466415406,0.20651609325408934
48,0.09016528902053833,0.09030779218673705
49,0.09000276861190797,0.10972110462188721
50,0.08868462467193604,0.11567304611206054
51,0.08847479057312012,0.09679492235183716
52,0.08353327617645263,0.09057399654388427
53,0.08832568473815917,0.07805917358398437
54,0.08784139356613159,0.07765725374221802
55,0.08379163742065429,0.10479732513427735
56,0.0864452088356018,0.13011602544784545
57,0.08615087299346924,0.0738396463394165
58,0.0852786021232605,0.08284361791610718
59,0.08502998304367065,0.08929750061035156
60,0.08510031337738037,0.13873081827163697
61,0.08338117456436157,0.08284629487991332
62,0.08505770072937012,0.08001554489135743
63,0.0830938681602478,0.08245392227172851
64,0.08293439054489135,0.07774431419372559
65,0.08190365171432495,0.11556990623474121
66,0.08055176334381103,0.07559883117675781
67,0.08251313562393188,0.10963445854187012
68,0.08005464706420898,0.33840490245819094
69,0.08904469318389893,0.0784737663269043
70,0.08052031660079956,0.07641465663909912
71,0.0801455337524414,0.08852039623260498
72,0.07778197984695434,0.11753116464614868
73,0.08198556432724,0.07361836624145508
74,0.07910022296905518,0.09604430913925172
75,0.08036189422607422,0.0883592700958252
76,0.07781994361877441,0.07787135601043702
77,0.07771125268936158,0.08682372236251831
78,0.07708794336318969,0.07306711196899414
79,0.07706623277664185,0.0983389368057251
80,0.07866977910995483,0.07946893835067749
81,0.07863306941986084,0.07965936183929444
82,0.07658934011459351,0.08118143653869629
83,0.07748915023803711,0.07557097101211548
84,0.07566163187026978,0.09460726404190063
85,0.07425852794647217,0.1943862795829773
86,0.07919827241897583,0.08871558380126954
87,0.07297844657897949,0.10446189451217651
88,0.07615459060668946,0.08045895099639892
89,0.07450676984786987,0.07705386066436767
90,0.07420948095321656,0.07386774587631226
91,0.07279682712554932,0.09077106475830078
92,0.07581987590789795,0.07756573486328125
93,0.07352309617996215,0.07156093502044678
94,0.071481591796875,0.07111831665039063
95,0.07210467290878296,0.07669681978225708
96,0.07201377048492431,0.080092529296875
97,0.07640008840560913,0.07104953241348266
98,0.07241103601455688,0.07692444086074829
99,0.07303641519546508,0.18798717403411866
100,0.07321380529403687,0.06935442161560058
101,0.06915447463989258,0.11841722297668457
102,0.07181842765808105,0.10550547933578491
103,0.0699247124671936,0.07676271390914917
104,0.07150598583221436,0.07904847002029419
105,0.07006224346160889,0.07719021081924439
106,0.070278311252594,0.07683263635635376
107,0.07271817502975464,0.06979057455062866
108,0.06934147443771363,0.07546978569030761
109,0.0704746810913086,0.07472145175933838
110,0.06924686031341552,0.07382392835617066
111,0.06842856225967407,0.08767095899581909
112,0.06934399013519287,0.07325211095809936
113,0.06995976705551148,0.07157343626022339
114,0.06910114164352417,0.09327778196334839
115,0.0675844617843628,0.09252608633041381
116,0.06866924953460693,0.08416964626312255
117,0.07037300624847412,0.07304157304763793
118,0.06786231517791748,0.09154212856292725
119,0.06686417245864869,0.06946050214767456
120,0.0671002649307251,0.07883255481719971
