epoch,loss,val_loss
0,0.7482649759292602,0.7110867338180542
1,0.45916621541976926,0.2339928159713745
2,0.2368748797416687,0.19507226133346559
3,0.196926047706604,0.20672886037826538
4,0.1901422158241272,0.17273817586898804
5,0.18010828790664674,0.1766010642051697
6,0.17639643926620482,0.2431875557899475
7,0.16779538555145262,0.1736794590950012
8,0.16242965316772462,0.4667574772834778
9,0.1704396439552307,0.16511811256408693
10,0.1567738570213318,0.16888273763656617
11,0.1542472252845764,0.182090802192688
12,0.15178469409942627,0.17341714763641358
13,0.1517373339653015,0.16967425537109376
14,0.14909146175384522,0.21467348861694335
15,0.14796629228591918,0.14644869232177735
16,0.1470431510925293,0.315058940410614
17,0.14844660778045654,0.1872066421508789
18,0.1442432276725769,0.13971703481674194
19,0.14155540657043458,0.142455530166626
20,0.13931432123184204,0.13683910989761353
21,0.13850994720458984,0.13640610074996948
22,0.13802488584518433,0.21311219263076783
23,0.13913615159988404,0.155941490650177
24,0.13646888389587403,0.14702197694778443
25,0.13758694038391114,0.13368568420410157
26,0.1352167097091675,0.13740448236465455
27,0.13247528600692748,0.13737139654159547
28,0.13428628568649292,0.15259394645690919
29,0.1329465714454651,0.13097323179244996
30,0.13034926614761352,0.13195017194747924
31,0.12957114925384522,0.13391753196716308
32,0.1323348116874695,0.1363575429916382
33,0.13056449823379518,0.1300652322769165
34,0.1317162537574768,0.1349543013572693
35,0.12930801992416383,0.14572056007385253
36,0.12857655296325685,0.12976120710372924
37,0.12900427989959717,0.13318342924118043
38,0.12855928287506105,0.13060898733139037
39,0.1287418091773987,0.14702433919906616
40,0.12811593475341798,0.1383243169784546
41,0.12712927627563478,0.12775925159454346
42,0.1263580026626587,0.1713661742210388
43,0.1270301911354065,0.14110600090026856
44,0.12580977973937987,0.13263588380813598
45,0.126246524143219,0.13024829626083373
46,0.12638004264831543,0.12868999099731446
47,0.12433661317825317,0.12691242265701294
48,0.1258829885482788,0.14851474285125732
49,0.12473728923797607,0.13706068992614745
50,0.12408978862762451,0.15271168851852418
51,0.12345316162109375,0.19979132890701293
52,0.12594474153518675,0.13258345556259155
53,0.1256918155670166,0.12806791543960572
54,0.12412286119461059,0.13064692640304565
55,0.12513353242874145,0.1257274522781372
56,0.12277426681518555,0.12460726022720336
57,0.12523667669296265,0.12489342069625854
58,0.12276582155227661,0.1592611608505249
59,0.12365986003875733,0.1286540722846985
60,0.12112711887359619,0.13480182313919067
61,0.12276166877746582,0.14425712966918947
62,0.12241204433441162,0.1286363067626953
63,0.12329155530929566,0.1445631356239319
64,0.12236973152160645,0.1314375638961792
65,0.12224068269729614,0.14094880962371825
66,0.12207389764785767,0.12292276239395142
67,0.12280076150894165,0.15188319206237794
68,0.12282691822052003,0.12494331026077271
69,0.1223735008239746,0.125654616355896
70,0.12225487556457519,0.16567454719543456
71,0.12139168834686279,0.12449663591384888
72,0.12259837112426758,0.12321219873428345
73,0.12237641429901124,0.12309882020950318
74,0.12126334238052368,0.12275937271118165
75,0.11965678176879883,0.12568756675720213
76,0.1212680913925171,0.12571634435653686
77,0.12188725652694703,0.1264622311592102
78,0.12053573083877564,0.13845202255249023
79,0.12006833086013793,0.1699046492576599
80,0.12201542682647705,0.12432613563537598
81,0.12043711090087891,0.12280924654006958
82,0.12200183200836182,0.13760283708572388
83,0.1208343934059143,0.13386998891830446
84,0.1212244511604309,0.12709976387023925
