epoch,loss,val_loss
0,0.6358280096054078,0.2464677619934082
1,0.2838257133483887,0.19925223064422606
2,0.1747769853591919,0.22058746099472046
3,0.1471069299697876,0.09817268657684326
4,0.12909556283950804,0.09311607265472412
5,0.11554984254837036,0.10567851161956787
6,0.10900365705490113,0.13257425689697266
7,0.10144515380859374,0.1064931697845459
8,0.09853826923370361,0.1332039794921875
9,0.09780388870239258,0.11454573774337769
10,0.08960770597457886,0.09264554882049561
11,0.08859769811630248,0.1071279764175415
12,0.08334837551116943,0.1703684344291687
13,0.08602105617523194,0.19187942457199098
14,0.08073746929168701,0.09976241874694824
15,0.07923003339767457,0.06563038206100463
16,0.07474221315383911,0.06428573894500732
17,0.07427226505279541,0.1861705813407898
18,0.07707504262924195,0.06438819694519043
19,0.07289819221496582,0.06483067893981934
20,0.07240726976394653,0.12462864589691162
21,0.07372272090911865,0.057738786697387696
22,0.06874507961273194,0.06522647047042847
23,0.0665095724105835,0.06278996276855468
24,0.06887004013061523,0.06014808320999145
25,0.06759834423065185,0.0777714762687683
26,0.06500381984710693,0.07766432905197143
27,0.0653587100982666,0.09884246921539307
28,0.06560310163497925,0.14235819864273072
29,0.06528583784103394,0.07236009883880615
30,0.06464761981964111,0.05661210823059082
31,0.060955402755737305,0.10100876665115356
32,0.0635060676574707,0.0572076268196106
33,0.06149905424118042,0.05544843721389771
34,0.06121213159561157,0.05396435546875
35,0.05892796869277954,0.06008256101608277
36,0.06144689893722534,0.10371347856521607
37,0.05945456705093384,0.05299973726272583
38,0.0597031231880188,0.09422149276733398
39,0.06048039331436157,0.056058671474456784
40,0.05687884798049927,0.08051811265945434
41,0.05714615907669068,0.05737834167480469
42,0.05860981798171997,0.05169087362289429
43,0.058040505409240724,0.05742127704620361
44,0.05708253679275513,0.06201985502243042
45,0.058059933280944824,0.0602188720703125
46,0.0567067873954773,0.05178347873687744
47,0.05722610130310059,0.05070726919174194
48,0.055985476303100586,0.05125448751449585
49,0.05695509128570557,0.06445084238052368
50,0.05482278518676758,0.049824575424194335
51,0.055673780345916746,0.07131189584732056
52,0.055120837020874024,0.05392541933059693
53,0.05466076927185059,0.07036996698379516
54,0.05593074016571045,0.05318567371368408
55,0.05376783800125122,0.05024649715423584
56,0.055088101577758786,0.04956101036071777
57,0.055438341331481934,0.05386674404144287
58,0.052354444885253905,0.07126714944839478
59,0.05429077196121216,0.06470443439483643
60,0.05370483093261719,0.04766925573348999
61,0.05411747674942017,0.050248043060302734
62,0.05281602020263672,0.055942416191101074
63,0.0540523268699646,0.0474183201789856
64,0.052924804496765135,0.04731897640228271
65,0.05256685466766357,0.04748250770568847
66,0.05210238571166992,0.055296000003814696
67,0.05226552152633667,0.056266690254211424
68,0.05258086528778076,0.061736610889434815
69,0.05211087198257446,0.0671676368713379
70,0.053010908031463626,0.04822371053695679
71,0.051541720390319824,0.07592610216140747
72,0.052261872005462645,0.053356921672821044
73,0.052195341491699215,0.04743943929672241
74,0.05202686014175415,0.04975350570678711
75,0.051238368797302244,0.061843796253204346
76,0.052769532108306885,0.05037059545516968
77,0.049696268177032474,0.06254965209960937
78,0.04950944700241089,0.05260294961929321
79,0.05197599840164185,0.051544050216674804
80,0.05019357976913452,0.04859441423416138
