epoch,loss,val_loss
0,0.6159994261741638,0.4425797257423401
1,0.3438907752037048,0.37988981103897096
2,0.253330232334137,0.1910107569694519
3,0.22277375249862671,0.21104481649398804
4,0.20704876937866212,0.5567032537460327
5,0.1945050108909607,0.16931718826293946
6,0.18288954887390138,0.2490653166770935
7,0.17621639051437377,0.14896692037582399
8,0.17104297590255738,0.16947046279907227
9,0.1645877516746521,0.13755290126800537
10,0.155536665725708,0.13851404666900635
11,0.15661048784255982,0.13482490348815918
12,0.15373367700576782,0.15914595079421998
13,0.1459317181587219,0.12263305282592774
14,0.14790875205993653,0.8821720232963562
15,0.15080697708129884,0.24472295904159547
16,0.13670599451065063,0.17050837469100952
17,0.13828161630630492,0.11957114839553833
18,0.13091938848495482,0.1149379277229309
19,0.12975872564315796,0.12303947257995605
20,0.12842138671875,0.11999967670440674
21,0.12616649436950683,0.11425843381881715
22,0.12701510124206544,0.11124539804458618
23,0.12172562112808227,0.1501018533706665
24,0.12166254281997681,0.12337038850784302
25,0.11784396705627441,0.11685343599319457
26,0.11772888927459717,0.1240705771446228
27,0.11647049617767334,0.2306486783027649
28,0.11959129276275635,0.10992170238494874
29,0.11436396532058715,0.09900847387313842
30,0.11457410955429077,0.10869091701507569
31,0.11299551239013672,0.09903171443939209
32,0.10871519165039062,0.2766884503364563
33,0.1143874207496643,0.15509628200531006
34,0.10903068590164185,0.15446687841415405
35,0.10689826412200927,0.10673073482513427
36,0.10731238660812378,0.17510508823394774
37,0.1057074730873108,0.11293996620178223
38,0.10333563985824586,0.09212344455718995
39,0.10104410514831542,0.10640533065795899
40,0.10268241758346558,0.10473823881149293
41,0.09956875810623168,0.14631706953048706
42,0.09765590534210206,0.08720444440841675
43,0.10023296213150025,0.09204139518737793
44,0.10189921751022339,0.10985353469848633
45,0.09775424575805663,0.10646519947052002
46,0.09445308866500854,0.09750453424453735
47,0.09551850414276122,0.08951233673095703
48,0.09453788642883301,0.10479717826843261
49,0.09046857671737671,0.09929892587661743
50,0.09172988834381103,0.10071612882614135
51,0.09188673820495606,0.1128373613357544
52,0.09467012424468994,0.08947796869277955
53,0.0913422999382019,0.07999138498306274
54,0.09015434064865112,0.10116055154800416
55,0.0870676480293274,0.08125460052490234
56,0.0880497220993042,0.0837248044013977
57,0.088337864112854,0.08026507997512818
58,0.08511488771438598,0.08841826772689819
59,0.08580079860687256,0.08483023977279663
60,0.08673157320022583,0.08588666486740112
61,0.087178697681427,0.1645498456954956
62,0.08399219369888306,0.1541365113258362
63,0.08531881265640259,0.12522572135925292
64,0.0842324197769165,0.11586887645721436
65,0.08149334325790406,0.07510321760177613
66,0.08546408910751342,0.10735404586791993
67,0.08298581924438476,0.07665309572219849
68,0.07791663808822631,0.13757334184646605
69,0.08467872018814086,0.1472687954902649
70,0.0785999771118164,0.08967877578735352
71,0.08045550174713134,0.07289251947402954
72,0.07818029336929322,0.1027618408203125
73,0.07938313360214233,0.07640053033828735
74,0.07514466304779052,0.15036714935302734
75,0.07662875127792358,0.08556548833847046
76,0.07653643798828125,0.07426348209381103
77,0.0754929449081421,0.07036346673965455
78,0.07593015985488892,0.08029215049743653
79,0.0751655143737793,0.06635107088088989
80,0.07380983581542969,0.10135481023788452
81,0.07505577173233033,0.07368351173400879
82,0.07320439014434814,0.1238441948890686
83,0.07281834125518799,0.07049052381515503
84,0.07416530065536499,0.07538432025909424
85,0.07187700958251952,0.07356756544113159
86,0.07278101301193238,0.12662812423706055
87,0.07151728439331055,0.08885710906982422
88,0.07026196041107177,0.07366354751586913
89,0.07019765214920044,0.12597102117538453
90,0.07019305934906006,0.06494625759124756
91,0.06838164224624634,0.1091580400466919
92,0.07141890306472778,0.10089902639389038
93,0.06937964916229249,0.0911936845779419
94,0.06892696304321289,0.07365298748016358
95,0.06715989294052124,0.07363269519805908
96,0.0720176531791687,0.09442558717727662
97,0.06653364267349243,0.0690751609802246
98,0.06819641752243041,0.06554406642913818
99,0.06797353458404541,0.07006632137298584
100,0.06543664026260376,0.07626719570159912
101,0.06610687074661255,0.08236645412445068
102,0.06612439413070678,0.06924431562423707
103,0.06659991912841796,0.08032448768615723
104,0.06645500087738038,0.06395420742034912
105,0.06584401321411133,0.08733420133590698
106,0.0641460991859436,0.08515786218643188
107,0.06527486171722412,0.12282087659835815
108,0.06604786987304688,0.07656234550476074
109,0.06567843856811524,0.0691613392829895
110,0.06594548330307007,0.07590110445022583
111,0.06333276300430297,0.09827106285095215
112,0.06519737796783447,0.06593970298767089
113,0.06489615650177002,0.06396406316757203
114,0.06241804285049438,0.06698345613479614
115,0.0637985315322876,0.07146753311157227
116,0.0627635537147522,0.07393975591659546
117,0.06392717895507813,0.06649698972702027
118,0.06231505212783813,0.06670008850097656
119,0.06133159122467041,0.08780044555664063
120,0.06263596563339234,0.07527531385421753
121,0.061263242530822756,0.14178425645828246
122,0.06421907510757446,0.08840322971343995
123,0.06136781482696533,0.06273384952545166
124,0.0611887508392334,0.08655969333648682
125,0.06004725666046143,0.06359506320953369
126,0.06032951354980469,0.06850615167617798
127,0.060634041786193846,0.07184377717971802
128,0.060563928604125974,0.06581772661209107
129,0.06178980846405029,0.06514618396759034
130,0.059919885063171384,0.06841808223724365
131,0.060716035652160646,0.08766223430633545
132,0.05965466747283935,0.06253087615966797
133,0.05863541994094849,0.07677921438217163
134,0.05932895517349243,0.06616020584106445
135,0.05862721700668335,0.12994112157821655
136,0.061211369419097904,0.06218879461288452
137,0.056695259952545166,0.07300577926635742
138,0.05956297645568848,0.07450637483596802
139,0.05897272138595581,0.0958596978187561
140,0.05956905965805054,0.08429705667495728
141,0.05554312210083008,0.0651689715385437
142,0.05972265291213989,0.07645319128036498
143,0.05909225788116455,0.06094843530654907
144,0.056201409816741946,0.06439471626281738
145,0.05783574466705322,0.07725360536575318
146,0.05736331090927124,0.08491517400741577
147,0.05976415929794311,0.06264238262176514
148,0.05610973100662232,0.08429953289031983
149,0.05543968868255615,0.07715288114547729
150,0.05677686262130737,0.1152992639541626
151,0.056202283668518066,0.07249522304534912
152,0.05570996713638306,0.09059598112106323
153,0.05498684797286987,0.06427070569992066
154,0.05637744312286377,0.10287858390808105
155,0.057669502449035646,0.10399437952041626
156,0.0571392258644104,0.16329924201965332
157,0.05617662916183472,0.07866871309280396
158,0.0552824387550354,0.0713288016319275
159,0.05445834093093872,0.07559092903137207
160,0.055268767356872556,0.08693052101135254
161,0.05425866050720215,0.06480131578445435
162,0.05682350664138794,0.0762936601638794
163,0.05313189191818237,0.07057372522354126
