epoch,loss,val_loss
0,0.9999878273010254,0.9999877281188965
1,0.9999877949714661,0.9999876837730408
2,0.999987766456604,0.9999876546859742
3,0.999987721157074,0.9999876165390015
4,0.9999876873970032,0.9999875798225403
5,0.9999876489639282,0.9999875431060791
6,0.9999876149177551,0.9999874987602234
7,0.9999875776290894,0.9999874620437622
8,0.9999875337600708,0.9999874238967895
9,0.9999874887466431,0.9999873795509339
10,0.9999874471664428,0.9999873428344727
11,0.9999874129295349,0.9999872984886169
12,0.9999873660087586,0.9999872465133667
13,0.9999873273849488,0.9999872174263
14,0.9999872853279114,0.9999871792793273
15,0.9999872364997864,0.9999871273040771
16,0.9999871885299683,0.9999870753288269
17,0.9999871468544006,0.9999870386123657
18,0.9999870999336242,0.99998699426651
19,0.9999870608329773,0.9999869422912597
20,0.9999870054244995,0.999986882686615
21,0.9999869616508484,0.9999868307113647
22,0.9999869071006775,0.9999868016242981
23,0.9999868494033813,0.9999867420196533
24,0.9999868000984192,0.9999866976737976
25,0.999986747264862,0.9999866380691528
26,0.9999866980552673,0.999986578464508
27,0.9999866401672364,0.9999865202903747
28,0.9999865877151489,0.9999864606857299
29,0.9999865362167358,0.9999864010810852
30,0.9999864713668823,0.999986349105835
31,0.999986416721344,0.9999862895011902
32,0.9999863556861878,0.9999862298965454
33,0.9999863011360168,0.9999861640930175
34,0.9999862309455871,0.9999861044883728
35,0.9999861681938171,0.9999860372543335
36,0.9999861052513123,0.9999859714508057
37,0.9999860397338867,0.9999859042167664
38,0.9999859740257263,0.9999858446121216
39,0.9999858964920044,0.9999857788085937
40,0.9999858238220215,0.99998570394516
41,0.999985758972168,0.999985622882843
42,0.9999856823921204,0.9999855480194092
43,0.9999856067657471,0.9999854745864868
44,0.9999855321884156,0.999985399723053
45,0.9999854545593262,0.9999853110313416
46,0.9999853666305542,0.9999852299690246
47,0.9999852868080139,0.9999851551055908
48,0.9999852043151856,0.9999850587844848
49,0.9999851110458374,0.9999849700927734
50,0.9999850267410278,0.999984881401062
51,0.9999849352836608,0.999984785079956
52,0.9999848309516907,0.99998468875885
53,0.9999847395896911,0.9999846000671386
54,0.9999846424102783,0.9999844884872436
55,0.9999845262527466,0.9999843845367432
56,0.9999844323158265,0.9999842882156372
57,0.9999843260765076,0.9999841766357422
58,0.9999842198371888,0.9999840650558471
59,0.9999840991973877,0.9999839396476745
60,0.9999839868545533,0.999983820438385
61,0.9999838698387146,0.9999836950302124
62,0.9999837491989135,0.9999835758209229
63,0.9999836225509644,0.9999834504127503
64,0.9999834840774536,0.9999833097457885
65,0.999983344078064,0.9999831829071045
66,0.9999832158088684,0.9999830269813538
67,0.9999830652236938,0.9999828786849976
68,0.999982919216156,0.9999827227592468
69,0.9999827641487121,0.9999825682640076
70,0.9999826038360595,0.9999824123382568
71,0.9999824323654175,0.9999822335243225
72,0.9999822696685791,0.9999820713996888
73,0.9999821005821228,0.9999818925857544
74,0.9999819115638733,0.999981707572937
75,0.9999817222595215,0.9999814996719361
76,0.9999815187454224,0.9999812917709351
77,0.9999813220977783,0.99998109292984
78,0.9999811068534851,0.9999808621406555
79,0.9999808915138244,0.9999806251525879
80,0.9999806537628174,0.9999803943634034
81,0.999980417728424,0.9999801421165466
82,0.9999801592826844,0.9999798836708069
83,0.9999799032211304,0.9999796237945556
84,0.9999796096801757,0.9999793348312378
85,0.9999793258666992,0.9999790306091308
86,0.9999790187835693,0.9999787263870239
87,0.9999787040710449,0.9999783854484559
88,0.9999783692359925,0.9999780292510987
89,0.9999780071258545,0.9999776592254639
90,0.9999776472091675,0.9999772739410401
91,0.9999772451400757,0.9999768581390381
92,0.9999768269538879,0.9999764285087586
93,0.9999763902664185,0.9999759454727173
94,0.999975922870636,0.9999754562377929
95,0.9999754002571106,0.9999749226570129
96,0.9999748673439026,0.9999743585586548
97,0.9999742935180664,0.9999737515449524
98,0.9999736587524414,0.9999730834960937
99,0.9999729823112488,0.9999723787307739
100,0.9999722515106201,0.9999716157913208
101,0.9999714574813843,0.9999707627296448
102,0.9999705810546875,0.9999698424339294
103,0.9999696303367615,0.9999688119888306
104,0.9999685820579529,0.9999676852226257
105,0.9999674107551575,0.9999664163589478
106,0.9999661093711854,0.9999650082588196
107,0.9999646319389344,0.999963406085968
108,0.9999629686355591,0.9999615745544433
109,0.9999610535621644,0.9999594755172729
110,0.9999588466644287,0.999957058429718
111,0.9999562854766846,0.9999542026519775
112,0.9999532673835755,0.999950807094574
113,0.9999496324539184,0.9999467206001281
114,0.9999452162742615,0.9999416418075562
115,0.9999396900177002,0.9999352269172669
116,0.9999325839996338,0.999926787853241
117,0.9999230227470398,0.9999151306152344
118,0.9999093547821045,0.9998977999687195
119,0.9998880467414856,0.9998691577911377
120,0.9998496960639953,0.9998120775222779
121,0.9997609870910644,0.9996534018516541
122,0.9993267143249511,0.997420512676239
123,0.14247684326171875,1.1205673217773438e-06
124,5.594940185546875e-05,6.427764892578125e-07
125,3.4234619140625e-05,4.253387451171875e-07
126,2.4271392822265623e-05,2.93731689453125e-07
127,1.8452835083007812e-05,2.2029876708984376e-07
128,1.499176025390625e-05,1.8978118896484376e-07
129,1.2506866455078125e-05,1.468658447265625e-07
130,1.0546112060546876e-05,1.316070556640625e-07
131,9.293365478515625e-06,8.869171142578125e-08
132,8.112335205078124e-06,8.869171142578125e-08
133,7.31353759765625e-06,7.343292236328125e-08
134,6.5948486328125e-06,7.343292236328125e-08
135,5.9661865234375e-06,7.343292236328125e-08
136,5.4840087890625e-06,5.817413330078125e-08
137,5.01251220703125e-06,5.817413330078125e-08
138,4.67376708984375e-06,5.817413330078125e-08
139,4.266357421875e-06,5.817413330078125e-08
140,4.0283203125e-06,5.817413330078125e-08
141,3.7872314453125e-06,4.57763671875e-08
142,3.58123779296875e-06,3.0517578125e-08
143,3.3599853515625e-06,3.0517578125e-08
144,3.1890869140625e-06,3.0517578125e-08
145,3.03497314453125e-06,3.0517578125e-08
146,2.886962890625e-06,3.0517578125e-08
147,2.7557373046875e-06,3.0517578125e-08
148,2.6123046875e-06,3.0517578125e-08
149,2.471923828125e-06,3.0517578125e-08
150,2.398681640625e-06,1.52587890625e-08
151,2.29644775390625e-06,1.52587890625e-08
152,2.19573974609375e-06,1.52587890625e-08
153,2.11334228515625e-06,1.52587890625e-08
154,2.044677734375e-06,1.52587890625e-08
155,1.9775390625e-06,1.52587890625e-08
156,1.90277099609375e-06,1.52587890625e-08
157,1.837158203125e-06,1.52587890625e-08
158,1.788330078125e-06,1.52587890625e-08
159,1.708984375e-06,1.52587890625e-08
160,1.6448974609375e-06,1.52587890625e-08
161,1.64031982421875e-06,1.52587890625e-08
162,1.580810546875e-06,1.52587890625e-08
163,1.49993896484375e-06,1.52587890625e-08
164,1.4923095703125e-06,1.52587890625e-08
165,1.43890380859375e-06,0.0
166,1.3946533203125e-06,0.0
167,1.38092041015625e-06,0.0
168,1.34429931640625e-06,0.0
169,1.2969970703125e-06,0.0
170,1.25579833984375e-06,0.0
171,1.23138427734375e-06,0.0
172,1.21307373046875e-06,0.0
173,1.18408203125e-06,0.0
174,1.14898681640625e-06,0.0
175,1.10931396484375e-06,0.0
176,1.11846923828125e-06,0.0
177,1.0650634765625e-06,0.0
178,1.068115234375e-06,0.0
179,1.0345458984375e-06,0.0
180,1.0162353515625e-06,0.0
181,9.8876953125e-07,0.0
182,9.7503662109375e-07,0.0
183,9.5672607421875e-07,0.0
184,9.429931640625e-07,0.0
185,9.1705322265625e-07,0.0
