epoch,loss,val_loss
0,0.593471553325653,0.6725224261283874
1,0.2787934741973877,0.27753845167160035
2,0.1501632784843445,0.150293306350708
3,0.12163717842102051,0.07498899793624877
4,0.10526334667205811,0.07183190679550171
5,0.09106968212127685,0.07989128160476684
6,0.08301985673904419,0.06914776563644409
7,0.07770223274230957,0.35385636377334595
8,0.07785598716735839,0.11185192108154297
9,0.06861505699157715,0.06114585494995117
10,0.06644276685714721,0.050110431671142576
11,0.06545485248565674,0.05067782592773438
12,0.06197543706893921,0.07992859649658203
13,0.0574832407951355,0.10465440464019775
14,0.056293549537658694,0.044764708042144774
15,0.055619075393676755,0.04289379596710205
16,0.05478315353393555,0.04856305265426636
17,0.05323802814483643,0.04250055885314941
18,0.04885655374526977,0.04234053087234497
19,0.05017289047241211,0.040022364616394045
20,0.05078693237304688,0.04387010383605957
21,0.04837618293762207,0.03759607315063476
22,0.046196730327606204,0.11504379653930664
23,0.04613496341705322,0.04364496040344238
24,0.04791516895294189,0.08163205766677857
25,0.04454900741577148,0.03998797035217285
26,0.0447814661026001,0.03832024717330933
27,0.043138522624969484,0.033824031829833984
28,0.04006429214477539,0.03666464042663574
29,0.042285994052886966,0.033802133083343504
30,0.03891881952285767,0.039132740020751955
31,0.03859879779815674,0.0346219539642334
32,0.03872490320205688,0.12015408039093017
33,0.04246609401702881,0.045210030078887936
34,0.03791548280715942,0.04064567756652832
35,0.038199712562561036,0.03365087795257568
36,0.03696578454971314,0.03059064292907715
37,0.03648433237075806,0.03053776502609253
38,0.036825053596496585,0.03342735815048218
39,0.03624083042144775,0.03540443372726441
40,0.036593052005767825,0.031808006286621095
41,0.034743882369995115,0.02883890151977539
42,0.03450962438583374,0.03306371355056763
43,0.032029827308654786,0.02816194438934326
44,0.03583980684280395,0.02896093797683716
45,0.032869052410125735,0.027931984424591064
46,0.032845353412628175,0.03549948644638062
47,0.03398080196380615,0.027782462120056153
48,0.03303189449310303,0.02798107385635376
49,0.03201133642196655,0.03630572080612183
50,0.03366567687988281,0.027738938808441162
51,0.032447164154052736,0.026838805675506592
52,0.030478588485717772,0.027899327754974366
53,0.03248637742996216,0.026139198303222658
54,0.03147402086257935,0.029023094177246092
55,0.030038133525848387,0.027271796226501464
56,0.030331899452209474,0.03366593551635742
57,0.0312647313117981,0.02842232608795166
58,0.02985126943588257,0.02527828025817871
59,0.02832613182067871,0.025235350608825684
60,0.028410601139068604,0.025849935054779054
61,0.0283057523727417,0.025489376544952393
62,0.030301299476623536,0.026239758491516114
63,0.029220713424682618,0.032173040866851806
64,0.028117644214630127,0.04337839031219482
65,0.027838060760498048,0.07928077602386474
66,0.02907212610244751,0.02487022066116333
67,0.028072521877288818,0.024350738048553467
68,0.026675461101531982,0.02639070463180542
69,0.027519973945617674,0.024729450702667237
70,0.028105534553527833,0.02394321870803833
71,0.025565100479125975,0.061148948669433593
72,0.027265617847442625,0.025081305503845214
73,0.027683059310913086,0.023478981971740722
74,0.024435676097869872,0.0931000542640686
75,0.02943582353591919,0.027705978393554688
76,0.026216893196105956,0.03921443557739258
77,0.026771385192871092,0.02730914878845215
78,0.025270122241973877,0.05866881084442139
79,0.02617391939163208,0.024498921394348144
80,0.025228829669952393,0.03060993480682373
81,0.026559490966796873,0.027002394676208494
82,0.025230959129333496,0.024282048225402832
83,0.024445742988586427,0.025513796806335448
84,0.025116207122802735,0.028157978534698487
85,0.02406548891067505,0.02232623291015625
86,0.02349122314453125,0.026794007301330566
87,0.025254582023620607,0.046035831451416015
88,0.02352632656097412,0.022738872051239013
89,0.025806673526763916,0.022836983680725096
90,0.023187189197540283,0.03764960479736328
91,0.023334642314910888,0.02238749933242798
92,0.02429463987350464,0.026912797451019287
93,0.023167944431304932,0.024980349540710448
94,0.022517338180541992,0.024764503479003906
95,0.023646969413757324,0.023487649440765382
96,0.02412161645889282,0.02105139112472534
97,0.022243062973022462,0.021065046310424804
98,0.022304106426239013,0.022550634384155274
99,0.022074258613586424,0.03808869504928589
100,0.023265043926239015,0.020810583114624023
101,0.02218084774017334,0.06531847906112671
102,0.022909710788726806,0.024491435527801513
103,0.022543581676483154,0.030243627071380615
104,0.021524699115753172,0.020897559642791746
105,0.02239310941696167,0.025035593986511232
106,0.021570812320709228,0.0229150447845459
107,0.020159309005737303,0.021259892463684083
108,0.02283217716217041,0.02302616024017334
109,0.02012723684310913,0.02116499900817871
110,0.020876713848114015,0.02470635986328125
111,0.02254506368637085,0.022049568176269532
112,0.020280483913421632,0.03773689079284668
113,0.02183769588470459,0.030497459411621092
114,0.021390992832183837,0.020912354469299316
115,0.02138632049560547,0.020279370307922363
116,0.022433800983428957,0.02109119510650635
117,0.019366500186920165,0.026772098541259767
118,0.021989340114593504,0.02101083755493164
119,0.019956148147583008,0.021340705394744874
120,0.0218962721824646,0.0253350830078125
121,0.021012710475921632,0.02160619020462036
122,0.019533776092529296,0.1123979721069336
123,0.023913746452331543,0.01998494529724121
124,0.01953599271774292,0.024302194595336914
125,0.020206373596191405,0.027322832107543944
126,0.02057241611480713,0.019316121578216553
127,0.019339217376708986,0.020518559455871582
128,0.019560036754608153,0.01980994987487793
129,0.019246392059326174,0.01997028160095215
130,0.01946239986419678,0.022484283924102785
131,0.018989754009246827,0.022974959373474123
132,0.019037025356292724,0.028773211002349853
133,0.019825628566741943,0.02335691738128662
134,0.019597948265075684,0.01930847930908203
135,0.01827626895904541,0.02018681573867798
136,0.02039800329208374,0.018686583518981933
137,0.01835487222671509,0.020294844627380373
138,0.019043949222564697,0.024965328693389893
139,0.01910384864807129,0.01928952741622925
140,0.017837363624572753,0.03232061767578125
141,0.019528618049621582,0.01997473382949829
142,0.01817691822052002,0.018343757629394532
143,0.019133764171600343,0.06745837545394898
144,0.021254959678649904,0.019073590755462645
145,0.018189491367340088,0.01896848487854004
146,0.018284067821502686,0.01988739585876465
147,0.019162067890167236,0.029711506843566896
148,0.018884899520874025,0.019156245231628417
149,0.017385773944854736,0.019438917636871337
150,0.017378997898101805,0.019874691009521484
151,0.01964432725906372,0.0360534873008728
152,0.01819440279006958,0.025001832485198973
153,0.017395148372650146,0.01854575490951538
154,0.019450400733947753,0.025590962409973144
155,0.01743643503189087,0.01865752363204956
156,0.01665955104827881,0.023405516624450683
157,0.01760805044174194,0.01818978548049927
158,0.017086914920806884,0.019406951904296876
159,0.018642459297180176,0.021705515861511232
160,0.017060203552246092,0.030638422489166258
161,0.017715586280822752,0.018232877254486083
162,0.01595604486465454,0.019555013179779052
163,0.0185882306098938,0.018753531455993653
164,0.017426882648468017,0.01918300724029541
165,0.018050739288330078,0.01952997398376465
166,0.016891148567199706,0.019855404853820802
167,0.016657826995849608,0.017751771450042725
168,0.016608248138427734,0.0177091965675354
169,0.017566266918182374,0.034208200454711915
170,0.018707718944549562,0.018818531513214113
171,0.0172993763923645,0.02243872547149658
172,0.018436255645751954,0.017804036140441893
173,0.01648096752166748,0.01802418565750122
174,0.016902238655090333,0.04745929765701294
175,0.01695030870437622,0.019553547859191896
176,0.01685832223892212,0.01766582441329956
177,0.016664592170715333,0.018191939353942872
178,0.01624732894897461,0.018652116298675536
179,0.01571912498474121,0.01874576473236084
180,0.01581210012435913,0.018531959056854248
181,0.015382668113708496,0.026198245048522948
182,0.01762889003753662,0.017696633815765382
183,0.015990328407287598,0.018256453037261963
184,0.016347232246398925,0.017776567935943604
185,0.01615630598068237,0.04811403799057007
186,0.01677077865600586,0.017807663917541502
187,0.01592880859375,0.019082482814788818
188,0.016288260173797607,0.018104965209960938
189,0.015579342555999756,0.017185017585754393
190,0.016290350914001463,0.01900553369522095
191,0.015587230014801026,0.01986508560180664
192,0.016643324756622314,0.017910823822021485
193,0.016051922702789306,0.02167315101623535
194,0.01555221405029297,0.017373958110809325
195,0.014743552207946778,0.016969513893127442
196,0.016542452716827392,0.02176142883300781
197,0.015725081825256348,0.01704203176498413
198,0.014672775268554688,0.01880362939834595
199,0.016232664108276368,0.028780181884765624
200,0.016263198947906492,0.018090540409088134
201,0.015298152160644531,0.017434757232666017
202,0.01566449031829834,0.017345849990844726
203,0.01484245252609253,0.016930481910705567
204,0.015330645847320556,0.01763185262680054
205,0.015984969234466552,0.017019449710845947
206,0.015419918918609618,0.01720411443710327
207,0.014923958587646485,0.021207819938659667
208,0.015794079971313477,0.020520084857940674
209,0.016412950611114502,0.016771412372589112
210,0.01442193841934204,0.028422845363616944
211,0.014438558292388916,0.0174407057762146
212,0.016750617122650146,0.016904697895050048
213,0.014786995506286621,0.02232075548171997
214,0.015554415035247803,0.0174119553565979
215,0.015184671497344971,0.01734350299835205
216,0.015438828563690185,0.01664694833755493
217,0.01515372552871704,0.025830425262451173
218,0.015798777294158937,0.021453099727630615
219,0.014373001098632812,0.01696915102005005
220,0.01405190658569336,0.019951383113861083
221,0.015286029434204101,0.020045166015625
222,0.015009354877471924,0.04666896915435791
223,0.01478076696395874,0.016785082817077638
224,0.01518481044769287,0.019409379005432128
225,0.01456922664642334,0.016602829456329345
226,0.015011705589294433,0.019357852458953856
227,0.01464487705230713,0.046630381584167484
228,0.014891669750213624,0.017001892566680908
229,0.013845342922210693,0.021146909713745117
230,0.014349817657470704,0.01882123851776123
231,0.014117826747894286,0.01744343614578247
232,0.014433443069458008,0.016217037200927733
233,0.013573643016815186,0.017236551284790038
234,0.013851546478271484,0.016425010204315187
235,0.014015368270874023,0.024089025497436523
236,0.01503931303024292,0.05545150279998779
237,0.015423975944519042,0.05377461385726929
238,0.01424064302444458,0.016208916664123534
239,0.013797672653198242,0.01657930517196655
240,0.01420877571105957,0.017587367534637452
241,0.014479366207122802,0.016675091743469237
242,0.013073737621307374,0.016278465270996093
243,0.01377051019668579,0.016440781593322754
244,0.015383140945434571,0.017548664569854735
245,0.01291003246307373,0.017837191104888916
246,0.014759725952148438,0.016266831398010252
247,0.01352263536453247,0.019267020225524904
248,0.013499476051330566,0.01596967124938965
249,0.014258690547943115,0.034798978805541995
250,0.014372155475616455,0.017371392250061034
251,0.013875442409515382,0.017110021591186523
252,0.01406669979095459,0.01636175489425659
253,0.013980969619750977,0.01647392416000366
254,0.01322818660736084,0.019982084274291993
255,0.013336099338531493,0.018599854469299317
256,0.013221042156219482,0.02070756196975708
257,0.014331812572479247,0.016741671562194825
258,0.014171493244171142,0.016316203594207764
259,0.013277537441253663,0.016165091514587403
260,0.012876249790191651,0.018599176406860353
261,0.014038493919372558,0.016439446926116943
262,0.01342170524597168,0.01800239896774292
263,0.014065731143951416,0.01633047866821289
264,0.01259316930770874,0.018215416431427003
265,0.013281376266479492,0.015818249702453612
266,0.012958748531341553,0.015934854507446288
267,0.013459955024719238,0.03589363431930542
268,0.013850909042358398,0.017218088626861573
269,0.013984906768798828,0.01669598388671875
270,0.013144013690948487,0.016018350601196288
271,0.015313272190093994,0.01579813003540039
272,0.013555180168151855,0.01781753396987915
273,0.012554118537902831,0.02196472454071045
274,0.014219124126434326,0.023993640422821046
275,0.013258581924438477,0.015576327323913574
276,0.012777016067504882,0.018371091842651368
277,0.012901549434661866,0.015925378799438478
278,0.013432120895385742,0.034087028503417965
279,0.014414144706726074,0.017284632205963133
280,0.014033670806884765,0.018695597648620606
281,0.012090804386138916,0.01587355422973633
282,0.012674466609954834,0.017495999336242674
283,0.012605335903167725,0.015682017803192137
284,0.014266007328033447,0.016725950717926024
285,0.013040488815307618,0.01610739755630493
286,0.012938032341003419,0.016905867099761964
287,0.01236574583053589,0.016194012641906737
288,0.013025267601013184,0.026431667804718017
289,0.012498385715484618,0.015522399425506591
290,0.01309189395904541,0.01772710704803467
291,0.012040822410583496,0.016648759841918947
292,0.013060858631134034,0.016907021045684815
293,0.01367642650604248,0.015575048923492431
294,0.01184897346496582,0.01591304874420166
295,0.012456784915924073,0.015902054786682128
296,0.012170157718658448,0.02322044563293457
297,0.01224092435836792,0.01584164571762085
298,0.013565979480743407,0.017393728733062743
299,0.013292996311187744,0.016032124042510986
300,0.011880692386627197,0.015505138397216798
301,0.01341366376876831,0.015782277584075927
302,0.012232124423980712,0.015471596240997315
303,0.01371475601196289,0.015721681594848633
304,0.012011850643157958,0.01640642786026001
305,0.012811171054840089,0.019093257427215578
306,0.01243805046081543,0.016680172443389894
307,0.012103971004486083,0.015519483089447022
308,0.012232211208343505,0.015626491546630858
309,0.012659244251251221,0.01646082353591919
310,0.011983164978027344,0.018010841369628907
311,0.012170917892456055,0.015330884456634521
312,0.011938456344604493,0.015264192581176757
313,0.01251025514602661,0.015312197208404542
314,0.01213846549987793,0.01585437345504761
315,0.011726534080505372,0.024230600357055664
316,0.014346801471710205,0.015580166816711425
317,0.011827062129974366,0.015898599147796632
318,0.011620410251617431,0.03030358934402466
319,0.013456771755218505,0.01551999282836914
320,0.012957694530487061,0.01605981683731079
321,0.011947754287719726,0.01615909194946289
322,0.011825686073303223,0.018951789379119875
323,0.012581840801239013,0.01769701910018921
324,0.01337044267654419,0.015868921279907227
325,0.011501811027526855,0.017797719955444335
326,0.014121894264221191,0.015717824935913085
327,0.012190713596343994,0.01688321113586426
328,0.011598549079895019,0.01672662830352783
329,0.012160415649414063,0.015498904705047608
330,0.011799111938476563,0.017125603199005128
331,0.012686726474761963,0.01958165740966797
332,0.012007433223724365,0.015485048770904541
