epoch,loss,val_loss
0,0.5756810430526733,0.4232454614639282
1,0.3537507607460022,0.2216648769378662
2,0.2553715027809143,0.35645863199234007
3,0.21989661130905153,0.16515541982650755
4,0.1978039824485779,0.3105270209312439
5,0.1907102915763855,0.14981425285339356
6,0.1782465723991394,0.17293759679794313
7,0.16650534467697142,0.256253173828125
8,0.16293461828231812,0.17408000326156617
9,0.158856023311615,0.17017351293563843
10,0.15535206880569458,0.10895084238052369
11,0.1487072516441345,0.1073639144897461
12,0.13799533290863036,0.15392217016220092
13,0.13078562812805175,0.11492855215072632
14,0.12548795757293701,0.12768943500518798
15,0.11802279243469238,0.11039870309829712
16,0.11856346998214722,0.09099349737167359
17,0.1129822470664978,0.08925555229187011
18,0.11068711652755737,0.10555214500427246
19,0.10626425647735596,0.107676504611969
20,0.10870760679244995,0.14673262310028076
21,0.10095526094436645,0.25059363460540773
22,0.1087723388671875,0.08661111640930176
23,0.09325707845687867,0.08104102230072022
24,0.09289176197052001,0.08402145910263062
25,0.09338880968093873,0.07779124927520752
26,0.08897334518432617,0.0702068362236023
27,0.08807611684799194,0.13445543766021728
28,0.08887454500198365,0.08808942699432373
29,0.08523005819320678,0.1065558557510376
30,0.08398519306182861,0.07784923315048217
31,0.08075273704528808,0.31395936632156374
32,0.088451646900177,0.06365911531448364
33,0.07823029832839966,0.12339197063446045
34,0.07960093507766723,0.07104108142852783
35,0.07547531099319459,0.06635159158706665
36,0.07568255138397217,0.08200008487701416
37,0.07398579015731811,0.1356321439743042
38,0.07722003803253173,0.06840500593185425
39,0.07431098728179932,0.0659324507713318
40,0.07510430774688721,0.06451675462722778
41,0.0730195767402649,0.07409232330322266
42,0.07093433341979981,0.08231799125671387
43,0.06831760034561157,0.06166779136657715
44,0.06879253721237183,0.07698266839981079
45,0.07144925212860108,0.06767649173736573
46,0.07123937292098999,0.05951492977142334
47,0.06861758737564087,0.13292765140533447
48,0.06941992015838623,0.07810281896591187
49,0.06640643472671509,0.08783841943740844
50,0.0691479245185852,0.08192218160629272
51,0.06532612409591675,0.07640490055084229
52,0.06487423486709595,0.05979665946960449
53,0.06553602361679077,0.08305050706863404
54,0.0644808874130249,0.06924842309951783
55,0.06442723817825317,0.06265548753738404
56,0.06354162588119507,0.06492368078231811
57,0.0657701210975647,0.07298457574844361
58,0.06332628841400147,0.08215070390701294
59,0.06261352367401123,0.06379139614105224
60,0.06455208730697631,0.06129292917251587
61,0.06289790992736817,0.05945160484313965
62,0.06240385274887085,0.07520423698425292
63,0.06143916931152344,0.06076890897750854
64,0.06114951343536377,0.06031804323196411
65,0.06196244602203369,0.06569694948196411
66,0.060982702159881594,0.051848909378051755
67,0.05975854196548462,0.06985646677017211
68,0.059923778915405276,0.06698029851913452
69,0.059399846267700195,0.055957218647003176
70,0.05870603971481323,0.07773239707946777
71,0.061023841857910155,0.0532769832611084
72,0.05975846014022827,0.057708840370178226
73,0.06030570154190063,0.0720410213470459
74,0.0576944673538208,0.08063660764694214
75,0.060142591857910155,0.06485255861282349
76,0.05725684375762939,0.06468789958953858
77,0.05740600881576538,0.05812334680557251
78,0.05672261734008789,0.06388727807998658
79,0.057896386337280274,0.0849757342338562
80,0.058590809535980226,0.08734454011917114
81,0.05747779169082642,0.06204026746749878
82,0.05734456663131714,0.08262722730636597
