epoch,loss,val_loss
0,0.5372661129951477,0.32540976333618166
1,0.3654945870399475,0.36631481552124023
2,0.30423948440551757,0.2634555759429932
3,0.26887529497146606,0.22238743209838868
4,0.24700129566192627,0.8137971320152283
5,0.24170297565460205,0.19258533000946046
6,0.23161496305465698,0.3519645853042603
7,0.21749715242385864,0.1784175281524658
8,0.21171922588348388,0.1604286584854126
9,0.20342862434387207,0.20282773447036742
10,0.19170742769241333,0.3004476761817932
11,0.19495698194503785,0.1470085849761963
12,0.18268123140335082,0.13872118425369262
13,0.174268736743927,0.17203654718399047
14,0.16719117918014526,0.13178568506240845
15,0.16155337409973144,0.1330777578353882
16,0.15970515041351319,0.2698637866973877
17,0.15148452033996582,0.14458404397964478
18,0.14755258874893187,0.12131111192703246
19,0.15023981981277465,0.21453379583358764
20,0.13732220582962038,0.1544190363883972
21,0.13232531747817994,0.1022186255455017
22,0.1304901279449463,0.14240428733825683
23,0.12572783489227296,0.12336874151229858
24,0.1259701621055603,0.19709016180038452
25,0.12073405227661133,0.15667380142211915
26,0.12055544271469117,0.13968149662017823
27,0.11367850818634033,0.2166364908218384
28,0.11329610919952393,0.09118397378921508
29,0.11293999013900757,0.09836738157272339
30,0.11105759649276734,0.09559743118286133
31,0.111954385471344,0.10913588380813599
32,0.10374973697662354,0.09339817476272583
33,0.09972551469802857,0.08490561246871949
34,0.10360293865203857,0.13149914741516114
35,0.09882858400344849,0.11996893310546874
36,0.09818719053268432,0.07872402572631836
37,0.09762205801010132,0.08287028884887696
38,0.09352449674606324,0.20811063957214354
39,0.09981080646514892,0.10758641910552978
40,0.08946407012939453,0.15046350383758544
41,0.09241456336975097,0.11937139034271241
42,0.08793695077896119,0.08202140283584594
43,0.0864780324935913,0.07269731903076172
44,0.08765231704711914,0.10353878736495972
45,0.08819106063842773,0.06941000843048095
46,0.08639916095733642,0.10559055280685425
47,0.08420938405990601,0.11505591630935669
48,0.08578570051193238,0.14075762844085693
49,0.0829062617301941,0.06015690898895264
50,0.0807659234046936,0.06867546176910401
51,0.07804475269317628,0.07783628940582275
52,0.0796549207687378,0.05852513647079468
53,0.07654883871078491,0.05999810266494751
54,0.0752490761756897,0.06089626741409302
55,0.0774477891921997,0.07199855089187622
56,0.0731070634841919,0.09063011598587035
57,0.07630173044204712,0.1362378249168396
58,0.07315747051239013,0.06850600862503052
59,0.07573267517089843,0.08642286014556885
60,0.07460203018188477,0.09290521240234376
61,0.07279534006118775,0.09804223251342774
62,0.07126530990600585,0.09175491762161254
63,0.07071457824707031,0.08182861709594727
64,0.07108842449188232,0.07985956144332886
65,0.07018580751419068,0.09074201154708862
66,0.07012998037338257,0.09185388135910035
67,0.07007881994247436,0.06405209493637085
68,0.068121164894104,0.06542559289932251
69,0.06712012720108032,0.16023643159866333
70,0.07065588960647583,0.08201604843139648
71,0.0672065134048462,0.05288178682327271
72,0.06497785081863404,0.08644632911682129
73,0.06685051803588868,0.06532708835601807
74,0.06796894626617432,0.07138148260116577
75,0.06480422897338867,0.054200448513031005
76,0.06501340103149414,0.059993421554565426
77,0.06359012641906739,0.06421798372268676
78,0.06598718967437744,0.08581610870361328
79,0.0657853672027588,0.06928932189941406
80,0.06223751516342163,0.0841363763809204
81,0.06248859148025513,0.06038260126113892
82,0.06199642496109009,0.07167188739776612
83,0.06286682424545288,0.11487533092498779
84,0.06238470039367676,0.10301207399368287
85,0.05961630907058716,0.08991086483001709
86,0.06066640558242798,0.08277311277389526
87,0.06346163787841796,0.07164341402053832
88,0.06138156661987305,0.059112829208374025
89,0.06007849464416504,0.05735863161087036
90,0.05854360933303833,0.0702306056022644
91,0.05916964206695557,0.05281606435775757
92,0.0617320348739624,0.05743334913253784
93,0.060610005378723145,0.07019181394577026
94,0.058342329597473146,0.061533931255340575
95,0.05940946340560913,0.08223143911361694
96,0.0594638165473938,0.0677438564300537
97,0.057634816932678225,0.06215649080276489
98,0.05976122055053711,0.0703308310508728
99,0.059327492141723635,0.05149249839782715
100,0.05740554723739624,0.054741501808166504
101,0.057445025157928466,0.06629616260528565
102,0.05526825733184815,0.09168921041488648
103,0.056341563606262204,0.07284348821640015
104,0.05683180084228515,0.05111325979232788
105,0.05468457403182984,0.06390139865875244
106,0.056679737186431885,0.08139461421966553
107,0.05728841075897217,0.10248234272003173
108,0.05786164894104004,0.07281499767303466
109,0.056872892951965334,0.06618379211425782
110,0.05441328859329224,0.056018959045410155
111,0.05672854175567627,0.06793186616897583
112,0.055604490375518796,0.07948838329315186
113,0.054766139602661135,0.09198613119125366
114,0.05670539255142212,0.05636702823638916
115,0.05367921686172485,0.07842067718505859
116,0.0555566948890686,0.05984621524810791
117,0.054329446220397946,0.08964810371398926
118,0.0545230788230896,0.07855463123321534
119,0.05430915203094482,0.050399839878082275
120,0.052249492835998536,0.07875353527069091
121,0.05380631246566772,0.0923770055770874
122,0.0511335844039917,0.057848883152008056
123,0.053504859161376955,0.08657151317596436
124,0.051384740543365476,0.08670402336120606
125,0.053630874252319334,0.06718664026260376
126,0.05249420518875122,0.08030921411514282
127,0.0537009539604187,0.11207623004913331
128,0.05321209096908569,0.08854392719268799
129,0.05328776292800903,0.09412077522277831
130,0.05203509225845337,0.05190716075897217
131,0.052844629383087156,0.1363118724822998
132,0.05187886266708374,0.06245682144165039
133,0.050177110099792484,0.1008024034500122
134,0.05350113182067871,0.07557759094238281
135,0.050363787841796875,0.048639372348785403
136,0.05070286693572998,0.052354689598083495
137,0.0512257719039917,0.06514630222320557
138,0.05199219961166382,0.05790849685668945
139,0.04944841833114624,0.06364860105514526
140,0.051838560009002686,0.04866166305541992
141,0.04874548406600952,0.08509339094161987
142,0.05013241443634033,0.05939502763748169
143,0.05153309316635132,0.07876786518096923
144,0.049617597103118895,0.05005500602722168
145,0.051487034225463864,0.06875706434249879
146,0.048868386459350585,0.06914493274688721
147,0.050672815990448,0.09574479532241821
148,0.05085261716842651,0.10307557821273804
149,0.050762055110931396,0.08271967315673828
150,0.050886746501922604,0.04893108510971069
151,0.048909941673278806,0.05047858667373657
152,0.04941736545562744,0.054210917472839355
153,0.04925135354995728,0.05301706457138061
154,0.049498856353759765,0.0534935998916626
155,0.049413533878326414,0.0827670168876648
