epoch,loss,val_loss
0,0.826247396659851,0.7150369062423706
1,0.6756164583206177,0.6221218395233155
2,0.6000039796829224,0.5390256762504577
3,0.5607759211540222,0.6438643913269043
4,0.5433763046264648,0.5247357606887817
5,0.5290140533447265,0.5348182592391968
6,0.5090776912689209,0.67841073513031
7,0.5058277803421021,0.48892242527008056
8,0.4968108481407166,0.5361651139259338
9,0.49062004041671753,0.6403079214096069
10,0.48224289560317996,0.47440094566345214
11,0.47954169473648073,0.4841833653450012
12,0.4752514381408691,0.4615854630470276
13,0.4675892709732056,0.4587936635017395
14,0.46607471380233767,0.48978722286224363
15,0.4622721579551697,0.47521463298797606
16,0.45710819301605227,0.4718028159141541
17,0.451721466255188,0.4865642371177673
18,0.4499794274330139,0.43268007040023804
19,0.44832373962402344,0.4461220278739929
20,0.4460635895729065,0.45910564517974856
21,0.4386909273147583,0.4350976538658142
22,0.44012674436569216,0.4253068838119507
23,0.4348648674964905,0.4494162859916687
24,0.43465177335739136,0.41272123765945434
25,0.4307597455024719,0.41668891620635984
26,0.4293413245201111,0.43722995281219484
27,0.4278096237182617,0.4176028261184692
28,0.42654863605499266,0.4468541226387024
29,0.42432985343933105,0.439348840713501
30,0.4233978796958923,0.5399481739997863
31,0.4249375865936279,0.3982173271179199
32,0.4215456055641174,0.4055901575088501
33,0.4212371490478516,0.4032896375656128
34,0.41988080587387083,0.43864591026306154
35,0.4188602994918823,0.42341344594955443
36,0.4151182483673096,0.44742115926742554
37,0.4185519223213196,0.5181476602554321
38,0.41688583154678344,0.42838362789154055
39,0.4140529514312744,0.47009651041030887
40,0.41305444221496584,0.45670609664916995
41,0.41662932291030885,0.46557552671432495
42,0.4113383957862854,0.39809196424484256
43,0.41268089780807493,0.4356156129837036
44,0.412289395904541,0.4166632885932922
45,0.4121643091201782,0.39590993881225583
46,0.41104379453659057,0.3903475637435913
47,0.4095083450317383,0.40132488107681275
48,0.4092786390304565,0.39413593196868896
49,0.4098374605178833,0.40325063133239747
50,0.4097520817756653,0.4751496443748474
51,0.4101767201423645,0.39483793497085573
52,0.4050455723762512,0.4120390176773071
53,0.4072978674888611,0.4021377263069153
54,0.40770047330856324,0.4870540385246277
55,0.4087740821838379,0.5161944751739502
56,0.4091133912086487,0.523900963306427
57,0.4079727209091186,0.394144956111908
58,0.40767731733322143,0.4042583107948303
59,0.40277273101806643,0.44313033628463744
60,0.40499331960678103,0.41260983991622924
61,0.4037942054748535,0.45143133926391604
62,0.4039943618774414,0.42745381593704224
