epoch,loss,val_loss
0,0.5254361692428589,0.3137496109008789
1,0.3588578574180603,0.3142064905166626
2,0.2917133999824524,0.22604315614700318
3,0.25670033159255984,0.48800206518173217
4,0.24056952772140502,0.2852584190368652
5,0.2264919620513916,0.1700603199005127
6,0.20850193405151368,0.16666078424453734
7,0.19882853593826294,0.2292549524307251
8,0.19236830682754516,0.2173414053916931
9,0.18930207738876342,0.1330083293914795
10,0.16902015504837037,0.36323345708847044
11,0.1691062759399414,0.22835056686401367
12,0.1607218379020691,0.2677881550788879
13,0.15809332237243653,0.11211040258407592
14,0.15665900630950927,0.21320606994628907
15,0.14180781164169312,0.10409226751327515
16,0.14052893753051757,0.2309156036376953
17,0.13605383348464967,0.17906392669677734
18,0.12335699472427368,0.08945668411254883
19,0.12221610116958619,0.13798928546905517
20,0.1220718581199646,0.08062003087997437
21,0.11705115203857422,0.09083305978775025
22,0.11487577724456786,0.16240488052368163
23,0.11108134889602661,0.07753139781951904
24,0.1061483943939209,0.1375857195854187
25,0.1059624400138855,0.06685098266601562
26,0.1035486328125,0.067662100315094
27,0.10154517459869385,0.16561957597732543
28,0.100640713596344,0.08991362857818604
29,0.09376280584335327,0.14870678520202638
30,0.09497316675186157,0.10097198104858399
31,0.0933148208618164,0.24092638921737672
32,0.09351171751022339,0.07243589639663696
33,0.08474031972885132,0.25079339504241943
34,0.0936260705947876,0.1258429741859436
35,0.08453720560073852,0.06731703662872314
36,0.0837177996635437,0.08884895372390747
37,0.08379257831573486,0.11669696950912475
38,0.0812324637413025,0.06415690898895264
39,0.08018102474212646,0.11614371109008789
40,0.07962915935516357,0.06862433099746704
41,0.07995657901763915,0.08276093721389771
42,0.07946523590087891,0.055358640670776366
43,0.07659914312362671,0.05703974485397339
44,0.07568284225463867,0.0643145146369934
45,0.07501250991821289,0.05319494485855102
46,0.0723840739250183,0.05538696050643921
47,0.07277101058959962,0.06445015001296997
48,0.0711992304801941,0.052271195888519285
49,0.07361148014068604,0.08459059047698975
50,0.0674802906036377,0.08161263799667358
51,0.07117092838287353,0.05224786233901978
52,0.06843764085769653,0.10895073509216309
53,0.06781544189453124,0.04723587799072266
54,0.06764184741973878,0.06735933876037598
55,0.06871826076507569,0.04988994359970093
56,0.06800121946334839,0.1000298490524292
57,0.06778466691970825,0.07023399257659912
58,0.06555630884170532,0.1073434386253357
59,0.06664471397399903,0.06279581212997437
60,0.0629393738746643,0.17204914283752443
61,0.0679328932762146,0.06617691040039063
62,0.06574622173309326,0.04816632318496704
63,0.06479211225509643,0.10839369821548461
64,0.06608896026611329,0.0585135760307312
65,0.06353878049850464,0.055632885932922364
66,0.06171797685623169,0.05203090763092041
67,0.06096181125640869,0.06575379037857056
68,0.06196566905975342,0.057794623374938965
69,0.06165664234161377,0.10468239974975586
70,0.06095726327896118,0.08998673295974731
71,0.06079860162734985,0.08915861797332764
72,0.060803645038604734,0.07574020957946777
73,0.05983227596282959,0.05519587469100952
