epoch,loss,val_loss
0,0.5767301706314087,0.41105576705932617
1,0.3845104615211487,0.34040121698379516
2,0.30514144439697266,0.23473471450805664
3,0.2680135509490967,0.2405504069328308
4,0.2512433751106262,0.19264277458190918
5,0.23300231704711913,0.18902493524551392
6,0.229260018157959,0.2137621898651123
7,0.21390940771102906,0.2261422882080078
8,0.2041397491455078,0.16363634061813354
9,0.20161426801681517,0.1730157766342163
10,0.19296655559539794,0.25060291147232056
11,0.18706876935958863,0.1703720602989197
12,0.17851787910461425,0.22240501928329467
13,0.17711034412384033,0.17619815635681152
14,0.17594666204452514,0.24817888975143432
15,0.16129434213638305,0.13890712547302247
16,0.15467729082107545,0.2101654658317566
17,0.15489424705505372,0.14598982429504395
18,0.15733227500915528,0.1167638201713562
19,0.14084103717803956,0.16730643701553344
20,0.14269393377304077,0.32839091968536377
21,0.14085248193740846,0.10553364372253418
22,0.1392294228553772,0.15852818441390992
23,0.1287433828353882,0.10419478845596314
24,0.12952143335342406,0.2306118540763855
25,0.12927194404602052,0.08856496715545654
26,0.12331784915924072,0.10675573873519897
27,0.1232224287033081,0.1478378348350525
28,0.12557851486206054,0.0971322259902954
29,0.11138958663940429,0.16302112674713135
30,0.11167853870391846,0.0933158917427063
31,0.10954653329849243,0.10246589517593384
32,0.10877532320022583,0.08919732856750488
33,0.10624247303009034,0.11240752506256103
34,0.10354395799636841,0.0982700343132019
35,0.10290418100357056,0.0832267198562622
36,0.10223582830429077,0.10808629465103149
37,0.10043775072097778,0.08596222019195557
38,0.09410494966506958,0.08174788618087768
39,0.0979896104812622,0.08779357528686524
40,0.09184163312911987,0.09085011148452758
41,0.09285790443420411,0.22720466804504394
42,0.09130937271118164,0.1683942470550537
43,0.09084675483703614,0.13495736837387085
44,0.08964076099395751,0.10388554000854493
45,0.08502388429641723,0.07391232347488404
46,0.08761633863449096,0.1357690839767456
47,0.087611337184906,0.07280773639678956
48,0.08565123777389526,0.08637149095535278
49,0.08147219715118408,0.16432868146896362
50,0.08295611839294434,0.06598181962966919
51,0.08342690954208375,0.07338437032699585
52,0.08080386943817139,0.10697904109954834
53,0.07864868545532226,0.0756947021484375
54,0.0790183235168457,0.07279868650436401
55,0.07885086116790771,0.05931739854812622
56,0.07901687850952148,0.07760245037078857
57,0.07619355144500732,0.07801088619232177
58,0.07850315685272216,0.08018270397186279
59,0.07549812421798706,0.11718797874450683
60,0.07539521379470825,0.07568441295623779
61,0.07496619710922241,0.06328161764144898
62,0.07320802383422852,0.07253883838653565
63,0.0724994444847107,0.13827951431274413
64,0.07375959949493409,0.07036725187301636
65,0.07249749517440796,0.057249672889709474
66,0.07100433158874511,0.09822001743316651
67,0.07039847326278686,0.05803634452819824
68,0.0697572229385376,0.07481472396850586
69,0.07127601766586304,0.06464342260360718
70,0.07077220191955566,0.06316797018051147
71,0.07064555349349975,0.06833435201644897
72,0.06929887390136719,0.06174759721755981
73,0.06883775177001954,0.07311269569396972
74,0.06794534635543824,0.05907492113113404
75,0.06541233854293824,0.07582327604293823
76,0.0686166416168213,0.08541870689392089
77,0.06823841981887817,0.11793748188018799
78,0.06821333999633789,0.06902380180358887
79,0.0665224473953247,0.07182201719284058
80,0.06594653873443604,0.08037829303741455
81,0.06429619131088257,0.11431592845916748
82,0.06506669178009034,0.06466783189773559
83,0.06354696569442748,0.07293572807312011
84,0.06398438930511474,0.05150368547439575
85,0.06466815719604492,0.08542774915695191
86,0.06610146036148071,0.06537304019927978
87,0.06424018325805664,0.07767928504943848
88,0.06343756399154662,0.09578564691543578
89,0.062035270595550536,0.0633695216178894
90,0.0643537434577942,0.08866116952896118
91,0.06268983116149902,0.13487047481536865
92,0.06363918886184693,0.08393683385848999
93,0.06263279886245728,0.0673056960105896
94,0.06277389602661133,0.07474901723861695
95,0.06023463945388794,0.05856653594970703
96,0.06109902906417847,0.18996270179748534
97,0.06272506999969482,0.056175144195556644
98,0.06142098360061646,0.06182666063308716
99,0.06124034214019775,0.08668240118026733
100,0.0604853268623352,0.07202219581604004
101,0.05913222599029541,0.0810507321357727
102,0.06050955123901367,0.05732855367660523
103,0.057468474292755124,0.11237936782836914
104,0.06024580373764038,0.08791173696517944
