epoch,loss,val_loss
0,0.6538539380073547,0.2972659544944763
1,0.3560143097877502,0.30330724620819094
2,0.2297131093978882,0.1716374864578247
3,0.19802678899765014,0.25343398666381833
4,0.18196474924087525,0.14389349365234375
5,0.1682777027130127,0.24982354593276979
6,0.16165566301345824,0.17796325302124025
7,0.14992730588912964,0.2660833592414856
8,0.14595777406692506,0.12221319913864136
9,0.13934080781936645,0.1482382788658142
10,0.13867019844055176,0.37362926149368286
11,0.13285075044631958,0.17933594942092895
12,0.12877447528839112,0.13842241954803466
13,0.12728452205657959,0.13923545694351197
14,0.1223359595298767,0.11002028036117553
15,0.12448402042388916,0.17296950674057007
16,0.12242002391815185,0.1376051239967346
17,0.12134799480438233,0.1667582654953003
18,0.11854454050064087,0.1313749623298645
19,0.11495379295349122,0.11068206834793091
20,0.11682934265136719,0.1048908405303955
21,0.11928774614334106,0.10011138105392456
22,0.11521574125289917,0.0964716386795044
23,0.1085679204940796,0.09434925031661988
24,0.1132136658668518,0.09814671325683594
25,0.10827925004959106,0.10755067825317383
26,0.11035868921279907,0.10281567525863647
27,0.10809060697555542,0.09717831373214722
28,0.10772792806625366,0.10230700254440307
29,0.10576749935150147,0.0995488314628601
30,0.10425555896759033,0.09154021978378296
31,0.10627182950973511,0.11437285995483398
32,0.10533670158386231,0.09468766641616821
33,0.10605497999191284,0.09086792755126953
34,0.09877969541549683,0.10865239143371581
35,0.10116869506835938,0.1453660306930542
36,0.10076139507293701,0.09097799968719482
37,0.09852197637557983,0.0944443325996399
38,0.0980574330329895,0.11164579486846923
39,0.09875615386962891,0.12682657527923585
40,0.09702580375671387,0.14683635091781616
41,0.09340935401916504,0.10369633626937866
42,0.09623391246795654,0.10948699045181275
43,0.09623270578384399,0.08824932718276977
44,0.09533513669967651,0.1172695345878601
45,0.09598134021759033,0.08434609508514404
46,0.09175325021743774,0.1259743103981018
47,0.0944726643562317,0.09591739845275879
48,0.09108983755111694,0.08748090362548828
49,0.09057506265640258,0.08498228836059571
50,0.0918790699005127,0.12223591423034667
51,0.09133979692459107,0.10188295173645019
52,0.09092305135726929,0.08880769443511963
53,0.08945721435546874,0.19911577320098878
54,0.09241457042694091,0.08154660892486572
55,0.08820378408432007,0.11077591991424561
56,0.0894633713722229,0.0840422396659851
57,0.0902875319480896,0.08614750003814697
58,0.08858987293243409,0.18805450773239135
59,0.08939816207885742,0.08403469228744506
60,0.08601330518722534,0.14488056516647338
61,0.0901759566307068,0.10359721660614013
62,0.08758885717391968,0.09646363115310669
63,0.0882902569770813,0.08615106916427612
64,0.08363103666305542,0.0829924955368042
65,0.08469149265289307,0.07723208093643188
66,0.08433395795822143,0.08526303768157958
67,0.08586167697906494,0.08715722513198852
68,0.08388121910095214,0.0988714771270752
69,0.08718786401748657,0.11417793989181518
70,0.08457623147964477,0.1326294116973877
71,0.08464007778167724,0.08563359689712524
72,0.08374203481674194,0.08897382593154907
73,0.0836587914466858,0.11119086837768555
74,0.08535771503448486,0.07890483093261719
75,0.08343676776885986,0.1645357127189636
76,0.08363028402328491,0.07869776105880737
77,0.08116842393875122,0.08298270463943482
78,0.08147778921127319,0.07976542043685914
79,0.07931889400482178,0.08301848077774047
80,0.08370101861953735,0.10233119869232178
81,0.08147960004806519,0.09113440656661988
82,0.08193052310943603,0.07761115694046021
83,0.07837160596847534,0.07691388416290283
84,0.08075103960037232,0.07907383823394776
85,0.07988288412094116,0.0875790638923645
86,0.08156651363372802,0.08581456995010375
87,0.07933491134643554,0.09020885229110717
88,0.07885655565261841,0.08318713569641113
89,0.07888435792922974,0.07559759998321533
90,0.07994594030380249,0.09030782985687257
91,0.0798088846206665,0.07814911365509034
92,0.07913589372634888,0.08890167760848999
93,0.07753415985107422,0.09784394884109497
94,0.0802791763305664,0.08758664178848266
95,0.07812397899627685,0.08243322706222535
96,0.0797226972579956,0.07745159149169922
97,0.07612090339660645,0.07789251661300658
98,0.07775630807876587,0.0788095989227295
99,0.0763679811477661,0.08705084800720214
100,0.07904920845031738,0.13592295455932618
101,0.07571109895706177,0.08802592277526855
102,0.07694195947647095,0.11205463981628418
103,0.07581725673675536,0.0775835280418396
104,0.0774734052658081,0.07493101072311402
105,0.07448473196029663,0.0843315839767456
106,0.07512089281082153,0.08697763442993164
107,0.07484293327331543,0.0738505392074585
108,0.07542850236892701,0.08154333543777466
109,0.07754104356765747,0.07820696067810058
110,0.07419039545059204,0.07758681201934814
111,0.07586082553863525,0.08471159934997559
112,0.07241963682174683,0.09192296028137208
113,0.07553867635726928,0.1009466757774353
114,0.07728012952804565,0.07719903993606568
115,0.07320133295059204,0.0774209361076355
116,0.07324184026718139,0.07597385358810425
117,0.07336016836166381,0.07841959857940674
118,0.07297418575286865,0.07583293485641479
119,0.07338284721374512,0.07466700220108033
120,0.07474845151901245,0.08352307939529419
121,0.07295763673782349,0.0884999475479126
122,0.0733128602027893,0.071506920337677
123,0.07274859113693237,0.22616296052932738
124,0.07882532949447632,0.10230540943145752
125,0.07231503067016602,0.08135434436798096
126,0.07206116981506348,0.07543686962127685
127,0.07218802137374877,0.08502514791488648
128,0.07127911138534546,0.07478104209899902
129,0.0719044599533081,0.07544638872146607
130,0.07158701858520508,0.08022145271301269
131,0.07268121318817139,0.0733030457496643
132,0.07234414157867432,0.09825913763046265
133,0.07158026285171509,0.10560169363021851
134,0.07268034677505493,0.14899046325683593
135,0.07032273712158203,0.07797472953796386
136,0.07071409673690796,0.08580171251296997
137,0.06884502620697021,0.07942199230194091
138,0.06995335988998413,0.08199979257583619
139,0.07055864801406861,0.09945918369293213
140,0.07216392707824706,0.10444603443145752
141,0.07060274534225464,0.0759159083366394
142,0.07021011581420898,0.07264214038848876
