epoch,loss,val_loss
0,0.5663302534103394,0.37659766578674314
1,0.3618965326309204,0.2809924955368042
2,0.2795878060340881,0.2289805655479431
3,0.24863063411712646,0.18801704835891725
4,0.22376676530838013,0.2200630702972412
5,0.21996240043640136,0.19879244804382323
6,0.20791160163879394,0.1897278642654419
7,0.19386350755691528,0.23039006853103638
8,0.18396107711791992,0.17352976179122925
9,0.180702024269104,0.19622058963775635
10,0.176708083820343,0.17447183179855347
11,0.16953682708740234,0.2295850820541382
12,0.16357998113632202,0.1287728362083435
13,0.1549917282104492,0.1521053009033203
14,0.15738655796051026,0.10286531162261962
15,0.14531368083953858,0.12835966539382934
16,0.14307287454605103,0.17592830991744995
17,0.14018487634658813,0.10995591592788696
18,0.1300188304901123,0.13651498556137084
19,0.1274029306411743,0.1357380471229553
20,0.12048262310028077,0.32637997770309446
21,0.12438669452667236,0.14274349403381348
22,0.12122408323287964,0.16568144798278808
23,0.1176764144897461,0.07888841438293458
24,0.11348962841033935,0.09101210021972657
25,0.1183490246772766,0.09599331665039063
26,0.10276515502929688,0.09898032236099243
27,0.10817138605117797,0.15532720041275025
28,0.10622589864730834,0.2513195300102234
29,0.10419121036529541,0.09569963216781616
30,0.1013226098060608,0.08395267486572265
31,0.09849876003265381,0.0746484956741333
32,0.09773998889923095,0.09605098724365234
33,0.09435053157806396,0.11140663051605225
34,0.0962156883239746,0.0928177490234375
35,0.09074074192047119,0.11948861455917359
36,0.09009318418502808,0.10306390905380249
37,0.0923827353477478,0.143082688331604
38,0.08875506381988525,0.07386695766448975
39,0.08650179405212402,0.19566310119628907
40,0.0867144624710083,0.12967125940322877
41,0.08760595703125,0.06807664442062378
42,0.08285166435241699,0.07482150363922119
43,0.08325287284851074,0.22892908334732057
44,0.08655309810638427,0.09971888256072999
45,0.0843147294998169,0.07569386005401611
46,0.08114240007400512,0.06963859128952027
47,0.07823233652114868,0.08213920259475709
48,0.07881387023925782,0.08779118490219116
49,0.07771690111160279,0.07145817232131958
50,0.07628368692398071,0.09192795753479004
51,0.07583644695281982,0.07874888944625855
52,0.07505500688552856,0.10419040298461914
53,0.07683524551391602,0.07350886726379395
54,0.07578108634948731,0.06443835639953613
55,0.07239949474334717,0.07608534908294677
56,0.07341956911087036,0.08201621055603027
57,0.07218746948242187,0.1149044132232666
58,0.07179844970703125,0.07447195959091187
59,0.07233436603546142,0.05738888692855835
60,0.07168636779785156,0.13585826826095582
61,0.07036304502487183,0.07364491844177246
62,0.07079088668823243,0.12596983909606935
63,0.07059403686523437,0.06738911008834839
64,0.0685370964050293,0.06169818925857544
65,0.06665263757705689,0.062430156707763675
66,0.067952649974823,0.07262950468063355
67,0.06724794082641601,0.059074397563934324
68,0.06563186922073365,0.08052987051010131
69,0.06904940967559814,0.08768432521820069
70,0.06651216411590576,0.05970638704299927
71,0.06629146556854248,0.0669504737854004
72,0.06621428499221801,0.08999804067611694
73,0.06502100687026978,0.1367211151123047
74,0.06598866548538208,0.12088046455383301
75,0.06469680242538452,0.056942195415496825
76,0.06356405687332153,0.0964271879196167
77,0.06193156967163086,0.05810704708099365
78,0.06498843746185302,0.06062261009216308
79,0.06406041584014893,0.0994678602218628
80,0.06278752946853637,0.076603364944458
81,0.06269381828308106,0.0687535319328308
82,0.06300434522628784,0.08225548267364502
83,0.06204285087585449,0.08889426517486572
84,0.05983052577972412,0.09208405733108521
85,0.06257173643112182,0.11913391828536987
86,0.060866873455047606,0.08117293834686279
87,0.06284353952407837,0.06238537788391113
88,0.059407459449768066,0.09208523178100586
89,0.0618377592086792,0.06692009210586548
90,0.06117725305557251,0.14288629531860353
91,0.058325150775909426,0.08766561937332153
92,0.06119416847229004,0.08659933614730835
93,0.061610926723480224,0.05463697671890259
94,0.05821568956375122,0.05892943048477173
95,0.05812802972793579,0.06163568925857544
96,0.05900287485122681,0.1258657784461975
97,0.05990130786895752,0.05541158533096314
98,0.05917892141342163,0.06469590139389038
99,0.057593124866485594,0.08862600803375244
100,0.058931196880340576,0.05924317169189453
101,0.057890785312652585,0.052359734058380125
102,0.05827798318862915,0.07832859945297241
103,0.05618487024307251,0.15244267177581788
104,0.058287252330780026,0.05639655876159668
105,0.05565943603515625,0.05568101263046265
106,0.05724702138900757,0.06358322191238404
107,0.056149898147583005,0.08320481204986573
108,0.055985915184021,0.06702717065811158
109,0.05552495603561401,0.0566519980430603
110,0.05629655961990356,0.07488635063171387
111,0.0556844536781311,0.07025706243515015
112,0.056217305088043214,0.05209064912796021
113,0.05507695999145508,0.058490629196166995
114,0.05531699104309082,0.06456678676605225
115,0.056475618839263914,0.07921547842025757
116,0.05472101612091065,0.06241304397583008
117,0.05341596736907959,0.06300576734542847
118,0.05569799718856812,0.0580902886390686
119,0.05397651309967041,0.05421145915985107
120,0.05385209932327271,0.07187096738815307
121,0.055025379276275634,0.05166049289703369
122,0.05441844301223755,0.060870343208312985
123,0.054281170749664306,0.05979515600204468
124,0.05411402320861816,0.051917048454284666
125,0.053597476291656496,0.07634520578384399
126,0.052432493209838865,0.08479602003097535
127,0.05416277151107788,0.06541509675979615
128,0.053532481479644775,0.0550255970954895
129,0.052160866260528564,0.05679183387756347
130,0.05288325614929199,0.07923785400390625
131,0.05113758354187012,0.12841470098495483
132,0.053831696891784665,0.09968702411651612
133,0.05313981285095215,0.059202380180358886
134,0.05266862735748291,0.057518199920654295
135,0.051801799869537354,0.049451087474823
136,0.05097179021835327,0.09589204168319702
137,0.051398157787323,0.053421441555023194
138,0.05157063083648682,0.04942073488235474
139,0.05019210786819458,0.053128363609313965
140,0.051071951484680175,0.05515878105163574
141,0.05158359422683716,0.06383632898330688
142,0.0507954137802124,0.07038020992279052
143,0.05225326662063599,0.09169856214523316
144,0.05095440864562988,0.05487826347351074
145,0.05082020301818848,0.06242651844024658
146,0.050888666915893555,0.05620170164108276
147,0.0512365062713623,0.0662043480873108
148,0.05048998432159424,0.06997027206420899
149,0.04958890323638916,0.06700709199905396
150,0.051154540824890134,0.060248104572296145
151,0.05067620782852173,0.0650312008857727
152,0.04860999526977539,0.06035457468032837
153,0.04855411729812622,0.05807673215866089
154,0.048419321823120115,0.051700687408447264
155,0.04955044145584107,0.05148957300186157
156,0.05031760597229004,0.06400627183914184
157,0.04984034633636475,0.06919762706756592
158,0.04955423917770386,0.05156359910964966
