epoch,loss,val_loss
0,0.968761943244934,0.9915986084938049
1,0.9242402413368225,0.9027049860954285
2,0.9023955684661865,0.8963128275871277
3,0.8955491144180298,0.9747923879623414
4,0.893148054599762,0.896369520664215
5,0.8909344928741455,0.9101635751724243
6,0.89078130569458,0.93102605676651
7,0.8892360095024109,0.8895609030723571
8,0.8882086087226868,0.8847271127700805
9,0.8875944153785705,0.8845575189590454
10,0.8869329780578613,0.9261366062164307
11,0.8858164705276489,0.9045880560874939
12,0.8865819088935852,0.8821736941337586
13,0.8856896761894226,0.8853810901641845
14,0.8837137428283691,0.8979548935890198
15,0.8849321123123169,0.8847664031982422
16,0.8845060611724853,0.8936990418434143
17,0.8838082253456115,0.8989982256889343
18,0.8847928610801696,0.8836132483482361
19,0.8839917704582214,0.9129160594940186
20,0.8826557251930237,0.8820959911346435
21,0.8838202333450318,0.8841926941871643
22,0.8822457425117493,0.9309647188186646
23,0.8833036846160889,0.8947385530471802
24,0.8826954664230346,0.8876804065704346
25,0.8809540243148803,0.8813448295593261
26,0.8803971563339233,0.929150691986084
27,0.8817472230911255,0.8849564008712768
28,0.881706122303009,0.8860989542007446
29,0.8809010815620423,0.8846586165428162
30,0.8809118806838989,0.9171888103485107
31,0.8810588140487671,0.8796857113838196
32,0.8814083400726318,0.8790542001724243
33,0.8807548687934875,0.9018163404464722
34,0.8806373058319091,0.8800825872421265
35,0.8813462732315064,0.8834121074676514
36,0.8796776649475098,0.878843955039978
37,0.8792761380195617,0.882065767288208
38,0.8801460154533386,0.8796731967926026
39,0.8799627355575561,0.9003596315383912
40,0.8801010396957397,0.9381723055839538
41,0.8807103554725647,0.8904743466377258
42,0.8794488007545471,0.8837278470993042
43,0.8784257495880127,0.8805284428596497
44,0.8794983463287354,0.9356415972709656
45,0.8796227569580078,0.8831255354881287
46,0.8795312602996826,0.8993832969665527
47,0.8793839996337891,0.8814449391365051
48,0.8790569081306457,0.88088560962677
49,0.8786342844009399,0.8797228088378907
50,0.8776704325675965,0.8789859156608582
51,0.8775956740379334,0.878174421787262
52,0.877672261428833,0.8789966382980346
53,0.878264440536499,0.8846843161582947
54,0.8775671154975891,0.8788727617263794
55,0.8776513508796692,0.8837599029541016
56,0.8772962509155273,0.8856671571731567
57,0.8772188652992249,0.8934627795219421
58,0.8776825332641601,0.877941906452179
59,0.8764643197059632,0.8778359608650208
60,0.8776155427932739,0.8793668203353882
61,0.8771009759902955,0.8823428730964661
62,0.875978977394104,0.8835029935836792
63,0.875883581161499,0.8813923544883728
64,0.8766449723243713,0.8791715092658997
65,0.8761433559417725,0.8926018533706666
66,0.876457673072815,0.9185924186706543
67,0.8751029538154602,0.8792697057723999
68,0.8742771635055542,0.9027737836837768
69,0.8757917969703675,0.877501763343811
70,0.8761949717521668,0.8821427969932556
71,0.8744390519142151,0.902439881324768
72,0.876155605506897,0.8862140293121338
73,0.8738992259979248,0.8838342952728272
74,0.8749979463577271,0.8792959761619568
75,0.8737607035636902,0.8783713173866272
76,0.8731635702133179,0.9180466904640198
77,0.8744562903404236,0.8810887975692749
78,0.8743031807899475,0.8868396043777466
79,0.8733015947341919,0.9122181644439697
80,0.872740619468689,0.9270120215415955
81,0.8722218234062195,0.9240703115463257
82,0.8727490096092224,0.9016522140502929
83,0.8714725006103515,0.9152192130088806
84,0.8713882285118103,0.8929312615394592
85,0.8717318450927735,0.8976485500335694
86,0.869550143623352,0.8795780611038208
87,0.8707598811149597,0.9158726997375488
88,0.86931830368042,0.901899432182312
89,0.8700499360084534,0.8886112556457519
