epoch,loss,val_loss
0,0.969759185218811,0.9506172547340394
1,0.9087457488059998,0.895246747970581
2,0.8644095059394836,0.8713075909614563
3,0.8540761883735657,0.8813098497390747
4,0.8462547557830811,0.8851706566810608
5,0.8401767202377319,0.9097907776832581
6,0.8351042640686035,0.8433027038574219
7,0.8329192436218261,0.8609122972488403
8,0.8321403387069702,0.9445471863746643
9,0.8283319266319275,0.860745867729187
10,0.8279823774337769,0.8271743326187134
11,0.8252305738449097,0.8312348928451538
12,0.8265537033081055,0.8312473831176758
13,0.8217267378807068,0.9932493314743042
14,0.8328677593231201,0.83543168592453
15,0.8203549144744873,0.8234940166473389
16,0.8193677715301514,0.8388058309555053
17,0.8191124300003052,0.8279931707382202
18,0.8195887147903442,0.8246327667236328
19,0.814733075428009,0.8381543760299682
20,0.81772458152771,0.8622782068252564
21,0.8155720827102662,0.8367498259544373
22,0.8162928353309631,0.8207217831611633
23,0.8147929164886475,0.8466213369369506
24,0.8141307775497436,0.8235088844299316
25,0.814430972290039,0.913931053161621
26,0.8159980063438416,0.8671390748023987
27,0.8143612272262574,0.8320094809532166
28,0.8133044179916382,0.8177936544418335
29,0.8129725412368775,0.9041545839309693
30,0.8135191452980042,0.8174886131286621
31,0.8114469177246094,0.8985733470916748
32,0.8134088528633118,0.8182310066223144
33,0.8107978782653809,0.8221347303390503
34,0.8094834056854248,0.8359696664810181
35,0.8108150329589844,0.9374577775001526
36,0.8135903388023377,0.8347060203552246
37,0.8100921701431274,0.8212771453857421
38,0.8133965467453003,0.8261359782218933
39,0.8107136619567871,0.827395359992981
40,0.8107538568496704,0.8344010615348816
41,0.8103264884948731,0.8340220651626586
42,0.8097638273239136,0.830792064666748
43,0.8103922436714173,0.8294066896438599
44,0.8090670780181884,0.8617218475341797
45,0.8098038217544555,0.8277795534133912
46,0.8095097494125366,0.8150790491104126
47,0.8088207012176514,0.8164589762687683
48,0.8088885986328125,0.8224379873275757
49,0.8078290953636169,0.9491056804656982
50,0.8110008567810059,0.8334874362945557
51,0.8093160585403443,0.8783187794685364
52,0.8111925157546998,0.8173670172691345
53,0.8076110506057739,0.8252376065254211
54,0.8087554565429688,0.8141508874893189
55,0.8082231912612915,0.8195349693298339
56,0.8070940462112427,0.8192555465698242
57,0.8072031518936157,0.8191696205139161
58,0.8086515611648559,0.826741825580597
59,0.8090996960639953,0.8359720921516418
60,0.8062213046073914,0.827475172996521
61,0.8080709230422973,0.8241489124298096
62,0.807739706325531,0.8204406294822693
63,0.8082817710876465,0.8340055928230286
64,0.8060623831748962,0.8916647090911866
65,0.8087935198783874,0.8226043610572815
66,0.8073745467185974,0.8460540947914124
67,0.8060679057121277,0.9203897380828857
68,0.8102523651123047,0.9305932025909424
69,0.8097015439033508,0.821049852848053
70,0.8067947125434876,0.819638671875
