epoch,loss,val_loss
0,0.5505448061943055,0.49767761182785036
1,0.34993525056838987,0.2610066466331482
2,0.2738821626663208,0.47310012054443357
3,0.25089304647445676,0.24817864370346068
4,0.23165504970550538,0.37687106943130494
5,0.2156030382156372,0.2729203453063965
6,0.20519397897720337,0.4506104302406311
7,0.19762821855545043,0.2356609740257263
8,0.19264482793807983,0.28045011949539184
9,0.18225072536468506,0.15280375289916992
10,0.17916452465057373,0.13628379154205322
11,0.1725495129585266,0.29001447057724
12,0.16708660459518432,0.1482948384284973
13,0.16040297574996948,0.1492116332054138
14,0.15553911361694336,0.1224824776649475
15,0.15461151418685914,0.24975626850128174
16,0.14758634653091432,0.15403609895706177
17,0.14253777351379396,0.11344001626968384
18,0.1358383316040039,0.14207074069976808
19,0.13086851835250854,0.35014034986495973
20,0.13887586851119996,0.15941334915161132
21,0.1305692419052124,0.17411602401733398
22,0.12821891689300538,0.10376993751525879
23,0.12639271278381348,0.12351975822448731
24,0.11789982061386109,0.10595985174179078
25,0.11633903341293335,0.10066532802581787
26,0.11387325086593628,0.1306886682510376
27,0.1147934271812439,0.12777626943588258
28,0.11194274244308472,0.1311408472061157
29,0.11387562551498413,0.09942581033706666
30,0.10977206726074219,0.1468837103843689
31,0.10743727731704712,0.10341001319885254
32,0.110993781375885,0.13759267520904542
33,0.10456489477157593,0.095518488407135
34,0.1013652626991272,0.12273270988464355
35,0.10659699592590333,0.1006751937866211
36,0.09953847198486328,0.09055697393417358
37,0.10280340747833253,0.10921186876296997
38,0.09554956531524658,0.0845058126449585
39,0.09725541133880615,0.08497727298736572
40,0.09584095106124878,0.1359177384376526
41,0.09460752439498901,0.08612249898910522
42,0.09285839262008667,0.11347042274475097
43,0.09624050178527832,0.09058997106552125
44,0.09214470462799072,0.08527719306945801
45,0.09100531177520751,0.0929689655303955
46,0.09308658256530762,0.11419512414932251
47,0.09020371255874633,0.09110849809646607
48,0.09076845750808715,0.11121530866622925
49,0.0882021933555603,0.11045512580871582
50,0.08821591320037842,0.08950532579421996
51,0.08873438196182251,0.11113324451446534
52,0.086366881275177,0.07387608337402343
53,0.08349061212539673,0.22455237340927123
54,0.09136344957351684,0.07976480007171631
55,0.08795417919158935,0.10472999811172486
56,0.0815965178489685,0.07367036390304565
57,0.08586528711318969,0.08755204916000366
58,0.08494013996124268,0.10401819515228271
59,0.0808791467666626,0.12329852104187011
60,0.08044639043807983,0.1663374705314636
61,0.08391800260543823,0.12006701040267945
62,0.08214539194107055,0.09313843488693237
63,0.07926705198287964,0.07185062837600709
64,0.07860664167404174,0.07249461078643799
65,0.08309588489532471,0.09350374555587769
66,0.0776215461730957,0.10631804847717286
67,0.07769325370788574,0.07568495464324951
68,0.07967796230316163,0.08380495023727418
69,0.07551823682785035,0.09167738723754883
70,0.07791561584472656,0.08102591514587403
71,0.07742535572052002,0.07319345569610596
72,0.07675749750137328,0.13548335409164428
73,0.07564276037216186,0.09399623346328735
74,0.07518329839706421,0.08182396507263183
75,0.07475545883178711,0.10827106714248658
76,0.07447920713424683,0.06520388889312743
77,0.07418516540527344,0.07574672174453735
78,0.07515379934310913,0.07982172203063966
79,0.07298877420425415,0.08615626573562622
80,0.07343220596313477,0.07786867904663086
81,0.07338771543502808,0.07088084411621094
82,0.07408821058273315,0.08494778203964233
83,0.07390958089828491,0.11455800294876099
84,0.07320228834152222,0.07226786756515503
85,0.07216464395523071,0.07383991813659668
86,0.07127020292282105,0.07706192684173584
87,0.07051084070205689,0.06484752798080444
88,0.0709733094215393,0.13643781518936157
89,0.07216841745376587,0.06522433042526245
90,0.07045007810592652,0.09726729249954223
91,0.07354669828414917,0.080232017993927
92,0.06940444440841675,0.07848813486099243
93,0.06816387863159179,0.06767427587509155
94,0.07129638261795045,0.09016889095306396
95,0.06783573513031006,0.09341665554046631
96,0.07029478149414063,0.09044728803634644
97,0.06596301679611206,0.11589255332946777
98,0.07297341737747193,0.07904078245162964
99,0.06900130310058594,0.07124267911911011
100,0.06818125305175782,0.09657242870330811
101,0.0676790418624878,0.06428864526748657
102,0.0663386423110962,0.06353974580764771
103,0.06638443784713745,0.09436932039260865
104,0.0675095817565918,0.06984010124206542
105,0.06660595111846924,0.084802330493927
106,0.06667977266311645,0.06538286972045898
107,0.06588801507949829,0.09154542112350464
108,0.06782108669281006,0.0794439115524292
109,0.06585640821456909,0.09280958843231202
110,0.06735636186599732,0.10081588792800904
111,0.06677895488739014,0.06769315099716186
112,0.06425836210250854,0.10428765773773194
113,0.06693004684448242,0.06598939895629882
114,0.06369132785797119,0.10959854888916015
115,0.06577938404083251,0.06696995162963867
116,0.06455909337997437,0.06969578123092651
117,0.06464117574691773,0.10349367046356202
118,0.06625375642776489,0.06823523616790772
119,0.06453247289657593,0.06487602853775025
120,0.06494919509887695,0.07585961866378785
121,0.06501422872543335,0.1084544014930725
122,0.06364438791275025,0.08242414093017578
