epoch,loss,val_loss
0,0.5712353066444397,0.5994161424636841
1,0.3288595576286316,0.24129493141174316
2,0.24228222742080688,0.2956085228919983
3,0.21289842567443848,0.3190414762496948
4,0.19252944049835205,0.14764687490463257
5,0.180637047290802,0.14197553539276123
6,0.165910272026062,0.13555116081237792
7,0.16252670516967774,0.1933729109764099
8,0.1544825489997864,0.2177061104774475
9,0.14878488845825194,0.5775645170211792
10,0.1517631506919861,0.11925024127960206
11,0.13498878002166748,0.11263930320739746
12,0.1359043734550476,0.10922652816772462
13,0.12699263982772827,0.13232119369506837
14,0.12184631519317626,0.21540292882919312
15,0.1181243314743042,0.19514246988296508
16,0.11767651224136352,0.20261933040618896
17,0.11364813985824584,0.09301532649993896
18,0.10660921249389649,0.17199414920806885
19,0.1104894214630127,0.20644133424758912
20,0.10632474889755249,0.0988343071937561
21,0.10343163747787476,0.09306773042678833
22,0.10223842992782593,0.08565384197235107
23,0.10144640979766846,0.08326590442657471
24,0.0939006965637207,0.16757068729400634
25,0.09412792816162109,0.09103795862197876
26,0.09516092433929443,0.09234160900115967
27,0.09542044734954834,0.1303245048522949
28,0.09123352069854736,0.08505730628967285
29,0.08760819454193115,0.10307882070541381
30,0.09081107730865479,0.07365489292144775
31,0.09175185346603394,0.07496004867553711
32,0.08859826078414917,0.08625721597671508
33,0.08526915683746338,0.08321499872207641
34,0.08519499940872192,0.10097700500488281
35,0.08494638051986694,0.0865517897605896
36,0.08250085792541503,0.16079608631134032
37,0.08229648170471192,0.21430234384536742
38,0.0841343997001648,0.06785872220993042
39,0.08214500617980958,0.1422589626312256
40,0.08153488759994507,0.07249557733535766
41,0.07914126148223877,0.09354577207565308
42,0.07848828401565552,0.09156299972534179
43,0.0783681812286377,0.061701489925384524
44,0.07558482666015626,0.08408344364166259
45,0.07584998044967652,0.08645950031280518
46,0.07215874872207642,0.07133680772781371
47,0.07317634973526001,0.0703826003074646
48,0.0748134711265564,0.09032757997512818
49,0.07477207956314087,0.07614511251449585
50,0.07406971340179444,0.06659298229217529
51,0.07221539268493653,0.06454659652709961
52,0.06924501581192016,0.07549781465530396
53,0.07055040731430054,0.11930497121810914
54,0.06974119129180908,0.07457313013076783
55,0.07079760875701904,0.08103515529632568
56,0.0689849042892456,0.0821728048324585
57,0.07136369123458862,0.06634705972671509
58,0.06768835802078248,0.06430794286727905
59,0.07003921003341675,0.06127088117599487
60,0.06746077070236206,0.055664087295532225
61,0.06611467514038086,0.10445156145095826
62,0.06772978591918945,0.09385116815567017
63,0.06516503076553344,0.08161087417602539
64,0.0671776626586914,0.06318497228622437
65,0.06449916009902953,0.14604242181777954
66,0.06665603036880494,0.07003319358825684
67,0.06471917095184326,0.07137091064453124
68,0.06394979915618897,0.1206012806892395
69,0.06262724876403808,0.056815171718597415
70,0.06537764415740967,0.07624073266983032
71,0.0639820647239685,0.0676009464263916
72,0.06325389881134033,0.07193224525451661
73,0.060398618888854984,0.053815093994140625
74,0.062114075565338135,0.054404709815979
75,0.06237456464767456,0.0748619155883789
76,0.062089637088775636,0.0744501223564148
77,0.0628479196548462,0.0555908522605896
78,0.06138641500473022,0.0738777813911438
79,0.06110628280639648,0.07848776721954345
80,0.060792001056671145,0.06361426830291748
81,0.0593648136138916,0.053065892696380616
82,0.060692512702941896,0.07971254348754883
83,0.060399781131744386,0.09698485755920411
84,0.05949801359176636,0.05802404546737671
85,0.06052201166152954,0.05762002563476563
86,0.05943396406173706,0.07488791561126709
87,0.058957839202880856,0.10383713960647584
88,0.05955377435684204,0.16620362520217896
89,0.061300374221801755,0.07354016208648681
90,0.058558443355560305,0.052938900947570804
91,0.060002253913879394,0.05488207149505615
92,0.058199956607818605,0.0547160906791687
93,0.0583834192276001,0.08497177076339722
94,0.05746340751647949,0.053690123081207276
95,0.05571208553314209,0.05777032327651978
96,0.0565557918548584,0.1736375799179077
97,0.05905775146484375,0.0836980414390564
98,0.05512961893081665,0.05546796464920044
99,0.05588526096343994,0.06987113618850709
100,0.05702579669952393,0.050618913173675534
101,0.056706511116027834,0.05070733213424682
102,0.05454312925338745,0.06732845544815064
103,0.056252474880218506,0.10378153610229492
104,0.05531334867477417,0.05652117252349854
105,0.05743693771362305,0.06404035615921021
106,0.055918761348724366,0.06744323539733886
107,0.055154172134399417,0.05776749181747436
108,0.05539034786224365,0.07630215120315552
109,0.05524183540344238,0.05726276350021362
110,0.055016197967529296,0.05209345960617066
111,0.05353243837356567,0.054923369407653806
112,0.05359747848510742,0.3200342483520508
113,0.056808587074279784,0.05993264436721802
114,0.05327585515975952,0.09054536199569702
115,0.05762567472457886,0.05653999137878418
116,0.0531892765045166,0.0506705207824707
117,0.053851286220550534,0.05455405330657959
118,0.05237380485534668,0.05924994564056397
119,0.052162281131744384,0.05420236873626709
120,0.05406768045425415,0.05924361038208008
