epoch,loss,val_loss
0,0.5309519870758057,0.36920264530181884
1,0.37541571645736693,0.30592252540588377
2,0.32375510568618776,0.3555309166908264
3,0.29383473348617556,0.2208458580970764
4,0.2661081205368042,0.27841336584091186
5,0.24836455879211425,0.20734209632873535
6,0.242146036529541,0.1909864592552185
7,0.23149990358352662,0.19782882833480836
8,0.22161150751113892,0.17087913036346436
9,0.21087217988967896,0.18202084636688232
10,0.20780849142074584,0.16519836235046387
11,0.1987573353767395,0.3154225220680237
12,0.18789604988098144,0.21013282299041747
13,0.1897822730064392,0.30072420024871827
14,0.1810939606666565,0.13240272045135498
15,0.16601750049591066,0.4382076940536499
16,0.17232064409255982,0.11804846715927124
17,0.1596084309577942,0.1954288830757141
18,0.15298395471572876,0.1674919934272766
19,0.15363622484207154,0.134888222694397
20,0.14918827781677246,0.19596632194519042
21,0.14840811128616332,0.11382272672653199
22,0.13975087280273438,0.1417179636955261
23,0.14088301219940186,0.13471531915664672
24,0.13638607568740846,0.13186487531661986
25,0.1321903512954712,0.0982964768409729
26,0.12936471138000488,0.1287898941040039
27,0.12520445623397827,0.12230780458450317
28,0.12620052156448364,0.11549121141433716
29,0.11890583066940308,0.11106571769714356
30,0.11501955270767211,0.11242075490951538
31,0.11352267532348632,0.17962697553634643
32,0.11185421104431152,0.08808193778991699
33,0.1074612771987915,0.09877349805831909
34,0.11064256067276002,0.0954301609992981
35,0.10484416732788086,0.10146763372421265
36,0.10573040208816528,0.14004182195663453
37,0.10474959297180175,0.10041683959960937
38,0.10175248098373413,0.09247194480895995
39,0.10324304819107055,0.08323200750350952
40,0.09657813549041748,0.2476533579826355
41,0.10314186487197875,0.07834333658218384
42,0.09598947124481201,0.13580113220214843
43,0.09376523313522339,0.09147263717651367
44,0.09714937295913696,0.09207622909545898
45,0.08921794471740722,0.09152176237106323
46,0.09303903331756591,0.07505584526062012
47,0.08894361457824707,0.09021841907501221
48,0.0902588168144226,0.11556343841552734
49,0.08650283946990966,0.0734563946723938
50,0.08978614873886108,0.16138289737701417
51,0.08824445705413818,0.17252287912368774
52,0.08856015453338623,0.19609348773956298
53,0.08904751682281495,0.09218623208999634
54,0.0845069218635559,0.15286757898330688
55,0.087589342212677,0.062047132015228275
56,0.08219353647232056,0.09659104824066161
57,0.08257603368759155,0.07248906898498535
58,0.08324801235198975,0.08205648469924927
59,0.0834488018989563,0.09178228569030762
60,0.07876533651351929,0.10134631538391113
61,0.07994749126434327,0.0722474856376648
62,0.07892070350646972,0.10067976808547974
63,0.07951925754547119,0.06050495672225952
64,0.08070730876922608,0.06071476125717163
65,0.0761801869392395,0.13956902074813843
66,0.08003888263702393,0.11211039638519286
67,0.07547878561019898,0.08311166334152222
68,0.07577647457122803,0.08531108617782593
69,0.07467747344970703,0.10262159109115601
70,0.07619008169174195,0.11112361955642701
71,0.07742307300567627,0.08265955209732055
72,0.07599834661483765,0.11192937803268432
73,0.075166721534729,0.08577419757843018
74,0.07399101076126098,0.09155020713806153
75,0.07213413400650025,0.061207083225250244
76,0.07139468498229981,0.11557521152496338
77,0.07473012142181397,0.12678856372833253
78,0.07144774866104125,0.08325876379013061
79,0.07083533143997192,0.08977261734008789
80,0.0720116997718811,0.0778512773513794
81,0.07078696327209473,0.08315158081054687
82,0.07125286073684692,0.06456335496902466
83,0.06904058141708375,0.07271404838562012
