epoch,loss,val_loss
0,0.5524120952606201,0.41871339702606203
1,0.3384486611366272,0.3766875705718994
2,0.25919243679046633,0.33050926303863526
3,0.2286274718284607,0.27324017572402953
4,0.21484976243972778,0.19736779356002807
5,0.19669961137771608,0.2596105809211731
6,0.1897529472351074,0.1710033121109009
7,0.17738363780975341,0.13691712141036988
8,0.16887649908065797,0.14870042896270752
9,0.1646022117614746,0.2228856749534607
10,0.15959514675140382,0.13407415533065795
11,0.14664384698867797,0.16183960914611817
12,0.14290245361328124,0.11298068714141846
13,0.1346917763710022,0.09351141548156738
14,0.12952789373397827,0.11372747468948365
15,0.1292849081993103,0.09505724191665649
16,0.12029334783554077,0.1312327136993408
17,0.12050078964233399,0.2846786699295044
18,0.12136675567626953,0.30936286544799807
19,0.11310099277496338,0.11630163478851319
20,0.11207704639434815,0.11214832592010499
21,0.10846890277862549,0.47416052722930907
22,0.11014648208618164,0.10401367282867431
23,0.09863639154434205,0.07967091226577759
24,0.10230818881988525,0.09423791551589966
25,0.0998816346168518,0.09670507907867432
26,0.09641981468200683,0.07152398109436035
27,0.09444751253128052,0.07819943332672119
28,0.0909010913848877,0.08616572141647338
29,0.09171440334320069,0.07622191619873046
30,0.08969833145141602,0.14009179067611693
31,0.0876454026222229,0.09402066278457642
32,0.08623323087692261,0.07202662754058838
33,0.08604225950241089,0.12912823963165282
34,0.08449931802749634,0.07921363973617554
35,0.08448820123672485,0.12509182262420654
36,0.08278645963668824,0.07786883163452149
37,0.08164277868270874,0.0756044454574585
38,0.08033975944519042,0.15047975063323973
39,0.08213199968338013,0.0639872088432312
40,0.078600825881958,0.06255487155914306
41,0.07708770198822021,0.22524711751937868
42,0.08019728746414184,0.06556710720062256
43,0.07544539165496826,0.06435136604309082
44,0.07677926521301269,0.058181206703186036
45,0.07328328323364258,0.06469800567626953
46,0.07453142547607422,0.07241811037063599
47,0.07290903482437133,0.08651525783538819
48,0.07448745384216308,0.10579169225692749
49,0.07601220970153809,0.09204391527175904
50,0.07351921081542968,0.10630962896347046
51,0.07285182523727417,0.069593412399292
52,0.06898567190170288,0.07836645793914795
53,0.07137068433761597,0.06897956562042236
54,0.06878613176345826,0.08239135694503784
55,0.06955496473312378,0.08207249450683594
56,0.07039289541244508,0.08743359804153443
57,0.06735619735717774,0.06736978054046631
58,0.066364830493927,0.06008869218826294
59,0.06689209690093995,0.13126033210754395
60,0.06914241828918458,0.05972393321990967
