epoch,loss,val_loss
0,0.8224306888580323,0.7021201438903809
1,0.6922796323776245,0.7410495734214783
2,0.6395893518447876,0.6210710439682007
3,0.6077098441123963,0.6022814860343934
4,0.5886509552001953,0.5742071619033814
5,0.5716159878730774,0.5577065944671631
6,0.5606532155036926,0.573732412815094
7,0.5524456429481507,0.5430364665985108
8,0.5415549919128418,0.5295624389648438
9,0.5340375383377075,0.6936146101951599
10,0.5290371759414673,0.538274425983429
11,0.518305528831482,0.5937539758682251
12,0.5132604733467102,0.5018992328643799
13,0.5083727669715882,0.5026344985961914
14,0.5024385003089905,0.5228149795532226
15,0.49881696653366087,0.5275394887924194
16,0.4979001400947571,0.4937447147369385
17,0.49351858863830567,0.49779401016235353
18,0.49491089267730715,0.5100622081756592
19,0.49077158527374265,0.513257734298706
20,0.4894802466392517,0.4847188277244568
21,0.48707171182632447,0.578585572719574
22,0.48511740493774413,0.5234490938186646
23,0.4830225522041321,0.520068039894104
24,0.4830833297729492,0.46656677675247193
25,0.4812484901428223,0.5187370157241822
26,0.4794415558815002,0.4503316226005554
27,0.4795920461654663,0.5191886682510376
28,0.4775241949081421,0.5449225931167603
29,0.47544453821182253,0.4794067029953003
30,0.4757912967681885,0.45571524333953856
31,0.47560444078445435,0.5237525949478149
32,0.4748105248451233,0.4744490776062012
33,0.4721082489967346,0.47097519159317014
34,0.47389944133758544,0.5142630405426025
35,0.4708235704421997,0.5295242471694946
36,0.4738448447227478,0.46391153860092166
