epoch,loss,val_loss
0,0.5761035346984863,0.24571084451675415
1,0.21658894271850587,0.1413573341369629
2,0.11523493566513061,0.1034619426727295
3,0.08817137832641601,0.07854866075515747
4,0.07626657915115356,0.15721713161468506
5,0.06940695686340333,0.10559299659729005
6,0.058846198749542236,0.045186892986297605
7,0.05605251502990723,0.03169390869140625
8,0.04879441213607788,0.07133925819396973
9,0.04608057661056519,0.030458276748657226
10,0.04563478584289551,0.02586553144454956
11,0.03989350700378418,0.024655733585357668
12,0.039458160209655764,0.02466667127609253
13,0.03832618618011475,0.023277286052703856
14,0.03387137680053711,0.03796803617477417
15,0.03185953960418701,0.03783007526397705
16,0.033535700416564944,0.027500558376312257
17,0.029721819972991944,0.018850269794464112
18,0.02908487482070923,0.019385528564453126
19,0.02780319595336914,0.034532764434814456
20,0.02523781843185425,0.030261377811431886
21,0.023029885387420655,0.020394116401672362
22,0.02530756769180298,0.062183068752288816
23,0.02242990779876709,0.02077150297164917
24,0.021320391368865967,0.018984010219573976
25,0.020954502868652344,0.021108839511871338
