epoch,loss,val_loss
0,0.661595381641388,0.40579717779159546
1,0.3741621472358704,0.26189288759231566
2,0.23139173412322997,0.1560392951965332
3,0.1924219160079956,0.14097130393981933
4,0.16586224765777588,0.12540650701522826
5,0.14934575185775756,0.10562625551223755
6,0.14580837545394898,0.10613952064514161
7,0.13319954013824462,0.08965349292755127
8,0.12324480352401733,0.09079721879959106
9,0.11758434886932373,0.09551716232299805
10,0.11169744577407836,0.2098634934425354
11,0.10886466188430786,0.09571630716323852
12,0.09910731315612793,0.07754435586929322
13,0.09422846031188965,0.08492215347290039
14,0.08879450206756592,0.09549677085876465
15,0.091165833568573,0.0970630259513855
16,0.0858925018310547,0.06716952562332153
17,0.08299477424621582,0.07605164861679077
18,0.08182439384460449,0.06407208490371705
19,0.08002359848022461,0.16909721899032593
20,0.07730929403305054,0.06700434827804566
21,0.07743535099029542,0.07766065073013306
22,0.0766794662475586,0.11540535926818847
23,0.07644745512008667,0.07219092559814454
24,0.07534662027359008,0.08172493743896485
25,0.07327093486785889,0.10218648719787597
26,0.07494801836013794,0.07316846895217896
27,0.06954319372177124,0.12490955209732056
28,0.07026713600158692,0.09157620573043823
