epoch,loss,val_loss
0,0.5422449610710144,0.3955391755104065
1,0.3445270169258118,0.3215040135383606
2,0.2665003680229187,0.24599408960342406
3,0.23654287633895874,0.4264896521568298
4,0.21503748722076416,0.2309288501739502
5,0.19801080598831178,0.20112661218643188
6,0.19107134037017823,0.2397746810913086
7,0.18335535020828247,0.14692297267913818
8,0.16830420064926147,0.630011194229126
9,0.1699313271522522,0.31408511114120485
10,0.16237016925811767,0.1365388731956482
11,0.1504841501235962,0.15532287645339965
12,0.1489581992149353,0.1656309928894043
13,0.14286995296478272,0.10687142658233642
14,0.13114105558395386,0.17942922401428224
15,0.13053180866241454,0.10326070213317871
16,0.1298764205932617,0.1125337257385254
17,0.11915164861679077,0.18856084775924684
18,0.12621853504180908,0.09822297620773315
19,0.11645757131576538,0.09729803323745728
20,0.11132278394699097,0.1478260712623596
21,0.10987920761108398,0.07992848014831543
22,0.10711578578948974,0.310542649269104
23,0.10622525262832641,0.09761104202270508
24,0.10497632932662963,0.3992688431739807
25,0.10524283456802368,0.0863262162208557
26,0.10030260229110718,0.08045928192138672
27,0.09567923793792725,0.07230569505691528
28,0.09511524829864502,0.10074415636062622
29,0.09362816963195801,0.13200324773788452
30,0.09154606742858887,0.07150252532958984
31,0.08649321689605713,0.07534818840026855
32,0.08854798488616944,0.1001499400138855
33,0.08563574686050415,0.0961461534500122
34,0.08676955003738403,0.07457979536056518
35,0.08534414768218994,0.07753145122528077
36,0.08079817991256714,0.07593226528167725
37,0.08157433223724365,0.08068277835845947
38,0.0826065037727356,0.06423532819747925
39,0.0811628969192505,0.0895975399017334
40,0.07794466419219971,0.06020066881179809
41,0.07764214506149292,0.09792856645584107
42,0.07693717651367188,0.08024526691436767
43,0.07585435295104981,0.10649280166625977
44,0.07608231792449952,0.08077486896514893
45,0.07517778816223145,0.08479743862152099
46,0.0754709436416626,0.0747461895942688
47,0.07489276609420777,0.0934891529083252
48,0.07315043544769287,0.059996594429016115
49,0.06951925554275512,0.08771495628356933
50,0.07284104366302491,0.11193016242980958
51,0.07210735158920288,0.06606200027465821
52,0.06996773223876954,0.0794735598564148
53,0.06787322912216187,0.07134615802764893
54,0.0695119441986084,0.07410593843460082
55,0.06701024494171143,0.11185491895675659
56,0.0699739769935608,0.09885187578201295
57,0.06827181043624878,0.07126377534866334
58,0.06780004119873047,0.11156397199630737
59,0.06692190685272217,0.06842529964447021
60,0.06793597536087036,0.06332236719131469
61,0.0650906497001648,0.061103518009185794
62,0.06540743608474732,0.06423675298690795
63,0.06620865182876587,0.05993798208236694
64,0.06497048969268798,0.057430477142333985
65,0.06446912450790405,0.09914449167251586
66,0.0638087389945984,0.06317821216583253
67,0.06417682704925537,0.061370405197143554
68,0.06379308376312255,0.06535921287536621
69,0.06378590497970581,0.07266024303436279
70,0.06363529710769654,0.07404313850402831
71,0.061954264068603514,0.06612650156021119
72,0.06368280429840088,0.0537722487449646
73,0.0633715072631836,0.06742344951629639
74,0.062057200145721435,0.07006303358078003
75,0.06121226415634155,0.06208807516098022
76,0.06078978271484375,0.07580372476577758
77,0.06284106645584106,0.07280369806289673
78,0.06170329828262329,0.06416118717193603
79,0.0604623438835144,0.10768504762649536
80,0.06205273399353027,0.10368771600723267
81,0.061524828624725345,0.05750715732574463
82,0.059974480152130125,0.05971337604522705
83,0.05922018709182739,0.08216424703598023
84,0.06023517580032348,0.11376512575149536
85,0.06005139389038086,0.07610051012039185
86,0.05931530418395996,0.06913424205780029
87,0.0580076623916626,0.062259678840637205
88,0.05982606925964355,0.08885591697692871
