epoch,loss,val_loss
0,0.9999878179550171,0.9999877204895019
1,0.9999877820968628,0.9999876837730408
2,0.9999877481460572,0.9999876470565796
3,0.9999877116203308,0.9999876165390015
4,0.9999876702308654,0.9999875798225403
5,0.9999876389503479,0.9999875354766846
6,0.9999876035690307,0.9999874911308289
7,0.9999875566482544,0.9999874620437622
8,0.9999875204086304,0.9999874162673951
9,0.9999874720573425,0.9999873719215393
10,0.9999874415397644,0.9999873428344727
11,0.9999873956680297,0.9999872908592224
12,0.999987350845337,0.9999872465133667
13,0.9999873132705689,0.9999872097969055
14,0.9999872652053833,0.9999871654510498
15,0.9999872293472291,0.9999871273040771
16,0.9999871809959412,0.9999870753288269
17,0.9999871318817138,0.9999870386123657
18,0.9999870877265931,0.9999869866371155
19,0.9999870391845703,0.9999869346618653
20,0.999986991596222,0.999986882686615
21,0.9999869448661804,0.9999868307113647
22,0.9999868865013123,0.9999867939949035
23,0.9999868405342102,0.9999867420196533
24,0.9999867846488952,0.9999866900444031
25,0.999986738395691,0.9999866304397583
26,0.999986677646637,0.999986578464508
27,0.9999866270065307,0.9999865126609803
28,0.9999865760803223,0.9999864606857299
29,0.9999865048408508,0.9999864010810852
30,0.9999864606857299,0.9999863414764404
31,0.9999863989830017,0.9999862818717956
32,0.9999863431930542,0.9999862160682679
33,0.9999862761497498,0.9999861564636231
34,0.9999862116813659,0.9999860968589783
35,0.9999861456871033,0.9999860372543335
36,0.9999860852241517,0.9999859638214111
37,0.9999860208511353,0.9999859042167664
38,0.9999859487533569,0.999985830783844
39,0.9999858792304993,0.9999857635498047
40,0.9999858105659485,0.9999856963157654
41,0.9999857362747192,0.9999856152534485
42,0.9999856625556945,0.9999855403900146
43,0.9999855821609497,0.9999854593276978
44,0.9999855085372925,0.9999853858947754
45,0.999985430431366,0.999985303401947
46,0.9999853532791138,0.9999852147102356
47,0.9999852734565735,0.9999851336479187
48,0.9999851824760437,0.9999850511550903
49,0.9999850940704346,0.9999849700927734
50,0.9999849973678588,0.999984866142273
51,0.9999849056243897,0.999984785079956
52,0.9999848155021668,0.999984673500061
53,0.999984714794159,0.9999845848083496
54,0.9999846183776856,0.9999844808578491
55,0.9999845202445984,0.9999843692779541
56,0.9999844133377075,0.9999842729568481
57,0.9999843024253845,0.9999841690063477
58,0.9999841974258423,0.9999840512275696
59,0.9999840748786927,0.9999839320182801
60,0.9999839570045471,0.9999838066101074
61,0.9999838422775269,0.9999836874008179
62,0.9999837119102478,0.9999835619926453
63,0.9999835862159729,0.9999834351539612
64,0.9999834560394287,0.9999833021163941
65,0.9999833305358887,0.9999831461906433
66,0.9999831792831421,0.9999830131530761
67,0.9999830338478088,0.9999828648567199
68,0.9999828825950623,0.9999827089309692
69,0.9999827272415162,0.999982560634613
70,0.999982573223114,0.9999823894500732
71,0.999982400226593,0.9999822044372558
72,0.999982244682312,0.9999820408821106
73,0.9999820576667786,0.9999818558692932
74,0.9999818662643433,0.9999816555976868
75,0.9999816849708557,0.9999814705848694
76,0.9999814829826355,0.9999812779426575
77,0.9999812740325927,0.9999810471534729
78,0.999981066608429,0.9999808483123779
79,0.9999808338165284,0.9999806175231933
80,0.9999805967330933,0.9999803729057312
81,0.9999803593635559,0.9999801206588745
82,0.9999801065444947,0.9999798531532288
83,0.9999798386573792,0.9999795794487
84,0.9999795729637146,0.9999792828559876
85,0.999979271030426,0.9999789786338806
86,0.9999789651870727,0.9999786744117737
87,0.9999786410331726,0.9999783334732055
88,0.9999783064842224,0.9999779925346375
89,0.9999779481887817,0.9999776072502137
90,0.9999775775909424,0.9999772143363953
91,0.9999771615982056,0.9999767985343934
92,0.9999767498970031,0.9999763612747192
93,0.9999762989997864,0.9999758858680725
94,0.9999758256912231,0.9999753966331482
95,0.9999753005981445,0.9999748477935791
96,0.9999747529029847,0.9999742851257324
97,0.9999741782188416,0.9999736537933349
98,0.999973541355133,0.9999729871749878
99,0.9999728554725646,0.9999722747802734
100,0.999972119140625,0.9999714889526368
101,0.9999713034629821,0.9999706358909607
102,0.9999704220771789,0.9999696788787842
103,0.9999694688796997,0.9999686408042908
104,0.999968383026123,0.9999675064086914
105,0.9999671925544739,0.9999662237167358
106,0.9999658718109131,0.999964777469635
107,0.9999643733978272,0.9999631538391113
108,0.9999626729011536,0.9999612855911255
109,0.9999607155799866,0.9999591422080993
110,0.9999584603309631,0.9999566578865051
111,0.9999558161735534,0.9999537210464478
112,0.9999527165412903,0.9999502506256104
113,0.9999489831924439,0.9999460387229919
114,0.999944424533844,0.9999407963752747
115,0.9999387150764465,0.9999341597557068
116,0.9999313101768493,0.999925335407257
117,0.9999212810516357,0.9999130544662476
118,0.9999067852973939,0.9998945207595825
119,0.999883624458313,0.9998627858161926
120,0.999840541267395,0.9997976093292237
121,0.999735161781311,0.9995990052223206
122,0.9985962275505066,0.389784227848053
123,0.007042262268066406,4.2772293090820316e-06
124,2.9351043701171876e-05,2.1448135375976564e-06
125,1.693267822265625e-05,1.3561248779296874e-06
126,1.1580657958984375e-05,1.0061264038085937e-06
127,8.626556396484375e-06,8.096694946289062e-07
128,6.72149658203125e-06,6.837844848632812e-07
129,5.6396484375e-06,5.702972412109375e-07
130,4.89654541015625e-06,4.99725341796875e-07
131,4.36859130859375e-06,4.291534423828125e-07
132,3.89251708984375e-06,3.862380981445313e-07
133,3.56903076171875e-06,3.7097930908203126e-07
134,3.30963134765625e-06,3.4332275390625e-07
135,3.076171875e-06,3.309249877929687e-07
136,2.9266357421875e-06,3.1566619873046877e-07
137,2.7923583984375e-06,3.032684326171875e-07
138,2.66265869140625e-06,2.880096435546875e-07
139,2.5665283203125e-06,2.7561187744140623e-07
140,2.47650146484375e-06,2.6035308837890627e-07
141,2.38800048828125e-06,2.6035308837890627e-07
142,2.30865478515625e-06,2.6035308837890627e-07
143,2.25372314453125e-06,2.32696533203125e-07
144,2.191162109375e-06,2.47955322265625e-07
145,2.11639404296875e-06,2.47955322265625e-07
146,2.05841064453125e-06,2.47955322265625e-07
147,2.0050048828125e-06,2.47955322265625e-07
148,1.953125e-06,2.3555755615234375e-07
149,1.9500732421875e-06,2.2029876708984376e-07
150,1.8890380859375e-06,2.2029876708984376e-07
151,1.849365234375e-06,2.2029876708984376e-07
152,1.78375244140625e-06,2.2029876708984376e-07
153,1.7822265625e-06,2.2029876708984376e-07
154,1.74407958984375e-06,2.0503997802734375e-07
155,1.7023086547851562e-06,2.0503997802734375e-07
156,1.6937255859375e-06,2.0503997802734375e-07
157,1.62811279296875e-06,1.8978118896484376e-07
158,1.611328125e-06,1.773834228515625e-07
159,1.56707763671875e-06,1.621246337890625e-07
160,1.52740478515625e-06,1.621246337890625e-07
161,1.507568359375e-06,1.773834228515625e-07
162,1.47857666015625e-06,1.773834228515625e-07
163,1.44195556640625e-06,1.773834228515625e-07
164,1.4125823974609376e-06,1.621246337890625e-07
165,1.3948440551757812e-06,1.621246337890625e-07
166,1.3580322265625e-06,1.621246337890625e-07
167,1.3397216796875e-06,1.621246337890625e-07
