epoch,loss,val_loss
0,0.6356477567672729,0.323331506729126
1,0.378854985332489,0.289202091217041
2,0.2756744599342346,0.2066684350967407
3,0.2338804904937744,0.18120324754714967
4,0.21400876655578613,0.1556986174583435
5,0.19795377235412598,0.35276534366607665
6,0.19058090620040893,0.17668939828872682
7,0.1777154719352722,0.16243347835540772
8,0.1691353045463562,0.2428787145614624
9,0.16139022283554078,0.30323537492752073
10,0.16084281330108643,0.1767006001472473
11,0.14522574806213379,0.12948906421661377
12,0.14990278444290162,0.11107335948944091
13,0.14371201419830323,0.1526326060295105
14,0.13616631784439087,0.2139858226776123
15,0.13306861209869386,0.11902405118942261
16,0.1282132287979126,0.18407453060150147
17,0.1270693468093872,0.1090706491470337
18,0.12006086463928223,0.09639446926116943
19,0.11729492073059082,0.14708390426635742
20,0.11864625806808472,0.2747853784561157
21,0.11864100437164307,0.19781684255599977
22,0.11515824995040894,0.16968460988998413
23,0.10937734088897705,0.13681104612350464
24,0.10652811012268067,0.11212045526504516
25,0.10352013425827027,0.09338394975662231
26,0.10303613691329956,0.13028600883483887
27,0.10478077526092529,0.1088469123840332
28,0.09989802961349488,0.0886892375946045
29,0.09482058353424072,0.0804953875541687
30,0.09713458166122436,0.07936845779418945
31,0.09713115472793579,0.09514490556716919
32,0.09668240327835083,0.0768876166343689
33,0.09249677076339721,0.0862602391242981
34,0.09049312295913696,0.10334195899963379
35,0.09321291036605835,0.10406081342697143
36,0.08907130975723267,0.07372044563293458
37,0.08989493618011475,0.09022488832473755
38,0.09106017150878906,0.08130719900131225
39,0.08928914852142333,0.1158527388572693
40,0.08937366609573365,0.08258380317687988
41,0.08651965980529785,0.07772635364532471
42,0.08541892013549805,0.07814429950714111
43,0.0823890965461731,0.0907002878189087
44,0.08525539979934692,0.13238894653320313
45,0.08263368244171143,0.0689450922012329
46,0.0846003643989563,0.09442546606063842
47,0.08317106227874756,0.07773571014404297
48,0.0825317928314209,0.08359368658065795
49,0.07819273662567139,0.0889789252281189
50,0.0790276834487915,0.08970273923873902
51,0.07799521684646607,0.0674291753768921
52,0.08001205902099609,0.0704032998085022
53,0.08027461004257203,0.07201715040206909
54,0.07786507091522217,0.07996336030960083
55,0.07816029825210571,0.11640035057067871
56,0.07743469591140748,0.0925905909538269
57,0.07541062459945679,0.07419520092010498
58,0.07371864585876464,0.09227859354019165
59,0.07705474348068238,0.07026837301254273
60,0.07271107749938965,0.13060269927978516
61,0.0751100658416748,0.08570227289199829
62,0.07335679731369019,0.07448854827880859
63,0.07357445631027222,0.07165636873245239
64,0.07139018716812134,0.06676073169708252
65,0.07391026268005371,0.11782982110977173
66,0.07382392539978028,0.07471547317504883
67,0.0718005539894104,0.06264089632034302
68,0.07068354797363281,0.06362638330459594
69,0.0713629955291748,0.06702887630462646
70,0.06970880908966065,0.06206017112731933
71,0.07051467180252075,0.06394383478164672
72,0.0707187032699585,0.07938094329833985
73,0.06848126144409179,0.08212988615036011
74,0.06962858409881592,0.06552061462402343
75,0.06694967670440674,0.0636552300453186
76,0.06829438524246216,0.09837015151977539
77,0.06999855079650878,0.06987024259567261
78,0.06686502199172974,0.07953235816955566
79,0.06883534145355225,0.06991885328292846
80,0.06709437379837035,0.08234493255615234
81,0.06887207584381104,0.06674131298065186
82,0.06467044639587402,0.06726845264434815
83,0.06691529245376587,0.07894663953781128
84,0.06811552486419678,0.07757388401031494
85,0.068803444480896,0.12106209421157837
86,0.06616146440505981,0.08428963851928711
87,0.06419521484375,0.09714526891708374
88,0.06677442121505738,0.061860970973968504
89,0.06270890226364136,0.07092604064941406
90,0.06534823169708252,0.07669896411895752
91,0.06528361682891845,0.06904797744750976
92,0.06529273223876954,0.08657081317901612
93,0.06595141324996948,0.06189300727844238
94,0.0637466046333313,0.06360533523559571
95,0.06409392862319946,0.07062703371047974
96,0.06298816919326783,0.06095788812637329
97,0.061471436405181885,0.09766858386993409
98,0.06433215761184692,0.06326460552215576
99,0.06325171852111816,0.06994544649124146
100,0.06263319158554077,0.06564358282089233
101,0.062370719814300535,0.059997658252716066
102,0.06377504806518555,0.07132454061508178
103,0.0624186752319336,0.08732473373413085
104,0.062315608978271486,0.062412680625915526
105,0.06017310667037964,0.10433161878585816
106,0.060735014152526856,0.06930407047271729
107,0.06184114246368408,0.06734137439727783
108,0.060206740951538086,0.06368018674850463
109,0.06162984857559204,0.06031827545166016
110,0.06143930540084839,0.06489699125289917
111,0.060530894660949706,0.08917743492126465
112,0.06140850515365601,0.061272110939025876
113,0.05980755014419556,0.1060506534576416
114,0.06161980304718018,0.061242781639099124
115,0.060267906856536865,0.1401933741569519
116,0.05950900506973267,0.06211403322219849
117,0.05898118495941162,0.09044183492660522
118,0.05947944984436035,0.0723781180381775
119,0.05959327049255371,0.08691090106964111
120,0.05920181293487549,0.06775840473175049
121,0.06011594305038452,0.06371224069595337
