epoch,loss,val_loss
0,0.5674329000473023,0.5104260311126709
1,0.28033330535888673,0.2688245906829834
2,0.19605626125335693,0.13538139438629151
3,0.16652367296218873,0.4402343864440918
4,0.15071874809265137,0.10856673049926757
5,0.1335311731338501,0.1333995575904846
6,0.12557239122390748,0.1440191979408264
7,0.11929565553665161,0.19584859991073608
8,0.1159295295715332,0.13660018634796142
9,0.10662259712219238,0.13506074857711792
10,0.10111208963394165,0.09803964757919312
11,0.09806199541091919,0.10440849256515503
12,0.09683072423934937,0.07700295972824096
13,0.09051613836288452,0.0711867003440857
14,0.08878391084671021,0.09060917377471923
15,0.08664581098556519,0.07364374351501465
16,0.08313259086608887,0.06807025671005248
17,0.08255794878005981,0.08441546726226806
18,0.07845316066741943,0.08398517608642578
19,0.07780207862854004,0.06882487058639526
20,0.07832930507659912,0.07109920978546143
21,0.07471654605865478,0.07029892826080322
22,0.07519754457473755,0.0651571249961853
23,0.07171779336929321,0.10134159421920777
24,0.07367826709747315,0.06788522148132324
25,0.07199479112625122,0.09517340755462647
26,0.0706929988861084,0.08692891836166382
27,0.06894276552200318,0.07144903993606568
28,0.06958084888458252,0.07916569471359253
29,0.0680106017112732,0.06121233463287354
30,0.06719134864807129,0.0591541166305542
31,0.06602042932510375,0.0635281286239624
32,0.06603884439468384,0.10154044055938721
33,0.06771271381378174,0.05658984375
34,0.0656009931564331,0.0595981559753418
35,0.0652728141784668,0.11745412158966065
36,0.06568678388595581,0.06291465282440185
37,0.06255735406875611,0.06421544647216797
38,0.062059733009338376,0.0870918197631836
39,0.06427994585037232,0.08007118129730224
40,0.06312076940536498,0.06130787992477417
41,0.061414757347106934,0.06566386270523071
42,0.06162967710494995,0.056058051109313965
43,0.06210922422409058,0.06295289421081543
44,0.05978960800170898,0.06818575620651245
45,0.06067409772872925,0.05738353776931763
46,0.06012360324859619,0.05931954956054687
47,0.05906649904251099,0.06222163915634155
48,0.05946592855453491,0.09710037326812744
49,0.05914618101119995,0.06621104955673218
50,0.0592178695678711,0.08302676725387573
51,0.059156070709228514,0.05435219860076904
52,0.0590050332069397,0.07428507947921753
53,0.05779350833892822,0.05394949674606323
54,0.05692289066314697,0.05599580383300781
55,0.05942619047164917,0.058859487056732177
56,0.056803107738494875,0.057016475677490235
57,0.05714410810470581,0.0902993950843811
58,0.058180873584747314,0.0532367434501648
59,0.056495257949829104,0.05842836904525757
60,0.05754430627822876,0.05946625089645386
61,0.054892443561553955,0.05701618480682373
62,0.05716064014434814,0.06395998620986938
63,0.05514452524185181,0.053338508129119874
64,0.05675255403518677,0.0533078351020813
65,0.05346643543243408,0.061739779472351076
66,0.055964109230041505,0.053702547550201415
67,0.054301781368255614,0.05603088474273682
68,0.05508861198425293,0.05126679420471191
69,0.05369090414047241,0.05928653907775879
70,0.05475882444381714,0.053405035972595216
71,0.05391711664199829,0.07896288967132568
72,0.05535220928192139,0.05376580047607422
73,0.05374254093170166,0.05718879842758179
74,0.05255686588287353,0.08816358184814453
75,0.0529150502204895,0.09778154420852661
76,0.05489913530349731,0.05722731924057007
77,0.05193942012786865,0.05756674575805664
78,0.05509860897064209,0.05227548408508301
79,0.052569111442565916,0.05287167692184448
80,0.05211833696365357,0.05146674680709839
81,0.05279249086380005,0.05282239389419556
82,0.052033820724487305,0.05355538034439087
83,0.05329609546661377,0.052594016075134274
84,0.052624951171875,0.052505162239074706
85,0.05187883148193359,0.05189186811447143
86,0.052011467838287355,0.051194936275482175
87,0.050689391803741456,0.056420562744140625
88,0.05092877788543701,0.059124608039855954
89,0.05320794467926025,0.05813282823562622
90,0.04978605699539185,0.07062761688232422
91,0.052050983810424806,0.058229855060577394
92,0.05300927753448487,0.060288106441497805
93,0.05140366353988648,0.05428972864151001
94,0.05005447311401367,0.051694032192230226
95,0.04917332878112793,0.05630460500717163
96,0.05115322666168213,0.05140652179718017
97,0.05042738227844238,0.06498310279846191
98,0.05073565378189087,0.05281171989440918
99,0.05084180793762207,0.0657927918434143
100,0.05113498134613037,0.09716897439956665
101,0.050105732917785646,0.06733118391036988
102,0.049131616497039794,0.06869294118881225
103,0.0496436713218689,0.052085371494293216
104,0.05073890581130981,0.05087414979934692
105,0.049762465381622316,0.05999168825149536
106,0.04926740751266479,0.056746330261230465
107,0.051002361965179446,0.05271317100524903
108,0.04837244262695312,0.0700238733291626
109,0.05133361434936524,0.05279776954650879
110,0.049950387287139894,0.05077548217773437
111,0.049335661506652834,0.05449316787719727
112,0.049312757682800294,0.05231280612945557
113,0.046823834228515625,0.051336495876312255
114,0.04874803686141968,0.054309663772583006
115,0.04998521089553833,0.05273091173171997
116,0.048076364517211916,0.0741508264541626
117,0.049591150665283204,0.05291458940505982
118,0.04865554580688477,0.06203569793701172
119,0.048772929191589355,0.05455091857910156
120,0.05032552042007446,0.04954821920394897
121,0.04900633459091187,0.0538554310798645
122,0.0469751293182373,0.053588943004608154
123,0.050017539501190186,0.051427727222442626
124,0.04813004674911499,0.04885403156280518
125,0.04787404432296753,0.0565519437789917
126,0.04814853677749634,0.05028406763076782
127,0.04816101531982422,0.05078377294540405
128,0.04878986349105835,0.05447983312606811
129,0.04623420057296753,0.059313879489898684
130,0.04776491718292236,0.06789001369476319
131,0.04807325744628906,0.07140113735198975
132,0.047753000926971434,0.051442081451416016
133,0.04788437376022339,0.06703690671920777
134,0.04715351734161377,0.05218799829483032
135,0.047170252799987794,0.0543471736907959
136,0.04800590381622315,0.05476100635528564
137,0.0466995415687561,0.05609819269180298
138,0.047547271633148196,0.049615352630615235
139,0.04664974031448364,0.05661834764480591
140,0.04708066349029541,0.05020404434204102
141,0.04681420288085938,0.05344445323944092
142,0.04723435029983521,0.051494778633117674
143,0.04729271717071533,0.0647379117012024
144,0.0473404296875,0.048661519527435304
145,0.04522197561264038,0.05237409257888794
146,0.047163007164001465,0.05225605344772339
147,0.04821907749176026,0.05278706216812134
148,0.04671247673034668,0.048653816699981686
149,0.04614276037216186,0.08163730764389038
150,0.04690620393753052,0.060393606662750246
151,0.04717826843261719,0.049000102996826174
152,0.046610636520385745,0.049565267086029055
153,0.04603813791275024,0.056364967823028564
154,0.0469441312789917,0.04905338191986084
155,0.044509868717193604,0.05266928386688233
156,0.0453115270614624,0.05090163326263428
157,0.04694718418121338,0.050628986835479735
158,0.047157394123077394,0.05540797185897827
159,0.04614566135406494,0.05189577388763428
160,0.04551694507598877,0.04938649320602417
161,0.045952627277374265,0.049268600940704343
162,0.046451053714752194,0.05617753028869629
163,0.046848910045623776,0.05013855314254761
164,0.04605218982696533,0.09454866790771485
165,0.04631487140655518,0.05240778923034668
166,0.045370059394836425,0.05379145812988281
167,0.04422847871780396,0.050426403999328615
168,0.04710310497283936,0.05335188150405884
