epoch,loss,val_loss
0,0.5958218536376954,0.5875736937522889
1,0.3759686547279358,0.24227749013900757
2,0.2618144907951355,0.2195430679321289
3,0.2284505786895752,0.16437637233734131
4,0.20622597122192382,0.41594585752487184
5,0.19659984579086304,0.1806707811355591
6,0.18420795125961303,0.18934660816192628
7,0.18094915351867677,0.15237147903442383
8,0.17268999519348144,0.13573616218566895
9,0.17014950742721557,0.1718579568862915
10,0.15963366708755494,0.12599196577072144
11,0.1527190622329712,0.16921372747421265
12,0.14926722345352172,0.1094205322265625
13,0.1423383472442627,0.12085197496414185
14,0.1385304509162903,0.2164564938545227
15,0.14423999032974244,0.12684576320648194
16,0.13196044397354126,0.11120029926300048
17,0.12800496463775635,0.09404649209976196
18,0.12514346075057983,0.1255045928955078
19,0.1277794490814209,0.14131875848770142
20,0.12495225200653076,0.1205958948135376
21,0.12249655199050903,0.09006250429153442
22,0.11901550207138062,0.1078517508506775
23,0.11234837951660157,0.09200996017456055
24,0.11019718837738036,0.08689500427246094
25,0.11642994298934936,0.1085778841972351
26,0.1107918646812439,0.12445182514190674
27,0.10921649675369263,0.08894906187057496
28,0.10777682523727417,0.10656908464431762
29,0.10643531551361084,0.1551235795021057
30,0.10482480335235596,0.10333763694763183
31,0.10121412019729614,0.09212865924835205
32,0.10456513662338257,0.10125671339035035
33,0.10160354776382446,0.157753333568573
34,0.10103059587478638,0.08323163414001465
35,0.0949993558883667,0.1028760986328125
36,0.09636652126312256,0.08406608104705811
37,0.09718309698104859,0.07853654432296753
38,0.09105280418395996,0.09098756742477417
39,0.0962005337715149,0.24650292921066283
40,0.09445832796096802,0.10429749917984009
41,0.08841016483306885,0.09366711616516113
42,0.09126434354782105,0.13449519634246826
43,0.0896099045753479,0.07582405090332031
44,0.08805713415145874,0.0777330288887024
45,0.08800630855560303,0.11534941244125366
46,0.08486423397064209,0.08866095018386841
47,0.08631697158813477,0.07625434446334839
48,0.08754147281646729,0.08706946277618408
49,0.08560754776000977,0.08024080228805543
50,0.08777203454971313,0.08076691198349
51,0.08331395425796509,0.08178121900558472
52,0.0807295163154602,0.07445549964904785
53,0.08421725864410401,0.08271043300628662
54,0.08249374666213989,0.07669684886932374
55,0.08281962394714355,0.07573165941238404
56,0.08026556539535522,0.08246141576766967
57,0.07899153432846069,0.07312936449050904
58,0.08088040981292724,0.07435335350036622
59,0.07860616941452027,0.07421637725830078
60,0.07967146749496459,0.07756379795074463
61,0.07830089130401612,0.09633039331436158
62,0.07904292478561402,0.19638501119613647
63,0.08055530042648315,0.07932875061035156
64,0.07793656854629516,0.08618798398971558
65,0.07801310968399047,0.09559923839569091
66,0.07612515830993652,0.07266791820526124
67,0.07821018533706665,0.07469454956054687
68,0.07439831113815308,0.09458531761169434
69,0.07558502931594849,0.07946394252777099
70,0.07497904243469239,0.1967376136779785
71,0.07581449909210206,0.07586630487442017
72,0.07356434850692749,0.06887728023529052
73,0.07325458669662475,0.08090008163452149
74,0.07368136186599732,0.0772417631149292
75,0.07385957155227661,0.10305470085144043
76,0.07252449789047241,0.12755151224136352
77,0.07203236980438232,0.06865545558929444
78,0.07433464059829711,0.07705712509155273
79,0.0717315619468689,0.0696264295578003
80,0.06942211408615112,0.07084513473510742
81,0.07243905715942382,0.08113579273223877
82,0.07396857080459594,0.06905233001708984
83,0.06865758819580078,0.06878580617904663
84,0.07221741552352905,0.07584233713150025
85,0.07067488403320313,0.07832995176315308
86,0.06831576738357543,0.08363432550430298
87,0.07031820077896118,0.07085763597488404
88,0.07263194370269775,0.07848941278457641
89,0.0679332974433899,0.06544442129135132
90,0.06859426307678222,0.06830245876312256
91,0.06808589868545532,0.07589891386032105
92,0.06988113832473755,0.0723822569847107
93,0.06839328403472901,0.08373776483535766
94,0.06712738761901856,0.06769634580612183
95,0.06879579448699952,0.1138558692932129
96,0.06668789710998535,0.0655250334739685
97,0.06538182134628295,0.0731177258491516
98,0.0699104214668274,0.07396527194976807
99,0.06652327566146851,0.06812581396102906
100,0.06466785764694213,0.0708748869895935
101,0.06642954025268555,0.07262158298492431
102,0.06563508558273315,0.06566650629043579
103,0.0669677370071411,0.07533905410766602
104,0.063940838432312,0.13966019678115846
105,0.0667497350692749,0.08552288961410523
