epoch,loss,val_loss
0,0.557124707698822,0.47729743099212646
1,0.32996273097991946,0.2773446955680847
2,0.24414920406341553,0.21032120513916017
3,0.2193599802970886,0.24578674793243407
4,0.1970714030265808,0.2355643572807312
5,0.18158815326690675,0.1628885793685913
6,0.17239433040618896,0.13281784963607787
7,0.1734039813041687,0.13784483766555786
8,0.1575536642074585,0.6405607089996338
9,0.1701765501976013,0.1563064193725586
10,0.14923344802856445,0.13315811157226562
11,0.14440209341049196,0.12348138332366944
12,0.13943529863357543,0.13082304286956786
13,0.1322919394493103,0.13204405403137207
14,0.13384918365478515,0.1589079670906067
15,0.12894173488616945,0.09889435195922852
16,0.1251942608833313,0.12719861507415772
17,0.12322924776077271,0.10228054904937744
18,0.1149610237121582,0.10282881927490234
19,0.1150704833984375,0.14340333318710327
20,0.11444994583129883,0.16620344877243043
21,0.1146571946144104,0.09697897148132324
22,0.10856180572509766,0.10820784902572632
23,0.10832885370254516,0.09808581733703613
24,0.11100803775787353,0.09076103734970092
25,0.10550856037139893,0.09031535053253174
26,0.10513736238479614,0.1476434211730957
27,0.10568408985137939,0.12475754117965698
28,0.10060679740905762,0.0854150767326355
29,0.09931612005233764,0.10698306894302369
30,0.09785449018478394,0.2199784002304077
31,0.10297529020309448,0.339533501625061
32,0.10205523767471314,0.0969455327987671
33,0.09570809288024902,0.08795554065704346
34,0.09433258199691773,0.09101677417755127
35,0.09499115161895752,0.08303215503692626
36,0.09734114561080932,0.08037698459625243
37,0.0908774224281311,0.08237735033035279
38,0.09436438007354736,0.081457670211792
39,0.09026395959854126,0.08747527837753295
40,0.0878133334159851,0.1335315523147583
41,0.09242025051116944,0.07690743017196655
42,0.08649460563659668,0.09967166805267334
43,0.08773045835494996,0.08953211498260498
44,0.08755613145828248,0.08538737344741822
45,0.08562156705856323,0.10862470960617066
46,0.08701956071853638,0.09552004432678222
47,0.08549061374664306,0.15804835987091065
48,0.08535178384780884,0.07563905382156372
49,0.08433754215240478,0.07838206052780151
50,0.08237319488525391,0.077744619846344
51,0.08058603296279908,0.08036955499649048
52,0.08179792251586913,0.07557381534576416
53,0.08122630949020386,0.07353777265548705
54,0.07976139764785767,0.13878506660461426
55,0.08180725660324097,0.1087437539100647
56,0.08144680099487304,0.09750074100494385
57,0.07822453441619873,0.08085300922393798
58,0.08078349208831787,0.10561622476577759
59,0.08079104623794556,0.07469897317886352
60,0.0784811957359314,0.12671107196807863
61,0.07918251972198487,0.07992826318740845
62,0.07751727857589721,0.07252335357666016
63,0.07600495157241821,0.07625342607498169
64,0.08004885883331299,0.0731843957901001
65,0.0759445200920105,0.07141257476806641
66,0.07569011898040771,0.07937556886672974
67,0.07730127944946288,0.07191268110275269
68,0.0762225149154663,0.07843851280212402
69,0.07550792961120606,0.09462328720092773
70,0.07582603340148926,0.07323482131958008
71,0.07322471446990966,0.06780794429779052
72,0.0761630033493042,0.07436600732803345
73,0.07480994863510132,0.08792746019363404
74,0.07305355529785157,0.0745572156906128
75,0.0733653793334961,0.08116767549514771
76,0.07457581834793091,0.1182419605255127
77,0.07085292253494263,0.07167479705810546
78,0.07371011228561401,0.08900374031066895
79,0.07406833333969116,0.10672762632369995
80,0.07312107152938843,0.1143002758026123
81,0.07208958520889282,0.0755686502456665
82,0.0735505145072937,0.08643350839614868
83,0.07382220277786256,0.21637863874435426
84,0.07352742385864258,0.06681981182098388
85,0.06948477849960327,0.08167191553115845
86,0.0698912208557129,0.07485571193695069
87,0.07266820669174194,0.06866913414001465
88,0.07008992223739624,0.08150960683822632
89,0.07016662874221802,0.20004811191558838
90,0.07297066583633423,0.07759071111679078
91,0.06839374885559082,0.07334354257583618
92,0.07009322967529297,0.07201718282699585
93,0.06820077152252198,0.07106788110733032
94,0.06820965709686279,0.06777015972137451
95,0.06860088911056518,0.071801824092865
96,0.07050832767486573,0.07317614841461181
97,0.06800777702331542,0.07530754470825195
98,0.06771452579498291,0.11176138019561768
99,0.07011803092956544,0.07225747776031494
100,0.06782687816619873,0.08058926153182984
