epoch,loss,val_loss
0,0.8172858843803406,0.7504894251823425
1,0.6737251615524292,0.6289591779708862
2,0.6200128255844116,0.6273878650665283
3,0.5953722908020019,0.6185500936508179
4,0.5837147670745849,0.577363226890564
5,0.5759264318466186,0.5614691491127014
6,0.564313932800293,0.5892452507019043
7,0.5568708209991455,0.6904155731201171
8,0.5531833129882813,0.5656747918128967
9,0.5423245203018189,0.5439610872268676
10,0.5378812482833862,0.5749389886856079
11,0.5353007099151611,0.6542809472084046
12,0.5297833526611329,0.5323789176940918
13,0.5214688673019409,0.548251307964325
14,0.5159693519592286,0.5248258867263794
15,0.5116678942680359,0.5258500456809998
16,0.5065964527130127,0.6183317813873291
17,0.5035859447479248,0.5124979734420776
18,0.4960376180648804,0.6197264270782471
19,0.4946709470748901,0.5149812150001526
20,0.491163427734375,0.5765853281021118
21,0.48622656736373904,0.5463637709617615
22,0.4816976313591003,0.5082549796104431
23,0.4807867484092712,0.4841440072059631
24,0.4764937883377075,0.4833522825241089
25,0.4755436122894287,0.556532639503479
26,0.47310340423583985,0.5451690454483032
27,0.4720213714599609,0.5725236139297485
28,0.47118272018432616,0.5011881442070008
29,0.4675814705848694,0.473476553440094
30,0.4674751295089722,0.4925663876533508
31,0.4655300931930542,0.4820619263648987
32,0.46561034297943116,0.47047078466415404
33,0.4594188516616821,0.4762391104698181
34,0.46154955348968507,0.5519978785514832
35,0.4608305932998657,0.5415688457489014
36,0.4609724387168884,0.4876287250518799
37,0.4587324100494385,0.49987638998031614
38,0.4568001517295837,0.5119700174331665
39,0.45659238328933716,0.5476202783584595
40,0.45753007068634033,0.4896727643013
41,0.4559920382499695,0.47388204097747805
42,0.4551617088317871,0.46896743488311765
43,0.4563264705657959,0.5067570638656617
44,0.4547461504936218,0.48970068502426145
45,0.453158766746521,0.4849740424156189
46,0.45346914148330686,0.5363703961372376
47,0.45426646633148193,0.4656603059768677
48,0.4510860775947571,0.48907087087631224
49,0.4524101661682129,0.4632409009933472
50,0.4485259806632996,0.5102364225387573
51,0.45181334352493285,0.48209706783294676
52,0.4495808611869812,0.4730611901283264
53,0.448851571559906,0.45840279006958007
54,0.4508973093032837,0.5449967813491822
55,0.44930531816482544,0.46514378070831297
56,0.4465338105201721,0.5027065072059631
57,0.44912376298904416,0.4660213360786438
58,0.44940840826034545,0.48921876049041746
59,0.4482937376022339,0.4752089524269104
60,0.4465571704864502,0.4591720747947693
61,0.44668085269927976,0.5032481446266174
62,0.44740330333709716,0.4708628439903259
63,0.4467173209190369,0.49461338663101195
64,0.44484082670211794,0.4985454750061035
65,0.4456664353370666,0.48199799871444704
66,0.44448902254104616,0.49665576601028444
67,0.4444429307937622,0.4830348043441772
68,0.44579685440063477,0.4729022388458252
69,0.44573893299102785,0.476513623714447
