epoch,loss,val_loss
0,0.8607780796051026,0.7456848711967469
1,0.7512257185935974,0.6918963422775268
2,0.7032881555557251,0.6968515367507935
3,0.6844550839424133,0.7369248552322387
4,0.6704039421081543,0.6779556884765625
5,0.6587473541259765,0.6474991235733032
6,0.6531313994407654,0.6600205020904542
7,0.6455122793197632,0.6784087424278259
8,0.6407726766586304,0.6558076372146606
9,0.6384351512908936,0.6376718168258667
10,0.6323757141113281,0.6261468467712402
11,0.630120631980896,0.6912306327819824
12,0.62862698802948,0.6163256540298462
13,0.6270193004608154,0.6377868828773499
14,0.6241071145057678,0.6184841742515564
15,0.6235344663619995,0.6266144042015076
16,0.619954385471344,0.6297600965499878
17,0.6187943515777587,0.6080214304924011
18,0.6176940027236939,0.6099906625747681
19,0.6185863380432128,0.613734974861145
20,0.6183127637863159,0.6200999813079834
21,0.6178991940498352,0.6122322964668274
22,0.6152842779159546,0.6059966459274292
23,0.6130558494567871,0.6306165132522583
24,0.6147239943504333,0.6142134065628052
25,0.6134182126998902,0.6597217168807984
26,0.6129261680603028,0.606712604522705
27,0.6133506141662598,0.6115458126068115
28,0.6133686022758484,0.6033151865005493
29,0.6114283033370972,0.6263958854675293
30,0.6126696819305419,0.6013532342910767
31,0.6117811351776123,0.6010205345153808
32,0.6109207191467285,0.6514891185760499
33,0.6109775463104248,0.6181347980499268
34,0.6121051002502441,0.6019032640457154
35,0.6119216278076172,0.5993932909965515
36,0.6107504064559937,0.6081765012741089
37,0.6092871978759765,0.6365352954864502
38,0.6095447473526001,0.6082841501235962
39,0.6094254646301269,0.5989761924743653
40,0.6095256782531738,0.6582943277359009
41,0.6096910776138306,0.7393114399909974
42,0.6119336145401001,0.6052413091659546
43,0.6092732856750488,0.6239694347381591
44,0.6097803977966308,0.6081383419036865
45,0.608588909816742,0.6018255295753479
46,0.609196960067749,0.617662802696228
47,0.6093517188072205,0.6200715913772583
48,0.6083357503890992,0.6219587111473084
49,0.6075857919692993,0.6476547813415527
