epoch,loss,val_loss
0,0.5840663892745972,0.2041884512901306
1,0.248345831489563,0.18898166942596437
2,0.13114903602600098,0.08363735580444336
3,0.10102220706939698,0.10122237396240234
4,0.08216800899505615,0.050156614780426025
5,0.07103229207992554,0.2734100093841553
6,0.06624562005996704,0.04017374610900879
7,0.05521640863418579,0.03743026924133301
8,0.05441091041564942,0.04016335535049438
9,0.0498894455909729,0.0316783185005188
10,0.04230459098815918,0.10450502920150757
11,0.040512659454345706,0.02498206567764282
12,0.034059191703796385,0.1630595407485962
13,0.03642682466506958,0.026782456398010253
14,0.03269194631576538,0.02785041427612305
15,0.033445732307434084,0.023023086071014404
16,0.028374714374542236,0.018945703506469725
17,0.02578931245803833,0.0719132399559021
18,0.026485163879394532,0.015968109130859377
19,0.024175657272338866,0.016589465141296385
20,0.02347516756057739,0.032953060150146485
21,0.023186835670471192,0.02216558599472046
22,0.022528261184692384,0.029304646492004396
23,0.02231626567840576,0.030262632846832276
24,0.020185383796691894,0.013246431350708007
25,0.020675904369354247,0.03916593980789185
26,0.019930796146392822,0.018785983562469483
27,0.016024083423614503,0.014001328945159913
28,0.01944139175415039,0.020194218158721924
29,0.0171102707862854,0.015019136905670166
30,0.017930324363708495,0.07876824522018433
31,0.02039738473892212,0.02742355966567993
32,0.01480794849395752,0.011273924350738526
33,0.014189009189605712,0.07553486013412476
34,0.016851486015319824,0.011413078308105468
35,0.013357612991333008,0.01561836576461792
36,0.013497565174102784,0.012771662235260009
37,0.01365097360610962,0.010175164699554443
38,0.013615722179412842,0.010811747074127197
39,0.013702767372131348,0.011695786476135254
40,0.012164976978302001,0.010271370887756348
41,0.01334843339920044,0.020476665019989012
42,0.013568391609191894,0.00967160177230835
43,0.014204195594787597,0.012458748340606689
44,0.01132324571609497,0.008460152626037597
45,0.01008953161239624,0.009602810859680176
46,0.012291127490997315,0.008219857215881348
47,0.01122298583984375,0.014453758716583252
48,0.011552679824829102,0.014572613716125489
49,0.011811081504821777,0.007801443576812744
50,0.011282712268829346,0.012155947685241699
51,0.010691828441619873,0.007612533569335937
52,0.010577764892578124,0.009802850723266601
53,0.011020732879638671,0.00808881664276123
54,0.009942244434356689,0.009149161338806153
55,0.010562997150421142,0.0074583120346069336
56,0.010033189392089845,0.0072218794822692875
57,0.008606113624572753,0.007635895729064941
58,0.011456911849975587,0.00940011501312256
59,0.009284493064880371,0.008921953678131103
60,0.009942157936096192,0.008028068065643311
61,0.008837421989440918,0.023707993507385255
62,0.00983336534500122,0.011833061695098877
63,0.008668256378173828,0.006829469680786133
64,0.008839944553375244,0.01324181842803955
65,0.009518095302581787,0.007609148025512696
66,0.008836378955841065,0.011005234718322755
67,0.0091066650390625,0.012033422946929932
68,0.007521730709075928,0.017123478412628172
69,0.01021078004837036,0.009019145488739014
70,0.008563938999176025,0.007030826091766357
71,0.007166977405548096,0.006697108745574951
72,0.009363129329681396,0.01753351879119873
73,0.007414804363250732,0.007352207183837891
74,0.008625380325317383,0.008250695705413818
75,0.007151616191864014,0.02139438819885254
76,0.009102249240875245,0.01346345043182373
77,0.008138572597503661,0.007298737049102783
78,0.007024577522277832,0.00594294548034668
79,0.006812334060668945,0.00578062105178833
80,0.0074551016807556155,0.026004164695739747
81,0.008172779178619385,0.009281208992004394
82,0.008700735187530518,0.006754694938659668
83,0.008281987857818604,0.006079438686370849
84,0.007615106964111328,0.007169043064117432
85,0.0065921905517578126,0.005764912128448487
86,0.0069042139053344725,0.0068314986228942874
87,0.0069809311866760254,0.005957866668701172
88,0.007363253593444824,0.008509182453155517
89,0.007371079444885254,0.011087080001831055
90,0.007333385467529297,0.006519997596740722
91,0.008093322849273681,0.005500761985778808
92,0.00597021484375,0.006525199890136718
93,0.005821241760253906,0.006717366218566894
94,0.00696433801651001,0.006421090126037598
95,0.006821576690673828,0.0052203769683837895
96,0.007681505870819092,0.025366053104400633
97,0.007245224761962891,0.016639501571655273
98,0.005644694423675537,0.007985052585601806
99,0.006836891746520996,0.0073931760787963865
100,0.006970041465759277,0.00942969560623169
101,0.007126083850860596,0.007003800392150879
102,0.005650846481323242,0.006177681922912598
103,0.006574046802520752,0.007055112361907959
