epoch,loss,val_loss
0,0.868870411491394,0.8833339052200317
1,0.7193642134666443,0.7136664791107178
2,0.6785907066345215,0.6444052309989929
3,0.6680712951660156,0.6475341267585755
4,0.6563906637191772,0.6298394093513489
5,0.6451652187347412,0.6553332605361939
6,0.634366699886322,0.6392882556915284
7,0.627557917022705,0.6510682744979859
8,0.6186426309585571,0.6022790298461914
9,0.6162665269851685,0.6351582069396973
10,0.6113911819458008,0.6344355573654175
11,0.6105600825309754,0.5939120187759399
12,0.6074526889801025,0.5967260050773621
13,0.6054749559402466,0.6086393995285034
14,0.6050189189910888,0.5908854131698609
15,0.6024945579528809,0.6104499311447144
16,0.601406871509552,0.6024584445953369
17,0.5985208220481872,0.595868097782135
18,0.5965447281837464,0.5957518820762634
19,0.5977507814407349,0.5845975494384765
20,0.5962015562057495,0.5971116485595703
21,0.5935564498901367,0.5984488468170166
22,0.5933045486450196,0.5860649638175964
23,0.5929565842628479,0.582566867351532
24,0.5918824342727661,0.5826658678054809
25,0.590224427318573,0.5815282926559449
26,0.5881733869552612,0.5984659295082092
27,0.5891891077041626,0.5801443133354187
28,0.5885910943984985,0.5808498182296753
29,0.5835027536392212,0.6069386730194092
30,0.5881672777175904,0.578799259185791
31,0.585809603691101,0.5944514503479004
32,0.5874381420135498,0.5898264532089234
33,0.5833779613494873,0.6080438756942749
34,0.5866568981170655,0.5782610402107239
35,0.5849001284599304,0.5789043126106262
36,0.5803956607818603,0.5783032913208008
37,0.5802431451797485,0.6346424551010131
38,0.5867328206062317,0.6034910306930542
39,0.5841410005569458,0.5750723266601563
40,0.5830979913711548,0.5845149850845337
41,0.5815984296798706,0.578003529548645
42,0.5805561061859131,0.5987465057373047
43,0.58056522731781,0.5774661655426025
44,0.5815169351577759,0.5751945676803589
45,0.57878268699646,0.5856342830657959
46,0.5789624820709228,0.6040185770988464
47,0.5780307766914368,0.6482658071517944
48,0.5815950916290283,0.6011516942977905
49,0.5772767328262329,0.5784666624069214
50,0.5778036005020142,0.5746332454681397
51,0.5770635017395019,0.5770238151550293
52,0.5788705976486206,0.5714994487762451
53,0.5790969204902648,0.5727764959335327
54,0.5793283810615539,0.5760457019805908
55,0.5792390272140503,0.6052952613830567
56,0.5747911241531372,0.6090183129310608
57,0.5766665082931518,0.5843280539512634
58,0.5760984159469604,0.5982522873878479
59,0.5788914758682251,0.6657066106796264
60,0.5775398706436157,0.5906368799209595
61,0.5739462022781372,0.5712301769256591
62,0.5753854102134704,0.5779695806503296
63,0.573611665725708,0.6163498725891113
64,0.5737530448913574,0.5764243049621582
65,0.5737081330299377,0.5703666553497314
66,0.5750309153556824,0.5720687823295594
67,0.576140128993988,0.5933751516342163
68,0.5757569625854492,0.5761956815719604
69,0.5740173728942871,0.6268683304786682
70,0.5729555649757385,0.5859374661445618
71,0.5709790518760681,0.5697352771759033
72,0.5718018951416015,0.5771907958984375
73,0.5737415774345398,0.5770183181762696
74,0.5734747592926025,0.607249605178833
75,0.5716796157836914,0.575040828704834
76,0.5735140203475952,0.596975830078125
77,0.5707493700027466,0.579381621837616
78,0.5715462463378906,0.5721019644737244
79,0.5728249353408813,0.5692001276016235
80,0.5706526118278503,0.6057237415313721
81,0.571225534439087,0.5724867610931397
82,0.5715268154144287,0.574893476486206
83,0.5702936570167542,0.5668862018585205
84,0.5699494966506958,0.5846579523086548
85,0.5720311508178711,0.5761538896560668
86,0.5712789028167725,0.586203631401062
87,0.5702660554885864,0.571799123287201
88,0.5716933208465577,0.597330864906311
89,0.5697313133239746,0.5729796929359436
90,0.5712464015960693,0.6139636735916137
91,0.5688310252189637,0.5680193252563477
92,0.5718037281036377,0.5793921680450439
93,0.5683395916938782,0.5759367566108704
94,0.5702036514282226,0.5752236738204956
95,0.5703328908920288,0.5687458629608154
96,0.5687135122299194,0.5705928182601929
97,0.5720100068092346,0.5915713901519776
98,0.5678624839782714,0.5712015619277954
99,0.5686613348007202,0.5961603169441223
100,0.5673589692115784,0.5893502125740051
101,0.5690995983123779,0.5747331891059876
102,0.5660941255569458,0.5727736778259277
103,0.568086552810669,0.6045641679763794
