epoch,loss,val_loss
0,0.6510122732162476,0.35101865434646606
1,0.28631828165054324,0.19044517040252684
2,0.1681914937019348,0.09850055074691773
3,0.13605265378952025,0.19509909963607788
4,0.11095250101089478,0.06790457439422608
5,0.09354344720840455,0.08324560499191284
6,0.07984088535308838,0.1487841510772705
7,0.06962004089355468,0.04809784746170044
8,0.06352337808609008,0.11825748682022094
9,0.05644603672027588,0.04955039072036743
10,0.05844251022338867,0.027675824642181397
11,0.044564273262023925,0.23259182119369506
12,0.0505909122467041,0.019116891384124757
13,0.03684968662261963,0.022547845840454103
14,0.036905201530456545,0.09228807163238525
15,0.03746112976074219,0.016189823627471924
16,0.032377394771575925,0.07109616422653198
17,0.03057189359664917,0.03241988801956177
18,0.028726062774658202,0.01604467010498047
19,0.028034595775604246,0.018145071506500243
20,0.022586962413787843,0.011474649906158447
21,0.02254754762649536,0.019878902435302735
22,0.024413379287719725,0.01152909517288208
23,0.02087018117904663,0.023552268028259278
24,0.021606784439086913,0.008737611770629882
25,0.0207777006149292,0.011311293601989746
26,0.01902829990386963,0.008877389907836914
27,0.02033621473312378,0.013967352390289307
28,0.01575562810897827,0.041903684616088864
29,0.01805812463760376,0.0658709020614624
30,0.01867436971664429,0.004813970565795899
31,0.013139097023010254,0.0181238112449646
32,0.014343926620483399,0.010253781318664551
33,0.014540278148651123,0.009993395805358886
34,0.013988364124298096,0.00441439151763916
35,0.013502171516418457,0.03182253074645996
36,0.014550172615051269,0.0030318918228149413
37,0.009818868446350097,0.007593248844146729
38,0.013158922672271728,0.03173231506347656
39,0.011319258213043214,0.01579814577102661
40,0.00902025966644287,0.007719143867492676
41,0.01188039264678955,0.0064508914947509766
42,0.009915657901763917,0.01467262077331543
43,0.010665618896484375,0.02095820665359497
44,0.008648455142974854,0.024690502643585206
