epoch,loss,val_loss
0,0.6727949488639832,0.723319637298584
1,0.36609958276748655,0.305455705165863
2,0.2299714719772339,0.2546465239524841
3,0.19058735179901123,0.21218451261520385
4,0.17006543865203858,0.2129452338218689
5,0.1633562397956848,0.13600674486160277
6,0.1519839907646179,0.121200119972229
7,0.1399664050102234,0.16113515377044677
8,0.13435194501876832,0.125664222240448
9,0.13203044824600219,0.11938996124267579
10,0.12341796140670776,0.15986957836151122
11,0.11859405450820923,0.10546949100494385
12,0.1213914384841919,0.09971751594543457
13,0.1159976821899414,0.0981784110069275
14,0.11043923816680908,0.27189391136169433
15,0.11435147380828857,0.10200378847122192
16,0.11026219205856323,0.10979704236984253
17,0.10380330295562744,0.09556592464447021
18,0.1036227912902832,0.1428668885231018
19,0.10660244750976562,0.09610270071029663
20,0.09690726957321168,0.08747608184814454
21,0.10354661693572997,0.12316842412948609
22,0.0979771948814392,0.08869409370422364
23,0.09944303579330445,0.1323194260597229
24,0.09650962352752686,0.16677394580841065
25,0.09640373039245606,0.09056650352478027
26,0.09111592226028442,0.08540297603607178
27,0.0934905158996582,0.08202344369888305
28,0.0936034197807312,0.13122205638885498
29,0.09068567714691163,0.09806311130523682
30,0.0910911192893982,0.09185232639312745
31,0.08733476648330689,0.10326472043991089
32,0.09053648862838745,0.07932236909866333
33,0.08958014211654663,0.0963714771270752
34,0.08800180892944336,0.09038474607467652
35,0.08730401277542114,0.1438436231613159
36,0.08794894142150879,0.0956172890663147
37,0.08539695739746093,0.09333350706100464
38,0.08521354055404663,0.07745833683013915
39,0.08415945568084716,0.0965589828491211
40,0.0854563720703125,0.08727203178405761
41,0.08186097269058228,0.09792709112167358
42,0.08601013135910034,0.08145912742614746
43,0.08099488143920898,0.07886446189880371
44,0.08203988342285157,0.08167261362075806
45,0.0824725980758667,0.08597951793670654
46,0.08152716283798218,0.09165602350234986
47,0.08020465478897094,0.1032505693435669
48,0.08045012636184692,0.119269202709198
49,0.07882419509887695,0.07666663694381713
50,0.07830670738220215,0.11300250005722046
51,0.07963879346847534,0.07344242429733276
52,0.07755106201171875,0.07975172901153564
53,0.08129551668167115,0.10601035356521607
54,0.07854758682250977,0.07724781703948974
55,0.0753297839164734,0.07683608865737915
56,0.07743284912109374,0.08281491327285767
57,0.07903345546722412,0.07337051773071289
58,0.07657768831253052,0.07960120344161987
59,0.07526143140792847,0.08078255224227905
60,0.07671728706359864,0.07597277069091797
61,0.07484547367095948,0.07247343873977662
62,0.07424146518707275,0.09632092666625977
63,0.07641612968444825,0.11114404153823852
64,0.07443638248443603,0.10499508333206177
65,0.0747922285079956,0.07484048986434937
66,0.0734444519996643,0.07459679222106934
67,0.07272501077651977,0.08513690567016602
68,0.07196745824813842,0.10190467262268066
69,0.0739191177368164,0.07705296230316162
70,0.07260311822891236,0.0741933708190918
71,0.07352179555892945,0.07580427169799804
72,0.06977433795928956,0.07630068492889404
73,0.0725557949066162,0.07155369520187378
74,0.07377169589996338,0.07402505159378052
75,0.06981546268463135,0.07120282173156739
76,0.07032019348144532,0.06873324537277221
77,0.07243308010101318,0.07574329280853272
78,0.07292366456985473,0.07431035804748536
79,0.07164530401229859,0.07444200754165649
80,0.07335003499984741,0.07932714939117431
81,0.07096018714904785,0.06836996269226074
82,0.06828287515640259,0.07240197706222534
83,0.06934712457656861,0.06852428531646729
84,0.0696681887626648,0.09430738258361816
85,0.07075891628265381,0.06764975309371948
86,0.06807990417480468,0.0795561408996582
87,0.0692338137626648,0.07472092390060425
88,0.069234068775177,0.09077909564971924
89,0.07021408081054688,0.08218036890029908
90,0.06947548933029175,0.07271820592880249
91,0.06817988262176514,0.07359314250946045
92,0.06972481288909912,0.08948444318771362
93,0.06880024709701538,0.08039295148849487
94,0.06951934251785279,0.07056689643859863
95,0.06705360021591186,0.07249190044403077
96,0.07018253374099731,0.06968119430541993
97,0.06661184434890748,0.07543659400939941
98,0.06654711637496948,0.2570825634002686
99,0.07386753215789794,0.07534463691711425
100,0.06968225688934326,0.0745971188545227
101,0.06667435283660889,0.07712207555770874
102,0.06517133073806762,0.08018919324874878
103,0.068443044090271,0.08770091009140014
104,0.06776049757003784,0.07319166803359986
105,0.06630763902664184,0.07623253679275513
