epoch,loss,val_loss
0,0.9309657548904419,0.8703633260726928
1,0.8645651818275452,0.8498036780357361
2,0.8475817184448242,0.894372009754181
3,0.8388351396560669,0.8393434352874756
4,0.8331397686004639,0.8319844589233398
5,0.8316015276908875,0.8346592178344726
6,0.8292437007904053,0.8413848114013672
7,0.8259010767936706,0.8489366483688354
8,0.8257436783790588,0.8501109461784363
9,0.8247108396530152,0.8387411212921143
10,0.8231722400665283,0.8866299500465393
11,0.8229391375541687,0.8291804733276367
12,0.8216858985900879,0.826258131980896
13,0.8219639365196229,0.8259160919189453
14,0.8212034206390381,0.8405458993911743
15,0.8205156095504761,0.8290280647277832
16,0.82058515625,0.8218327126502991
17,0.8190741613388062,0.8428978109359742
18,0.8196327593803405,0.832171648979187
19,0.817621932888031,0.8174590425491333
20,0.8179388633728027,0.8186390314102173
21,0.8183972446441651,0.8311692342758179
22,0.8193551822662354,0.8169499835968017
23,0.8176514272689819,0.8134057493209839
24,0.8178439336776734,0.8319122395515441
25,0.8168421765327454,0.8130949335098266
26,0.8172355730056763,0.8270781188011169
27,0.8168489828109741,0.8133233222961426
28,0.8176445825576782,0.8232235441207886
29,0.816449402809143,0.81252668094635
30,0.8162121552467346,0.8241858487129211
31,0.8171889585494995,0.8143145637512207
32,0.816807245349884,0.8132703809738159
33,0.8162287286758423,0.820459267616272
34,0.8163945774078369,0.8387029037475586
35,0.8158673378944397,0.8132953100204467
36,0.8158885897636413,0.8277804307937622
37,0.815954923248291,0.8206627798080445
38,0.8155432976722717,0.823991560459137
39,0.8155386765480042,0.8178866777420044
40,0.8153865980148316,0.8937795085906982
41,0.8170276865005494,0.8260157155990601
42,0.8145743856430053,0.8261585097312927
43,0.8146732681274415,0.816663402557373
44,0.8149335077285766,0.8615868639945984
45,0.8161353925704956,0.8178426027297974
46,0.8141161128997803,0.8260993070602417
47,0.8145680705070496,0.8144222474098206
48,0.8154744104385376,0.8315491323471069
49,0.8152113969802857,0.8116189422607422
50,0.8141679485321045,0.8136775140762329
51,0.8143056473731994,0.8253849878311157
52,0.8137950256347656,0.8159104619026184
53,0.8140777595520019,0.8122791624069214
54,0.8141345554351807,0.824696659564972
55,0.8136850965499878,0.818336124420166
56,0.8141223766326904,0.8222728862762451
57,0.8133718240737915,0.8177919621467591
58,0.8140931140899659,0.814094144821167
59,0.8144163312911987,0.8119462337493897
60,0.8135841857910157,0.8144807262420655
61,0.8129599125862121,0.8172930517196655
62,0.813779071521759,0.8118702964782715
63,0.8128479835510254,0.8195783185958863
64,0.8136356110572815,0.8136078987121582
65,0.8131989768981933,0.8204309949874878
66,0.8134411863327027,0.8191165084838867
67,0.8138130052566528,0.8868657464981079
68,0.8145189782142639,0.8293867831230164
69,0.8133827220916748,0.8203615341186523
