epoch,loss,val_loss
0,0.5640756551742554,0.18353480005264283
1,0.21075684757232666,0.2606278142929077
2,0.13104401483535766,0.0960769681930542
3,0.11182534580230713,0.14857892608642578
4,0.09671140432357789,0.06149366235733032
5,0.08664973831176757,0.08047863721847534
6,0.0820370560646057,0.12223119592666626
7,0.07549794425964355,0.04801017236709595
8,0.07213013000488282,0.12220906162261963
9,0.06416446542739868,0.07209158992767334
10,0.061926891231536864,0.051476494312286375
11,0.05938629741668701,0.1181128306388855
12,0.05722237386703491,0.031024086475372314
13,0.052165361309051514,0.028678418159484863
14,0.048823921298980714,0.049180815696716305
15,0.048621296405792234,0.034583634853363035
16,0.04434664182662964,0.06909073305130005
17,0.04226529960632324,0.05120013570785523
18,0.04176069202423096,0.04042798519134522
19,0.041057827281951904,0.04778219032287598
20,0.038127993392944336,0.023895421504974364
21,0.0344930344581604,0.10386013174057007
22,0.035865267944335935,0.03113100814819336
23,0.03358644742965698,0.08890592241287232
24,0.03530879821777344,0.022545065879821777
25,0.03235655031204224,0.05790447950363159
26,0.03132507066726684,0.044176838397979735
27,0.03156204032897949,0.02386433935165405
28,0.026153477382659912,0.04933045339584351
29,0.028679646110534668,0.018663567066192627
30,0.02840115976333618,0.03434525632858276
31,0.026056834983825685,0.024971236228942872
32,0.026280653858184816,0.059358423709869386
33,0.024789865398406982,0.029026055335998537
34,0.024312055110931395,0.020156935691833498
35,0.024151660537719728,0.0395478081703186
36,0.025267695426940916,0.013445348739624023
37,0.022529685592651366,0.015303698539733887
38,0.023935742950439452,0.014641643524169922
39,0.021710351276397706,0.01587923812866211
40,0.02206007661819458,0.023893081188201905
41,0.022154869174957275,0.044158854484558106
42,0.02437469654083252,0.010835047721862792
43,0.018966292190551758,0.04513034534454346
44,0.0216191162109375,0.012269369125366211
45,0.020033841228485106,0.018056835174560547
46,0.02111777219772339,0.015506332874298095
47,0.020511994552612305,0.023634974479675292
48,0.01985036840438843,0.012690041542053223
49,0.02114146327972412,0.01125131893157959
50,0.018283065605163573,0.016216322898864745
51,0.01768940763473511,0.028940735340118408
52,0.017682206630706788,0.03709119701385498
53,0.020570011043548584,0.01505433988571167
54,0.017886735439300538,0.0109640154838562
55,0.019929333877563477,0.02825110673904419
56,0.01783728895187378,0.008951820850372315
57,0.018967465686798097,0.008949147701263429
58,0.01736394338607788,0.012623895168304443
59,0.01741112766265869,0.009632716178894043
60,0.017256619358062743,0.029862777709960937
61,0.017530845832824708,0.01968744659423828
62,0.015911461639404295,0.011820871353149414
63,0.01849296703338623,0.01207450008392334
64,0.017043221759796143,0.009053143978118896
65,0.016544646644592285,0.011214491367340087
66,0.01766313304901123,0.011310383796691895
67,0.01661815013885498,0.009800714015960693
68,0.014691643905639649,0.008559278011322021
69,0.01635109748840332,0.02157735252380371
70,0.016359263229370116,0.016019506454467772
71,0.015230118942260742,0.023041412830352784
72,0.016125215339660645,0.017871445655822753
73,0.014562111759185791,0.01041197967529297
74,0.014242165279388428,0.008271670818328858
75,0.015635228633880616,0.008781154155731202
76,0.014375592517852783,0.008836872100830078
77,0.015934897899627685,0.03617592096328735
78,0.015185059070587158,0.008408000946044922
79,0.015582375717163087,0.009478795051574706
80,0.013377831840515136,0.007245675086975097
81,0.014785233116149902,0.009672212600708007
82,0.01463980531692505,0.03988415479660034
83,0.012933669090270996,0.008442641735076905
84,0.014054512310028076,0.019628361225128173
85,0.014685319995880127,0.014645591259002685
86,0.013224432849884032,0.019324127674102784
87,0.014385107803344727,0.006277518272399902
88,0.014028542137145996,0.009924723625183105
89,0.013956766891479492,0.008636489868164062
90,0.014073260593414306,0.006452102661132813
91,0.0133767991065979,0.04532472801208496
92,0.01466371021270752,0.01616285753250122
93,0.01376013126373291,0.007171777725219727
94,0.013980327606201172,0.014597524642944336
95,0.013836793518066406,0.00638481855392456
96,0.013393382740020752,0.008234570503234864
97,0.01299735107421875,0.008556994438171386
98,0.013657968902587891,0.02370663547515869
99,0.01381810531616211,0.010429889678955077
100,0.013944382476806641,0.021323107719421388
101,0.012220796871185304,0.011428346157073974
102,0.01399607400894165,0.01730534076690674
103,0.012381109714508056,0.015179363250732422
104,0.014149462509155273,0.00876543664932251
105,0.012334127044677734,0.01305638837814331
106,0.012928541088104248,0.009976425170898438
107,0.011480814266204833,0.010543628692626953
