epoch,loss,val_loss
0,0.5397051526069641,0.520325930595398
1,0.3822641880989075,0.37727989292144776
2,0.3134825295448303,0.24330398893356323
3,0.27807341594696044,0.3035715961456299
4,0.2644746920585632,0.22383571434020996
5,0.2470231490135193,0.19667288160324098
6,0.232248867893219,0.22796102476119995
7,0.22763449172973632,0.20308664608001709
8,0.21768274698257448,0.20554663562774658
9,0.21179953231811524,0.15619189310073853
10,0.20186867656707763,0.15850905847549437
11,0.19775261039733888,0.15774635648727417
12,0.18586560525894166,0.13366779804229736
13,0.18540833129882814,0.15294234228134154
14,0.17532401762008668,0.1213542103767395
15,0.18617228784561157,0.16834226036071778
16,0.16886529588699342,0.13138088512420654
17,0.1676794960975647,0.13547108793258666
18,0.15265290822982788,0.22432534313201904
19,0.14853637189865113,0.1666847643852234
20,0.15649249649047853,0.14078801250457765
21,0.14457286109924317,0.12253101301193238
22,0.14648541402816773,0.11357209873199463
23,0.14362310590744018,0.13645954179763795
24,0.1360801124572754,0.1867637538909912
25,0.1309102813720703,0.0904384765625
26,0.13638615102767945,0.23344808292388916
27,0.1272367561340332,0.38563387393951415
28,0.1294152479171753,0.09135148859024048
29,0.11878263750076294,0.10966937971115112
30,0.11688433647155762,0.1052532286643982
31,0.11792815103530883,0.08841534996032716
32,0.11341589012145996,0.10797803783416748
33,0.11780439920425415,0.08753994464874268
34,0.11052210321426392,0.07924368906021118
35,0.11308691987991333,0.09165887451171875
36,0.10798308706283569,0.08659716701507568
37,0.10476648788452149,0.08136973905563355
38,0.10565564994812011,0.08820617532730103
39,0.10293249216079713,0.12353073406219482
40,0.10026482143402099,0.10285705280303956
41,0.10590164546966553,0.07259677791595459
42,0.10115104398727418,0.09824573183059693
43,0.0982539921760559,0.19516457414627075
44,0.10190526571273804,0.09087424182891846
45,0.09751988143920898,0.1565914387702942
46,0.09354322519302369,0.07055052185058594
47,0.09423918104171752,0.07836987733840943
48,0.09221997337341309,0.14681409215927124
49,0.09518696594238281,0.11431094360351562
50,0.09611882629394532,0.0813998384475708
51,0.08926932611465455,0.08162819385528565
52,0.09071352052688599,0.10114469289779664
53,0.08390977191925049,0.11681897354125977
54,0.08837714023590088,0.0761614875793457
55,0.0860054988861084,0.13200114631652832
56,0.0863244107246399,0.07015356492996216
57,0.08534051189422608,0.1273329939842224
58,0.08633034992218018,0.08598955535888672
59,0.08513805599212647,0.12519629907608032
60,0.08206976737976074,0.1470890679359436
61,0.08209090404510498,0.13223903226852418
62,0.08321825046539306,0.08349814128875732
63,0.08139408674240112,0.07993725967407227
64,0.08078665256500245,0.08964997863769532
65,0.08088472709655761,0.12837704467773436
66,0.08015721988677979,0.09134099054336547
67,0.07773909130096436,0.07165495586395264
68,0.07794101524353027,0.08559144115447997
69,0.07949783716201782,0.08808734130859375
70,0.0772029333114624,0.08396189928054809
71,0.07808108310699463,0.08131971597671508
72,0.07832398853302001,0.06394679594039918
73,0.07374336547851562,0.11877147722244262
74,0.07780845546722412,0.1084300537109375
75,0.07529492635726928,0.08655370569229126
76,0.07473227214813233,0.11164519643783569
77,0.07606977100372314,0.0604811282157898
78,0.07304614572525024,0.08357397317886353
79,0.07476049880981445,0.08727212333679199
80,0.07454205570220947,0.1414834876060486
81,0.07311776723861695,0.07255285787582398
82,0.07439492712020875,0.14302452659606935
83,0.07167816066741943,0.07041969442367554
84,0.07225516748428344,0.07106933879852295
85,0.07086718912124634,0.09240638542175293
86,0.07264160394668578,0.13147401475906373
87,0.06981685152053833,0.06440764665603638
88,0.07023100090026856,0.08788345813751221
89,0.07291517086029052,0.0601042275428772
90,0.07113054037094116,0.06962648296356201
91,0.06986124143600464,0.10963376712799072
92,0.06997258901596069,0.14764875268936156
93,0.07119159765243531,0.07504830837249755
94,0.06988753204345703,0.06817016410827637
95,0.06740567054748535,0.07305168342590332
96,0.06973669757843018,0.07936404323577881
97,0.0677953950881958,0.08896998834609986
98,0.06853180494308472,0.06351946115493774
99,0.06705132503509521,0.07402129411697388
100,0.06744547748565674,0.07686064577102661
101,0.06829004535675048,0.06622518157958984
102,0.06557761583328248,0.07554563522338867
103,0.06888347043991089,0.0881112003326416
104,0.06626348524093628,0.06813535594940186
105,0.06575280132293701,0.10673874950408936
106,0.06530730504989624,0.08635469627380371
107,0.06581634464263916,0.05961556100845337
108,0.06456885070800782,0.0705670461654663
109,0.0658916669845581,0.07001816844940185
110,0.06550881423950196,0.08585366344451904
111,0.06352777481079101,0.11359192180633546
112,0.06644390573501587,0.09951968383789063
113,0.06435181627273559,0.06979906463623047
114,0.06537306280136108,0.06183460998535156
115,0.0632864260673523,0.08071237373352051
116,0.06566676034927368,0.12218115758895874
117,0.06405136651992797,0.06937225580215454
118,0.06356614446640015,0.094536199092865
119,0.06430528450012207,0.06143615055084228
120,0.06349003038406371,0.07322289180755616
121,0.0647925121307373,0.06631297206878663
122,0.06412745027542115,0.06934171915054321
123,0.06136954202651978,0.07249387884140014
124,0.06227335157394409,0.07321006155014038
125,0.061947562026977536,0.0762259373664856
126,0.06019918327331543,0.06501193618774415
127,0.062012261104583744,0.06116552972793579
