epoch,loss,val_loss
0,0.6203906235694885,0.4517125287055969
1,0.3832206132888794,0.26417725992202756
2,0.269912588596344,0.2589583401679993
3,0.22407267961502075,0.18899291324615478
4,0.20464019708633424,0.16352380561828614
5,0.18621229524612426,0.1348640923500061
6,0.18376955032348632,0.2242289538383484
7,0.16859306383132935,0.12821579694747925
8,0.16089200601577758,0.1432462191581726
9,0.15623938808441162,0.26961196804046633
10,0.14903893461227416,0.20256141233444214
11,0.14728735265731813,0.13968374681472778
12,0.1352141944885254,0.19890650987625122
13,0.13510739793777465,0.14734721755981445
14,0.131529376411438,0.1217377758026123
15,0.12909326543807984,0.10348193311691284
16,0.12615085105895996,0.12093119049072265
17,0.11608727598190308,0.09487496137619018
18,0.11608796339035034,0.11534191751480102
19,0.11195363330841064,0.15046402025222777
20,0.11236026821136474,0.08501846885681152
21,0.1070705509185791,0.08385233306884765
22,0.10463652811050415,0.10123434114456177
23,0.10420185508728028,0.21724750137329102
24,0.10375800323486328,0.6532016868591308
25,0.1426570393562317,0.1129397578239441
26,0.12824063358306884,0.09163802194595337
27,0.11893151178359986,0.19040363836288451
28,0.110708424949646,0.10342927598953247
29,0.09845586624145508,0.10818612146377564
30,0.09285409479141235,0.07960035276412963
31,0.09360493326187133,0.07417301225662232
32,0.09094558534622192,0.08419152355194091
33,0.0872385464668274,0.10439302825927735
34,0.09024698505401611,0.07346758508682251
35,0.09016712741851807,0.08328042554855347
36,0.08927329692840576,0.12086461067199707
37,0.08890592613220215,0.08029746532440185
38,0.08244700536727906,0.11067040157318116
39,0.08206478271484376,0.09008915996551514
40,0.08814875955581665,0.10808928108215332
41,0.08610993099212647,0.06859968090057374
42,0.08132667655944824,0.0769678168296814
43,0.08055220584869385,0.06859391117095948
44,0.07872921257019043,0.0723596749305725
45,0.07942795753479004,0.06901773548126221
46,0.08069941425323486,0.0704760775566101
47,0.07926742610931396,0.08733467769622803
48,0.07670701370239258,0.07695386409759522
49,0.07635733861923218,0.1076193766593933
50,0.07737273712158203,0.06966067743301392
51,0.07561335039138795,0.07657256031036377
52,0.07358238267898559,0.08165108346939087
53,0.07364461870193481,0.0698897705078125
54,0.07270134601593017,0.07401015520095826
55,0.071809969997406,0.06675914001464844
56,0.07248917627334595,0.0992095012664795
57,0.07044429197311401,0.08073938465118408
58,0.0712516803741455,0.06773601865768433
59,0.07022007389068603,0.0752210431098938
60,0.06875924129486084,0.1156503963470459
61,0.07041663122177123,0.06491712713241578
62,0.06807862787246705,0.06514515447616577
63,0.06879513263702393,0.09063475227355958
64,0.06896061506271363,0.09578294277191163
65,0.0670005145072937,0.06437260103225707
66,0.06542929401397705,0.06946394920349121
67,0.0675573133468628,0.06577711296081543
68,0.06624739179611205,0.07344612836837769
69,0.06405368843078613,0.07855489635467529
70,0.06624546108245849,0.06723806858062745
71,0.0658907389640808,0.10917129755020141
72,0.06591514444351196,0.059678088188171385
73,0.06709535112380982,0.05846031713485718
74,0.06216338224411011,0.06663845348358154
75,0.06363483018875123,0.06083080816268921
76,0.06331827001571655,0.07129874277114868
77,0.062293572902679444,0.07334019327163696
78,0.061527275657653806,0.055968023777008054
79,0.06173251819610596,0.07335012578964234
80,0.06061582174301147,0.06132740831375122
81,0.06233910417556763,0.07787451601028442
82,0.06162113618850708,0.06886358404159545
83,0.0605902045249939,0.06851736307144166
84,0.06174598741531372,0.12482027292251587
85,0.06029128646850586,0.07217565250396729
86,0.057465891456604,0.07565351200103759
87,0.06072860527038574,0.05846628522872925
88,0.05899663419723511,0.06076413488388061
89,0.058399470710754395,0.25448774242401123
90,0.06271181621551514,0.10800264549255371
91,0.05706404619216919,0.06197845792770386
92,0.05767470617294312,0.08290668106079102
93,0.05788757562637329,0.09469634246826172
94,0.05733389663696289,0.06171529865264892
