epoch,loss,val_loss
0,0.6993009057998657,0.4942294082641602
1,0.39739690170288083,0.4064240527153015
2,0.2451403664588928,0.2175361108779907
3,0.18786650533676147,0.23386813259124756
4,0.16054900951385498,0.18909108304977418
5,0.1490252341270447,0.1979323945045471
6,0.13540893487930297,0.12747146558761596
7,0.12818354978561403,0.11033953809738159
8,0.11875286321640015,0.1573330602645874
9,0.11496998863220215,0.08221639204025269
10,0.10430495691299438,0.13341355228424073
11,0.10111824369430542,0.08684325313568116
12,0.09990816221237182,0.10376733112335206
13,0.09467610120773315,0.07792775011062622
14,0.09129439744949341,0.07031351709365845
15,0.08825918397903443,0.06737566757202149
16,0.08413340311050416,0.06671943092346191
17,0.08396587924957276,0.06369786977767944
18,0.08109028186798095,0.07335378837585449
19,0.08011812486648559,0.06846170234680175
20,0.07691014251708984,0.12724109411239623
21,0.07923357610702515,0.1268785252571106
22,0.07562441205978393,0.10939712524414062
23,0.07327255220413208,0.0896823616027832
24,0.0718250072479248,0.06121376609802246
25,0.07201672525405883,0.06557857036590577
26,0.06887298231124878,0.05568019390106201
27,0.07041782512664795,0.07149757719039918
28,0.06797860774993897,0.16307984828948974
29,0.067854736328125,0.06260744857788086
30,0.06535871152877808,0.060039598941802975
31,0.06418746089935302,0.06649070262908935
32,0.06352055978775024,0.18121465969085693
33,0.06554778718948365,0.05353718519210816
34,0.06521205444335937,0.08557183933258057
35,0.06092679395675659,0.053332672595977786
36,0.06197128553390503,0.07085680198669433
37,0.05990394477844238,0.05495647001266479
38,0.05956472072601318,0.12960068321228027
39,0.058738528537750245,0.06936254119873046
40,0.06041512727737427,0.14990069818496704
41,0.061391937828063965,0.05433483839035034
42,0.05763923511505127,0.06075218057632446
43,0.05798859186172485,0.0514192271232605
44,0.05681355152130127,0.06012684965133667
45,0.05723786640167236,0.07261973142623901
46,0.05569757785797119,0.05414167499542236
47,0.05751665515899658,0.05363082599639893
48,0.05551528482437134,0.06484496879577636
49,0.055743761348724365,0.04914915990829468
50,0.05484790849685669,0.06275231552124023
51,0.05465651645660401,0.058310853004455564
52,0.05484376573562622,0.06677987813949585
53,0.054860619926452636,0.05163956499099732
54,0.05348085412979126,0.060781900882720945
55,0.0535830156326294,0.05414718103408814
56,0.05551118078231811,0.06625221252441406
57,0.05373348979949951,0.09251127147674561
58,0.051939638710021975,0.05275045919418335
59,0.05238425283432007,0.050418468952178955
60,0.051230644702911374,0.05395812034606934
61,0.05316309471130371,0.07036409044265747
62,0.05324638080596924,0.05096830320358276
63,0.0504165810585022,0.055335644721984864
64,0.051502403736114505,0.04890945672988892
65,0.05221244583129883,0.05508299970626831
66,0.050655140018463135,0.07499147462844849
67,0.05133443651199341,0.05482405185699463
68,0.05202480907440186,0.04782305097579956
69,0.05080563726425171,0.05355268907546997
70,0.05033515281677246,0.06212182188034058
71,0.04881965913772583,0.08452653503417969
72,0.048959534645080564,0.06403556728363037
73,0.049917604541778564,0.052589656829833985
74,0.05150797424316406,0.060200077056884765
75,0.049603522872924806,0.06563281154632568
76,0.050348500442504884,0.04850041818618774
77,0.047937306213378904,0.057494847297668454
78,0.04755728015899658,0.04809236192703247
79,0.049242917823791504,0.059983109951019284
80,0.05078753890991211,0.07033118057250977
81,0.04899576349258423,0.05128228807449341
82,0.047693645191192624,0.04647315883636475
83,0.04725015516281128,0.06345659732818604
84,0.04998158588409424,0.04859056615829468
85,0.048492045974731446,0.08032393646240234
86,0.04837811727523804,0.04852808570861816
87,0.04637789316177368,0.048300098419189454
88,0.047116765308380125,0.047192169666290286
89,0.04632296838760376,0.04992307567596436
90,0.04767794589996338,0.04922905158996582
91,0.04664745512008667,0.08400798273086547
92,0.048177993679046634,0.054127808094024656
93,0.04740545721054077,0.19521625757217406
94,0.04908343620300293,0.05095415735244751
95,0.04722584037780762,0.04597602128982544
96,0.04572979965209961,0.05304824256896973
97,0.04762069091796875,0.04651697635650635
98,0.045520472526550296,0.059598865032196045
99,0.04521022472381592,0.07105445146560668
100,0.04736782398223877,0.048473583698272704
101,0.046473548603057864,0.04916741466522217
102,0.04631027173995972,0.10031147003173828
103,0.04754742774963379,0.047387292861938476
104,0.04591946439743042,0.058769862651824954
105,0.046391709232330325,0.05594795179367065
106,0.04530167407989502,0.0474969220161438
107,0.04576515130996704,0.048467307090759276
108,0.04601652669906616,0.047921236515045165
109,0.04625690393447876,0.04612821626663208
110,0.04543148641586304,0.053722687721252445
111,0.04381121492385864,0.05706982707977295
