epoch,loss,val_loss
0,0.686062060546875,0.2787585558891296
1,0.27996691427230835,0.10929789590835572
2,0.14011218194961547,0.10088702583312989
3,0.10201578645706177,0.04882594347000122
4,0.07911815633773804,0.04446281528472901
5,0.06630125274658204,0.03884307622909546
6,0.056936946201324466,0.09016635179519654
7,0.05295581550598145,0.048666293621063235
8,0.046327158737182614,0.03258653497695923
9,0.042568025493621826,0.04195100402832031
10,0.04335586977005005,0.026249762058258058
11,0.03663542919158935,0.02360161066055298
12,0.03569426441192627,0.06849764680862427
13,0.03345291709899902,0.047973308563232425
14,0.028410723304748534,0.028555145263671877
15,0.030632139492034912,0.01517699670791626
16,0.02674862985610962,0.024067879676818848
17,0.027197094345092772,0.02276978349685669
18,0.02483997230529785,0.014028473377227783
19,0.024295855808258056,0.08760816049575805
20,0.026296331024169922,0.0329464693069458
21,0.022116818141937257,0.01573352289199829
22,0.020376339054107667,0.016344654083251954
23,0.022652405071258545,0.10871335506439209
24,0.021258350372314452,0.012640164375305176
25,0.017104446601867676,0.01041066551208496
26,0.021954962348937988,0.015948291301727296
27,0.017910067844390868,0.010468989849090575
28,0.01641447105407715,0.010230284214019775
29,0.018562813472747804,0.044921299934387204
30,0.01912839241027832,0.020345152378082276
31,0.015494796276092529,0.04348505401611328
32,0.01613798112869263,0.009555367946624756
33,0.01663648910522461,0.009021053791046143
34,0.01676780481338501,0.008454680442810059
35,0.015154169082641602,0.0125409836769104
36,0.0158227520942688,0.009632141590118408
37,0.015192577362060547,0.012967352867126464
38,0.01436408576965332,0.011277744770050049
39,0.015566544723510743,0.01904541254043579
40,0.015735943984985352,0.007063188076019287
41,0.013087704467773437,0.07713129568099976
42,0.015517716884613036,0.014100462913513183
43,0.012422544765472412,0.0066573843955993655
44,0.011230471038818359,0.007923045635223388
45,0.012509908294677734,0.018016308307647704
46,0.013407605457305908,0.009321886539459229
47,0.012766665744781493,0.008596303939819337
48,0.010623654365539551,0.04476101493835449
49,0.013258006954193114,0.015211664199829101
50,0.011963445091247558,0.0056281938552856445
51,0.011743033218383788,0.014615123271942138
52,0.009608619022369385,0.007786143779754639
53,0.011267762947082519,0.007481738090515137
54,0.010971828174591065,0.005045636653900147
55,0.011471482563018798,0.03494578266143799
56,0.010731824588775635,0.004825052261352539
57,0.010747408771514892,0.021986615180969237
58,0.007546146392822265,0.015918333053588866
59,0.011521993923187255,0.01023785400390625
60,0.0076888182640075685,0.05717772102355957
61,0.011811513137817383,0.005716110706329346
62,0.008552015209197999,0.0056055493354797365
63,0.010567832565307618,0.006955792903900146
64,0.009467047786712646,0.005759958744049072
65,0.007660370254516602,0.004247404098510742
66,0.010537086200714111,0.00428391981124878
67,0.009379186820983886,0.004266952037811279
68,0.008213522148132325,0.010065357685089111
69,0.010097331523895263,0.004085381984710693
70,0.007972424697875976,0.009160902500152588
71,0.00896753625869751,0.0820185489654541
72,0.010727910709381103,0.003945936679840088
73,0.00777529525756836,0.004611747741699219
74,0.00844612054824829,0.011574254989624024
75,0.007719557571411133,0.006213042259216308
76,0.009628842067718506,0.007215331077575684
77,0.006981442356109619,0.0038857083320617677
78,0.009144681644439698,0.00670530366897583
79,0.006356447410583496,0.006804608821868897
80,0.007789255905151367,0.004740647792816162
81,0.008017041015625,0.0061496262550354
82,0.0070642165184021,0.004420429706573486
83,0.006625320339202881,0.00774845027923584
84,0.007172442150115967,0.005838859558105469
85,0.00599730920791626,0.04908365154266357
86,0.009017202281951905,0.007110858917236328
87,0.00646871337890625,0.005681136131286621
88,0.006971159076690674,0.004930784225463867
89,0.007170215606689453,0.00599196195602417
90,0.00938260841369629,0.0034563584327697754
91,0.0073787492752075195,0.006095326900482177
92,0.004867743682861328,0.0035005340576171875
93,0.006944269180297852,0.009892316818237304
94,0.006552436923980713,0.003204455852508545
95,0.005919912910461426,0.00870725440979004
96,0.005662281513214112,0.004325981616973877
97,0.007593782138824463,0.00400445556640625
98,0.004340023040771484,0.0052861905097961424
99,0.005820225524902344,0.0032644433975219725
100,0.008212905788421631,0.0033233909606933594
101,0.004864941501617432,0.002774044990539551
102,0.007477184677124023,0.0029795503616333006
103,0.0053775803565979,0.003512078285217285
104,0.005972330284118653,0.013588895320892334
105,0.00699819974899292,0.0133231782913208
106,0.006803664112091065,0.005006576538085937
107,0.006478224658966064,0.010447968006134033
108,0.004481608676910401,0.0025113673210144043
109,0.008001324844360351,0.0049305143356323244
110,0.005587754058837891,0.004481037139892578
111,0.005043942737579346,0.003335470199584961
112,0.005644115352630616,0.00471156120300293
113,0.0066820375442504885,0.008969657897949219
114,0.004616934013366699,0.012256724834442139
115,0.005028058528900146,0.008974714756011963
116,0.0042278114318847655,0.06359405326843262
117,0.0061964186668396,0.0030839667320251463
118,0.00492191743850708,0.03063337516784668
119,0.005974692058563233,0.0033794417381286623
120,0.005580037593841553,0.0034384894371032714
121,0.004855927848815918,0.04703405332565307
122,0.006089347839355469,0.0023734736442565917
123,0.003842395782470703,0.002138507843017578
124,0.005681140518188477,0.002061069965362549
125,0.005427500247955322,0.002129732608795166
126,0.0038615589141845702,0.002830151557922363
127,0.005258809852600098,0.003846747875213623
128,0.004422129440307617,0.002383291244506836
129,0.005718908596038818,0.008382968425750733
130,0.005267536735534668,0.0021568326950073243
131,0.004590514659881592,0.001994230270385742
132,0.005428552436828613,0.004616824626922608
133,0.004979502105712891,0.004417591571807862
134,0.0049823862075805666,0.005200574398040772
135,0.00433974084854126,0.0031744065284729003
136,0.002148808002471924,0.0029511618614196777
137,0.006196156597137451,0.005083281040191651
138,0.004246793651580811,0.008141402244567872
139,0.005847886657714844,0.0021530661582946776
140,0.003376544952392578,0.0030190181732177735
141,0.004818167972564697,0.001930387020111084
142,0.0027859081268310545,0.0028138127326965334
143,0.005304043102264404,0.003362284183502197
144,0.0024262325286865233,0.004619169712066651
145,0.005849081039428711,0.0027085261344909667
146,0.0032599746704101563,0.0018652811050415038
147,0.004990079307556152,0.003026567459106445
148,0.0038363142967224122,0.030917752265930177
149,0.004076986694335937,0.003536937713623047
150,0.004275554847717285,0.0059863200187683105
151,0.005586519336700439,0.002481684684753418
152,0.004411103916168213,0.009866827487945557
153,0.0037377949714660643,0.0022474732398986815
154,0.0045427812576293945,0.003168623447418213
155,0.00452650089263916,0.006328330993652344
156,0.003620139980316162,0.001716158390045166
157,0.0048129319190979005,0.011643054962158204
158,0.004206375217437744,0.004529688358306885
159,0.003616874885559082,0.0016788654327392577
160,0.0038433302879333497,0.0017689037322998046
161,0.0037840607643127443,0.018567822456359864
162,0.0041647405624389644,0.00905406904220581
163,0.0030301816940307615,0.01136884307861328
164,0.0046424507141113285,0.003105116367340088
165,0.004797426128387451,0.002723430633544922
166,0.003763918209075928,0.0017845211029052733
167,0.0030015518188476562,0.006931631088256836
168,0.004450522136688232,0.0029761996269226073
169,0.003394922065734863,0.015546302318572998
170,0.0024044315338134768,0.005802266597747803
171,0.004510849857330322,0.002236311435699463
172,0.0032328564643859864,0.0035678462982177733
173,0.00405569019317627,0.05677557802200318
174,0.004505620288848877,0.0021344356536865234
175,0.003649056529998779,0.011016595840454101
176,0.004209781551361084,0.002030519485473633
177,0.0030404150009155275,0.004631961345672607
178,0.003554430294036865,0.0018074951171875
179,0.003702198600769043,0.001527209758758545
180,0.0028425724029541018,0.0015476155281066895
181,0.0049268346786499025,0.00234501314163208
182,0.002482950210571289,0.0015883784294128418
183,0.004221134185791016,0.0021000585556030273
184,0.004039084053039551,0.0012651877403259278
185,0.0024846781730651856,0.001379157543182373
186,0.004161093044281006,0.011087029933929444
187,0.0028579251289367674,0.0027504305839538574
188,0.003458193016052246,0.0012738485336303712
189,0.00203956298828125,0.005845382690429688
190,0.0029302963256835936,0.0025942583084106446
191,0.0038511878967285155,0.0027023792266845704
192,0.0021722121238708495,0.0015223636627197266
193,0.003189823913574219,0.0013788795471191405
194,0.002583561325073242,0.012613319873809814
195,0.00356549129486084,0.0011805949211120606
196,0.003605523204803467,0.0011479959487915039
197,0.0018297872543334961,0.00198590087890625
198,0.003131382942199707,0.001309422492980957
199,0.0033774007797241212,0.0023717455863952637
200,0.003371551513671875,0.0020989437103271485
201,0.0035419569969177248,0.0027598066329956056
202,0.002801420783996582,0.002621164798736572
203,0.0036621148109436037,0.008997320652008057
204,0.0033429481506347656,0.002973516941070557
205,0.002011917209625244,0.0027031302452087402
206,0.003640715980529785,0.002874298095703125
207,0.0026373944282531737,0.001266930103302002
208,0.0030143973350524903,0.0010731534957885741
209,0.002461247634887695,0.002136312007904053
210,0.00289049129486084,0.0009707579612731934
211,0.0023536364555358886,0.0024941964149475097
212,0.003347614002227783,0.0018277859687805176
213,0.001836649227142334,0.003623883247375488
214,0.003673411750793457,0.0011483526229858398
215,0.003041864204406738,0.0010679440498352051
216,0.0017820455551147462,0.0009304451942443848
217,0.00332552433013916,0.009555583477020263
218,0.0023603792190551756,0.0010135002136230468
219,0.0034732247352600096,0.0009503288269042968
220,0.0023991168022155763,0.01642009973526001
221,0.003523802471160889,0.0009864163398742676
222,0.0012889303207397462,0.0017861981391906739
223,0.0025511978149414063,0.02430578851699829
224,0.003653539752960205,0.00111497163772583
225,0.0030254481315612793,0.0008778252601623535
226,0.0024755345344543455,0.006898414611816406
227,0.003859472370147705,0.0019426026344299316
228,0.0018990469932556153,0.0014244956970214844
229,0.0036311387062072753,0.001960956573486328
230,0.002200214958190918,0.0017184343338012696
231,0.002260359287261963,0.0009770426750183106
232,0.0027722863197326662,0.011313110828399657
233,0.001859278106689453,0.0013944950103759765
234,0.003181403923034668,0.012231551647186279
235,0.0030755002975463865,0.0008310213088989258
236,0.0016270954132080078,0.0013737220764160156
237,0.002315223217010498,0.002473611831665039
238,0.002535523223876953,0.003480154037475586
239,0.0037094493865966797,0.0008539400100708008
240,0.0018164918899536133,0.0013667855262756348
241,0.0020429655075073242,0.004962026596069336
242,0.0026678019523620603,0.007973886966705323
243,0.0038957262992858886,0.0010944242477416992
244,0.0016964204788208008,0.004646633625030518
245,0.002419107437133789,0.002273709774017334
246,0.0028084044456481933,0.001083299160003662
247,0.001654918098449707,0.023774510383605958
248,0.0033875978469848633,0.0032907800674438475
249,0.002236414337158203,0.0008369078636169434
250,0.0010595577239990235,0.001185929298400879
251,0.0028632386207580567,0.005143599987030029
252,0.001672193431854248,0.0029377923011779787
253,0.002502336311340332,0.0008027563095092773
254,0.0020445618629455565,0.0015215349197387695
255,0.0018704651832580567,0.0013114204406738281
256,0.0024486328125,0.0017453293800354004
257,0.002451297378540039,0.0019281821250915526
258,0.002523303413391113,0.0017644519805908203
259,0.0025389220237731934,0.0038238825798034668
260,0.002327750205993652,0.0010670962333679198
261,0.0015896187782287598,0.0027312078475952148
262,0.0020127930641174316,0.003530188083648682
263,0.0031614354133605955,0.0007109341621398925
264,0.001314696979522705,0.014902565479278564
265,0.0027441268920898438,0.008842160701751709
266,0.0038364038467407226,0.0007486381530761719
267,0.0018753686904907226,0.0012645444869995117
268,0.002450871467590332,0.001964022159576416
269,0.0019581459045410156,0.0012061524391174317
270,0.0018941313743591308,0.003429931163787842
271,0.0030749189376831055,0.0007341222763061524
272,0.00171686429977417,0.0008401579856872559
273,0.0018181753158569335,0.0016881227493286133
274,0.002597784423828125,0.0008430614471435547
275,0.0018837409019470215,0.0007981939315795898
276,0.0012257802963256835,0.005953742027282715
277,0.002595835113525391,0.000684314250946045
278,0.0019093474388122559,0.0015872249603271485
279,0.002119665431976318,0.0029013853073120116
280,0.0020133857727050782,0.0016949043273925782
281,0.0019758933067321777,0.0006241278648376465
282,0.0011869149208068848,0.002520613670349121
283,0.002337052059173584,0.007227214336395263
284,0.0024757472038269045,0.00662176513671875
285,0.0026714725494384767,0.0007699513435363769
286,0.0017433850288391113,0.0006661396026611329
287,0.001973891544342041,0.000790557861328125
288,0.0015218483924865722,0.001047779083251953
289,0.002817989158630371,0.0014630069732666016
290,0.0014156920433044434,0.0037063446044921875
291,0.0021291382789611814,0.0014712200164794921
292,0.0025426304817199705,0.0006997652053833007
293,0.0011961456298828126,0.0016792750358581544
294,0.0022499140739440917,0.0027239513397216797
295,0.0012491215705871582,0.005672791957855225
296,0.0029787672996521,0.0010230245590209961
297,0.0018457439422607423,0.0021632823944091797
298,0.0012378929138183593,0.0007264852523803711
299,0.002144105625152588,0.000842212200164795
300,0.002196165084838867,0.001610659122467041
301,0.001131744384765625,0.0016778922080993653
