epoch,loss,val_loss
0,0.8127365125656127,0.8532022933959961
1,0.7039197107315064,0.696643208026886
2,0.6516442918777465,0.6235800175666809
3,0.5979123378753662,0.7241626968383789
4,0.5775018939971924,0.6093899068832398
5,0.5626712186813354,0.5585337901115417
6,0.5500170002937317,0.5823455185890197
7,0.5407318441390991,0.6305838212966919
8,0.5316005728721619,0.5170125093460083
9,0.5250027156829834,0.5239571208953857
10,0.5198598658561706,0.5080561656951904
11,0.517272068977356,0.5363364090919495
12,0.5098607029914856,0.5620519247055054
13,0.5057261296272277,0.49376314878463745
14,0.49856641054153444,0.49875301170349123
15,0.4962477462768555,0.5351593246459961
16,0.49247689504623415,0.5100154881477356
17,0.48785862188339235,0.4797053418159485
18,0.48032752494812014,0.4933684539794922
19,0.47887132024765017,0.4864078154563904
20,0.4748966100692749,0.4973721823692322
21,0.4717063363075256,0.47774983644485475
22,0.46721595115661624,0.6940091562271118
23,0.46572259397506716,0.5504411458969116
24,0.46061188049316404,0.5024849557876587
25,0.45658265924453734,0.456841067314148
26,0.4533481900215149,0.4406572585105896
27,0.4507841398239136,0.5118093175888061
28,0.4517808617591858,0.4854680018424988
29,0.4483273482322693,0.5497025213241578
30,0.4464908787727356,0.4545520939826965
31,0.44172816762924194,0.4788075189590454
32,0.44108397455215453,0.4341509108543396
33,0.43703975648880006,0.46703008508682253
34,0.4385469382286072,0.4879347620010376
35,0.435046151638031,0.46875609970092774
36,0.43477114086151125,0.6642001752853394
37,0.43642007541656497,0.4402620830535889
38,0.4316558455467224,0.48190248918533324
39,0.4315555594444275,0.42755209589004517
40,0.42918045978546143,0.46535779333114624
41,0.43083442192077637,0.45445210790634155
42,0.4300203387260437,0.5243996429443359
43,0.4293716111183167,0.4507439932823181
44,0.42629547357559205,0.49346085357666014
45,0.4259301465988159,0.4444658050537109
46,0.4225887888908386,0.445948540687561
47,0.4246048234939575,0.5894226212501525
48,0.4238360478401184,0.4747710061073303
49,0.42155917139053345,0.42626475620269777
50,0.42354247465133665,0.5955894927978516
51,0.425019446849823,0.4158304796218872
52,0.4194740051269531,0.4276199049949646
53,0.42058736400604246,0.44829725646972657
54,0.41956501197814944,0.4422758264541626
55,0.4193896152496338,0.4527905049324036
56,0.417201869392395,0.415325448513031
57,0.4169373623847961,0.46368955326080324
58,0.42007468185424807,0.42143156719207764
59,0.4168850280761719,0.5117992439270019
60,0.41675864000320434,0.461365336894989
61,0.41694198207855226,0.4630984582901001
62,0.41688656215667724,0.4137056803703308
63,0.4158809503555298,0.4208898181915283
64,0.4144595006942749,0.4373733983039856
65,0.41486849727630615,0.5041153182983399
66,0.4172171094894409,0.44598375701904297
67,0.4155023142814636,0.4217195324897766
68,0.4130316522598267,0.4586327991485596
69,0.41316568603515624,0.4404889130592346
70,0.41340686435699464,0.47240620565414426
71,0.41191300086975097,0.43059587907791136
72,0.413501739692688,0.4145098781585693
73,0.4112921330451965,0.4702513065338135
74,0.4133691558837891,0.49013844537734985
75,0.41247731170654295,0.42323755359649656
76,0.4115378838539124,0.41446178579330445
77,0.4116658727645874,0.41437981939315793
78,0.4107434254646301,0.41732259607315064
79,0.4112498013496399,0.4173798613548279
80,0.41168426418304443,0.5072886037826538
81,0.40822771129608154,0.47865785789489745
82,0.4111033178329468,0.4643162970542908
