epoch,loss,val_loss
0,0.9715351086616516,0.9576676678657532
1,0.925688718509674,0.9546336154937745
2,0.9046827373504639,0.9026129031181336
3,0.8951861693382264,0.9084733881950379
4,0.8944345638275146,0.9263513507843018
5,0.8930517875671387,0.9093576707839965
6,0.8908706609725953,0.9005459728240967
7,0.8914026940345764,0.9163321628570557
8,0.8890806571960449,0.9014559569358825
9,0.8880537885665893,0.8938513994216919
10,0.8886359232902526,0.9138053402900695
11,0.8881898244857788,0.8955257515907288
12,0.8875285744667053,0.8957138657569885
13,0.8871095810890198,0.9129916634559632
14,0.885677594280243,0.898494559764862
15,0.8861676818847656,0.8929794564247131
16,0.885575894165039,0.8929729948043823
17,0.8862887454986572,0.9086194515228272
18,0.8864638224601745,0.896513521194458
19,0.8842839618682862,0.8927694487571717
20,0.8839687664031982,0.8935151443481445
21,0.8852467189788819,0.8928099088668823
22,0.884867991065979,0.8964078102111817
23,0.8845705477714538,0.8923126096725464
24,0.8838774539947509,0.8925202474594116
25,0.8840884533882141,0.8918874282836914
26,0.8829495645523071,0.9376006708145141
27,0.8836148087501526,0.8937490310668945
28,0.8834486166000366,0.894252571105957
29,0.8825497276306152,0.8925250420570373
30,0.8817571849822998,0.8930597505569458
31,0.8830424432754517,0.8932402129173279
32,0.8831463768959046,0.8920386023521424
33,0.8842568577766419,0.9588305368423462
34,0.8843138779640197,0.8950288281440735
35,0.8837350393295288,0.8945650963783264
