epoch,loss,val_loss
0,0.5667315314292908,0.37631660413742063
1,0.39297062349319456,0.34885086488723754
2,0.32761219835281374,0.30237669849395754
3,0.29205199089050293,0.2456882381439209
4,0.26616655206680295,0.21377416801452637
5,0.25381864948272703,0.21053401470184327
6,0.24642078609466553,0.18773672580718995
7,0.23710564708709717,0.192111692905426
8,0.22764522390365602,0.2552871975898743
9,0.21975664386749266,0.2616033368110657
10,0.21460233783721924,0.1636389842033386
11,0.20865878105163574,0.18841124391555786
12,0.1921942660331726,0.32298750400543214
13,0.19582386407852173,0.15624862623214722
14,0.18767085494995117,0.14636700201034547
15,0.17654209575653076,0.21428083753585817
16,0.17785142955780028,0.15819775772094727
17,0.1703734086036682,0.308120879650116
18,0.1646165125846863,0.12273638296127319
19,0.16301915397644043,0.13159677267074585
20,0.15342050752639771,0.19257357025146485
21,0.15236655406951904,0.2598408608436584
22,0.1461356499671936,0.10041607713699341
23,0.1426551089286804,0.11498252630233764
24,0.14453377523422242,0.21290053701400757
25,0.1356280590057373,0.13619607496261596
26,0.13308213062286378,0.14143357372283935
27,0.13001251478195192,0.14294733142852784
28,0.12839471063613891,0.11008021068572998
29,0.12363801755905152,0.23200466537475586
30,0.11993354845046997,0.09894649267196655
31,0.12120357074737549,0.10456670999526978
32,0.11455570478439331,0.13062014389038085
33,0.1166794448852539,0.18283822870254515
34,0.11167092056274414,0.1909636974334717
35,0.10712470140457153,0.13939517641067506
36,0.10939127111434936,0.09845801496505738
37,0.10847259540557862,0.08785261869430543
38,0.10222152147293091,0.1418000946044922
39,0.10451198053359985,0.10924881601333618
40,0.09962815179824829,0.08624816989898682
41,0.09689919013977051,0.108349524974823
42,0.09873046274185181,0.09969140911102295
43,0.10187309303283691,0.1073718547821045
44,0.09321191720962524,0.13546375370025635
45,0.09399832963943482,0.17622845506668092
46,0.09241199760437012,0.09987986469268799
47,0.09043268804550171,0.11680913305282593
48,0.09219129657745362,0.07429441404342652
49,0.08826134538650512,0.10850750875473023
50,0.08549001665115356,0.08747360801696777
51,0.08642176914215088,0.14171172952651978
52,0.08339050159454346,0.18289371967315673
53,0.08766615447998047,0.15214088106155396
54,0.08455848655700683,0.10353006982803345
55,0.08354713687896728,0.08502632284164428
56,0.0821449049949646,0.08500591230392456
57,0.0790960699081421,0.10184301280975341
58,0.08039820547103882,0.13304121589660645
59,0.07686598434448243,0.07180738115310668
60,0.07885347690582276,0.0792506194114685
61,0.07728463296890259,0.11492149019241334
62,0.07794459037780761,0.08072459268569947
63,0.0759961513519287,0.06666160869598389
64,0.07689067325592042,0.10201777744293213
65,0.07430404186248779,0.13626299571990966
66,0.07506321306228637,0.16063703393936157
67,0.07526852512359619,0.14180139732360839
68,0.07266492595672608,0.06523802900314331
69,0.0743201696395874,0.12013747072219849
70,0.074211510181427,0.0930109486579895
71,0.07417993841171265,0.08414580535888672
72,0.07143763284683227,0.06972898387908935
73,0.07252949533462524,0.0689090051651001
74,0.0695595043182373,0.17483117437362672
75,0.07107615833282471,0.06563065528869629
76,0.06897875518798828,0.08348163795471192
77,0.07034631042480469,0.11656664514541626
78,0.07219227075576783,0.06834332180023193
79,0.06950063886642456,0.07440562963485718
80,0.06924917869567872,0.06549630784988403
81,0.06959486846923828,0.05788300514221192
82,0.06871331882476807,0.0762124285697937
83,0.07104549474716186,0.06796240711212158
84,0.07021180868148803,0.06485023927688599
85,0.06724563694000243,0.07329862689971924
86,0.06464464435577393,0.06604019165039063
87,0.06614591875076294,0.11023384094238281
88,0.0675487021446228,0.10578373193740845
89,0.06519572200775146,0.0671589641571045
90,0.06652078552246093,0.05414954519271851
91,0.06421495084762573,0.05745440673828125
92,0.06485846347808838,0.0668206615447998
93,0.06580289535522461,0.054253503322601315
94,0.0655766881942749,0.10770592832565308
95,0.06468744592666625,0.07281330156326293
96,0.06380115156173706,0.08762472724914551
97,0.06582422409057617,0.0494738564491272
98,0.06386401014328003,0.14153580617904662
99,0.06361492490768432,0.0886930251121521
100,0.06204485740661621,0.07595167875289917
101,0.0632926944732666,0.1532789888381958
102,0.06180613164901733,0.09072316217422485
103,0.06148186798095703,0.05730757713317871
104,0.061247994327545165,0.08730779075622559
105,0.06180704641342163,0.08703082036972046
106,0.06174333381652832,0.07354705905914306
107,0.06300803604125976,0.06615952014923096
108,0.060635298442840574,0.07979056358337402
109,0.0631556092262268,0.059916329860687255
110,0.06174283246994019,0.13579307460784912
111,0.06197166538238525,0.06417576885223389
112,0.06045395364761352,0.1479792342185974
113,0.06194666023254394,0.11433092498779297
114,0.06134606866836548,0.09119437551498413
115,0.061617201614379884,0.05982265996932983
116,0.060941039562225345,0.09461410760879517
117,0.05872409076690674,0.05715672206878662
