epoch,loss,val_loss
0,0.707074359703064,0.43822765827178956
1,0.35497496042251586,0.20347749376296997
2,0.1844151565551758,0.2543071298599243
3,0.15534065914154052,0.13009124851226805
4,0.14588283252716064,0.12642400646209717
5,0.13253243770599366,0.18261530780792237
6,0.12877320194244385,0.13011122512817383
7,0.12504009971618651,0.11960073852539063
8,0.12205710134506226,0.1722882604598999
9,0.11971201572418212,0.11864966297149658
10,0.11626039743423462,0.10949144077301025
11,0.11402366333007813,0.12189786195755005
12,0.11118684749603272,0.11213101005554199
13,0.10909108715057374,0.10178274393081665
14,0.10686487550735474,0.11116236686706543
15,0.1034687819480896,0.12544366121292114
16,0.10358382787704468,0.10147231912612915
17,0.10230884561538696,0.1016526894569397
18,0.10200086355209351,0.10031900691986084
19,0.10283862838745117,0.10950298023223877
20,0.10089549865722656,0.10105123567581177
21,0.09744875898361206,0.10757136821746827
22,0.09842111263275147,0.09646666288375855
23,0.09835543603897094,0.09771321392059326
24,0.0979974349975586,0.09640815162658692
25,0.09511104555130005,0.09176856374740601
26,0.09659355316162109,0.10844164657592774
27,0.0957020586013794,0.09063344812393188
28,0.09383680076599121,0.09927659368515014
29,0.09515738372802734,0.12534252405166627
30,0.09348206005096435,0.09995411491394043
31,0.09159624385833741,0.11343621063232422
32,0.09269484825134278,0.10139882898330689
33,0.09263789043426514,0.10668644380569459
34,0.0933030083656311,0.09533326482772828
35,0.0930933524131775,0.09177986192703247
36,0.08970991010665894,0.10579231929779052
37,0.09238498735427857,0.09976031398773193
