epoch,loss,val_loss
0,0.5891497545242309,0.6402055931091308
1,0.3459860978126526,0.20128133344650267
2,0.23840665922164916,0.2822999777793884
3,0.21264622440338135,0.15557876873016357
4,0.19623356895446778,0.16715283632278444
5,0.18419970779418945,0.15383531093597413
6,0.17743387565612792,0.15839717960357666
7,0.15883606586456298,0.1489925422668457
8,0.1613536409378052,0.22742022132873535
9,0.1478212035179138,0.1201027021408081
10,0.14945115213394164,0.11572695684432983
11,0.14090877542495728,0.11566534948348998
12,0.13320929307937623,0.19372662925720216
13,0.1307938027381897,0.10000136709213257
14,0.1315894769668579,0.13222236490249634
15,0.12809689531326293,0.09504130983352661
16,0.12046223831176758,0.33799251890182497
17,0.12709160861968993,0.11033713340759277
18,0.118311962890625,0.09505062294006347
19,0.11239037790298462,0.08850727272033691
20,0.10919093542099,0.10949606466293335
21,0.11089100131988526,0.11841994857788087
22,0.10657888355255127,0.11394968032836914
23,0.10567211675643921,0.10919610834121704
24,0.10434186840057373,0.15691960382461548
25,0.10582675342559815,0.09656717109680175
26,0.10008950061798096,0.08679033946990967
27,0.09964434089660644,0.10729401111602783
28,0.09771344385147095,0.09015169525146484
29,0.10579550151824951,0.13094760751724244
30,0.09785332384109498,0.08275342893600464
31,0.09611369800567628,0.12751296615600585
32,0.0924060580253601,0.1303541784286499
33,0.09477506856918334,0.11707528638839722
34,0.09611633043289185,0.1787871904373169
35,0.09164797248840333,0.07241907835006714
36,0.090623597240448,0.07926926803588867
37,0.09225212240219116,0.10958845567703247
38,0.08787515802383424,0.07587694692611695
39,0.085705517578125,0.1400885910987854
40,0.08259648380279541,0.07495201206207275
41,0.0843843957901001,0.13924946546554565
42,0.08952328634262086,0.08217311239242554
43,0.08215271825790406,0.08445421266555786
44,0.08249754180908203,0.06936162900924682
45,0.081575399684906,0.0662206473350525
46,0.07977403602600097,0.08021394634246826
47,0.08084325008392335,0.07300940322875976
48,0.08232669868469238,0.16350022554397584
49,0.08155656900405883,0.10501852226257324
50,0.079077490234375,0.0818803973197937
51,0.07998637914657593,0.07667073678970338
52,0.07836965837478638,0.07156053352355957
53,0.07619051942825317,0.14508820056915284
54,0.07962950181961059,0.08371453619003295
55,0.07445429353713989,0.17851919412612915
56,0.07819511098861694,0.09944880342483521
57,0.07645809335708618,0.06567741203308106
58,0.07576088724136353,0.07241255474090576
59,0.0745457823753357,0.06975990343093873
60,0.07635649337768555,0.06772251319885254
61,0.07341241178512574,0.08998886871337891
62,0.07376904850006104,0.06288706159591675
63,0.07395961751937866,0.07831000852584839
64,0.07233620166778565,0.07030921602249146
65,0.07295079250335694,0.06845101976394653
66,0.07182579698562622,0.0864141845703125
67,0.07162558679580688,0.072945228099823
68,0.06958282794952393,0.06345671272277832
69,0.06744961547851562,0.07033997964859008
70,0.07026400423049926,0.18811066913604738
71,0.07013909969329835,0.06506106185913085
72,0.07248908615112305,0.06460230493545532
73,0.0706284644126892,0.06776047229766846
74,0.06867910280227661,0.07608763694763183
75,0.07062335147857667,0.09495498752593994
76,0.0679349606513977,0.06096515607833862
77,0.06991176490783692,0.07280191564559936
78,0.06774066877365112,0.08232788515090943
79,0.06756373233795165,0.09165130472183228
80,0.06548322372436523,0.09558006763458252
81,0.06536848230361939,0.0660184302330017
82,0.06630225429534913,0.06071931982040405
83,0.06756122550964355,0.06990875673294067
84,0.06626110343933106,0.06327333402633667
85,0.0649282868385315,0.06839486742019653
86,0.0656894419670105,0.06768668222427368
87,0.06664619293212891,0.08013827323913575
88,0.06559433698654175,0.10600772905349731
89,0.06482679862976075,0.06912858724594116
90,0.06532858333587646,0.0658946976661682
91,0.06570342445373535,0.08122811841964722
92,0.06396926317214965,0.20361766958236693
93,0.06798455848693848,0.0706293716430664
94,0.0649440086364746,0.057872421741485595
95,0.06247153406143188,0.06843920850753785
96,0.06077494134902954,0.0954350299835205
97,0.06586471071243286,0.0700502643585205
98,0.06439527978897094,0.058432182788848874
99,0.06290785999298096,0.0957448205947876
100,0.06371464929580689,0.060530086994171145
101,0.062430746269226074,0.10375011205673218
102,0.06442424201965333,0.06028084230422974
103,0.062497036170959475,0.07652569580078125
104,0.06275149431228638,0.06738870429992676
105,0.06113387241363526,0.07234350490570068
106,0.06337057266235352,0.0738713583946228
107,0.06049677581787109,0.06547854089736939
108,0.06079864740371704,0.06047589874267578
109,0.0588483943939209,0.0671443395614624
110,0.061110939598083495,0.0603191351890564
