epoch,loss,val_loss
0,0.7361739910125732,0.5099698300361634
1,0.45222018299102784,0.3251474366188049
2,0.3038062460899353,0.30613782787322996
3,0.2709535833358765,0.21957803392410277
4,0.25577878084182737,0.24710572195053102
5,0.23818339223861695,0.24595856714248657
6,0.23731145610809326,0.1955776619911194
7,0.23112616109848022,0.19891479682922364
8,0.22070564126968384,0.18621820259094238
9,0.215656378364563,0.24361552524566651
10,0.2160480499267578,0.18202351903915406
11,0.20889261741638185,0.2571546196937561
12,0.20799342708587645,0.18277015924453735
13,0.2015184998512268,0.18871279287338258
14,0.20106163053512574,0.17390238857269288
15,0.19602173585891725,0.3066649389266968
16,0.19949667463302612,0.20214802742004395
17,0.1946823289871216,0.1875399651527405
18,0.19045402088165284,0.16495628929138184
19,0.19073058805465698,0.1648545150756836
20,0.18896138944625854,0.16438717365264893
21,0.18530050916671753,0.16094998788833617
22,0.18444058227539062,0.21103765201568603
23,0.18220114421844483,0.16143180799484252
24,0.17853597583770753,0.16636888456344603
25,0.1806780397415161,0.21967741060256957
26,0.1797325843811035,0.15291017866134643
27,0.17721269493103028,0.17455902814865112
28,0.17901865406036377,0.1803244504928589
29,0.17332412843704223,0.21892496347427368
30,0.17358533210754395,0.16433353757858277
31,0.17302440195083618,0.3132277345657349
32,0.17311372241973877,0.15092065620422362
33,0.17100087480545043,0.14740221500396727
34,0.1685509578704834,0.17025713872909545
35,0.1689958104133606,0.1631352710723877
36,0.16809790620803833,0.14745753717422486
37,0.16746921463012696,0.15333016777038574
38,0.16654961109161376,0.2229395170211792
39,0.16484826679229736,0.1460915265083313
40,0.16440895948410034,0.15417875909805298
41,0.1624850830078125,0.16295287990570068
42,0.16321741209030152,0.14883879947662354
43,0.1653667839050293,0.148756817817688
44,0.15995686912536622,0.17805521965026855
45,0.16238760986328124,0.16475621318817138
46,0.1588313895225525,0.13706497526168823
47,0.16103423986434937,0.15143508291244506
48,0.15919154453277587,0.14457308673858643
49,0.15962832145690917,0.15568437671661378
50,0.15830709810256957,0.1549594430923462
51,0.15897635879516603,0.21989463376998902
52,0.1585490186691284,0.15309435749053954
53,0.15642368879318239,0.1697391276359558
54,0.1556355305671692,0.16986979055404663
55,0.15637175817489624,0.15707710361480712
56,0.15572301750183107,0.16712805223464966
57,0.15548599796295165,0.1389051356315613
58,0.15563810815811158,0.14297306299209595
59,0.1544475881576538,0.18175777578353883
60,0.15523946046829223,0.16490053844451905
61,0.15396741771697997,0.13684681606292726
62,0.1528715856552124,0.13891740131378175
63,0.15206872835159302,0.15185359382629396
64,0.15407438735961915,0.16028728723526
65,0.152847563457489,0.1356876335144043
66,0.1527281602859497,0.1678916440010071
67,0.15155515336990358,0.17897692680358887
68,0.15214098615646363,0.14514453983306885
69,0.15158922958374024,0.1462956738471985
70,0.151918993473053,0.1478710560798645
71,0.1508600712776184,0.15017579555511473
72,0.1519333938598633,0.1458770318031311
73,0.15030348863601684,0.14594526004791258
74,0.14915607891082763,0.1355519232749939
75,0.14912944383621216,0.13739990711212158
76,0.14952289543151856,0.1658581886291504
77,0.15043057231903076,0.1446353907585144
78,0.15157403802871705,0.20930139446258544
79,0.15082682886123658,0.16534640026092529
80,0.14870306043624879,0.16343466091156006
81,0.1490840274810791,0.15528470039367676
82,0.14839627876281739,0.1465191960334778
83,0.1509117136955261,0.14596663522720338
84,0.14938494148254394,0.13802261590957643
85,0.14975495052337645,0.1545002408027649
86,0.14930898790359498,0.15301267433166504
87,0.1470459529876709,0.21043791627883912
88,0.1490280047416687,0.14056459712982178
89,0.14943219385147094,0.16406413555145263
90,0.14756918725967408,0.1442317476272583
