epoch,loss,val_loss
0,0.6845855157852173,0.6891860728263854
1,0.33578166475296023,0.15649532747268677
2,0.18335780792236328,0.16139711570739745
3,0.1483383623123169,0.10940546989440918
4,0.13140306091308593,0.09063028621673584
5,0.11815692863464355,0.1437171082496643
6,0.11019549245834351,0.0831827974319458
7,0.10490559930801392,0.09478552198410034
8,0.10038514394760131,0.141738009929657
9,0.09423729314804077,0.18480579328536986
10,0.09286418523788452,0.12856097078323364
11,0.08882911920547486,0.17838438892364503
12,0.08618605260849,0.07856702661514282
13,0.08207696161270142,0.0652571668624878
14,0.0826059266090393,0.06648052024841308
15,0.07855466947555542,0.08675234651565551
16,0.07892034168243409,0.08284337377548218
17,0.07686685590744019,0.06254198169708251
18,0.07409125337600708,0.06258177280426025
19,0.07263598499298096,0.06352965831756592
20,0.0727838176727295,0.062073847770690915
21,0.071312952709198,0.08147781419754029
22,0.07014250364303588,0.07652240419387818
23,0.06797719745635987,0.09861268472671508
24,0.06616365327835083,0.057839003086090086
25,0.06664117031097412,0.05610720634460449
26,0.06618038587570191,0.05698221015930176
27,0.06431415185928345,0.05574036693572998
28,0.06466690940856934,0.05725569486618042
29,0.06351643991470336,0.058735544204711915
30,0.06257687568664551,0.060726680755615235
31,0.06246329441070557,0.05433097124099731
32,0.060940732860565186,0.05507559871673584
33,0.061905903720855714,0.08335801410675049
34,0.05999431648254395,0.053281126022338865
35,0.0599306827545166,0.06251678514480591
36,0.05926237096786499,0.0793260316848755
37,0.06072241849899292,0.05526440382003784
38,0.056760149192810055,0.05109210729598999
39,0.057303118228912354,0.052095155715942386
40,0.05811943998336792,0.06124622869491577
41,0.05851237840652466,0.06071048927307129
42,0.057087120628356934,0.05927282667160034
43,0.057678407859802244,0.05921183204650879
44,0.056108931350708005,0.0529138994216919
45,0.05568024024963379,0.052312199115753175
46,0.05657609519958496,0.05268010807037354
47,0.05710558433532715,0.06026492214202881
48,0.05384929141998291,0.049182332038879395
49,0.055390092945098876,0.0627123417854309
50,0.05440165414810181,0.05111336946487427
51,0.05602599401473999,0.052533247470855714
52,0.054911006546020505,0.054188905715942384
53,0.054567125988006594,0.04914344787597656
54,0.053386803817749025,0.05041189575195312
55,0.05260966701507568,0.06399026536941528
56,0.05323686590194702,0.05963344144821167
57,0.05359151725769043,0.07049130821228028
58,0.05384135103225708,0.05112853479385376
59,0.052647575283050536,0.048231892108917235
60,0.05237457342147827,0.04867397928237915
61,0.05289826440811157,0.061947705268859864
62,0.05195045318603515,0.05713834047317505
63,0.05376315450668335,0.049611331462860106
64,0.051191797637939455,0.06834876441955566
65,0.05204575061798096,0.047052395343780515
66,0.05057125806808472,0.04617617130279541
67,0.05009584226608276,0.047036458969116214
68,0.050807673835754394,0.05712473297119141
69,0.049636276531219485,0.055277583599090574
70,0.05125075168609619,0.04562732124328613
71,0.05099630889892578,0.048498649597167966
72,0.049592493724822995,0.1351031699180603
73,0.04932174186706543,0.05209012889862061
74,0.048921012592315676,0.051623533725738524
75,0.0509189733505249,0.04601704072952271
76,0.04962336511611939,0.04772388696670532
77,0.05105978946685791,0.046625223159790036
78,0.04678522729873657,0.04510887193679809
79,0.04923119974136352,0.062564218044281
80,0.048874957275390624,0.04793970012664795
81,0.049206429290771486,0.04649402189254761
82,0.047807256507873534,0.04757765579223633
83,0.04787823448181153,0.07657910537719727
84,0.04948211469650268,0.057449926376342775
85,0.04824455308914184,0.0574844913482666
86,0.04914813222885132,0.04924411058425903
87,0.04820900173187256,0.0456703200340271
88,0.0482864556312561,0.05307170486450195
89,0.04746100177764893,0.04491520357131958
90,0.0468674596786499,0.04462649345397949
91,0.047793092346191404,0.04877140474319458
92,0.048649889755249025,0.045891845703125
93,0.046714437770843505,0.12267593479156494
94,0.048611804771423336,0.06722968673706055
95,0.04809362163543701,0.0627185640335083
96,0.04812309989929199,0.0478879714012146
97,0.04747114381790161,0.05059053659439087
98,0.04654395160675049,0.046017005443573
99,0.04681847791671753,0.044644402980804444
100,0.0460155198097229,0.047705350399017334
101,0.046855805206298826,0.048101288318634035
102,0.04773431158065796,0.051652994155883786
103,0.04736284999847412,0.04795282602310181
104,0.04493283052444458,0.05981164264678955
105,0.046743136405944824,0.1106379017829895
106,0.046598208141326904,0.044270246982574465
107,0.0468718469619751,0.04346204853057861
108,0.04596691932678223,0.04527675819396973
109,0.04650707426071167,0.04406219625473023
110,0.046203267669677736,0.04712230634689331
111,0.046084847354888915,0.043786160469055174
112,0.0448725040435791,0.047751415729522705
113,0.044532586097717285,0.04926869630813599
114,0.04670728988647461,0.04863124704360962
115,0.045266735744476316,0.047644979000091556
116,0.04523892650604248,0.04694442939758301
117,0.04599817333221436,0.04366888761520386
118,0.045037081146240235,0.053854813098907474
119,0.046224857807159424,0.050212175369262695
120,0.045035017490386964,0.06355385446548462
121,0.04479892578125,0.050956711769104004
122,0.04573738250732422,0.04539775848388672
123,0.044308872604370116,0.057614086627960207
