epoch,loss,val_loss
0,0.8199220327377319,0.6667172183990479
1,0.6710767433166503,0.6606332974433899
2,0.5928829741477967,0.5497649774551392
3,0.5572409639358521,0.5508265171051026
4,0.5325519227981568,0.49604930305480954
5,0.519380002784729,0.48879618644714357
6,0.5048968765258789,0.5098983035087585
7,0.4927628381729126,0.512683385848999
8,0.48928686752319334,0.5736667599678039
9,0.48226883420944217,0.4653760209083557
10,0.47340223073959353,0.4652000288963318
11,0.4698172290802002,0.48573779439926146
12,0.4654487222671509,0.5681764326095581
13,0.46049858322143555,0.46049296331405637
14,0.4590797227859497,0.4583158502578735
15,0.45273976106643676,0.478546790599823
16,0.44754266204833987,0.4356052846908569
17,0.4464508765220642,0.4271065411567688
18,0.44279696054458617,0.48395280647277833
19,0.4378377917289734,0.4371913628578186
20,0.4346493320465088,0.42798139667510987
21,0.43380889682769774,0.42166092014312745
22,0.42913407793045044,0.4353394756317139
23,0.4230223638534546,0.5011261353492736
24,0.42218015069961545,0.560687783241272
25,0.4209612654685974,0.5109865350723266
26,0.42168898305892943,0.45091307449340823
27,0.41487675285339354,0.5110997500419616
28,0.41308614807128907,0.4537282700538635
29,0.4108393828392029,0.4256221089363098
30,0.41037572212219237,0.4295304083824158
31,0.410248335647583,0.4111178975105286
32,0.4093099705696106,0.4413116235733032
33,0.40445213298797605,0.4018634152412415
34,0.4037684468269348,0.5293431749343872
35,0.4044025436401367,0.4229874625205994
36,0.4025828561782837,0.4709841604232788
37,0.4045176777839661,0.48123611116409304
38,0.401914955997467,0.42268580055236815
39,0.401924414730072,0.395976966381073
40,0.3993557968139648,0.4495305461883545
41,0.3978775340080261,0.39317873954772947
42,0.39655998573303225,0.39764779567718506
43,0.39632911653518677,0.3840090374946594
44,0.3974760600090027,0.5141723494529724
45,0.3991341690063477,0.3999999589920044
46,0.39562464475631715,0.4113480181694031
47,0.39594043655395506,0.39366980600357054
48,0.3922151763916016,0.39113307189941404
49,0.39407067050933836,0.40891251659393313
50,0.3917930268287659,0.38930629920959475
51,0.3923579446792603,0.4445930800437927
52,0.3931044637680054,0.3944754285812378
53,0.3911437161445618,0.3814739933013916
54,0.3925273802757263,0.4047530550956726
55,0.3926073224067688,0.43217230558395386
56,0.39138247833251955,0.41331000423431397
57,0.3906627201080322,0.4043890423774719
58,0.39079496908187866,0.39868725299835206
59,0.3906244591712952,0.4143018116950989
60,0.38789120769500735,0.4175833530426025
61,0.39014185495376585,0.5196382617950439
62,0.391627668094635,0.39554025173187257
63,0.38866072521209716,0.4135373830795288
64,0.38916482219696047,0.41567492055892946
65,0.3870370246887207,0.38069155025482176
66,0.3885371265411377,0.37951628732681275
67,0.3874881548881531,0.4235884299278259
68,0.3881775424003601,0.4049088439941406
69,0.38653426446914674,0.43343500089645387
70,0.38736484909057617,0.38272722578048707
71,0.3878318729400635,0.4042144775390625
72,0.38603876953125,0.4100456280708313
73,0.3859735354423523,0.38598923778533933
74,0.38694381875991823,0.37297585344314577
75,0.3835235108375549,0.4190333423614502
76,0.38592642936706545,0.4108671541213989
77,0.38500985851287844,0.45007361459732054
78,0.38690477380752564,0.4087820143699646
79,0.3818475803375244,0.3889511179924011
80,0.38331160106658935,0.3905717077255249
81,0.38355092124938966,0.3812933216094971
82,0.3829032934188843,0.40676230669021607
83,0.38424813919067385,0.408527811050415
84,0.3824555417060852,0.39445231676101683
85,0.38315490837097166,0.39436682462692263
86,0.38262870416641237,0.44438541984558105
87,0.38408514270782473,0.42956540536880494
88,0.3826508508682251,0.37940386724472047
89,0.3800407466888428,0.39703189611434936
90,0.3835399007797241,0.405058135509491
