epoch,loss,val_loss
0,0.5770352939605713,0.5865255761146545
1,0.2933990135192871,0.1922700138092041
2,0.18456642150878907,0.30109931325912476
3,0.15325691499710084,0.25928239822387694
4,0.1370869034767151,0.1355297636985779
5,0.12593064584732055,0.09653696966171264
6,0.11874529628753662,0.08774872970581055
7,0.10779998092651367,0.095328857421875
8,0.10384329271316528,0.11666610956192017
9,0.10207004594802857,0.0732697525024414
10,0.0969392858505249,0.0927952766418457
11,0.09104943447113037,0.10298681354522705
12,0.08568834886550904,0.06444912338256836
13,0.08707925233840942,0.0649100399017334
14,0.07959531078338623,0.20919080305099488
15,0.08281814308166503,0.06556746292114257
16,0.07655735569000244,0.18967736291885376
17,0.07388190059661866,0.05728832578659058
18,0.07350154361724853,0.05650611639022827
19,0.07108099451065064,0.06135488510131836
20,0.07102359657287598,0.06111485958099365
21,0.06776691694259644,0.060244925022125244
22,0.06837501153945923,0.05504407453536987
23,0.06677035770416259,0.07750586605072021
24,0.06558129148483276,0.053303380489349364
25,0.06544182395935058,0.07259121894836426
26,0.0634004370689392,0.08427462196350098
27,0.06300789794921875,0.05510473680496216
28,0.06230208578109741,0.10081241989135742
29,0.06092310266494751,0.08625099325180054
30,0.0616997555732727,0.07630801248550415
31,0.0610084659576416,0.05091313791275025
32,0.06209300308227539,0.0758674168586731
33,0.05924450159072876,0.07993222188949585
34,0.059154850578308105,0.05512426948547363
35,0.05805800552368164,0.05960285663604736
36,0.060604056358337405,0.05303326845169067
37,0.056212314891815184,0.11284964847564698
38,0.058389215755462645,0.051615502834320065
39,0.054137944889068604,0.05592759656906128
40,0.055747275161743166,0.07535095739364624
41,0.05715537252426148,0.07294764471054077
42,0.056017295360565184,0.0565940408706665
43,0.054670096969604495,0.057304114818573
44,0.055527579879760744,0.0475196123123169
45,0.05504263734817505,0.06807123374938964
46,0.05440217542648315,0.06093412923812866
47,0.05546621789932251,0.05623092126846314
48,0.05553312816619873,0.05018867969512939
49,0.05240846691131592,0.052791045665740964
50,0.052874767780303956,0.0548594012260437
51,0.05394027509689331,0.08133177804946899
52,0.0513403130531311,0.05373988246917725
53,0.05338387022018433,0.048691941738128665
54,0.051853225326538084,0.04784338092803955
55,0.05220465354919433,0.1105746054649353
56,0.05227393274307251,0.0573397011756897
57,0.05306032791137695,0.06906163072586059
58,0.05248416738510132,0.05276610088348389
59,0.051846669006347657,0.0835768609046936
60,0.04960754642486572,0.05190501546859741
