epoch,loss,val_loss
0,0.6029766417503357,0.3041729693412781
1,0.34246642255783083,0.2950482001304626
2,0.24888537378311157,0.31680597925186155
3,0.21493609943389894,0.22516934156417848
4,0.19336076002120972,0.17791685914993285
5,0.17886880598068236,0.1470021195411682
6,0.173710853767395,0.15596397256851197
7,0.16383137588500976,0.1581729826927185
8,0.15525183238983153,0.12796496438980104
9,0.1495925004005432,0.1380320053100586
10,0.14046341829299927,0.19234137439727783
11,0.14312841606140136,0.2366976819038391
12,0.13807488040924074,0.15188286590576172
13,0.12949148693084717,0.1400207495689392
14,0.12685869178771972,0.2171828589439392
15,0.1282124258041382,0.1232880334854126
16,0.11169225091934204,0.09077580118179321
17,0.11586789960861206,0.11732066583633423
18,0.11188783273696899,0.09716944122314453
19,0.1110607943534851,0.0875265326499939
20,0.11429764680862427,0.10728776407241822
21,0.10656577043533325,0.08036185503005981
22,0.10329049091339111,0.07769321060180664
23,0.10329132947921753,0.0952784128189087
24,0.10249317073822022,0.35672392654418944
25,0.10751310577392578,0.09223987722396851
26,0.09921688833236694,0.1567264380455017
27,0.09645378265380859,0.07929471111297608
28,0.0941330638885498,0.15750654983520507
29,0.09733927154541015,0.08149506950378418
30,0.09293694353103638,0.08105680704116822
31,0.09351398811340332,0.07570752954483032
32,0.09140607862472534,0.08810450077056885
33,0.09273991966247559,0.07876877117156983
34,0.0882547812461853,0.07282958936691285
35,0.08679973068237305,0.08089399909973144
36,0.08703872728347778,0.08338582134246826
37,0.08474728174209595,0.086682683467865
38,0.08803674230575562,0.08741257762908936
39,0.08493509693145752,0.07959925842285157
40,0.0839505955696106,0.08341672325134278
41,0.0832886625289917,0.07663969135284424
42,0.08332598695755004,0.10569191217422486
43,0.08257904930114746,0.07654922866821288
44,0.08038392152786254,0.12241551780700684
45,0.08008325595855713,0.12426600646972656
46,0.0794795223236084,0.0868163981437683
47,0.08054669389724732,0.06652672529220581
48,0.07945573177337646,0.10204715061187744
49,0.07955427045822143,0.07584418296813965
50,0.07703499021530151,0.1015341911315918
51,0.07547612342834473,0.07193439865112304
52,0.0765296549797058,0.06878574514389038
53,0.07605657930374146,0.08723097801208496
54,0.07708935146331787,0.12124218463897705
55,0.07625149593353271,0.07322122287750245
56,0.07632350025177002,0.08526530361175537
57,0.0739096487045288,0.07252155017852784
58,0.07348120546340943,0.12089816379547119
59,0.07372024126052856,0.068044282913208
60,0.07161386499404908,0.09332362842559815
61,0.07443510875701904,0.06203301048278809
62,0.07145160484313964,0.06659452390670777
63,0.07551056709289551,0.061073498725891115
64,0.07180759382247925,0.11154050493240357
65,0.07289489641189575,0.061447479724884034
66,0.07093820371627807,0.11518346309661866
67,0.07147867918014526,0.09384746170043945
68,0.07004903907775879,0.07296481657028198
69,0.06993785152435303,0.06609229612350463
70,0.06937810153961181,0.07736293745040894
71,0.06904753847122193,0.06240731143951416
72,0.06999670333862305,0.132317834854126
73,0.07072186336517335,0.06976361274719238
74,0.06872998809814453,0.06752362442016602
75,0.06807720155715942,0.06386058616638184
76,0.06737991466522217,0.06782384777069092
77,0.06820339555740357,0.07730357980728149
78,0.06903493328094483,0.07696925210952758
79,0.06740700006484986,0.06225412702560425
