epoch,loss,val_loss
0,0.5605272945404053,0.3774448933601379
1,0.3984512306213379,0.35609377670288084
2,0.3366686123847961,0.32714898347854615
3,0.3024391222953796,0.2478281536102295
4,0.2836771559715271,0.23094635915756226
5,0.26515383777618406,0.23540109395980835
6,0.25622553930282593,0.23838427877426147
7,0.2540616437911987,0.20123026132583618
8,0.23901631402969362,0.19259948921203612
9,0.237290629196167,0.27820204544067384
10,0.23149242210388182,0.20051152563095093
11,0.22189344387054444,0.2990544581413269
12,0.21248560609817504,0.8794950170516967
13,0.22066913738250732,0.22607467699050904
14,0.1970434739112854,0.1799833707809448
15,0.19959579582214357,0.20120532035827637
16,0.20041926412582398,0.2905639181137085
17,0.18979304275512696,0.2751584901809692
18,0.18499960746765137,0.17293411588668822
19,0.18110322465896606,0.17935266971588135
20,0.18010846815109252,0.20037478399276734
21,0.1752128005027771,0.17443987941741942
22,0.16402768850326538,0.25910942459106445
23,0.16369777059555055,0.24206228685379028
24,0.1608982339859009,0.1332910852432251
25,0.1593840097427368,0.14980313110351562
26,0.15288103160858155,0.1908721203804016
27,0.15110733308792115,0.12008604574203491
28,0.14676508445739747,0.17384599494934083
29,0.13995507650375366,0.15377878713607787
30,0.13920369453430176,0.1329028878211975
31,0.1398940969467163,0.13051128053665162
32,0.13450156993865967,0.11315473890304566
33,0.13733214149475098,0.12455246877670288
34,0.1325410270690918,0.14448784923553468
35,0.12682286958694458,0.11801911354064941
36,0.12595904932022095,0.14142823123931886
37,0.1257312816619873,0.11948500442504882
38,0.11964748277664185,0.16573425912857057
39,0.11877233924865722,0.21960489797592164
40,0.12321075401306153,0.26856997346878053
41,0.121759339427948,0.1601116485595703
42,0.11940415830612183,0.1509621057510376
43,0.11639799537658692,0.09441751813888549
44,0.10801470613479615,0.12070947551727294
45,0.10837547483444214,0.12052129745483399
46,0.11079505376815796,0.19320357465744017
47,0.11106188879013061,0.11677470779418946
48,0.10931446151733398,0.22092345714569092
49,0.10788831682205201,0.17856757402420043
50,0.10808266181945801,0.1297472014427185
51,0.10283646459579468,0.09981641149520874
52,0.10215855741500854,0.09531320667266846
53,0.10221596364974976,0.08324984550476074
54,0.10026350975036621,0.21665235948562622
55,0.09865955467224122,0.21417765426635743
56,0.09802275638580323,0.1298910617828369
57,0.09742894096374512,0.15698540353775026
58,0.09686147556304932,0.10001734685897827
59,0.09515745258331298,0.10879552507400513
60,0.09369031734466553,0.0865041561126709
61,0.09348922386169434,0.09717093467712402
62,0.09408109874725341,0.12023090839385986
63,0.09052717294692993,0.08506686973571777
64,0.08738117218017578,0.09650784063339234
65,0.09166665201187134,0.08738215684890747
66,0.08907435626983642,0.09377948093414307
67,0.08807082309722901,0.08400277233123779
68,0.08546596403121948,0.09013443040847778
69,0.0856961441040039,0.08509046506881714
70,0.0851851408958435,0.12124193000793457
71,0.08731244640350341,0.09394173669815063
72,0.08656394357681274,0.11140962743759156
73,0.08318280639648437,0.14831573820114136
