epoch,loss,val_loss
0,0.5975455163955689,0.3697947278022766
1,0.3444545963287354,0.2136091752052307
2,0.23975346879959106,0.1632998924255371
3,0.21622249641418456,0.1543796453475952
4,0.19266417980194092,0.14023521614074708
5,0.18197847003936768,0.1403666534423828
6,0.1716797840118408,0.16581475734710693
7,0.16676443700790405,0.12031548118591309
8,0.15624964914321898,0.13419266986846923
9,0.15256383514404298,0.13419640254974366
10,0.14606605730056763,0.1079000301361084
11,0.13826820545196533,0.10672055053710937
12,0.12996688890457153,0.2127956757545471
13,0.12361122179031372,0.25708407258987426
14,0.13040249490737915,0.09760409784317016
15,0.11934353151321411,0.08985267877578736
16,0.1180202244758606,0.15444330024719238
17,0.11664382638931274,0.19296244239807128
18,0.11567214679718017,0.11754980897903443
19,0.11192432041168213,0.08674253273010255
20,0.10531434679031372,0.07957884788513184
21,0.10718891258239746,0.10768696022033691
22,0.10521309070587158,0.1971246337890625
23,0.10650665445327759,0.09899906206130982
24,0.10042847805023193,0.07607247352600098
25,0.09928387498855591,0.10819123315811158
26,0.09470068979263306,0.132341947555542
27,0.09931919403076171,0.09759603071212769
28,0.09337902994155883,0.1353707871437073
29,0.09258611698150634,0.08268092584609986
30,0.08962797708511352,0.08936949443817138
31,0.08609622974395752,0.06856420373916626
32,0.08791274862289429,0.09170431232452393
33,0.0891490921974182,0.0679932131767273
34,0.08775704298019409,0.09451289987564086
35,0.08376826820373535,0.10988943004608154
36,0.08445162963867188,0.06256906938552856
37,0.08302425231933594,0.09004809379577637
38,0.08136558685302735,0.09298697280883789
39,0.08163909139633178,0.06948799228668213
40,0.0792818998336792,0.07783396673202515
41,0.08254943599700927,0.07486745786666871
42,0.08090262384414673,0.19902608585357667
43,0.08023794136047363,0.09200464296340942
44,0.07812385540008544,0.0700451135635376
45,0.07671638593673706,0.05989255809783935
46,0.07571757926940918,0.06498640823364257
47,0.07814116430282593,0.13116873168945312
48,0.07885211448669434,0.06902644777297974
49,0.0749736042022705,0.0591023063659668
50,0.07317309274673461,0.0714292950630188
51,0.0776615445137024,0.12126357316970825
52,0.07721539859771728,0.06589530134201049
53,0.07421707305908203,0.0718905873298645
54,0.07439373798370362,0.0599118275642395
55,0.07486885099411011,0.11904625511169434
56,0.07379486036300659,0.07963805961608887
57,0.07402004547119141,0.06165284442901611
58,0.07343328828811646,0.08195487737655639
59,0.07095915699005127,0.11297409391403199
60,0.0718292230606079,0.06488060235977172
61,0.07189508104324341,0.08440665817260742
62,0.07099572858810425,0.06511198234558105
63,0.06960360736846924,0.06748839950561523
64,0.06950484886169433,0.06394362545013428
65,0.07228479194641113,0.09116517162322998
