epoch,loss,val_loss
0,0.9999878342628479,0.9999877281188965
1,0.9999877934455872,0.9999876837730408
2,0.9999877599716187,0.9999876546859742
3,0.9999877198219299,0.9999876165390015
4,0.999987680721283,0.9999875798225403
5,0.9999876460075379,0.9999875431060791
6,0.9999876098632813,0.9999874987602234
7,0.9999875729560852,0.9999874620437622
8,0.9999875283241272,0.9999874238967895
9,0.9999874914169311,0.9999873795509339
10,0.9999874513626099,0.9999873428344727
11,0.9999874012947082,0.9999872984886169
12,0.9999873622894287,0.9999872465133667
13,0.9999873237609863,0.9999872097969055
14,0.9999872826576233,0.9999871716499329
15,0.9999872315406799,0.9999871273040771
16,0.9999871905326844,0.9999870753288269
17,0.9999871416091919,0.9999870386123657
18,0.9999870969772339,0.9999869866371155
19,0.9999870464324951,0.9999869422912597
20,0.9999870029449462,0.999986882686615
21,0.9999869574546814,0.9999868307113647
22,0.9999869019508362,0.9999867939949035
23,0.9999868541717529,0.9999867420196533
24,0.9999867961883545,0.9999866976737976
25,0.9999867546081543,0.9999866380691528
26,0.9999866997718811,0.999986578464508
27,0.9999866349220276,0.9999865126609803
28,0.9999865880012512,0.9999864606857299
29,0.9999865347862243,0.9999864010810852
30,0.9999864672660828,0.9999863414764404
31,0.9999864142417908,0.9999862818717956
32,0.9999863438606262,0.9999862160682679
33,0.9999862923622131,0.9999861564636231
34,0.999986226272583,0.9999860968589783
35,0.9999861686706543,0.9999860372543335
36,0.9999860934257507,0.9999859638214111
37,0.9999860333442688,0.9999859042167664
38,0.9999859684944152,0.9999858446121216
39,0.9999858912467956,0.9999857711791992
40,0.9999858253479004,0.9999856963157654
41,0.9999857513427735,0.9999856152534485
42,0.9999856808662414,0.9999855403900146
43,0.9999856033325195,0.9999854745864868
44,0.9999855209350585,0.9999853935241699
45,0.9999854415893554,0.999985303401947
46,0.999985363292694,0.9999852223396302
47,0.9999852875709534,0.9999851489067078
48,0.9999851923942565,0.9999850511550903
49,0.9999851036071777,0.9999849700927734
50,0.9999850085258484,0.9999848737716674
51,0.9999849224090576,0.999984785079956
52,0.9999848242759705,0.999984673500061
53,0.9999847316741943,0.9999845848083496
54,0.999984631061554,0.9999844884872436
55,0.9999845279693603,0.9999843692779541
56,0.9999844240188599,0.9999842729568481
57,0.9999843185424805,0.9999841690063477
58,0.9999842038154602,0.9999840512275696
59,0.9999840927124023,0.9999839396476745
60,0.9999839756011963,0.999983820438385
61,0.9999838587760925,0.9999836950302124
62,0.9999837343215943,0.9999835619926453
63,0.9999836085319519,0.9999834351539612
64,0.9999834740638733,0.9999833021163941
65,0.9999833382606507,0.9999831538200379
66,0.9999831996917724,0.9999830207824707
67,0.9999830543518067,0.9999828724861145
68,0.9999829040527344,0.9999827165603637
69,0.999982752609253,0.999982560634613
70,0.9999825971603393,0.9999823894500732
71,0.999982431602478,0.9999822273254394
72,0.9999822539329529,0.9999820485115051
73,0.999982077407837,0.9999818634986878
74,0.9999818928718567,0.9999816784858704
75,0.9999816992759705,0.9999814705848694
76,0.9999814943313599,0.999981285572052
77,0.9999812985420227,0.9999810547828675
78,0.9999810852050781,0.999980854511261
79,0.999980857849121,0.9999806175231933
80,0.9999806348800659,0.9999803729057312
81,0.9999803832054138,0.999980128288269
82,0.9999801284790039,0.9999798684120178
83,0.999979869556427,0.9999795794487
84,0.9999795955657959,0.9999792981147766
85,0.999979305267334,0.9999789938926696
86,0.9999789945602418,0.9999786820411682
87,0.9999786813735962,0.9999783563613892
88,0.9999783347129821,0.9999780001640319
89,0.9999779779434204,0.9999776363372803
90,0.9999775986671448,0.9999772281646728
91,0.9999772042274475,0.9999768137931824
92,0.9999767913818359,0.9999763689041138
93,0.9999763480186462,0.9999759163856506
94,0.9999758641242981,0.9999754118919373
95,0.9999753552436829,0.9999748859405517
96,0.9999748240470886,0.9999743065834046
97,0.9999742244720459,0.9999736919403076
98,0.9999736131668091,0.9999730238914489
99,0.9999729248046875,0.9999723191261292
100,0.9999721817970276,0.9999715332984924
101,0.9999713850021362,0.9999706878662109
102,0.999970504283905,0.9999697461128235
103,0.9999695432662964,0.9999687156677246
104,0.9999684787750244,0.9999675736427307
105,0.9999673089981079,0.9999662985801697
106,0.999965982913971,0.9999648814201355
107,0.9999644924163819,0.9999632501602173
108,0.999962804698944,0.9999614109992981
109,0.9999608800888061,0.9999592828750611
110,0.9999586249351502,0.9999567909240723
111,0.9999560213088989,0.9999539136886597
112,0.9999529547691345,0.9999504661560059
113,0.9999492661476135,0.9999462833404541
114,0.9999447381973267,0.9999411220550537
115,0.9999391150474548,0.9999345602989197
116,0.9999318499565124,0.9999259285926819
117,0.9999220183372498,0.9999138402938843
118,0.9999078182220459,0.9998957452774048
119,0.9998853207588195,0.9998650712966919
120,0.9998438802719116,0.999802677154541
121,0.9997445833206177,0.9996198172569275
122,0.9990644444465637,0.9826995592117309
123,0.035111174774169925,1.0805130004882813e-06
124,4.38720703125e-05,6.580352783203124e-07
125,2.965545654296875e-05,4.6825408935546874e-07
126,2.23480224609375e-05,3.3664703369140623e-07
127,1.782684326171875e-05,2.78472900390625e-07
128,1.4626312255859375e-05,2.3555755615234375e-07
129,1.19964599609375e-05,1.7452239990234375e-07
130,1.0479164123535157e-05,1.316070556640625e-07
131,9.11407470703125e-06,1.316070556640625e-07
132,8.208465576171876e-06,1.010894775390625e-07
133,7.288360595703125e-06,8.869171142578125e-08
134,6.584930419921875e-06,7.343292236328125e-08
135,5.9507369995117186e-06,7.343292236328125e-08
136,5.536651611328125e-06,7.343292236328125e-08
137,5.145263671875e-06,7.343292236328125e-08
138,4.72412109375e-06,5.817413330078125e-08
139,4.4708251953125e-06,5.817413330078125e-08
140,4.14581298828125e-06,5.817413330078125e-08
141,3.875732421875e-06,5.817413330078125e-08
142,3.64227294921875e-06,5.817413330078125e-08
143,3.47442626953125e-06,5.817413330078125e-08
144,3.2867431640625e-06,4.291534423828125e-08
145,3.12347412109375e-06,3.0517578125e-08
146,2.9693603515625e-06,1.52587890625e-08
147,2.801513671875e-06,1.52587890625e-08
148,2.685546875e-06,1.52587890625e-08
149,2.55889892578125e-06,1.52587890625e-08
150,2.47955322265625e-06,1.52587890625e-08
151,2.3895263671875e-06,1.52587890625e-08
152,2.25982666015625e-06,1.52587890625e-08
153,2.1942138671875e-06,1.52587890625e-08
154,2.11181640625e-06,1.52587890625e-08
155,2.03094482421875e-06,1.52587890625e-08
156,1.97601318359375e-06,1.52587890625e-08
157,1.9134521484375e-06,1.52587890625e-08
158,1.8280029296875e-06,1.52587890625e-08
159,1.800537109375e-06,1.52587890625e-08
160,1.739501953125e-06,1.52587890625e-08
161,1.6754150390625e-06,1.52587890625e-08
162,1.617431640625e-06,1.52587890625e-08
163,1.5899658203125e-06,1.52587890625e-08
164,1.5289306640625e-06,1.52587890625e-08
165,1.4837265014648438e-06,1.52587890625e-08
166,1.4373779296875e-06,1.52587890625e-08
