epoch,loss,val_loss
0,0.5512508500099182,0.3578502659797668
1,0.3290887153625488,0.2759598517417908
2,0.2614600175857544,0.1976480474472046
3,0.22582470273971558,0.1952732458114624
4,0.208406591796875,0.14935818767547607
5,0.19548862791061403,0.1589178786277771
6,0.18596626720428466,0.13709334325790407
7,0.1750973858833313,0.19484383392333984
8,0.1753860478401184,0.22376580905914306
9,0.16972023000717162,0.20477097606658937
10,0.15687264156341552,0.23412295579910278
11,0.15133926753997803,0.11209136152267456
12,0.1467138098716736,0.23672450733184813
13,0.13724276008605957,0.21127070808410645
14,0.1341104826927185,0.11426159477233887
15,0.1288611584663391,0.09662363862991333
16,0.12997892007827758,0.115293785572052
17,0.12367956342697144,0.09451959371566772
18,0.1169855414390564,0.09070333909988404
19,0.11926615266799927,0.09347837305068969
20,0.11241614789962769,0.09194586038589478
21,0.10853075275421142,0.10481827688217163
22,0.10692448501586914,0.12469146680831909
23,0.1081323444366455,0.08062984275817871
24,0.10659891529083251,0.08733283710479736
25,0.10358665294647217,0.1081874794960022
26,0.1001132887840271,0.08632295751571656
27,0.09920147514343261,0.19992905282974244
28,0.0963978024482727,0.07698024940490723
29,0.09533740320205689,0.09078762102127075
30,0.09459703817367554,0.23752857208251954
31,0.09670008354187011,0.08003665590286255
32,0.0913402232170105,0.0759666132926941
33,0.09217017040252685,0.06609875679016114
34,0.09232525453567506,0.2102216420173645
35,0.09075532016754151,0.08852408695220947
36,0.08734648113250733,0.10221435165405274
37,0.08780166845321655,0.08678484964370728
38,0.08724187755584717,0.08653593063354492
39,0.086075142288208,0.20775679969787597
40,0.0844249361038208,0.07393484306335449
41,0.08256845922470092,0.17702384567260743
42,0.08458571128845215,0.08092955923080444
43,0.08514176750183106,0.06998951005935669
44,0.07916388282775878,0.10748342084884643
45,0.08152187004089355,0.093393798828125
46,0.08119730978012085,0.08085055637359619
47,0.0800902666091919,0.06163220691680908
48,0.07583588418960571,0.07572363710403443
49,0.07625577430725097,0.08984983682632447
50,0.07555890064239502,0.0806199951171875
51,0.07410560960769653,0.06576574850082398
52,0.07652700538635254,0.06347441816329956
53,0.07429758243560791,0.08949668598175049
54,0.07220454931259156,0.07699186611175537
55,0.0711431212425232,0.08136242389678955
56,0.07479405012130737,0.13327634286880494
57,0.0740020055770874,0.060000123500823975
58,0.07238842325210572,0.07266002464294434
59,0.07370545492172241,0.06660639238357544
60,0.0721326114654541,0.06958787441253662
61,0.07153114681243897,0.08072841119766236
62,0.06985194721221924,0.06815444183349609
63,0.07086775741577149,0.11789097642898559
64,0.06891650285720825,0.06268767404556275
65,0.07122932319641113,0.05744598770141601
66,0.06821205606460572,0.07266855525970459
67,0.06717570095062256,0.06937437915802001
68,0.06744242162704468,0.05343962717056274
69,0.06751118030548096,0.06451779413223267
70,0.0665207257270813,0.07227664041519165
71,0.06616332950592041,0.06633132123947144
72,0.06740429439544678,0.06132624864578247
73,0.06567712774276734,0.05333082103729248
74,0.06413928813934326,0.0629498839378357
75,0.06576580619812011,0.05877807712554932
76,0.06672482891082764,0.06378168964385986
77,0.06572561979293823,0.06843611288070679
78,0.06570734443664551,0.05724058485031128
79,0.06464164037704467,0.05886005544662475
80,0.06266747732162475,0.05872247266769409
81,0.061259049129486084,0.06517907047271729
82,0.06447069044113159,0.09353675508499146
83,0.06232579250335693,0.08506770706176758
84,0.06151806049346924,0.08396882438659668
85,0.06307043590545654,0.06926135063171386
86,0.06135712604522705,0.059568148612976074
87,0.06350050649642944,0.05593569850921631
88,0.062255907535552976,0.06644785881042481
89,0.06202816581726074,0.06465717124938965
90,0.06055533332824707,0.12897338962554933
91,0.06218710880279541,0.06993827247619629
92,0.061591317558288575,0.05858149862289429
93,0.06149186735153198,0.05614290952682495
