epoch,loss,val_loss
0,0.6864946724891663,0.6651342811584473
1,0.4030318652153015,0.22818792819976808
2,0.23515936698913575,0.14632980489730835
3,0.1888695258140564,0.28508528184890747
4,0.16529797735214233,0.14293334722518922
5,0.15194602642059327,0.1153577127456665
6,0.14298335466384887,0.1098825340270996
7,0.13549040985107422,0.14230919885635376
8,0.12868609714508056,0.14119599199295044
9,0.12544021997451782,0.09200021123886108
10,0.1191475923538208,0.08429274034500123
11,0.111218035030365,0.16067580699920656
12,0.1064987769126892,0.11153860712051392
13,0.10800075626373291,0.1208157696723938
14,0.10549298620223999,0.0872474684715271
15,0.10182426471710206,0.09528212261199952
16,0.09892497882843018,0.10861644649505615
17,0.09603627700805664,0.10353568458557129
18,0.0902441849708557,0.12415901660919189
19,0.08816033582687378,0.0885893235206604
20,0.09307748756408692,0.10409553337097167
21,0.0874689299583435,0.06840002775192261
22,0.08441357793807984,0.07000563049316406
23,0.08671949243545532,0.13887752342224122
24,0.08517126188278198,0.07407576274871826
25,0.08309550228118896,0.07866099119186401
26,0.07915191135406494,0.15984156751632692
27,0.07721109256744385,0.06303219413757324
28,0.08186940784454345,0.06846041202545167
29,0.0773289532661438,0.06457406997680665
30,0.07619108152389527,0.06739360618591309
31,0.07421700696945191,0.12989362716674804
32,0.07705388498306275,0.08713366508483887
33,0.07607490119934082,0.06463450002670289
34,0.07187124853134155,0.07424344873428344
35,0.07223775625228882,0.07249653625488281
36,0.07106203746795654,0.06867889881134033
37,0.06941370000839234,0.07829254913330078
38,0.0701933175086975,0.06685453796386719
39,0.07127774457931518,0.07628559589385986
40,0.0696569299697876,0.06319065904617309
41,0.06865164070129394,0.06569904851913452
42,0.06938518772125245,0.06416754102706909
43,0.06743942422866821,0.07174843788146973
