epoch,loss,val_loss
0,0.574487891960144,0.3405859880447388
1,0.33683178176879885,0.22107922792434692
2,0.25338110656738283,0.21273400545120238
3,0.21975971212387085,0.1733529772758484
4,0.2061215877532959,0.19534461212158202
5,0.19141358575820921,0.14342386960983278
6,0.17670866603851318,0.13554920625686645
7,0.1699146014213562,0.13983566331863403
8,0.16785125007629395,0.12995572900772095
9,0.15914561624526977,0.12457351732254028
10,0.15006352252960206,0.13026410818099976
11,0.14694110202789307,0.1173800139427185
12,0.14092096691131592,0.1958042039871216
13,0.13536621026992798,0.11854406452178955
14,0.13627189788818359,0.26270022010803223
15,0.13516920661926268,0.24042311143875122
16,0.12850817518234253,0.15329314851760864
17,0.12797598390579223,0.16812168884277343
18,0.12123647394180298,0.11922909593582154
19,0.11811766023635864,0.14656236696243286
20,0.1172684422492981,0.15965601825714112
21,0.11728466939926148,0.11804093551635743
22,0.11284413166046142,0.1025364236831665
23,0.1145365128517151,0.1362879853248596
24,0.10991312284469605,0.1230207257270813
25,0.11172228975296021,0.19864079570770263
26,0.10598303508758546,0.15861511611938475
27,0.10944303636550903,0.13452295970916747
28,0.1065035743713379,0.12039224195480347
29,0.1059063097000122,0.10783198642730712
30,0.10780494546890258,0.12155641078948974
31,0.10191580228805543,0.10197597694396973
32,0.10136062107086181,0.09805919742584228
33,0.09974154005050659,0.08255425119400024
34,0.09878383083343506,0.09845228433609009
35,0.09848616561889649,0.16776088571548461
36,0.09883381834030151,0.11848002338409423
37,0.09395144605636596,0.13561231803894042
38,0.09715999965667725,0.08739258909225464
39,0.09207006416320801,0.08071785545349121
40,0.09211899671554566,0.1052290587425232
41,0.09117155809402466,0.20797723388671874
42,0.08975894584655762,0.13781396293640136
43,0.09084268074035645,0.17357990074157714
44,0.09387295513153077,0.10082226991653442
45,0.08647132453918457,0.07738808536529541
46,0.08891033258438111,0.10733808183670043
47,0.0883374758720398,0.07782126235961914
48,0.0875958703994751,0.08409887552261353
49,0.08708853702545166,0.08306363439559937
50,0.0852861777305603,0.12328275871276856
51,0.08647883958816528,0.12652671432495116
52,0.08843459911346435,0.0806642599105835
53,0.08515675945281982,0.12423066425323487
54,0.0831803876876831,0.09483743667602539
55,0.08232495946884155,0.15476220560073853
56,0.08030751600265502,0.09085572338104247
57,0.08657014684677124,0.08131552362442017
58,0.08330278997421264,0.09904080533981323
59,0.08098273916244507,0.0832037034034729
60,0.07860336256027221,0.08807858037948608
61,0.08033616333007812,0.17361102771759032
