epoch,loss,val_loss
0,0.757470563030243,0.6656459312438965
1,0.46333789882659915,0.37485141324996946
2,0.2738560200691223,0.1771092038154602
3,0.20628821048736573,0.21551019430160523
4,0.18477941808700563,0.15065404558181764
5,0.17093467493057252,0.4208841319084167
6,0.15896290340423583,0.20959223794937135
7,0.1531344895362854,0.11488392925262451
8,0.14605089769363402,0.2407683777809143
9,0.13312076272964476,0.2246294403076172
10,0.1394697738647461,0.11069846725463867
11,0.12921058225631715,0.10040285444259643
12,0.12603453493118286,0.18742269372940062
13,0.12053669700622559,0.1332366852760315
14,0.12203368864059448,0.08976047325134277
15,0.11404690284729004,0.11683194780349732
16,0.11252846307754516,0.09023721981048584
17,0.11196496057510376,0.12705986738204955
18,0.10872686176300049,0.0912024269104004
19,0.10979957714080811,0.29181221055984496
20,0.10884292306900024,0.08358690023422241
21,0.10337775039672852,0.0933181014060974
22,0.10373033494949341,0.22202837800979613
23,0.10189185562133789,0.10057240056991577
24,0.09873084421157836,0.21708621644973755
25,0.09765443897247314,0.10035894966125489
26,0.0910582730293274,0.19137165021896363
27,0.09791896848678588,0.08430992269515991
28,0.09053338184356689,0.09088803100585938
29,0.09111925659179687,0.09299843740463257
30,0.09139934225082398,0.07964832210540772
31,0.08929819669723511,0.09768790864944459
32,0.08812692184448243,0.1182460961341858
33,0.0887694429397583,0.08468837594985962
34,0.08725825176239013,0.08357631349563599
35,0.08474681291580201,0.14401530981063843
36,0.083528151512146,0.08610411024093628
37,0.08519565238952637,0.08009676599502563
38,0.08387333612442016,0.07601616764068604
39,0.08130412883758545,0.09890347385406494
40,0.08063652353286743,0.0772413535118103
41,0.0791882664680481,0.08023723649978638
42,0.0811930998802185,0.08371894264221191
43,0.0787974365234375,0.08353107452392577
44,0.0789160813331604,0.25845812273025515
45,0.08121472845077515,0.07107630825042724
46,0.07815001640319824,0.07057679653167724
47,0.07695685167312621,0.07115068483352661
48,0.07670856132507324,0.06957300853729248
49,0.0777193793296814,0.07380916690826415
50,0.07512018623352051,0.08799777555465699
51,0.07488448333740234,0.08149879503250122
52,0.07339925909042358,0.07818646240234375
53,0.07576610631942748,0.06721370935440063
54,0.07240951633453369,0.1468660125732422
55,0.07608792572021485,0.06767152309417725
56,0.07071136627197265,0.07427407884597778
57,0.07531466341018676,0.06577888298034668
58,0.07058351058959961,0.1085181269645691
59,0.07164195461273193,0.06460319089889527
60,0.07502717905044555,0.07458407211303711
61,0.07120734949111938,0.07975581073760986
62,0.07195069713592529,0.07331282186508178
63,0.07201277551651002,0.10793271923065186
64,0.06991101207733154,0.07807184743881225
65,0.06944880790710449,0.06923902416229248
66,0.06963474712371827,0.06335210371017456
67,0.07102434816360474,0.07433365392684936
68,0.06714677734375,0.07042123031616211
69,0.06703335762023926,0.07958415603637695
70,0.06787603998184204,0.0629820237159729
71,0.0685624041557312,0.07994345712661743
72,0.06912433242797851,0.06784573411941529
73,0.06604979305267333,0.06311585521697997
74,0.06618383264541626,0.06411364698410034
75,0.06638372802734376,0.1114004397392273
76,0.06718681545257568,0.09137339544296265
77,0.06558238353729248,0.06365640926361084
78,0.06698492250442505,0.1142907428741455
79,0.06728178157806397,0.08111583757400513
80,0.06664564609527587,0.06170575094223023
81,0.06606600284576417,0.06246028709411621
82,0.06585926179885865,0.06758617496490478
83,0.06575113592147827,0.0857743968963623
84,0.06521471138000488,0.06147210788726807
85,0.0642698143005371,0.06093421649932861
86,0.065876864528656,0.06640451049804688
87,0.06493478651046752,0.07474368333816528
88,0.06409621152877808,0.0820329122543335
89,0.06546780643463135,0.058704506874084475
90,0.06317920894622803,0.07053822803497314
91,0.06601335039138793,0.060242114067077634
92,0.06300365123748779,0.06501905727386474
93,0.06433865613937378,0.10778668117523194
94,0.06430456790924072,0.06334275341033936
95,0.06334240846633911,0.06795157623291016
96,0.06263463287353516,0.07743078994750976
97,0.06220605039596558,0.059944778442382815
98,0.06210514736175537,0.06728662586212159
99,0.06346906805038452,0.0789092059135437
100,0.06115034589767456,0.05948344230651856
101,0.061913887786865233,0.08610769414901734
102,0.06341205835342408,0.06116079044342041
103,0.06018708753585816,0.06926142835617065
104,0.06076417179107666,0.06091969299316406
105,0.06378130168914795,0.06544602584838867
106,0.05935767993927002,0.06502789068222047
107,0.06179400634765625,0.1578783359527588
108,0.06243102931976318,0.06138119554519653
109,0.05848948554992676,0.0865249490737915
