epoch,loss,val_loss
0,0.6489493733406067,0.5278436074256897
1,0.3386394497871399,0.2557192335128784
2,0.21173286790847778,0.15169466257095338
3,0.18489428129196167,0.2004022068977356
4,0.16184335918426512,0.14424019479751587
5,0.15162377758026124,0.11758650398254394
6,0.1408576187133789,0.11406381940841674
7,0.13633936557769774,0.11721924114227295
8,0.13169403944015504,0.10340764999389648
9,0.12185583839416504,0.1493753409385681
10,0.11975138568878174,0.17950900411605836
11,0.11881067638397216,0.09695047807693481
12,0.11536283903121948,0.0880289249420166
13,0.11235240335464478,0.09932041454315185
14,0.10713279514312744,0.12569302892684936
15,0.10872499256134033,0.08767205476760864
16,0.10024115552902221,0.13391415309906005
17,0.10160145950317383,0.0946863341331482
18,0.09838877067565918,0.0921276741027832
19,0.09671966676712036,0.08776690912246704
20,0.09690162687301636,0.08443034744262695
21,0.09370072507858276,0.11290017986297607
22,0.09108101501464844,0.22157628154754638
23,0.09478133373260499,0.11733791303634644
24,0.08936617450714111,0.07850867509841919
25,0.08956549224853516,0.14763806772232055
26,0.0836237606048584,0.1111645588874817
27,0.0877765489578247,0.0743921570777893
28,0.08378377494812012,0.13895591259002685
29,0.08638056755065918,0.09836304473876953
30,0.08329765710830689,0.07574894189834595
31,0.07940532035827637,0.07827554082870483
32,0.08273092079162597,0.08168530130386352
33,0.08093696460723877,0.08680249977111816
34,0.08172811241149902,0.0706767053604126
35,0.07852107744216918,0.1263030514717102
36,0.07859424419403076,0.06753843116760254
37,0.08069507293701172,0.08187167882919312
38,0.07778479595184326,0.06860675287246704
39,0.07806746397018433,0.09127326107025147
40,0.07627876825332641,0.06773631286621094
41,0.07510724258422852,0.07497078895568848
42,0.0749314374923706,0.07702966165542603
43,0.07630383834838868,0.07641979885101319
44,0.07692601461410523,0.07933684968948364
45,0.07062716522216797,0.08404555988311768
46,0.07368404960632324,0.08139412927627564
47,0.07406967325210571,0.06723524522781373
48,0.07401413488388062,0.08845156621932983
49,0.07354994335174561,0.08376497602462768
50,0.07093147354125977,0.08585516834259033
51,0.07042559223175049,0.11805788564682007
52,0.07086680335998535,0.08376483345031738
53,0.07036796102523804,0.06672421026229858
54,0.06866391773223877,0.06953102540969848
55,0.07038583774566651,0.09396425247192383
56,0.06904944448471069,0.07350053358078003
57,0.07181176824569702,0.07110409355163574
58,0.06923088531494141,0.10209414434432984
59,0.07028018245697021,0.06690001058578492
60,0.06978754415512085,0.0675988130569458
61,0.06643853960037231,0.06302160167694092
62,0.0657072808265686,0.08620343828201293
63,0.06680137176513672,0.08288969945907593
64,0.07011962699890137,0.0944373836517334
65,0.06631257524490357,0.06656150960922241
66,0.06485514392852783,0.06431329917907715
67,0.06539228286743164,0.10994498443603516
68,0.06700793714523315,0.062016472339630126
69,0.0666839334487915,0.061036369323730466
70,0.06651110229492188,0.06338849925994873
71,0.0658430380821228,0.06419961071014404
72,0.06485496225357056,0.0745044002532959
73,0.06252564306259155,0.0655431752204895
74,0.06498328685760497,0.06426816463470458
75,0.06404936456680298,0.10200475025177001
76,0.0652693959236145,0.06505324697494506
77,0.06230231800079346,0.06096394014358521
78,0.0653777684211731,0.10032364177703858
79,0.06454951963424682,0.11397179937362671
80,0.06381291799545288,0.0936441068649292
81,0.06352059726715088,0.0681463851928711
82,0.06348104305267334,0.062212076663970946
83,0.062375215911865234,0.2008119807243347
84,0.06730613822937012,0.06659297466278076
85,0.0622573073387146,0.06330080413818359
86,0.06258635988235474,0.05887843608856201
87,0.06223164310455322,0.06337559986114502
88,0.060226755809783934,0.233093523979187
89,0.06442801094055176,0.06516035175323487
90,0.06109436864852905,0.06117322254180908
91,0.06193481101989746,0.06508661222457886
92,0.0618734751701355,0.06565169811248779
93,0.061330248069763185,0.07808302307128906
94,0.061221907138824465,0.06067568063735962
95,0.06430008430480957,0.10356774663925171
96,0.06061194190979004,0.059994140148162844
97,0.05997246961593628,0.07730678129196167
98,0.06051438035964966,0.06127409934997559
99,0.05966801929473877,0.05892509126663208
100,0.058879406547546385,0.061835373401641844
101,0.06029985246658325,0.06502194547653198
102,0.060010159778594974,0.10140722560882569
103,0.059747683811187745,0.05826444673538208
104,0.058517233943939206,0.05888063621520996
105,0.058335719394683835,0.08756221723556519
106,0.06048908262252808,0.1012864646911621
107,0.05802609834671021,0.07456201314926147
108,0.0590933575630188,0.05755718469619751
109,0.05750536851882935,0.057713510990142824
110,0.058964250087738035,0.05950528621673584
111,0.05837672901153564,0.0645686526298523
112,0.0585513126373291,0.06928405714035034
113,0.05792105302810669,0.06081263208389282
114,0.05875741558074951,0.06386918640136718
115,0.05884519519805908,0.062325164318084714
116,0.05770147314071655,0.060938352584838866
117,0.05844757595062256,0.06734657144546509
118,0.05906392440795898,0.06478690385818481
119,0.05690559005737305,0.08545531129837036
120,0.05971885271072388,0.05987060308456421
121,0.05813818655014038,0.05997368192672729
122,0.05566509046554565,0.05716320753097534
123,0.057370077800750735,0.06569916105270386
124,0.05656972789764404,0.09391510057449341
125,0.05759860944747925,0.12315825128555298
126,0.05854877872467041,0.06165978288650513
127,0.05517659311294556,0.0641258339881897
128,0.05571324872970581,0.06838640594482422
129,0.05651896228790283,0.056616348266601564
130,0.05642148399353027,0.05765089416503906
131,0.056627140617370605,0.07478290271759033
132,0.05746682367324829,0.058237677574157716
133,0.05628363208770752,0.08491713666915894
134,0.055528789043426514,0.05702701616287231
135,0.05490578880310058,0.07994693422317505
136,0.058030118083953856,0.06295831060409546
137,0.05506292953491211,0.05815095567703247
138,0.05414460153579712,0.0804605975151062
139,0.05614772682189941,0.058879469871521
140,0.052840631675720215,0.0648893404006958
141,0.056253017044067384,0.07606975078582763
142,0.055653152751922605,0.062121479511260985
143,0.05558325643539429,0.0573350772857666
144,0.055604392910003665,0.08091339254379272
145,0.05633095636367798,0.057606863498687745
146,0.05465973424911499,0.06368184900283813
147,0.05611555290222168,0.0577556095123291
148,0.05465179491043091,0.08708532285690308
149,0.05481504793167114,0.058222699642181394
