epoch,loss,val_loss
0,0.6282275805473327,0.6944036831855774
1,0.3350195704460144,0.2777711863517761
2,0.21395425996780396,0.2145745439529419
3,0.174628830909729,0.15073678541183472
4,0.1546281054496765,0.1109816427230835
5,0.1465212124824524,0.12372799682617187
6,0.13206349458694458,0.09649534034729004
7,0.12409121131896973,0.10050304317474365
8,0.11748390111923218,0.16443207359313966
9,0.11139268722534179,0.0884349570274353
10,0.10885371761322021,0.07694844722747803
11,0.10074917850494385,0.08326574420928955
12,0.0990541971206665,0.08839669132232666
13,0.09341417770385742,0.10954347038269042
14,0.09379377918243408,0.07200544023513794
15,0.08699360332489013,0.1070598578453064
16,0.08498163862228393,0.07039176368713379
17,0.0843020998954773,0.2319761962890625
18,0.08531248817443848,0.06588337421417237
19,0.07828980093002319,0.2014742932319641
20,0.07969998159408569,0.06293932676315307
21,0.07783856735229493,0.09826569128036498
22,0.07585796308517456,0.06330404806137085
23,0.0706901424407959,0.0733362374305725
24,0.07411156177520752,0.08423797130584716
25,0.07143975772857666,0.05703143692016602
26,0.06900465822219849,0.0642551417350769
27,0.0680182879447937,0.06602589988708496
28,0.06686504802703858,0.07023190450668335
29,0.06745669746398926,0.05367946767807007
30,0.0658834361076355,0.06371103048324585
31,0.06641103610992431,0.061421159744262696
32,0.06499453659057618,0.05503086042404175
33,0.06461446495056153,0.06347467660903931
34,0.06187387723922729,0.07048778820037842
35,0.061642022228240965,0.055359612464904784
36,0.062204977416992185,0.05533845186233521
37,0.06043629169464111,0.053443781852722166
38,0.05882745323181152,0.08201104879379273
39,0.06137375955581665,0.08733737945556641
40,0.060781211280822756,0.05342969703674316
41,0.05948647232055664,0.058088050365448
42,0.05878412761688232,0.05016406726837158
43,0.058912374305725095,0.08329138374328614
44,0.057876691246032716,0.05508337879180908
45,0.057896945476531986,0.0484149432182312
46,0.05731807928085327,0.05582497501373291
47,0.055946325302124025,0.051717168807983396
48,0.05739031896591187,0.053869810581207274
49,0.05820140342712402,0.05012141609191895
50,0.05616915855407715,0.06976109552383424
51,0.05428551664352417,0.048415043830871585
52,0.054712821292877196,0.04898442268371582
53,0.05520190706253052,0.0641792073249817
54,0.05358306970596313,0.050247896194458005
55,0.05213278074264526,0.06487650012969971
56,0.05274588508605957,0.06429348850250244
57,0.05350487051010132,0.050669198036193845
58,0.05360724811553955,0.10647516775131226
59,0.05345627956390381,0.048573919773101805
60,0.053555991458892824,0.052507774353027344
61,0.05205457010269165,0.06821155166625976
