epoch,loss,val_loss
0,0.5793791303634643,0.377071400642395
1,0.32882642221450803,0.19701709747314453
2,0.23716575927734376,0.15859550046920776
3,0.20516453008651733,0.1424964461326599
4,0.1860834818840027,0.21776067876815797
5,0.17694891567230225,0.15174337005615235
6,0.15602446689605712,0.10999143648147583
7,0.15060725011825563,0.13714043235778808
8,0.14060387544631958,0.10584882593154907
9,0.136515078830719,0.1430074553489685
10,0.1282658381462097,0.09719266176223755
11,0.12180247135162353,0.21073141622543334
12,0.1194390814781189,0.07681971073150634
13,0.11009160776138306,0.15583805227279662
14,0.10817757368087769,0.1118161211013794
15,0.10348596696853637,0.0864149808883667
16,0.09905777521133423,0.07857195663452149
17,0.09998573932647704,0.2790594906806946
18,0.09930717496871948,0.08471833229064941
19,0.09623366184234619,0.08021165704727173
20,0.08919018726348876,0.09206387424468994
21,0.09011551780700684,0.09946690988540649
22,0.08790691394805908,0.09921746444702148
23,0.08599504289627075,0.08768818712234497
24,0.08614055814743042,0.07095130920410156
25,0.08294438962936401,0.06900845003128052
26,0.07997550382614135,0.06042433452606201
27,0.07980496034622192,0.09065631055831909
28,0.07777272825241088,0.07535080099105836
29,0.07612850551605224,0.14533788871765135
30,0.07817300758361817,0.07316366958618165
31,0.07640750923156739,0.0676276969909668
32,0.0742507197380066,0.06308918571472168
33,0.07425697612762451,0.07122829389572144
34,0.07463786020278931,0.09776824855804443
35,0.07272324981689453,0.05488482904434204
36,0.0727731032371521,0.05300110006332397
37,0.06866418418884278,0.07569393396377563
38,0.06946630182266235,0.05516778898239136
39,0.06654348669052124,0.06135213851928711
40,0.06791867027282715,0.08268140983581543
41,0.06762894716262817,0.06548712825775146
42,0.06574947652816772,0.10419549608230591
43,0.06730919885635377,0.06395449638366699
44,0.0671657036781311,0.05179583406448364
45,0.062203016281127926,0.0526025390625
46,0.06018318853378296,0.08378818321228028
47,0.06387153787612915,0.06551628017425537
48,0.06525870847702027,0.07404001426696777
49,0.06362147846221924,0.06328807497024536
50,0.06149735155105591,0.21534601879119872
51,0.06359533061981201,0.06818471145629883
52,0.06410291194915771,0.0681098690032959
53,0.060029157447814945,0.05554276657104492
54,0.05988090715408325,0.05790925931930542
55,0.06031586503982544,0.06514461469650269
56,0.061461766719818116,0.07276657962799073
57,0.05828581190109253,0.06705948829650879
58,0.06034633464813233,0.06403378772735596
59,0.059290365314483645,0.059598671436309814
60,0.057816505432128906,0.05014996719360352
61,0.058926155662536624,0.05532648038864136
62,0.058756256103515626,0.06918849897384644
63,0.05665577850341797,0.06592853736877441
64,0.058448062324523924,0.07508477306365967
65,0.05764711217880249,0.05770153379440308
66,0.057818762874603274,0.05930796241760254
67,0.05661958379745483,0.08796268844604492
68,0.058553122901916506,0.0732226505279541
69,0.05283075332641601,0.04885445833206177
70,0.05692480239868164,0.05160711240768433
71,0.05553732891082764,0.05120369005203247
72,0.0559111912727356,0.05866658926010132
73,0.05475455322265625,0.13173839902877807
74,0.05521879663467407,0.06879075050354004
75,0.05520590343475342,0.05077495384216309
76,0.05539957914352417,0.05985093212127685
77,0.054069321918487546,0.050676934719085694
78,0.05322236032485962,0.056041592597961425
79,0.05479171924591064,0.05086003255844116
80,0.05203172225952148,0.051284655570983884
81,0.05379817266464233,0.06394114685058594
82,0.0548992356300354,0.0535113639831543
83,0.054640554428100584,0.06613487434387207
84,0.052948612213134766,0.05629335975646973
85,0.052150967407226564,0.056621908187866214
