epoch,loss,val_loss
0,0.6070802924156189,0.4950538430213928
1,0.27055457429885865,0.17261767530441285
2,0.16368867378234864,0.1409672203063965
3,0.1394464078903198,0.12794732761383057
4,0.132087947845459,0.1361842827796936
5,0.11845861616134644,0.12345118856430054
6,0.11658211250305175,0.11387120771408081
7,0.11290116138458252,0.15135395765304566
8,0.10881551399230957,0.10341335964202882
9,0.10343645219802856,0.12185551357269288
10,0.10192164268493652,0.10100924301147461
11,0.09915310506820679,0.11276915645599365
12,0.09894049816131592,0.0964343113899231
13,0.09446211957931519,0.09563381147384643
14,0.09621766271591187,0.08732149934768677
15,0.09313813333511353,0.11351427459716797
16,0.09237929248809815,0.09238275194168091
17,0.09078423318862915,0.09115086603164672
18,0.0890423005104065,0.09577336168289184
19,0.08878862009048462,0.08851558923721313
20,0.08799902963638305,0.08304883241653442
21,0.08818880376815796,0.084798415184021
22,0.08581431322097778,0.09452547883987426
23,0.08607703342437745,0.08635456418991089
24,0.08566841926574707,0.0870696988105774
25,0.0829332597732544,0.09956652402877808
26,0.08428562936782837,0.15840494680404663
27,0.08519993896484375,0.11136050987243652
28,0.0846098687171936,0.08870745134353637
29,0.08352721080780029,0.08889516878128052
30,0.0824961187362671,0.08173053026199341
31,0.0834387149810791,0.09712887716293335
32,0.08217432708740234,0.09391719055175782
33,0.08249726819992065,0.1171555323600769
34,0.0820242977142334,0.08406209754943848
35,0.08007179050445556,0.09567094278335571
36,0.07979272546768189,0.08221374368667603
37,0.08177224407196045,0.10787346506118775
38,0.08119363069534302,0.1044398694038391
39,0.08169825916290283,0.08714562845230102
40,0.07909563579559326,0.0896584553718567
