epoch,loss,val_loss
0,0.6344610700607299,0.342427951335907
1,0.40684229917526243,0.29076816082000734
2,0.29610659341812134,0.2082738800048828
3,0.2479369418144226,0.20762224769592286
4,0.22415467891693117,0.2187331714630127
5,0.21103802404403688,0.3629204864501953
6,0.20230676164627076,0.287304584980011
7,0.1928628113746643,0.2837413883209228
8,0.1853559821128845,0.1488964524269104
9,0.17490109758377076,0.2830461254119873
10,0.1719580774307251,0.13385135459899902
11,0.16305805492401124,0.2937934112548828
12,0.16318939056396484,0.13080710601806642
13,0.14749163551330566,0.11983229732513427
14,0.1526030170440674,0.11682008457183837
15,0.14891496953964234,0.2917139501571655
16,0.14324190073013307,0.1090300269126892
17,0.1376817629814148,0.11343225145339966
18,0.13287192583084106,0.11065292072296143
19,0.1317858801841736,0.10997557735443116
20,0.12725103158950807,0.16977799367904664
21,0.12827736988067626,0.23490171241760255
22,0.12875132989883423,0.1327781081199646
23,0.12549865589141845,0.1339749174118042
24,0.11655125494003296,0.09779647254943848
25,0.12349658937454223,0.1733050718307495
26,0.11747042951583862,0.09077151489257812
27,0.1123116530418396,0.10232424354553223
28,0.11224017095565796,0.19652118587493897
29,0.11514727592468262,0.09599807977676392
30,0.11092439041137696,0.11926069259643554
31,0.10671355104446412,0.11639283323287963
32,0.11017580270767212,0.08732074737548828
33,0.105590980052948,0.18557152271270752
34,0.1092915168762207,0.09237209892272949
35,0.10106946725845337,0.12335355472564698
36,0.10675380802154541,0.13556514072418213
37,0.10279464588165284,0.31243518114089963
38,0.10510286302566528,0.11129624891281129
39,0.10021149158477784,0.10637353563308716
40,0.09755876331329345,0.09213947105407715
41,0.09597715406417846,0.08798599481582642
42,0.09499575958251953,0.07806866312026978
43,0.0972077085494995,0.16737398099899292
44,0.09562973680496216,0.07610332584381103
45,0.09530909156799316,0.08026744127273559
46,0.09275853242874145,0.0997387661933899
47,0.09270773582458496,0.08159946250915527
48,0.0924593355178833,0.12602822732925414
49,0.09286260452270508,0.0986113748550415
50,0.08779439811706544,0.1619509334564209
51,0.08998355693817138,0.07416754913330079
52,0.08435868177413941,0.08660291337966919
53,0.0881594895362854,0.07823844003677369
54,0.08875708036422729,0.10199445915222168
55,0.08885187120437622,0.07999555540084839
56,0.08630881872177124,0.07724179697036743
57,0.08502474842071533,0.08913323545455933
58,0.08400663099288941,0.11130364179611206
59,0.08513235301971435,0.07996728134155273
60,0.08334981355667115,0.08379115629196167
61,0.08386708688735962,0.0719987359046936
62,0.08419234800338746,0.07855672359466553
63,0.08291066884994507,0.09455511236190796
64,0.08358789081573487,0.08220923519134521
65,0.08076132669448853,0.0978775577545166
66,0.08145971994400024,0.09446411037445068
67,0.08227039556503296,0.07229000663757325
68,0.08002237691879273,0.11863905382156371
69,0.08016780500411988,0.11982068061828613
70,0.08042565698623658,0.07847693729400634
71,0.07766192493438721,0.0705306453704834
72,0.07753350200653077,0.0815777268409729
73,0.08011470499038696,0.09684331941604614
74,0.07891193466186523,0.07571921730041505
75,0.07469003582000733,0.19807781839370728
76,0.08120567474365234,0.10510718727111816
77,0.07720664863586425,0.0927814736366272
78,0.07477542324066162,0.07877598905563354
79,0.07539507522583008,0.12141414117813111
80,0.07592719497680664,0.12962228298187256
81,0.07552966175079345,0.07655872344970703
82,0.07390615940093995,0.12711864042282103
83,0.07430136022567749,0.158412082195282
84,0.07375651760101318,0.09290195417404175
85,0.07366406707763672,0.11608223581314087
86,0.07512062244415284,0.10207190990447998
87,0.07269288368225098,0.08740603971481323
