epoch,loss,val_loss
0,0.5836460868835449,0.2507203121185303
1,0.30444350595474245,0.1822533164024353
2,0.20316795511245728,0.27299707317352295
3,0.17197035388946533,0.292261736869812
4,0.15101549129486083,0.11025659036636352
5,0.13820234565734862,0.15847030973434448
6,0.12647307262420654,0.09272873544692993
7,0.12355336437225342,0.08767908525466919
8,0.11346967945098876,0.3689996113777161
9,0.1106509729385376,0.08725503253936767
10,0.09944749927520752,0.16480061388015746
11,0.09702391147613526,0.2968376483917236
12,0.09872201452255248,0.0727210578918457
13,0.09122400674819946,0.11760340929031372
14,0.08754314842224122,0.091235520362854
15,0.08502138376235963,0.23599114942550659
16,0.08372328405380249,0.06903468227386475
17,0.07800636882781982,0.07252574110031128
18,0.0736836853981018,0.0637364296913147
19,0.0744025281906128,0.08304731464385987
20,0.07600983991622925,0.10325840854644776
21,0.07222985935211182,0.07432127428054809
22,0.07046198682785035,0.08605292177200317
23,0.06922380752563477,0.059434818267822265
24,0.06919528636932373,0.0716506290435791
25,0.06696032094955444,0.06369713973999024
26,0.0666975344657898,0.07982882690429688
27,0.06469074506759644,0.0642315878868103
28,0.06519058713912963,0.05457249164581299
29,0.06424379329681397,0.05412187242507935
30,0.06281777801513672,0.06342671394348144
31,0.06350205640792847,0.06082864379882812
32,0.06100249013900757,0.04922118663787842
33,0.060922385120391845,0.05742875623703003
34,0.06159681940078735,0.0626871223449707
35,0.05966069345474243,0.055707811355590824
36,0.05860944690704346,0.059009422779083255
37,0.06054075307846069,0.05776179313659668
38,0.057600592231750486,0.0539921727180481
39,0.05565572624206543,0.04821510553359985
40,0.05737546558380127,0.04772727680206299
41,0.05690587100982666,0.06578339958190918
42,0.05692098970413208,0.05777175664901733
43,0.055585368061065676,0.0722974820137024
44,0.055935397052764894,0.05537100028991699
45,0.05613865098953247,0.059280346870422364
46,0.0557730471611023,0.05164820098876953
47,0.05489938058853149,0.09209877872467041
48,0.0533218936920166,0.12966672801971435
49,0.05482491493225097,0.05282304906845093
50,0.05449584245681763,0.052321502208709715
51,0.05397138109207153,0.04998033666610718
52,0.05173896131515503,0.05913296127319336
53,0.054397748851776125,0.05698878240585327
54,0.052610085105895994,0.058108034133911135
55,0.05159268140792847,0.06288280582427978
56,0.05214453506469727,0.05327469301223755
