epoch,loss,val_loss
0,0.605220492362976,0.5842873001098633
1,0.31630817365646363,0.2300002188682556
2,0.2158158218383789,0.16119647550582886
3,0.18188510122299195,0.13755152893066405
4,0.1656064588546753,0.1442451319694519
5,0.15153954038619996,0.12388464117050171
6,0.14586189594268797,0.11899120044708252
7,0.13690091009140015,0.12369449186325074
8,0.1332643136024475,0.16708092164993285
9,0.12848511228561402,0.13974940967559815
10,0.12376079711914062,0.1272904930114746
11,0.12139443254470825,0.1081906213760376
12,0.11667673530578614,0.10334038925170898
13,0.11593644466400146,0.100948157787323
14,0.1162837989807129,0.11475133848190308
15,0.10968191251754761,0.11269320344924927
16,0.11024183845520019,0.12582709121704103
17,0.10613805875778198,0.1559736166000366
18,0.1067496729850769,0.10244408226013184
19,0.10224094772338867,0.09649589681625366
20,0.10143292436599731,0.10430976009368896
21,0.10287513484954834,0.08935805177688598
22,0.09885330743789673,0.10404149436950684
23,0.10092889356613159,0.08960398817062377
24,0.09849301996231079,0.10665747308731079
25,0.10075924882888794,0.09841794347763061
26,0.0967357364654541,0.09111016845703125
27,0.09743154058456421,0.09332383632659912
28,0.09535794687271118,0.08769030857086181
29,0.0969050718307495,0.08786461067199706
30,0.09234486560821534,0.09436312007904053
31,0.09266477632522584,0.13464216566085815
32,0.09053564147949218,0.08981750583648682
33,0.09174741430282593,0.0982020378112793
34,0.09123261756896972,0.08770559787750244
35,0.09059402437210083,0.0948284740447998
36,0.08991007957458497,0.0864825553894043
37,0.09075513916015625,0.08880937480926514
38,0.08648051671981812,0.0867546854019165
39,0.0895600154876709,0.10035146522521973
40,0.0884404517173767,0.11305779600143433
41,0.08754118413925172,0.08576089668273926
42,0.08839441928863526,0.08654129552841186
43,0.09046886882781982,0.08398369550704957
44,0.08641076431274414,0.12418307638168335
45,0.08649859371185303,0.08327882814407349
46,0.08636465635299682,0.0848274359703064
47,0.0853601987838745,0.0876317024230957
48,0.0849071702003479,0.08481549310684204
49,0.08671715698242187,0.08474715423583984
50,0.0863381329536438,0.08412244272232056
51,0.08355748090744018,0.08494095420837403
52,0.08480142087936401,0.0800204348564148
53,0.08326412153244019,0.07897898721694946
54,0.0835569507598877,0.12448383474349975
55,0.08417501792907715,0.08023961782455444
56,0.08527817220687867,0.12708393287658692
57,0.08228477602005005,0.11885029125213623
58,0.08193790493011474,0.07865800762176514
59,0.08080721244812011,0.08232171726226807
60,0.08349575004577636,0.08832155323028565
61,0.080581183052063,0.09732600164413452
62,0.08178520450592042,0.3622998566627502
63,0.08630809478759766,0.09392912864685059
64,0.08161906080245972,0.07982230854034424
65,0.08043779907226563,0.09068171882629394
66,0.0799076901435852,0.07891540098190307
67,0.0800571912765503,0.08722071075439453
68,0.0793713578224182,0.0909019045829773
69,0.07975508651733398,0.08013062477111817
70,0.07994280652999879,0.10544787645339966
71,0.0798955060005188,0.1466045970916748
72,0.08142135877609252,0.08186383676528931
73,0.08017894067764282,0.07687625885009766
74,0.07870849676132202,0.08006899881362915
75,0.07791513185501099,0.07823080444335938
76,0.07884121341705322,0.08118448543548584
77,0.07599894943237305,0.07613874292373657
78,0.07852376527786255,0.07662712097167969
79,0.07653016452789306,0.07637686729431152
80,0.07767415704727172,0.07737049007415772
81,0.07703887357711792,0.0840714783668518
82,0.07688135232925415,0.09577652215957641
83,0.07810392398834229,0.11122576570510864
84,0.0782498028755188,0.08430931663513183
85,0.07694362888336181,0.07685291290283203
86,0.07671227703094483,0.11536165237426758
87,0.07514210481643677,0.0822585015296936
88,0.07641438226699829,0.07672785615921021
89,0.07587963008880615,0.07806417989730835
90,0.07511704778671265,0.07844917058944702
91,0.07647124576568604,0.0921570701599121
92,0.07523924074172973,0.14410749435424805
93,0.07628297481536865,0.08411957311630248
94,0.07548886651992798,0.08304177618026734
95,0.07552318544387818,0.07604735898971558
96,0.0771218638420105,0.07899807596206665
97,0.07552294464111328,0.10095324087142944
98,0.07488934650421143,0.0869827036857605
99,0.07603124494552613,0.0771712908744812
100,0.07529113817214966,0.1322264642715454
101,0.07417571201324463,0.07850542306900024
102,0.07462485361099243,0.08003044748306275
103,0.07282107906341553,0.08374559545516967
104,0.07502428722381592,0.0758284969329834
105,0.07460532932281494,0.09560846090316773
106,0.07527506875991821,0.08049810838699341
107,0.07400497093200684,0.08977962017059327
108,0.07286473531723023,0.0774613847732544
109,0.07286921253204345,0.07577816009521485
110,0.07309189863204955,0.0765100564956665
111,0.07279487075805664,0.09667008638381958
112,0.07359263782501221,0.08305430030822754
113,0.07246076726913452,0.07859207677841186
114,0.07369799423217774,0.07925421619415284
115,0.07255021076202392,0.07616404962539673
116,0.0722693489074707,0.07832808876037597
117,0.07312032423019409,0.08830065393447876
118,0.07181438360214233,0.07848555374145508
119,0.07226528339385986,0.08233426475524902
120,0.0718919056892395,0.24187883758544923
121,0.07560470323562622,0.07555531692504883
122,0.06994621391296386,0.12558531522750854
123,0.07221515216827393,0.07544768381118774
124,0.0724311224937439,0.07470394039154053
125,0.0715928939819336,0.0766997995376587
126,0.0701969388961792,0.07564663171768188
127,0.07155938997268677,0.0767038745880127
128,0.07124642343521118,0.07538734674453736
129,0.0708020531654358,0.07464232683181762
130,0.07043461637496948,0.13909974002838135
131,0.07119068460464477,0.07729212284088134
132,0.0723209111213684,0.0770683307647705
133,0.07028302068710326,0.07666947078704835
134,0.07002843570709229,0.07458118438720703
135,0.07070458087921143,0.08871843051910401
136,0.07033889865875244,0.07790686798095703
137,0.07052784881591796,0.07624534463882446
138,0.07171917419433593,0.07508606052398682
139,0.07018873081207275,0.07651947021484375
140,0.07088996524810791,0.08096255779266358
141,0.07127160081863404,0.07488023233413696
142,0.06899856481552125,0.07570039176940918
143,0.06894704208374024,0.07517781782150268
144,0.06983707990646362,0.07676253461837769
145,0.06837412986755372,0.08994393110275269
146,0.06988370170593261,0.07447684240341186
147,0.06761073732376098,0.07661969327926636
148,0.06958884744644166,0.07601692628860474
149,0.06842187271118164,0.08759979486465454
150,0.0692866837501526,0.07525233697891236
151,0.06909667644500732,0.07701382875442504
152,0.06849669094085693,0.07567604684829712
153,0.06839082536697387,0.07542165470123291
154,0.06957111473083497,0.07305587720870972
155,0.06937817668914795,0.07755564260482788
156,0.06704110288619995,0.08195145273208618
157,0.06879766235351563,0.07957444953918456
158,0.07081809015274047,0.07733415508270264
159,0.06757626047134399,0.08905645990371704
160,0.0695355369567871,0.09663790607452392
161,0.06713872127532959,0.07417000198364258
162,0.0677569263458252,0.08407195568084717
163,0.06787736072540283,0.07640756607055664
164,0.06914926881790161,0.07672752666473388
165,0.06656325159072876,0.07511865425109863
166,0.06665239124298096,0.07696958208084106
167,0.06614159698486329,0.08158334827423096
168,0.06877617263793945,0.08654771137237549
169,0.06568558721542359,0.07512573766708373
170,0.06619434604644775,0.07609142732620239
171,0.06473280792236329,0.0962218599319458
172,0.06788176012039185,0.07739198732376099
173,0.06718657560348511,0.07531400966644287
174,0.06576494674682618,0.1006607985496521
