epoch,loss,val_loss
0,0.6350713856697082,0.5053714790344238
1,0.46346440773010256,0.45645037603378297
2,0.41786327810287477,0.43453471755981443
3,0.40229113693237306,0.3734313683509827
4,0.3839079195976257,0.3664680862426758
5,0.3731547652244568,0.3535304136276245
6,0.3570521083831787,0.35833929920196533
7,0.3290621929168701,0.40314513397216795
8,0.309896826839447,0.3010093107223511
9,0.2945541185379028,0.274445677280426
10,0.27293985328674314,0.26693522596359254
11,0.26204918422698975,0.2655281329154968
12,0.25138021450042725,0.23507976150512697
13,0.23556688899993897,0.26023962450027466
14,0.230317516040802,0.3891345582008362
15,0.22067430877685548,0.2105340371131897
16,0.21753726720809938,0.20584550237655638
17,0.20531015701293945,0.4033408308029175
18,0.20666262493133544,0.2804706606864929
19,0.19893687896728515,0.18642725086212159
20,0.1939518105506897,0.3582275595664978
21,0.189828506565094,0.1987505874633789
22,0.18531302890777587,0.18144602012634278
23,0.18384974889755248,0.17192344474792481
24,0.1770510950088501,0.3715040187835693
25,0.17564571733474732,0.22927558755874633
26,0.17507812757492067,0.22313293313980104
27,0.17191369934082032,0.1787003345489502
28,0.1708743553161621,0.16982915830612183
29,0.16776512460708617,0.1652280969619751
30,0.1626207197189331,0.16861457967758178
31,0.1613685980796814,0.16120236492156984
32,0.1606332010269165,0.2871159391403198
33,0.16394927406311036,0.2174595274925232
34,0.15820310344696045,0.18206756448745728
35,0.1575915461540222,0.15040915203094482
36,0.15521451511383055,0.18451225328445434
37,0.1541634211540222,0.15389051151275634
38,0.1533394844055176,0.15332300758361816
39,0.14930179271698,0.15477140617370605
40,0.15174011993408204,0.14703695487976073
41,0.14995751428604126,0.15634273338317872
42,0.14600696458816528,0.16367135906219482
43,0.14520785627365113,0.1444144654273987
44,0.14615593786239625,0.18343189573287963
45,0.14424392337799072,0.1671821026802063
46,0.14569920148849488,0.1629213833808899
47,0.14175819339752196,0.14598085355758667
48,0.140773348903656,0.16404607439041138
49,0.13930621089935302,0.13793983840942384
50,0.1416690574645996,0.15936384868621825
51,0.13786312408447265,0.1389961380958557
52,0.13490617418289186,0.14997343015670778
53,0.13718727464675903,0.1381869945526123
54,0.13821738224029542,0.1390175371170044
55,0.1357184470176697,0.15462982988357543
56,0.13522115468978882,0.1402469267845154
57,0.13433908090591432,0.2074475612640381
58,0.13826134052276612,0.4021823205947876
59,0.13606466579437257,0.15425161552429198
60,0.1296088116645813,0.13905531740188598
61,0.13215824899673462,0.15302622938156127
62,0.13163689517974853,0.13791968154907228
63,0.13035121269226074,0.1505624613761902
64,0.12980629320144654,0.13426654958724976
65,0.12718312273025512,0.1318503408432007
66,0.1285371778488159,0.15392337322235108
67,0.12792442588806152,0.1444464249610901
68,0.1268583888053894,0.13185097026824952
69,0.12838974294662475,0.13003841018676757
70,0.12736855201721192,0.15817223405838013
71,0.1303377387046814,0.1571550316810608
72,0.1251619149208069,0.15927254390716553
73,0.1225563437461853,0.14626720428466797
74,0.12429122619628906,0.12842939567565917
75,0.12356708002090454,0.1295418872833252
76,0.12093616228103637,0.12853315734863283
77,0.12282156229019164,0.13318303155899047
78,0.12143232097625732,0.13201149320602418
79,0.12363507404327392,0.1260552725791931
80,0.1200519100189209,0.41067173051834105
81,0.12767568397521972,0.1292488522529602
82,0.1187805290222168,0.1671525764465332
83,0.11799373931884766,0.18849986267089844
84,0.11901144819259643,0.13609686756134035
85,0.11730991821289062,0.15680316400527955
86,0.117141810131073,0.12630803680419922
87,0.1159361979484558,0.13009031438827515
88,0.1172038010597229,0.141286226272583
89,0.11737413301467896,0.14789995098114014
90,0.1155603416442871,0.13527410554885863
91,0.11591015872955322,0.19977774000167847
92,0.11498225631713867,0.124581862449646
93,0.11508134622573853,0.12849273777008058
94,0.11312033777236938,0.12319916200637818
95,0.11283907651901245,0.125881947517395
96,0.11100028190612793,0.1294510245323181
97,0.11123617191314697,0.13227487230300902
98,0.11234745578765869,0.14506278610229492
99,0.11297231016159058,0.12350097227096557
100,0.11181780252456665,0.1302919282913208
101,0.1129587685585022,0.13259557008743286
102,0.11018954496383666,0.12723614406585693
103,0.10950956411361694,0.12176113939285278
104,0.11056879587173461,0.13656945753097535
105,0.1092849160194397,0.1348005714416504
106,0.1082775637626648,0.12301004648208619
107,0.10817726860046387,0.12995465898513794
108,0.10747612285614014,0.13756047105789185
109,0.10462771501541138,0.12398531198501588
110,0.10593499727249145,0.17172632503509522
111,0.10778976974487305,0.12495243883132935
112,0.1068660662651062,0.12294647789001464
113,0.10526442689895629,0.13264127159118652
114,0.1069780517578125,0.12261875820159912
115,0.10385854864120483,0.1237218360900879
116,0.1050335331916809,0.15681083106994628
117,0.1069252667427063,0.1588798670768738
118,0.10528716859817505,0.14116057300567628
119,0.10182730617523193,0.12709914875030517
120,0.10340613422393799,0.12365569257736206
121,0.10477374296188355,0.11952966451644897
122,0.10165848426818848,0.13072088241577148
123,0.10186147861480713,0.1325111746788025
124,0.10003626346588135,0.1212993540763855
125,0.10075855026245117,0.1448963212966919
126,0.10157600717544556,0.12030670738220214
127,0.1005082483291626,0.1470179100036621
128,0.09944985370635986,0.13207607221603393
129,0.10137829761505127,0.25540536451339724
130,0.1029099328994751,0.21897669887542726
131,0.09908424024581909,0.13176291942596435
132,0.10091541080474853,0.1278961787223816
133,0.09828185558319091,0.12545091676712036
134,0.0932671989440918,0.12106597089767455
135,0.0949695918083191,0.12246961688995361
136,0.09784309453964234,0.1263146677017212
137,0.09555524740219117,0.12479518556594849
138,0.09405227108001708,0.13639776515960694
139,0.09297894601821899,0.1451010661125183
140,0.09694551515579224,0.12888065576553345
141,0.09192628030776978,0.15578697872161865
