epoch,loss,val_loss
0,0.5490107586860656,0.4076020517349243
1,0.3977032876968384,0.3914240674972534
2,0.33604580783843996,0.3673515863418579
3,0.3139470060348511,0.24249433612823487
4,0.28998743467330934,0.22261096143722534
5,0.2710330304145813,0.21163157510757447
6,0.25379110441207886,0.4136856541633606
7,0.24603088293075562,0.28738717699050903
8,0.23497520809173583,0.18304558515548705
9,0.22602475547790526,0.18412302017211915
10,0.2205052554130554,0.2071773076057434
11,0.2108574383735657,0.36628219985961913
12,0.20264260082244873,0.2412817053794861
13,0.19800808191299438,0.22194675445556641
14,0.18477131147384643,0.14349761056900023
15,0.1861614972114563,0.6018294324874878
16,0.18688752946853637,0.16099016189575197
17,0.16800259141921997,0.12927156400680542
18,0.16663419275283814,0.12615440559387206
19,0.16354883422851563,0.12159820985794068
20,0.15406124153137207,0.24677044010162352
21,0.14968840160369873,0.10669498538970948
22,0.14629344081878662,0.13300305795669556
23,0.14392902517318726,0.10795952272415162
24,0.14061048669815063,0.18939022970199584
25,0.1352670340538025,0.10486564588546753
26,0.13364421672821045,0.11764244937896728
27,0.12826373615264894,0.12091377639770508
28,0.12623645811080933,0.11629391622543335
29,0.12338301239013671,0.19101570510864258
30,0.11810015544891357,0.11549709463119506
31,0.12266700611114502,0.0915920786857605
32,0.11770485401153565,0.11717109298706055
33,0.11612416162490845,0.11116628789901734
34,0.11413047275543213,0.10217019367218018
35,0.10900957870483398,0.12370575046539306
36,0.11000914134979248,0.1259380316734314
37,0.10723492069244385,0.16594994258880616
38,0.10743056268692017,0.07489475011825561
39,0.10011618595123291,0.09034129381179809
40,0.1009675121307373,0.23837714385986328
41,0.10053163661956788,0.2835544099807739
42,0.10089345874786378,0.10373249769210816
43,0.09394269437789916,0.07063283205032349
44,0.09284269704818726,0.08361485528945922
45,0.09510799722671509,0.22900512170791626
46,0.09291055736541748,0.18608465719223022
47,0.09083532953262329,0.10356764459609985
48,0.09145769834518433,0.09770682096481323
49,0.08984998559951782,0.0909596495628357
50,0.08957248191833496,0.07054447650909423
51,0.0854851071357727,0.07892701148986817
52,0.08682586278915405,0.09700995349884033
53,0.08464726543426514,0.09860993146896363
54,0.08407563276290894,0.06196058511734009
55,0.08527640905380249,0.09370522308349609
56,0.08122492046356201,0.135029203414917
57,0.08134715518951416,0.07057184076309204
58,0.08034711093902588,0.12281992435455322
59,0.08303013362884522,0.15484217071533204
60,0.07873058595657349,0.22713592195510865
61,0.07971463441848754,0.07902954864501953
62,0.07765130929946899,0.09267694091796876
63,0.0771338704109192,0.19888307332992552
64,0.07862433633804321,0.06511237764358521
65,0.0759724310874939,0.0766511526107788
66,0.07410197944641113,0.1145620789527893
67,0.07499671564102173,0.08168275642395019
68,0.07542624492645264,0.061240784168243405
69,0.07353170127868652,0.05690854835510254
70,0.07133287229537964,0.08110056257247925
71,0.07395219039916992,0.11866864538192749
72,0.07381186656951905,0.06345682477951049
73,0.07012690162658691,0.07377741050720214
74,0.07203263196945191,0.06182824563980103
75,0.06701545810699464,0.054069645404815674
76,0.06701338195800781,0.0775522255897522
77,0.07341227083206177,0.05097369813919067
78,0.06912769899368286,0.07543730688095093
79,0.06751858301162719,0.0968561053276062
80,0.06818502445220948,0.09707253313064575
81,0.06829304256439209,0.05668389129638672
82,0.06731739358901978,0.13445050573349
83,0.06841889457702637,0.06133736371994018
84,0.06719620866775512,0.05786420011520386
85,0.06514751949310303,0.09706375694274902
86,0.06750613079071045,0.08535740089416503
87,0.06591437320709229,0.09003182411193848
88,0.06311663513183594,0.06423405122756957
89,0.06432262945175171,0.06349530458450317
90,0.06354040622711182,0.09137271022796631
91,0.06423821697235108,0.090625319480896
92,0.06323696718215942,0.06650626373291016
93,0.06310285110473633,0.053616769313812256
94,0.06460228509902954,0.10509689044952393
95,0.061842225742340086,0.06530955362319946
96,0.06304756412506103,0.06658559370040894
97,0.062306967353820804,0.11397189378738404
