epoch,loss,val_loss
0,0.5553501405715943,0.3606899242401123
1,0.35150114154815676,0.25863633489608767
2,0.26889363927841187,0.2643832535743713
3,0.23002115564346312,0.17436436939239502
4,0.20864967536926268,0.19406903886795043
5,0.19641642532348633,0.27269458532333374
6,0.18894769468307496,0.1445906891822815
7,0.17621518516540527,0.2285681357383728
8,0.16709997835159301,0.14733393335342407
9,0.15934784240722658,0.11409241580963135
10,0.15460979499816896,0.14905434608459472
11,0.14329567098617554,0.10952508687973023
12,0.13532145128250123,0.11320295476913453
13,0.13485328788757325,0.12053398609161377
14,0.1298600389480591,0.09579945087432862
15,0.123178053855896,0.08554147577285767
16,0.11985160436630249,0.09571066904067993
17,0.11559401445388794,0.13272555875778197
18,0.11336778001785279,0.08371461248397827
19,0.10790395107269288,0.09780367708206177
20,0.10530299654006958,0.17637532711029053
21,0.09811005744934082,0.1338942265510559
22,0.10091655073165894,0.14543054723739623
23,0.09825169935226441,0.09816569042205811
24,0.09553532152175903,0.07064943552017212
25,0.09356936883926392,0.08606457138061524
26,0.09275307579040527,0.07023456573486328
27,0.08780835256576539,0.1864053521156311
28,0.08817553787231446,0.0721671814918518
29,0.08720360765457154,0.06352111339569091
30,0.08301509428024292,0.14626023769378663
31,0.08087932062149047,0.06198061800003052
32,0.08346065063476563,0.09125603914260864
33,0.07686040658950806,0.09543745946884155
34,0.07902498579025269,0.09021651124954223
35,0.0775836633682251,0.09460994148254395
36,0.07776283693313599,0.07534456825256347
37,0.07657875385284424,0.08005445146560669
38,0.07773161172866822,0.057777650356292724
39,0.0724071294784546,0.11930409812927247
40,0.0744833345413208,0.05754364252090454
41,0.07174773473739623,0.07559660053253174
42,0.07105131225585938,0.06323820114135742
43,0.06973294200897216,0.06149905252456665
44,0.06964469299316406,0.06084847736358642
45,0.07123397798538209,0.08090239334106446
46,0.0709271053314209,0.09599816036224365
47,0.06534216737747192,0.06504090595245361
48,0.06579452075958252,0.06304109144210815
49,0.06662367448806762,0.06529685926437379
50,0.06677331619262696,0.0621844744682312
51,0.06468841943740845,0.07096841192245483
52,0.06454881582260132,0.053760169506073
53,0.0655543345451355,0.07215430927276612
54,0.06473857545852661,0.08703883981704712
55,0.06221455316543579,0.0575615496635437
56,0.06324004507064819,0.08096380996704101
57,0.06191892890930176,0.08512892484664918
58,0.06383108224868775,0.05411342763900757
59,0.06024467658996582,0.068800537109375
60,0.06149886140823364,0.07512783813476563
61,0.06156573123931885,0.07663102531433105
62,0.06026527900695801,0.057333810806274414
63,0.05923800640106201,0.05744791412353516
64,0.05895521926879883,0.08282796525955201
65,0.05889848747253418,0.06543147659301758
66,0.05949223070144653,0.07706193590164184
67,0.05797468967437744,0.05734905672073364
68,0.05750805034637451,0.1577765974998474
69,0.059958466815948484,0.05570528507232666
70,0.0553595251083374,0.09097339391708374
71,0.0581170557975769,0.07352249097824097
72,0.055998980140686036,0.10322416925430297
