epoch,loss,val_loss
0,0.6126696100234985,0.4721396613121033
1,0.3729590185165405,0.23969041204452515
2,0.2663949538230896,0.3220771164894104
3,0.22929009895324706,0.17389828300476073
4,0.21144001359939577,0.20421111536026001
5,0.19820480127334594,0.14174835157394408
6,0.18314059581756592,0.21845169925689698
7,0.18360655002593995,0.31698544883728025
8,0.17091659803390502,0.14106074142456054
9,0.17216372890472412,0.14095055198669434
10,0.1604167018890381,0.1875714387893677
11,0.15081664848327636,0.11437900495529175
12,0.1487984727859497,0.19393308782577515
13,0.14361262283325196,0.14003117847442628
14,0.13996819620132447,0.1432963638305664
15,0.14119502658843994,0.11982579231262207
16,0.12933767213821412,0.10242562866210937
17,0.12773338232040404,0.09307060289382935
18,0.12000250644683838,0.09228576707839965
19,0.1258945601463318,0.10241910600662231
20,0.12420021343231201,0.09113084268569946
21,0.12302188501358033,0.08524352788925171
22,0.1137220609664917,0.2518348751068115
23,0.11558315591812134,0.15175287008285523
24,0.113033083152771,0.11225092458724975
25,0.10941965732574463,0.07947412776947022
26,0.10783157587051391,0.09227048444747925
27,0.10775539617538452,0.08174420928955078
28,0.10415773401260375,0.07860203886032105
29,0.10221940259933472,0.0932428879737854
30,0.1005902325630188,0.1600033016204834
31,0.09864335107803344,0.08588242769241333
32,0.09971640281677246,0.13015525674819947
33,0.09983212757110596,0.09726910638809204
34,0.09693274784088135,0.07610212755203247
35,0.09452934951782227,0.08271191358566284
36,0.09182415266036988,0.16296730136871337
37,0.09345721006393433,0.08449071788787842
38,0.08936709527969361,0.14085826539993287
39,0.08870306453704833,0.08724506759643555
40,0.08822776746749877,0.1271146731376648
41,0.09096232633590698,0.08595940065383911
42,0.08776513633728027,0.1764911208152771
43,0.08779248600006104,0.07209503841400146
44,0.08668476495742798,0.08691933298110963
45,0.08801829929351807,0.07215747928619384
46,0.08249982814788819,0.15190151500701904
47,0.08266200304031372,0.17017760467529297
48,0.0847667350769043,0.08571568059921264
49,0.0829283411026001,0.07552538919448852
50,0.08075155324935913,0.06668685674667359
51,0.07936258735656739,0.0723476586341858
52,0.08078260984420776,0.07465571117401124
53,0.08254009180068969,0.11118275690078736
54,0.07802299671173096,0.09701318550109864
55,0.07841090612411498,0.07092907285690307
56,0.07643799982070923,0.08192929458618164
57,0.07898568964004517,0.06857855129241944
58,0.07626014204025268,0.08806009578704833
59,0.07792735738754272,0.08600252342224121
60,0.0751223783493042,0.07282917070388793
61,0.07571801919937134,0.3046489448547363
62,0.08086820087432861,0.07842597103118897
63,0.07556134910583497,0.06670485734939575
64,0.07332703170776367,0.07654885816574096
65,0.07595638122558594,0.12879021501541138
66,0.07477944936752319,0.10710050678253173
