epoch,loss,val_loss
0,0.714210301208496,0.43582973957061766
1,0.33172540149688723,0.19284128618240357
2,0.15552260789871217,0.1113620400428772
3,0.11574806394577027,0.12599834299087526
4,0.10008626365661621,0.08896652936935424
5,0.08768797979354859,0.05724234056472778
6,0.07596400289535522,0.062151324272155764
7,0.06933131809234619,0.0833985767364502
8,0.06436356201171875,0.059647711277008054
9,0.0612483901977539,0.07475220489501953
10,0.05300989446640015,0.28345428133010864
11,0.05649548931121826,0.03720955896377563
12,0.04576778507232666,0.03604119682312012
13,0.04883459320068359,0.03186156272888183
14,0.04394833288192749,0.03605091381072998
15,0.04232728261947632,0.037749189376831055
16,0.0412220290184021,0.030050861835479736
17,0.03713481483459473,0.030850302696228026
18,0.03922760963439941,0.02673565435409546
19,0.037994405460357664,0.045101985931396485
20,0.034382330894470216,0.028240445137023926
21,0.036347694873809816,0.030026916980743407
22,0.03341873903274536,0.028125298023223878
23,0.034087674140930176,0.09203584337234497
24,0.03358875246047974,0.044153080463409426
25,0.030736593532562254,0.023422462463378906
26,0.03038435068130493,0.08210580968856812
27,0.029503118896484375,0.04907799863815308
28,0.03022954511642456,0.022516408920288087
29,0.02668084077835083,0.02026654243469238
30,0.026665398597717285,0.036649945735931395
31,0.028557305526733398,0.027725730419158937
32,0.026193102455139162,0.022217239379882812
33,0.027630966567993163,0.022116031169891356
34,0.027418657112121582,0.023320012092590332
35,0.026590867519378662,0.02238154983520508
36,0.02446996831893921,0.018959864616394043
37,0.025121441078186035,0.0192233304977417
38,0.023540019989013672,0.019828360557556154
39,0.021558400917053223,0.019151495456695557
40,0.026287632942199705,0.02110720443725586
41,0.02290149736404419,0.03422156763076782
42,0.023276772022247313,0.016812748432159425
43,0.02209440221786499,0.017614835262298584
44,0.021224353981018067,0.01878107261657715
45,0.023200649547576904,0.01657120370864868
46,0.020577703380584716,0.018474299430847167
47,0.021296465587615967,0.1940388422012329
48,0.024526653480529785,0.016266953468322753
49,0.021406138610839842,0.019971472263336183
50,0.019389996528625487,0.018585246562957763
51,0.020695452117919923,0.018831317901611327
52,0.019358595085144044,0.01606264591217041
53,0.018435505962371826,0.019031203269958497
54,0.021480900192260743,0.019585784435272216
55,0.019903958225250245,0.016569595813751222
56,0.019495468330383302,0.020090423107147218
57,0.01903222074508667,0.01660304927825928
58,0.020047481918334963,0.020387392520904542
59,0.017452305221557617,0.014409306049346924
60,0.019157774066925048,0.015191104888916016
61,0.016127667903900147,0.1382773928642273
62,0.02056752939224243,0.017501256942749024
63,0.017885373210906982,0.018478635787963868
64,0.015759370136260987,0.030633038520812988
65,0.01746263084411621,0.013664841175079346
66,0.01779959087371826,0.03298088884353638
67,0.013448816967010498,0.025488300800323486
68,0.01825438222885132,0.014249253749847412
69,0.016986773681640626,0.05848073148727417
70,0.016181799602508543,0.012746468544006347
71,0.015517634582519532,0.015488384246826171
72,0.01710761604309082,0.013481967926025391
73,0.016030806732177733,0.01573401927947998
74,0.014258326721191407,0.0214130802154541
75,0.014490839672088623,0.015847246170043947
76,0.017100811672210694,0.012683937549591065
77,0.013883598804473877,0.01542054557800293
78,0.014937872123718261,0.02022580862045288
79,0.01576993055343628,0.014241090774536133
80,0.015372885608673096,0.08573033571243287
81,0.014410928058624267,0.033080973625183106
82,0.013714426326751709,0.01323822259902954
83,0.0151576416015625,0.014307979583740235
84,0.013147318172454833,0.01276035451889038
85,0.016187041187286377,0.06983209609985351
86,0.013892038536071778,0.011434661388397218
87,0.012756707859039306,0.011994687080383301
88,0.013932421398162842,0.013843139171600342
89,0.013413604068756104,0.022692657470703124
90,0.01371988468170166,0.017450862884521485
91,0.01281482048034668,0.011562293529510497
92,0.014712330913543702,0.013725270271301269
93,0.01233486738204956,0.012548409938812255
94,0.011872096920013427,0.01655218267440796
95,0.013058347034454345,0.011046178340911865
96,0.012204267501831055,0.011461185932159423
97,0.013789794445037841,0.011334251880645753
98,0.013809056949615478,0.012137697219848633
99,0.01292621841430664,0.011852712154388427
100,0.012481723594665527,0.013106504440307616
101,0.011751199531555175,0.015482641696929932
102,0.011016215324401855,0.011409252643585206
103,0.012627822971343993,0.012289687633514405
104,0.01255130033493042,0.014420921325683594
105,0.012247156524658203,0.01315372085571289
106,0.010714229393005372,0.03855381298065186
107,0.012700614547729493,0.012286513328552247
108,0.01178794116973877,0.013797688961029052
109,0.01157869758605957,0.012229462623596192
110,0.01080336103439331,0.014084999084472655
111,0.011856015491485596,0.010224839210510255
112,0.011245823001861572,0.01243824577331543
113,0.011847336387634277,0.0220782151222229
114,0.011766057682037354,0.010247047901153564
115,0.011263145923614501,0.013610822677612305
116,0.011855776214599609,0.022222486972808837
117,0.010669337558746338,0.03807600784301758
118,0.012630685234069823,0.021279213905334472
119,0.010670269012451172,0.018459641933441163
120,0.010761557197570801,0.010508585929870605
121,0.011031484603881836,0.01110534906387329
122,0.009665153694152832,0.010359358310699463
123,0.009537507820129394,0.010680660724639893
124,0.01133734712600708,0.010071362972259522
125,0.010709749507904053,0.009998478412628175
126,0.011821252918243408,0.01058297300338745
127,0.009931603240966798,0.013487802982330323
128,0.010291788864135742,0.01137277889251709
129,0.011380587577819824,0.04393374061584473
130,0.010160991573333741,0.013215378761291504
131,0.008926648235321044,0.010140354156494141
132,0.009800621128082275,0.07307342910766601
133,0.012620574569702149,0.013033073425292968
134,0.008833757400512695,0.009659905910491944
135,0.01000999755859375,0.016743946075439452
136,0.009965193367004395,0.016934109687805177
137,0.009744557857513427,0.01240351915359497
138,0.008762074565887451,0.009379816055297852
139,0.008378517055511474,0.009888442993164062
140,0.009670593929290771,0.012430457592010499
141,0.008813267707824706,0.010108490943908692
142,0.010057960605621337,0.010777724742889403
143,0.00977646713256836,0.009667259216308594
144,0.008211683559417725,0.009499913215637206
145,0.011705152797698975,0.011025705337524415
146,0.008199267673492432,0.010651977062225341
147,0.010014536666870117,0.00977431344985962
148,0.009777939796447754,0.00970400047302246
149,0.008732455921173096,0.011368706226348876
150,0.008092273712158203,0.008990066528320313
151,0.007680104541778565,0.015074653625488281
152,0.009287886714935302,0.009746460437774659
153,0.008880729866027831,0.009120465755462647
154,0.010830465316772462,0.010674954414367676
155,0.00883285093307495,0.017491086483001708
156,0.009483553504943848,0.009907363414764404
157,0.008220131301879883,0.016969825744628905
158,0.008713977432250976,0.022281832218170167
159,0.008308070278167724,0.010428071975708008
160,0.00902705249786377,0.01572556734085083
161,0.008445452117919921,0.010166479587554931
162,0.007616350936889648,0.01037101411819458
163,0.00848844165802002,0.00978019666671753
164,0.00884896821975708,0.00898857307434082
165,0.009221358013153077,0.009140342712402343
166,0.007414467430114746,0.019439098358154296
167,0.0096047194480896,0.02437050199508667
168,0.009397204303741455,0.01215448808670044
169,0.009009901428222656,0.009012370109558106
170,0.00719533863067627,0.008640459060668945
171,0.007131929779052734,0.009556761264801025
172,0.008688446521759033,0.013465295791625977
173,0.00905377311706543,0.011166052341461181
174,0.007637497329711914,0.00993334722518921
175,0.007211853790283203,0.008481449127197265
176,0.00792188425064087,0.009190031051635742
177,0.006824023532867432,0.03132215404510498
178,0.008263820934295655,0.008684593200683594
179,0.007092794227600098,0.008882230758666992
180,0.007844999694824219,0.009766558647155761
181,0.008233965301513671,0.008832480907440186
182,0.007770866298675537,0.010027115821838378
183,0.008868985652923584,0.00851746940612793
184,0.00657559757232666,0.009201113700866698
185,0.006349381065368653,0.008764616966247559
186,0.006869747638702393,0.008605780601501465
187,0.008769676113128662,0.008754839897155762
188,0.007018179702758789,0.015314548015594483
189,0.008129702663421631,0.011613334655761719
190,0.006721734619140625,0.009016580581665039
191,0.007812702655792236,0.009157327175140381
192,0.007221704483032227,0.011467255115509034
193,0.00935182981491089,0.009294196128845215
194,0.007475169277191162,0.009238032817840577
195,0.007229198265075684,0.00820215368270874
196,0.008418607711791991,0.010708969116210937
197,0.007285775947570801,0.012632627964019776
198,0.006992682361602783,0.009183898448944091
199,0.0067902693748474125,0.009482425212860107
200,0.007718910026550293,0.016005127906799317
201,0.007969204807281494,0.00865318250656128
202,0.00784962854385376,0.009720123767852784
203,0.006576079082489013,0.009510168552398682
204,0.006676799488067627,0.008843368053436279
205,0.006654208469390869,0.008110441684722901
206,0.007379364395141602,0.009128297328948974
207,0.006919147872924805,0.008535339832305908
208,0.007404475593566894,0.008313466548919677
209,0.00786024055480957,0.013298617362976075
210,0.006978695106506348,0.008188466548919677
211,0.005904547500610351,0.00801505708694458
212,0.00664554500579834,0.0101008563041687
213,0.007609591770172119,0.008082450866699219
214,0.005837238693237305,0.009435704231262207
215,0.006565628623962402,0.01030773162841797
216,0.007057746315002442,0.007983745098114014
217,0.007249407291412354,0.008980533599853516
218,0.006063694381713867,0.01784349775314331
219,0.007604353427886963,0.008698008060455321
220,0.0061036280632019045,0.007909518718719482
221,0.006644025135040283,0.010104836940765381
222,0.007215772247314453,0.010023079395294189
223,0.005782814693450928,0.008248616218566894
224,0.006263721656799316,0.012832315921783447
225,0.007932270050048828,0.009068604469299316
226,0.0075739212989807125,0.014527108669281006
227,0.005940322494506836,0.007874273777008056
228,0.006544993495941162,0.008465366840362549
229,0.006415063858032226,0.009476091861724854
230,0.0062376096725463865,0.007830048084259033
231,0.006269217014312744,0.019035614490509032
232,0.0071252915382385255,0.007924089431762696
233,0.005796726894378662,0.00864689540863037
234,0.0062120485305786136,0.019719886302948
235,0.00655782299041748,0.008424200057983399
236,0.006153056812286377,0.009872002601623535
237,0.006297382640838623,0.008111061096191407
238,0.007160511684417724,0.007898266792297364
239,0.00551146821975708,0.008786425113677979
240,0.006281705188751221,0.008318694114685058
241,0.005496056365966797,0.009902321815490722
242,0.007731328296661377,0.008091673851013184
243,0.005944306755065918,0.008915154457092286
244,0.007978221797943115,0.009496471405029298
245,0.005960701560974121,0.008906022548675537
246,0.00613607759475708,0.007991557598114013
247,0.005479973888397217,0.008106992721557618
248,0.0053265946388244625,0.008006961345672607
249,0.0055007561683654786,0.007573991775512695
250,0.005858849239349365,0.0075837793350219725
251,0.005785349559783936,0.02115391826629639
252,0.006212017154693604,0.007908015727996827
253,0.005660793781280518,0.007584200382232666
254,0.005479176139831543,0.009063775539398194
255,0.005186668491363526,0.012646547317504883
256,0.009165690326690673,0.007812530994415283
257,0.005429853630065918,0.0085158052444458
258,0.006088466358184814,0.008015474796295167
259,0.005287582492828369,0.013203895092010498
260,0.00706260232925415,0.013441967964172363
261,0.005458754062652588,0.0075273003578186035
262,0.005195704555511474,0.008073010444641114
263,0.006173600959777832,0.007617783069610595
264,0.005922257232666016,0.008051301002502441
265,0.0056858515739440915,0.014278744220733643
266,0.007411556911468506,0.008316093921661378
267,0.005249846649169922,0.007522903442382813
268,0.005006947803497314,0.007527937412261963
269,0.0057875011444091795,0.00813864278793335
270,0.005084431457519531,0.007494006633758545
271,0.005258670043945313,0.007451595306396485
272,0.005053196430206299,0.00741136360168457
273,0.005340002059936524,0.007392094612121582
274,0.005075551319122315,0.03472674703598023
275,0.0070929874420166015,0.007411360263824463
276,0.005242179393768311,0.008427183628082275
277,0.005802675056457519,0.008132701396942138
278,0.006057273483276367,0.0074500303268432615
279,0.007517339420318603,0.0074355130195617675
280,0.0051134185791015625,0.007460219860076904
281,0.005085749626159668,0.007942957878112793
282,0.005648828411102295,0.0074217386245727535
283,0.005550064086914062,0.07421095705032349
284,0.00763078784942627,0.008018307685852051
285,0.00536427640914917,0.0125963397026062
286,0.006634554672241211,0.010335038661956788
287,0.005004767227172852,0.007453461647033691
288,0.0053627726554870605,0.007971978664398194
289,0.005217569828033447,0.0073029851913452145
290,0.004975532245635986,0.00851679801940918
291,0.005573536396026611,0.010670391082763672
292,0.006627854633331299,0.010158392429351806
293,0.006042681789398194,0.007473904132843018
294,0.005147254753112793,0.008668179035186768
295,0.006065635395050049,0.007647039413452149
296,0.005095298194885254,0.007857339859008789
297,0.00503996639251709,0.007514358997344971
298,0.004931875038146973,0.007816295146942138
299,0.00625129623413086,0.0073932986259460445
300,0.005800312709808349,0.007467154502868652
301,0.0048960538864135745,0.00773361873626709
302,0.00477170352935791,0.007565781116485596
303,0.005903605556488037,0.009171316623687744
304,0.006536929416656494,0.011578571796417237
305,0.005336202907562256,0.007803614616394043
306,0.004749112033843994,0.007553089618682862
307,0.005181524848937988,0.007145083427429199
308,0.00574357852935791,0.007126438617706299
309,0.004730133152008056,0.007343101978302002
310,0.004982645893096924,0.007319992065429688
311,0.0048567469596862796,0.007491244792938233
312,0.004954013633728028,0.008213534832000732
313,0.004915073680877686,0.007040582656860352
314,0.005363800525665283,0.007140734672546387
315,0.004748003578186035,0.007189776420593262
316,0.005511945247650147,0.009459205627441406
317,0.00545583667755127,0.007260016918182373
318,0.004767695331573486,0.007440694332122803
319,0.0061756540298461915,0.007199466228485107
320,0.004662252616882324,0.00966228723526001
321,0.00604466381072998,0.007456399440765381
322,0.004888549995422363,0.008084405422210693
323,0.005384904193878174,0.008820173263549804
324,0.004946932697296143,0.007800477981567383
325,0.004979985427856446,0.007039510726928711
326,0.004526359367370605,0.0074377450942993166
327,0.0047869608879089354,0.00762684440612793
328,0.004482819080352783,0.007292611122131348
329,0.006063161277770996,0.007490817070007324
330,0.004826284885406494,0.007114823818206787
331,0.005647097587585449,0.007090965270996094
332,0.005061459255218506,0.007712662220001221
333,0.0044505475997924804,0.007914025783538819
334,0.005030072498321533,0.006990216255187988
335,0.0049920814514160155,0.010833348751068115
336,0.005065451431274414,0.007084082126617432
337,0.004614640522003174,0.006938556671142578
338,0.004398809623718262,0.007030616760253907
339,0.005854259204864502,0.007330504417419434
340,0.004485781288146973,0.009921135425567627
341,0.007466501426696777,0.007392238140106202
342,0.004813778209686279,0.007427781581878662
343,0.005489908027648926,0.0070518779754638675
344,0.004465228939056397,0.006888784885406494
345,0.004350227928161621,0.00729746150970459
346,0.004425347042083741,0.007689676284790039
347,0.006611911010742187,0.013155916213989257
348,0.005563430213928223,0.007134557247161865
349,0.004385253620147705,0.006866436958312988
350,0.005721375942230224,0.007209151268005371
351,0.004292300510406494,0.00700352668762207
352,0.004717611694335938,0.007026666164398193
353,0.005246893882751465,0.007925457000732421
354,0.005118137168884277,0.007892865180969239
355,0.004615054702758789,0.0072544169425964354
356,0.004495966911315918,0.007025559902191162
357,0.004380501079559326,0.006890721797943115
358,0.00444499568939209,0.008387692928314209
359,0.004486886978149414,0.006864037036895752
360,0.0049934606552124025,0.007404906749725342
361,0.004506491565704346,0.006965242385864258
362,0.005152764797210693,0.007303448677062988
363,0.0041932473182678225,0.006770286083221435
364,0.004306882667541504,0.007045734405517578
365,0.0042932029724121095,0.01593568706512451
366,0.006164568901062012,0.007159581661224365
367,0.004408043384552002,0.006923181056976318
368,0.004321253967285156,0.00870792293548584
369,0.005208722686767578,0.0070122284889221195
370,0.0044991708755493165,0.006855883121490478
371,0.004670496368408203,0.015317157745361328
372,0.004554034233093262,0.006882169723510742
373,0.004976092147827149,0.007075522899627686
374,0.004349298191070557,0.007768081188201904
375,0.004590634632110595,0.007361173152923584
376,0.004699289417266846,0.007352913856506348
377,0.0048672588348388675,0.00704811143875122
378,0.004185953998565674,0.006682376861572265
379,0.005527096748352051,0.006754769325256348
380,0.004220975303649902,0.023200382232666017
381,0.004782120895385742,0.006761198043823242
382,0.004157046699523926,0.006766778469085693
383,0.004369224071502685,0.006750627517700196
384,0.004898091983795166,0.010567385196685791
385,0.004490952682495117,0.0067876181602478025
386,0.004345823574066162,0.00695356035232544
387,0.0040648439407348635,0.0068236360549926755
388,0.004342269992828369,0.007408027648925781
389,0.0043985990524291994,0.006911603450775147
390,0.004457194232940674,0.006816623210906983
391,0.004210680675506592,0.006840192317962647
392,0.004276945400238037,0.00726842212677002
393,0.004895246887207032,0.009629884719848632
394,0.004437211799621582,0.006693601131439209
395,0.004195648193359375,0.006819267749786377
396,0.005621205520629883,0.006731762886047364
397,0.004340942287445068,0.0068719396591186525
398,0.004133437061309814,0.006670643806457519
399,0.004267056655883789,0.006960421085357666
400,0.004144718265533447,0.024013923168182374
401,0.008896036529541016,0.006818725109100342
402,0.004166774845123291,0.006767908573150635
403,0.003952699470520019,0.006646237373352051
404,0.003972055816650391,0.006579790115356445
405,0.004152288722991944,0.007216398239135742
406,0.003935042762756347,0.006944972038269043
407,0.00394149694442749,0.006648308277130127
408,0.0049382321357727054,0.006728738784790039
409,0.004463447666168213,0.006589154720306397
410,0.004252175998687744,0.0067881388664245606
411,0.004514527034759522,0.006599712371826172
412,0.004011868667602539,0.006651275157928467
413,0.004275111770629883,0.007444417476654053
414,0.00637573070526123,0.007015450477600098
415,0.004281197071075439,0.008058311939239502
416,0.004555704021453858,0.0071029338836669925
417,0.004218169689178467,0.007211102485656738
418,0.004054806709289551,0.00652880859375
419,0.004489166450500489,0.006680943489074707
420,0.003884855842590332,0.006607378482818603
421,0.003976621818542481,0.006923690795898437
422,0.003939195442199707,0.008429045200347901
423,0.004879433917999268,0.006576870918273926
424,0.004037525844573974,0.0066940712928771975
425,0.0039179743766784665,0.006502805233001709
426,0.004811410045623779,0.031118896007537842
427,0.005104541969299317,0.006840210437774658
428,0.004122097396850586,0.006588987350463867
429,0.004837218093872071,0.006557438850402832
430,0.003897932529449463,0.007616847991943359
431,0.004171046829223633,0.006504631042480469
432,0.0038445981025695803,0.0065610666275024414
433,0.003950063419342041,0.006808309555053711
434,0.005616036224365234,0.0066440458297729495
435,0.004345848751068115,0.007335662841796875
436,0.003883726692199707,0.006587020874023438
437,0.00406922435760498,0.006710489273071289
438,0.004950022411346435,0.007350268363952636
439,0.005234966278076172,0.0066401176452636716
440,0.0038135128021240233,0.006553767681121826
441,0.004079177379608155,0.00649948501586914
442,0.0039905686378479,0.008858377933502198
443,0.004050770664215088,0.00736631965637207
444,0.006932963466644287,0.006619717597961426
445,0.003850727653503418,0.00646508264541626
446,0.004191232109069824,0.006906755924224853
447,0.00431343297958374,0.0066282453536987305
448,0.003896871566772461,0.006896218776702881
449,0.003960023784637451,0.006490972518920899
450,0.0038497668266296386,0.007359160423278809
451,0.004085894584655762,0.007094767570495606
452,0.0038729945182800294,0.037864286422729494
453,0.005260629558563232,0.006848145484924317
454,0.0037698704719543456,0.007643813610076904
455,0.00382816219329834,0.006469295024871826
456,0.003726703643798828,0.006505227088928223
457,0.004053537273406982,0.006514068603515625
458,0.004052065277099609,0.006747512817382812
459,0.003962201309204102,0.0064635777473449705
460,0.0038603875160217287,0.008219107627868653
461,0.0040866349220275875,0.00653942346572876
462,0.005453894519805908,0.0065436320304870605
463,0.00404657039642334,0.007011838436126709
464,0.004639034748077393,0.006619573593139649
465,0.005256788063049317,0.006683306217193603
466,0.0037236788749694825,0.006484100341796875
467,0.003960763740539551,0.006396342277526856
468,0.003680768585205078,0.006418441295623779
469,0.004354227256774902,0.00660771656036377
470,0.0043686126708984375,0.006517865180969238
471,0.0039351819038391115,0.0063477811813354495
472,0.0037266135215759276,0.006382292270660401
473,0.003730991840362549,0.00859922456741333
474,0.003761474323272705,0.006342682838439941
475,0.003945367622375488,0.00639678144454956
476,0.004103562831878662,0.006312219142913819
477,0.003914624881744384,0.0063786935806274415
478,0.0040736702919006345,0.006569371700286865
479,0.005045958328247071,0.006353266716003418
480,0.003630753231048584,0.006389113426208496
481,0.0037887185096740724,0.0096616473197937
482,0.004179438304901123,0.006713704109191894
483,0.004051408195495605,0.00642397928237915
484,0.004148557472229004,0.006544696807861328
485,0.004569670963287353,0.006559355735778809
486,0.0036798750877380373,0.006653167724609375
487,0.0036174859046936036,0.006293240070343017
488,0.003666005229949951,0.007146239280700684
489,0.0036516077995300293,0.006449460506439209
490,0.004025341606140136,0.00638671875
491,0.0041636258125305175,0.0066364755630493166
492,0.003935032558441162,0.006527036190032959
493,0.0036330721855163573,0.006440698146820068
494,0.003619039058685303,0.006565058231353759
495,0.0035444025039672853,0.0062829341888427735
496,0.006338703918457031,0.006754215240478516
497,0.003611608409881592,0.0063261609077453615
498,0.004176199054718018,0.006328024387359619
499,0.0036700422286987306,0.006360004901885987
500,0.0035281431198120115,0.00634211254119873
501,0.0038489943504333496,0.006272844791412354
502,0.003511607837677002,0.006528236389160156
503,0.0038661864280700683,0.009435736179351806
504,0.003782768630981445,0.006209628105163574
505,0.003736525344848633,0.006253758430480957
506,0.0036787357330322267,0.006450905323028565
507,0.004829057502746582,0.00627330493927002
508,0.003568430042266846,0.006520358562469483
509,0.003564849853515625,0.006696249485015869
510,0.0037694658279418944,0.007786980628967285
511,0.0035086859703063965,0.006873270511627197
512,0.0039761590957641604,0.0064081263542175295
513,0.003818198394775391,0.006343870162963867
514,0.004328360080718994,0.007352982521057129
515,0.004050442886352539,0.0070598812103271485
516,0.003910404109954834,0.006444217681884766
517,0.0037986528396606444,0.00736516809463501
518,0.0037257294654846193,0.006262646198272705
519,0.0037660479545593263,0.006277600765228272
520,0.0035994422912597654,0.006328287124633789
521,0.0036878897666931154,0.007153332233428955
522,0.003795333480834961,0.007085994720458984
523,0.003738351058959961,0.006279153823852539
524,0.0035326863288879396,0.017690251350402832
