epoch,loss,val_loss
0,0.643283411026001,0.42216581869125364
1,0.28742422790527344,0.14075612688064576
2,0.13496451349258423,0.4481577844619751
3,0.10471998519897462,0.06072827911376953
4,0.08127328701019287,0.0731853837966919
5,0.07688674440383911,0.04494960451126099
6,0.0641494668006897,0.07295987367630005
7,0.058078549766540526,0.05092318820953369
8,0.054777777671813965,0.04106047391891479
9,0.05090253973007202,0.034740646839141846
10,0.04698473272323608,0.04517623424530029
11,0.04602567358016968,0.02923033094406128
12,0.043827315616607666,0.04249205112457275
13,0.03832206659317017,0.07097780179977417
14,0.039642806053161624,0.024847497940063478
15,0.03725429668426514,0.024989744663238524
16,0.035528666877746584,0.03548725652694702
17,0.030982275009155274,0.061645634651184084
18,0.030709278011322023,0.06392846345901489
19,0.03297242622375488,0.021649242877960204
20,0.027693359279632568,0.08436482095718384
21,0.029356867504119873,0.03046999740600586
22,0.026811178970336913,0.01879838752746582
23,0.02504170970916748,0.018138705730438232
24,0.026848127841949464,0.022657450199127196
25,0.02491117134094238,0.01824640703201294
26,0.02334033145904541,0.018478941440582274
27,0.02184697456359863,0.06581067705154418
28,0.02347011594772339,0.04814866161346436
29,0.023165176010131835,0.018540287971496584
30,0.021195364093780516,0.017378792762756348
31,0.02070140600204468,0.01574464464187622
32,0.021405073261260985,0.018538361072540283
33,0.02026665439605713,0.015815319538116455
34,0.01876420087814331,0.016419740200042724
35,0.01912674322128296,0.036934998989105225
36,0.01902761516571045,0.014628141880035401
37,0.019810440826416014,0.02278110074996948
38,0.017777697944641114,0.015023472785949708
39,0.017157273197174073,0.017323309898376466
40,0.016534180355072023,0.0230385947227478
41,0.01641138849258423,0.0138103609085083
42,0.016708030319213866,0.023983418941497803
43,0.016684261226654052,0.017214499473571777
44,0.015753230476379394,0.04111183023452759
45,0.01611395950317383,0.011875483512878418
46,0.0151236985206604,0.012466698646545411
47,0.014866511535644531,0.13190323448181152
48,0.021720518207550048,0.014572580337524415
49,0.01373708152770996,0.02604073429107666
50,0.01577116184234619,0.011529585361480714
51,0.014703105926513672,0.013327670097351075
52,0.013629814720153809,0.011085901260375976
53,0.014076080322265625,0.013582157611846923
54,0.012435799503326416,0.014939926624298095
55,0.013625659084320068,0.013164538383483887
56,0.013076562213897705,0.011790139675140381
57,0.014825935459136963,0.018580489635467528
58,0.013557638549804688,0.012691278457641602
59,0.011421780395507812,0.013166059017181396
60,0.014970758533477783,0.010375688076019287
61,0.012562486553192139,0.012494240283966064
62,0.012542557048797608,0.010636786460876464
63,0.012306489944458009,0.01768179225921631
64,0.012631221961975098,0.01170361328125
65,0.01152376356124878,0.015663156509399413
66,0.012298807811737061,0.0223940691947937
67,0.01173163080215454,0.011224774360656739
68,0.011717484188079833,0.02717297077178955
