epoch,loss,val_loss
0,0.5753943859100342,0.4060202226638794
1,0.3076780360221863,0.20989281749725341
2,0.21037144403457642,0.20070647764205932
3,0.17876999444961547,0.21354236268997193
4,0.1639172727584839,0.1524628348350525
5,0.14959141359329223,0.37108177852630614
6,0.13724594230651854,0.10741434526443482
7,0.13377200307846068,0.18902242517471313
8,0.12710030040740966,0.14077528142929077
9,0.11984024801254273,0.09848743104934693
10,0.11777004728317261,0.17404390716552734
11,0.11217738981246948,0.22030302810668945
12,0.10976942148208618,0.09200566148757934
13,0.10168043298721313,0.08886392259597778
14,0.10479755201339722,0.08803214836120606
15,0.09746301918029786,0.08843252801895142
16,0.09654219741821289,0.08047311162948609
17,0.09420538730621338,0.09263864088058471
18,0.09079508991241456,0.07845894718170165
19,0.08917627191543578,0.08583740520477295
20,0.09151529026031494,0.08530947780609131
21,0.08861541109085083,0.08252900552749634
22,0.0861656801223755,0.07580408000946046
23,0.08462706613540649,0.1346687479019165
24,0.08334400243759155,0.09750328493118286
25,0.08489336977005005,0.08019082403182984
26,0.08056736278533935,0.12509054279327392
27,0.08132382287979126,0.08198529481887817
28,0.08111913814544677,0.16582563304901124
29,0.08137641363143922,0.0808534026145935
30,0.08119631948471069,0.12673748922348022
31,0.07786198902130127,0.1313716940879822
32,0.07869286451339721,0.07039208602905274
33,0.0791616605758667,0.09991407728195191
34,0.07552667837142944,0.08557623291015624
35,0.0760034411430359,0.07156597471237183
36,0.07478556833267212,0.07747877645492554
37,0.07501922035217286,0.07508363342285156
38,0.07393548364639282,0.07198968648910523
39,0.07234687414169312,0.06269880390167236
40,0.0739904462814331,0.06502469110488891
41,0.07164043684005737,0.09733325958251954
42,0.07143063097000123,0.0731483097076416
43,0.07032824220657348,0.06732737684249877
44,0.07201692838668823,0.07970389318466187
45,0.07084164447784423,0.07143420743942261
46,0.06963779201507568,0.06483476829528809
47,0.06871577167510987,0.11455311775207519
48,0.06898371887207032,0.06468728637695312
49,0.0699315510749817,0.06996678924560547
50,0.06734981479644775,0.07173663234710694
51,0.06965430040359497,0.06427150869369506
52,0.06911474485397338,0.06288596725463867
53,0.06732311925888061,0.0730400333404541
54,0.06636381912231445,0.07678055334091187
55,0.06627368803024292,0.05903525495529175
56,0.06729862174987793,0.0758937816619873
57,0.0655255651473999,0.1227958950996399
58,0.06612324838638306,0.06492116594314576
59,0.0655612226486206,0.06475787258148194
60,0.0653155837059021,0.13590504598617553
61,0.0665238151550293,0.06162403821945191
62,0.06380163278579712,0.07044250440597534
63,0.06484458732604981,0.08172603988647462
64,0.06383916063308716,0.06699987697601319
65,0.061730983543396,0.061805988311767576
66,0.06505744457244873,0.06027842521667481
67,0.06359632749557495,0.05940409803390503
68,0.06251600494384765,0.08527077627182007
69,0.06474627628326415,0.06180286264419556
70,0.06292357387542724,0.06763535594940186
71,0.06365384635925293,0.09871774196624755
